2023-03-24 15:06:37.542215: I tensorflow/stream_executor/platform/default/dso_loader.cc:49] Successfully opened dynamic library libcudart.so.11.0
[get_model] Running wfo
[get_model] Finished running wfo
[get_model] Running wfo
[get_model] Finished running wfo
[get_model] Running smooth
[get_model] Finished running smooth
[get_model] Running wfo
[get_model] Finished running wfo
[get_model] Running smooth
[get_model] Finished running smooth
[get_model] Running wfo
[get_model] Finished running wfo
[get_model] Running wfo
[get_model] Finished running wfo
Beta: -37636284.77063941  | Score: 0.797752808988764
[get_model] Running wfo
[get_model] Finished running wfo
Beta: -54863040.89687955  | Score: 0.797752808988764
[get_model] Running smooth
[get_model] Finished running smooth
[get_model] Running wfo
[get_model] Finished running wfo
Beta: -59062586.77878593  | Score: 0.797752808988764
[get_model] Running smooth
[get_model] Finished running smooth
[get_model] Running wfo
[get_model] Finished running wfo
Beta: -356301352164.7346  | Score: 0.797752808988764
Beta: -7353978749802.75  | Score: 0.5096525096525096
Accuracy: 0.797752808988764
Time: 0.7832381725311279
