running: {'--uuid': 'c8f3b6c4cf045ca8a7712f4bc59532a8', '-db-root': '/home/ryedida/bbo_challenge_starter_kit/output', '--opt-root': '/home/ryedida/bbo_challenge_starter_kit/example_submissions', '--data-root': None, '--db': 'run_20230426_000722', '--opt': 'random-search', '--data': 'diabetes', '--classifier': 'MLP-adam', '--metric': 'mse', '--calls': 15, '--suggestions': 1, '--jobs-file': None, '--verbose': False, 'dry_run': False, 'rev': 'a376313', 'opt_rev': '0.0.8'}
cmd: python random-search/optimizer.py -c MLP-adam -d diabetes -o random-search -u c8f3b6c4cf045ca8a7712f4bc59532a8 -m mse -n 15 -p 1 -dir /home/ryedida/bbo_challenge_starter_kit/output -b run_20230426_000722
/home/ryedida/.local/lib/python3.9/site-packages/sklearn/neural_network/_multilayer_perceptron.py:605: UserWarning: Got `batch_size` less than 1 or larger than sample size. It is going to be clipped
  warnings.warn(

/home/ryedida/.local/lib/python3.9/site-packages/sklearn/neural_network/_multilayer_perceptron.py:605: UserWarning: Got `batch_size` less than 1 or larger than sample size. It is going to be clipped
  warnings.warn(

/home/ryedida/.local/lib/python3.9/site-packages/sklearn/neural_network/_multilayer_perceptron.py:605: UserWarning: Got `batch_size` less than 1 or larger than sample size. It is going to be clipped
  warnings.warn(

/home/ryedida/.local/lib/python3.9/site-packages/sklearn/neural_network/_multilayer_perceptron.py:686: ConvergenceWarning: Stochastic Optimizer: Maximum iterations (200) reached and the optimization hasn't converged yet.
  warnings.warn(

/home/ryedida/.local/lib/python3.9/site-packages/sklearn/neural_network/_multilayer_perceptron.py:605: UserWarning: Got `batch_size` less than 1 or larger than sample size. It is going to be clipped
  warnings.warn(

/home/ryedida/.local/lib/python3.9/site-packages/sklearn/neural_network/_multilayer_perceptron.py:686: ConvergenceWarning: Stochastic Optimizer: Maximum iterations (200) reached and the optimization hasn't converged yet.
  warnings.warn(

computed signature: ([{'alpha': 0.019628224813442792, 'batch_size': 182, 'beta_1': 0.9410202200271762, 'beta_2': 0.9998021557676793, 'epsilon': 1.8662266976518e-08, 'hidden_layer_sizes': 147, 'learning_rate_init': 0.0005627932047415167, 'tol': 0.03690557729213761, 'validation_fraction': 0.8846827852548593}, {'alpha': 0.0019982467392329444, 'batch_size': 200, 'beta_1': 0.919111482530466, 'beta_2': 0.9998488260436156, 'epsilon': 5.981221901152555e-07, 'hidden_layer_sizes': 61, 'learning_rate_init': 2.2310905607443014e-05, 'tol': 1.2046852412030316e-05, 'validation_fraction': 0.8117896445826539}, {'alpha': 0.46659545670218433, 'batch_size': 219, 'beta_1': 0.9889789783750891, 'beta_2': 0.9999896868093284, 'epsilon': 2.4234724484675948e-08, 'hidden_layer_sizes': 167, 'learning_rate_init': 2.972334644335654e-05, 'tol': 0.0036281404040243792, 'validation_fraction': 0.17260651658522078}, {'alpha': 4.656005689076002, 'batch_size': 135, 'beta_1': 0.870503881627747, 'beta_2': 0.9948873266941017, 'epsilon': 2.1023308743480125e-07, 'hidden_layer_sizes': 118, 'learning_rate_init': 0.0018781738757161913, 'tol': 1.1889379831773004e-05, 'validation_fraction': 0.6264327093752792}, {'alpha': 0.04705159350400542, 'batch_size': 158, 'beta_1': 0.9870884262730957, 'beta_2': 0.9999596874382349, 'epsilon': 1.1981845126013875e-08, 'hidden_layer_sizes': 116, 'learning_rate_init': 0.00617340520407431, 'tol': 1.741413418158619e-05, 'validation_fraction': 0.6754299026638921}], [29083.993548572587, 29062.423277324073, 29075.78987471409, 24626.32866834337, 9584.226858493177])
Signature errors:
                              0         1         2         3         4       max
MLP-adam_diabetes_mse  0.000007  0.000008  0.000003  0.003558  0.004952  0.004952
max                    0.000007  0.000008  0.000003  0.003558  0.004952  0.004952
starting sklearn study random-search MLP-adam diabetes mse 15 1
with data root: None
suggestion time taken 0.002506 iter 0 next_points [{'alpha': 1.3884423730798843e-05, 'batch_size': 155, 'beta_1': 0.9881362107721576, 'beta_2': 0.999988130688696, 'epsilon': 1.4402426488852812e-08, 'hidden_layer_sizes': 130, 'learning_rate_init': 0.03503678433507962, 'tol': 5.29717164494718e-05, 'validation_fraction': 0.8131598316869796}]
/home/ryedida/.local/lib/python3.9/site-packages/sklearn/neural_network/_multilayer_perceptron.py:605: UserWarning: Got `batch_size` less than 1 or larger than sample size. It is going to be clipped
  warnings.warn(

function_evaluation time 0.232851 value 4234.223419 suggestion {'alpha': 1.3884423730798843e-05, 'batch_size': 155, 'beta_1': 0.9881362107721576, 'beta_2': 0.999988130688696, 'epsilon': 1.4402426488852812e-08, 'hidden_layer_sizes': 130, 'learning_rate_init': 0.03503678433507962, 'tol': 5.29717164494718e-05, 'validation_fraction': 0.8131598316869796}
observation time 0.000007, current best 4234.223419 at iter 0
suggestion time taken 0.002525 iter 1 next_points [{'alpha': 1.5428961661282085e-05, 'batch_size': 71, 'beta_1': 0.635719517453431, 'beta_2': 0.9991706750698784, 'epsilon': 1.91146579784221e-09, 'hidden_layer_sizes': 118, 'learning_rate_init': 0.018700474491164683, 'tol': 0.00015068179144739317, 'validation_fraction': 0.20084452434527492}]
function_evaluation time 0.547779 value 2933.061552 suggestion {'alpha': 1.5428961661282085e-05, 'batch_size': 71, 'beta_1': 0.635719517453431, 'beta_2': 0.9991706750698784, 'epsilon': 1.91146579784221e-09, 'hidden_layer_sizes': 118, 'learning_rate_init': 0.018700474491164683, 'tol': 0.00015068179144739317, 'validation_fraction': 0.20084452434527492}
observation time 0.000005, current best 2933.061552 at iter 1
suggestion time taken 0.002830 iter 2 next_points [{'alpha': 2.7094661977379107e-05, 'batch_size': 248, 'beta_1': 0.9887452181430121, 'beta_2': 0.9996645241930319, 'epsilon': 4.245688190439042e-09, 'hidden_layer_sizes': 59, 'learning_rate_init': 0.07250171143388676, 'tol': 0.00345625480681286, 'validation_fraction': 0.8280088930814284}]
/home/ryedida/.local/lib/python3.9/site-packages/sklearn/neural_network/_multilayer_perceptron.py:605: UserWarning: Got `batch_size` less than 1 or larger than sample size. It is going to be clipped
  warnings.warn(

function_evaluation time 0.145879 value 4262.096795 suggestion {'alpha': 2.7094661977379107e-05, 'batch_size': 248, 'beta_1': 0.9887452181430121, 'beta_2': 0.9996645241930319, 'epsilon': 4.245688190439042e-09, 'hidden_layer_sizes': 59, 'learning_rate_init': 0.07250171143388676, 'tol': 0.00345625480681286, 'validation_fraction': 0.8280088930814284}
observation time 0.000005, current best 2933.061552 at iter 2
suggestion time taken 0.002497 iter 3 next_points [{'alpha': 0.1625264667793799, 'batch_size': 54, 'beta_1': 0.9886739026033243, 'beta_2': 0.9995689593082652, 'epsilon': 1.039557325099736e-07, 'hidden_layer_sizes': 149, 'learning_rate_init': 0.004204683244005013, 'tol': 0.015590886655729318, 'validation_fraction': 0.5335143463374374}]
function_evaluation time 0.430964 value 18595.776497 suggestion {'alpha': 0.1625264667793799, 'batch_size': 54, 'beta_1': 0.9886739026033243, 'beta_2': 0.9995689593082652, 'epsilon': 1.039557325099736e-07, 'hidden_layer_sizes': 149, 'learning_rate_init': 0.004204683244005013, 'tol': 0.015590886655729318, 'validation_fraction': 0.5335143463374374}
observation time 0.000005, current best 2933.061552 at iter 3
suggestion time taken 0.002489 iter 4 next_points [{'alpha': 1.7014491550828, 'batch_size': 16, 'beta_1': 0.6272473149164238, 'beta_2': 0.9999794434519756, 'epsilon': 1.0993270157494378e-09, 'hidden_layer_sizes': 140, 'learning_rate_init': 0.015544471173039014, 'tol': 1.7727078574030137e-05, 'validation_fraction': 0.4599968834891209}]
function_evaluation time 1.157896 value 2977.403708 suggestion {'alpha': 1.7014491550828, 'batch_size': 16, 'beta_1': 0.6272473149164238, 'beta_2': 0.9999794434519756, 'epsilon': 1.0993270157494378e-09, 'hidden_layer_sizes': 140, 'learning_rate_init': 0.015544471173039014, 'tol': 1.7727078574030137e-05, 'validation_fraction': 0.4599968834891209}
observation time 0.000005, current best 2933.061552 at iter 4
suggestion time taken 0.002501 iter 5 next_points [{'alpha': 2.2215197868325315e-05, 'batch_size': 113, 'beta_1': 0.5108964500977754, 'beta_2': 0.9995279962521284, 'epsilon': 1.1843531140947018e-07, 'hidden_layer_sizes': 134, 'learning_rate_init': 0.00011682656141932724, 'tol': 0.0013768890620091323, 'validation_fraction': 0.8238521439390055}]
/home/ryedida/.local/lib/python3.9/site-packages/sklearn/neural_network/_multilayer_perceptron.py:605: UserWarning: Got `batch_size` less than 1 or larger than sample size. It is going to be clipped
  warnings.warn(

function_evaluation time 0.051971 value 29125.071110 suggestion {'alpha': 2.2215197868325315e-05, 'batch_size': 113, 'beta_1': 0.5108964500977754, 'beta_2': 0.9995279962521284, 'epsilon': 1.1843531140947018e-07, 'hidden_layer_sizes': 134, 'learning_rate_init': 0.00011682656141932724, 'tol': 0.0013768890620091323, 'validation_fraction': 0.8238521439390055}
observation time 0.000005, current best 2933.061552 at iter 5
suggestion time taken 0.002757 iter 6 next_points [{'alpha': 0.01236299633726339, 'batch_size': 203, 'beta_1': 0.9891177316008957, 'beta_2': 0.999841067940411, 'epsilon': 5.332193116790971e-07, 'hidden_layer_sizes': 129, 'learning_rate_init': 1.807541837947388e-05, 'tol': 0.0014245964019114676, 'validation_fraction': 0.8336473827039185}]
/home/ryedida/.local/lib/python3.9/site-packages/sklearn/neural_network/_multilayer_perceptron.py:605: UserWarning: Got `batch_size` less than 1 or larger than sample size. It is going to be clipped
  warnings.warn(

function_evaluation time 0.050395 value 29128.443440 suggestion {'alpha': 0.01236299633726339, 'batch_size': 203, 'beta_1': 0.9891177316008957, 'beta_2': 0.999841067940411, 'epsilon': 5.332193116790971e-07, 'hidden_layer_sizes': 129, 'learning_rate_init': 1.807541837947388e-05, 'tol': 0.0014245964019114676, 'validation_fraction': 0.8336473827039185}
observation time 0.000004, current best 2933.061552 at iter 6
suggestion time taken 0.002471 iter 7 next_points [{'alpha': 0.22449695606984232, 'batch_size': 68, 'beta_1': 0.9351476367259554, 'beta_2': 0.9992460359175899, 'epsilon': 3.4021621323758644e-08, 'hidden_layer_sizes': 170, 'learning_rate_init': 0.0424201292684062, 'tol': 4.4089401393026894e-05, 'validation_fraction': 0.35330423932055244}]
function_evaluation time 0.671191 value 2973.675311 suggestion {'alpha': 0.22449695606984232, 'batch_size': 68, 'beta_1': 0.9351476367259554, 'beta_2': 0.9992460359175899, 'epsilon': 3.4021621323758644e-08, 'hidden_layer_sizes': 170, 'learning_rate_init': 0.0424201292684062, 'tol': 4.4089401393026894e-05, 'validation_fraction': 0.35330423932055244}
observation time 0.000005, current best 2933.061552 at iter 7
suggestion time taken 0.002686 iter 8 next_points [{'alpha': 0.04408486013822561, 'batch_size': 186, 'beta_1': 0.8927466116803812, 'beta_2': 0.9988028920775055, 'epsilon': 1.1966576945244092e-07, 'hidden_layer_sizes': 193, 'learning_rate_init': 2.624804082015624e-05, 'tol': 5.805027707828799e-05, 'validation_fraction': 0.12260797509102489}]
function_evaluation time 0.748410 value 29106.747945 suggestion {'alpha': 0.04408486013822561, 'batch_size': 186, 'beta_1': 0.8927466116803812, 'beta_2': 0.9988028920775055, 'epsilon': 1.1966576945244092e-07, 'hidden_layer_sizes': 193, 'learning_rate_init': 2.624804082015624e-05, 'tol': 5.805027707828799e-05, 'validation_fraction': 0.12260797509102489}
observation time 0.000004, current best 2933.061552 at iter 8
suggestion time taken 0.002422 iter 9 next_points [{'alpha': 0.0025401812993419894, 'batch_size': 137, 'beta_1': 0.9623414896315795, 'beta_2': 0.9958308677098537, 'epsilon': 1.47248136437469e-07, 'hidden_layer_sizes': 177, 'learning_rate_init': 5.198361850099664e-05, 'tol': 0.007007922053327427, 'validation_fraction': 0.13988197049657983}]
function_evaluation time 0.095217 value 29133.281719 suggestion {'alpha': 0.0025401812993419894, 'batch_size': 137, 'beta_1': 0.9623414896315795, 'beta_2': 0.9958308677098537, 'epsilon': 1.47248136437469e-07, 'hidden_layer_sizes': 177, 'learning_rate_init': 5.198361850099664e-05, 'tol': 0.007007922053327427, 'validation_fraction': 0.13988197049657983}
observation time 0.000005, current best 2933.061552 at iter 9
suggestion time taken 0.002459 iter 10 next_points [{'alpha': 0.0004831486068433917, 'batch_size': 81, 'beta_1': 0.9618387606097156, 'beta_2': 0.9418222774211851, 'epsilon': 2.977833673741539e-08, 'hidden_layer_sizes': 114, 'learning_rate_init': 0.0012668066462525904, 'tol': 0.019363040880768647, 'validation_fraction': 0.867092138201168}]
/home/ryedida/.local/lib/python3.9/site-packages/sklearn/neural_network/_multilayer_perceptron.py:605: UserWarning: Got `batch_size` less than 1 or larger than sample size. It is going to be clipped
  warnings.warn(

function_evaluation time 0.048966 value 29106.194708 suggestion {'alpha': 0.0004831486068433917, 'batch_size': 81, 'beta_1': 0.9618387606097156, 'beta_2': 0.9418222774211851, 'epsilon': 2.977833673741539e-08, 'hidden_layer_sizes': 114, 'learning_rate_init': 0.0012668066462525904, 'tol': 0.019363040880768647, 'validation_fraction': 0.867092138201168}
observation time 0.000004, current best 2933.061552 at iter 10
suggestion time taken 0.002478 iter 11 next_points [{'alpha': 9.704165084486826e-05, 'batch_size': 54, 'beta_1': 0.5862690719397319, 'beta_2': 0.9614852448461594, 'epsilon': 1.3015227873686894e-08, 'hidden_layer_sizes': 71, 'learning_rate_init': 0.022941068698177518, 'tol': 2.719650117159597e-05, 'validation_fraction': 0.8095959613940471}]
/home/ryedida/.local/lib/python3.9/site-packages/sklearn/neural_network/_multilayer_perceptron.py:686: ConvergenceWarning: Stochastic Optimizer: Maximum iterations (200) reached and the optimization hasn't converged yet.
  warnings.warn(

function_evaluation time 0.632831 value 3206.693798 suggestion {'alpha': 9.704165084486826e-05, 'batch_size': 54, 'beta_1': 0.5862690719397319, 'beta_2': 0.9614852448461594, 'epsilon': 1.3015227873686894e-08, 'hidden_layer_sizes': 71, 'learning_rate_init': 0.022941068698177518, 'tol': 2.719650117159597e-05, 'validation_fraction': 0.8095959613940471}
observation time 0.000005, current best 2933.061552 at iter 11
suggestion time taken 0.002426 iter 12 next_points [{'alpha': 0.015143150114579236, 'batch_size': 106, 'beta_1': 0.7308681007117918, 'beta_2': 0.9999977013249698, 'epsilon': 7.191386909774437e-08, 'hidden_layer_sizes': 105, 'learning_rate_init': 0.00010965589505275035, 'tol': 3.588222874335898e-05, 'validation_fraction': 0.8343575962609994}]
/home/ryedida/.local/lib/python3.9/site-packages/sklearn/neural_network/_multilayer_perceptron.py:605: UserWarning: Got `batch_size` less than 1 or larger than sample size. It is going to be clipped
  warnings.warn(

/home/ryedida/.local/lib/python3.9/site-packages/sklearn/neural_network/_multilayer_perceptron.py:686: ConvergenceWarning: Stochastic Optimizer: Maximum iterations (200) reached and the optimization hasn't converged yet.
  warnings.warn(

function_evaluation time 0.657110 value 29022.873216 suggestion {'alpha': 0.015143150114579236, 'batch_size': 106, 'beta_1': 0.7308681007117918, 'beta_2': 0.9999977013249698, 'epsilon': 7.191386909774437e-08, 'hidden_layer_sizes': 105, 'learning_rate_init': 0.00010965589505275035, 'tol': 3.588222874335898e-05, 'validation_fraction': 0.8343575962609994}
observation time 0.000004, current best 2933.061552 at iter 12
suggestion time taken 0.002424 iter 13 next_points [{'alpha': 1.3671823413428896, 'batch_size': 49, 'beta_1': 0.9686041918659161, 'beta_2': 0.9999986905068196, 'epsilon': 5.616443008611583e-07, 'hidden_layer_sizes': 198, 'learning_rate_init': 0.0002619433787787582, 'tol': 0.03405605237435331, 'validation_fraction': 0.33317821713076573}]
function_evaluation time 0.115060 value 29058.230924 suggestion {'alpha': 1.3671823413428896, 'batch_size': 49, 'beta_1': 0.9686041918659161, 'beta_2': 0.9999986905068196, 'epsilon': 5.616443008611583e-07, 'hidden_layer_sizes': 198, 'learning_rate_init': 0.0002619433787787582, 'tol': 0.03405605237435331, 'validation_fraction': 0.33317821713076573}
observation time 0.000004, current best 2933.061552 at iter 13
suggestion time taken 0.002689 iter 14 next_points [{'alpha': 0.006300249452625222, 'batch_size': 44, 'beta_1': 0.9338324090829699, 'beta_2': 0.999946938990569, 'epsilon': 2.7651671399182487e-08, 'hidden_layer_sizes': 88, 'learning_rate_init': 0.0003410828598487972, 'tol': 0.0018096183088044632, 'validation_fraction': 0.17665847970110782}]
function_evaluation time 0.077154 value 29035.999103 suggestion {'alpha': 0.006300249452625222, 'batch_size': 44, 'beta_1': 0.9338324090829699, 'beta_2': 0.999946938990569, 'epsilon': 2.7651671399182487e-08, 'hidden_layer_sizes': 88, 'learning_rate_init': 0.0003410828598487972, 'tol': 0.0018096183088044632, 'validation_fraction': 0.17665847970110782}
observation time 0.000004, current best 2933.061552 at iter 14
saving meta data: {'args': {'--uuid': 'c8f3b6c4cf045ca8a7712f4bc59532a8', '-db-root': '/home/ryedida/bbo_challenge_starter_kit/output', '--opt-root': '/home/ryedida/bbo_challenge_starter_kit/example_submissions', '--data-root': None, '--db': 'run_20230426_000722', '--opt': 'random-search', '--data': 'diabetes', '--classifier': 'MLP-adam', '--metric': 'mse', '--calls': 15, '--suggestions': 1, '--jobs-file': None, '--verbose': False, 'dry_run': False, 'rev': 'a376313', 'opt_rev': '0.0.8'}, 'signature': ([{'alpha': 0.019628224813442792, 'batch_size': 182, 'beta_1': 0.9410202200271762, 'beta_2': 0.9998021557676793, 'epsilon': 1.8662266976518e-08, 'hidden_layer_sizes': 147, 'learning_rate_init': 0.0005627932047415167, 'tol': 0.03690557729213761, 'validation_fraction': 0.8846827852548593}, {'alpha': 0.0019982467392329444, 'batch_size': 200, 'beta_1': 0.919111482530466, 'beta_2': 0.9998488260436156, 'epsilon': 5.981221901152555e-07, 'hidden_layer_sizes': 61, 'learning_rate_init': 2.2310905607443014e-05, 'tol': 1.2046852412030316e-05, 'validation_fraction': 0.8117896445826539}, {'alpha': 0.46659545670218433, 'batch_size': 219, 'beta_1': 0.9889789783750891, 'beta_2': 0.9999896868093284, 'epsilon': 2.4234724484675948e-08, 'hidden_layer_sizes': 167, 'learning_rate_init': 2.972334644335654e-05, 'tol': 0.0036281404040243792, 'validation_fraction': 0.17260651658522078}, {'alpha': 4.656005689076002, 'batch_size': 135, 'beta_1': 0.870503881627747, 'beta_2': 0.9948873266941017, 'epsilon': 2.1023308743480125e-07, 'hidden_layer_sizes': 118, 'learning_rate_init': 0.0018781738757161913, 'tol': 1.1889379831773004e-05, 'validation_fraction': 0.6264327093752792}, {'alpha': 0.04705159350400542, 'batch_size': 158, 'beta_1': 0.9870884262730957, 'beta_2': 0.9999596874382349, 'epsilon': 1.1981845126013875e-08, 'hidden_layer_sizes': 116, 'learning_rate_init': 0.00617340520407431, 'tol': 1.741413418158619e-05, 'validation_fraction': 0.6754299026638921}], [29083.993548572587, 29062.423277324073, 29075.78987471409, 24626.32866834337, 9584.226858493177])}
saving results
saving timing
saving suggest log
done
