running: {'--uuid': '4f45ed6b5baa530c998b2aeb6df064bd', '-db-root': '/home/ryedida/bbo_challenge_starter_kit/output', '--opt-root': '/home/ryedida/bbo_challenge_starter_kit/example_submissions', '--data-root': None, '--db': 'run_20230408_050539', '--opt': 'random-search', '--data': 'diabetes', '--classifier': 'MLP-adam', '--metric': 'mse', '--calls': 15, '--suggestions': 1, '--jobs-file': None, '--verbose': False, 'dry_run': False, 'rev': 'a376313', 'opt_rev': '0.0.8'}
cmd: python random-search/optimizer.py -c MLP-adam -d diabetes -o random-search -u 4f45ed6b5baa530c998b2aeb6df064bd -m mse -n 15 -p 1 -dir /home/ryedida/bbo_challenge_starter_kit/output -b run_20230408_050539
/home/ryedida/.local/lib/python3.9/site-packages/sklearn/neural_network/_multilayer_perceptron.py:605: UserWarning: Got `batch_size` less than 1 or larger than sample size. It is going to be clipped
  warnings.warn(

/home/ryedida/.local/lib/python3.9/site-packages/sklearn/neural_network/_multilayer_perceptron.py:605: UserWarning: Got `batch_size` less than 1 or larger than sample size. It is going to be clipped
  warnings.warn(

/home/ryedida/.local/lib/python3.9/site-packages/sklearn/neural_network/_multilayer_perceptron.py:605: UserWarning: Got `batch_size` less than 1 or larger than sample size. It is going to be clipped
  warnings.warn(

/home/ryedida/.local/lib/python3.9/site-packages/sklearn/neural_network/_multilayer_perceptron.py:686: ConvergenceWarning: Stochastic Optimizer: Maximum iterations (200) reached and the optimization hasn't converged yet.
  warnings.warn(

/home/ryedida/.local/lib/python3.9/site-packages/sklearn/neural_network/_multilayer_perceptron.py:605: UserWarning: Got `batch_size` less than 1 or larger than sample size. It is going to be clipped
  warnings.warn(

/home/ryedida/.local/lib/python3.9/site-packages/sklearn/neural_network/_multilayer_perceptron.py:686: ConvergenceWarning: Stochastic Optimizer: Maximum iterations (200) reached and the optimization hasn't converged yet.
  warnings.warn(

computed signature: ([{'alpha': 0.019628224813442792, 'batch_size': 182, 'beta_1': 0.9410202200271762, 'beta_2': 0.9998021557676793, 'epsilon': 1.8662266976518e-08, 'hidden_layer_sizes': 147, 'learning_rate_init': 0.0005627932047415167, 'tol': 0.03690557729213761, 'validation_fraction': 0.8846827852548593}, {'alpha': 0.0019982467392329444, 'batch_size': 200, 'beta_1': 0.919111482530466, 'beta_2': 0.9998488260436156, 'epsilon': 5.981221901152555e-07, 'hidden_layer_sizes': 61, 'learning_rate_init': 2.2310905607443014e-05, 'tol': 1.2046852412030316e-05, 'validation_fraction': 0.8117896445826539}, {'alpha': 0.46659545670218433, 'batch_size': 219, 'beta_1': 0.9889789783750891, 'beta_2': 0.9999896868093284, 'epsilon': 2.4234724484675948e-08, 'hidden_layer_sizes': 167, 'learning_rate_init': 2.972334644335654e-05, 'tol': 0.0036281404040243792, 'validation_fraction': 0.17260651658522078}, {'alpha': 4.656005689076002, 'batch_size': 135, 'beta_1': 0.870503881627747, 'beta_2': 0.9948873266941017, 'epsilon': 2.1023308743480125e-07, 'hidden_layer_sizes': 118, 'learning_rate_init': 0.0018781738757161913, 'tol': 1.1889379831773004e-05, 'validation_fraction': 0.6264327093752792}, {'alpha': 0.04705159350400542, 'batch_size': 158, 'beta_1': 0.9870884262730957, 'beta_2': 0.9999596874382349, 'epsilon': 1.1981845126013875e-08, 'hidden_layer_sizes': 116, 'learning_rate_init': 0.00617340520407431, 'tol': 1.741413418158619e-05, 'validation_fraction': 0.6754299026638921}], [29083.993548572587, 29062.423277324073, 29075.78987471409, 24626.32866834337, 9584.226858493177])
Signature errors:
                              0         1         2         3         4       max
MLP-adam_diabetes_mse  0.000007  0.000008  0.000003  0.003558  0.004952  0.004952
max                    0.000007  0.000008  0.000003  0.003558  0.004952  0.004952
starting sklearn study random-search MLP-adam diabetes mse 15 1
with data root: None
suggestion time taken 0.002499 iter 0 next_points [{'alpha': 0.00015158628764776135, 'batch_size': 45, 'beta_1': 0.6710064618397058, 'beta_2': 0.9996797237488513, 'epsilon': 1.3120380184256303e-09, 'hidden_layer_sizes': 198, 'learning_rate_init': 0.0030814187930352397, 'tol': 0.00021213660323134574, 'validation_fraction': 0.5969185009374816}]
/home/ryedida/.local/lib/python3.9/site-packages/sklearn/neural_network/_multilayer_perceptron.py:686: ConvergenceWarning: Stochastic Optimizer: Maximum iterations (200) reached and the optimization hasn't converged yet.
  warnings.warn(

function_evaluation time 1.413344 value 3476.931111 suggestion {'alpha': 0.00015158628764776135, 'batch_size': 45, 'beta_1': 0.6710064618397058, 'beta_2': 0.9996797237488513, 'epsilon': 1.3120380184256303e-09, 'hidden_layer_sizes': 198, 'learning_rate_init': 0.0030814187930352397, 'tol': 0.00021213660323134574, 'validation_fraction': 0.5969185009374816}
observation time 0.000007, current best 3476.931111 at iter 0
suggestion time taken 0.002613 iter 1 next_points [{'alpha': 0.004888279689860848, 'batch_size': 140, 'beta_1': 0.8931796583445683, 'beta_2': 0.9993171069031958, 'epsilon': 3.0275377247917004e-07, 'hidden_layer_sizes': 156, 'learning_rate_init': 5.277762994668097e-05, 'tol': 0.0010092044860498114, 'validation_fraction': 0.4323749596234337}]
function_evaluation time 0.080958 value 29096.077407 suggestion {'alpha': 0.004888279689860848, 'batch_size': 140, 'beta_1': 0.8931796583445683, 'beta_2': 0.9993171069031958, 'epsilon': 3.0275377247917004e-07, 'hidden_layer_sizes': 156, 'learning_rate_init': 5.277762994668097e-05, 'tol': 0.0010092044860498114, 'validation_fraction': 0.4323749596234337}
observation time 0.000005, current best 3476.931111 at iter 1
suggestion time taken 0.002507 iter 2 next_points [{'alpha': 1.293820745951402, 'batch_size': 143, 'beta_1': 0.8654173197775316, 'beta_2': 0.9986477055517125, 'epsilon': 8.65043421102081e-08, 'hidden_layer_sizes': 150, 'learning_rate_init': 0.037111892446170996, 'tol': 0.00021851219367347252, 'validation_fraction': 0.7805824549542677}]
/home/ryedida/.local/lib/python3.9/site-packages/sklearn/neural_network/_multilayer_perceptron.py:605: UserWarning: Got `batch_size` less than 1 or larger than sample size. It is going to be clipped
  warnings.warn(

function_evaluation time 0.371689 value 3263.169625 suggestion {'alpha': 1.293820745951402, 'batch_size': 143, 'beta_1': 0.8654173197775316, 'beta_2': 0.9986477055517125, 'epsilon': 8.65043421102081e-08, 'hidden_layer_sizes': 150, 'learning_rate_init': 0.037111892446170996, 'tol': 0.00021851219367347252, 'validation_fraction': 0.7805824549542677}
observation time 0.000005, current best 3263.169625 at iter 2
suggestion time taken 0.002519 iter 3 next_points [{'alpha': 0.004834624017886379, 'batch_size': 68, 'beta_1': 0.7327616912827857, 'beta_2': 0.9944849034331198, 'epsilon': 1.0106510758292535e-09, 'hidden_layer_sizes': 51, 'learning_rate_init': 0.0008102625461963207, 'tol': 0.07802162850889013, 'validation_fraction': 0.5869046921991983}]
function_evaluation time 0.048403 value 29052.377666 suggestion {'alpha': 0.004834624017886379, 'batch_size': 68, 'beta_1': 0.7327616912827857, 'beta_2': 0.9944849034331198, 'epsilon': 1.0106510758292535e-09, 'hidden_layer_sizes': 51, 'learning_rate_init': 0.0008102625461963207, 'tol': 0.07802162850889013, 'validation_fraction': 0.5869046921991983}
observation time 0.000005, current best 3263.169625 at iter 3
suggestion time taken 0.002531 iter 4 next_points [{'alpha': 0.0030419535829521024, 'batch_size': 157, 'beta_1': 0.706536031067109, 'beta_2': 0.9911653627373923, 'epsilon': 3.129184692783472e-08, 'hidden_layer_sizes': 98, 'learning_rate_init': 0.00021041420950067597, 'tol': 0.00010211030844594009, 'validation_fraction': 0.13020674622767645}]
/home/ryedida/.local/lib/python3.9/site-packages/sklearn/neural_network/_multilayer_perceptron.py:686: ConvergenceWarning: Stochastic Optimizer: Maximum iterations (200) reached and the optimization hasn't converged yet.
  warnings.warn(

function_evaluation time 1.082951 value 28757.657730 suggestion {'alpha': 0.0030419535829521024, 'batch_size': 157, 'beta_1': 0.706536031067109, 'beta_2': 0.9911653627373923, 'epsilon': 3.129184692783472e-08, 'hidden_layer_sizes': 98, 'learning_rate_init': 0.00021041420950067597, 'tol': 0.00010211030844594009, 'validation_fraction': 0.13020674622767645}
observation time 0.000004, current best 3263.169625 at iter 4
suggestion time taken 0.002660 iter 5 next_points [{'alpha': 0.00046736752989773084, 'batch_size': 76, 'beta_1': 0.5691585032716721, 'beta_2': 0.9686335485611668, 'epsilon': 1.0479718229660098e-09, 'hidden_layer_sizes': 70, 'learning_rate_init': 0.0026097919884611673, 'tol': 3.086418440395333e-05, 'validation_fraction': 0.5884587491185073}]
/home/ryedida/.local/lib/python3.9/site-packages/sklearn/neural_network/_multilayer_perceptron.py:686: ConvergenceWarning: Stochastic Optimizer: Maximum iterations (200) reached and the optimization hasn't converged yet.
  warnings.warn(

function_evaluation time 0.877638 value 15876.114684 suggestion {'alpha': 0.00046736752989773084, 'batch_size': 76, 'beta_1': 0.5691585032716721, 'beta_2': 0.9686335485611668, 'epsilon': 1.0479718229660098e-09, 'hidden_layer_sizes': 70, 'learning_rate_init': 0.0026097919884611673, 'tol': 3.086418440395333e-05, 'validation_fraction': 0.5884587491185073}
observation time 0.000005, current best 3263.169625 at iter 5
suggestion time taken 0.002509 iter 6 next_points [{'alpha': 0.0007254830179346968, 'batch_size': 83, 'beta_1': 0.9811132276048415, 'beta_2': 0.9999902421752114, 'epsilon': 9.951739895196411e-08, 'hidden_layer_sizes': 149, 'learning_rate_init': 0.00012508421954823053, 'tol': 0.051810211253270524, 'validation_fraction': 0.23109410004019604}]
function_evaluation time 0.100564 value 29108.628130 suggestion {'alpha': 0.0007254830179346968, 'batch_size': 83, 'beta_1': 0.9811132276048415, 'beta_2': 0.9999902421752114, 'epsilon': 9.951739895196411e-08, 'hidden_layer_sizes': 149, 'learning_rate_init': 0.00012508421954823053, 'tol': 0.051810211253270524, 'validation_fraction': 0.23109410004019604}
observation time 0.000004, current best 3263.169625 at iter 6
suggestion time taken 0.002489 iter 7 next_points [{'alpha': 0.11618461241804247, 'batch_size': 56, 'beta_1': 0.9244747497803463, 'beta_2': 0.9999840887910663, 'epsilon': 1.014703438711439e-09, 'hidden_layer_sizes': 144, 'learning_rate_init': 0.04435696588481214, 'tol': 0.0046847409610180964, 'validation_fraction': 0.1603919689880389}]
function_evaluation time 0.239081 value 2913.784564 suggestion {'alpha': 0.11618461241804247, 'batch_size': 56, 'beta_1': 0.9244747497803463, 'beta_2': 0.9999840887910663, 'epsilon': 1.014703438711439e-09, 'hidden_layer_sizes': 144, 'learning_rate_init': 0.04435696588481214, 'tol': 0.0046847409610180964, 'validation_fraction': 0.1603919689880389}
observation time 0.000004, current best 2913.784564 at iter 7
suggestion time taken 0.002804 iter 8 next_points [{'alpha': 2.04558880228346, 'batch_size': 218, 'beta_1': 0.9714131377398347, 'beta_2': 0.9449787068795559, 'epsilon': 6.055066740444707e-08, 'hidden_layer_sizes': 177, 'learning_rate_init': 3.165813873588138e-05, 'tol': 0.0003452714005918057, 'validation_fraction': 0.7269010470391195}]
/home/ryedida/.local/lib/python3.9/site-packages/sklearn/neural_network/_multilayer_perceptron.py:605: UserWarning: Got `batch_size` less than 1 or larger than sample size. It is going to be clipped
  warnings.warn(

function_evaluation time 0.061484 value 29123.821217 suggestion {'alpha': 2.04558880228346, 'batch_size': 218, 'beta_1': 0.9714131377398347, 'beta_2': 0.9449787068795559, 'epsilon': 6.055066740444707e-08, 'hidden_layer_sizes': 177, 'learning_rate_init': 3.165813873588138e-05, 'tol': 0.0003452714005918057, 'validation_fraction': 0.7269010470391195}
observation time 0.000004, current best 2913.784564 at iter 8
suggestion time taken 0.002477 iter 9 next_points [{'alpha': 3.819427257167252e-05, 'batch_size': 116, 'beta_1': 0.9502315135949921, 'beta_2': 0.9992515595821166, 'epsilon': 4.7039163295355915e-09, 'hidden_layer_sizes': 181, 'learning_rate_init': 0.0007895345304420596, 'tol': 0.0004821512852086581, 'validation_fraction': 0.3397799929527657}]
/home/ryedida/.local/lib/python3.9/site-packages/sklearn/neural_network/_multilayer_perceptron.py:686: ConvergenceWarning: Stochastic Optimizer: Maximum iterations (200) reached and the optimization hasn't converged yet.
  warnings.warn(

function_evaluation time 1.329046 value 23992.721588 suggestion {'alpha': 3.819427257167252e-05, 'batch_size': 116, 'beta_1': 0.9502315135949921, 'beta_2': 0.9992515595821166, 'epsilon': 4.7039163295355915e-09, 'hidden_layer_sizes': 181, 'learning_rate_init': 0.0007895345304420596, 'tol': 0.0004821512852086581, 'validation_fraction': 0.3397799929527657}
observation time 0.000005, current best 2913.784564 at iter 9
suggestion time taken 0.002537 iter 10 next_points [{'alpha': 0.017741112596340328, 'batch_size': 237, 'beta_1': 0.9033792642777938, 'beta_2': 0.9998406421668056, 'epsilon': 3.841659105729596e-08, 'hidden_layer_sizes': 125, 'learning_rate_init': 9.899469303531595e-05, 'tol': 1.9662565742084377e-05, 'validation_fraction': 0.6328019948073591}]
/home/ryedida/.local/lib/python3.9/site-packages/sklearn/neural_network/_multilayer_perceptron.py:605: UserWarning: Got `batch_size` less than 1 or larger than sample size. It is going to be clipped
  warnings.warn(

/home/ryedida/.local/lib/python3.9/site-packages/sklearn/neural_network/_multilayer_perceptron.py:686: ConvergenceWarning: Stochastic Optimizer: Maximum iterations (200) reached and the optimization hasn't converged yet.
  warnings.warn(

function_evaluation time 0.781999 value 29056.333837 suggestion {'alpha': 0.017741112596340328, 'batch_size': 237, 'beta_1': 0.9033792642777938, 'beta_2': 0.9998406421668056, 'epsilon': 3.841659105729596e-08, 'hidden_layer_sizes': 125, 'learning_rate_init': 9.899469303531595e-05, 'tol': 1.9662565742084377e-05, 'validation_fraction': 0.6328019948073591}
observation time 0.000004, current best 2913.784564 at iter 10
suggestion time taken 0.002507 iter 11 next_points [{'alpha': 0.00015115754732588648, 'batch_size': 197, 'beta_1': 0.5550188363123687, 'beta_2': 0.999426955363251, 'epsilon': 6.736533264196228e-07, 'hidden_layer_sizes': 152, 'learning_rate_init': 0.0003008876440205945, 'tol': 0.08069275986870258, 'validation_fraction': 0.734436036668307}]
/home/ryedida/.local/lib/python3.9/site-packages/sklearn/neural_network/_multilayer_perceptron.py:605: UserWarning: Got `batch_size` less than 1 or larger than sample size. It is going to be clipped
  warnings.warn(

function_evaluation time 0.056791 value 29095.666039 suggestion {'alpha': 0.00015115754732588648, 'batch_size': 197, 'beta_1': 0.5550188363123687, 'beta_2': 0.999426955363251, 'epsilon': 6.736533264196228e-07, 'hidden_layer_sizes': 152, 'learning_rate_init': 0.0003008876440205945, 'tol': 0.08069275986870258, 'validation_fraction': 0.734436036668307}
observation time 0.000005, current best 2913.784564 at iter 11
suggestion time taken 0.002516 iter 12 next_points [{'alpha': 0.013792837719583865, 'batch_size': 88, 'beta_1': 0.6786951401643708, 'beta_2': 0.9968892883825257, 'epsilon': 1.248446800450434e-07, 'hidden_layer_sizes': 139, 'learning_rate_init': 0.00023983213833417207, 'tol': 0.0004383580784526962, 'validation_fraction': 0.8272325561277682}]
/home/ryedida/.local/lib/python3.9/site-packages/sklearn/neural_network/_multilayer_perceptron.py:605: UserWarning: Got `batch_size` less than 1 or larger than sample size. It is going to be clipped
  warnings.warn(

function_evaluation time 0.054218 value 29078.691631 suggestion {'alpha': 0.013792837719583865, 'batch_size': 88, 'beta_1': 0.6786951401643708, 'beta_2': 0.9968892883825257, 'epsilon': 1.248446800450434e-07, 'hidden_layer_sizes': 139, 'learning_rate_init': 0.00023983213833417207, 'tol': 0.0004383580784526962, 'validation_fraction': 0.8272325561277682}
observation time 0.000005, current best 2913.784564 at iter 12
suggestion time taken 0.002522 iter 13 next_points [{'alpha': 0.7310785586693518, 'batch_size': 32, 'beta_1': 0.8567445161486477, 'beta_2': 0.9702238072338938, 'epsilon': 3.8389879380435365e-08, 'hidden_layer_sizes': 188, 'learning_rate_init': 0.0318686330508369, 'tol': 0.02140235655636816, 'validation_fraction': 0.10942137102733202}]
function_evaluation time 0.201889 value 2872.607076 suggestion {'alpha': 0.7310785586693518, 'batch_size': 32, 'beta_1': 0.8567445161486477, 'beta_2': 0.9702238072338938, 'epsilon': 3.8389879380435365e-08, 'hidden_layer_sizes': 188, 'learning_rate_init': 0.0318686330508369, 'tol': 0.02140235655636816, 'validation_fraction': 0.10942137102733202}
observation time 0.000005, current best 2872.607076 at iter 13
suggestion time taken 0.002472 iter 14 next_points [{'alpha': 0.05951603987304393, 'batch_size': 52, 'beta_1': 0.6740644011602819, 'beta_2': 0.9999665401765457, 'epsilon': 5.0675778954477745e-08, 'hidden_layer_sizes': 100, 'learning_rate_init': 0.0026498096193485845, 'tol': 2.814652492681516e-05, 'validation_fraction': 0.7402652525685575}]
/home/ryedida/.local/lib/python3.9/site-packages/sklearn/neural_network/_multilayer_perceptron.py:686: ConvergenceWarning: Stochastic Optimizer: Maximum iterations (200) reached and the optimization hasn't converged yet.
  warnings.warn(

function_evaluation time 0.889579 value 6946.215797 suggestion {'alpha': 0.05951603987304393, 'batch_size': 52, 'beta_1': 0.6740644011602819, 'beta_2': 0.9999665401765457, 'epsilon': 5.0675778954477745e-08, 'hidden_layer_sizes': 100, 'learning_rate_init': 0.0026498096193485845, 'tol': 2.814652492681516e-05, 'validation_fraction': 0.7402652525685575}
observation time 0.000005, current best 2872.607076 at iter 14
saving meta data: {'args': {'--uuid': '4f45ed6b5baa530c998b2aeb6df064bd', '-db-root': '/home/ryedida/bbo_challenge_starter_kit/output', '--opt-root': '/home/ryedida/bbo_challenge_starter_kit/example_submissions', '--data-root': None, '--db': 'run_20230408_050539', '--opt': 'random-search', '--data': 'diabetes', '--classifier': 'MLP-adam', '--metric': 'mse', '--calls': 15, '--suggestions': 1, '--jobs-file': None, '--verbose': False, 'dry_run': False, 'rev': 'a376313', 'opt_rev': '0.0.8'}, 'signature': ([{'alpha': 0.019628224813442792, 'batch_size': 182, 'beta_1': 0.9410202200271762, 'beta_2': 0.9998021557676793, 'epsilon': 1.8662266976518e-08, 'hidden_layer_sizes': 147, 'learning_rate_init': 0.0005627932047415167, 'tol': 0.03690557729213761, 'validation_fraction': 0.8846827852548593}, {'alpha': 0.0019982467392329444, 'batch_size': 200, 'beta_1': 0.919111482530466, 'beta_2': 0.9998488260436156, 'epsilon': 5.981221901152555e-07, 'hidden_layer_sizes': 61, 'learning_rate_init': 2.2310905607443014e-05, 'tol': 1.2046852412030316e-05, 'validation_fraction': 0.8117896445826539}, {'alpha': 0.46659545670218433, 'batch_size': 219, 'beta_1': 0.9889789783750891, 'beta_2': 0.9999896868093284, 'epsilon': 2.4234724484675948e-08, 'hidden_layer_sizes': 167, 'learning_rate_init': 2.972334644335654e-05, 'tol': 0.0036281404040243792, 'validation_fraction': 0.17260651658522078}, {'alpha': 4.656005689076002, 'batch_size': 135, 'beta_1': 0.870503881627747, 'beta_2': 0.9948873266941017, 'epsilon': 2.1023308743480125e-07, 'hidden_layer_sizes': 118, 'learning_rate_init': 0.0018781738757161913, 'tol': 1.1889379831773004e-05, 'validation_fraction': 0.6264327093752792}, {'alpha': 0.04705159350400542, 'batch_size': 158, 'beta_1': 0.9870884262730957, 'beta_2': 0.9999596874382349, 'epsilon': 1.1981845126013875e-08, 'hidden_layer_sizes': 116, 'learning_rate_init': 0.00617340520407431, 'tol': 1.741413418158619e-05, 'validation_fraction': 0.6754299026638921}], [29083.993548572587, 29062.423277324073, 29075.78987471409, 24626.32866834337, 9584.226858493177])}
saving results
saving timing
saving suggest log
done
