running: {'--uuid': 'df9d6c7775b4589d88c0df94a1db80f6', '-db-root': '/home/ryedida/bbo_challenge_starter_kit/output', '--opt-root': '/home/ryedida/bbo_challenge_starter_kit/example_submissions', '--data-root': None, '--db': 'run_20230408_050539', '--opt': 'smoothness', '--data': 'diabetes', '--classifier': 'MLP-adam', '--metric': 'mae', '--calls': 15, '--suggestions': 1, '--jobs-file': None, '--verbose': False, 'dry_run': False, 'rev': 'a376313', 'opt_rev': 'x.x.x'}
cmd: python smoothness/optimizer.py -c MLP-adam -d diabetes -o smoothness -u df9d6c7775b4589d88c0df94a1db80f6 -m mae -n 15 -p 1 -dir /home/ryedida/bbo_challenge_starter_kit/output -b run_20230408_050539
/home/ryedida/.local/lib/python3.9/site-packages/sklearn/neural_network/_multilayer_perceptron.py:605: UserWarning: Got `batch_size` less than 1 or larger than sample size. It is going to be clipped
  warnings.warn(

/home/ryedida/.local/lib/python3.9/site-packages/sklearn/neural_network/_multilayer_perceptron.py:605: UserWarning: Got `batch_size` less than 1 or larger than sample size. It is going to be clipped
  warnings.warn(

/home/ryedida/.local/lib/python3.9/site-packages/sklearn/neural_network/_multilayer_perceptron.py:605: UserWarning: Got `batch_size` less than 1 or larger than sample size. It is going to be clipped
  warnings.warn(

/home/ryedida/.local/lib/python3.9/site-packages/sklearn/neural_network/_multilayer_perceptron.py:686: ConvergenceWarning: Stochastic Optimizer: Maximum iterations (200) reached and the optimization hasn't converged yet.
  warnings.warn(

/home/ryedida/.local/lib/python3.9/site-packages/sklearn/neural_network/_multilayer_perceptron.py:605: UserWarning: Got `batch_size` less than 1 or larger than sample size. It is going to be clipped
  warnings.warn(

/home/ryedida/.local/lib/python3.9/site-packages/sklearn/neural_network/_multilayer_perceptron.py:686: ConvergenceWarning: Stochastic Optimizer: Maximum iterations (200) reached and the optimization hasn't converged yet.
  warnings.warn(

computed signature: ([{'alpha': 0.019628224813442792, 'batch_size': 182, 'beta_1': 0.9410202200271762, 'beta_2': 0.9998021557676793, 'epsilon': 1.8662266976518e-08, 'hidden_layer_sizes': 147, 'learning_rate_init': 0.0005627932047415167, 'tol': 0.03690557729213761, 'validation_fraction': 0.8846827852548593}, {'alpha': 0.0019982467392329444, 'batch_size': 200, 'beta_1': 0.919111482530466, 'beta_2': 0.9998488260436156, 'epsilon': 5.981221901152555e-07, 'hidden_layer_sizes': 61, 'learning_rate_init': 2.2310905607443014e-05, 'tol': 1.2046852412030316e-05, 'validation_fraction': 0.8117896445826539}, {'alpha': 0.46659545670218433, 'batch_size': 219, 'beta_1': 0.9889789783750891, 'beta_2': 0.9999896868093284, 'epsilon': 2.4234724484675948e-08, 'hidden_layer_sizes': 167, 'learning_rate_init': 2.972334644335654e-05, 'tol': 0.0036281404040243792, 'validation_fraction': 0.17260651658522078}, {'alpha': 4.656005689076002, 'batch_size': 135, 'beta_1': 0.870503881627747, 'beta_2': 0.9948873266941017, 'epsilon': 2.1023308743480125e-07, 'hidden_layer_sizes': 118, 'learning_rate_init': 0.0018781738757161913, 'tol': 1.1889379831773004e-05, 'validation_fraction': 0.6264327093752792}, {'alpha': 0.04705159350400542, 'batch_size': 158, 'beta_1': 0.9870884262730957, 'beta_2': 0.9999596874382349, 'epsilon': 1.1981845126013875e-08, 'hidden_layer_sizes': 116, 'learning_rate_init': 0.00617340520407431, 'tol': 1.741413418158619e-05, 'validation_fraction': 0.6754299026638921}], [151.4971925380264, 151.42763539278994, 151.47026299046811, 136.86202504264318, 75.2055865763391])
Signature errors:
                                  0             1             2         3         4       max
MLP-adam_diabetes_mae  1.919244e-08  6.198704e-08  7.624578e-09  0.000007  0.000034  0.000034
max                    1.919244e-08  6.198704e-08  7.624578e-09  0.000007  0.000034  0.000034
starting sklearn study smoothness MLP-adam diabetes mae 15 1
with data root: None
suggestion time taken 11.315107 iter 0 next_points [{'alpha': 0.0020875993612007493, 'batch_size': 27, 'beta_1': 0.9754928948257557, 'beta_2': 0.9852729903380804, 'epsilon': 7.793632806694479e-08, 'hidden_layer_sizes': 54, 'learning_rate_init': 0.0006595429707507467, 'tol': 0.012007069616156446, 'validation_fraction': 0.125075771382509}]
function_evaluation time 0.105150 value 150.930454 suggestion {'alpha': 0.0020875993612007493, 'batch_size': 27, 'beta_1': 0.9754928948257557, 'beta_2': 0.9852729903380804, 'epsilon': 7.793632806694479e-08, 'hidden_layer_sizes': 54, 'learning_rate_init': 0.0006595429707507467, 'tol': 0.012007069616156446, 'validation_fraction': 0.125075771382509}
observation time 0.000005, current best 150.930454 at iter 0
suggestion time taken 11.261960 iter 1 next_points [{'alpha': 0.01887433125621697, 'batch_size': 11, 'beta_1': 0.9805689880361521, 'beta_2': 0.9992377227610945, 'epsilon': 4.6285649563331165e-08, 'hidden_layer_sizes': 125, 'learning_rate_init': 0.09561301314722415, 'tol': 0.004510071114091028, 'validation_fraction': 0.14123206796702584}]
function_evaluation time 0.436794 value 45.115279 suggestion {'alpha': 0.01887433125621697, 'batch_size': 11, 'beta_1': 0.9805689880361521, 'beta_2': 0.9992377227610945, 'epsilon': 4.6285649563331165e-08, 'hidden_layer_sizes': 125, 'learning_rate_init': 0.09561301314722415, 'tol': 0.004510071114091028, 'validation_fraction': 0.14123206796702584}
observation time 0.000005, current best 45.115279 at iter 1
suggestion time taken 11.091938 iter 2 next_points [{'alpha': 0.0029135008256764108, 'batch_size': 11, 'beta_1': 0.8653981357061318, 'beta_2': 0.9991883607955564, 'epsilon': 4.619349703835889e-08, 'hidden_layer_sizes': 89, 'learning_rate_init': 0.010283975801737824, 'tol': 6.295424595992764e-05, 'validation_fraction': 0.24951597623089442}]
function_evaluation time 1.161834 value 44.875515 suggestion {'alpha': 0.0029135008256764108, 'batch_size': 11, 'beta_1': 0.8653981357061318, 'beta_2': 0.9991883607955564, 'epsilon': 4.619349703835889e-08, 'hidden_layer_sizes': 89, 'learning_rate_init': 0.010283975801737824, 'tol': 6.295424595992764e-05, 'validation_fraction': 0.24951597623089442}
observation time 0.000005, current best 44.875515 at iter 2
suggestion time taken 11.321713 iter 3 next_points [{'alpha': 8.180816163780881e-05, 'batch_size': 25, 'beta_1': 0.9897628770850835, 'beta_2': 0.999152499841732, 'epsilon': 3.22532470619157e-07, 'hidden_layer_sizes': 98, 'learning_rate_init': 0.00611162046607289, 'tol': 0.006228607656116069, 'validation_fraction': 0.782683426524854}]
function_evaluation time 0.632315 value 55.886919 suggestion {'alpha': 8.180816163780881e-05, 'batch_size': 25, 'beta_1': 0.9897628770850835, 'beta_2': 0.999152499841732, 'epsilon': 3.22532470619157e-07, 'hidden_layer_sizes': 98, 'learning_rate_init': 0.00611162046607289, 'tol': 0.006228607656116069, 'validation_fraction': 0.782683426524854}
observation time 0.000005, current best 44.875515 at iter 3
suggestion time taken 11.068203 iter 4 next_points [{'alpha': 0.027147079186173963, 'batch_size': 26, 'beta_1': 0.6594260830051032, 'beta_2': 0.9627504892432746, 'epsilon': 2.33288573050941e-08, 'hidden_layer_sizes': 185, 'learning_rate_init': 0.002854478900313984, 'tol': 0.030215395588210757, 'validation_fraction': 0.7492720171714328}]
function_evaluation time 0.088212 value 149.328404 suggestion {'alpha': 0.027147079186173963, 'batch_size': 26, 'beta_1': 0.6594260830051032, 'beta_2': 0.9627504892432746, 'epsilon': 2.33288573050941e-08, 'hidden_layer_sizes': 185, 'learning_rate_init': 0.002854478900313984, 'tol': 0.030215395588210757, 'validation_fraction': 0.7492720171714328}
observation time 0.000005, current best 44.875515 at iter 4
suggestion time taken 11.254457 iter 5 next_points [{'alpha': 0.0010418240498178263, 'batch_size': 14, 'beta_1': 0.5938505080795011, 'beta_2': 0.9997719253963626, 'epsilon': 1.0490313939589604e-08, 'hidden_layer_sizes': 198, 'learning_rate_init': 4.2368909013425775e-05, 'tol': 1.9231497632652034e-05, 'validation_fraction': 0.22084173244303}]
/home/ryedida/.local/lib/python3.9/site-packages/sklearn/neural_network/_multilayer_perceptron.py:686: ConvergenceWarning: Stochastic Optimizer: Maximum iterations (200) reached and the optimization hasn't converged yet.
  warnings.warn(

function_evaluation time 4.598939 value 146.955312 suggestion {'alpha': 0.0010418240498178263, 'batch_size': 14, 'beta_1': 0.5938505080795011, 'beta_2': 0.9997719253963626, 'epsilon': 1.0490313939589604e-08, 'hidden_layer_sizes': 198, 'learning_rate_init': 4.2368909013425775e-05, 'tol': 1.9231497632652034e-05, 'validation_fraction': 0.22084173244303}
observation time 0.000005, current best 44.875515 at iter 5
suggestion time taken 11.009471 iter 6 next_points [{'alpha': 0.06496376836715209, 'batch_size': 116, 'beta_1': 0.5401249113308073, 'beta_2': 0.9999934713345949, 'epsilon': 1.8978889806747245e-08, 'hidden_layer_sizes': 59, 'learning_rate_init': 0.0008873116579263682, 'tol': 1.3232617676942612e-05, 'validation_fraction': 0.8630602931203217}]
/home/ryedida/.local/lib/python3.9/site-packages/sklearn/neural_network/_multilayer_perceptron.py:605: UserWarning: Got `batch_size` less than 1 or larger than sample size. It is going to be clipped
  warnings.warn(

/home/ryedida/.local/lib/python3.9/site-packages/sklearn/neural_network/_multilayer_perceptron.py:686: ConvergenceWarning: Stochastic Optimizer: Maximum iterations (200) reached and the optimization hasn't converged yet.
  warnings.warn(

function_evaluation time 0.568949 value 148.743811 suggestion {'alpha': 0.06496376836715209, 'batch_size': 116, 'beta_1': 0.5401249113308073, 'beta_2': 0.9999934713345949, 'epsilon': 1.8978889806747245e-08, 'hidden_layer_sizes': 59, 'learning_rate_init': 0.0008873116579263682, 'tol': 1.3232617676942612e-05, 'validation_fraction': 0.8630602931203217}
observation time 0.000005, current best 44.875515 at iter 6
suggestion time taken 11.060043 iter 7 next_points [{'alpha': 1.9345064998707512e-05, 'batch_size': 18, 'beta_1': 0.9537786448601436, 'beta_2': 0.9999911805806889, 'epsilon': 1.0717567622287619e-08, 'hidden_layer_sizes': 185, 'learning_rate_init': 0.041012683300187064, 'tol': 7.019068746682728e-05, 'validation_fraction': 0.6917946500919043}]
function_evaluation time 0.385632 value 44.305295 suggestion {'alpha': 1.9345064998707512e-05, 'batch_size': 18, 'beta_1': 0.9537786448601436, 'beta_2': 0.9999911805806889, 'epsilon': 1.0717567622287619e-08, 'hidden_layer_sizes': 185, 'learning_rate_init': 0.041012683300187064, 'tol': 7.019068746682728e-05, 'validation_fraction': 0.6917946500919043}
observation time 0.000004, current best 44.305295 at iter 7
suggestion time taken 11.208958 iter 8 next_points [{'alpha': 0.00025620018116831895, 'batch_size': 17, 'beta_1': 0.9772223166019283, 'beta_2': 0.9995763834017555, 'epsilon': 2.0991787900012623e-07, 'hidden_layer_sizes': 142, 'learning_rate_init': 0.0003845596289314894, 'tol': 0.00044210751990599143, 'validation_fraction': 0.7708623300026995}]
/home/ryedida/.local/lib/python3.9/site-packages/sklearn/neural_network/_multilayer_perceptron.py:686: ConvergenceWarning: Stochastic Optimizer: Maximum iterations (200) reached and the optimization hasn't converged yet.
  warnings.warn(

function_evaluation time 1.452763 value 139.229118 suggestion {'alpha': 0.00025620018116831895, 'batch_size': 17, 'beta_1': 0.9772223166019283, 'beta_2': 0.9995763834017555, 'epsilon': 2.0991787900012623e-07, 'hidden_layer_sizes': 142, 'learning_rate_init': 0.0003845596289314894, 'tol': 0.00044210751990599143, 'validation_fraction': 0.7708623300026995}
observation time 0.000004, current best 44.305295 at iter 8
suggestion time taken 11.066897 iter 9 next_points [{'alpha': 0.002917307471771899, 'batch_size': 13, 'beta_1': 0.6795997346174449, 'beta_2': 0.9999212042221969, 'epsilon': 2.912286558337118e-07, 'hidden_layer_sizes': 67, 'learning_rate_init': 0.001043163387374096, 'tol': 0.03638670264595868, 'validation_fraction': 0.1705722657516992}]
function_evaluation time 0.317643 value 146.435891 suggestion {'alpha': 0.002917307471771899, 'batch_size': 13, 'beta_1': 0.6795997346174449, 'beta_2': 0.9999212042221969, 'epsilon': 2.912286558337118e-07, 'hidden_layer_sizes': 67, 'learning_rate_init': 0.001043163387374096, 'tol': 0.03638670264595868, 'validation_fraction': 0.1705722657516992}
observation time 0.000005, current best 44.305295 at iter 9
suggestion time taken 11.059972 iter 10 next_points [{'alpha': 0.0012172819352579683, 'batch_size': 11, 'beta_1': 0.9867512328896907, 'beta_2': 0.9997011078595485, 'epsilon': 1.0714679269348799e-07, 'hidden_layer_sizes': 180, 'learning_rate_init': 0.0028417174635145975, 'tol': 2.3832742199225163e-05, 'validation_fraction': 0.19719359698487632}]
function_evaluation time 2.437090 value 44.508100 suggestion {'alpha': 0.0012172819352579683, 'batch_size': 11, 'beta_1': 0.9867512328896907, 'beta_2': 0.9997011078595485, 'epsilon': 1.0714679269348799e-07, 'hidden_layer_sizes': 180, 'learning_rate_init': 0.0028417174635145975, 'tol': 2.3832742199225163e-05, 'validation_fraction': 0.19719359698487632}
observation time 0.000005, current best 44.305295 at iter 10
suggestion time taken 10.935478 iter 11 next_points [{'alpha': 0.07738788161595647, 'batch_size': 14, 'beta_1': 0.9736693914857967, 'beta_2': 0.9999982005797564, 'epsilon': 1.2161252044713378e-09, 'hidden_layer_sizes': 146, 'learning_rate_init': 8.089090260538683e-05, 'tol': 0.005066854533930184, 'validation_fraction': 0.8937816109020263}]
function_evaluation time 0.078839 value 151.582169 suggestion {'alpha': 0.07738788161595647, 'batch_size': 14, 'beta_1': 0.9736693914857967, 'beta_2': 0.9999982005797564, 'epsilon': 1.2161252044713378e-09, 'hidden_layer_sizes': 146, 'learning_rate_init': 8.089090260538683e-05, 'tol': 0.005066854533930184, 'validation_fraction': 0.8937816109020263}
observation time 0.000004, current best 44.305295 at iter 11
suggestion time taken 11.395120 iter 12 next_points [{'alpha': 0.3767161900925974, 'batch_size': 53, 'beta_1': 0.731325952023171, 'beta_2': 0.9994573078434716, 'epsilon': 4.189392458154114e-08, 'hidden_layer_sizes': 128, 'learning_rate_init': 0.005413145094026334, 'tol': 0.03331326785042165, 'validation_fraction': 0.1133466976682461}]
function_evaluation time 0.311640 value 52.724084 suggestion {'alpha': 0.3767161900925974, 'batch_size': 53, 'beta_1': 0.731325952023171, 'beta_2': 0.9994573078434716, 'epsilon': 4.189392458154114e-08, 'hidden_layer_sizes': 128, 'learning_rate_init': 0.005413145094026334, 'tol': 0.03331326785042165, 'validation_fraction': 0.1133466976682461}
observation time 0.000004, current best 44.305295 at iter 12
suggestion time taken 11.063280 iter 13 next_points [{'alpha': 0.09997668680628977, 'batch_size': 28, 'beta_1': 0.9551252319384138, 'beta_2': 0.9999849923522753, 'epsilon': 3.872675288891058e-07, 'hidden_layer_sizes': 193, 'learning_rate_init': 1.3060794451848922e-05, 'tol': 0.0024109132178800627, 'validation_fraction': 0.1583762071201676}]
function_evaluation time 0.132150 value 151.546299 suggestion {'alpha': 0.09997668680628977, 'batch_size': 28, 'beta_1': 0.9551252319384138, 'beta_2': 0.9999849923522753, 'epsilon': 3.872675288891058e-07, 'hidden_layer_sizes': 193, 'learning_rate_init': 1.3060794451848922e-05, 'tol': 0.0024109132178800627, 'validation_fraction': 0.1583762071201676}
observation time 0.000006, current best 44.305295 at iter 13
suggestion time taken 11.041600 iter 14 next_points [{'alpha': 4.256356099404377e-05, 'batch_size': 15, 'beta_1': 0.9155470491771652, 'beta_2': 0.9780986981065949, 'epsilon': 1.5040291661419827e-09, 'hidden_layer_sizes': 138, 'learning_rate_init': 0.0028337261378760855, 'tol': 0.060423137486073586, 'validation_fraction': 0.39307145524573406}]
function_evaluation time 0.769011 value 56.024820 suggestion {'alpha': 4.256356099404377e-05, 'batch_size': 15, 'beta_1': 0.9155470491771652, 'beta_2': 0.9780986981065949, 'epsilon': 1.5040291661419827e-09, 'hidden_layer_sizes': 138, 'learning_rate_init': 0.0028337261378760855, 'tol': 0.060423137486073586, 'validation_fraction': 0.39307145524573406}
observation time 0.000004, current best 44.305295 at iter 14
saving meta data: {'args': {'--uuid': 'df9d6c7775b4589d88c0df94a1db80f6', '-db-root': '/home/ryedida/bbo_challenge_starter_kit/output', '--opt-root': '/home/ryedida/bbo_challenge_starter_kit/example_submissions', '--data-root': None, '--db': 'run_20230408_050539', '--opt': 'smoothness', '--data': 'diabetes', '--classifier': 'MLP-adam', '--metric': 'mae', '--calls': 15, '--suggestions': 1, '--jobs-file': None, '--verbose': False, 'dry_run': False, 'rev': 'a376313', 'opt_rev': 'x.x.x'}, 'signature': ([{'alpha': 0.019628224813442792, 'batch_size': 182, 'beta_1': 0.9410202200271762, 'beta_2': 0.9998021557676793, 'epsilon': 1.8662266976518e-08, 'hidden_layer_sizes': 147, 'learning_rate_init': 0.0005627932047415167, 'tol': 0.03690557729213761, 'validation_fraction': 0.8846827852548593}, {'alpha': 0.0019982467392329444, 'batch_size': 200, 'beta_1': 0.919111482530466, 'beta_2': 0.9998488260436156, 'epsilon': 5.981221901152555e-07, 'hidden_layer_sizes': 61, 'learning_rate_init': 2.2310905607443014e-05, 'tol': 1.2046852412030316e-05, 'validation_fraction': 0.8117896445826539}, {'alpha': 0.46659545670218433, 'batch_size': 219, 'beta_1': 0.9889789783750891, 'beta_2': 0.9999896868093284, 'epsilon': 2.4234724484675948e-08, 'hidden_layer_sizes': 167, 'learning_rate_init': 2.972334644335654e-05, 'tol': 0.0036281404040243792, 'validation_fraction': 0.17260651658522078}, {'alpha': 4.656005689076002, 'batch_size': 135, 'beta_1': 0.870503881627747, 'beta_2': 0.9948873266941017, 'epsilon': 2.1023308743480125e-07, 'hidden_layer_sizes': 118, 'learning_rate_init': 0.0018781738757161913, 'tol': 1.1889379831773004e-05, 'validation_fraction': 0.6264327093752792}, {'alpha': 0.04705159350400542, 'batch_size': 158, 'beta_1': 0.9870884262730957, 'beta_2': 0.9999596874382349, 'epsilon': 1.1981845126013875e-08, 'hidden_layer_sizes': 116, 'learning_rate_init': 0.00617340520407431, 'tol': 1.741413418158619e-05, 'validation_fraction': 0.6754299026638921}], [151.4971925380264, 151.42763539278994, 151.47026299046811, 136.86202504264318, 75.2055865763391])}
saving results
saving timing
saving suggest log
done
