running: {'--uuid': '4fc3ee3a6cf85163a1cbec00637351a9', '-db-root': '/home/ryedida/bbo_challenge_starter_kit/output', '--opt-root': '/home/ryedida/bbo_challenge_starter_kit/example_submissions', '--data-root': None, '--db': 'run_20230422_030001', '--opt': 'smoothness', '--data': 'breast', '--classifier': 'MLP-adam', '--metric': 'acc', '--calls': 15, '--suggestions': 1, '--jobs-file': None, '--verbose': False, 'dry_run': False, 'rev': 'a376313', 'opt_rev': 'x.x.x'}
cmd: python smoothness/optimizer.py -c MLP-adam -d breast -o smoothness -u 4fc3ee3a6cf85163a1cbec00637351a9 -m acc -n 15 -p 1 -dir /home/ryedida/bbo_challenge_starter_kit/output -b run_20230422_030001
/home/ryedida/.local/lib/python3.9/site-packages/sklearn/neural_network/_multilayer_perceptron.py:605: UserWarning: Got `batch_size` less than 1 or larger than sample size. It is going to be clipped
  warnings.warn(

/home/ryedida/.local/lib/python3.9/site-packages/sklearn/neural_network/_multilayer_perceptron.py:605: UserWarning: Got `batch_size` less than 1 or larger than sample size. It is going to be clipped
  warnings.warn(

/home/ryedida/.local/lib/python3.9/site-packages/sklearn/neural_network/_multilayer_perceptron.py:605: UserWarning: Got `batch_size` less than 1 or larger than sample size. It is going to be clipped
  warnings.warn(

computed signature: ([{'alpha': 0.019628224813442792, 'batch_size': 182, 'beta_1': 0.9410202200271762, 'beta_2': 0.9998021557676793, 'epsilon': 1.8662266976518e-08, 'hidden_layer_sizes': 147, 'learning_rate_init': 0.0005627932047415167, 'tol': 0.03690557729213761, 'validation_fraction': 0.8846827852548593}, {'alpha': 0.0019982467392329444, 'batch_size': 200, 'beta_1': 0.919111482530466, 'beta_2': 0.9998488260436156, 'epsilon': 5.981221901152555e-07, 'hidden_layer_sizes': 61, 'learning_rate_init': 2.2310905607443014e-05, 'tol': 1.2046852412030316e-05, 'validation_fraction': 0.8117896445826539}, {'alpha': 0.46659545670218433, 'batch_size': 219, 'beta_1': 0.9889789783750891, 'beta_2': 0.9999896868093284, 'epsilon': 2.4234724484675948e-08, 'hidden_layer_sizes': 167, 'learning_rate_init': 2.972334644335654e-05, 'tol': 0.0036281404040243792, 'validation_fraction': 0.17260651658522078}, {'alpha': 4.656005689076002, 'batch_size': 135, 'beta_1': 0.870503881627747, 'beta_2': 0.9948873266941017, 'epsilon': 2.1023308743480125e-07, 'hidden_layer_sizes': 118, 'learning_rate_init': 0.0018781738757161913, 'tol': 1.1889379831773004e-05, 'validation_fraction': 0.6264327093752792}, {'alpha': 0.04705159350400542, 'batch_size': 158, 'beta_1': 0.9870884262730957, 'beta_2': 0.9999596874382349, 'epsilon': 1.1981845126013875e-08, 'hidden_layer_sizes': 116, 'learning_rate_init': 0.00617340520407431, 'tol': 1.741413418158619e-05, 'validation_fraction': 0.6754299026638921}], [-0.676923076923077, -0.567032967032967, -0.545054945054945, -0.7824175824175824, -0.843956043956044])
/home/ryedida/.local/lib/python3.9/site-packages/bayesmark/signatures.py:85: RuntimeWarning: Signature diverged on MLP-adam_breast_acc betwen [-0.80659341 -0.56703297 -0.66593407 -0.87912088 -0.85934066] and [-0.67692308 -0.41758242 -0.54505495 -0.78241758 -0.84395604]
  warnings.warn(

Signature errors:
                           0         1         2         3         4       max
MLP-adam_breast_acc  0.12967  0.149451  0.120879  0.096703  0.015385  0.149451
max                  0.12967  0.149451  0.120879  0.096703  0.015385  0.149451
starting sklearn study smoothness MLP-adam breast acc 15 1
with data root: None
suggestion time taken 11.221242 iter 0 next_points [{'alpha': 0.00407107971848005, 'batch_size': 10, 'beta_1': 0.6752037745939566, 'beta_2': 0.917154074501018, 'epsilon': 8.54158275781559e-07, 'hidden_layer_sizes': 135, 'learning_rate_init': 0.0005183712825320096, 'tol': 0.0026316124895411296, 'validation_fraction': 0.5123708590443172}]
function_evaluation time 0.774078 value -0.912088 suggestion {'alpha': 0.00407107971848005, 'batch_size': 10, 'beta_1': 0.6752037745939566, 'beta_2': 0.917154074501018, 'epsilon': 8.54158275781559e-07, 'hidden_layer_sizes': 135, 'learning_rate_init': 0.0005183712825320096, 'tol': 0.0026316124895411296, 'validation_fraction': 0.5123708590443172}
observation time 0.000006, current best -0.912088 at iter 0
suggestion time taken 11.249793 iter 1 next_points [{'alpha': 0.3357732133288328, 'batch_size': 14, 'beta_1': 0.6212941092613303, 'beta_2': 0.9999863929687417, 'epsilon': 1.0365203179527187e-09, 'hidden_layer_sizes': 59, 'learning_rate_init': 0.03398274049726041, 'tol': 1.2227208776846388e-05, 'validation_fraction': 0.5165784069995537}]
function_evaluation time 0.642507 value -0.916484 suggestion {'alpha': 0.3357732133288328, 'batch_size': 14, 'beta_1': 0.6212941092613303, 'beta_2': 0.9999863929687417, 'epsilon': 1.0365203179527187e-09, 'hidden_layer_sizes': 59, 'learning_rate_init': 0.03398274049726041, 'tol': 1.2227208776846388e-05, 'validation_fraction': 0.5165784069995537}
observation time 0.000006, current best -0.916484 at iter 1
suggestion time taken 10.933367 iter 2 next_points [{'alpha': 0.05654180468857362, 'batch_size': 16, 'beta_1': 0.5408645238628467, 'beta_2': 0.9997949823438047, 'epsilon': 1.9168642918056684e-07, 'hidden_layer_sizes': 86, 'learning_rate_init': 0.00010962058308295476, 'tol': 0.0419549662997099, 'validation_fraction': 0.3870494697387517}]
function_evaluation time 0.420031 value -0.771429 suggestion {'alpha': 0.05654180468857362, 'batch_size': 16, 'beta_1': 0.5408645238628467, 'beta_2': 0.9997949823438047, 'epsilon': 1.9168642918056684e-07, 'hidden_layer_sizes': 86, 'learning_rate_init': 0.00010962058308295476, 'tol': 0.0419549662997099, 'validation_fraction': 0.3870494697387517}
observation time 0.000005, current best -0.916484 at iter 2
suggestion time taken 11.211044 iter 3 next_points [{'alpha': 0.021019556066667656, 'batch_size': 13, 'beta_1': 0.9525545452871915, 'beta_2': 0.9984743256977677, 'epsilon': 6.222563931917144e-08, 'hidden_layer_sizes': 155, 'learning_rate_init': 6.053898809242157e-05, 'tol': 0.012565664687026693, 'validation_fraction': 0.7884158905588582}]
function_evaluation time 0.274840 value -0.674725 suggestion {'alpha': 0.021019556066667656, 'batch_size': 13, 'beta_1': 0.9525545452871915, 'beta_2': 0.9984743256977677, 'epsilon': 6.222563931917144e-08, 'hidden_layer_sizes': 155, 'learning_rate_init': 6.053898809242157e-05, 'tol': 0.012565664687026693, 'validation_fraction': 0.7884158905588582}
observation time 0.000005, current best -0.916484 at iter 3
suggestion time taken 10.954934 iter 4 next_points [{'alpha': 0.00022598506619413134, 'batch_size': 11, 'beta_1': 0.9647991847267754, 'beta_2': 0.9837796107613548, 'epsilon': 1.0533232170025216e-07, 'hidden_layer_sizes': 130, 'learning_rate_init': 2.2981357399439886e-05, 'tol': 0.025344859898743657, 'validation_fraction': 0.5921487562422261}]
function_evaluation time 0.423479 value -0.615385 suggestion {'alpha': 0.00022598506619413134, 'batch_size': 11, 'beta_1': 0.9647991847267754, 'beta_2': 0.9837796107613548, 'epsilon': 1.0533232170025216e-07, 'hidden_layer_sizes': 130, 'learning_rate_init': 2.2981357399439886e-05, 'tol': 0.025344859898743657, 'validation_fraction': 0.5921487562422261}
observation time 0.000005, current best -0.916484 at iter 4
suggestion time taken 11.082031 iter 5 next_points [{'alpha': 0.0002436777715603472, 'batch_size': 42, 'beta_1': 0.9343318477570286, 'beta_2': 0.999992408553389, 'epsilon': 3.0776003874014986e-09, 'hidden_layer_sizes': 92, 'learning_rate_init': 0.0001499903525810063, 'tol': 3.425641329193013e-05, 'validation_fraction': 0.7580776839125926}]
function_evaluation time 0.156308 value -0.641758 suggestion {'alpha': 0.0002436777715603472, 'batch_size': 42, 'beta_1': 0.9343318477570286, 'beta_2': 0.999992408553389, 'epsilon': 3.0776003874014986e-09, 'hidden_layer_sizes': 92, 'learning_rate_init': 0.0001499903525810063, 'tol': 3.425641329193013e-05, 'validation_fraction': 0.7580776839125926}
observation time 0.000005, current best -0.916484 at iter 5
suggestion time taken 10.919137 iter 6 next_points [{'alpha': 0.022554105954454437, 'batch_size': 28, 'beta_1': 0.9780176203203954, 'beta_2': 0.9998336774020967, 'epsilon': 1.0511265813124988e-09, 'hidden_layer_sizes': 80, 'learning_rate_init': 1.822519388106232e-05, 'tol': 2.631244405844182e-05, 'validation_fraction': 0.18011361108306106}]
function_evaluation time 0.196633 value -0.527473 suggestion {'alpha': 0.022554105954454437, 'batch_size': 28, 'beta_1': 0.9780176203203954, 'beta_2': 0.9998336774020967, 'epsilon': 1.0511265813124988e-09, 'hidden_layer_sizes': 80, 'learning_rate_init': 1.822519388106232e-05, 'tol': 2.631244405844182e-05, 'validation_fraction': 0.18011361108306106}
observation time 0.000005, current best -0.916484 at iter 6
suggestion time taken 11.292465 iter 7 next_points [{'alpha': 0.46223658098266757, 'batch_size': 13, 'beta_1': 0.9581704084638055, 'beta_2': 0.9182043962684098, 'epsilon': 4.5635912150071945e-09, 'hidden_layer_sizes': 51, 'learning_rate_init': 0.00024063945850778774, 'tol': 2.809006499302203e-05, 'validation_fraction': 0.45248209548884216}]
function_evaluation time 0.611708 value -0.843956 suggestion {'alpha': 0.46223658098266757, 'batch_size': 13, 'beta_1': 0.9581704084638055, 'beta_2': 0.9182043962684098, 'epsilon': 4.5635912150071945e-09, 'hidden_layer_sizes': 51, 'learning_rate_init': 0.00024063945850778774, 'tol': 2.809006499302203e-05, 'validation_fraction': 0.45248209548884216}
observation time 0.000006, current best -0.916484 at iter 7
suggestion time taken 10.947387 iter 8 next_points [{'alpha': 0.19126223233448308, 'batch_size': 22, 'beta_1': 0.9450781015391027, 'beta_2': 0.997917353432875, 'epsilon': 9.406986984966908e-09, 'hidden_layer_sizes': 68, 'learning_rate_init': 0.01253275250199368, 'tol': 6.228121964638467e-05, 'validation_fraction': 0.8815016585431089}]
function_evaluation time 0.303365 value -0.909890 suggestion {'alpha': 0.19126223233448308, 'batch_size': 22, 'beta_1': 0.9450781015391027, 'beta_2': 0.997917353432875, 'epsilon': 9.406986984966908e-09, 'hidden_layer_sizes': 68, 'learning_rate_init': 0.01253275250199368, 'tol': 6.228121964638467e-05, 'validation_fraction': 0.8815016585431089}
observation time 0.000006, current best -0.916484 at iter 8
suggestion time taken 10.974477 iter 9 next_points [{'alpha': 0.0008051476105408853, 'batch_size': 15, 'beta_1': 0.9883777158846013, 'beta_2': 0.9999950350229505, 'epsilon': 6.854678992544839e-08, 'hidden_layer_sizes': 147, 'learning_rate_init': 0.015579189632661352, 'tol': 0.02851678564870313, 'validation_fraction': 0.4146300449692229}]
function_evaluation time 0.438924 value -0.903297 suggestion {'alpha': 0.0008051476105408853, 'batch_size': 15, 'beta_1': 0.9883777158846013, 'beta_2': 0.9999950350229505, 'epsilon': 6.854678992544839e-08, 'hidden_layer_sizes': 147, 'learning_rate_init': 0.015579189632661352, 'tol': 0.02851678564870313, 'validation_fraction': 0.4146300449692229}
observation time 0.000005, current best -0.916484 at iter 9
suggestion time taken 11.254237 iter 10 next_points [{'alpha': 0.020661699731906374, 'batch_size': 12, 'beta_1': 0.9034544725884612, 'beta_2': 0.9408722005236755, 'epsilon': 2.2032787977289758e-08, 'hidden_layer_sizes': 116, 'learning_rate_init': 1.792688840361574e-05, 'tol': 0.018275128070476376, 'validation_fraction': 0.1710927888602337}]
function_evaluation time 0.604078 value -0.749451 suggestion {'alpha': 0.020661699731906374, 'batch_size': 12, 'beta_1': 0.9034544725884612, 'beta_2': 0.9408722005236755, 'epsilon': 2.2032787977289758e-08, 'hidden_layer_sizes': 116, 'learning_rate_init': 1.792688840361574e-05, 'tol': 0.018275128070476376, 'validation_fraction': 0.1710927888602337}
observation time 0.000004, current best -0.916484 at iter 10
suggestion time taken 11.089997 iter 11 next_points [{'alpha': 0.0020604953708799746, 'batch_size': 19, 'beta_1': 0.8914080920908759, 'beta_2': 0.9656163850172189, 'epsilon': 6.821097386229048e-07, 'hidden_layer_sizes': 105, 'learning_rate_init': 0.002161750329171177, 'tol': 1.143786361957631e-05, 'validation_fraction': 0.40801763605352126}]
function_evaluation time 0.627045 value -0.914286 suggestion {'alpha': 0.0020604953708799746, 'batch_size': 19, 'beta_1': 0.8914080920908759, 'beta_2': 0.9656163850172189, 'epsilon': 6.821097386229048e-07, 'hidden_layer_sizes': 105, 'learning_rate_init': 0.002161750329171177, 'tol': 1.143786361957631e-05, 'validation_fraction': 0.40801763605352126}
observation time 0.000006, current best -0.916484 at iter 11
suggestion time taken 10.920223 iter 12 next_points [{'alpha': 0.3064805925340737, 'batch_size': 19, 'beta_1': 0.692138634829254, 'beta_2': 0.9998665389694544, 'epsilon': 8.191308208117509e-08, 'hidden_layer_sizes': 167, 'learning_rate_init': 3.338693021213884e-05, 'tol': 1.1726338050394832e-05, 'validation_fraction': 0.8924881076519458}]
function_evaluation time 0.124171 value -0.582418 suggestion {'alpha': 0.3064805925340737, 'batch_size': 19, 'beta_1': 0.692138634829254, 'beta_2': 0.9998665389694544, 'epsilon': 8.191308208117509e-08, 'hidden_layer_sizes': 167, 'learning_rate_init': 3.338693021213884e-05, 'tol': 1.1726338050394832e-05, 'validation_fraction': 0.8924881076519458}
observation time 0.000005, current best -0.916484 at iter 12
suggestion time taken 11.176995 iter 13 next_points [{'alpha': 0.02872955314755164, 'batch_size': 27, 'beta_1': 0.9861339105269226, 'beta_2': 0.9975291174432316, 'epsilon': 1.220502339875289e-08, 'hidden_layer_sizes': 151, 'learning_rate_init': 0.012555250471867032, 'tol': 0.000538634827521963, 'validation_fraction': 0.3337576637046727}]
function_evaluation time 0.401328 value -0.890110 suggestion {'alpha': 0.02872955314755164, 'batch_size': 27, 'beta_1': 0.9861339105269226, 'beta_2': 0.9975291174432316, 'epsilon': 1.220502339875289e-08, 'hidden_layer_sizes': 151, 'learning_rate_init': 0.012555250471867032, 'tol': 0.000538634827521963, 'validation_fraction': 0.3337576637046727}
observation time 0.000005, current best -0.916484 at iter 13
suggestion time taken 11.017793 iter 14 next_points [{'alpha': 8.419227151486387e-05, 'batch_size': 11, 'beta_1': 0.5668778671562614, 'beta_2': 0.9999897086564877, 'epsilon': 3.02627607856832e-09, 'hidden_layer_sizes': 134, 'learning_rate_init': 2.7957267825818042e-05, 'tol': 0.009216062281175313, 'validation_fraction': 0.8548840079301863}]
function_evaluation time 0.210194 value -0.597802 suggestion {'alpha': 8.419227151486387e-05, 'batch_size': 11, 'beta_1': 0.5668778671562614, 'beta_2': 0.9999897086564877, 'epsilon': 3.02627607856832e-09, 'hidden_layer_sizes': 134, 'learning_rate_init': 2.7957267825818042e-05, 'tol': 0.009216062281175313, 'validation_fraction': 0.8548840079301863}
observation time 0.000005, current best -0.916484 at iter 14
saving meta data: {'args': {'--uuid': '4fc3ee3a6cf85163a1cbec00637351a9', '-db-root': '/home/ryedida/bbo_challenge_starter_kit/output', '--opt-root': '/home/ryedida/bbo_challenge_starter_kit/example_submissions', '--data-root': None, '--db': 'run_20230422_030001', '--opt': 'smoothness', '--data': 'breast', '--classifier': 'MLP-adam', '--metric': 'acc', '--calls': 15, '--suggestions': 1, '--jobs-file': None, '--verbose': False, 'dry_run': False, 'rev': 'a376313', 'opt_rev': 'x.x.x'}, 'signature': ([{'alpha': 0.019628224813442792, 'batch_size': 182, 'beta_1': 0.9410202200271762, 'beta_2': 0.9998021557676793, 'epsilon': 1.8662266976518e-08, 'hidden_layer_sizes': 147, 'learning_rate_init': 0.0005627932047415167, 'tol': 0.03690557729213761, 'validation_fraction': 0.8846827852548593}, {'alpha': 0.0019982467392329444, 'batch_size': 200, 'beta_1': 0.919111482530466, 'beta_2': 0.9998488260436156, 'epsilon': 5.981221901152555e-07, 'hidden_layer_sizes': 61, 'learning_rate_init': 2.2310905607443014e-05, 'tol': 1.2046852412030316e-05, 'validation_fraction': 0.8117896445826539}, {'alpha': 0.46659545670218433, 'batch_size': 219, 'beta_1': 0.9889789783750891, 'beta_2': 0.9999896868093284, 'epsilon': 2.4234724484675948e-08, 'hidden_layer_sizes': 167, 'learning_rate_init': 2.972334644335654e-05, 'tol': 0.0036281404040243792, 'validation_fraction': 0.17260651658522078}, {'alpha': 4.656005689076002, 'batch_size': 135, 'beta_1': 0.870503881627747, 'beta_2': 0.9948873266941017, 'epsilon': 2.1023308743480125e-07, 'hidden_layer_sizes': 118, 'learning_rate_init': 0.0018781738757161913, 'tol': 1.1889379831773004e-05, 'validation_fraction': 0.6264327093752792}, {'alpha': 0.04705159350400542, 'batch_size': 158, 'beta_1': 0.9870884262730957, 'beta_2': 0.9999596874382349, 'epsilon': 1.1981845126013875e-08, 'hidden_layer_sizes': 116, 'learning_rate_init': 0.00617340520407431, 'tol': 1.741413418158619e-05, 'validation_fraction': 0.6754299026638921}], [-0.676923076923077, -0.567032967032967, -0.545054945054945, -0.7824175824175824, -0.843956043956044])}
saving results
saving timing
saving suggest log
done
