running: {'--uuid': '538694531e4755f5a8b9a65328c70eb0', '-db-root': '/home/ryedida/bbo_challenge_starter_kit/output', '--opt-root': '/home/ryedida/bbo_challenge_starter_kit/example_submissions', '--data-root': None, '--db': 'run_20230422_030001', '--opt': 'random-search', '--data': 'breast', '--classifier': 'MLP-adam', '--metric': 'nll', '--calls': 15, '--suggestions': 1, '--jobs-file': None, '--verbose': False, 'dry_run': False, 'rev': 'a376313', 'opt_rev': '0.0.8'}
cmd: python random-search/optimizer.py -c MLP-adam -d breast -o random-search -u 538694531e4755f5a8b9a65328c70eb0 -m nll -n 15 -p 1 -dir /home/ryedida/bbo_challenge_starter_kit/output -b run_20230422_030001
/home/ryedida/.local/lib/python3.9/site-packages/sklearn/neural_network/_multilayer_perceptron.py:605: UserWarning: Got `batch_size` less than 1 or larger than sample size. It is going to be clipped
  warnings.warn(

/home/ryedida/.local/lib/python3.9/site-packages/sklearn/neural_network/_multilayer_perceptron.py:605: UserWarning: Got `batch_size` less than 1 or larger than sample size. It is going to be clipped
  warnings.warn(

/home/ryedida/.local/lib/python3.9/site-packages/sklearn/neural_network/_multilayer_perceptron.py:605: UserWarning: Got `batch_size` less than 1 or larger than sample size. It is going to be clipped
  warnings.warn(

computed signature: ([{'alpha': 0.019628224813442792, 'batch_size': 182, 'beta_1': 0.9410202200271762, 'beta_2': 0.9998021557676793, 'epsilon': 1.8662266976518e-08, 'hidden_layer_sizes': 147, 'learning_rate_init': 0.0005627932047415167, 'tol': 0.03690557729213761, 'validation_fraction': 0.8846827852548593}, {'alpha': 0.0019982467392329444, 'batch_size': 200, 'beta_1': 0.919111482530466, 'beta_2': 0.9998488260436156, 'epsilon': 5.981221901152555e-07, 'hidden_layer_sizes': 61, 'learning_rate_init': 2.2310905607443014e-05, 'tol': 1.2046852412030316e-05, 'validation_fraction': 0.8117896445826539}, {'alpha': 0.46659545670218433, 'batch_size': 219, 'beta_1': 0.9889789783750891, 'beta_2': 0.9999896868093284, 'epsilon': 2.4234724484675948e-08, 'hidden_layer_sizes': 167, 'learning_rate_init': 2.972334644335654e-05, 'tol': 0.0036281404040243792, 'validation_fraction': 0.17260651658522078}, {'alpha': 4.656005689076002, 'batch_size': 135, 'beta_1': 0.870503881627747, 'beta_2': 0.9948873266941017, 'epsilon': 2.1023308743480125e-07, 'hidden_layer_sizes': 118, 'learning_rate_init': 0.0018781738757161913, 'tol': 1.1889379831773004e-05, 'validation_fraction': 0.6264327093752792}, {'alpha': 0.04705159350400542, 'batch_size': 158, 'beta_1': 0.9870884262730957, 'beta_2': 0.9999596874382349, 'epsilon': 1.1981845126013875e-08, 'hidden_layer_sizes': 116, 'learning_rate_init': 0.00617340520407431, 'tol': 1.741413418158619e-05, 'validation_fraction': 0.6754299026638921}], [8.104566516477803, 14.643876498263253, 12.332285721418042, 5.2697835894868685, 3.490431081639362])
/home/ryedida/.local/lib/python3.9/site-packages/bayesmark/signatures.py:85: RuntimeWarning: Signature diverged on MLP-adam_breast_nll betwen [ 4.58589285 14.6438765   8.74044796  0.67466158  3.06872636] and [ 8.10456652 20.07092365 12.33228572  5.26978359  3.49043108]
  warnings.warn(

Signature errors:
                            0         1         2         3         4       max
MLP-adam_breast_nll  3.518674  5.427047  3.591838  4.595122  0.421705  5.427047
max                  3.518674  5.427047  3.591838  4.595122  0.421705  5.427047
starting sklearn study random-search MLP-adam breast nll 15 1
with data root: None
suggestion time taken 0.002684 iter 0 next_points [{'alpha': 0.0042277875806286305, 'batch_size': 162, 'beta_1': 0.9768329638321461, 'beta_2': 0.9999987664678073, 'epsilon': 4.4367245387739046e-07, 'hidden_layer_sizes': 88, 'learning_rate_init': 0.04459480464174344, 'tol': 0.028813694072735763, 'validation_fraction': 0.23232220298759126}]
function_evaluation time 0.170485 value 4.012719 suggestion {'alpha': 0.0042277875806286305, 'batch_size': 162, 'beta_1': 0.9768329638321461, 'beta_2': 0.9999987664678073, 'epsilon': 4.4367245387739046e-07, 'hidden_layer_sizes': 88, 'learning_rate_init': 0.04459480464174344, 'tol': 0.028813694072735763, 'validation_fraction': 0.23232220298759126}
observation time 0.000006, current best 4.012719 at iter 0
suggestion time taken 0.002655 iter 1 next_points [{'alpha': 4.201911790780708e-05, 'batch_size': 108, 'beta_1': 0.6700057398127945, 'beta_2': 0.993085093962918, 'epsilon': 3.8145228920662533e-07, 'hidden_layer_sizes': 168, 'learning_rate_init': 0.017122899135314618, 'tol': 0.0003976797524265901, 'validation_fraction': 0.8075620171072465}]
/home/ryedida/.local/lib/python3.9/site-packages/sklearn/neural_network/_multilayer_perceptron.py:605: UserWarning: Got `batch_size` less than 1 or larger than sample size. It is going to be clipped
  warnings.warn(

function_evaluation time 0.219422 value 0.621206 suggestion {'alpha': 4.201911790780708e-05, 'batch_size': 108, 'beta_1': 0.6700057398127945, 'beta_2': 0.993085093962918, 'epsilon': 3.8145228920662533e-07, 'hidden_layer_sizes': 168, 'learning_rate_init': 0.017122899135314618, 'tol': 0.0003976797524265901, 'validation_fraction': 0.8075620171072465}
observation time 0.000004, current best 0.621206 at iter 1
suggestion time taken 0.002659 iter 2 next_points [{'alpha': 3.042594938808507, 'batch_size': 241, 'beta_1': 0.8837226481472336, 'beta_2': 0.9999849541995466, 'epsilon': 6.61365697591234e-09, 'hidden_layer_sizes': 175, 'learning_rate_init': 0.03818295119618153, 'tol': 0.001429838201760618, 'validation_fraction': 0.1403383404817078}]
function_evaluation time 0.336266 value 0.711543 suggestion {'alpha': 3.042594938808507, 'batch_size': 241, 'beta_1': 0.8837226481472336, 'beta_2': 0.9999849541995466, 'epsilon': 6.61365697591234e-09, 'hidden_layer_sizes': 175, 'learning_rate_init': 0.03818295119618153, 'tol': 0.001429838201760618, 'validation_fraction': 0.1403383404817078}
observation time 0.000005, current best 0.621206 at iter 2
suggestion time taken 0.002823 iter 3 next_points [{'alpha': 8.260953042198983, 'batch_size': 172, 'beta_1': 0.9478715998198994, 'beta_2': 0.9996591615466314, 'epsilon': 1.3764217294609722e-09, 'hidden_layer_sizes': 123, 'learning_rate_init': 1.9820458759519414e-05, 'tol': 0.02257424943372056, 'validation_fraction': 0.2525823304062763}]
function_evaluation time 0.139169 value 12.225081 suggestion {'alpha': 8.260953042198983, 'batch_size': 172, 'beta_1': 0.9478715998198994, 'beta_2': 0.9996591615466314, 'epsilon': 1.3764217294609722e-09, 'hidden_layer_sizes': 123, 'learning_rate_init': 1.9820458759519414e-05, 'tol': 0.02257424943372056, 'validation_fraction': 0.2525823304062763}
observation time 0.000004, current best 0.621206 at iter 3
suggestion time taken 0.002531 iter 4 next_points [{'alpha': 1.0352032205017189e-05, 'batch_size': 116, 'beta_1': 0.9714766169108671, 'beta_2': 0.9999812716977681, 'epsilon': 1.8209611897601258e-08, 'hidden_layer_sizes': 145, 'learning_rate_init': 0.03584997239999338, 'tol': 0.00017642744187354616, 'validation_fraction': 0.5276374370861836}]
function_evaluation time 0.227900 value 3.023084 suggestion {'alpha': 1.0352032205017189e-05, 'batch_size': 116, 'beta_1': 0.9714766169108671, 'beta_2': 0.9999812716977681, 'epsilon': 1.8209611897601258e-08, 'hidden_layer_sizes': 145, 'learning_rate_init': 0.03584997239999338, 'tol': 0.00017642744187354616, 'validation_fraction': 0.5276374370861836}
observation time 0.000005, current best 0.621206 at iter 4
suggestion time taken 0.002622 iter 5 next_points [{'alpha': 0.4557613272031083, 'batch_size': 119, 'beta_1': 0.8532403078287571, 'beta_2': 0.999998317299271, 'epsilon': 3.694622983461374e-08, 'hidden_layer_sizes': 72, 'learning_rate_init': 3.32094845835341e-05, 'tol': 0.00013128938656790286, 'validation_fraction': 0.778268981588216}]
/home/ryedida/.local/lib/python3.9/site-packages/sklearn/neural_network/_multilayer_perceptron.py:605: UserWarning: Got `batch_size` less than 1 or larger than sample size. It is going to be clipped
  warnings.warn(

function_evaluation time 0.090224 value 8.869336 suggestion {'alpha': 0.4557613272031083, 'batch_size': 119, 'beta_1': 0.8532403078287571, 'beta_2': 0.999998317299271, 'epsilon': 3.694622983461374e-08, 'hidden_layer_sizes': 72, 'learning_rate_init': 3.32094845835341e-05, 'tol': 0.00013128938656790286, 'validation_fraction': 0.778268981588216}
observation time 0.000004, current best 0.621206 at iter 5
suggestion time taken 0.002533 iter 6 next_points [{'alpha': 0.4525190409313008, 'batch_size': 192, 'beta_1': 0.9862084923943427, 'beta_2': 0.9997988651715242, 'epsilon': 2.408671620235391e-08, 'hidden_layer_sizes': 115, 'learning_rate_init': 2.418280926579187e-05, 'tol': 0.0018076610453749442, 'validation_fraction': 0.21697338814275377}]
function_evaluation time 0.370465 value 9.486058 suggestion {'alpha': 0.4525190409313008, 'batch_size': 192, 'beta_1': 0.9862084923943427, 'beta_2': 0.9997988651715242, 'epsilon': 2.408671620235391e-08, 'hidden_layer_sizes': 115, 'learning_rate_init': 2.418280926579187e-05, 'tol': 0.0018076610453749442, 'validation_fraction': 0.21697338814275377}
observation time 0.000005, current best 0.621206 at iter 6
suggestion time taken 0.002599 iter 7 next_points [{'alpha': 0.0006533456652817989, 'batch_size': 177, 'beta_1': 0.7577223721662766, 'beta_2': 0.9999925205485645, 'epsilon': 6.991260628774773e-08, 'hidden_layer_sizes': 73, 'learning_rate_init': 0.0010806389314843552, 'tol': 0.00010091630152426262, 'validation_fraction': 0.6629976154349354}]
/home/ryedida/.local/lib/python3.9/site-packages/sklearn/neural_network/_multilayer_perceptron.py:605: UserWarning: Got `batch_size` less than 1 or larger than sample size. It is going to be clipped
  warnings.warn(

function_evaluation time 0.386415 value 2.254902 suggestion {'alpha': 0.0006533456652817989, 'batch_size': 177, 'beta_1': 0.7577223721662766, 'beta_2': 0.9999925205485645, 'epsilon': 6.991260628774773e-08, 'hidden_layer_sizes': 73, 'learning_rate_init': 0.0010806389314843552, 'tol': 0.00010091630152426262, 'validation_fraction': 0.6629976154349354}
observation time 0.000004, current best 0.621206 at iter 7
suggestion time taken 0.002783 iter 8 next_points [{'alpha': 0.0018017347524458666, 'batch_size': 48, 'beta_1': 0.7950561056974333, 'beta_2': 0.919601661910745, 'epsilon': 1.2672729010256268e-07, 'hidden_layer_sizes': 65, 'learning_rate_init': 0.05618894680284925, 'tol': 4.667265919809821e-05, 'validation_fraction': 0.1636654576021861}]
function_evaluation time 0.194305 value 0.513374 suggestion {'alpha': 0.0018017347524458666, 'batch_size': 48, 'beta_1': 0.7950561056974333, 'beta_2': 0.919601661910745, 'epsilon': 1.2672729010256268e-07, 'hidden_layer_sizes': 65, 'learning_rate_init': 0.05618894680284925, 'tol': 4.667265919809821e-05, 'validation_fraction': 0.1636654576021861}
observation time 0.000004, current best 0.513374 at iter 8
suggestion time taken 0.002595 iter 9 next_points [{'alpha': 1.5470902760966075e-05, 'batch_size': 176, 'beta_1': 0.7215293118879151, 'beta_2': 0.9999958091784706, 'epsilon': 2.7391180156571616e-08, 'hidden_layer_sizes': 158, 'learning_rate_init': 6.620147931670022e-05, 'tol': 0.02321709300783668, 'validation_fraction': 0.1603474526007175}]
function_evaluation time 0.153893 value 13.190286 suggestion {'alpha': 1.5470902760966075e-05, 'batch_size': 176, 'beta_1': 0.7215293118879151, 'beta_2': 0.9999958091784706, 'epsilon': 2.7391180156571616e-08, 'hidden_layer_sizes': 158, 'learning_rate_init': 6.620147931670022e-05, 'tol': 0.02321709300783668, 'validation_fraction': 0.1603474526007175}
observation time 0.000004, current best 0.513374 at iter 9
suggestion time taken 0.002565 iter 10 next_points [{'alpha': 0.5163190710260299, 'batch_size': 87, 'beta_1': 0.9800380999537296, 'beta_2': 0.999987814049359, 'epsilon': 1.0473894321766442e-08, 'hidden_layer_sizes': 154, 'learning_rate_init': 1.774734058986218e-05, 'tol': 0.09041248637392839, 'validation_fraction': 0.7891520347660517}]
function_evaluation time 0.108178 value 17.088280 suggestion {'alpha': 0.5163190710260299, 'batch_size': 87, 'beta_1': 0.9800380999537296, 'beta_2': 0.999987814049359, 'epsilon': 1.0473894321766442e-08, 'hidden_layer_sizes': 154, 'learning_rate_init': 1.774734058986218e-05, 'tol': 0.09041248637392839, 'validation_fraction': 0.7891520347660517}
observation time 0.000004, current best 0.513374 at iter 10
suggestion time taken 0.002909 iter 11 next_points [{'alpha': 1.6867181601820622, 'batch_size': 66, 'beta_1': 0.9469870980549594, 'beta_2': 0.9113796529152762, 'epsilon': 6.864221602690821e-07, 'hidden_layer_sizes': 114, 'learning_rate_init': 0.0006404152539743796, 'tol': 0.04233688000178173, 'validation_fraction': 0.4160401590326487}]
function_evaluation time 0.300060 value 0.372702 suggestion {'alpha': 1.6867181601820622, 'batch_size': 66, 'beta_1': 0.9469870980549594, 'beta_2': 0.9113796529152762, 'epsilon': 6.864221602690821e-07, 'hidden_layer_sizes': 114, 'learning_rate_init': 0.0006404152539743796, 'tol': 0.04233688000178173, 'validation_fraction': 0.4160401590326487}
observation time 0.000005, current best 0.372702 at iter 11
suggestion time taken 0.002857 iter 12 next_points [{'alpha': 0.057600943108953556, 'batch_size': 128, 'beta_1': 0.8619204353579519, 'beta_2': 0.9999989445106147, 'epsilon': 1.0829384155051312e-08, 'hidden_layer_sizes': 153, 'learning_rate_init': 0.021341002997230085, 'tol': 0.006673609676666599, 'validation_fraction': 0.33513410729446363}]
function_evaluation time 0.282712 value 1.117950 suggestion {'alpha': 0.057600943108953556, 'batch_size': 128, 'beta_1': 0.8619204353579519, 'beta_2': 0.9999989445106147, 'epsilon': 1.0829384155051312e-08, 'hidden_layer_sizes': 153, 'learning_rate_init': 0.021341002997230085, 'tol': 0.006673609676666599, 'validation_fraction': 0.33513410729446363}
observation time 0.000005, current best 0.372702 at iter 12
suggestion time taken 0.002578 iter 13 next_points [{'alpha': 0.03439768534362417, 'batch_size': 33, 'beta_1': 0.5634257083165508, 'beta_2': 0.9856129134971998, 'epsilon': 3.365158663623424e-09, 'hidden_layer_sizes': 130, 'learning_rate_init': 0.0006821696271323713, 'tol': 0.031214849828060495, 'validation_fraction': 0.7920897632247128}]
function_evaluation time 0.192263 value 0.473108 suggestion {'alpha': 0.03439768534362417, 'batch_size': 33, 'beta_1': 0.5634257083165508, 'beta_2': 0.9856129134971998, 'epsilon': 3.365158663623424e-09, 'hidden_layer_sizes': 130, 'learning_rate_init': 0.0006821696271323713, 'tol': 0.031214849828060495, 'validation_fraction': 0.7920897632247128}
observation time 0.000003, current best 0.372702 at iter 13
suggestion time taken 0.002530 iter 14 next_points [{'alpha': 0.6420923470618581, 'batch_size': 247, 'beta_1': 0.9847111594565794, 'beta_2': 0.9997878541252192, 'epsilon': 3.0956541657384796e-09, 'hidden_layer_sizes': 166, 'learning_rate_init': 0.017073683496790493, 'tol': 0.00012872281825724457, 'validation_fraction': 0.6998106878252554}]
/home/ryedida/.local/lib/python3.9/site-packages/sklearn/neural_network/_multilayer_perceptron.py:605: UserWarning: Got `batch_size` less than 1 or larger than sample size. It is going to be clipped
  warnings.warn(

function_evaluation time 0.260909 value 3.662262 suggestion {'alpha': 0.6420923470618581, 'batch_size': 247, 'beta_1': 0.9847111594565794, 'beta_2': 0.9997878541252192, 'epsilon': 3.0956541657384796e-09, 'hidden_layer_sizes': 166, 'learning_rate_init': 0.017073683496790493, 'tol': 0.00012872281825724457, 'validation_fraction': 0.6998106878252554}
observation time 0.000004, current best 0.372702 at iter 14
saving meta data: {'args': {'--uuid': '538694531e4755f5a8b9a65328c70eb0', '-db-root': '/home/ryedida/bbo_challenge_starter_kit/output', '--opt-root': '/home/ryedida/bbo_challenge_starter_kit/example_submissions', '--data-root': None, '--db': 'run_20230422_030001', '--opt': 'random-search', '--data': 'breast', '--classifier': 'MLP-adam', '--metric': 'nll', '--calls': 15, '--suggestions': 1, '--jobs-file': None, '--verbose': False, 'dry_run': False, 'rev': 'a376313', 'opt_rev': '0.0.8'}, 'signature': ([{'alpha': 0.019628224813442792, 'batch_size': 182, 'beta_1': 0.9410202200271762, 'beta_2': 0.9998021557676793, 'epsilon': 1.8662266976518e-08, 'hidden_layer_sizes': 147, 'learning_rate_init': 0.0005627932047415167, 'tol': 0.03690557729213761, 'validation_fraction': 0.8846827852548593}, {'alpha': 0.0019982467392329444, 'batch_size': 200, 'beta_1': 0.919111482530466, 'beta_2': 0.9998488260436156, 'epsilon': 5.981221901152555e-07, 'hidden_layer_sizes': 61, 'learning_rate_init': 2.2310905607443014e-05, 'tol': 1.2046852412030316e-05, 'validation_fraction': 0.8117896445826539}, {'alpha': 0.46659545670218433, 'batch_size': 219, 'beta_1': 0.9889789783750891, 'beta_2': 0.9999896868093284, 'epsilon': 2.4234724484675948e-08, 'hidden_layer_sizes': 167, 'learning_rate_init': 2.972334644335654e-05, 'tol': 0.0036281404040243792, 'validation_fraction': 0.17260651658522078}, {'alpha': 4.656005689076002, 'batch_size': 135, 'beta_1': 0.870503881627747, 'beta_2': 0.9948873266941017, 'epsilon': 2.1023308743480125e-07, 'hidden_layer_sizes': 118, 'learning_rate_init': 0.0018781738757161913, 'tol': 1.1889379831773004e-05, 'validation_fraction': 0.6264327093752792}, {'alpha': 0.04705159350400542, 'batch_size': 158, 'beta_1': 0.9870884262730957, 'beta_2': 0.9999596874382349, 'epsilon': 1.1981845126013875e-08, 'hidden_layer_sizes': 116, 'learning_rate_init': 0.00617340520407431, 'tol': 1.741413418158619e-05, 'validation_fraction': 0.6754299026638921}], [8.104566516477803, 14.643876498263253, 12.332285721418042, 5.2697835894868685, 3.490431081639362])}
saving results
saving timing
saving suggest log
done
