running: {'--uuid': '56b7adb3be6f55d7ad0754660336ad84', '-db-root': '/home/ryedida/bbo_challenge_starter_kit/output', '--opt-root': '/home/ryedida/bbo_challenge_starter_kit/example_submissions', '--data-root': None, '--db': 'run_20230422_030001', '--opt': 'smoothness', '--data': 'breast', '--classifier': 'MLP-adam', '--metric': 'nll', '--calls': 15, '--suggestions': 1, '--jobs-file': None, '--verbose': False, 'dry_run': False, 'rev': 'a376313', 'opt_rev': 'x.x.x'}
cmd: python smoothness/optimizer.py -c MLP-adam -d breast -o smoothness -u 56b7adb3be6f55d7ad0754660336ad84 -m nll -n 15 -p 1 -dir /home/ryedida/bbo_challenge_starter_kit/output -b run_20230422_030001
/home/ryedida/.local/lib/python3.9/site-packages/sklearn/neural_network/_multilayer_perceptron.py:605: UserWarning: Got `batch_size` less than 1 or larger than sample size. It is going to be clipped
  warnings.warn(

/home/ryedida/.local/lib/python3.9/site-packages/sklearn/neural_network/_multilayer_perceptron.py:605: UserWarning: Got `batch_size` less than 1 or larger than sample size. It is going to be clipped
  warnings.warn(

/home/ryedida/.local/lib/python3.9/site-packages/sklearn/neural_network/_multilayer_perceptron.py:605: UserWarning: Got `batch_size` less than 1 or larger than sample size. It is going to be clipped
  warnings.warn(

computed signature: ([{'alpha': 0.019628224813442792, 'batch_size': 182, 'beta_1': 0.9410202200271762, 'beta_2': 0.9998021557676793, 'epsilon': 1.8662266976518e-08, 'hidden_layer_sizes': 147, 'learning_rate_init': 0.0005627932047415167, 'tol': 0.03690557729213761, 'validation_fraction': 0.8846827852548593}, {'alpha': 0.0019982467392329444, 'batch_size': 200, 'beta_1': 0.919111482530466, 'beta_2': 0.9998488260436156, 'epsilon': 5.981221901152555e-07, 'hidden_layer_sizes': 61, 'learning_rate_init': 2.2310905607443014e-05, 'tol': 1.2046852412030316e-05, 'validation_fraction': 0.8117896445826539}, {'alpha': 0.46659545670218433, 'batch_size': 219, 'beta_1': 0.9889789783750891, 'beta_2': 0.9999896868093284, 'epsilon': 2.4234724484675948e-08, 'hidden_layer_sizes': 167, 'learning_rate_init': 2.972334644335654e-05, 'tol': 0.0036281404040243792, 'validation_fraction': 0.17260651658522078}, {'alpha': 4.656005689076002, 'batch_size': 135, 'beta_1': 0.870503881627747, 'beta_2': 0.9948873266941017, 'epsilon': 2.1023308743480125e-07, 'hidden_layer_sizes': 118, 'learning_rate_init': 0.0018781738757161913, 'tol': 1.1889379831773004e-05, 'validation_fraction': 0.6264327093752792}, {'alpha': 0.04705159350400542, 'batch_size': 158, 'beta_1': 0.9870884262730957, 'beta_2': 0.9999596874382349, 'epsilon': 1.1981845126013875e-08, 'hidden_layer_sizes': 116, 'learning_rate_init': 0.00617340520407431, 'tol': 1.741413418158619e-05, 'validation_fraction': 0.6754299026638921}], [8.104566516477803, 14.643876498263253, 12.332285721418042, 5.2697835894868685, 3.490431081639362])
/home/ryedida/.local/lib/python3.9/site-packages/bayesmark/signatures.py:85: RuntimeWarning: Signature diverged on MLP-adam_breast_nll betwen [ 4.58589285 14.6438765   8.74044796  0.67466158  3.06872636] and [ 8.10456652 20.07092365 12.33228572  5.26978359  3.49043108]
  warnings.warn(

Signature errors:
                            0         1         2         3         4       max
MLP-adam_breast_nll  3.518674  5.427047  3.591838  4.595122  0.421705  5.427047
max                  3.518674  5.427047  3.591838  4.595122  0.421705  5.427047
starting sklearn study smoothness MLP-adam breast nll 15 1
with data root: None
suggestion time taken 11.273296 iter 0 next_points [{'alpha': 9.984606795594972e-05, 'batch_size': 17, 'beta_1': 0.9874769596109106, 'beta_2': 0.9999304818200817, 'epsilon': 1.0663332672807807e-08, 'hidden_layer_sizes': 71, 'learning_rate_init': 1.2404009614157513e-05, 'tol': 0.0010124610698665532, 'validation_fraction': 0.8910668433356084}]
function_evaluation time 0.124428 value 18.976544 suggestion {'alpha': 9.984606795594972e-05, 'batch_size': 17, 'beta_1': 0.9874769596109106, 'beta_2': 0.9999304818200817, 'epsilon': 1.0663332672807807e-08, 'hidden_layer_sizes': 71, 'learning_rate_init': 1.2404009614157513e-05, 'tol': 0.0010124610698665532, 'validation_fraction': 0.8910668433356084}
observation time 0.000007, current best 18.976544 at iter 0
suggestion time taken 11.260363 iter 1 next_points [{'alpha': 0.07124680400803193, 'batch_size': 58, 'beta_1': 0.6616783495109138, 'beta_2': 0.9999989703304428, 'epsilon': 4.2737134328560583e-08, 'hidden_layer_sizes': 74, 'learning_rate_init': 0.058534664374301465, 'tol': 0.0005976012423240376, 'validation_fraction': 0.8452445858349762}]
function_evaluation time 0.213207 value 0.865297 suggestion {'alpha': 0.07124680400803193, 'batch_size': 58, 'beta_1': 0.6616783495109138, 'beta_2': 0.9999989703304428, 'epsilon': 4.2737134328560583e-08, 'hidden_layer_sizes': 74, 'learning_rate_init': 0.058534664374301465, 'tol': 0.0005976012423240376, 'validation_fraction': 0.8452445858349762}
observation time 0.000006, current best 0.865297 at iter 1
suggestion time taken 11.056429 iter 2 next_points [{'alpha': 7.26924193011681e-05, 'batch_size': 19, 'beta_1': 0.9801724024892076, 'beta_2': 0.9990672016121201, 'epsilon': 3.377934061010671e-09, 'hidden_layer_sizes': 84, 'learning_rate_init': 0.0004681834536309783, 'tol': 2.455010804209668e-05, 'validation_fraction': 0.6469849917298005}]
function_evaluation time 0.718736 value 0.455509 suggestion {'alpha': 7.26924193011681e-05, 'batch_size': 19, 'beta_1': 0.9801724024892076, 'beta_2': 0.9990672016121201, 'epsilon': 3.377934061010671e-09, 'hidden_layer_sizes': 84, 'learning_rate_init': 0.0004681834536309783, 'tol': 2.455010804209668e-05, 'validation_fraction': 0.6469849917298005}
observation time 0.000006, current best 0.455509 at iter 2
suggestion time taken 11.261115 iter 3 next_points [{'alpha': 0.002539769703970807, 'batch_size': 66, 'beta_1': 0.8220000832177377, 'beta_2': 0.9999923819471879, 'epsilon': 1.5025922173325184e-07, 'hidden_layer_sizes': 88, 'learning_rate_init': 0.00045481333097874575, 'tol': 0.0036347669017524242, 'validation_fraction': 0.22651842233391342}]
function_evaluation time 0.280637 value 0.430080 suggestion {'alpha': 0.002539769703970807, 'batch_size': 66, 'beta_1': 0.8220000832177377, 'beta_2': 0.9999923819471879, 'epsilon': 1.5025922173325184e-07, 'hidden_layer_sizes': 88, 'learning_rate_init': 0.00045481333097874575, 'tol': 0.0036347669017524242, 'validation_fraction': 0.22651842233391342}
observation time 0.000005, current best 0.430080 at iter 3
suggestion time taken 11.017563 iter 4 next_points [{'alpha': 0.00017178193764885946, 'batch_size': 14, 'beta_1': 0.9863697435856001, 'beta_2': 0.9996002360858888, 'epsilon': 8.620722532176506e-07, 'hidden_layer_sizes': 51, 'learning_rate_init': 0.011497992921383834, 'tol': 0.0003291528888825377, 'validation_fraction': 0.5490934337420137}]
function_evaluation time 0.554710 value 1.074775 suggestion {'alpha': 0.00017178193764885946, 'batch_size': 14, 'beta_1': 0.9863697435856001, 'beta_2': 0.9996002360858888, 'epsilon': 8.620722532176506e-07, 'hidden_layer_sizes': 51, 'learning_rate_init': 0.011497992921383834, 'tol': 0.0003291528888825377, 'validation_fraction': 0.5490934337420137}
observation time 0.000005, current best 0.430080 at iter 4
suggestion time taken 11.446641 iter 5 next_points [{'alpha': 1.92485937815912e-05, 'batch_size': 18, 'beta_1': 0.897466887045445, 'beta_2': 0.9754504429827191, 'epsilon': 1.7729628869604795e-08, 'hidden_layer_sizes': 126, 'learning_rate_init': 9.031481148438387e-05, 'tol': 0.0014013309628832572, 'validation_fraction': 0.32014971450413837}]
function_evaluation time 1.057162 value 0.348309 suggestion {'alpha': 1.92485937815912e-05, 'batch_size': 18, 'beta_1': 0.897466887045445, 'beta_2': 0.9754504429827191, 'epsilon': 1.7729628869604795e-08, 'hidden_layer_sizes': 126, 'learning_rate_init': 9.031481148438387e-05, 'tol': 0.0014013309628832572, 'validation_fraction': 0.32014971450413837}
observation time 0.000008, current best 0.348309 at iter 5
suggestion time taken 11.087349 iter 6 next_points [{'alpha': 1.2342669721741294e-05, 'batch_size': 12, 'beta_1': 0.9891248436589264, 'beta_2': 0.9999922783790276, 'epsilon': 2.142817293900817e-09, 'hidden_layer_sizes': 68, 'learning_rate_init': 7.496686222775119e-05, 'tol': 3.361775544900786e-05, 'validation_fraction': 0.7945351390127957}]
function_evaluation time 0.220581 value 14.474985 suggestion {'alpha': 1.2342669721741294e-05, 'batch_size': 12, 'beta_1': 0.9891248436589264, 'beta_2': 0.9999922783790276, 'epsilon': 2.142817293900817e-09, 'hidden_layer_sizes': 68, 'learning_rate_init': 7.496686222775119e-05, 'tol': 3.361775544900786e-05, 'validation_fraction': 0.7945351390127957}
observation time 0.000005, current best 0.348309 at iter 6
suggestion time taken 11.190918 iter 7 next_points [{'alpha': 0.5653174536876454, 'batch_size': 43, 'beta_1': 0.7802672763507746, 'beta_2': 0.9998088491917205, 'epsilon': 3.6358239270913304e-08, 'hidden_layer_sizes': 72, 'learning_rate_init': 6.301325432084963e-05, 'tol': 0.08450119624575361, 'validation_fraction': 0.5254650015261447}]
function_evaluation time 0.148621 value 9.526005 suggestion {'alpha': 0.5653174536876454, 'batch_size': 43, 'beta_1': 0.7802672763507746, 'beta_2': 0.9998088491917205, 'epsilon': 3.6358239270913304e-08, 'hidden_layer_sizes': 72, 'learning_rate_init': 6.301325432084963e-05, 'tol': 0.08450119624575361, 'validation_fraction': 0.5254650015261447}
observation time 0.000006, current best 0.348309 at iter 7
suggestion time taken 10.931330 iter 8 next_points [{'alpha': 0.0276611199091738, 'batch_size': 29, 'beta_1': 0.9217628086734972, 'beta_2': 0.9999681619385825, 'epsilon': 7.34927052308372e-09, 'hidden_layer_sizes': 99, 'learning_rate_init': 0.09301780413923179, 'tol': 6.103694718149691e-05, 'validation_fraction': 0.7101219535076879}]
function_evaluation time 0.289453 value 10.517036 suggestion {'alpha': 0.0276611199091738, 'batch_size': 29, 'beta_1': 0.9217628086734972, 'beta_2': 0.9999681619385825, 'epsilon': 7.34927052308372e-09, 'hidden_layer_sizes': 99, 'learning_rate_init': 0.09301780413923179, 'tol': 6.103694718149691e-05, 'validation_fraction': 0.7101219535076879}
observation time 0.000005, current best 0.348309 at iter 8
suggestion time taken 11.004241 iter 9 next_points [{'alpha': 1.5825066185094225, 'batch_size': 15, 'beta_1': 0.9856196534499176, 'beta_2': 0.9958078564979516, 'epsilon': 4.088235354698315e-08, 'hidden_layer_sizes': 74, 'learning_rate_init': 0.00019320633453510385, 'tol': 0.06448530823849247, 'validation_fraction': 0.6149348531413499}]
function_evaluation time 0.316303 value 0.569215 suggestion {'alpha': 1.5825066185094225, 'batch_size': 15, 'beta_1': 0.9856196534499176, 'beta_2': 0.9958078564979516, 'epsilon': 4.088235354698315e-08, 'hidden_layer_sizes': 74, 'learning_rate_init': 0.00019320633453510385, 'tol': 0.06448530823849247, 'validation_fraction': 0.6149348531413499}
observation time 0.000005, current best 0.348309 at iter 9
suggestion time taken 11.354084 iter 10 next_points [{'alpha': 0.00014336152492277457, 'batch_size': 19, 'beta_1': 0.9763753892778083, 'beta_2': 0.9999974730229612, 'epsilon': 6.137765380672514e-08, 'hidden_layer_sizes': 86, 'learning_rate_init': 0.00019591675487237302, 'tol': 9.60368911056659e-05, 'validation_fraction': 0.3493134726994261}]
function_evaluation time 0.643553 value 5.408516 suggestion {'alpha': 0.00014336152492277457, 'batch_size': 19, 'beta_1': 0.9763753892778083, 'beta_2': 0.9999974730229612, 'epsilon': 6.137765380672514e-08, 'hidden_layer_sizes': 86, 'learning_rate_init': 0.00019591675487237302, 'tol': 9.60368911056659e-05, 'validation_fraction': 0.3493134726994261}
observation time 0.000005, current best 0.348309 at iter 10
suggestion time taken 10.857219 iter 11 next_points [{'alpha': 1.9050532878058925e-05, 'batch_size': 35, 'beta_1': 0.7253831932916981, 'beta_2': 0.9999465781841655, 'epsilon': 1.6453815746883968e-09, 'hidden_layer_sizes': 62, 'learning_rate_init': 0.0001027574553186041, 'tol': 0.02473405065091671, 'validation_fraction': 0.8893177041943469}]
function_evaluation time 0.105425 value 21.293713 suggestion {'alpha': 1.9050532878058925e-05, 'batch_size': 35, 'beta_1': 0.7253831932916981, 'beta_2': 0.9999465781841655, 'epsilon': 1.6453815746883968e-09, 'hidden_layer_sizes': 62, 'learning_rate_init': 0.0001027574553186041, 'tol': 0.02473405065091671, 'validation_fraction': 0.8893177041943469}
observation time 0.000005, current best 0.348309 at iter 11
suggestion time taken 11.016223 iter 12 next_points [{'alpha': 8.51063859157086, 'batch_size': 22, 'beta_1': 0.9787354876353412, 'beta_2': 0.9975001562658711, 'epsilon': 3.5127273645186146e-08, 'hidden_layer_sizes': 191, 'learning_rate_init': 1.7606288490422405e-05, 'tol': 9.739977970058435e-05, 'validation_fraction': 0.7129988715682978}]
function_evaluation time 0.194458 value 10.382712 suggestion {'alpha': 8.51063859157086, 'batch_size': 22, 'beta_1': 0.9787354876353412, 'beta_2': 0.9975001562658711, 'epsilon': 3.5127273645186146e-08, 'hidden_layer_sizes': 191, 'learning_rate_init': 1.7606288490422405e-05, 'tol': 9.739977970058435e-05, 'validation_fraction': 0.7129988715682978}
observation time 0.000005, current best 0.348309 at iter 12
suggestion time taken 11.343599 iter 13 next_points [{'alpha': 3.174495448192293, 'batch_size': 15, 'beta_1': 0.7272604290632112, 'beta_2': 0.9368064508135051, 'epsilon': 2.324736306159174e-08, 'hidden_layer_sizes': 172, 'learning_rate_init': 3.296115335303884e-05, 'tol': 0.000158280824756944, 'validation_fraction': 0.15671072877138023}]
function_evaluation time 0.717047 value 2.997986 suggestion {'alpha': 3.174495448192293, 'batch_size': 15, 'beta_1': 0.7272604290632112, 'beta_2': 0.9368064508135051, 'epsilon': 2.324736306159174e-08, 'hidden_layer_sizes': 172, 'learning_rate_init': 3.296115335303884e-05, 'tol': 0.000158280824756944, 'validation_fraction': 0.15671072877138023}
observation time 0.000006, current best 0.348309 at iter 13
suggestion time taken 10.969631 iter 14 next_points [{'alpha': 0.016409139727611075, 'batch_size': 21, 'beta_1': 0.9501380917707926, 'beta_2': 0.9998853895155635, 'epsilon': 1.1971681651749365e-07, 'hidden_layer_sizes': 83, 'learning_rate_init': 0.0002994736161450118, 'tol': 3.4270543138614646e-05, 'validation_fraction': 0.14601846476736813}]
function_evaluation time 0.473463 value 0.518635 suggestion {'alpha': 0.016409139727611075, 'batch_size': 21, 'beta_1': 0.9501380917707926, 'beta_2': 0.9998853895155635, 'epsilon': 1.1971681651749365e-07, 'hidden_layer_sizes': 83, 'learning_rate_init': 0.0002994736161450118, 'tol': 3.4270543138614646e-05, 'validation_fraction': 0.14601846476736813}
observation time 0.000005, current best 0.348309 at iter 14
saving meta data: {'args': {'--uuid': '56b7adb3be6f55d7ad0754660336ad84', '-db-root': '/home/ryedida/bbo_challenge_starter_kit/output', '--opt-root': '/home/ryedida/bbo_challenge_starter_kit/example_submissions', '--data-root': None, '--db': 'run_20230422_030001', '--opt': 'smoothness', '--data': 'breast', '--classifier': 'MLP-adam', '--metric': 'nll', '--calls': 15, '--suggestions': 1, '--jobs-file': None, '--verbose': False, 'dry_run': False, 'rev': 'a376313', 'opt_rev': 'x.x.x'}, 'signature': ([{'alpha': 0.019628224813442792, 'batch_size': 182, 'beta_1': 0.9410202200271762, 'beta_2': 0.9998021557676793, 'epsilon': 1.8662266976518e-08, 'hidden_layer_sizes': 147, 'learning_rate_init': 0.0005627932047415167, 'tol': 0.03690557729213761, 'validation_fraction': 0.8846827852548593}, {'alpha': 0.0019982467392329444, 'batch_size': 200, 'beta_1': 0.919111482530466, 'beta_2': 0.9998488260436156, 'epsilon': 5.981221901152555e-07, 'hidden_layer_sizes': 61, 'learning_rate_init': 2.2310905607443014e-05, 'tol': 1.2046852412030316e-05, 'validation_fraction': 0.8117896445826539}, {'alpha': 0.46659545670218433, 'batch_size': 219, 'beta_1': 0.9889789783750891, 'beta_2': 0.9999896868093284, 'epsilon': 2.4234724484675948e-08, 'hidden_layer_sizes': 167, 'learning_rate_init': 2.972334644335654e-05, 'tol': 0.0036281404040243792, 'validation_fraction': 0.17260651658522078}, {'alpha': 4.656005689076002, 'batch_size': 135, 'beta_1': 0.870503881627747, 'beta_2': 0.9948873266941017, 'epsilon': 2.1023308743480125e-07, 'hidden_layer_sizes': 118, 'learning_rate_init': 0.0018781738757161913, 'tol': 1.1889379831773004e-05, 'validation_fraction': 0.6264327093752792}, {'alpha': 0.04705159350400542, 'batch_size': 158, 'beta_1': 0.9870884262730957, 'beta_2': 0.9999596874382349, 'epsilon': 1.1981845126013875e-08, 'hidden_layer_sizes': 116, 'learning_rate_init': 0.00617340520407431, 'tol': 1.741413418158619e-05, 'validation_fraction': 0.6754299026638921}], [8.104566516477803, 14.643876498263253, 12.332285721418042, 5.2697835894868685, 3.490431081639362])}
saving results
saving timing
saving suggest log
done
