running: {'--uuid': '60609618c6235b148959ffdf2f2c5117', '-db-root': '/home/ryedida/bbo_challenge_starter_kit/output', '--opt-root': '/home/ryedida/bbo_challenge_starter_kit/example_submissions', '--data-root': None, '--db': 'run_20230422_030001', '--opt': 'turbo', '--data': 'breast', '--classifier': 'MLP-adam', '--metric': 'acc', '--calls': 15, '--suggestions': 1, '--jobs-file': None, '--verbose': False, 'dry_run': False, 'rev': 'a376313', 'opt_rev': '0.0.1'}
cmd: python turbo/optimizer.py -c MLP-adam -d breast -o turbo -u 60609618c6235b148959ffdf2f2c5117 -m acc -n 15 -p 1 -dir /home/ryedida/bbo_challenge_starter_kit/output -b run_20230422_030001
/home/ryedida/.local/lib/python3.9/site-packages/sklearn/neural_network/_multilayer_perceptron.py:605: UserWarning: Got `batch_size` less than 1 or larger than sample size. It is going to be clipped
  warnings.warn(

/home/ryedida/.local/lib/python3.9/site-packages/sklearn/neural_network/_multilayer_perceptron.py:605: UserWarning: Got `batch_size` less than 1 or larger than sample size. It is going to be clipped
  warnings.warn(

/home/ryedida/.local/lib/python3.9/site-packages/sklearn/neural_network/_multilayer_perceptron.py:605: UserWarning: Got `batch_size` less than 1 or larger than sample size. It is going to be clipped
  warnings.warn(

computed signature: ([{'alpha': 0.019628224813442792, 'batch_size': 182, 'beta_1': 0.9410202200271762, 'beta_2': 0.9998021557676793, 'epsilon': 1.8662266976518e-08, 'hidden_layer_sizes': 147, 'learning_rate_init': 0.0005627932047415167, 'tol': 0.03690557729213761, 'validation_fraction': 0.8846827852548593}, {'alpha': 0.0019982467392329444, 'batch_size': 200, 'beta_1': 0.919111482530466, 'beta_2': 0.9998488260436156, 'epsilon': 5.981221901152555e-07, 'hidden_layer_sizes': 61, 'learning_rate_init': 2.2310905607443014e-05, 'tol': 1.2046852412030316e-05, 'validation_fraction': 0.8117896445826539}, {'alpha': 0.46659545670218433, 'batch_size': 219, 'beta_1': 0.9889789783750891, 'beta_2': 0.9999896868093284, 'epsilon': 2.4234724484675948e-08, 'hidden_layer_sizes': 167, 'learning_rate_init': 2.972334644335654e-05, 'tol': 0.0036281404040243792, 'validation_fraction': 0.17260651658522078}, {'alpha': 4.656005689076002, 'batch_size': 135, 'beta_1': 0.870503881627747, 'beta_2': 0.9948873266941017, 'epsilon': 2.1023308743480125e-07, 'hidden_layer_sizes': 118, 'learning_rate_init': 0.0018781738757161913, 'tol': 1.1889379831773004e-05, 'validation_fraction': 0.6264327093752792}, {'alpha': 0.04705159350400542, 'batch_size': 158, 'beta_1': 0.9870884262730957, 'beta_2': 0.9999596874382349, 'epsilon': 1.1981845126013875e-08, 'hidden_layer_sizes': 116, 'learning_rate_init': 0.00617340520407431, 'tol': 1.741413418158619e-05, 'validation_fraction': 0.6754299026638921}], [-0.676923076923077, -0.567032967032967, -0.545054945054945, -0.7824175824175824, -0.843956043956044])
/home/ryedida/.local/lib/python3.9/site-packages/bayesmark/signatures.py:85: RuntimeWarning: Signature diverged on MLP-adam_breast_acc betwen [-0.80659341 -0.56703297 -0.66593407 -0.87912088 -0.85934066] and [-0.67692308 -0.41758242 -0.54505495 -0.78241758 -0.84395604]
  warnings.warn(

Signature errors:
                           0         1         2         3         4       max
MLP-adam_breast_acc  0.12967  0.149451  0.120879  0.096703  0.015385  0.149451
max                  0.12967  0.149451  0.120879  0.096703  0.015385  0.149451
starting sklearn study turbo MLP-adam breast acc 15 1
with data root: None
suggestion time taken 0.002163 iter 0 next_points [{'alpha': 7.141013985645681, 'batch_size': 22, 'beta_1': 0.9335643027945937, 'beta_2': 0.9999874234117971, 'epsilon': 5.820240577555667e-09, 'hidden_layer_sizes': 87, 'learning_rate_init': 0.0015074046929053858, 'tol': 2.959299084304189e-05, 'validation_fraction': 0.7348129180287778}]
function_evaluation time 0.327636 value -0.905495 suggestion {'alpha': 7.141013985645681, 'batch_size': 22, 'beta_1': 0.9335643027945937, 'beta_2': 0.9999874234117971, 'epsilon': 5.820240577555667e-09, 'hidden_layer_sizes': 87, 'learning_rate_init': 0.0015074046929053858, 'tol': 2.959299084304189e-05, 'validation_fraction': 0.7348129180287778}
observation time 0.001395, current best -0.905495 at iter 0
suggestion time taken 0.001675 iter 1 next_points [{'alpha': 0.003974507034538188, 'batch_size': 78, 'beta_1': 0.9793500551166037, 'beta_2': 0.9393597850580578, 'epsilon': 3.439659866624072e-08, 'hidden_layer_sizes': 114, 'learning_rate_init': 0.011581529711708304, 'tol': 0.0073499561573876085, 'validation_fraction': 0.17145312306011773}]
function_evaluation time 0.254268 value -0.905495 suggestion {'alpha': 0.003974507034538188, 'batch_size': 78, 'beta_1': 0.9793500551166037, 'beta_2': 0.9393597850580578, 'epsilon': 3.439659866624072e-08, 'hidden_layer_sizes': 114, 'learning_rate_init': 0.011581529711708304, 'tol': 0.0073499561573876085, 'validation_fraction': 0.17145312306011773}
observation time 0.001331, current best -0.905495 at iter 1
suggestion time taken 0.001744 iter 2 next_points [{'alpha': 1.0170213844577338, 'batch_size': 50, 'beta_1': 0.9884434359678379, 'beta_2': 0.9765306252571375, 'epsilon': 1.495942258811972e-08, 'hidden_layer_sizes': 135, 'learning_rate_init': 0.00010828760000035709, 'tol': 0.022009784522255462, 'validation_fraction': 0.2059797134882387}]
function_evaluation time 0.280992 value -0.725275 suggestion {'alpha': 1.0170213844577338, 'batch_size': 50, 'beta_1': 0.9884434359678379, 'beta_2': 0.9765306252571375, 'epsilon': 1.495942258811972e-08, 'hidden_layer_sizes': 135, 'learning_rate_init': 0.00010828760000035709, 'tol': 0.022009784522255462, 'validation_fraction': 0.2059797134882387}
observation time 0.001405, current best -0.905495 at iter 2
suggestion time taken 0.001952 iter 3 next_points [{'alpha': 0.07371629506254403, 'batch_size': 31, 'beta_1': 0.6442135238021641, 'beta_2': 0.9999989804010891, 'epsilon': 8.030470781310837e-07, 'hidden_layer_sizes': 58, 'learning_rate_init': 0.004631763445419691, 'tol': 0.0010852831849586027, 'validation_fraction': 0.8495792971405033}]
function_evaluation time 0.208291 value -0.916484 suggestion {'alpha': 0.07371629506254403, 'batch_size': 31, 'beta_1': 0.6442135238021641, 'beta_2': 0.9999989804010891, 'epsilon': 8.030470781310837e-07, 'hidden_layer_sizes': 58, 'learning_rate_init': 0.004631763445419691, 'tol': 0.0010852831849586027, 'validation_fraction': 0.8495792971405033}
observation time 0.001384, current best -0.916484 at iter 3
suggestion time taken 0.001726 iter 4 next_points [{'alpha': 2.43607396829474, 'batch_size': 237, 'beta_1': 0.687595913144943, 'beta_2': 0.9996721241872436, 'epsilon': 3.697725316376441e-09, 'hidden_layer_sizes': 69, 'learning_rate_init': 0.00031431389260559007, 'tol': 1.1151382231476087e-05, 'validation_fraction': 0.5394121545464425}]
/home/ryedida/.local/lib/python3.9/site-packages/sklearn/neural_network/_multilayer_perceptron.py:605: UserWarning: Got `batch_size` less than 1 or larger than sample size. It is going to be clipped
  warnings.warn(

function_evaluation time 0.097139 value -0.562637 suggestion {'alpha': 2.43607396829474, 'batch_size': 237, 'beta_1': 0.687595913144943, 'beta_2': 0.9996721241872436, 'epsilon': 3.697725316376441e-09, 'hidden_layer_sizes': 69, 'learning_rate_init': 0.00031431389260559007, 'tol': 1.1151382231476087e-05, 'validation_fraction': 0.5394121545464425}
observation time 0.001404, current best -0.916484 at iter 4
suggestion time taken 0.001706 iter 5 next_points [{'alpha': 0.17490232830932506, 'batch_size': 249, 'beta_1': 0.8854501574272358, 'beta_2': 0.99716083756554, 'epsilon': 2.3918779166009027e-08, 'hidden_layer_sizes': 76, 'learning_rate_init': 0.005519847813258557, 'tol': 0.0014877738277886137, 'validation_fraction': 0.26339185254509645}]
function_evaluation time 0.281606 value -0.894505 suggestion {'alpha': 0.17490232830932506, 'batch_size': 249, 'beta_1': 0.8854501574272358, 'beta_2': 0.99716083756554, 'epsilon': 2.3918779166009027e-08, 'hidden_layer_sizes': 76, 'learning_rate_init': 0.005519847813258557, 'tol': 0.0014877738277886137, 'validation_fraction': 0.26339185254509645}
observation time 0.001383, current best -0.916484 at iter 5
suggestion time taken 0.001717 iter 6 next_points [{'alpha': 0.00045129038895647756, 'batch_size': 153, 'beta_1': 0.7963915522765159, 'beta_2': 0.9991552698448934, 'epsilon': 1.0589349562632034e-07, 'hidden_layer_sizes': 128, 'learning_rate_init': 0.0010041419322995597, 'tol': 0.00016857391797310222, 'validation_fraction': 0.43084015539150455}]
function_evaluation time 0.280290 value -0.894505 suggestion {'alpha': 0.00045129038895647756, 'batch_size': 153, 'beta_1': 0.7963915522765159, 'beta_2': 0.9991552698448934, 'epsilon': 1.0589349562632034e-07, 'hidden_layer_sizes': 128, 'learning_rate_init': 0.0010041419322995597, 'tol': 0.00016857391797310222, 'validation_fraction': 0.43084015539150455}
observation time 0.001298, current best -0.916484 at iter 6
suggestion time taken 0.001732 iter 7 next_points [{'alpha': 0.43802193147724383, 'batch_size': 178, 'beta_1': 0.7556074231020532, 'beta_2': 0.9999927372922677, 'epsilon': 5.729257761896031e-07, 'hidden_layer_sizes': 192, 'learning_rate_init': 0.07795587060120118, 'tol': 0.0004956719843371936, 'validation_fraction': 0.8567069381815732}]
/home/ryedida/.local/lib/python3.9/site-packages/sklearn/neural_network/_multilayer_perceptron.py:605: UserWarning: Got `batch_size` less than 1 or larger than sample size. It is going to be clipped
  warnings.warn(

function_evaluation time 0.206857 value -0.898901 suggestion {'alpha': 0.43802193147724383, 'batch_size': 178, 'beta_1': 0.7556074231020532, 'beta_2': 0.9999927372922677, 'epsilon': 5.729257761896031e-07, 'hidden_layer_sizes': 192, 'learning_rate_init': 0.07795587060120118, 'tol': 0.0004956719843371936, 'validation_fraction': 0.8567069381815732}
observation time 0.001403, current best -0.916484 at iter 7
suggestion time taken 0.001887 iter 8 next_points [{'alpha': 5.6557357627816664e-05, 'batch_size': 127, 'beta_1': 0.8312391421101144, 'beta_2': 0.9978317702698501, 'epsilon': 2.7868187323601626e-09, 'hidden_layer_sizes': 190, 'learning_rate_init': 0.048379060296815116, 'tol': 0.025755011721257295, 'validation_fraction': 0.22658381554017915}]
function_evaluation time 0.239126 value -0.901099 suggestion {'alpha': 5.6557357627816664e-05, 'batch_size': 127, 'beta_1': 0.8312391421101144, 'beta_2': 0.9978317702698501, 'epsilon': 2.7868187323601626e-09, 'hidden_layer_sizes': 190, 'learning_rate_init': 0.048379060296815116, 'tol': 0.025755011721257295, 'validation_fraction': 0.22658381554017915}
observation time 0.001405, current best -0.916484 at iter 8
suggestion time taken 0.001697 iter 9 next_points [{'alpha': 0.002964274708308141, 'batch_size': 92, 'beta_1': 0.9614038621104694, 'beta_2': 0.9933786416600952, 'epsilon': 3.4535736940539225e-07, 'hidden_layer_sizes': 113, 'learning_rate_init': 0.00021038781399709475, 'tol': 0.0001959288826620349, 'validation_fraction': 0.5031005765726551}]
function_evaluation time 0.211738 value -0.637363 suggestion {'alpha': 0.002964274708308141, 'batch_size': 92, 'beta_1': 0.9614038621104694, 'beta_2': 0.9933786416600952, 'epsilon': 3.4535736940539225e-07, 'hidden_layer_sizes': 113, 'learning_rate_init': 0.00021038781399709475, 'tol': 0.0001959288826620349, 'validation_fraction': 0.5031005765726551}
observation time 0.001330, current best -0.916484 at iter 9
suggestion time taken 0.001911 iter 10 next_points [{'alpha': 0.0010067269833484217, 'batch_size': 192, 'beta_1': 0.9847800566548311, 'beta_2': 0.9993066160240784, 'epsilon': 1.1288245114891169e-09, 'hidden_layer_sizes': 177, 'learning_rate_init': 5.235218418641964e-05, 'tol': 0.00010592411708478022, 'validation_fraction': 0.7513734507828}]
/home/ryedida/.local/lib/python3.9/site-packages/sklearn/neural_network/_multilayer_perceptron.py:605: UserWarning: Got `batch_size` less than 1 or larger than sample size. It is going to be clipped
  warnings.warn(

function_evaluation time 0.112024 value -0.527473 suggestion {'alpha': 0.0010067269833484217, 'batch_size': 192, 'beta_1': 0.9847800566548311, 'beta_2': 0.9993066160240784, 'epsilon': 1.1288245114891169e-09, 'hidden_layer_sizes': 177, 'learning_rate_init': 5.235218418641964e-05, 'tol': 0.00010592411708478022, 'validation_fraction': 0.7513734507828}
observation time 0.001304, current best -0.916484 at iter 10
suggestion time taken 0.001722 iter 11 next_points [{'alpha': 0.02321832003222393, 'batch_size': 214, 'beta_1': 0.9138518395788291, 'beta_2': 0.9999675553836946, 'epsilon': 7.916549520707506e-09, 'hidden_layer_sizes': 157, 'learning_rate_init': 0.003323851449773449, 'tol': 5.6344970141258344e-05, 'validation_fraction': 0.7884475799665499}]
/home/ryedida/.local/lib/python3.9/site-packages/sklearn/neural_network/_multilayer_perceptron.py:605: UserWarning: Got `batch_size` less than 1 or larger than sample size. It is going to be clipped
  warnings.warn(

function_evaluation time 0.221939 value -0.903297 suggestion {'alpha': 0.02321832003222393, 'batch_size': 214, 'beta_1': 0.9138518395788291, 'beta_2': 0.9999675553836946, 'epsilon': 7.916549520707506e-09, 'hidden_layer_sizes': 157, 'learning_rate_init': 0.003323851449773449, 'tol': 5.6344970141258344e-05, 'validation_fraction': 0.7884475799665499}
observation time 0.001387, current best -0.916484 at iter 11
suggestion time taken 0.001724 iter 12 next_points [{'alpha': 0.0002438338875527699, 'batch_size': 110, 'beta_1': 0.5717516398716119, 'beta_2': 0.9884531041115648, 'epsilon': 1.0051819891859201e-08, 'hidden_layer_sizes': 50, 'learning_rate_init': 0.0006331588404980227, 'tol': 0.010599442249491211, 'validation_fraction': 0.3313613538202985}]
function_evaluation time 0.102524 value -0.782418 suggestion {'alpha': 0.0002438338875527699, 'batch_size': 110, 'beta_1': 0.5717516398716119, 'beta_2': 0.9884531041115648, 'epsilon': 1.0051819891859201e-08, 'hidden_layer_sizes': 50, 'learning_rate_init': 0.0006331588404980227, 'tol': 0.010599442249491211, 'validation_fraction': 0.3313613538202985}
observation time 0.001340, current best -0.916484 at iter 12
suggestion time taken 0.001740 iter 13 next_points [{'alpha': 0.00018057109595664525, 'batch_size': 164, 'beta_1': 0.8504346594100342, 'beta_2': 0.999995457732403, 'epsilon': 3.850310040609012e-08, 'hidden_layer_sizes': 147, 'learning_rate_init': 2.0066948027877783e-05, 'tol': 0.005030667951053499, 'validation_fraction': 0.6853378953359661}]
/home/ryedida/.local/lib/python3.9/site-packages/sklearn/neural_network/_multilayer_perceptron.py:605: UserWarning: Got `batch_size` less than 1 or larger than sample size. It is going to be clipped
  warnings.warn(

function_evaluation time 0.119630 value -0.509890 suggestion {'alpha': 0.00018057109595664525, 'batch_size': 164, 'beta_1': 0.8504346594100342, 'beta_2': 0.999995457732403, 'epsilon': 3.850310040609012e-08, 'hidden_layer_sizes': 147, 'learning_rate_init': 2.0066948027877783e-05, 'tol': 0.005030667951053499, 'validation_fraction': 0.6853378953359661}
observation time 0.001326, current best -0.916484 at iter 13
suggestion time taken 0.001684 iter 14 next_points [{'alpha': 1.6126242481887518, 'batch_size': 138, 'beta_1': 0.9709365773809701, 'beta_2': 0.9998603194025599, 'epsilon': 1.9703920513641164e-07, 'hidden_layer_sizes': 95, 'learning_rate_init': 1.1526222168894927e-05, 'tol': 2.170224493512726e-05, 'validation_fraction': 0.8787365232469677}]
/home/ryedida/.local/lib/python3.9/site-packages/sklearn/neural_network/_multilayer_perceptron.py:605: UserWarning: Got `batch_size` less than 1 or larger than sample size. It is going to be clipped
  warnings.warn(

function_evaluation time 0.085488 value -0.582418 suggestion {'alpha': 1.6126242481887518, 'batch_size': 138, 'beta_1': 0.9709365773809701, 'beta_2': 0.9998603194025599, 'epsilon': 1.9703920513641164e-07, 'hidden_layer_sizes': 95, 'learning_rate_init': 1.1526222168894927e-05, 'tol': 2.170224493512726e-05, 'validation_fraction': 0.8787365232469677}
observation time 0.001355, current best -0.916484 at iter 14
saving meta data: {'args': {'--uuid': '60609618c6235b148959ffdf2f2c5117', '-db-root': '/home/ryedida/bbo_challenge_starter_kit/output', '--opt-root': '/home/ryedida/bbo_challenge_starter_kit/example_submissions', '--data-root': None, '--db': 'run_20230422_030001', '--opt': 'turbo', '--data': 'breast', '--classifier': 'MLP-adam', '--metric': 'acc', '--calls': 15, '--suggestions': 1, '--jobs-file': None, '--verbose': False, 'dry_run': False, 'rev': 'a376313', 'opt_rev': '0.0.1'}, 'signature': ([{'alpha': 0.019628224813442792, 'batch_size': 182, 'beta_1': 0.9410202200271762, 'beta_2': 0.9998021557676793, 'epsilon': 1.8662266976518e-08, 'hidden_layer_sizes': 147, 'learning_rate_init': 0.0005627932047415167, 'tol': 0.03690557729213761, 'validation_fraction': 0.8846827852548593}, {'alpha': 0.0019982467392329444, 'batch_size': 200, 'beta_1': 0.919111482530466, 'beta_2': 0.9998488260436156, 'epsilon': 5.981221901152555e-07, 'hidden_layer_sizes': 61, 'learning_rate_init': 2.2310905607443014e-05, 'tol': 1.2046852412030316e-05, 'validation_fraction': 0.8117896445826539}, {'alpha': 0.46659545670218433, 'batch_size': 219, 'beta_1': 0.9889789783750891, 'beta_2': 0.9999896868093284, 'epsilon': 2.4234724484675948e-08, 'hidden_layer_sizes': 167, 'learning_rate_init': 2.972334644335654e-05, 'tol': 0.0036281404040243792, 'validation_fraction': 0.17260651658522078}, {'alpha': 4.656005689076002, 'batch_size': 135, 'beta_1': 0.870503881627747, 'beta_2': 0.9948873266941017, 'epsilon': 2.1023308743480125e-07, 'hidden_layer_sizes': 118, 'learning_rate_init': 0.0018781738757161913, 'tol': 1.1889379831773004e-05, 'validation_fraction': 0.6264327093752792}, {'alpha': 0.04705159350400542, 'batch_size': 158, 'beta_1': 0.9870884262730957, 'beta_2': 0.9999596874382349, 'epsilon': 1.1981845126013875e-08, 'hidden_layer_sizes': 116, 'learning_rate_init': 0.00617340520407431, 'tol': 1.741413418158619e-05, 'validation_fraction': 0.6754299026638921}], [-0.676923076923077, -0.567032967032967, -0.545054945054945, -0.7824175824175824, -0.843956043956044])}
saving results
saving timing
saving suggest log
done
