running: {'--uuid': 'eb92cb6301a3555f8eb4888a6c08d6cd', '-db-root': '/home/ryedida/bbo_challenge_starter_kit/output', '--opt-root': '/home/ryedida/bbo_challenge_starter_kit/example_submissions', '--data-root': None, '--db': 'run_20230422_030001', '--opt': 'opentuner', '--data': 'breast', '--classifier': 'MLP-adam', '--metric': 'acc', '--calls': 15, '--suggestions': 1, '--jobs-file': None, '--verbose': False, 'dry_run': False, 'rev': 'a376313', 'opt_rev': '0.8.8'}
cmd: python opentuner/optimizer.py -c MLP-adam -d breast -o opentuner -u eb92cb6301a3555f8eb4888a6c08d6cd -m acc -n 15 -p 1 -dir /home/ryedida/bbo_challenge_starter_kit/output -b run_20230422_030001
/home/ryedida/.local/lib/python3.9/site-packages/sklearn/neural_network/_multilayer_perceptron.py:605: UserWarning: Got `batch_size` less than 1 or larger than sample size. It is going to be clipped
  warnings.warn(

/home/ryedida/.local/lib/python3.9/site-packages/sklearn/neural_network/_multilayer_perceptron.py:605: UserWarning: Got `batch_size` less than 1 or larger than sample size. It is going to be clipped
  warnings.warn(

/home/ryedida/.local/lib/python3.9/site-packages/sklearn/neural_network/_multilayer_perceptron.py:605: UserWarning: Got `batch_size` less than 1 or larger than sample size. It is going to be clipped
  warnings.warn(

computed signature: ([{'alpha': 0.019628224813442792, 'batch_size': 182, 'beta_1': 0.9410202200271762, 'beta_2': 0.9998021557676793, 'epsilon': 1.8662266976518e-08, 'hidden_layer_sizes': 147, 'learning_rate_init': 0.0005627932047415167, 'tol': 0.03690557729213761, 'validation_fraction': 0.8846827852548593}, {'alpha': 0.0019982467392329444, 'batch_size': 200, 'beta_1': 0.919111482530466, 'beta_2': 0.9998488260436156, 'epsilon': 5.981221901152555e-07, 'hidden_layer_sizes': 61, 'learning_rate_init': 2.2310905607443014e-05, 'tol': 1.2046852412030316e-05, 'validation_fraction': 0.8117896445826539}, {'alpha': 0.46659545670218433, 'batch_size': 219, 'beta_1': 0.9889789783750891, 'beta_2': 0.9999896868093284, 'epsilon': 2.4234724484675948e-08, 'hidden_layer_sizes': 167, 'learning_rate_init': 2.972334644335654e-05, 'tol': 0.0036281404040243792, 'validation_fraction': 0.17260651658522078}, {'alpha': 4.656005689076002, 'batch_size': 135, 'beta_1': 0.870503881627747, 'beta_2': 0.9948873266941017, 'epsilon': 2.1023308743480125e-07, 'hidden_layer_sizes': 118, 'learning_rate_init': 0.0018781738757161913, 'tol': 1.1889379831773004e-05, 'validation_fraction': 0.6264327093752792}, {'alpha': 0.04705159350400542, 'batch_size': 158, 'beta_1': 0.9870884262730957, 'beta_2': 0.9999596874382349, 'epsilon': 1.1981845126013875e-08, 'hidden_layer_sizes': 116, 'learning_rate_init': 0.00617340520407431, 'tol': 1.741413418158619e-05, 'validation_fraction': 0.6754299026638921}], [-0.676923076923077, -0.567032967032967, -0.545054945054945, -0.7824175824175824, -0.843956043956044])
/home/ryedida/.local/lib/python3.9/site-packages/bayesmark/signatures.py:85: RuntimeWarning: Signature diverged on MLP-adam_breast_acc betwen [-0.80659341 -0.56703297 -0.66593407 -0.87912088 -0.85934066] and [-0.67692308 -0.41758242 -0.54505495 -0.78241758 -0.84395604]
  warnings.warn(

Signature errors:
                           0         1         2         3         4       max
MLP-adam_breast_acc  0.12967  0.149451  0.120879  0.096703  0.015385  0.149451
max                  0.12967  0.149451  0.120879  0.096703  0.015385  0.149451
starting sklearn study opentuner MLP-adam breast acc 15 1
with data root: None
suggestion time taken 0.017128 iter 0 next_points [{'hidden_layer_sizes': 134, 'alpha': 1.93260161669658, 'batch_size': 203, 'learning_rate_init': 0.09726593659923537, 'tol': 0.08373818323440434, 'validation_fraction': 0.34785322997194257, 'beta_1': 0.5340217636851163, 'beta_2': 0.9954726369452462, 'epsilon': 5.68641777582395e-07}]
function_evaluation time 0.226394 value -0.894505 suggestion {'hidden_layer_sizes': 134, 'alpha': 1.93260161669658, 'batch_size': 203, 'learning_rate_init': 0.09726593659923537, 'tol': 0.08373818323440434, 'validation_fraction': 0.34785322997194257, 'beta_1': 0.5340217636851163, 'beta_2': 0.9954726369452462, 'epsilon': 5.68641777582395e-07}
observation time 0.004272, current best -0.894505 at iter 0
suggestion time taken 0.007092 iter 1 next_points [{'hidden_layer_sizes': 134, 'alpha': 7.780949201368669, 'batch_size': 203, 'learning_rate_init': 0.09726593659923537, 'tol': 0.08373818323440434, 'validation_fraction': 0.34785322997194257, 'beta_1': 0.5340217636851163, 'beta_2': 0.9954726369452462, 'epsilon': 5.68641777582395e-07}]
function_evaluation time 0.172388 value -0.903297 suggestion {'hidden_layer_sizes': 134, 'alpha': 7.780949201368669, 'batch_size': 203, 'learning_rate_init': 0.09726593659923537, 'tol': 0.08373818323440434, 'validation_fraction': 0.34785322997194257, 'beta_1': 0.5340217636851163, 'beta_2': 0.9954726369452462, 'epsilon': 5.68641777582395e-07}
observation time 0.001724, current best -0.903297 at iter 1
suggestion time taken 0.021280 iter 2 next_points [{'alpha': 0.082596666015795, 'tol': 0.05875604931661032, 'beta_1': 0.7890222477668838, 'beta_2': 0.9820685871075747, 'validation_fraction': 0.2301090494451235, 'learning_rate_init': 0.06203085967516946, 'batch_size': 56, 'epsilon': 7.637588698433385e-07, 'hidden_layer_sizes': 179}]
function_evaluation time 0.261686 value -0.894505 suggestion {'alpha': 0.082596666015795, 'tol': 0.05875604931661032, 'beta_1': 0.7890222477668838, 'beta_2': 0.9820685871075747, 'validation_fraction': 0.2301090494451235, 'learning_rate_init': 0.06203085967516946, 'batch_size': 56, 'epsilon': 7.637588698433385e-07, 'hidden_layer_sizes': 179}
observation time 0.001822, current best -0.903297 at iter 2
suggestion time taken 0.046518 iter 3 next_points [{'alpha': 3.2383325652113304, 'tol': 0.026464872162875897, 'beta_1': 0.7260061793114803, 'beta_2': 0.9074097874300032, 'validation_fraction': 0.1357112512501286, 'learning_rate_init': 0.021442023343465278, 'batch_size': 14, 'epsilon': 9.8192795508542e-07, 'hidden_layer_sizes': 171}]
function_evaluation time 0.588265 value -0.887912 suggestion {'alpha': 3.2383325652113304, 'tol': 0.026464872162875897, 'beta_1': 0.7260061793114803, 'beta_2': 0.9074097874300032, 'validation_fraction': 0.1357112512501286, 'learning_rate_init': 0.021442023343465278, 'batch_size': 14, 'epsilon': 9.8192795508542e-07, 'hidden_layer_sizes': 171}
observation time 0.001994, current best -0.903297 at iter 3
suggestion time taken 0.006690 iter 4 next_points [{'hidden_layer_sizes': 134, 'alpha': 7.780949201368669, 'batch_size': 19, 'learning_rate_init': 0.09726593659923537, 'tol': 0.08373818323440434, 'validation_fraction': 0.34785322997194257, 'beta_1': 0.5340217636851163, 'beta_2': 0.9954726369452462, 'epsilon': 5.68641777582395e-07}]
function_evaluation time 0.368757 value -0.901099 suggestion {'hidden_layer_sizes': 134, 'alpha': 7.780949201368669, 'batch_size': 19, 'learning_rate_init': 0.09726593659923537, 'tol': 0.08373818323440434, 'validation_fraction': 0.34785322997194257, 'beta_1': 0.5340217636851163, 'beta_2': 0.9954726369452462, 'epsilon': 5.68641777582395e-07}
observation time 0.001885, current best -0.903297 at iter 4
suggestion time taken 0.006896 iter 5 next_points [{'hidden_layer_sizes': 147, 'alpha': 7.780949201368669, 'batch_size': 200, 'learning_rate_init': 0.09800569914842787, 'tol': 0.08373818323440434, 'validation_fraction': 0.34785322997194257, 'beta_1': 0.5340217636851163, 'beta_2': 0.9954726369452462, 'epsilon': 5.68641777582395e-07}]
function_evaluation time 0.197142 value -0.892308 suggestion {'hidden_layer_sizes': 147, 'alpha': 7.780949201368669, 'batch_size': 200, 'learning_rate_init': 0.09800569914842787, 'tol': 0.08373818323440434, 'validation_fraction': 0.34785322997194257, 'beta_1': 0.5340217636851163, 'beta_2': 0.9954726369452462, 'epsilon': 5.68641777582395e-07}
observation time 0.001890, current best -0.903297 at iter 5
suggestion time taken 0.006773 iter 6 next_points [{'hidden_layer_sizes': 134, 'alpha': 7.780949201368669, 'batch_size': 203, 'learning_rate_init': 0.06915576267658922, 'tol': 0.08373818323440434, 'validation_fraction': 0.34785322997194257, 'beta_1': 0.5340217636851163, 'beta_2': 0.9954726369452462, 'epsilon': 5.68641777582395e-07}]
function_evaluation time 0.179209 value -0.894505 suggestion {'hidden_layer_sizes': 134, 'alpha': 7.780949201368669, 'batch_size': 203, 'learning_rate_init': 0.06915576267658922, 'tol': 0.08373818323440434, 'validation_fraction': 0.34785322997194257, 'beta_1': 0.5340217636851163, 'beta_2': 0.9954726369452462, 'epsilon': 5.68641777582395e-07}
observation time 0.002139, current best -0.903297 at iter 6
suggestion time taken 0.007426 iter 7 next_points [{'hidden_layer_sizes': 134, 'alpha': 7.41873211715237, 'batch_size': 203, 'learning_rate_init': 0.08941014150835873, 'tol': 0.09794128033738018, 'validation_fraction': 0.34785322997194257, 'beta_1': 0.5340217636851163, 'beta_2': 0.9954726369452462, 'epsilon': 5.342548973502327e-07}]
function_evaluation time 0.185128 value -0.905495 suggestion {'hidden_layer_sizes': 134, 'alpha': 7.41873211715237, 'batch_size': 203, 'learning_rate_init': 0.08941014150835873, 'tol': 0.09794128033738018, 'validation_fraction': 0.34785322997194257, 'beta_1': 0.5340217636851163, 'beta_2': 0.9954726369452462, 'epsilon': 5.342548973502327e-07}
observation time 0.001957, current best -0.905495 at iter 7
suggestion time taken 0.006983 iter 8 next_points [{'hidden_layer_sizes': 134, 'alpha': 7.41873211715237, 'batch_size': 203, 'learning_rate_init': 0.07940495585375433, 'tol': 0.09794128033738018, 'validation_fraction': 0.34785322997194257, 'beta_1': 0.5384725420905926, 'beta_2': 0.9954726369452462, 'epsilon': 7.105941942925066e-07}]
function_evaluation time 0.174462 value -0.883516 suggestion {'hidden_layer_sizes': 134, 'alpha': 7.41873211715237, 'batch_size': 203, 'learning_rate_init': 0.07940495585375433, 'tol': 0.09794128033738018, 'validation_fraction': 0.34785322997194257, 'beta_1': 0.5384725420905926, 'beta_2': 0.9954726369452462, 'epsilon': 7.105941942925066e-07}
observation time 0.001829, current best -0.905495 at iter 8
suggestion time taken 0.006949 iter 9 next_points [{'hidden_layer_sizes': 123, 'alpha': 7.80506099403952, 'batch_size': 203, 'learning_rate_init': 0.08941014150835873, 'tol': 0.09794128033738018, 'validation_fraction': 0.34785322997194257, 'beta_1': 0.5112250331719591, 'beta_2': 0.986301409892015, 'epsilon': 5.342548973502327e-07}]
function_evaluation time 0.174660 value -0.898901 suggestion {'hidden_layer_sizes': 123, 'alpha': 7.80506099403952, 'batch_size': 203, 'learning_rate_init': 0.08941014150835873, 'tol': 0.09794128033738018, 'validation_fraction': 0.34785322997194257, 'beta_1': 0.5112250331719591, 'beta_2': 0.986301409892015, 'epsilon': 5.342548973502327e-07}
observation time 0.002809, current best -0.905495 at iter 9
suggestion time taken 0.007126 iter 10 next_points [{'hidden_layer_sizes': 134, 'alpha': 6.760094460906833, 'batch_size': 208, 'learning_rate_init': 0.0749951859551689, 'tol': 0.09794128033738018, 'validation_fraction': 0.34785322997194257, 'beta_1': 0.5340217636851163, 'beta_2': 0.9954726369452462, 'epsilon': 4.1843917633674246e-07}]
function_evaluation time 0.172483 value -0.909890 suggestion {'hidden_layer_sizes': 134, 'alpha': 6.760094460906833, 'batch_size': 208, 'learning_rate_init': 0.0749951859551689, 'tol': 0.09794128033738018, 'validation_fraction': 0.34785322997194257, 'beta_1': 0.5340217636851163, 'beta_2': 0.9954726369452462, 'epsilon': 4.1843917633674246e-07}
observation time 0.001734, current best -0.909890 at iter 10
suggestion time taken 0.006988 iter 11 next_points [{'hidden_layer_sizes': 121, 'alpha': 6.540419537599991, 'batch_size': 177, 'learning_rate_init': 0.0749951859551689, 'tol': 0.09794128033738018, 'validation_fraction': 0.34785322997194257, 'beta_1': 0.5261876046239277, 'beta_2': 0.9838073774956598, 'epsilon': 4.036529598633033e-07}]
function_evaluation time 0.174890 value -0.903297 suggestion {'hidden_layer_sizes': 121, 'alpha': 6.540419537599991, 'batch_size': 177, 'learning_rate_init': 0.0749951859551689, 'tol': 0.09794128033738018, 'validation_fraction': 0.34785322997194257, 'beta_1': 0.5261876046239277, 'beta_2': 0.9838073774956598, 'epsilon': 4.036529598633033e-07}
observation time 0.002129, current best -0.909890 at iter 11
suggestion time taken 0.006697 iter 12 next_points [{'hidden_layer_sizes': 133, 'alpha': 6.760094460906833, 'batch_size': 208, 'learning_rate_init': 0.0749951859551689, 'tol': 0.09794128033738018, 'validation_fraction': 0.3011116513230675, 'beta_1': 0.5209817660789313, 'beta_2': 0.9954726369452462, 'epsilon': 4.1843917633674246e-07}]
function_evaluation time 0.183357 value -0.892308 suggestion {'hidden_layer_sizes': 133, 'alpha': 6.760094460906833, 'batch_size': 208, 'learning_rate_init': 0.0749951859551689, 'tol': 0.09794128033738018, 'validation_fraction': 0.3011116513230675, 'beta_1': 0.5209817660789313, 'beta_2': 0.9954726369452462, 'epsilon': 4.1843917633674246e-07}
observation time 0.002062, current best -0.909890 at iter 12
suggestion time taken 0.006801 iter 13 next_points [{'hidden_layer_sizes': 134, 'alpha': 6.760094460906833, 'batch_size': 191, 'learning_rate_init': 0.0749951859551689, 'tol': 0.09794128033738018, 'validation_fraction': 0.3855108028114146, 'beta_1': 0.5340217636851163, 'beta_2': 0.9954726369452462, 'epsilon': 4.1843917633674246e-07}]
function_evaluation time 0.164723 value -0.907692 suggestion {'hidden_layer_sizes': 134, 'alpha': 6.760094460906833, 'batch_size': 191, 'learning_rate_init': 0.0749951859551689, 'tol': 0.09794128033738018, 'validation_fraction': 0.3855108028114146, 'beta_1': 0.5340217636851163, 'beta_2': 0.9954726369452462, 'epsilon': 4.1843917633674246e-07}
observation time 0.001901, current best -0.909890 at iter 13
suggestion time taken 0.006983 iter 14 next_points [{'hidden_layer_sizes': 134, 'alpha': 6.83271606903756, 'batch_size': 205, 'learning_rate_init': 0.07462216577565155, 'tol': 0.09794128033738018, 'validation_fraction': 0.34785322997194257, 'beta_1': 0.5340217636851163, 'beta_2': 0.9954726369452462, 'epsilon': 4.85721363491758e-07}]
function_evaluation time 0.175781 value -0.896703 suggestion {'hidden_layer_sizes': 134, 'alpha': 6.83271606903756, 'batch_size': 205, 'learning_rate_init': 0.07462216577565155, 'tol': 0.09794128033738018, 'validation_fraction': 0.34785322997194257, 'beta_1': 0.5340217636851163, 'beta_2': 0.9954726369452462, 'epsilon': 4.85721363491758e-07}
observation time 0.001965, current best -0.909890 at iter 14
saving meta data: {'args': {'--uuid': 'eb92cb6301a3555f8eb4888a6c08d6cd', '-db-root': '/home/ryedida/bbo_challenge_starter_kit/output', '--opt-root': '/home/ryedida/bbo_challenge_starter_kit/example_submissions', '--data-root': None, '--db': 'run_20230422_030001', '--opt': 'opentuner', '--data': 'breast', '--classifier': 'MLP-adam', '--metric': 'acc', '--calls': 15, '--suggestions': 1, '--jobs-file': None, '--verbose': False, 'dry_run': False, 'rev': 'a376313', 'opt_rev': '0.8.8'}, 'signature': ([{'alpha': 0.019628224813442792, 'batch_size': 182, 'beta_1': 0.9410202200271762, 'beta_2': 0.9998021557676793, 'epsilon': 1.8662266976518e-08, 'hidden_layer_sizes': 147, 'learning_rate_init': 0.0005627932047415167, 'tol': 0.03690557729213761, 'validation_fraction': 0.8846827852548593}, {'alpha': 0.0019982467392329444, 'batch_size': 200, 'beta_1': 0.919111482530466, 'beta_2': 0.9998488260436156, 'epsilon': 5.981221901152555e-07, 'hidden_layer_sizes': 61, 'learning_rate_init': 2.2310905607443014e-05, 'tol': 1.2046852412030316e-05, 'validation_fraction': 0.8117896445826539}, {'alpha': 0.46659545670218433, 'batch_size': 219, 'beta_1': 0.9889789783750891, 'beta_2': 0.9999896868093284, 'epsilon': 2.4234724484675948e-08, 'hidden_layer_sizes': 167, 'learning_rate_init': 2.972334644335654e-05, 'tol': 0.0036281404040243792, 'validation_fraction': 0.17260651658522078}, {'alpha': 4.656005689076002, 'batch_size': 135, 'beta_1': 0.870503881627747, 'beta_2': 0.9948873266941017, 'epsilon': 2.1023308743480125e-07, 'hidden_layer_sizes': 118, 'learning_rate_init': 0.0018781738757161913, 'tol': 1.1889379831773004e-05, 'validation_fraction': 0.6264327093752792}, {'alpha': 0.04705159350400542, 'batch_size': 158, 'beta_1': 0.9870884262730957, 'beta_2': 0.9999596874382349, 'epsilon': 1.1981845126013875e-08, 'hidden_layer_sizes': 116, 'learning_rate_init': 0.00617340520407431, 'tol': 1.741413418158619e-05, 'validation_fraction': 0.6754299026638921}], [-0.676923076923077, -0.567032967032967, -0.545054945054945, -0.7824175824175824, -0.843956043956044])}
saving results
saving timing
saving suggest log
done
