running: {'--uuid': 'fc10d7a5c5275ca28a08e8645b59796f', '-db-root': '/home/ryedida/bbo_challenge_starter_kit/output', '--opt-root': '/home/ryedida/bbo_challenge_starter_kit/example_submissions', '--data-root': None, '--db': 'run_20230422_030001', '--opt': 'skopt', '--data': 'breast', '--classifier': 'MLP-adam', '--metric': 'nll', '--calls': 15, '--suggestions': 1, '--jobs-file': None, '--verbose': False, 'dry_run': False, 'rev': 'a376313', 'opt_rev': '0.9.0'}
cmd: python skopt/optimizer.py -c MLP-adam -d breast -o skopt -u fc10d7a5c5275ca28a08e8645b59796f -m nll -n 15 -p 1 -dir /home/ryedida/bbo_challenge_starter_kit/output -b run_20230422_030001
/home/ryedida/.local/lib/python3.9/site-packages/sklearn/neural_network/_multilayer_perceptron.py:605: UserWarning: Got `batch_size` less than 1 or larger than sample size. It is going to be clipped
  warnings.warn(

/home/ryedida/.local/lib/python3.9/site-packages/sklearn/neural_network/_multilayer_perceptron.py:605: UserWarning: Got `batch_size` less than 1 or larger than sample size. It is going to be clipped
  warnings.warn(

/home/ryedida/.local/lib/python3.9/site-packages/sklearn/neural_network/_multilayer_perceptron.py:605: UserWarning: Got `batch_size` less than 1 or larger than sample size. It is going to be clipped
  warnings.warn(

computed signature: ([{'alpha': 0.019628224813442792, 'batch_size': 182, 'beta_1': 0.9410202200271762, 'beta_2': 0.9998021557676793, 'epsilon': 1.8662266976518e-08, 'hidden_layer_sizes': 147, 'learning_rate_init': 0.0005627932047415167, 'tol': 0.03690557729213761, 'validation_fraction': 0.8846827852548593}, {'alpha': 0.0019982467392329444, 'batch_size': 200, 'beta_1': 0.919111482530466, 'beta_2': 0.9998488260436156, 'epsilon': 5.981221901152555e-07, 'hidden_layer_sizes': 61, 'learning_rate_init': 2.2310905607443014e-05, 'tol': 1.2046852412030316e-05, 'validation_fraction': 0.8117896445826539}, {'alpha': 0.46659545670218433, 'batch_size': 219, 'beta_1': 0.9889789783750891, 'beta_2': 0.9999896868093284, 'epsilon': 2.4234724484675948e-08, 'hidden_layer_sizes': 167, 'learning_rate_init': 2.972334644335654e-05, 'tol': 0.0036281404040243792, 'validation_fraction': 0.17260651658522078}, {'alpha': 4.656005689076002, 'batch_size': 135, 'beta_1': 0.870503881627747, 'beta_2': 0.9948873266941017, 'epsilon': 2.1023308743480125e-07, 'hidden_layer_sizes': 118, 'learning_rate_init': 0.0018781738757161913, 'tol': 1.1889379831773004e-05, 'validation_fraction': 0.6264327093752792}, {'alpha': 0.04705159350400542, 'batch_size': 158, 'beta_1': 0.9870884262730957, 'beta_2': 0.9999596874382349, 'epsilon': 1.1981845126013875e-08, 'hidden_layer_sizes': 116, 'learning_rate_init': 0.00617340520407431, 'tol': 1.741413418158619e-05, 'validation_fraction': 0.6754299026638921}], [8.104566516477803, 14.643876498263253, 12.332285721418042, 5.2697835894868685, 3.490431081639362])
/home/ryedida/.local/lib/python3.9/site-packages/bayesmark/signatures.py:85: RuntimeWarning: Signature diverged on MLP-adam_breast_nll betwen [ 4.58589285 14.6438765   8.74044796  0.67466158  3.06872636] and [ 8.10456652 20.07092365 12.33228572  5.26978359  3.49043108]
  warnings.warn(

Signature errors:
                            0         1         2         3         4       max
MLP-adam_breast_nll  3.518674  5.427047  3.591838  4.595122  0.421705  5.427047
max                  3.518674  5.427047  3.591838  4.595122  0.421705  5.427047
starting sklearn study skopt MLP-adam breast nll 15 1
with data root: None
Failure in optimizer suggest. Falling back to random search.
module 'numpy' has no attribute 'int'.
`np.int` was a deprecated alias for the builtin `int`. To avoid this error in existing code, use `int` by itself. Doing this will not modify any behavior and is safe. When replacing `np.int`, you may wish to use e.g. `np.int64` or `np.int32` to specify the precision. If you wish to review your current use, check the release note link for additional information.
The aliases was originally deprecated in NumPy 1.20; for more details and guidance see the original release note at:
    https://numpy.org/devdocs/release/1.20.0-notes.html#deprecations
Traceback (most recent call last):
  File "/home/ryedida/.local/lib/python3.9/site-packages/bayesmark/experiment.py", line 126, in run_study
    next_points = optimizer.suggest(n_suggestions)
  File "/home/ryedida/bbo_challenge_starter_kit/example_submissions/skopt/optimizer.py", line 116, in suggest
    next_guess = self.skopt.ask(n_points=n_suggestions)
  File "/home/ryedida/.local/lib/python3.9/site-packages/skopt/optimizer/optimizer.py", line 395, in ask
    x = opt.ask()
  File "/home/ryedida/.local/lib/python3.9/site-packages/skopt/optimizer/optimizer.py", line 367, in ask
    return self._ask()
  File "/home/ryedida/.local/lib/python3.9/site-packages/skopt/optimizer/optimizer.py", line 434, in _ask
    return self.space.rvs(random_state=self.rng)[0]
  File "/home/ryedida/.local/lib/python3.9/site-packages/skopt/space/space.py", line 900, in rvs
    columns.append(dim.rvs(n_samples=n_samples, random_state=rng))
  File "/home/ryedida/.local/lib/python3.9/site-packages/skopt/space/space.py", line 158, in rvs
    return self.inverse_transform(samples)
  File "/home/ryedida/.local/lib/python3.9/site-packages/skopt/space/space.py", line 528, in inverse_transform
    inv_transform = super(Integer, self).inverse_transform(Xt)
  File "/home/ryedida/.local/lib/python3.9/site-packages/skopt/space/space.py", line 168, in inverse_transform
    return self.transformer.inverse_transform(Xt)
  File "/home/ryedida/.local/lib/python3.9/site-packages/skopt/space/transformers.py", line 309, in inverse_transform
    X = transformer.inverse_transform(X)
  File "/home/ryedida/.local/lib/python3.9/site-packages/skopt/space/transformers.py", line 275, in inverse_transform
    return np.round(X_orig).astype(np.int)
  File "/home/ryedida/.local/lib/python3.9/site-packages/numpy/__init__.py", line 305, in __getattr__
    raise AttributeError(__former_attrs__[attr])
AttributeError: module 'numpy' has no attribute 'int'.
`np.int` was a deprecated alias for the builtin `int`. To avoid this error in existing code, use `int` by itself. Doing this will not modify any behavior and is safe. When replacing `np.int`, you may wish to use e.g. `np.int64` or `np.int32` to specify the precision. If you wish to review your current use, check the release note link for additional information.
The aliases was originally deprecated in NumPy 1.20; for more details and guidance see the original release note at:
    https://numpy.org/devdocs/release/1.20.0-notes.html#deprecations
suggestion time taken 0.004138 iter 0 next_points [{'alpha': 2.1064099974894737e-05, 'batch_size': 122, 'beta_1': 0.8672802491681373, 'beta_2': 0.9826289544070768, 'epsilon': 9.399275160802739e-08, 'hidden_layer_sizes': 189, 'learning_rate_init': 6.038652426597087e-05, 'tol': 0.01247065663926563, 'validation_fraction': 0.10086351915457303}]
function_evaluation time 0.252702 value 12.689127 suggestion {'alpha': 2.1064099974894737e-05, 'batch_size': 122, 'beta_1': 0.8672802491681373, 'beta_2': 0.9826289544070768, 'epsilon': 9.399275160802739e-08, 'hidden_layer_sizes': 189, 'learning_rate_init': 6.038652426597087e-05, 'tol': 0.01247065663926563, 'validation_fraction': 0.10086351915457303}
observation time 0.000168, current best 12.689127 at iter 0
Failure in optimizer suggest. Falling back to random search.
module 'numpy' has no attribute 'int'.
`np.int` was a deprecated alias for the builtin `int`. To avoid this error in existing code, use `int` by itself. Doing this will not modify any behavior and is safe. When replacing `np.int`, you may wish to use e.g. `np.int64` or `np.int32` to specify the precision. If you wish to review your current use, check the release note link for additional information.
The aliases was originally deprecated in NumPy 1.20; for more details and guidance see the original release note at:
    https://numpy.org/devdocs/release/1.20.0-notes.html#deprecations
Traceback (most recent call last):
  File "/home/ryedida/.local/lib/python3.9/site-packages/bayesmark/experiment.py", line 126, in run_study
    next_points = optimizer.suggest(n_suggestions)
  File "/home/ryedida/bbo_challenge_starter_kit/example_submissions/skopt/optimizer.py", line 116, in suggest
    next_guess = self.skopt.ask(n_points=n_suggestions)
  File "/home/ryedida/.local/lib/python3.9/site-packages/skopt/optimizer/optimizer.py", line 395, in ask
    x = opt.ask()
  File "/home/ryedida/.local/lib/python3.9/site-packages/skopt/optimizer/optimizer.py", line 367, in ask
    return self._ask()
  File "/home/ryedida/.local/lib/python3.9/site-packages/skopt/optimizer/optimizer.py", line 434, in _ask
    return self.space.rvs(random_state=self.rng)[0]
  File "/home/ryedida/.local/lib/python3.9/site-packages/skopt/space/space.py", line 900, in rvs
    columns.append(dim.rvs(n_samples=n_samples, random_state=rng))
  File "/home/ryedida/.local/lib/python3.9/site-packages/skopt/space/space.py", line 158, in rvs
    return self.inverse_transform(samples)
  File "/home/ryedida/.local/lib/python3.9/site-packages/skopt/space/space.py", line 528, in inverse_transform
    inv_transform = super(Integer, self).inverse_transform(Xt)
  File "/home/ryedida/.local/lib/python3.9/site-packages/skopt/space/space.py", line 168, in inverse_transform
    return self.transformer.inverse_transform(Xt)
  File "/home/ryedida/.local/lib/python3.9/site-packages/skopt/space/transformers.py", line 309, in inverse_transform
    X = transformer.inverse_transform(X)
  File "/home/ryedida/.local/lib/python3.9/site-packages/skopt/space/transformers.py", line 275, in inverse_transform
    return np.round(X_orig).astype(np.int)
  File "/home/ryedida/.local/lib/python3.9/site-packages/numpy/__init__.py", line 305, in __getattr__
    raise AttributeError(__former_attrs__[attr])
AttributeError: module 'numpy' has no attribute 'int'.
`np.int` was a deprecated alias for the builtin `int`. To avoid this error in existing code, use `int` by itself. Doing this will not modify any behavior and is safe. When replacing `np.int`, you may wish to use e.g. `np.int64` or `np.int32` to specify the precision. If you wish to review your current use, check the release note link for additional information.
The aliases was originally deprecated in NumPy 1.20; for more details and guidance see the original release note at:
    https://numpy.org/devdocs/release/1.20.0-notes.html#deprecations
suggestion time taken 0.003225 iter 1 next_points [{'alpha': 0.0004049997637235649, 'batch_size': 75, 'beta_1': 0.565162297669431, 'beta_2': 0.994325392791926, 'epsilon': 7.829226835482267e-08, 'hidden_layer_sizes': 195, 'learning_rate_init': 1.4135567478685997e-05, 'tol': 1.497594258191879e-05, 'validation_fraction': 0.2599546504682954}]
function_evaluation time 0.197642 value 16.774941 suggestion {'alpha': 0.0004049997637235649, 'batch_size': 75, 'beta_1': 0.565162297669431, 'beta_2': 0.994325392791926, 'epsilon': 7.829226835482267e-08, 'hidden_layer_sizes': 195, 'learning_rate_init': 1.4135567478685997e-05, 'tol': 1.497594258191879e-05, 'validation_fraction': 0.2599546504682954}
observation time 0.000175, current best 12.689127 at iter 1
Failure in optimizer suggest. Falling back to random search.
module 'numpy' has no attribute 'int'.
`np.int` was a deprecated alias for the builtin `int`. To avoid this error in existing code, use `int` by itself. Doing this will not modify any behavior and is safe. When replacing `np.int`, you may wish to use e.g. `np.int64` or `np.int32` to specify the precision. If you wish to review your current use, check the release note link for additional information.
The aliases was originally deprecated in NumPy 1.20; for more details and guidance see the original release note at:
    https://numpy.org/devdocs/release/1.20.0-notes.html#deprecations
Traceback (most recent call last):
  File "/home/ryedida/.local/lib/python3.9/site-packages/bayesmark/experiment.py", line 126, in run_study
    next_points = optimizer.suggest(n_suggestions)
  File "/home/ryedida/bbo_challenge_starter_kit/example_submissions/skopt/optimizer.py", line 116, in suggest
    next_guess = self.skopt.ask(n_points=n_suggestions)
  File "/home/ryedida/.local/lib/python3.9/site-packages/skopt/optimizer/optimizer.py", line 395, in ask
    x = opt.ask()
  File "/home/ryedida/.local/lib/python3.9/site-packages/skopt/optimizer/optimizer.py", line 367, in ask
    return self._ask()
  File "/home/ryedida/.local/lib/python3.9/site-packages/skopt/optimizer/optimizer.py", line 434, in _ask
    return self.space.rvs(random_state=self.rng)[0]
  File "/home/ryedida/.local/lib/python3.9/site-packages/skopt/space/space.py", line 900, in rvs
    columns.append(dim.rvs(n_samples=n_samples, random_state=rng))
  File "/home/ryedida/.local/lib/python3.9/site-packages/skopt/space/space.py", line 158, in rvs
    return self.inverse_transform(samples)
  File "/home/ryedida/.local/lib/python3.9/site-packages/skopt/space/space.py", line 528, in inverse_transform
    inv_transform = super(Integer, self).inverse_transform(Xt)
  File "/home/ryedida/.local/lib/python3.9/site-packages/skopt/space/space.py", line 168, in inverse_transform
    return self.transformer.inverse_transform(Xt)
  File "/home/ryedida/.local/lib/python3.9/site-packages/skopt/space/transformers.py", line 309, in inverse_transform
    X = transformer.inverse_transform(X)
  File "/home/ryedida/.local/lib/python3.9/site-packages/skopt/space/transformers.py", line 275, in inverse_transform
    return np.round(X_orig).astype(np.int)
  File "/home/ryedida/.local/lib/python3.9/site-packages/numpy/__init__.py", line 305, in __getattr__
    raise AttributeError(__former_attrs__[attr])
AttributeError: module 'numpy' has no attribute 'int'.
`np.int` was a deprecated alias for the builtin `int`. To avoid this error in existing code, use `int` by itself. Doing this will not modify any behavior and is safe. When replacing `np.int`, you may wish to use e.g. `np.int64` or `np.int32` to specify the precision. If you wish to review your current use, check the release note link for additional information.
The aliases was originally deprecated in NumPy 1.20; for more details and guidance see the original release note at:
    https://numpy.org/devdocs/release/1.20.0-notes.html#deprecations
suggestion time taken 0.003373 iter 2 next_points [{'alpha': 2.4898998342780665e-05, 'batch_size': 71, 'beta_1': 0.574993536117692, 'beta_2': 0.9999752048145085, 'epsilon': 6.422660522400676e-08, 'hidden_layer_sizes': 181, 'learning_rate_init': 0.001986812026511622, 'tol': 0.0003309572556006763, 'validation_fraction': 0.42990239943082514}]
function_evaluation time 0.249891 value 0.437278 suggestion {'alpha': 2.4898998342780665e-05, 'batch_size': 71, 'beta_1': 0.574993536117692, 'beta_2': 0.9999752048145085, 'epsilon': 6.422660522400676e-08, 'hidden_layer_sizes': 181, 'learning_rate_init': 0.001986812026511622, 'tol': 0.0003309572556006763, 'validation_fraction': 0.42990239943082514}
observation time 0.000144, current best 0.437278 at iter 2
Failure in optimizer suggest. Falling back to random search.
module 'numpy' has no attribute 'int'.
`np.int` was a deprecated alias for the builtin `int`. To avoid this error in existing code, use `int` by itself. Doing this will not modify any behavior and is safe. When replacing `np.int`, you may wish to use e.g. `np.int64` or `np.int32` to specify the precision. If you wish to review your current use, check the release note link for additional information.
The aliases was originally deprecated in NumPy 1.20; for more details and guidance see the original release note at:
    https://numpy.org/devdocs/release/1.20.0-notes.html#deprecations
Traceback (most recent call last):
  File "/home/ryedida/.local/lib/python3.9/site-packages/bayesmark/experiment.py", line 126, in run_study
    next_points = optimizer.suggest(n_suggestions)
  File "/home/ryedida/bbo_challenge_starter_kit/example_submissions/skopt/optimizer.py", line 116, in suggest
    next_guess = self.skopt.ask(n_points=n_suggestions)
  File "/home/ryedida/.local/lib/python3.9/site-packages/skopt/optimizer/optimizer.py", line 395, in ask
    x = opt.ask()
  File "/home/ryedida/.local/lib/python3.9/site-packages/skopt/optimizer/optimizer.py", line 367, in ask
    return self._ask()
  File "/home/ryedida/.local/lib/python3.9/site-packages/skopt/optimizer/optimizer.py", line 434, in _ask
    return self.space.rvs(random_state=self.rng)[0]
  File "/home/ryedida/.local/lib/python3.9/site-packages/skopt/space/space.py", line 900, in rvs
    columns.append(dim.rvs(n_samples=n_samples, random_state=rng))
  File "/home/ryedida/.local/lib/python3.9/site-packages/skopt/space/space.py", line 158, in rvs
    return self.inverse_transform(samples)
  File "/home/ryedida/.local/lib/python3.9/site-packages/skopt/space/space.py", line 528, in inverse_transform
    inv_transform = super(Integer, self).inverse_transform(Xt)
  File "/home/ryedida/.local/lib/python3.9/site-packages/skopt/space/space.py", line 168, in inverse_transform
    return self.transformer.inverse_transform(Xt)
  File "/home/ryedida/.local/lib/python3.9/site-packages/skopt/space/transformers.py", line 309, in inverse_transform
    X = transformer.inverse_transform(X)
  File "/home/ryedida/.local/lib/python3.9/site-packages/skopt/space/transformers.py", line 275, in inverse_transform
    return np.round(X_orig).astype(np.int)
  File "/home/ryedida/.local/lib/python3.9/site-packages/numpy/__init__.py", line 305, in __getattr__
    raise AttributeError(__former_attrs__[attr])
AttributeError: module 'numpy' has no attribute 'int'.
`np.int` was a deprecated alias for the builtin `int`. To avoid this error in existing code, use `int` by itself. Doing this will not modify any behavior and is safe. When replacing `np.int`, you may wish to use e.g. `np.int64` or `np.int32` to specify the precision. If you wish to review your current use, check the release note link for additional information.
The aliases was originally deprecated in NumPy 1.20; for more details and guidance see the original release note at:
    https://numpy.org/devdocs/release/1.20.0-notes.html#deprecations
suggestion time taken 0.003138 iter 3 next_points [{'alpha': 0.02145570177124238, 'batch_size': 200, 'beta_1': 0.7769322633721849, 'beta_2': 0.9999871804750164, 'epsilon': 2.488059659698911e-08, 'hidden_layer_sizes': 198, 'learning_rate_init': 0.0010103154214151243, 'tol': 0.03248300247725801, 'validation_fraction': 0.8381942670190982}]
/home/ryedida/.local/lib/python3.9/site-packages/sklearn/neural_network/_multilayer_perceptron.py:605: UserWarning: Got `batch_size` less than 1 or larger than sample size. It is going to be clipped
  warnings.warn(

function_evaluation time 0.148105 value 3.549055 suggestion {'alpha': 0.02145570177124238, 'batch_size': 200, 'beta_1': 0.7769322633721849, 'beta_2': 0.9999871804750164, 'epsilon': 2.488059659698911e-08, 'hidden_layer_sizes': 198, 'learning_rate_init': 0.0010103154214151243, 'tol': 0.03248300247725801, 'validation_fraction': 0.8381942670190982}
observation time 0.000147, current best 0.437278 at iter 3
Failure in optimizer suggest. Falling back to random search.
module 'numpy' has no attribute 'int'.
`np.int` was a deprecated alias for the builtin `int`. To avoid this error in existing code, use `int` by itself. Doing this will not modify any behavior and is safe. When replacing `np.int`, you may wish to use e.g. `np.int64` or `np.int32` to specify the precision. If you wish to review your current use, check the release note link for additional information.
The aliases was originally deprecated in NumPy 1.20; for more details and guidance see the original release note at:
    https://numpy.org/devdocs/release/1.20.0-notes.html#deprecations
Traceback (most recent call last):
  File "/home/ryedida/.local/lib/python3.9/site-packages/bayesmark/experiment.py", line 126, in run_study
    next_points = optimizer.suggest(n_suggestions)
  File "/home/ryedida/bbo_challenge_starter_kit/example_submissions/skopt/optimizer.py", line 116, in suggest
    next_guess = self.skopt.ask(n_points=n_suggestions)
  File "/home/ryedida/.local/lib/python3.9/site-packages/skopt/optimizer/optimizer.py", line 395, in ask
    x = opt.ask()
  File "/home/ryedida/.local/lib/python3.9/site-packages/skopt/optimizer/optimizer.py", line 367, in ask
    return self._ask()
  File "/home/ryedida/.local/lib/python3.9/site-packages/skopt/optimizer/optimizer.py", line 434, in _ask
    return self.space.rvs(random_state=self.rng)[0]
  File "/home/ryedida/.local/lib/python3.9/site-packages/skopt/space/space.py", line 900, in rvs
    columns.append(dim.rvs(n_samples=n_samples, random_state=rng))
  File "/home/ryedida/.local/lib/python3.9/site-packages/skopt/space/space.py", line 158, in rvs
    return self.inverse_transform(samples)
  File "/home/ryedida/.local/lib/python3.9/site-packages/skopt/space/space.py", line 528, in inverse_transform
    inv_transform = super(Integer, self).inverse_transform(Xt)
  File "/home/ryedida/.local/lib/python3.9/site-packages/skopt/space/space.py", line 168, in inverse_transform
    return self.transformer.inverse_transform(Xt)
  File "/home/ryedida/.local/lib/python3.9/site-packages/skopt/space/transformers.py", line 309, in inverse_transform
    X = transformer.inverse_transform(X)
  File "/home/ryedida/.local/lib/python3.9/site-packages/skopt/space/transformers.py", line 275, in inverse_transform
    return np.round(X_orig).astype(np.int)
  File "/home/ryedida/.local/lib/python3.9/site-packages/numpy/__init__.py", line 305, in __getattr__
    raise AttributeError(__former_attrs__[attr])
AttributeError: module 'numpy' has no attribute 'int'.
`np.int` was a deprecated alias for the builtin `int`. To avoid this error in existing code, use `int` by itself. Doing this will not modify any behavior and is safe. When replacing `np.int`, you may wish to use e.g. `np.int64` or `np.int32` to specify the precision. If you wish to review your current use, check the release note link for additional information.
The aliases was originally deprecated in NumPy 1.20; for more details and guidance see the original release note at:
    https://numpy.org/devdocs/release/1.20.0-notes.html#deprecations
suggestion time taken 0.003037 iter 4 next_points [{'alpha': 5.058146338047239e-05, 'batch_size': 78, 'beta_1': 0.9184235671560393, 'beta_2': 0.958523558319096, 'epsilon': 2.2075930057946157e-07, 'hidden_layer_sizes': 195, 'learning_rate_init': 0.09281407795242394, 'tol': 0.07708885638377361, 'validation_fraction': 0.6258049834920931}]
function_evaluation time 0.188145 value 2.970464 suggestion {'alpha': 5.058146338047239e-05, 'batch_size': 78, 'beta_1': 0.9184235671560393, 'beta_2': 0.958523558319096, 'epsilon': 2.2075930057946157e-07, 'hidden_layer_sizes': 195, 'learning_rate_init': 0.09281407795242394, 'tol': 0.07708885638377361, 'validation_fraction': 0.6258049834920931}
Failure in optimizer observe. Ignoring these observations.
module 'numpy' has no attribute 'int'.
`np.int` was a deprecated alias for the builtin `int`. To avoid this error in existing code, use `int` by itself. Doing this will not modify any behavior and is safe. When replacing `np.int`, you may wish to use e.g. `np.int64` or `np.int32` to specify the precision. If you wish to review your current use, check the release note link for additional information.
The aliases was originally deprecated in NumPy 1.20; for more details and guidance see the original release note at:
    https://numpy.org/devdocs/release/1.20.0-notes.html#deprecations
Traceback (most recent call last):
  File "/home/ryedida/.local/lib/python3.9/site-packages/bayesmark/experiment.py", line 172, in run_study
    optimizer.observe(next_points, eval_list)
  File "/home/ryedida/bbo_challenge_starter_kit/example_submissions/skopt/optimizer.py", line 146, in observe
    self.skopt.tell(xx, yy)
  File "/home/ryedida/.local/lib/python3.9/site-packages/skopt/optimizer/optimizer.py", line 493, in tell
    return self._tell(x, y, fit=fit)
  File "/home/ryedida/.local/lib/python3.9/site-packages/skopt/optimizer/optimizer.py", line 536, in _tell
    est.fit(self.space.transform(self.Xi), self.yi)
  File "/home/ryedida/.local/lib/python3.9/site-packages/skopt/space/space.py", line 969, in transform
    columns[j] = self.dimensions[j].transform(columns[j])
  File "/home/ryedida/.local/lib/python3.9/site-packages/skopt/space/space.py", line 162, in transform
    return self.transformer.transform(X)
  File "/home/ryedida/.local/lib/python3.9/site-packages/skopt/space/transformers.py", line 304, in transform
    X = transformer.transform(X)
  File "/home/ryedida/.local/lib/python3.9/site-packages/skopt/space/transformers.py", line 262, in transform
    return (np.round(X).astype(np.int) - self.low) /\
  File "/home/ryedida/.local/lib/python3.9/site-packages/numpy/__init__.py", line 305, in __getattr__
    raise AttributeError(__former_attrs__[attr])
AttributeError: module 'numpy' has no attribute 'int'.
`np.int` was a deprecated alias for the builtin `int`. To avoid this error in existing code, use `int` by itself. Doing this will not modify any behavior and is safe. When replacing `np.int`, you may wish to use e.g. `np.int64` or `np.int32` to specify the precision. If you wish to review your current use, check the release note link for additional information.
The aliases was originally deprecated in NumPy 1.20; for more details and guidance see the original release note at:
    https://numpy.org/devdocs/release/1.20.0-notes.html#deprecations
observation time 0.000865, current best 0.437278 at iter 4
Failure in optimizer suggest. Falling back to random search.
module 'numpy' has no attribute 'int'.
`np.int` was a deprecated alias for the builtin `int`. To avoid this error in existing code, use `int` by itself. Doing this will not modify any behavior and is safe. When replacing `np.int`, you may wish to use e.g. `np.int64` or `np.int32` to specify the precision. If you wish to review your current use, check the release note link for additional information.
The aliases was originally deprecated in NumPy 1.20; for more details and guidance see the original release note at:
    https://numpy.org/devdocs/release/1.20.0-notes.html#deprecations
Traceback (most recent call last):
  File "/home/ryedida/.local/lib/python3.9/site-packages/bayesmark/experiment.py", line 126, in run_study
    next_points = optimizer.suggest(n_suggestions)
  File "/home/ryedida/bbo_challenge_starter_kit/example_submissions/skopt/optimizer.py", line 116, in suggest
    next_guess = self.skopt.ask(n_points=n_suggestions)
  File "/home/ryedida/.local/lib/python3.9/site-packages/skopt/optimizer/optimizer.py", line 390, in ask
    opt = self.copy(random_state=self.rng.randint(0,
  File "/home/ryedida/.local/lib/python3.9/site-packages/skopt/optimizer/optimizer.py", line 331, in copy
    optimizer._tell(self.Xi, self.yi)
  File "/home/ryedida/.local/lib/python3.9/site-packages/skopt/optimizer/optimizer.py", line 536, in _tell
    est.fit(self.space.transform(self.Xi), self.yi)
  File "/home/ryedida/.local/lib/python3.9/site-packages/skopt/space/space.py", line 969, in transform
    columns[j] = self.dimensions[j].transform(columns[j])
  File "/home/ryedida/.local/lib/python3.9/site-packages/skopt/space/space.py", line 162, in transform
    return self.transformer.transform(X)
  File "/home/ryedida/.local/lib/python3.9/site-packages/skopt/space/transformers.py", line 304, in transform
    X = transformer.transform(X)
  File "/home/ryedida/.local/lib/python3.9/site-packages/skopt/space/transformers.py", line 262, in transform
    return (np.round(X).astype(np.int) - self.low) /\
  File "/home/ryedida/.local/lib/python3.9/site-packages/numpy/__init__.py", line 305, in __getattr__
    raise AttributeError(__former_attrs__[attr])
AttributeError: module 'numpy' has no attribute 'int'.
`np.int` was a deprecated alias for the builtin `int`. To avoid this error in existing code, use `int` by itself. Doing this will not modify any behavior and is safe. When replacing `np.int`, you may wish to use e.g. `np.int64` or `np.int32` to specify the precision. If you wish to review your current use, check the release note link for additional information.
The aliases was originally deprecated in NumPy 1.20; for more details and guidance see the original release note at:
    https://numpy.org/devdocs/release/1.20.0-notes.html#deprecations
suggestion time taken 0.003275 iter 5 next_points [{'alpha': 0.0047711905663814355, 'batch_size': 44, 'beta_1': 0.8616375455265513, 'beta_2': 0.9171414159943478, 'epsilon': 2.8381841871053866e-09, 'hidden_layer_sizes': 186, 'learning_rate_init': 2.9179503948259814e-05, 'tol': 0.00174483168392918, 'validation_fraction': 0.6855370484389097}]
function_evaluation time 0.150645 value 16.975387 suggestion {'alpha': 0.0047711905663814355, 'batch_size': 44, 'beta_1': 0.8616375455265513, 'beta_2': 0.9171414159943478, 'epsilon': 2.8381841871053866e-09, 'hidden_layer_sizes': 186, 'learning_rate_init': 2.9179503948259814e-05, 'tol': 0.00174483168392918, 'validation_fraction': 0.6855370484389097}
Failure in optimizer observe. Ignoring these observations.
module 'numpy' has no attribute 'int'.
`np.int` was a deprecated alias for the builtin `int`. To avoid this error in existing code, use `int` by itself. Doing this will not modify any behavior and is safe. When replacing `np.int`, you may wish to use e.g. `np.int64` or `np.int32` to specify the precision. If you wish to review your current use, check the release note link for additional information.
The aliases was originally deprecated in NumPy 1.20; for more details and guidance see the original release note at:
    https://numpy.org/devdocs/release/1.20.0-notes.html#deprecations
Traceback (most recent call last):
  File "/home/ryedida/.local/lib/python3.9/site-packages/bayesmark/experiment.py", line 172, in run_study
    optimizer.observe(next_points, eval_list)
  File "/home/ryedida/bbo_challenge_starter_kit/example_submissions/skopt/optimizer.py", line 146, in observe
    self.skopt.tell(xx, yy)
  File "/home/ryedida/.local/lib/python3.9/site-packages/skopt/optimizer/optimizer.py", line 493, in tell
    return self._tell(x, y, fit=fit)
  File "/home/ryedida/.local/lib/python3.9/site-packages/skopt/optimizer/optimizer.py", line 536, in _tell
    est.fit(self.space.transform(self.Xi), self.yi)
  File "/home/ryedida/.local/lib/python3.9/site-packages/skopt/space/space.py", line 969, in transform
    columns[j] = self.dimensions[j].transform(columns[j])
  File "/home/ryedida/.local/lib/python3.9/site-packages/skopt/space/space.py", line 162, in transform
    return self.transformer.transform(X)
  File "/home/ryedida/.local/lib/python3.9/site-packages/skopt/space/transformers.py", line 304, in transform
    X = transformer.transform(X)
  File "/home/ryedida/.local/lib/python3.9/site-packages/skopt/space/transformers.py", line 262, in transform
    return (np.round(X).astype(np.int) - self.low) /\
  File "/home/ryedida/.local/lib/python3.9/site-packages/numpy/__init__.py", line 305, in __getattr__
    raise AttributeError(__former_attrs__[attr])
AttributeError: module 'numpy' has no attribute 'int'.
`np.int` was a deprecated alias for the builtin `int`. To avoid this error in existing code, use `int` by itself. Doing this will not modify any behavior and is safe. When replacing `np.int`, you may wish to use e.g. `np.int64` or `np.int32` to specify the precision. If you wish to review your current use, check the release note link for additional information.
The aliases was originally deprecated in NumPy 1.20; for more details and guidance see the original release note at:
    https://numpy.org/devdocs/release/1.20.0-notes.html#deprecations
observation time 0.000856, current best 0.437278 at iter 5
Failure in optimizer suggest. Falling back to random search.
module 'numpy' has no attribute 'int'.
`np.int` was a deprecated alias for the builtin `int`. To avoid this error in existing code, use `int` by itself. Doing this will not modify any behavior and is safe. When replacing `np.int`, you may wish to use e.g. `np.int64` or `np.int32` to specify the precision. If you wish to review your current use, check the release note link for additional information.
The aliases was originally deprecated in NumPy 1.20; for more details and guidance see the original release note at:
    https://numpy.org/devdocs/release/1.20.0-notes.html#deprecations
Traceback (most recent call last):
  File "/home/ryedida/.local/lib/python3.9/site-packages/bayesmark/experiment.py", line 126, in run_study
    next_points = optimizer.suggest(n_suggestions)
  File "/home/ryedida/bbo_challenge_starter_kit/example_submissions/skopt/optimizer.py", line 116, in suggest
    next_guess = self.skopt.ask(n_points=n_suggestions)
  File "/home/ryedida/.local/lib/python3.9/site-packages/skopt/optimizer/optimizer.py", line 390, in ask
    opt = self.copy(random_state=self.rng.randint(0,
  File "/home/ryedida/.local/lib/python3.9/site-packages/skopt/optimizer/optimizer.py", line 331, in copy
    optimizer._tell(self.Xi, self.yi)
  File "/home/ryedida/.local/lib/python3.9/site-packages/skopt/optimizer/optimizer.py", line 536, in _tell
    est.fit(self.space.transform(self.Xi), self.yi)
  File "/home/ryedida/.local/lib/python3.9/site-packages/skopt/space/space.py", line 969, in transform
    columns[j] = self.dimensions[j].transform(columns[j])
  File "/home/ryedida/.local/lib/python3.9/site-packages/skopt/space/space.py", line 162, in transform
    return self.transformer.transform(X)
  File "/home/ryedida/.local/lib/python3.9/site-packages/skopt/space/transformers.py", line 304, in transform
    X = transformer.transform(X)
  File "/home/ryedida/.local/lib/python3.9/site-packages/skopt/space/transformers.py", line 262, in transform
    return (np.round(X).astype(np.int) - self.low) /\
  File "/home/ryedida/.local/lib/python3.9/site-packages/numpy/__init__.py", line 305, in __getattr__
    raise AttributeError(__former_attrs__[attr])
AttributeError: module 'numpy' has no attribute 'int'.
`np.int` was a deprecated alias for the builtin `int`. To avoid this error in existing code, use `int` by itself. Doing this will not modify any behavior and is safe. When replacing `np.int`, you may wish to use e.g. `np.int64` or `np.int32` to specify the precision. If you wish to review your current use, check the release note link for additional information.
The aliases was originally deprecated in NumPy 1.20; for more details and guidance see the original release note at:
    https://numpy.org/devdocs/release/1.20.0-notes.html#deprecations
suggestion time taken 0.003138 iter 6 next_points [{'alpha': 0.03191368089583122, 'batch_size': 171, 'beta_1': 0.746150450240841, 'beta_2': 0.971816192228427, 'epsilon': 1.8422257480742086e-08, 'hidden_layer_sizes': 51, 'learning_rate_init': 0.0002061809235081527, 'tol': 0.00855870636237879, 'validation_fraction': 0.32025123574116515}]
function_evaluation time 0.086168 value 14.290874 suggestion {'alpha': 0.03191368089583122, 'batch_size': 171, 'beta_1': 0.746150450240841, 'beta_2': 0.971816192228427, 'epsilon': 1.8422257480742086e-08, 'hidden_layer_sizes': 51, 'learning_rate_init': 0.0002061809235081527, 'tol': 0.00855870636237879, 'validation_fraction': 0.32025123574116515}
Failure in optimizer observe. Ignoring these observations.
module 'numpy' has no attribute 'int'.
`np.int` was a deprecated alias for the builtin `int`. To avoid this error in existing code, use `int` by itself. Doing this will not modify any behavior and is safe. When replacing `np.int`, you may wish to use e.g. `np.int64` or `np.int32` to specify the precision. If you wish to review your current use, check the release note link for additional information.
The aliases was originally deprecated in NumPy 1.20; for more details and guidance see the original release note at:
    https://numpy.org/devdocs/release/1.20.0-notes.html#deprecations
Traceback (most recent call last):
  File "/home/ryedida/.local/lib/python3.9/site-packages/bayesmark/experiment.py", line 172, in run_study
    optimizer.observe(next_points, eval_list)
  File "/home/ryedida/bbo_challenge_starter_kit/example_submissions/skopt/optimizer.py", line 146, in observe
    self.skopt.tell(xx, yy)
  File "/home/ryedida/.local/lib/python3.9/site-packages/skopt/optimizer/optimizer.py", line 493, in tell
    return self._tell(x, y, fit=fit)
  File "/home/ryedida/.local/lib/python3.9/site-packages/skopt/optimizer/optimizer.py", line 536, in _tell
    est.fit(self.space.transform(self.Xi), self.yi)
  File "/home/ryedida/.local/lib/python3.9/site-packages/skopt/space/space.py", line 969, in transform
    columns[j] = self.dimensions[j].transform(columns[j])
  File "/home/ryedida/.local/lib/python3.9/site-packages/skopt/space/space.py", line 162, in transform
    return self.transformer.transform(X)
  File "/home/ryedida/.local/lib/python3.9/site-packages/skopt/space/transformers.py", line 304, in transform
    X = transformer.transform(X)
  File "/home/ryedida/.local/lib/python3.9/site-packages/skopt/space/transformers.py", line 262, in transform
    return (np.round(X).astype(np.int) - self.low) /\
  File "/home/ryedida/.local/lib/python3.9/site-packages/numpy/__init__.py", line 305, in __getattr__
    raise AttributeError(__former_attrs__[attr])
AttributeError: module 'numpy' has no attribute 'int'.
`np.int` was a deprecated alias for the builtin `int`. To avoid this error in existing code, use `int` by itself. Doing this will not modify any behavior and is safe. When replacing `np.int`, you may wish to use e.g. `np.int64` or `np.int32` to specify the precision. If you wish to review your current use, check the release note link for additional information.
The aliases was originally deprecated in NumPy 1.20; for more details and guidance see the original release note at:
    https://numpy.org/devdocs/release/1.20.0-notes.html#deprecations
observation time 0.000805, current best 0.437278 at iter 6
Failure in optimizer suggest. Falling back to random search.
module 'numpy' has no attribute 'int'.
`np.int` was a deprecated alias for the builtin `int`. To avoid this error in existing code, use `int` by itself. Doing this will not modify any behavior and is safe. When replacing `np.int`, you may wish to use e.g. `np.int64` or `np.int32` to specify the precision. If you wish to review your current use, check the release note link for additional information.
The aliases was originally deprecated in NumPy 1.20; for more details and guidance see the original release note at:
    https://numpy.org/devdocs/release/1.20.0-notes.html#deprecations
Traceback (most recent call last):
  File "/home/ryedida/.local/lib/python3.9/site-packages/bayesmark/experiment.py", line 126, in run_study
    next_points = optimizer.suggest(n_suggestions)
  File "/home/ryedida/bbo_challenge_starter_kit/example_submissions/skopt/optimizer.py", line 116, in suggest
    next_guess = self.skopt.ask(n_points=n_suggestions)
  File "/home/ryedida/.local/lib/python3.9/site-packages/skopt/optimizer/optimizer.py", line 390, in ask
    opt = self.copy(random_state=self.rng.randint(0,
  File "/home/ryedida/.local/lib/python3.9/site-packages/skopt/optimizer/optimizer.py", line 331, in copy
    optimizer._tell(self.Xi, self.yi)
  File "/home/ryedida/.local/lib/python3.9/site-packages/skopt/optimizer/optimizer.py", line 536, in _tell
    est.fit(self.space.transform(self.Xi), self.yi)
  File "/home/ryedida/.local/lib/python3.9/site-packages/skopt/space/space.py", line 969, in transform
    columns[j] = self.dimensions[j].transform(columns[j])
  File "/home/ryedida/.local/lib/python3.9/site-packages/skopt/space/space.py", line 162, in transform
    return self.transformer.transform(X)
  File "/home/ryedida/.local/lib/python3.9/site-packages/skopt/space/transformers.py", line 304, in transform
    X = transformer.transform(X)
  File "/home/ryedida/.local/lib/python3.9/site-packages/skopt/space/transformers.py", line 262, in transform
    return (np.round(X).astype(np.int) - self.low) /\
  File "/home/ryedida/.local/lib/python3.9/site-packages/numpy/__init__.py", line 305, in __getattr__
    raise AttributeError(__former_attrs__[attr])
AttributeError: module 'numpy' has no attribute 'int'.
`np.int` was a deprecated alias for the builtin `int`. To avoid this error in existing code, use `int` by itself. Doing this will not modify any behavior and is safe. When replacing `np.int`, you may wish to use e.g. `np.int64` or `np.int32` to specify the precision. If you wish to review your current use, check the release note link for additional information.
The aliases was originally deprecated in NumPy 1.20; for more details and guidance see the original release note at:
    https://numpy.org/devdocs/release/1.20.0-notes.html#deprecations
suggestion time taken 0.003052 iter 7 next_points [{'alpha': 0.0038288069324686233, 'batch_size': 15, 'beta_1': 0.8068080038966094, 'beta_2': 0.9988789796908687, 'epsilon': 1.6202274345674607e-07, 'hidden_layer_sizes': 105, 'learning_rate_init': 0.025633339812271408, 'tol': 0.00011594126232954565, 'validation_fraction': 0.6877722197743685}]
function_evaluation time 0.405186 value 0.874642 suggestion {'alpha': 0.0038288069324686233, 'batch_size': 15, 'beta_1': 0.8068080038966094, 'beta_2': 0.9988789796908687, 'epsilon': 1.6202274345674607e-07, 'hidden_layer_sizes': 105, 'learning_rate_init': 0.025633339812271408, 'tol': 0.00011594126232954565, 'validation_fraction': 0.6877722197743685}
Failure in optimizer observe. Ignoring these observations.
module 'numpy' has no attribute 'int'.
`np.int` was a deprecated alias for the builtin `int`. To avoid this error in existing code, use `int` by itself. Doing this will not modify any behavior and is safe. When replacing `np.int`, you may wish to use e.g. `np.int64` or `np.int32` to specify the precision. If you wish to review your current use, check the release note link for additional information.
The aliases was originally deprecated in NumPy 1.20; for more details and guidance see the original release note at:
    https://numpy.org/devdocs/release/1.20.0-notes.html#deprecations
Traceback (most recent call last):
  File "/home/ryedida/.local/lib/python3.9/site-packages/bayesmark/experiment.py", line 172, in run_study
    optimizer.observe(next_points, eval_list)
  File "/home/ryedida/bbo_challenge_starter_kit/example_submissions/skopt/optimizer.py", line 146, in observe
    self.skopt.tell(xx, yy)
  File "/home/ryedida/.local/lib/python3.9/site-packages/skopt/optimizer/optimizer.py", line 493, in tell
    return self._tell(x, y, fit=fit)
  File "/home/ryedida/.local/lib/python3.9/site-packages/skopt/optimizer/optimizer.py", line 536, in _tell
    est.fit(self.space.transform(self.Xi), self.yi)
  File "/home/ryedida/.local/lib/python3.9/site-packages/skopt/space/space.py", line 969, in transform
    columns[j] = self.dimensions[j].transform(columns[j])
  File "/home/ryedida/.local/lib/python3.9/site-packages/skopt/space/space.py", line 162, in transform
    return self.transformer.transform(X)
  File "/home/ryedida/.local/lib/python3.9/site-packages/skopt/space/transformers.py", line 304, in transform
    X = transformer.transform(X)
  File "/home/ryedida/.local/lib/python3.9/site-packages/skopt/space/transformers.py", line 262, in transform
    return (np.round(X).astype(np.int) - self.low) /\
  File "/home/ryedida/.local/lib/python3.9/site-packages/numpy/__init__.py", line 305, in __getattr__
    raise AttributeError(__former_attrs__[attr])
AttributeError: module 'numpy' has no attribute 'int'.
`np.int` was a deprecated alias for the builtin `int`. To avoid this error in existing code, use `int` by itself. Doing this will not modify any behavior and is safe. When replacing `np.int`, you may wish to use e.g. `np.int64` or `np.int32` to specify the precision. If you wish to review your current use, check the release note link for additional information.
The aliases was originally deprecated in NumPy 1.20; for more details and guidance see the original release note at:
    https://numpy.org/devdocs/release/1.20.0-notes.html#deprecations
observation time 0.001615, current best 0.437278 at iter 7
Failure in optimizer suggest. Falling back to random search.
module 'numpy' has no attribute 'int'.
`np.int` was a deprecated alias for the builtin `int`. To avoid this error in existing code, use `int` by itself. Doing this will not modify any behavior and is safe. When replacing `np.int`, you may wish to use e.g. `np.int64` or `np.int32` to specify the precision. If you wish to review your current use, check the release note link for additional information.
The aliases was originally deprecated in NumPy 1.20; for more details and guidance see the original release note at:
    https://numpy.org/devdocs/release/1.20.0-notes.html#deprecations
Traceback (most recent call last):
  File "/home/ryedida/.local/lib/python3.9/site-packages/bayesmark/experiment.py", line 126, in run_study
    next_points = optimizer.suggest(n_suggestions)
  File "/home/ryedida/bbo_challenge_starter_kit/example_submissions/skopt/optimizer.py", line 116, in suggest
    next_guess = self.skopt.ask(n_points=n_suggestions)
  File "/home/ryedida/.local/lib/python3.9/site-packages/skopt/optimizer/optimizer.py", line 390, in ask
    opt = self.copy(random_state=self.rng.randint(0,
  File "/home/ryedida/.local/lib/python3.9/site-packages/skopt/optimizer/optimizer.py", line 331, in copy
    optimizer._tell(self.Xi, self.yi)
  File "/home/ryedida/.local/lib/python3.9/site-packages/skopt/optimizer/optimizer.py", line 536, in _tell
    est.fit(self.space.transform(self.Xi), self.yi)
  File "/home/ryedida/.local/lib/python3.9/site-packages/skopt/space/space.py", line 969, in transform
    columns[j] = self.dimensions[j].transform(columns[j])
  File "/home/ryedida/.local/lib/python3.9/site-packages/skopt/space/space.py", line 162, in transform
    return self.transformer.transform(X)
  File "/home/ryedida/.local/lib/python3.9/site-packages/skopt/space/transformers.py", line 304, in transform
    X = transformer.transform(X)
  File "/home/ryedida/.local/lib/python3.9/site-packages/skopt/space/transformers.py", line 262, in transform
    return (np.round(X).astype(np.int) - self.low) /\
  File "/home/ryedida/.local/lib/python3.9/site-packages/numpy/__init__.py", line 305, in __getattr__
    raise AttributeError(__former_attrs__[attr])
AttributeError: module 'numpy' has no attribute 'int'.
`np.int` was a deprecated alias for the builtin `int`. To avoid this error in existing code, use `int` by itself. Doing this will not modify any behavior and is safe. When replacing `np.int`, you may wish to use e.g. `np.int64` or `np.int32` to specify the precision. If you wish to review your current use, check the release note link for additional information.
The aliases was originally deprecated in NumPy 1.20; for more details and guidance see the original release note at:
    https://numpy.org/devdocs/release/1.20.0-notes.html#deprecations
suggestion time taken 0.003074 iter 8 next_points [{'alpha': 0.001252353446718623, 'batch_size': 244, 'beta_1': 0.9768857581823893, 'beta_2': 0.9823922949641575, 'epsilon': 2.461144057851033e-07, 'hidden_layer_sizes': 187, 'learning_rate_init': 0.006853544544510289, 'tol': 8.222424722608801e-05, 'validation_fraction': 0.715262316918997}]
/home/ryedida/.local/lib/python3.9/site-packages/sklearn/neural_network/_multilayer_perceptron.py:605: UserWarning: Got `batch_size` less than 1 or larger than sample size. It is going to be clipped
  warnings.warn(

function_evaluation time 0.222779 value 0.943143 suggestion {'alpha': 0.001252353446718623, 'batch_size': 244, 'beta_1': 0.9768857581823893, 'beta_2': 0.9823922949641575, 'epsilon': 2.461144057851033e-07, 'hidden_layer_sizes': 187, 'learning_rate_init': 0.006853544544510289, 'tol': 8.222424722608801e-05, 'validation_fraction': 0.715262316918997}
Failure in optimizer observe. Ignoring these observations.
module 'numpy' has no attribute 'int'.
`np.int` was a deprecated alias for the builtin `int`. To avoid this error in existing code, use `int` by itself. Doing this will not modify any behavior and is safe. When replacing `np.int`, you may wish to use e.g. `np.int64` or `np.int32` to specify the precision. If you wish to review your current use, check the release note link for additional information.
The aliases was originally deprecated in NumPy 1.20; for more details and guidance see the original release note at:
    https://numpy.org/devdocs/release/1.20.0-notes.html#deprecations
Traceback (most recent call last):
  File "/home/ryedida/.local/lib/python3.9/site-packages/bayesmark/experiment.py", line 172, in run_study
    optimizer.observe(next_points, eval_list)
  File "/home/ryedida/bbo_challenge_starter_kit/example_submissions/skopt/optimizer.py", line 146, in observe
    self.skopt.tell(xx, yy)
  File "/home/ryedida/.local/lib/python3.9/site-packages/skopt/optimizer/optimizer.py", line 493, in tell
    return self._tell(x, y, fit=fit)
  File "/home/ryedida/.local/lib/python3.9/site-packages/skopt/optimizer/optimizer.py", line 536, in _tell
    est.fit(self.space.transform(self.Xi), self.yi)
  File "/home/ryedida/.local/lib/python3.9/site-packages/skopt/space/space.py", line 969, in transform
    columns[j] = self.dimensions[j].transform(columns[j])
  File "/home/ryedida/.local/lib/python3.9/site-packages/skopt/space/space.py", line 162, in transform
    return self.transformer.transform(X)
  File "/home/ryedida/.local/lib/python3.9/site-packages/skopt/space/transformers.py", line 304, in transform
    X = transformer.transform(X)
  File "/home/ryedida/.local/lib/python3.9/site-packages/skopt/space/transformers.py", line 262, in transform
    return (np.round(X).astype(np.int) - self.low) /\
  File "/home/ryedida/.local/lib/python3.9/site-packages/numpy/__init__.py", line 305, in __getattr__
    raise AttributeError(__former_attrs__[attr])
AttributeError: module 'numpy' has no attribute 'int'.
`np.int` was a deprecated alias for the builtin `int`. To avoid this error in existing code, use `int` by itself. Doing this will not modify any behavior and is safe. When replacing `np.int`, you may wish to use e.g. `np.int64` or `np.int32` to specify the precision. If you wish to review your current use, check the release note link for additional information.
The aliases was originally deprecated in NumPy 1.20; for more details and guidance see the original release note at:
    https://numpy.org/devdocs/release/1.20.0-notes.html#deprecations
observation time 0.000839, current best 0.437278 at iter 8
Failure in optimizer suggest. Falling back to random search.
module 'numpy' has no attribute 'int'.
`np.int` was a deprecated alias for the builtin `int`. To avoid this error in existing code, use `int` by itself. Doing this will not modify any behavior and is safe. When replacing `np.int`, you may wish to use e.g. `np.int64` or `np.int32` to specify the precision. If you wish to review your current use, check the release note link for additional information.
The aliases was originally deprecated in NumPy 1.20; for more details and guidance see the original release note at:
    https://numpy.org/devdocs/release/1.20.0-notes.html#deprecations
Traceback (most recent call last):
  File "/home/ryedida/.local/lib/python3.9/site-packages/bayesmark/experiment.py", line 126, in run_study
    next_points = optimizer.suggest(n_suggestions)
  File "/home/ryedida/bbo_challenge_starter_kit/example_submissions/skopt/optimizer.py", line 116, in suggest
    next_guess = self.skopt.ask(n_points=n_suggestions)
  File "/home/ryedida/.local/lib/python3.9/site-packages/skopt/optimizer/optimizer.py", line 390, in ask
    opt = self.copy(random_state=self.rng.randint(0,
  File "/home/ryedida/.local/lib/python3.9/site-packages/skopt/optimizer/optimizer.py", line 331, in copy
    optimizer._tell(self.Xi, self.yi)
  File "/home/ryedida/.local/lib/python3.9/site-packages/skopt/optimizer/optimizer.py", line 536, in _tell
    est.fit(self.space.transform(self.Xi), self.yi)
  File "/home/ryedida/.local/lib/python3.9/site-packages/skopt/space/space.py", line 969, in transform
    columns[j] = self.dimensions[j].transform(columns[j])
  File "/home/ryedida/.local/lib/python3.9/site-packages/skopt/space/space.py", line 162, in transform
    return self.transformer.transform(X)
  File "/home/ryedida/.local/lib/python3.9/site-packages/skopt/space/transformers.py", line 304, in transform
    X = transformer.transform(X)
  File "/home/ryedida/.local/lib/python3.9/site-packages/skopt/space/transformers.py", line 262, in transform
    return (np.round(X).astype(np.int) - self.low) /\
  File "/home/ryedida/.local/lib/python3.9/site-packages/numpy/__init__.py", line 305, in __getattr__
    raise AttributeError(__former_attrs__[attr])
AttributeError: module 'numpy' has no attribute 'int'.
`np.int` was a deprecated alias for the builtin `int`. To avoid this error in existing code, use `int` by itself. Doing this will not modify any behavior and is safe. When replacing `np.int`, you may wish to use e.g. `np.int64` or `np.int32` to specify the precision. If you wish to review your current use, check the release note link for additional information.
The aliases was originally deprecated in NumPy 1.20; for more details and guidance see the original release note at:
    https://numpy.org/devdocs/release/1.20.0-notes.html#deprecations
suggestion time taken 0.003273 iter 9 next_points [{'alpha': 0.00010907311935544782, 'batch_size': 185, 'beta_1': 0.7619023112639943, 'beta_2': 0.9963751705586824, 'epsilon': 4.006332153434902e-09, 'hidden_layer_sizes': 102, 'learning_rate_init': 7.848327377861294e-05, 'tol': 0.0015971863363532196, 'validation_fraction': 0.19434777429032687}]
function_evaluation time 0.152271 value 12.481996 suggestion {'alpha': 0.00010907311935544782, 'batch_size': 185, 'beta_1': 0.7619023112639943, 'beta_2': 0.9963751705586824, 'epsilon': 4.006332153434902e-09, 'hidden_layer_sizes': 102, 'learning_rate_init': 7.848327377861294e-05, 'tol': 0.0015971863363532196, 'validation_fraction': 0.19434777429032687}
Failure in optimizer observe. Ignoring these observations.
module 'numpy' has no attribute 'int'.
`np.int` was a deprecated alias for the builtin `int`. To avoid this error in existing code, use `int` by itself. Doing this will not modify any behavior and is safe. When replacing `np.int`, you may wish to use e.g. `np.int64` or `np.int32` to specify the precision. If you wish to review your current use, check the release note link for additional information.
The aliases was originally deprecated in NumPy 1.20; for more details and guidance see the original release note at:
    https://numpy.org/devdocs/release/1.20.0-notes.html#deprecations
Traceback (most recent call last):
  File "/home/ryedida/.local/lib/python3.9/site-packages/bayesmark/experiment.py", line 172, in run_study
    optimizer.observe(next_points, eval_list)
  File "/home/ryedida/bbo_challenge_starter_kit/example_submissions/skopt/optimizer.py", line 146, in observe
    self.skopt.tell(xx, yy)
  File "/home/ryedida/.local/lib/python3.9/site-packages/skopt/optimizer/optimizer.py", line 493, in tell
    return self._tell(x, y, fit=fit)
  File "/home/ryedida/.local/lib/python3.9/site-packages/skopt/optimizer/optimizer.py", line 536, in _tell
    est.fit(self.space.transform(self.Xi), self.yi)
  File "/home/ryedida/.local/lib/python3.9/site-packages/skopt/space/space.py", line 969, in transform
    columns[j] = self.dimensions[j].transform(columns[j])
  File "/home/ryedida/.local/lib/python3.9/site-packages/skopt/space/space.py", line 162, in transform
    return self.transformer.transform(X)
  File "/home/ryedida/.local/lib/python3.9/site-packages/skopt/space/transformers.py", line 304, in transform
    X = transformer.transform(X)
  File "/home/ryedida/.local/lib/python3.9/site-packages/skopt/space/transformers.py", line 262, in transform
    return (np.round(X).astype(np.int) - self.low) /\
  File "/home/ryedida/.local/lib/python3.9/site-packages/numpy/__init__.py", line 305, in __getattr__
    raise AttributeError(__former_attrs__[attr])
AttributeError: module 'numpy' has no attribute 'int'.
`np.int` was a deprecated alias for the builtin `int`. To avoid this error in existing code, use `int` by itself. Doing this will not modify any behavior and is safe. When replacing `np.int`, you may wish to use e.g. `np.int64` or `np.int32` to specify the precision. If you wish to review your current use, check the release note link for additional information.
The aliases was originally deprecated in NumPy 1.20; for more details and guidance see the original release note at:
    https://numpy.org/devdocs/release/1.20.0-notes.html#deprecations
observation time 0.000838, current best 0.437278 at iter 9
Failure in optimizer suggest. Falling back to random search.
module 'numpy' has no attribute 'int'.
`np.int` was a deprecated alias for the builtin `int`. To avoid this error in existing code, use `int` by itself. Doing this will not modify any behavior and is safe. When replacing `np.int`, you may wish to use e.g. `np.int64` or `np.int32` to specify the precision. If you wish to review your current use, check the release note link for additional information.
The aliases was originally deprecated in NumPy 1.20; for more details and guidance see the original release note at:
    https://numpy.org/devdocs/release/1.20.0-notes.html#deprecations
Traceback (most recent call last):
  File "/home/ryedida/.local/lib/python3.9/site-packages/bayesmark/experiment.py", line 126, in run_study
    next_points = optimizer.suggest(n_suggestions)
  File "/home/ryedida/bbo_challenge_starter_kit/example_submissions/skopt/optimizer.py", line 116, in suggest
    next_guess = self.skopt.ask(n_points=n_suggestions)
  File "/home/ryedida/.local/lib/python3.9/site-packages/skopt/optimizer/optimizer.py", line 390, in ask
    opt = self.copy(random_state=self.rng.randint(0,
  File "/home/ryedida/.local/lib/python3.9/site-packages/skopt/optimizer/optimizer.py", line 331, in copy
    optimizer._tell(self.Xi, self.yi)
  File "/home/ryedida/.local/lib/python3.9/site-packages/skopt/optimizer/optimizer.py", line 536, in _tell
    est.fit(self.space.transform(self.Xi), self.yi)
  File "/home/ryedida/.local/lib/python3.9/site-packages/skopt/space/space.py", line 969, in transform
    columns[j] = self.dimensions[j].transform(columns[j])
  File "/home/ryedida/.local/lib/python3.9/site-packages/skopt/space/space.py", line 162, in transform
    return self.transformer.transform(X)
  File "/home/ryedida/.local/lib/python3.9/site-packages/skopt/space/transformers.py", line 304, in transform
    X = transformer.transform(X)
  File "/home/ryedida/.local/lib/python3.9/site-packages/skopt/space/transformers.py", line 262, in transform
    return (np.round(X).astype(np.int) - self.low) /\
  File "/home/ryedida/.local/lib/python3.9/site-packages/numpy/__init__.py", line 305, in __getattr__
    raise AttributeError(__former_attrs__[attr])
AttributeError: module 'numpy' has no attribute 'int'.
`np.int` was a deprecated alias for the builtin `int`. To avoid this error in existing code, use `int` by itself. Doing this will not modify any behavior and is safe. When replacing `np.int`, you may wish to use e.g. `np.int64` or `np.int32` to specify the precision. If you wish to review your current use, check the release note link for additional information.
The aliases was originally deprecated in NumPy 1.20; for more details and guidance see the original release note at:
    https://numpy.org/devdocs/release/1.20.0-notes.html#deprecations
suggestion time taken 0.003052 iter 10 next_points [{'alpha': 0.00022941367036150652, 'batch_size': 180, 'beta_1': 0.6864067759942403, 'beta_2': 0.9999866302364298, 'epsilon': 1.70693525881393e-08, 'hidden_layer_sizes': 184, 'learning_rate_init': 3.14319352677001e-05, 'tol': 0.0038744783896735076, 'validation_fraction': 0.31736038326450744}]
function_evaluation time 0.250573 value 16.711564 suggestion {'alpha': 0.00022941367036150652, 'batch_size': 180, 'beta_1': 0.6864067759942403, 'beta_2': 0.9999866302364298, 'epsilon': 1.70693525881393e-08, 'hidden_layer_sizes': 184, 'learning_rate_init': 3.14319352677001e-05, 'tol': 0.0038744783896735076, 'validation_fraction': 0.31736038326450744}
Failure in optimizer observe. Ignoring these observations.
module 'numpy' has no attribute 'int'.
`np.int` was a deprecated alias for the builtin `int`. To avoid this error in existing code, use `int` by itself. Doing this will not modify any behavior and is safe. When replacing `np.int`, you may wish to use e.g. `np.int64` or `np.int32` to specify the precision. If you wish to review your current use, check the release note link for additional information.
The aliases was originally deprecated in NumPy 1.20; for more details and guidance see the original release note at:
    https://numpy.org/devdocs/release/1.20.0-notes.html#deprecations
Traceback (most recent call last):
  File "/home/ryedida/.local/lib/python3.9/site-packages/bayesmark/experiment.py", line 172, in run_study
    optimizer.observe(next_points, eval_list)
  File "/home/ryedida/bbo_challenge_starter_kit/example_submissions/skopt/optimizer.py", line 146, in observe
    self.skopt.tell(xx, yy)
  File "/home/ryedida/.local/lib/python3.9/site-packages/skopt/optimizer/optimizer.py", line 493, in tell
    return self._tell(x, y, fit=fit)
  File "/home/ryedida/.local/lib/python3.9/site-packages/skopt/optimizer/optimizer.py", line 536, in _tell
    est.fit(self.space.transform(self.Xi), self.yi)
  File "/home/ryedida/.local/lib/python3.9/site-packages/skopt/space/space.py", line 969, in transform
    columns[j] = self.dimensions[j].transform(columns[j])
  File "/home/ryedida/.local/lib/python3.9/site-packages/skopt/space/space.py", line 162, in transform
    return self.transformer.transform(X)
  File "/home/ryedida/.local/lib/python3.9/site-packages/skopt/space/transformers.py", line 304, in transform
    X = transformer.transform(X)
  File "/home/ryedida/.local/lib/python3.9/site-packages/skopt/space/transformers.py", line 262, in transform
    return (np.round(X).astype(np.int) - self.low) /\
  File "/home/ryedida/.local/lib/python3.9/site-packages/numpy/__init__.py", line 305, in __getattr__
    raise AttributeError(__former_attrs__[attr])
AttributeError: module 'numpy' has no attribute 'int'.
`np.int` was a deprecated alias for the builtin `int`. To avoid this error in existing code, use `int` by itself. Doing this will not modify any behavior and is safe. When replacing `np.int`, you may wish to use e.g. `np.int64` or `np.int32` to specify the precision. If you wish to review your current use, check the release note link for additional information.
The aliases was originally deprecated in NumPy 1.20; for more details and guidance see the original release note at:
    https://numpy.org/devdocs/release/1.20.0-notes.html#deprecations
observation time 0.000749, current best 0.437278 at iter 10
Failure in optimizer suggest. Falling back to random search.
module 'numpy' has no attribute 'int'.
`np.int` was a deprecated alias for the builtin `int`. To avoid this error in existing code, use `int` by itself. Doing this will not modify any behavior and is safe. When replacing `np.int`, you may wish to use e.g. `np.int64` or `np.int32` to specify the precision. If you wish to review your current use, check the release note link for additional information.
The aliases was originally deprecated in NumPy 1.20; for more details and guidance see the original release note at:
    https://numpy.org/devdocs/release/1.20.0-notes.html#deprecations
Traceback (most recent call last):
  File "/home/ryedida/.local/lib/python3.9/site-packages/bayesmark/experiment.py", line 126, in run_study
    next_points = optimizer.suggest(n_suggestions)
  File "/home/ryedida/bbo_challenge_starter_kit/example_submissions/skopt/optimizer.py", line 116, in suggest
    next_guess = self.skopt.ask(n_points=n_suggestions)
  File "/home/ryedida/.local/lib/python3.9/site-packages/skopt/optimizer/optimizer.py", line 390, in ask
    opt = self.copy(random_state=self.rng.randint(0,
  File "/home/ryedida/.local/lib/python3.9/site-packages/skopt/optimizer/optimizer.py", line 331, in copy
    optimizer._tell(self.Xi, self.yi)
  File "/home/ryedida/.local/lib/python3.9/site-packages/skopt/optimizer/optimizer.py", line 536, in _tell
    est.fit(self.space.transform(self.Xi), self.yi)
  File "/home/ryedida/.local/lib/python3.9/site-packages/skopt/space/space.py", line 969, in transform
    columns[j] = self.dimensions[j].transform(columns[j])
  File "/home/ryedida/.local/lib/python3.9/site-packages/skopt/space/space.py", line 162, in transform
    return self.transformer.transform(X)
  File "/home/ryedida/.local/lib/python3.9/site-packages/skopt/space/transformers.py", line 304, in transform
    X = transformer.transform(X)
  File "/home/ryedida/.local/lib/python3.9/site-packages/skopt/space/transformers.py", line 262, in transform
    return (np.round(X).astype(np.int) - self.low) /\
  File "/home/ryedida/.local/lib/python3.9/site-packages/numpy/__init__.py", line 305, in __getattr__
    raise AttributeError(__former_attrs__[attr])
AttributeError: module 'numpy' has no attribute 'int'.
`np.int` was a deprecated alias for the builtin `int`. To avoid this error in existing code, use `int` by itself. Doing this will not modify any behavior and is safe. When replacing `np.int`, you may wish to use e.g. `np.int64` or `np.int32` to specify the precision. If you wish to review your current use, check the release note link for additional information.
The aliases was originally deprecated in NumPy 1.20; for more details and guidance see the original release note at:
    https://numpy.org/devdocs/release/1.20.0-notes.html#deprecations
suggestion time taken 0.003031 iter 11 next_points [{'alpha': 0.04931127726994752, 'batch_size': 176, 'beta_1': 0.8794364040777195, 'beta_2': 0.9856340023646256, 'epsilon': 1.0283866123371659e-08, 'hidden_layer_sizes': 189, 'learning_rate_init': 0.011006810499266263, 'tol': 6.25677726575517e-05, 'validation_fraction': 0.12292935970904141}]
function_evaluation time 0.260286 value 1.280958 suggestion {'alpha': 0.04931127726994752, 'batch_size': 176, 'beta_1': 0.8794364040777195, 'beta_2': 0.9856340023646256, 'epsilon': 1.0283866123371659e-08, 'hidden_layer_sizes': 189, 'learning_rate_init': 0.011006810499266263, 'tol': 6.25677726575517e-05, 'validation_fraction': 0.12292935970904141}
Failure in optimizer observe. Ignoring these observations.
module 'numpy' has no attribute 'int'.
`np.int` was a deprecated alias for the builtin `int`. To avoid this error in existing code, use `int` by itself. Doing this will not modify any behavior and is safe. When replacing `np.int`, you may wish to use e.g. `np.int64` or `np.int32` to specify the precision. If you wish to review your current use, check the release note link for additional information.
The aliases was originally deprecated in NumPy 1.20; for more details and guidance see the original release note at:
    https://numpy.org/devdocs/release/1.20.0-notes.html#deprecations
Traceback (most recent call last):
  File "/home/ryedida/.local/lib/python3.9/site-packages/bayesmark/experiment.py", line 172, in run_study
    optimizer.observe(next_points, eval_list)
  File "/home/ryedida/bbo_challenge_starter_kit/example_submissions/skopt/optimizer.py", line 146, in observe
    self.skopt.tell(xx, yy)
  File "/home/ryedida/.local/lib/python3.9/site-packages/skopt/optimizer/optimizer.py", line 493, in tell
    return self._tell(x, y, fit=fit)
  File "/home/ryedida/.local/lib/python3.9/site-packages/skopt/optimizer/optimizer.py", line 536, in _tell
    est.fit(self.space.transform(self.Xi), self.yi)
  File "/home/ryedida/.local/lib/python3.9/site-packages/skopt/space/space.py", line 969, in transform
    columns[j] = self.dimensions[j].transform(columns[j])
  File "/home/ryedida/.local/lib/python3.9/site-packages/skopt/space/space.py", line 162, in transform
    return self.transformer.transform(X)
  File "/home/ryedida/.local/lib/python3.9/site-packages/skopt/space/transformers.py", line 304, in transform
    X = transformer.transform(X)
  File "/home/ryedida/.local/lib/python3.9/site-packages/skopt/space/transformers.py", line 262, in transform
    return (np.round(X).astype(np.int) - self.low) /\
  File "/home/ryedida/.local/lib/python3.9/site-packages/numpy/__init__.py", line 305, in __getattr__
    raise AttributeError(__former_attrs__[attr])
AttributeError: module 'numpy' has no attribute 'int'.
`np.int` was a deprecated alias for the builtin `int`. To avoid this error in existing code, use `int` by itself. Doing this will not modify any behavior and is safe. When replacing `np.int`, you may wish to use e.g. `np.int64` or `np.int32` to specify the precision. If you wish to review your current use, check the release note link for additional information.
The aliases was originally deprecated in NumPy 1.20; for more details and guidance see the original release note at:
    https://numpy.org/devdocs/release/1.20.0-notes.html#deprecations
observation time 0.000777, current best 0.437278 at iter 11
Failure in optimizer suggest. Falling back to random search.
module 'numpy' has no attribute 'int'.
`np.int` was a deprecated alias for the builtin `int`. To avoid this error in existing code, use `int` by itself. Doing this will not modify any behavior and is safe. When replacing `np.int`, you may wish to use e.g. `np.int64` or `np.int32` to specify the precision. If you wish to review your current use, check the release note link for additional information.
The aliases was originally deprecated in NumPy 1.20; for more details and guidance see the original release note at:
    https://numpy.org/devdocs/release/1.20.0-notes.html#deprecations
Traceback (most recent call last):
  File "/home/ryedida/.local/lib/python3.9/site-packages/bayesmark/experiment.py", line 126, in run_study
    next_points = optimizer.suggest(n_suggestions)
  File "/home/ryedida/bbo_challenge_starter_kit/example_submissions/skopt/optimizer.py", line 116, in suggest
    next_guess = self.skopt.ask(n_points=n_suggestions)
  File "/home/ryedida/.local/lib/python3.9/site-packages/skopt/optimizer/optimizer.py", line 390, in ask
    opt = self.copy(random_state=self.rng.randint(0,
  File "/home/ryedida/.local/lib/python3.9/site-packages/skopt/optimizer/optimizer.py", line 331, in copy
    optimizer._tell(self.Xi, self.yi)
  File "/home/ryedida/.local/lib/python3.9/site-packages/skopt/optimizer/optimizer.py", line 536, in _tell
    est.fit(self.space.transform(self.Xi), self.yi)
  File "/home/ryedida/.local/lib/python3.9/site-packages/skopt/space/space.py", line 969, in transform
    columns[j] = self.dimensions[j].transform(columns[j])
  File "/home/ryedida/.local/lib/python3.9/site-packages/skopt/space/space.py", line 162, in transform
    return self.transformer.transform(X)
  File "/home/ryedida/.local/lib/python3.9/site-packages/skopt/space/transformers.py", line 304, in transform
    X = transformer.transform(X)
  File "/home/ryedida/.local/lib/python3.9/site-packages/skopt/space/transformers.py", line 262, in transform
    return (np.round(X).astype(np.int) - self.low) /\
  File "/home/ryedida/.local/lib/python3.9/site-packages/numpy/__init__.py", line 305, in __getattr__
    raise AttributeError(__former_attrs__[attr])
AttributeError: module 'numpy' has no attribute 'int'.
`np.int` was a deprecated alias for the builtin `int`. To avoid this error in existing code, use `int` by itself. Doing this will not modify any behavior and is safe. When replacing `np.int`, you may wish to use e.g. `np.int64` or `np.int32` to specify the precision. If you wish to review your current use, check the release note link for additional information.
The aliases was originally deprecated in NumPy 1.20; for more details and guidance see the original release note at:
    https://numpy.org/devdocs/release/1.20.0-notes.html#deprecations
suggestion time taken 0.003041 iter 12 next_points [{'alpha': 7.404525244920767e-05, 'batch_size': 115, 'beta_1': 0.9895014570978837, 'beta_2': 0.9997824760450004, 'epsilon': 1.1005962747507105e-07, 'hidden_layer_sizes': 58, 'learning_rate_init': 3.0359532166794672e-05, 'tol': 0.0007410387216764063, 'validation_fraction': 0.27058093993560134}]
function_evaluation time 0.086165 value 22.676058 suggestion {'alpha': 7.404525244920767e-05, 'batch_size': 115, 'beta_1': 0.9895014570978837, 'beta_2': 0.9997824760450004, 'epsilon': 1.1005962747507105e-07, 'hidden_layer_sizes': 58, 'learning_rate_init': 3.0359532166794672e-05, 'tol': 0.0007410387216764063, 'validation_fraction': 0.27058093993560134}
Failure in optimizer observe. Ignoring these observations.
module 'numpy' has no attribute 'int'.
`np.int` was a deprecated alias for the builtin `int`. To avoid this error in existing code, use `int` by itself. Doing this will not modify any behavior and is safe. When replacing `np.int`, you may wish to use e.g. `np.int64` or `np.int32` to specify the precision. If you wish to review your current use, check the release note link for additional information.
The aliases was originally deprecated in NumPy 1.20; for more details and guidance see the original release note at:
    https://numpy.org/devdocs/release/1.20.0-notes.html#deprecations
Traceback (most recent call last):
  File "/home/ryedida/.local/lib/python3.9/site-packages/bayesmark/experiment.py", line 172, in run_study
    optimizer.observe(next_points, eval_list)
  File "/home/ryedida/bbo_challenge_starter_kit/example_submissions/skopt/optimizer.py", line 146, in observe
    self.skopt.tell(xx, yy)
  File "/home/ryedida/.local/lib/python3.9/site-packages/skopt/optimizer/optimizer.py", line 493, in tell
    return self._tell(x, y, fit=fit)
  File "/home/ryedida/.local/lib/python3.9/site-packages/skopt/optimizer/optimizer.py", line 536, in _tell
    est.fit(self.space.transform(self.Xi), self.yi)
  File "/home/ryedida/.local/lib/python3.9/site-packages/skopt/space/space.py", line 969, in transform
    columns[j] = self.dimensions[j].transform(columns[j])
  File "/home/ryedida/.local/lib/python3.9/site-packages/skopt/space/space.py", line 162, in transform
    return self.transformer.transform(X)
  File "/home/ryedida/.local/lib/python3.9/site-packages/skopt/space/transformers.py", line 304, in transform
    X = transformer.transform(X)
  File "/home/ryedida/.local/lib/python3.9/site-packages/skopt/space/transformers.py", line 262, in transform
    return (np.round(X).astype(np.int) - self.low) /\
  File "/home/ryedida/.local/lib/python3.9/site-packages/numpy/__init__.py", line 305, in __getattr__
    raise AttributeError(__former_attrs__[attr])
AttributeError: module 'numpy' has no attribute 'int'.
`np.int` was a deprecated alias for the builtin `int`. To avoid this error in existing code, use `int` by itself. Doing this will not modify any behavior and is safe. When replacing `np.int`, you may wish to use e.g. `np.int64` or `np.int32` to specify the precision. If you wish to review your current use, check the release note link for additional information.
The aliases was originally deprecated in NumPy 1.20; for more details and guidance see the original release note at:
    https://numpy.org/devdocs/release/1.20.0-notes.html#deprecations
observation time 0.000822, current best 0.437278 at iter 12
Failure in optimizer suggest. Falling back to random search.
module 'numpy' has no attribute 'int'.
`np.int` was a deprecated alias for the builtin `int`. To avoid this error in existing code, use `int` by itself. Doing this will not modify any behavior and is safe. When replacing `np.int`, you may wish to use e.g. `np.int64` or `np.int32` to specify the precision. If you wish to review your current use, check the release note link for additional information.
The aliases was originally deprecated in NumPy 1.20; for more details and guidance see the original release note at:
    https://numpy.org/devdocs/release/1.20.0-notes.html#deprecations
Traceback (most recent call last):
  File "/home/ryedida/.local/lib/python3.9/site-packages/bayesmark/experiment.py", line 126, in run_study
    next_points = optimizer.suggest(n_suggestions)
  File "/home/ryedida/bbo_challenge_starter_kit/example_submissions/skopt/optimizer.py", line 116, in suggest
    next_guess = self.skopt.ask(n_points=n_suggestions)
  File "/home/ryedida/.local/lib/python3.9/site-packages/skopt/optimizer/optimizer.py", line 390, in ask
    opt = self.copy(random_state=self.rng.randint(0,
  File "/home/ryedida/.local/lib/python3.9/site-packages/skopt/optimizer/optimizer.py", line 331, in copy
    optimizer._tell(self.Xi, self.yi)
  File "/home/ryedida/.local/lib/python3.9/site-packages/skopt/optimizer/optimizer.py", line 536, in _tell
    est.fit(self.space.transform(self.Xi), self.yi)
  File "/home/ryedida/.local/lib/python3.9/site-packages/skopt/space/space.py", line 969, in transform
    columns[j] = self.dimensions[j].transform(columns[j])
  File "/home/ryedida/.local/lib/python3.9/site-packages/skopt/space/space.py", line 162, in transform
    return self.transformer.transform(X)
  File "/home/ryedida/.local/lib/python3.9/site-packages/skopt/space/transformers.py", line 304, in transform
    X = transformer.transform(X)
  File "/home/ryedida/.local/lib/python3.9/site-packages/skopt/space/transformers.py", line 262, in transform
    return (np.round(X).astype(np.int) - self.low) /\
  File "/home/ryedida/.local/lib/python3.9/site-packages/numpy/__init__.py", line 305, in __getattr__
    raise AttributeError(__former_attrs__[attr])
AttributeError: module 'numpy' has no attribute 'int'.
`np.int` was a deprecated alias for the builtin `int`. To avoid this error in existing code, use `int` by itself. Doing this will not modify any behavior and is safe. When replacing `np.int`, you may wish to use e.g. `np.int64` or `np.int32` to specify the precision. If you wish to review your current use, check the release note link for additional information.
The aliases was originally deprecated in NumPy 1.20; for more details and guidance see the original release note at:
    https://numpy.org/devdocs/release/1.20.0-notes.html#deprecations
suggestion time taken 0.003051 iter 13 next_points [{'alpha': 0.09883682762965566, 'batch_size': 39, 'beta_1': 0.9893468501142214, 'beta_2': 0.9702520437173471, 'epsilon': 1.1430487375865375e-09, 'hidden_layer_sizes': 197, 'learning_rate_init': 0.0803928979896487, 'tol': 0.0007958244927383196, 'validation_fraction': 0.17180010353905595}]
function_evaluation time 0.391504 value 1.017870 suggestion {'alpha': 0.09883682762965566, 'batch_size': 39, 'beta_1': 0.9893468501142214, 'beta_2': 0.9702520437173471, 'epsilon': 1.1430487375865375e-09, 'hidden_layer_sizes': 197, 'learning_rate_init': 0.0803928979896487, 'tol': 0.0007958244927383196, 'validation_fraction': 0.17180010353905595}
Failure in optimizer observe. Ignoring these observations.
module 'numpy' has no attribute 'int'.
`np.int` was a deprecated alias for the builtin `int`. To avoid this error in existing code, use `int` by itself. Doing this will not modify any behavior and is safe. When replacing `np.int`, you may wish to use e.g. `np.int64` or `np.int32` to specify the precision. If you wish to review your current use, check the release note link for additional information.
The aliases was originally deprecated in NumPy 1.20; for more details and guidance see the original release note at:
    https://numpy.org/devdocs/release/1.20.0-notes.html#deprecations
Traceback (most recent call last):
  File "/home/ryedida/.local/lib/python3.9/site-packages/bayesmark/experiment.py", line 172, in run_study
    optimizer.observe(next_points, eval_list)
  File "/home/ryedida/bbo_challenge_starter_kit/example_submissions/skopt/optimizer.py", line 146, in observe
    self.skopt.tell(xx, yy)
  File "/home/ryedida/.local/lib/python3.9/site-packages/skopt/optimizer/optimizer.py", line 493, in tell
    return self._tell(x, y, fit=fit)
  File "/home/ryedida/.local/lib/python3.9/site-packages/skopt/optimizer/optimizer.py", line 536, in _tell
    est.fit(self.space.transform(self.Xi), self.yi)
  File "/home/ryedida/.local/lib/python3.9/site-packages/skopt/space/space.py", line 969, in transform
    columns[j] = self.dimensions[j].transform(columns[j])
  File "/home/ryedida/.local/lib/python3.9/site-packages/skopt/space/space.py", line 162, in transform
    return self.transformer.transform(X)
  File "/home/ryedida/.local/lib/python3.9/site-packages/skopt/space/transformers.py", line 304, in transform
    X = transformer.transform(X)
  File "/home/ryedida/.local/lib/python3.9/site-packages/skopt/space/transformers.py", line 262, in transform
    return (np.round(X).astype(np.int) - self.low) /\
  File "/home/ryedida/.local/lib/python3.9/site-packages/numpy/__init__.py", line 305, in __getattr__
    raise AttributeError(__former_attrs__[attr])
AttributeError: module 'numpy' has no attribute 'int'.
`np.int` was a deprecated alias for the builtin `int`. To avoid this error in existing code, use `int` by itself. Doing this will not modify any behavior and is safe. When replacing `np.int`, you may wish to use e.g. `np.int64` or `np.int32` to specify the precision. If you wish to review your current use, check the release note link for additional information.
The aliases was originally deprecated in NumPy 1.20; for more details and guidance see the original release note at:
    https://numpy.org/devdocs/release/1.20.0-notes.html#deprecations
observation time 0.000859, current best 0.437278 at iter 13
Failure in optimizer suggest. Falling back to random search.
module 'numpy' has no attribute 'int'.
`np.int` was a deprecated alias for the builtin `int`. To avoid this error in existing code, use `int` by itself. Doing this will not modify any behavior and is safe. When replacing `np.int`, you may wish to use e.g. `np.int64` or `np.int32` to specify the precision. If you wish to review your current use, check the release note link for additional information.
The aliases was originally deprecated in NumPy 1.20; for more details and guidance see the original release note at:
    https://numpy.org/devdocs/release/1.20.0-notes.html#deprecations
Traceback (most recent call last):
  File "/home/ryedida/.local/lib/python3.9/site-packages/bayesmark/experiment.py", line 126, in run_study
    next_points = optimizer.suggest(n_suggestions)
  File "/home/ryedida/bbo_challenge_starter_kit/example_submissions/skopt/optimizer.py", line 116, in suggest
    next_guess = self.skopt.ask(n_points=n_suggestions)
  File "/home/ryedida/.local/lib/python3.9/site-packages/skopt/optimizer/optimizer.py", line 390, in ask
    opt = self.copy(random_state=self.rng.randint(0,
  File "/home/ryedida/.local/lib/python3.9/site-packages/skopt/optimizer/optimizer.py", line 331, in copy
    optimizer._tell(self.Xi, self.yi)
  File "/home/ryedida/.local/lib/python3.9/site-packages/skopt/optimizer/optimizer.py", line 536, in _tell
    est.fit(self.space.transform(self.Xi), self.yi)
  File "/home/ryedida/.local/lib/python3.9/site-packages/skopt/space/space.py", line 969, in transform
    columns[j] = self.dimensions[j].transform(columns[j])
  File "/home/ryedida/.local/lib/python3.9/site-packages/skopt/space/space.py", line 162, in transform
    return self.transformer.transform(X)
  File "/home/ryedida/.local/lib/python3.9/site-packages/skopt/space/transformers.py", line 304, in transform
    X = transformer.transform(X)
  File "/home/ryedida/.local/lib/python3.9/site-packages/skopt/space/transformers.py", line 262, in transform
    return (np.round(X).astype(np.int) - self.low) /\
  File "/home/ryedida/.local/lib/python3.9/site-packages/numpy/__init__.py", line 305, in __getattr__
    raise AttributeError(__former_attrs__[attr])
AttributeError: module 'numpy' has no attribute 'int'.
`np.int` was a deprecated alias for the builtin `int`. To avoid this error in existing code, use `int` by itself. Doing this will not modify any behavior and is safe. When replacing `np.int`, you may wish to use e.g. `np.int64` or `np.int32` to specify the precision. If you wish to review your current use, check the release note link for additional information.
The aliases was originally deprecated in NumPy 1.20; for more details and guidance see the original release note at:
    https://numpy.org/devdocs/release/1.20.0-notes.html#deprecations
suggestion time taken 0.003025 iter 14 next_points [{'alpha': 8.922964624291435e-05, 'batch_size': 208, 'beta_1': 0.5970766576517273, 'beta_2': 0.9999796090606193, 'epsilon': 7.867339215305655e-09, 'hidden_layer_sizes': 131, 'learning_rate_init': 0.09150460460003432, 'tol': 1.809475408475425e-05, 'validation_fraction': 0.7211585338376174}]
/home/ryedida/.local/lib/python3.9/site-packages/sklearn/neural_network/_multilayer_perceptron.py:605: UserWarning: Got `batch_size` less than 1 or larger than sample size. It is going to be clipped
  warnings.warn(

function_evaluation time 0.187464 value 0.330915 suggestion {'alpha': 8.922964624291435e-05, 'batch_size': 208, 'beta_1': 0.5970766576517273, 'beta_2': 0.9999796090606193, 'epsilon': 7.867339215305655e-09, 'hidden_layer_sizes': 131, 'learning_rate_init': 0.09150460460003432, 'tol': 1.809475408475425e-05, 'validation_fraction': 0.7211585338376174}
Failure in optimizer observe. Ignoring these observations.
module 'numpy' has no attribute 'int'.
`np.int` was a deprecated alias for the builtin `int`. To avoid this error in existing code, use `int` by itself. Doing this will not modify any behavior and is safe. When replacing `np.int`, you may wish to use e.g. `np.int64` or `np.int32` to specify the precision. If you wish to review your current use, check the release note link for additional information.
The aliases was originally deprecated in NumPy 1.20; for more details and guidance see the original release note at:
    https://numpy.org/devdocs/release/1.20.0-notes.html#deprecations
Traceback (most recent call last):
  File "/home/ryedida/.local/lib/python3.9/site-packages/bayesmark/experiment.py", line 172, in run_study
    optimizer.observe(next_points, eval_list)
  File "/home/ryedida/bbo_challenge_starter_kit/example_submissions/skopt/optimizer.py", line 146, in observe
    self.skopt.tell(xx, yy)
  File "/home/ryedida/.local/lib/python3.9/site-packages/skopt/optimizer/optimizer.py", line 493, in tell
    return self._tell(x, y, fit=fit)
  File "/home/ryedida/.local/lib/python3.9/site-packages/skopt/optimizer/optimizer.py", line 536, in _tell
    est.fit(self.space.transform(self.Xi), self.yi)
  File "/home/ryedida/.local/lib/python3.9/site-packages/skopt/space/space.py", line 969, in transform
    columns[j] = self.dimensions[j].transform(columns[j])
  File "/home/ryedida/.local/lib/python3.9/site-packages/skopt/space/space.py", line 162, in transform
    return self.transformer.transform(X)
  File "/home/ryedida/.local/lib/python3.9/site-packages/skopt/space/transformers.py", line 304, in transform
    X = transformer.transform(X)
  File "/home/ryedida/.local/lib/python3.9/site-packages/skopt/space/transformers.py", line 262, in transform
    return (np.round(X).astype(np.int) - self.low) /\
  File "/home/ryedida/.local/lib/python3.9/site-packages/numpy/__init__.py", line 305, in __getattr__
    raise AttributeError(__former_attrs__[attr])
AttributeError: module 'numpy' has no attribute 'int'.
`np.int` was a deprecated alias for the builtin `int`. To avoid this error in existing code, use `int` by itself. Doing this will not modify any behavior and is safe. When replacing `np.int`, you may wish to use e.g. `np.int64` or `np.int32` to specify the precision. If you wish to review your current use, check the release note link for additional information.
The aliases was originally deprecated in NumPy 1.20; for more details and guidance see the original release note at:
    https://numpy.org/devdocs/release/1.20.0-notes.html#deprecations
observation time 0.000755, current best 0.330915 at iter 14
saving meta data: {'args': {'--uuid': 'fc10d7a5c5275ca28a08e8645b59796f', '-db-root': '/home/ryedida/bbo_challenge_starter_kit/output', '--opt-root': '/home/ryedida/bbo_challenge_starter_kit/example_submissions', '--data-root': None, '--db': 'run_20230422_030001', '--opt': 'skopt', '--data': 'breast', '--classifier': 'MLP-adam', '--metric': 'nll', '--calls': 15, '--suggestions': 1, '--jobs-file': None, '--verbose': False, 'dry_run': False, 'rev': 'a376313', 'opt_rev': '0.9.0'}, 'signature': ([{'alpha': 0.019628224813442792, 'batch_size': 182, 'beta_1': 0.9410202200271762, 'beta_2': 0.9998021557676793, 'epsilon': 1.8662266976518e-08, 'hidden_layer_sizes': 147, 'learning_rate_init': 0.0005627932047415167, 'tol': 0.03690557729213761, 'validation_fraction': 0.8846827852548593}, {'alpha': 0.0019982467392329444, 'batch_size': 200, 'beta_1': 0.919111482530466, 'beta_2': 0.9998488260436156, 'epsilon': 5.981221901152555e-07, 'hidden_layer_sizes': 61, 'learning_rate_init': 2.2310905607443014e-05, 'tol': 1.2046852412030316e-05, 'validation_fraction': 0.8117896445826539}, {'alpha': 0.46659545670218433, 'batch_size': 219, 'beta_1': 0.9889789783750891, 'beta_2': 0.9999896868093284, 'epsilon': 2.4234724484675948e-08, 'hidden_layer_sizes': 167, 'learning_rate_init': 2.972334644335654e-05, 'tol': 0.0036281404040243792, 'validation_fraction': 0.17260651658522078}, {'alpha': 4.656005689076002, 'batch_size': 135, 'beta_1': 0.870503881627747, 'beta_2': 0.9948873266941017, 'epsilon': 2.1023308743480125e-07, 'hidden_layer_sizes': 118, 'learning_rate_init': 0.0018781738757161913, 'tol': 1.1889379831773004e-05, 'validation_fraction': 0.6264327093752792}, {'alpha': 0.04705159350400542, 'batch_size': 158, 'beta_1': 0.9870884262730957, 'beta_2': 0.9999596874382349, 'epsilon': 1.1981845126013875e-08, 'hidden_layer_sizes': 116, 'learning_rate_init': 0.00617340520407431, 'tol': 1.741413418158619e-05, 'validation_fraction': 0.6754299026638921}], [8.104566516477803, 14.643876498263253, 12.332285721418042, 5.2697835894868685, 3.490431081639362])}
saving results
saving timing
saving suggest log
done
