running: {'--uuid': '0a41e4840db452cc86dcba811e1ed8a0', '-db-root': '/Users/ryedida/Desktop/menzies/thesis/smoothness-hpo/smoothness-hpo/bbo_challenge_starter_kit/output', '--opt-root': '/Users/ryedida/Desktop/menzies/thesis/smoothness-hpo/smoothness-hpo/bbo_challenge_starter_kit/example_submissions', '--data-root': None, '--db': 'run_20230816_231510', '--opt': 'opentuner', '--data': 'wine', '--classifier': 'MLP-adam', '--metric': 'nll', '--calls': 45, '--suggestions': 1, '--jobs-file': None, '--verbose': False, 'dry_run': False, 'rev': 'a376313', 'opt_rev': '0.8.8'}
cmd: python opentuner/optimizer.py -c MLP-adam -d wine -o opentuner -u 0a41e4840db452cc86dcba811e1ed8a0 -m nll -n 45 -p 1 -dir /Users/ryedida/Desktop/menzies/thesis/smoothness-hpo/smoothness-hpo/bbo_challenge_starter_kit/output -b run_20230816_231510
/Users/ryedida/miniforge3/lib/python3.9/site-packages/sklearn/neural_network/_multilayer_perceptron.py:605: UserWarning: Got `batch_size` less than 1 or larger than sample size. It is going to be clipped
  warnings.warn(

/Users/ryedida/miniforge3/lib/python3.9/site-packages/sklearn/neural_network/_multilayer_perceptron.py:605: UserWarning: Got `batch_size` less than 1 or larger than sample size. It is going to be clipped
  warnings.warn(

/Users/ryedida/miniforge3/lib/python3.9/site-packages/sklearn/neural_network/_multilayer_perceptron.py:605: UserWarning: Got `batch_size` less than 1 or larger than sample size. It is going to be clipped
  warnings.warn(

/Users/ryedida/miniforge3/lib/python3.9/site-packages/sklearn/neural_network/_multilayer_perceptron.py:605: UserWarning: Got `batch_size` less than 1 or larger than sample size. It is going to be clipped
  warnings.warn(

/Users/ryedida/miniforge3/lib/python3.9/site-packages/sklearn/neural_network/_multilayer_perceptron.py:605: UserWarning: Got `batch_size` less than 1 or larger than sample size. It is going to be clipped
  warnings.warn(

computed signature: ([{'alpha': 0.019628224813442792, 'batch_size': 182, 'beta_1': 0.9410202200271762, 'beta_2': 0.9998021557676793, 'epsilon': 1.8662266976518e-08, 'hidden_layer_sizes': 147, 'learning_rate_init': 0.0005627932047415167, 'tol': 0.03690557729213761, 'validation_fraction': 0.8846827852548593}, {'alpha': 0.001998246739232944, 'batch_size': 200, 'beta_1': 0.919111482530466, 'beta_2': 0.9998488260436156, 'epsilon': 5.981221901152555e-07, 'hidden_layer_sizes': 61, 'learning_rate_init': 2.2310905607443014e-05, 'tol': 1.2046852412030316e-05, 'validation_fraction': 0.8117896445826539}, {'alpha': 0.46659545670218433, 'batch_size': 219, 'beta_1': 0.9889789783750891, 'beta_2': 0.9999896868093284, 'epsilon': 2.4234724484675948e-08, 'hidden_layer_sizes': 167, 'learning_rate_init': 2.972334644335654e-05, 'tol': 0.0036281404040243792, 'validation_fraction': 0.17260651658522078}, {'alpha': 4.656005689076002, 'batch_size': 135, 'beta_1': 0.870503881627747, 'beta_2': 0.9948873266941017, 'epsilon': 2.1023308743480125e-07, 'hidden_layer_sizes': 118, 'learning_rate_init': 0.001878173875716191, 'tol': 1.1889379831773006e-05, 'validation_fraction': 0.6264327093752792}, {'alpha': 0.04705159350400542, 'batch_size': 158, 'beta_1': 0.9870884262730957, 'beta_2': 0.9999596874382349, 'epsilon': 1.1981845126013875e-08, 'hidden_layer_sizes': 116, 'learning_rate_init': 0.006173405204074311, 'tol': 1.7414134181586194e-05, 'validation_fraction': 0.6754299026638921}], [16.063962273407764, 23.274250254613083, 19.80193088400322, 3.4639182107250135, 15.210579700922187])
/Users/ryedida/miniforge3/lib/python3.9/site-packages/bayesmark/experiment.py:469: UserWarning: Baselines not found. Will not log intermediate scores.
  warnings.warn("Baselines not found. Will not log intermediate scores.")

starting sklearn study opentuner MLP-adam wine nll 45 1
with data root: None
suggestion time taken 0.008874 iter 0 next_points [{'hidden_layer_sizes': 122, 'alpha': 7.7626176898079, 'batch_size': 136, 'learning_rate_init': 0.014634103416726264, 'tol': 0.08158020573634943, 'validation_fraction': 0.4904775197967369, 'beta_1': 0.5734582639828707, 'beta_2': 0.9733578653332698, 'epsilon': 1.962664618887212e-07}]
/Users/ryedida/miniforge3/lib/python3.9/site-packages/sklearn/neural_network/_multilayer_perceptron.py:605: UserWarning: Got `batch_size` less than 1 or larger than sample size. It is going to be clipped
  warnings.warn(

function_evaluation time 0.037842 value 8.499108 suggestion {'hidden_layer_sizes': 122, 'alpha': 7.7626176898079, 'batch_size': 136, 'learning_rate_init': 0.014634103416726264, 'tol': 0.08158020573634943, 'validation_fraction': 0.4904775197967369, 'beta_1': 0.5734582639828707, 'beta_2': 0.9733578653332698, 'epsilon': 1.962664618887212e-07}
observation time 0.002175, current best 8.499108 at iter 0
suggestion time taken 0.012309 iter 1 next_points [{'beta_1': 0.8612308948696485, 'learning_rate_init': 0.09696109033265025, 'hidden_layer_sizes': 160, 'tol': 0.08362203504112313, 'beta_2': 0.9511424362492354, 'alpha': 7.738635768758437, 'batch_size': 119, 'epsilon': 3.4000577411927204e-07, 'validation_fraction': 0.4747120846591031}]
/Users/ryedida/miniforge3/lib/python3.9/site-packages/sklearn/neural_network/_multilayer_perceptron.py:605: UserWarning: Got `batch_size` less than 1 or larger than sample size. It is going to be clipped
  warnings.warn(

function_evaluation time 0.040873 value 5.523679 suggestion {'beta_1': 0.8612308948696485, 'learning_rate_init': 0.09696109033265025, 'hidden_layer_sizes': 160, 'tol': 0.08362203504112313, 'beta_2': 0.9511424362492354, 'alpha': 7.738635768758437, 'batch_size': 119, 'epsilon': 3.4000577411927204e-07, 'validation_fraction': 0.4747120846591031}
observation time 0.001229, current best 5.523679 at iter 1
suggestion time taken 0.004168 iter 2 next_points [{'beta_1': 0.8612308948696485, 'learning_rate_init': 0.09696109033265025, 'hidden_layer_sizes': 160, 'tol': 0.03420289674152948, 'beta_2': 0.9511424362492354, 'alpha': 7.738635768758437, 'batch_size': 119, 'epsilon': 3.4000577411927204e-07, 'validation_fraction': 0.4747120846591031}]
/Users/ryedida/miniforge3/lib/python3.9/site-packages/sklearn/neural_network/_multilayer_perceptron.py:605: UserWarning: Got `batch_size` less than 1 or larger than sample size. It is going to be clipped
  warnings.warn(

function_evaluation time 0.051308 value 5.461023 suggestion {'beta_1': 0.8612308948696485, 'learning_rate_init': 0.09696109033265025, 'hidden_layer_sizes': 160, 'tol': 0.03420289674152948, 'beta_2': 0.9511424362492354, 'alpha': 7.738635768758437, 'batch_size': 119, 'epsilon': 3.4000577411927204e-07, 'validation_fraction': 0.4747120846591031}
observation time 0.001047, current best 5.461023 at iter 2
suggestion time taken 0.024697 iter 3 next_points [{'tol': 0.045265616192529716, 'alpha': 0.7635213286565327, 'validation_fraction': 0.49789895551403196, 'learning_rate_init': 0.025164956683562934, 'batch_size': 224, 'beta_2': 0.9924109260141127, 'hidden_layer_sizes': 91, 'epsilon': 9.593035081028869e-07, 'beta_1': 0.7335423750989305}]
/Users/ryedida/miniforge3/lib/python3.9/site-packages/sklearn/neural_network/_multilayer_perceptron.py:605: UserWarning: Got `batch_size` less than 1 or larger than sample size. It is going to be clipped
  warnings.warn(

function_evaluation time 0.046969 value 4.653422 suggestion {'tol': 0.045265616192529716, 'alpha': 0.7635213286565327, 'validation_fraction': 0.49789895551403196, 'learning_rate_init': 0.025164956683562934, 'batch_size': 224, 'beta_2': 0.9924109260141127, 'hidden_layer_sizes': 91, 'epsilon': 9.593035081028869e-07, 'beta_1': 0.7335423750989305}
observation time 0.001054, current best 4.653422 at iter 3
suggestion time taken 0.003839 iter 4 next_points [{'tol': 0.045265616192529716, 'alpha': 0.7635213286565327, 'validation_fraction': 0.49789895551403196, 'learning_rate_init': 0.03182184304851881, 'batch_size': 237, 'beta_2': 0.9924109260141127, 'hidden_layer_sizes': 91, 'epsilon': 9.988357347062428e-07, 'beta_1': 0.7065914334225654}]
/Users/ryedida/miniforge3/lib/python3.9/site-packages/sklearn/neural_network/_multilayer_perceptron.py:605: UserWarning: Got `batch_size` less than 1 or larger than sample size. It is going to be clipped
  warnings.warn(

function_evaluation time 0.063737 value 5.279184 suggestion {'tol': 0.045265616192529716, 'alpha': 0.7635213286565327, 'validation_fraction': 0.49789895551403196, 'learning_rate_init': 0.03182184304851881, 'batch_size': 237, 'beta_2': 0.9924109260141127, 'hidden_layer_sizes': 91, 'epsilon': 9.988357347062428e-07, 'beta_1': 0.7065914334225654}
observation time 0.000914, current best 4.653422 at iter 4
suggestion time taken 0.003078 iter 5 next_points [{'beta_1': 0.8639501356938323, 'learning_rate_init': 0.06414675431824805, 'hidden_layer_sizes': 61, 'tol': 0.061356014479425784, 'beta_2': 0.982428554264678, 'alpha': 4.158680005241063, 'batch_size': 232, 'epsilon': 9.149892218623657e-07, 'validation_fraction': 0.30672829852332156}]
/Users/ryedida/miniforge3/lib/python3.9/site-packages/sklearn/neural_network/_multilayer_perceptron.py:605: UserWarning: Got `batch_size` less than 1 or larger than sample size. It is going to be clipped
  warnings.warn(

function_evaluation time 0.040370 value 5.590791 suggestion {'beta_1': 0.8639501356938323, 'learning_rate_init': 0.06414675431824805, 'hidden_layer_sizes': 61, 'tol': 0.061356014479425784, 'beta_2': 0.982428554264678, 'alpha': 4.158680005241063, 'batch_size': 232, 'epsilon': 9.149892218623657e-07, 'validation_fraction': 0.30672829852332156}
observation time 0.000838, current best 4.653422 at iter 5
suggestion time taken 0.002597 iter 6 next_points [{'tol': 0.08374606529529009, 'alpha': 8.066434998245466, 'validation_fraction': 0.6423424761246248, 'learning_rate_init': 0.008435399257603105, 'batch_size': 32, 'beta_2': 0.9525815848147257, 'hidden_layer_sizes': 114, 'epsilon': 4.8984441472552e-07, 'beta_1': 0.8602420114052061}]
function_evaluation time 0.041076 value 4.863628 suggestion {'tol': 0.08374606529529009, 'alpha': 8.066434998245466, 'validation_fraction': 0.6423424761246248, 'learning_rate_init': 0.008435399257603105, 'batch_size': 32, 'beta_2': 0.9525815848147257, 'hidden_layer_sizes': 114, 'epsilon': 4.8984441472552e-07, 'beta_1': 0.8602420114052061}
observation time 0.000818, current best 4.653422 at iter 6
suggestion time taken 0.003578 iter 7 next_points [{'tol': 0.045265616192529716, 'alpha': 0.7635213286565327, 'validation_fraction': 0.49789895551403196, 'learning_rate_init': 0.001375948743027312, 'batch_size': 154, 'beta_2': 0.9924109260141127, 'hidden_layer_sizes': 136, 'epsilon': 9.593035081028869e-07, 'beta_1': 0.7335423750989305}]
/Users/ryedida/miniforge3/lib/python3.9/site-packages/sklearn/neural_network/_multilayer_perceptron.py:605: UserWarning: Got `batch_size` less than 1 or larger than sample size. It is going to be clipped
  warnings.warn(

function_evaluation time 0.040741 value 10.878092 suggestion {'tol': 0.045265616192529716, 'alpha': 0.7635213286565327, 'validation_fraction': 0.49789895551403196, 'learning_rate_init': 0.001375948743027312, 'batch_size': 154, 'beta_2': 0.9924109260141127, 'hidden_layer_sizes': 136, 'epsilon': 9.593035081028869e-07, 'beta_1': 0.7335423750989305}
observation time 0.001040, current best 4.653422 at iter 7
suggestion time taken 0.003225 iter 8 next_points [{'beta_1': 0.9221080959485992, 'learning_rate_init': 0.08218753360187418, 'hidden_layer_sizes': 116, 'tol': 0.07129712654111901, 'beta_2': 0.9142664810398018, 'alpha': 4.544695462188579, 'batch_size': 203, 'epsilon': 8.340402962997141e-07, 'validation_fraction': 0.7753699586241368}]
/Users/ryedida/miniforge3/lib/python3.9/site-packages/sklearn/neural_network/_multilayer_perceptron.py:605: UserWarning: Got `batch_size` less than 1 or larger than sample size. It is going to be clipped
  warnings.warn(

function_evaluation time 0.031324 value 11.941547 suggestion {'beta_1': 0.9221080959485992, 'learning_rate_init': 0.08218753360187418, 'hidden_layer_sizes': 116, 'tol': 0.07129712654111901, 'beta_2': 0.9142664810398018, 'alpha': 4.544695462188579, 'batch_size': 203, 'epsilon': 8.340402962997141e-07, 'validation_fraction': 0.7753699586241368}
observation time 0.000856, current best 4.653422 at iter 8
suggestion time taken 0.003616 iter 9 next_points [{'tol': 0.045265616192529716, 'alpha': 0.7635213286565327, 'validation_fraction': 0.49789895551403196, 'learning_rate_init': 0.025164956683562934, 'batch_size': 203, 'beta_2': 0.9924109260141127, 'hidden_layer_sizes': 91, 'epsilon': 8.77723405429658e-07, 'beta_1': 0.7335423750989305}]
/Users/ryedida/miniforge3/lib/python3.9/site-packages/sklearn/neural_network/_multilayer_perceptron.py:605: UserWarning: Got `batch_size` less than 1 or larger than sample size. It is going to be clipped
  warnings.warn(

function_evaluation time 0.037425 value 11.326613 suggestion {'tol': 0.045265616192529716, 'alpha': 0.7635213286565327, 'validation_fraction': 0.49789895551403196, 'learning_rate_init': 0.025164956683562934, 'batch_size': 203, 'beta_2': 0.9924109260141127, 'hidden_layer_sizes': 91, 'epsilon': 8.77723405429658e-07, 'beta_1': 0.7335423750989305}
observation time 0.000835, current best 4.653422 at iter 9
suggestion time taken 0.002605 iter 10 next_points [{'tol': 0.013863089581443267, 'alpha': 8.333222268712378, 'validation_fraction': 0.5802457552907309, 'learning_rate_init': 0.002042543615867466, 'batch_size': 137, 'beta_2': 0.983360451022018, 'hidden_layer_sizes': 190, 'epsilon': 9.996024693819929e-07, 'beta_1': 0.5104571116093758}]
/Users/ryedida/miniforge3/lib/python3.9/site-packages/sklearn/neural_network/_multilayer_perceptron.py:605: UserWarning: Got `batch_size` less than 1 or larger than sample size. It is going to be clipped
  warnings.warn(

function_evaluation time 0.052344 value 2.355960 suggestion {'tol': 0.013863089581443267, 'alpha': 8.333222268712378, 'validation_fraction': 0.5802457552907309, 'learning_rate_init': 0.002042543615867466, 'batch_size': 137, 'beta_2': 0.983360451022018, 'hidden_layer_sizes': 190, 'epsilon': 9.996024693819929e-07, 'beta_1': 0.5104571116093758}
observation time 0.000933, current best 2.355960 at iter 10
suggestion time taken 0.002769 iter 11 next_points [{'tol': 0.02070293759264923, 'alpha': 0.5670195675702078, 'validation_fraction': 0.6245173956531168, 'learning_rate_init': 0.06501492523505041, 'batch_size': 100, 'beta_2': 0.9064421875824219, 'hidden_layer_sizes': 109, 'epsilon': 1.0421097332344209e-07, 'beta_1': 0.8003995671749654}]
/Users/ryedida/miniforge3/lib/python3.9/site-packages/sklearn/neural_network/_multilayer_perceptron.py:605: UserWarning: Got `batch_size` less than 1 or larger than sample size. It is going to be clipped
  warnings.warn(

function_evaluation time 0.056985 value 7.131757 suggestion {'tol': 0.02070293759264923, 'alpha': 0.5670195675702078, 'validation_fraction': 0.6245173956531168, 'learning_rate_init': 0.06501492523505041, 'batch_size': 100, 'beta_2': 0.9064421875824219, 'hidden_layer_sizes': 109, 'epsilon': 1.0421097332344209e-07, 'beta_1': 0.8003995671749654}
observation time 0.000978, current best 2.355960 at iter 11
suggestion time taken 0.002731 iter 12 next_points [{'tol': 0.011093410080448885, 'alpha': 4.882084302653793, 'validation_fraction': 0.539218345171127, 'learning_rate_init': 0.000606323425378964, 'batch_size': 15, 'beta_2': 0.9141355820404965, 'hidden_layer_sizes': 79, 'epsilon': 2.1841788458484734e-07, 'beta_1': 0.881812438394748}]
function_evaluation time 0.078976 value 6.100728 suggestion {'tol': 0.011093410080448885, 'alpha': 4.882084302653793, 'validation_fraction': 0.539218345171127, 'learning_rate_init': 0.000606323425378964, 'batch_size': 15, 'beta_2': 0.9141355820404965, 'hidden_layer_sizes': 79, 'epsilon': 2.1841788458484734e-07, 'beta_1': 0.881812438394748}
observation time 0.001010, current best 2.355960 at iter 12
suggestion time taken 0.003655 iter 13 next_points [{'tol': 0.013863089581443267, 'alpha': 8.333222268712378, 'validation_fraction': 0.5802457552907309, 'learning_rate_init': 0.002042543615867466, 'batch_size': 137, 'beta_2': 0.983360451022018, 'hidden_layer_sizes': 190, 'epsilon': 1.0771933536876565e-07, 'beta_1': 0.5104571116093758}]
/Users/ryedida/miniforge3/lib/python3.9/site-packages/sklearn/neural_network/_multilayer_perceptron.py:605: UserWarning: Got `batch_size` less than 1 or larger than sample size. It is going to be clipped
  warnings.warn(

function_evaluation time 0.061471 value 3.529831 suggestion {'tol': 0.013863089581443267, 'alpha': 8.333222268712378, 'validation_fraction': 0.5802457552907309, 'learning_rate_init': 0.002042543615867466, 'batch_size': 137, 'beta_2': 0.983360451022018, 'hidden_layer_sizes': 190, 'epsilon': 1.0771933536876565e-07, 'beta_1': 0.5104571116093758}
observation time 0.000996, current best 2.355960 at iter 13
suggestion time taken 0.002761 iter 14 next_points [{'tol': 0.053481898152867906, 'alpha': 0.46016653393007173, 'validation_fraction': 0.5648747695020075, 'learning_rate_init': 0.028536346671248426, 'batch_size': 247, 'beta_2': 0.9988119201212116, 'hidden_layer_sizes': 104, 'epsilon': 2.550488326374657e-07, 'beta_1': 0.7493279866441394}]
/Users/ryedida/miniforge3/lib/python3.9/site-packages/sklearn/neural_network/_multilayer_perceptron.py:605: UserWarning: Got `batch_size` less than 1 or larger than sample size. It is going to be clipped
  warnings.warn(

function_evaluation time 0.050498 value 4.191643 suggestion {'tol': 0.053481898152867906, 'alpha': 0.46016653393007173, 'validation_fraction': 0.5648747695020075, 'learning_rate_init': 0.028536346671248426, 'batch_size': 247, 'beta_2': 0.9988119201212116, 'hidden_layer_sizes': 104, 'epsilon': 2.550488326374657e-07, 'beta_1': 0.7493279866441394}
observation time 0.000931, current best 2.355960 at iter 14
suggestion time taken 0.002711 iter 15 next_points [{'tol': 0.09292008398517086, 'alpha': 1.395322473419331, 'validation_fraction': 0.3972953639420016, 'learning_rate_init': 0.08059605189960066, 'batch_size': 88, 'beta_2': 0.9388157394531467, 'hidden_layer_sizes': 84, 'epsilon': 8.484414194825641e-07, 'beta_1': 0.5226247955670278}]
/Users/ryedida/miniforge3/lib/python3.9/site-packages/sklearn/neural_network/_multilayer_perceptron.py:605: UserWarning: Got `batch_size` less than 1 or larger than sample size. It is going to be clipped
  warnings.warn(

function_evaluation time 0.032832 value 3.680243 suggestion {'tol': 0.09292008398517086, 'alpha': 1.395322473419331, 'validation_fraction': 0.3972953639420016, 'learning_rate_init': 0.08059605189960066, 'batch_size': 88, 'beta_2': 0.9388157394531467, 'hidden_layer_sizes': 84, 'epsilon': 8.484414194825641e-07, 'beta_1': 0.5226247955670278}
observation time 0.000985, current best 2.355960 at iter 15
suggestion time taken 0.003575 iter 16 next_points [{'tol': 0.013863089581443267, 'alpha': 8.333222268712378, 'validation_fraction': 0.5802457552907309, 'learning_rate_init': 0.002042543615867466, 'batch_size': 137, 'beta_2': 0.983360451022018, 'hidden_layer_sizes': 190, 'epsilon': 9.996024693819929e-07, 'beta_1': 0.8957365129979105}]
/Users/ryedida/miniforge3/lib/python3.9/site-packages/sklearn/neural_network/_multilayer_perceptron.py:605: UserWarning: Got `batch_size` less than 1 or larger than sample size. It is going to be clipped
  warnings.warn(

function_evaluation time 0.105753 value 1.833658 suggestion {'tol': 0.013863089581443267, 'alpha': 8.333222268712378, 'validation_fraction': 0.5802457552907309, 'learning_rate_init': 0.002042543615867466, 'batch_size': 137, 'beta_2': 0.983360451022018, 'hidden_layer_sizes': 190, 'epsilon': 9.996024693819929e-07, 'beta_1': 0.8957365129979105}
observation time 0.001005, current best 1.833658 at iter 16
suggestion time taken 0.003654 iter 17 next_points [{'tol': 0.013863089581443267, 'alpha': 8.333222268712378, 'validation_fraction': 0.5802457552907309, 'learning_rate_init': 0.029986238661580723, 'batch_size': 137, 'beta_2': 0.983360451022018, 'hidden_layer_sizes': 190, 'epsilon': 9.996024693819929e-07, 'beta_1': 0.8957365129979105}]
/Users/ryedida/miniforge3/lib/python3.9/site-packages/sklearn/neural_network/_multilayer_perceptron.py:605: UserWarning: Got `batch_size` less than 1 or larger than sample size. It is going to be clipped
  warnings.warn(

function_evaluation time 0.062359 value 9.495430 suggestion {'tol': 0.013863089581443267, 'alpha': 8.333222268712378, 'validation_fraction': 0.5802457552907309, 'learning_rate_init': 0.029986238661580723, 'batch_size': 137, 'beta_2': 0.983360451022018, 'hidden_layer_sizes': 190, 'epsilon': 9.996024693819929e-07, 'beta_1': 0.8957365129979105}
observation time 0.001058, current best 1.833658 at iter 17
suggestion time taken 0.004233 iter 18 next_points [{'tol': 0.09947773064817282, 'alpha': 8.333222268712378, 'validation_fraction': 0.5802457552907309, 'learning_rate_init': 0.002042543615867466, 'batch_size': 137, 'beta_2': 0.983360451022018, 'hidden_layer_sizes': 190, 'epsilon': 9.996024693819929e-07, 'beta_1': 0.8957365129979105}]
/Users/ryedida/miniforge3/lib/python3.9/site-packages/sklearn/neural_network/_multilayer_perceptron.py:605: UserWarning: Got `batch_size` less than 1 or larger than sample size. It is going to be clipped
  warnings.warn(

function_evaluation time 0.034155 value 12.333565 suggestion {'tol': 0.09947773064817282, 'alpha': 8.333222268712378, 'validation_fraction': 0.5802457552907309, 'learning_rate_init': 0.002042543615867466, 'batch_size': 137, 'beta_2': 0.983360451022018, 'hidden_layer_sizes': 190, 'epsilon': 9.996024693819929e-07, 'beta_1': 0.8957365129979105}
observation time 0.000950, current best 1.833658 at iter 18
suggestion time taken 0.003533 iter 19 next_points [{'tol': 0.013863089581443267, 'alpha': 8.333222268712378, 'validation_fraction': 0.17545695628336233, 'learning_rate_init': 0.002042543615867466, 'batch_size': 11, 'beta_2': 0.983360451022018, 'hidden_layer_sizes': 189, 'epsilon': 9.996024693819929e-07, 'beta_1': 0.8957365129979105}]
function_evaluation time 0.147428 value 1.909779 suggestion {'tol': 0.013863089581443267, 'alpha': 8.333222268712378, 'validation_fraction': 0.17545695628336233, 'learning_rate_init': 0.002042543615867466, 'batch_size': 11, 'beta_2': 0.983360451022018, 'hidden_layer_sizes': 189, 'epsilon': 9.996024693819929e-07, 'beta_1': 0.8957365129979105}
observation time 0.001024, current best 1.833658 at iter 19
suggestion time taken 0.003804 iter 20 next_points [{'tol': 0.003247001117863736, 'alpha': 8.333222268712378, 'validation_fraction': 0.5802457552907309, 'learning_rate_init': 0.004513489665227622, 'batch_size': 137, 'beta_2': 0.983360451022018, 'hidden_layer_sizes': 190, 'epsilon': 9.996024693819929e-07, 'beta_1': 0.8957365129979105}]
/Users/ryedida/miniforge3/lib/python3.9/site-packages/sklearn/neural_network/_multilayer_perceptron.py:605: UserWarning: Got `batch_size` less than 1 or larger than sample size. It is going to be clipped
  warnings.warn(

function_evaluation time 0.067503 value 1.028574 suggestion {'tol': 0.003247001117863736, 'alpha': 8.333222268712378, 'validation_fraction': 0.5802457552907309, 'learning_rate_init': 0.004513489665227622, 'batch_size': 137, 'beta_2': 0.983360451022018, 'hidden_layer_sizes': 190, 'epsilon': 9.996024693819929e-07, 'beta_1': 0.8957365129979105}
observation time 0.001053, current best 1.028574 at iter 20
suggestion time taken 0.003814 iter 21 next_points [{'tol': 0.003247001117863736, 'alpha': 8.523752377014825, 'validation_fraction': 0.5802457552907309, 'learning_rate_init': 0.004513489665227622, 'batch_size': 125, 'beta_2': 0.983360451022018, 'hidden_layer_sizes': 190, 'epsilon': 9.16357406094941e-07, 'beta_1': 0.8957365129979105}]
/Users/ryedida/miniforge3/lib/python3.9/site-packages/sklearn/neural_network/_multilayer_perceptron.py:605: UserWarning: Got `batch_size` less than 1 or larger than sample size. It is going to be clipped
  warnings.warn(

function_evaluation time 0.047014 value 7.905678 suggestion {'tol': 0.003247001117863736, 'alpha': 8.523752377014825, 'validation_fraction': 0.5802457552907309, 'learning_rate_init': 0.004513489665227622, 'batch_size': 125, 'beta_2': 0.983360451022018, 'hidden_layer_sizes': 190, 'epsilon': 9.16357406094941e-07, 'beta_1': 0.8957365129979105}
observation time 0.000985, current best 1.028574 at iter 21
suggestion time taken 0.003795 iter 22 next_points [{'tol': 0.02037131378324968, 'alpha': 9.767593353890673, 'validation_fraction': 0.5932961185379675, 'learning_rate_init': 0.013448603053353315, 'batch_size': 137, 'beta_2': 0.9824629164949865, 'hidden_layer_sizes': 190, 'epsilon': 9.996024693819929e-07, 'beta_1': 0.9011447974639806}]
/Users/ryedida/miniforge3/lib/python3.9/site-packages/sklearn/neural_network/_multilayer_perceptron.py:605: UserWarning: Got `batch_size` less than 1 or larger than sample size. It is going to be clipped
  warnings.warn(

function_evaluation time 0.057393 value 7.109354 suggestion {'tol': 0.02037131378324968, 'alpha': 9.767593353890673, 'validation_fraction': 0.5932961185379675, 'learning_rate_init': 0.013448603053353315, 'batch_size': 137, 'beta_2': 0.9824629164949865, 'hidden_layer_sizes': 190, 'epsilon': 9.996024693819929e-07, 'beta_1': 0.9011447974639806}
observation time 0.000962, current best 1.028574 at iter 22
suggestion time taken 0.003787 iter 23 next_points [{'tol': 0.003247001117863736, 'alpha': 8.333222268712378, 'validation_fraction': 0.5802457552907309, 'learning_rate_init': 0.004513489665227622, 'batch_size': 137, 'beta_2': 0.983360451022018, 'hidden_layer_sizes': 200, 'epsilon': 9.996024693819929e-07, 'beta_1': 0.8957365129979105}]
/Users/ryedida/miniforge3/lib/python3.9/site-packages/sklearn/neural_network/_multilayer_perceptron.py:605: UserWarning: Got `batch_size` less than 1 or larger than sample size. It is going to be clipped
  warnings.warn(

function_evaluation time 0.079119 value 4.384784 suggestion {'tol': 0.003247001117863736, 'alpha': 8.333222268712378, 'validation_fraction': 0.5802457552907309, 'learning_rate_init': 0.004513489665227622, 'batch_size': 137, 'beta_2': 0.983360451022018, 'hidden_layer_sizes': 200, 'epsilon': 9.996024693819929e-07, 'beta_1': 0.8957365129979105}
observation time 0.001105, current best 1.028574 at iter 23
suggestion time taken 0.003194 iter 24 next_points [{'beta_1': 0.8468348391160776, 'learning_rate_init': 0.07456326188871813, 'hidden_layer_sizes': 66, 'tol': 0.07962380094358916, 'beta_2': 0.9163931695164927, 'alpha': 5.19778894432421, 'batch_size': 23, 'epsilon': 1.2010531205749919e-07, 'validation_fraction': 0.3507122302147935}]
function_evaluation time 0.048557 value 1.290663 suggestion {'beta_1': 0.8468348391160776, 'learning_rate_init': 0.07456326188871813, 'hidden_layer_sizes': 66, 'tol': 0.07962380094358916, 'beta_2': 0.9163931695164927, 'alpha': 5.19778894432421, 'batch_size': 23, 'epsilon': 1.2010531205749919e-07, 'validation_fraction': 0.3507122302147935}
observation time 0.000864, current best 1.028574 at iter 24
suggestion time taken 0.003582 iter 25 next_points [{'tol': 0.003247001117863736, 'alpha': 8.333222268712378, 'validation_fraction': 0.5802457552907309, 'learning_rate_init': 0.012061877195903282, 'batch_size': 137, 'beta_2': 0.983360451022018, 'hidden_layer_sizes': 186, 'epsilon': 9.996024693819929e-07, 'beta_1': 0.8957365129979105}]
/Users/ryedida/miniforge3/lib/python3.9/site-packages/sklearn/neural_network/_multilayer_perceptron.py:605: UserWarning: Got `batch_size` less than 1 or larger than sample size. It is going to be clipped
  warnings.warn(

function_evaluation time 0.081201 value 6.754043 suggestion {'tol': 0.003247001117863736, 'alpha': 8.333222268712378, 'validation_fraction': 0.5802457552907309, 'learning_rate_init': 0.012061877195903282, 'batch_size': 137, 'beta_2': 0.983360451022018, 'hidden_layer_sizes': 186, 'epsilon': 9.996024693819929e-07, 'beta_1': 0.8957365129979105}
observation time 0.001042, current best 1.028574 at iter 25
suggestion time taken 0.003683 iter 26 next_points [{'tol': 0.003247001117863736, 'alpha': 8.333222268712378, 'validation_fraction': 0.48026049547606364, 'learning_rate_init': 0.004513489665227622, 'batch_size': 19, 'beta_2': 0.983360451022018, 'hidden_layer_sizes': 95, 'epsilon': 9.996024693819929e-07, 'beta_1': 0.8957365129979105}]
function_evaluation time 0.099826 value 0.689131 suggestion {'tol': 0.003247001117863736, 'alpha': 8.333222268712378, 'validation_fraction': 0.48026049547606364, 'learning_rate_init': 0.004513489665227622, 'batch_size': 19, 'beta_2': 0.983360451022018, 'hidden_layer_sizes': 95, 'epsilon': 9.996024693819929e-07, 'beta_1': 0.8957365129979105}
observation time 0.001007, current best 0.689131 at iter 26
suggestion time taken 0.003809 iter 27 next_points [{'tol': 0.003247001117863736, 'alpha': 8.333222268712378, 'validation_fraction': 0.48026049547606364, 'learning_rate_init': 0.004513489665227622, 'batch_size': 60, 'beta_2': 0.983360451022018, 'hidden_layer_sizes': 95, 'epsilon': 3.6071466716411273e-07, 'beta_1': 0.8957365129979105}]
function_evaluation time 0.052220 value 9.255077 suggestion {'tol': 0.003247001117863736, 'alpha': 8.333222268712378, 'validation_fraction': 0.48026049547606364, 'learning_rate_init': 0.004513489665227622, 'batch_size': 60, 'beta_2': 0.983360451022018, 'hidden_layer_sizes': 95, 'epsilon': 3.6071466716411273e-07, 'beta_1': 0.8957365129979105}
observation time 0.000930, current best 0.689131 at iter 27
suggestion time taken 0.003637 iter 28 next_points [{'tol': 0.003247001117863736, 'alpha': 8.333222268712378, 'validation_fraction': 0.48026049547606364, 'learning_rate_init': 0.004513489665227622, 'batch_size': 19, 'beta_2': 0.983360451022018, 'hidden_layer_sizes': 95, 'epsilon': 7.56956916176359e-07, 'beta_1': 0.8957365129979105}]
function_evaluation time 0.113936 value 1.020225 suggestion {'tol': 0.003247001117863736, 'alpha': 8.333222268712378, 'validation_fraction': 0.48026049547606364, 'learning_rate_init': 0.004513489665227622, 'batch_size': 19, 'beta_2': 0.983360451022018, 'hidden_layer_sizes': 95, 'epsilon': 7.56956916176359e-07, 'beta_1': 0.8957365129979105}
observation time 0.001118, current best 0.689131 at iter 28
suggestion time taken 0.003737 iter 29 next_points [{'tol': 0.028565822364606076, 'alpha': 8.333222268712378, 'validation_fraction': 0.48026049547606364, 'learning_rate_init': 0.004513489665227622, 'batch_size': 19, 'beta_2': 0.983360451022018, 'hidden_layer_sizes': 95, 'epsilon': 3.705732793129736e-07, 'beta_1': 0.8957365129979105}]
function_evaluation time 0.093306 value 1.145643 suggestion {'tol': 0.028565822364606076, 'alpha': 8.333222268712378, 'validation_fraction': 0.48026049547606364, 'learning_rate_init': 0.004513489665227622, 'batch_size': 19, 'beta_2': 0.983360451022018, 'hidden_layer_sizes': 95, 'epsilon': 3.705732793129736e-07, 'beta_1': 0.8957365129979105}
observation time 0.001000, current best 0.689131 at iter 29
suggestion time taken 0.003589 iter 30 next_points [{'tol': 0.003247001117863736, 'alpha': 8.333222268712378, 'validation_fraction': 0.48026049547606364, 'learning_rate_init': 0.004513489665227622, 'batch_size': 86, 'beta_2': 0.9785060847668952, 'hidden_layer_sizes': 95, 'epsilon': 9.996024693819929e-07, 'beta_1': 0.8957365129979105}]
/Users/ryedida/miniforge3/lib/python3.9/site-packages/sklearn/neural_network/_multilayer_perceptron.py:605: UserWarning: Got `batch_size` less than 1 or larger than sample size. It is going to be clipped
  warnings.warn(

function_evaluation time 0.092217 value 0.913014 suggestion {'tol': 0.003247001117863736, 'alpha': 8.333222268712378, 'validation_fraction': 0.48026049547606364, 'learning_rate_init': 0.004513489665227622, 'batch_size': 86, 'beta_2': 0.9785060847668952, 'hidden_layer_sizes': 95, 'epsilon': 9.996024693819929e-07, 'beta_1': 0.8957365129979105}
observation time 0.001027, current best 0.689131 at iter 30
suggestion time taken 0.004110 iter 31 next_points [{'tol': 0.003247001117863736, 'alpha': 8.333222268712378, 'validation_fraction': 0.48026049547606364, 'learning_rate_init': 0.08486800889205164, 'batch_size': 19, 'beta_2': 0.983360451022018, 'hidden_layer_sizes': 192, 'epsilon': 9.996024693819929e-07, 'beta_1': 0.8957365129979105}]
function_evaluation time 0.068014 value 5.966899 suggestion {'tol': 0.003247001117863736, 'alpha': 8.333222268712378, 'validation_fraction': 0.48026049547606364, 'learning_rate_init': 0.08486800889205164, 'batch_size': 19, 'beta_2': 0.983360451022018, 'hidden_layer_sizes': 192, 'epsilon': 9.996024693819929e-07, 'beta_1': 0.8957365129979105}
observation time 0.001051, current best 0.689131 at iter 31
suggestion time taken 0.003070 iter 32 next_points [{'tol': 0.0791957082409626, 'alpha': 2.903242697105438, 'validation_fraction': 0.8847654930182421, 'learning_rate_init': 0.03172503409195298, 'batch_size': 27, 'beta_2': 0.9426396163352728, 'hidden_layer_sizes': 178, 'epsilon': 9.915936808607408e-07, 'beta_1': 0.7745158357971502}]
/Users/ryedida/miniforge3/lib/python3.9/site-packages/sklearn/neural_network/_multilayer_perceptron.py:605: UserWarning: Got `batch_size` less than 1 or larger than sample size. It is going to be clipped
  warnings.warn(

function_evaluation time 0.051953 value 8.508042 suggestion {'tol': 0.0791957082409626, 'alpha': 2.903242697105438, 'validation_fraction': 0.8847654930182421, 'learning_rate_init': 0.03172503409195298, 'batch_size': 27, 'beta_2': 0.9426396163352728, 'hidden_layer_sizes': 178, 'epsilon': 9.915936808607408e-07, 'beta_1': 0.7745158357971502}
observation time 0.000897, current best 0.689131 at iter 32
suggestion time taken 0.014238 iter 33 next_points [{'tol': 0.003247001117863736, 'alpha': 8.333222268712378, 'validation_fraction': 0.5509867898028187, 'learning_rate_init': 0.010177468743297103, 'batch_size': 19, 'beta_2': 0.9803211106194855, 'hidden_layer_sizes': 95, 'epsilon': 9.996024693819929e-07, 'beta_1': 0.9333834562398287}]
function_evaluation time 0.146947 value 1.213853 suggestion {'tol': 0.003247001117863736, 'alpha': 8.333222268712378, 'validation_fraction': 0.5509867898028187, 'learning_rate_init': 0.010177468743297103, 'batch_size': 19, 'beta_2': 0.9803211106194855, 'hidden_layer_sizes': 95, 'epsilon': 9.996024693819929e-07, 'beta_1': 0.9333834562398287}
observation time 0.001024, current best 0.689131 at iter 33
suggestion time taken 0.003727 iter 34 next_points [{'tol': 0.003247001117863736, 'alpha': 8.333222268712378, 'validation_fraction': 0.48026049547606364, 'learning_rate_init': 0.004513489665227622, 'batch_size': 19, 'beta_2': 0.9314809056236886, 'hidden_layer_sizes': 95, 'epsilon': 9.996024693819929e-07, 'beta_1': 0.8957365129979105}]
function_evaluation time 0.126457 value 3.426241 suggestion {'tol': 0.003247001117863736, 'alpha': 8.333222268712378, 'validation_fraction': 0.48026049547606364, 'learning_rate_init': 0.004513489665227622, 'batch_size': 19, 'beta_2': 0.9314809056236886, 'hidden_layer_sizes': 95, 'epsilon': 9.996024693819929e-07, 'beta_1': 0.8957365129979105}
observation time 0.001084, current best 0.689131 at iter 34
suggestion time taken 0.003486 iter 35 next_points [{'beta_1': 0.6851209382752106, 'learning_rate_init': 0.08791691220188229, 'hidden_layer_sizes': 117, 'tol': 0.018614211087439814, 'beta_2': 0.9160709048625416, 'alpha': 1.317984998540584, 'batch_size': 43, 'epsilon': 8.828000825083771e-07, 'validation_fraction': 0.7377281833139722}]
/Users/ryedida/miniforge3/lib/python3.9/site-packages/sklearn/neural_network/_multilayer_perceptron.py:605: UserWarning: Got `batch_size` less than 1 or larger than sample size. It is going to be clipped
  warnings.warn(

function_evaluation time 0.044652 value 4.802501 suggestion {'beta_1': 0.6851209382752106, 'learning_rate_init': 0.08791691220188229, 'hidden_layer_sizes': 117, 'tol': 0.018614211087439814, 'beta_2': 0.9160709048625416, 'alpha': 1.317984998540584, 'batch_size': 43, 'epsilon': 8.828000825083771e-07, 'validation_fraction': 0.7377281833139722}
observation time 0.000928, current best 0.689131 at iter 35
suggestion time taken 0.002660 iter 36 next_points [{'tol': 0.08872956247448342, 'alpha': 5.520927443157191, 'validation_fraction': 0.20601906767512823, 'learning_rate_init': 0.001775415083123445, 'batch_size': 41, 'beta_2': 0.9880082183297478, 'hidden_layer_sizes': 83, 'epsilon': 1.2034071153518743e-07, 'beta_1': 0.7476188754152875}]
function_evaluation time 0.056757 value 1.866320 suggestion {'tol': 0.08872956247448342, 'alpha': 5.520927443157191, 'validation_fraction': 0.20601906767512823, 'learning_rate_init': 0.001775415083123445, 'batch_size': 41, 'beta_2': 0.9880082183297478, 'hidden_layer_sizes': 83, 'epsilon': 1.2034071153518743e-07, 'beta_1': 0.7476188754152875}
observation time 0.000948, current best 0.689131 at iter 36
suggestion time taken 0.003777 iter 37 next_points [{'tol': 0.003247001117863736, 'alpha': 0.377551300099985, 'validation_fraction': 0.48026049547606364, 'learning_rate_init': 0.004513489665227622, 'batch_size': 19, 'beta_2': 0.983360451022018, 'hidden_layer_sizes': 95, 'epsilon': 6.158780360426542e-07, 'beta_1': 0.8957365129979105}]
function_evaluation time 0.107349 value 0.679149 suggestion {'tol': 0.003247001117863736, 'alpha': 0.377551300099985, 'validation_fraction': 0.48026049547606364, 'learning_rate_init': 0.004513489665227622, 'batch_size': 19, 'beta_2': 0.983360451022018, 'hidden_layer_sizes': 95, 'epsilon': 6.158780360426542e-07, 'beta_1': 0.8957365129979105}
observation time 0.001184, current best 0.679149 at iter 37
suggestion time taken 0.004010 iter 38 next_points [{'tol': 0.003247001117863736, 'alpha': 0.377551300099985, 'validation_fraction': 0.48026049547606364, 'learning_rate_init': 0.026390064079787102, 'batch_size': 19, 'beta_2': 0.983360451022018, 'hidden_layer_sizes': 88, 'epsilon': 6.158780360426542e-07, 'beta_1': 0.8957365129979105}]
function_evaluation time 0.088750 value 3.648767 suggestion {'tol': 0.003247001117863736, 'alpha': 0.377551300099985, 'validation_fraction': 0.48026049547606364, 'learning_rate_init': 0.026390064079787102, 'batch_size': 19, 'beta_2': 0.983360451022018, 'hidden_layer_sizes': 88, 'epsilon': 6.158780360426542e-07, 'beta_1': 0.8957365129979105}
observation time 0.001001, current best 0.679149 at iter 38
suggestion time taken 0.003572 iter 39 next_points [{'tol': 0.003247001117863736, 'alpha': 0.377551300099985, 'validation_fraction': 0.48026049547606364, 'learning_rate_init': 0.004513489665227622, 'batch_size': 19, 'beta_2': 0.983360451022018, 'hidden_layer_sizes': 68, 'epsilon': 6.158780360426542e-07, 'beta_1': 0.7308858535133095}]
function_evaluation time 0.069395 value 1.979670 suggestion {'tol': 0.003247001117863736, 'alpha': 0.377551300099985, 'validation_fraction': 0.48026049547606364, 'learning_rate_init': 0.004513489665227622, 'batch_size': 19, 'beta_2': 0.983360451022018, 'hidden_layer_sizes': 68, 'epsilon': 6.158780360426542e-07, 'beta_1': 0.7308858535133095}
observation time 0.000872, current best 0.679149 at iter 39
suggestion time taken 0.003632 iter 40 next_points [{'tol': 0.003247001117863736, 'alpha': 0.377551300099985, 'validation_fraction': 0.48026049547606364, 'learning_rate_init': 0.011086043205499042, 'batch_size': 168, 'beta_2': 0.983360451022018, 'hidden_layer_sizes': 79, 'epsilon': 6.158780360426542e-07, 'beta_1': 0.8957365129979105}]
/Users/ryedida/miniforge3/lib/python3.9/site-packages/sklearn/neural_network/_multilayer_perceptron.py:605: UserWarning: Got `batch_size` less than 1 or larger than sample size. It is going to be clipped
  warnings.warn(

function_evaluation time 0.054887 value 8.674744 suggestion {'tol': 0.003247001117863736, 'alpha': 0.377551300099985, 'validation_fraction': 0.48026049547606364, 'learning_rate_init': 0.011086043205499042, 'batch_size': 168, 'beta_2': 0.983360451022018, 'hidden_layer_sizes': 79, 'epsilon': 6.158780360426542e-07, 'beta_1': 0.8957365129979105}
observation time 0.000908, current best 0.679149 at iter 40
suggestion time taken 0.003466 iter 41 next_points [{'tol': 0.06379626417387245, 'alpha': 0.377551300099985, 'validation_fraction': 0.48026049547606364, 'learning_rate_init': 0.004513489665227622, 'batch_size': 250, 'beta_2': 0.983360451022018, 'hidden_layer_sizes': 95, 'epsilon': 6.158780360426542e-07, 'beta_1': 0.8957365129979105}]
/Users/ryedida/miniforge3/lib/python3.9/site-packages/sklearn/neural_network/_multilayer_perceptron.py:605: UserWarning: Got `batch_size` less than 1 or larger than sample size. It is going to be clipped
  warnings.warn(

function_evaluation time 0.037438 value 10.645823 suggestion {'tol': 0.06379626417387245, 'alpha': 0.377551300099985, 'validation_fraction': 0.48026049547606364, 'learning_rate_init': 0.004513489665227622, 'batch_size': 250, 'beta_2': 0.983360451022018, 'hidden_layer_sizes': 95, 'epsilon': 6.158780360426542e-07, 'beta_1': 0.8957365129979105}
observation time 0.000845, current best 0.679149 at iter 41
suggestion time taken 0.003459 iter 42 next_points [{'tol': 0.003247001117863736, 'alpha': 0.377551300099985, 'validation_fraction': 0.32747324246319587, 'learning_rate_init': 0.004513489665227622, 'batch_size': 19, 'beta_2': 0.983360451022018, 'hidden_layer_sizes': 95, 'epsilon': 6.158780360426542e-07, 'beta_1': 0.8957365129979105}]
function_evaluation time 0.114371 value 2.250992 suggestion {'tol': 0.003247001117863736, 'alpha': 0.377551300099985, 'validation_fraction': 0.32747324246319587, 'learning_rate_init': 0.004513489665227622, 'batch_size': 19, 'beta_2': 0.983360451022018, 'hidden_layer_sizes': 95, 'epsilon': 6.158780360426542e-07, 'beta_1': 0.8957365129979105}
observation time 0.001107, current best 0.679149 at iter 42
suggestion time taken 0.003835 iter 43 next_points [{'tol': 0.003247001117863736, 'alpha': 0.377551300099985, 'validation_fraction': 0.48026049547606364, 'learning_rate_init': 0.004513489665227622, 'batch_size': 19, 'beta_2': 0.983360451022018, 'hidden_layer_sizes': 147, 'epsilon': 6.158780360426542e-07, 'beta_1': 0.8957365129979105}]
function_evaluation time 0.117361 value 1.185115 suggestion {'tol': 0.003247001117863736, 'alpha': 0.377551300099985, 'validation_fraction': 0.48026049547606364, 'learning_rate_init': 0.004513489665227622, 'batch_size': 19, 'beta_2': 0.983360451022018, 'hidden_layer_sizes': 147, 'epsilon': 6.158780360426542e-07, 'beta_1': 0.8957365129979105}
observation time 0.001044, current best 0.679149 at iter 43
suggestion time taken 0.003725 iter 44 next_points [{'tol': 0.003247001117863736, 'alpha': 0.377551300099985, 'validation_fraction': 0.42345594721534185, 'learning_rate_init': 0.010532589721150943, 'batch_size': 19, 'beta_2': 0.9990816735542086, 'hidden_layer_sizes': 80, 'epsilon': 6.158780360426542e-07, 'beta_1': 0.915270747578605}]
function_evaluation time 0.104805 value 1.019040 suggestion {'tol': 0.003247001117863736, 'alpha': 0.377551300099985, 'validation_fraction': 0.42345594721534185, 'learning_rate_init': 0.010532589721150943, 'batch_size': 19, 'beta_2': 0.9990816735542086, 'hidden_layer_sizes': 80, 'epsilon': 6.158780360426542e-07, 'beta_1': 0.915270747578605}
observation time 0.001003, current best 0.679149 at iter 44
saving meta data: {'args': {'--uuid': '0a41e4840db452cc86dcba811e1ed8a0', '-db-root': '/Users/ryedida/Desktop/menzies/thesis/smoothness-hpo/smoothness-hpo/bbo_challenge_starter_kit/output', '--opt-root': '/Users/ryedida/Desktop/menzies/thesis/smoothness-hpo/smoothness-hpo/bbo_challenge_starter_kit/example_submissions', '--data-root': None, '--db': 'run_20230816_231510', '--opt': 'opentuner', '--data': 'wine', '--classifier': 'MLP-adam', '--metric': 'nll', '--calls': 45, '--suggestions': 1, '--jobs-file': None, '--verbose': False, 'dry_run': False, 'rev': 'a376313', 'opt_rev': '0.8.8'}, 'signature': ([{'alpha': 0.019628224813442792, 'batch_size': 182, 'beta_1': 0.9410202200271762, 'beta_2': 0.9998021557676793, 'epsilon': 1.8662266976518e-08, 'hidden_layer_sizes': 147, 'learning_rate_init': 0.0005627932047415167, 'tol': 0.03690557729213761, 'validation_fraction': 0.8846827852548593}, {'alpha': 0.001998246739232944, 'batch_size': 200, 'beta_1': 0.919111482530466, 'beta_2': 0.9998488260436156, 'epsilon': 5.981221901152555e-07, 'hidden_layer_sizes': 61, 'learning_rate_init': 2.2310905607443014e-05, 'tol': 1.2046852412030316e-05, 'validation_fraction': 0.8117896445826539}, {'alpha': 0.46659545670218433, 'batch_size': 219, 'beta_1': 0.9889789783750891, 'beta_2': 0.9999896868093284, 'epsilon': 2.4234724484675948e-08, 'hidden_layer_sizes': 167, 'learning_rate_init': 2.972334644335654e-05, 'tol': 0.0036281404040243792, 'validation_fraction': 0.17260651658522078}, {'alpha': 4.656005689076002, 'batch_size': 135, 'beta_1': 0.870503881627747, 'beta_2': 0.9948873266941017, 'epsilon': 2.1023308743480125e-07, 'hidden_layer_sizes': 118, 'learning_rate_init': 0.001878173875716191, 'tol': 1.1889379831773006e-05, 'validation_fraction': 0.6264327093752792}, {'alpha': 0.04705159350400542, 'batch_size': 158, 'beta_1': 0.9870884262730957, 'beta_2': 0.9999596874382349, 'epsilon': 1.1981845126013875e-08, 'hidden_layer_sizes': 116, 'learning_rate_init': 0.006173405204074311, 'tol': 1.7414134181586194e-05, 'validation_fraction': 0.6754299026638921}], [16.063962273407764, 23.274250254613083, 19.80193088400322, 3.4639182107250135, 15.210579700922187])}
saving results
saving timing
saving suggest log
done
