running: {'--uuid': 'c11ed8ef74995cbab303ea6da25a0295', '-db-root': '/Users/ryedida/Desktop/menzies/thesis/smoothness-hpo/smoothness-hpo/bbo_challenge_starter_kit/output', '--opt-root': '/Users/ryedida/Desktop/menzies/thesis/smoothness-hpo/smoothness-hpo/bbo_challenge_starter_kit/example_submissions', '--data-root': None, '--db': 'run_20230816_231510', '--opt': 'opentuner', '--data': 'wine', '--classifier': 'MLP-adam', '--metric': 'acc', '--calls': 45, '--suggestions': 1, '--jobs-file': None, '--verbose': False, 'dry_run': False, 'rev': 'a376313', 'opt_rev': '0.8.8'}
cmd: python opentuner/optimizer.py -c MLP-adam -d wine -o opentuner -u c11ed8ef74995cbab303ea6da25a0295 -m acc -n 45 -p 1 -dir /Users/ryedida/Desktop/menzies/thesis/smoothness-hpo/smoothness-hpo/bbo_challenge_starter_kit/output -b run_20230816_231510
/Users/ryedida/miniforge3/lib/python3.9/site-packages/sklearn/neural_network/_multilayer_perceptron.py:605: UserWarning: Got `batch_size` less than 1 or larger than sample size. It is going to be clipped
  warnings.warn(

/Users/ryedida/miniforge3/lib/python3.9/site-packages/sklearn/neural_network/_multilayer_perceptron.py:605: UserWarning: Got `batch_size` less than 1 or larger than sample size. It is going to be clipped
  warnings.warn(

/Users/ryedida/miniforge3/lib/python3.9/site-packages/sklearn/neural_network/_multilayer_perceptron.py:605: UserWarning: Got `batch_size` less than 1 or larger than sample size. It is going to be clipped
  warnings.warn(

/Users/ryedida/miniforge3/lib/python3.9/site-packages/sklearn/neural_network/_multilayer_perceptron.py:605: UserWarning: Got `batch_size` less than 1 or larger than sample size. It is going to be clipped
  warnings.warn(

/Users/ryedida/miniforge3/lib/python3.9/site-packages/sklearn/neural_network/_multilayer_perceptron.py:605: UserWarning: Got `batch_size` less than 1 or larger than sample size. It is going to be clipped
  warnings.warn(

computed signature: ([{'alpha': 0.019628224813442792, 'batch_size': 182, 'beta_1': 0.9410202200271762, 'beta_2': 0.9998021557676793, 'epsilon': 1.8662266976518e-08, 'hidden_layer_sizes': 147, 'learning_rate_init': 0.0005627932047415167, 'tol': 0.03690557729213761, 'validation_fraction': 0.8846827852548593}, {'alpha': 0.001998246739232944, 'batch_size': 200, 'beta_1': 0.919111482530466, 'beta_2': 0.9998488260436156, 'epsilon': 5.981221901152555e-07, 'hidden_layer_sizes': 61, 'learning_rate_init': 2.2310905607443014e-05, 'tol': 1.2046852412030316e-05, 'validation_fraction': 0.8117896445826539}, {'alpha': 0.46659545670218433, 'batch_size': 219, 'beta_1': 0.9889789783750891, 'beta_2': 0.9999896868093284, 'epsilon': 2.4234724484675948e-08, 'hidden_layer_sizes': 167, 'learning_rate_init': 2.972334644335654e-05, 'tol': 0.0036281404040243792, 'validation_fraction': 0.17260651658522078}, {'alpha': 4.656005689076002, 'batch_size': 135, 'beta_1': 0.870503881627747, 'beta_2': 0.9948873266941017, 'epsilon': 2.1023308743480125e-07, 'hidden_layer_sizes': 118, 'learning_rate_init': 0.001878173875716191, 'tol': 1.1889379831773006e-05, 'validation_fraction': 0.6264327093752792}, {'alpha': 0.04705159350400542, 'batch_size': 158, 'beta_1': 0.9870884262730957, 'beta_2': 0.9999596874382349, 'epsilon': 1.1981845126013875e-08, 'hidden_layer_sizes': 116, 'learning_rate_init': 0.006173405204074311, 'tol': 1.7414134181586194e-05, 'validation_fraction': 0.6754299026638921}], [-0.4359605911330049, -0.3169950738916256, -0.3312807881773399, -0.6620689655172413, -0.5017241379310344])
/Users/ryedida/miniforge3/lib/python3.9/site-packages/bayesmark/experiment.py:469: UserWarning: Baselines not found. Will not log intermediate scores.
  warnings.warn("Baselines not found. Will not log intermediate scores.")

starting sklearn study opentuner MLP-adam wine acc 45 1
with data root: None
suggestion time taken 0.009889 iter 0 next_points [{'hidden_layer_sizes': 119, 'alpha': 2.4383779050343675, 'batch_size': 131, 'learning_rate_init': 0.05879627112690316, 'tol': 0.06123248613725301, 'validation_fraction': 0.5224625875887167, 'beta_1': 0.7109408216280749, 'beta_2': 0.9893286504673554, 'epsilon': 3.8364673918320116e-07}]
/Users/ryedida/miniforge3/lib/python3.9/site-packages/sklearn/neural_network/_multilayer_perceptron.py:605: UserWarning: Got `batch_size` less than 1 or larger than sample size. It is going to be clipped
  warnings.warn(

function_evaluation time 0.051682 value -0.711330 suggestion {'hidden_layer_sizes': 119, 'alpha': 2.4383779050343675, 'batch_size': 131, 'learning_rate_init': 0.05879627112690316, 'tol': 0.06123248613725301, 'validation_fraction': 0.5224625875887167, 'beta_1': 0.7109408216280749, 'beta_2': 0.9893286504673554, 'epsilon': 3.8364673918320116e-07}
observation time 0.002489, current best -0.711330 at iter 0
suggestion time taken 0.012092 iter 1 next_points [{'hidden_layer_sizes': 70, 'learning_rate_init': 0.005977790260451133, 'epsilon': 2.430086719912007e-07, 'beta_2': 0.9604432779009143, 'beta_1': 0.5606027452502, 'tol': 0.04889800179929898, 'validation_fraction': 0.6146408887779407, 'alpha': 1.8727887806803016, 'batch_size': 68}]
/Users/ryedida/miniforge3/lib/python3.9/site-packages/sklearn/neural_network/_multilayer_perceptron.py:605: UserWarning: Got `batch_size` less than 1 or larger than sample size. It is going to be clipped
  warnings.warn(

function_evaluation time 0.040014 value -0.641626 suggestion {'hidden_layer_sizes': 70, 'learning_rate_init': 0.005977790260451133, 'epsilon': 2.430086719912007e-07, 'beta_2': 0.9604432779009143, 'beta_1': 0.5606027452502, 'tol': 0.04889800179929898, 'validation_fraction': 0.6146408887779407, 'alpha': 1.8727887806803016, 'batch_size': 68}
observation time 0.000968, current best -0.711330 at iter 1
suggestion time taken 0.003680 iter 2 next_points [{'hidden_layer_sizes': 165, 'alpha': 2.4383779050343675, 'batch_size': 131, 'learning_rate_init': 0.05879627112690316, 'tol': 0.06123248613725301, 'validation_fraction': 0.5224625875887167, 'beta_1': 0.7109408216280749, 'beta_2': 0.9666862411662688, 'epsilon': 3.8364673918320116e-07}]
/Users/ryedida/miniforge3/lib/python3.9/site-packages/sklearn/neural_network/_multilayer_perceptron.py:605: UserWarning: Got `batch_size` less than 1 or larger than sample size. It is going to be clipped
  warnings.warn(

function_evaluation time 0.040062 value -0.568719 suggestion {'hidden_layer_sizes': 165, 'alpha': 2.4383779050343675, 'batch_size': 131, 'learning_rate_init': 0.05879627112690316, 'tol': 0.06123248613725301, 'validation_fraction': 0.5224625875887167, 'beta_1': 0.7109408216280749, 'beta_2': 0.9666862411662688, 'epsilon': 3.8364673918320116e-07}
observation time 0.001042, current best -0.711330 at iter 2
suggestion time taken 0.023570 iter 3 next_points [{'beta_2': 0.9094437895718489, 'tol': 0.08821710020148836, 'epsilon': 5.847824292864724e-07, 'learning_rate_init': 0.04484957372936121, 'hidden_layer_sizes': 178, 'validation_fraction': 0.5573177956642452, 'alpha': 2.117667550034287, 'batch_size': 155, 'beta_1': 0.9785067827298017}]
/Users/ryedida/miniforge3/lib/python3.9/site-packages/sklearn/neural_network/_multilayer_perceptron.py:605: UserWarning: Got `batch_size` less than 1 or larger than sample size. It is going to be clipped
  warnings.warn(

function_evaluation time 0.039392 value -0.479064 suggestion {'beta_2': 0.9094437895718489, 'tol': 0.08821710020148836, 'epsilon': 5.847824292864724e-07, 'learning_rate_init': 0.04484957372936121, 'hidden_layer_sizes': 178, 'validation_fraction': 0.5573177956642452, 'alpha': 2.117667550034287, 'batch_size': 155, 'beta_1': 0.9785067827298017}
observation time 0.000895, current best -0.711330 at iter 3
suggestion time taken 0.003542 iter 4 next_points [{'hidden_layer_sizes': 119, 'alpha': 2.4383779050343675, 'batch_size': 130, 'learning_rate_init': 0.05549564051124161, 'tol': 0.06123248613725301, 'validation_fraction': 0.5224625875887167, 'beta_1': 0.627605709181188, 'beta_2': 0.9893286504673554, 'epsilon': 3.8364673918320116e-07}]
/Users/ryedida/miniforge3/lib/python3.9/site-packages/sklearn/neural_network/_multilayer_perceptron.py:605: UserWarning: Got `batch_size` less than 1 or larger than sample size. It is going to be clipped
  warnings.warn(

function_evaluation time 0.040684 value -0.628079 suggestion {'hidden_layer_sizes': 119, 'alpha': 2.4383779050343675, 'batch_size': 130, 'learning_rate_init': 0.05549564051124161, 'tol': 0.06123248613725301, 'validation_fraction': 0.5224625875887167, 'beta_1': 0.627605709181188, 'beta_2': 0.9893286504673554, 'epsilon': 3.8364673918320116e-07}
observation time 0.001039, current best -0.711330 at iter 4
suggestion time taken 0.003638 iter 5 next_points [{'hidden_layer_sizes': 119, 'alpha': 2.4583733009975997, 'batch_size': 185, 'learning_rate_init': 0.05879627112690316, 'tol': 0.06587146911532941, 'validation_fraction': 0.5224625875887167, 'beta_1': 0.7109408216280749, 'beta_2': 0.9893286504673554, 'epsilon': 3.8364673918320116e-07}]
/Users/ryedida/miniforge3/lib/python3.9/site-packages/sklearn/neural_network/_multilayer_perceptron.py:605: UserWarning: Got `batch_size` less than 1 or larger than sample size. It is going to be clipped
  warnings.warn(

function_evaluation time 0.052384 value -0.689409 suggestion {'hidden_layer_sizes': 119, 'alpha': 2.4583733009975997, 'batch_size': 185, 'learning_rate_init': 0.05879627112690316, 'tol': 0.06587146911532941, 'validation_fraction': 0.5224625875887167, 'beta_1': 0.7109408216280749, 'beta_2': 0.9893286504673554, 'epsilon': 3.8364673918320116e-07}
observation time 0.000863, current best -0.711330 at iter 5
suggestion time taken 0.003498 iter 6 next_points [{'hidden_layer_sizes': 95, 'alpha': 2.4383779050343675, 'batch_size': 159, 'learning_rate_init': 0.05879627112690316, 'tol': 0.06123248613725301, 'validation_fraction': 0.5962401363064725, 'beta_1': 0.7109408216280749, 'beta_2': 0.9893286504673554, 'epsilon': 4.253557367722417e-07}]
/Users/ryedida/miniforge3/lib/python3.9/site-packages/sklearn/neural_network/_multilayer_perceptron.py:605: UserWarning: Got `batch_size` less than 1 or larger than sample size. It is going to be clipped
  warnings.warn(

function_evaluation time 0.037319 value -0.604187 suggestion {'hidden_layer_sizes': 95, 'alpha': 2.4383779050343675, 'batch_size': 159, 'learning_rate_init': 0.05879627112690316, 'tol': 0.06123248613725301, 'validation_fraction': 0.5962401363064725, 'beta_1': 0.7109408216280749, 'beta_2': 0.9893286504673554, 'epsilon': 4.253557367722417e-07}
observation time 0.000975, current best -0.711330 at iter 6
suggestion time taken 0.003726 iter 7 next_points [{'hidden_layer_sizes': 105, 'alpha': 2.4383779050343675, 'batch_size': 131, 'learning_rate_init': 0.05136170416722246, 'tol': 0.06112091504821276, 'validation_fraction': 0.5624909029897044, 'beta_1': 0.699963212437071, 'beta_2': 0.9893286504673554, 'epsilon': 3.8364673918320116e-07}]
/Users/ryedida/miniforge3/lib/python3.9/site-packages/sklearn/neural_network/_multilayer_perceptron.py:605: UserWarning: Got `batch_size` less than 1 or larger than sample size. It is going to be clipped
  warnings.warn(

function_evaluation time 0.041973 value -0.690394 suggestion {'hidden_layer_sizes': 105, 'alpha': 2.4383779050343675, 'batch_size': 131, 'learning_rate_init': 0.05136170416722246, 'tol': 0.06112091504821276, 'validation_fraction': 0.5624909029897044, 'beta_1': 0.699963212437071, 'beta_2': 0.9893286504673554, 'epsilon': 3.8364673918320116e-07}
observation time 0.001010, current best -0.711330 at iter 7
suggestion time taken 0.003201 iter 8 next_points [{'hidden_layer_sizes': 57, 'learning_rate_init': 0.06585439109417728, 'epsilon': 7.225710566832456e-07, 'beta_2': 0.9302342313842199, 'beta_1': 0.7307967022412474, 'tol': 0.09048315121415011, 'validation_fraction': 0.8172343170721361, 'alpha': 7.433463722359981, 'batch_size': 147}]
/Users/ryedida/miniforge3/lib/python3.9/site-packages/sklearn/neural_network/_multilayer_perceptron.py:605: UserWarning: Got `batch_size` less than 1 or larger than sample size. It is going to be clipped
  warnings.warn(

function_evaluation time 0.035402 value -0.620443 suggestion {'hidden_layer_sizes': 57, 'learning_rate_init': 0.06585439109417728, 'epsilon': 7.225710566832456e-07, 'beta_2': 0.9302342313842199, 'beta_1': 0.7307967022412474, 'tol': 0.09048315121415011, 'validation_fraction': 0.8172343170721361, 'alpha': 7.433463722359981, 'batch_size': 147}
observation time 0.000833, current best -0.711330 at iter 8
suggestion time taken 0.003544 iter 9 next_points [{'hidden_layer_sizes': 119, 'alpha': 2.4383779050343675, 'batch_size': 131, 'learning_rate_init': 0.038405756031351705, 'tol': 0.04987820517918345, 'validation_fraction': 0.6600552326676579, 'beta_1': 0.7109408216280749, 'beta_2': 0.9258607677956588, 'epsilon': 3.8364673918320116e-07}]
/Users/ryedida/miniforge3/lib/python3.9/site-packages/sklearn/neural_network/_multilayer_perceptron.py:605: UserWarning: Got `batch_size` less than 1 or larger than sample size. It is going to be clipped
  warnings.warn(

function_evaluation time 0.048003 value -0.726355 suggestion {'hidden_layer_sizes': 119, 'alpha': 2.4383779050343675, 'batch_size': 131, 'learning_rate_init': 0.038405756031351705, 'tol': 0.04987820517918345, 'validation_fraction': 0.6600552326676579, 'beta_1': 0.7109408216280749, 'beta_2': 0.9258607677956588, 'epsilon': 3.8364673918320116e-07}
observation time 0.000877, current best -0.726355 at iter 9
suggestion time taken 0.003926 iter 10 next_points [{'hidden_layer_sizes': 119, 'alpha': 1.7792492635049548, 'batch_size': 131, 'learning_rate_init': 0.038405756031351705, 'tol': 0.052090516993519013, 'validation_fraction': 0.6600552326676579, 'beta_1': 0.7109408216280749, 'beta_2': 0.9258607677956588, 'epsilon': 3.8364673918320116e-07}]
/Users/ryedida/miniforge3/lib/python3.9/site-packages/sklearn/neural_network/_multilayer_perceptron.py:605: UserWarning: Got `batch_size` less than 1 or larger than sample size. It is going to be clipped
  warnings.warn(

function_evaluation time 0.049056 value -0.718473 suggestion {'hidden_layer_sizes': 119, 'alpha': 1.7792492635049548, 'batch_size': 131, 'learning_rate_init': 0.038405756031351705, 'tol': 0.052090516993519013, 'validation_fraction': 0.6600552326676579, 'beta_1': 0.7109408216280749, 'beta_2': 0.9258607677956588, 'epsilon': 3.8364673918320116e-07}
observation time 0.001003, current best -0.726355 at iter 10
suggestion time taken 0.003745 iter 11 next_points [{'hidden_layer_sizes': 119, 'alpha': 2.4383779050343675, 'batch_size': 131, 'learning_rate_init': 0.07391452878177256, 'tol': 0.007857167569114743, 'validation_fraction': 0.23797448625808687, 'beta_1': 0.7109408216280749, 'beta_2': 0.9258607677956588, 'epsilon': 3.8364673918320116e-07}]
/Users/ryedida/miniforge3/lib/python3.9/site-packages/sklearn/neural_network/_multilayer_perceptron.py:605: UserWarning: Got `batch_size` less than 1 or larger than sample size. It is going to be clipped
  warnings.warn(

function_evaluation time 0.054838 value -0.604926 suggestion {'hidden_layer_sizes': 119, 'alpha': 2.4383779050343675, 'batch_size': 131, 'learning_rate_init': 0.07391452878177256, 'tol': 0.007857167569114743, 'validation_fraction': 0.23797448625808687, 'beta_1': 0.7109408216280749, 'beta_2': 0.9258607677956588, 'epsilon': 3.8364673918320116e-07}
observation time 0.000868, current best -0.726355 at iter 11
suggestion time taken 0.003468 iter 12 next_points [{'hidden_layer_sizes': 119, 'alpha': 2.4383779050343675, 'batch_size': 131, 'learning_rate_init': 0.05433759037537971, 'tol': 0.04987820517918345, 'validation_fraction': 0.6600552326676579, 'beta_1': 0.7109408216280749, 'beta_2': 0.9258607677956588, 'epsilon': 3.8364673918320116e-07}]
/Users/ryedida/miniforge3/lib/python3.9/site-packages/sklearn/neural_network/_multilayer_perceptron.py:605: UserWarning: Got `batch_size` less than 1 or larger than sample size. It is going to be clipped
  warnings.warn(

function_evaluation time 0.053615 value -0.725862 suggestion {'hidden_layer_sizes': 119, 'alpha': 2.4383779050343675, 'batch_size': 131, 'learning_rate_init': 0.05433759037537971, 'tol': 0.04987820517918345, 'validation_fraction': 0.6600552326676579, 'beta_1': 0.7109408216280749, 'beta_2': 0.9258607677956588, 'epsilon': 3.8364673918320116e-07}
observation time 0.000935, current best -0.726355 at iter 12
suggestion time taken 0.003430 iter 13 next_points [{'hidden_layer_sizes': 119, 'alpha': 1.1278279453271782, 'batch_size': 131, 'learning_rate_init': 0.038405756031351705, 'tol': 0.04987820517918345, 'validation_fraction': 0.6600552326676579, 'beta_1': 0.7109408216280749, 'beta_2': 0.9258607677956588, 'epsilon': 3.8364673918320116e-07}]
/Users/ryedida/miniforge3/lib/python3.9/site-packages/sklearn/neural_network/_multilayer_perceptron.py:605: UserWarning: Got `batch_size` less than 1 or larger than sample size. It is going to be clipped
  warnings.warn(

function_evaluation time 0.045144 value -0.640640 suggestion {'hidden_layer_sizes': 119, 'alpha': 1.1278279453271782, 'batch_size': 131, 'learning_rate_init': 0.038405756031351705, 'tol': 0.04987820517918345, 'validation_fraction': 0.6600552326676579, 'beta_1': 0.7109408216280749, 'beta_2': 0.9258607677956588, 'epsilon': 3.8364673918320116e-07}
observation time 0.000837, current best -0.726355 at iter 13
suggestion time taken 0.003385 iter 14 next_points [{'hidden_layer_sizes': 123, 'alpha': 2.4383779050343675, 'batch_size': 202, 'learning_rate_init': 0.038405756031351705, 'tol': 0.04987820517918345, 'validation_fraction': 0.30935200625634096, 'beta_1': 0.7109408216280749, 'beta_2': 0.9258607677956588, 'epsilon': 3.8364673918320116e-07}]
/Users/ryedida/miniforge3/lib/python3.9/site-packages/sklearn/neural_network/_multilayer_perceptron.py:605: UserWarning: Got `batch_size` less than 1 or larger than sample size. It is going to be clipped
  warnings.warn(

function_evaluation time 0.049250 value -0.767734 suggestion {'hidden_layer_sizes': 123, 'alpha': 2.4383779050343675, 'batch_size': 202, 'learning_rate_init': 0.038405756031351705, 'tol': 0.04987820517918345, 'validation_fraction': 0.30935200625634096, 'beta_1': 0.7109408216280749, 'beta_2': 0.9258607677956588, 'epsilon': 3.8364673918320116e-07}
observation time 0.000940, current best -0.767734 at iter 14
suggestion time taken 0.004057 iter 15 next_points [{'hidden_layer_sizes': 86, 'alpha': 2.4383779050343675, 'batch_size': 222, 'learning_rate_init': 0.038405756031351705, 'tol': 0.04987820517918345, 'validation_fraction': 0.30935200625634096, 'beta_1': 0.7109408216280749, 'beta_2': 0.9258607677956588, 'epsilon': 3.8364673918320116e-07}]
/Users/ryedida/miniforge3/lib/python3.9/site-packages/sklearn/neural_network/_multilayer_perceptron.py:605: UserWarning: Got `batch_size` less than 1 or larger than sample size. It is going to be clipped
  warnings.warn(

function_evaluation time 0.049487 value -0.654680 suggestion {'hidden_layer_sizes': 86, 'alpha': 2.4383779050343675, 'batch_size': 222, 'learning_rate_init': 0.038405756031351705, 'tol': 0.04987820517918345, 'validation_fraction': 0.30935200625634096, 'beta_1': 0.7109408216280749, 'beta_2': 0.9258607677956588, 'epsilon': 3.8364673918320116e-07}
observation time 0.000924, current best -0.767734 at iter 15
suggestion time taken 0.003510 iter 16 next_points [{'hidden_layer_sizes': 196, 'alpha': 2.4383779050343675, 'batch_size': 202, 'learning_rate_init': 0.038405756031351705, 'tol': 0.04987820517918345, 'validation_fraction': 0.7477290137393572, 'beta_1': 0.7793441233933974, 'beta_2': 0.9258607677956588, 'epsilon': 3.8364673918320116e-07}]
/Users/ryedida/miniforge3/lib/python3.9/site-packages/sklearn/neural_network/_multilayer_perceptron.py:605: UserWarning: Got `batch_size` less than 1 or larger than sample size. It is going to be clipped
  warnings.warn(

function_evaluation time 0.091887 value -0.816010 suggestion {'hidden_layer_sizes': 196, 'alpha': 2.4383779050343675, 'batch_size': 202, 'learning_rate_init': 0.038405756031351705, 'tol': 0.04987820517918345, 'validation_fraction': 0.7477290137393572, 'beta_1': 0.7793441233933974, 'beta_2': 0.9258607677956588, 'epsilon': 3.8364673918320116e-07}
observation time 0.000946, current best -0.816010 at iter 16
suggestion time taken 0.006973 iter 17 next_points [{'hidden_layer_sizes': 196, 'alpha': 2.4383779050343675, 'batch_size': 202, 'learning_rate_init': 0.038405756031351705, 'tol': 0.04987820517918345, 'validation_fraction': 0.8045701290900914, 'beta_1': 0.7793441233933974, 'beta_2': 0.9258607677956588, 'epsilon': 3.8364673918320116e-07}]
/Users/ryedida/miniforge3/lib/python3.9/site-packages/sklearn/neural_network/_multilayer_perceptron.py:605: UserWarning: Got `batch_size` less than 1 or larger than sample size. It is going to be clipped
  warnings.warn(

function_evaluation time 0.076232 value -0.556404 suggestion {'hidden_layer_sizes': 196, 'alpha': 2.4383779050343675, 'batch_size': 202, 'learning_rate_init': 0.038405756031351705, 'tol': 0.04987820517918345, 'validation_fraction': 0.8045701290900914, 'beta_1': 0.7793441233933974, 'beta_2': 0.9258607677956588, 'epsilon': 3.8364673918320116e-07}
observation time 0.000956, current best -0.816010 at iter 17
suggestion time taken 0.003680 iter 18 next_points [{'hidden_layer_sizes': 196, 'alpha': 2.4383779050343675, 'batch_size': 202, 'learning_rate_init': 0.038405756031351705, 'tol': 0.04987820517918345, 'validation_fraction': 0.7477290137393572, 'beta_1': 0.7793441233933974, 'beta_2': 0.9402927526921364, 'epsilon': 3.8364673918320116e-07}]
/Users/ryedida/miniforge3/lib/python3.9/site-packages/sklearn/neural_network/_multilayer_perceptron.py:605: UserWarning: Got `batch_size` less than 1 or larger than sample size. It is going to be clipped
  warnings.warn(

function_evaluation time 0.120340 value -0.720197 suggestion {'hidden_layer_sizes': 196, 'alpha': 2.4383779050343675, 'batch_size': 202, 'learning_rate_init': 0.038405756031351705, 'tol': 0.04987820517918345, 'validation_fraction': 0.7477290137393572, 'beta_1': 0.7793441233933974, 'beta_2': 0.9402927526921364, 'epsilon': 3.8364673918320116e-07}
observation time 0.006331, current best -0.816010 at iter 18
suggestion time taken 0.007455 iter 19 next_points [{'hidden_layer_sizes': 196, 'alpha': 2.4383779050343675, 'batch_size': 48, 'learning_rate_init': 0.038405756031351705, 'tol': 0.04987820517918345, 'validation_fraction': 0.7477290137393572, 'beta_1': 0.7793441233933974, 'beta_2': 0.9258607677956588, 'epsilon': 3.8364673918320116e-07}]
/Users/ryedida/miniforge3/lib/python3.9/site-packages/sklearn/neural_network/_multilayer_perceptron.py:605: UserWarning: Got `batch_size` less than 1 or larger than sample size. It is going to be clipped
  warnings.warn(

function_evaluation time 0.080822 value -0.684236 suggestion {'hidden_layer_sizes': 196, 'alpha': 2.4383779050343675, 'batch_size': 48, 'learning_rate_init': 0.038405756031351705, 'tol': 0.04987820517918345, 'validation_fraction': 0.7477290137393572, 'beta_1': 0.7793441233933974, 'beta_2': 0.9258607677956588, 'epsilon': 3.8364673918320116e-07}
observation time 0.002780, current best -0.816010 at iter 19
suggestion time taken 0.012149 iter 20 next_points [{'hidden_layer_sizes': 112, 'alpha': 2.4383779050343675, 'batch_size': 202, 'learning_rate_init': 0.038405756031351705, 'tol': 0.04987820517918345, 'validation_fraction': 0.7477290137393572, 'beta_1': 0.7793441233933974, 'beta_2': 0.9258607677956588, 'epsilon': 3.8364673918320116e-07}]
/Users/ryedida/miniforge3/lib/python3.9/site-packages/sklearn/neural_network/_multilayer_perceptron.py:605: UserWarning: Got `batch_size` less than 1 or larger than sample size. It is going to be clipped
  warnings.warn(

function_evaluation time 0.058285 value -0.550493 suggestion {'hidden_layer_sizes': 112, 'alpha': 2.4383779050343675, 'batch_size': 202, 'learning_rate_init': 0.038405756031351705, 'tol': 0.04987820517918345, 'validation_fraction': 0.7477290137393572, 'beta_1': 0.7793441233933974, 'beta_2': 0.9258607677956588, 'epsilon': 3.8364673918320116e-07}
observation time 0.000949, current best -0.816010 at iter 20
suggestion time taken 0.013494 iter 21 next_points [{'hidden_layer_sizes': 196, 'alpha': 2.4383779050343675, 'batch_size': 202, 'learning_rate_init': 0.038405756031351705, 'tol': 0.04987820517918345, 'validation_fraction': 0.7477290137393572, 'beta_1': 0.6291253704833983, 'beta_2': 0.9258607677956588, 'epsilon': 3.8364673918320116e-07}]
/Users/ryedida/miniforge3/lib/python3.9/site-packages/sklearn/neural_network/_multilayer_perceptron.py:605: UserWarning: Got `batch_size` less than 1 or larger than sample size. It is going to be clipped
  warnings.warn(

function_evaluation time 0.082701 value -0.761330 suggestion {'hidden_layer_sizes': 196, 'alpha': 2.4383779050343675, 'batch_size': 202, 'learning_rate_init': 0.038405756031351705, 'tol': 0.04987820517918345, 'validation_fraction': 0.7477290137393572, 'beta_1': 0.6291253704833983, 'beta_2': 0.9258607677956588, 'epsilon': 3.8364673918320116e-07}
observation time 0.006460, current best -0.816010 at iter 21
suggestion time taken 0.009222 iter 22 next_points [{'hidden_layer_sizes': 196, 'alpha': 2.4383779050343675, 'batch_size': 202, 'learning_rate_init': 0.038405756031351705, 'tol': 0.04987820517918345, 'validation_fraction': 0.3479370101387854, 'beta_1': 0.7793441233933974, 'beta_2': 0.9258607677956588, 'epsilon': 3.8364673918320116e-07}]
/Users/ryedida/miniforge3/lib/python3.9/site-packages/sklearn/neural_network/_multilayer_perceptron.py:605: UserWarning: Got `batch_size` less than 1 or larger than sample size. It is going to be clipped
  warnings.warn(

function_evaluation time 0.140801 value -0.789901 suggestion {'hidden_layer_sizes': 196, 'alpha': 2.4383779050343675, 'batch_size': 202, 'learning_rate_init': 0.038405756031351705, 'tol': 0.04987820517918345, 'validation_fraction': 0.3479370101387854, 'beta_1': 0.7793441233933974, 'beta_2': 0.9258607677956588, 'epsilon': 3.8364673918320116e-07}
observation time 0.001121, current best -0.816010 at iter 22
suggestion time taken 0.004049 iter 23 next_points [{'hidden_layer_sizes': 196, 'alpha': 2.4383779050343675, 'batch_size': 202, 'learning_rate_init': 0.038405756031351705, 'tol': 0.04987820517918345, 'validation_fraction': 0.3448215358546538, 'beta_1': 0.7793441233933974, 'beta_2': 0.964807020459407, 'epsilon': 3.8364673918320116e-07}]
/Users/ryedida/miniforge3/lib/python3.9/site-packages/sklearn/neural_network/_multilayer_perceptron.py:605: UserWarning: Got `batch_size` less than 1 or larger than sample size. It is going to be clipped
  warnings.warn(

function_evaluation time 0.108951 value -0.732020 suggestion {'hidden_layer_sizes': 196, 'alpha': 2.4383779050343675, 'batch_size': 202, 'learning_rate_init': 0.038405756031351705, 'tol': 0.04987820517918345, 'validation_fraction': 0.3448215358546538, 'beta_1': 0.7793441233933974, 'beta_2': 0.964807020459407, 'epsilon': 3.8364673918320116e-07}
observation time 0.001077, current best -0.816010 at iter 23
suggestion time taken 0.003691 iter 24 next_points [{'hidden_layer_sizes': 64, 'alpha': 2.4383779050343675, 'batch_size': 202, 'learning_rate_init': 0.014492103985665073, 'tol': 0.04987820517918345, 'validation_fraction': 0.7477290137393572, 'beta_1': 0.7793441233933974, 'beta_2': 0.9258607677956588, 'epsilon': 3.8364673918320116e-07}]
/Users/ryedida/miniforge3/lib/python3.9/site-packages/sklearn/neural_network/_multilayer_perceptron.py:605: UserWarning: Got `batch_size` less than 1 or larger than sample size. It is going to be clipped
  warnings.warn(

function_evaluation time 0.041637 value -0.634975 suggestion {'hidden_layer_sizes': 64, 'alpha': 2.4383779050343675, 'batch_size': 202, 'learning_rate_init': 0.014492103985665073, 'tol': 0.04987820517918345, 'validation_fraction': 0.7477290137393572, 'beta_1': 0.7793441233933974, 'beta_2': 0.9258607677956588, 'epsilon': 3.8364673918320116e-07}
observation time 0.001021, current best -0.816010 at iter 24
suggestion time taken 0.003915 iter 25 next_points [{'hidden_layer_sizes': 196, 'alpha': 2.4383779050343675, 'batch_size': 202, 'learning_rate_init': 0.04330882788785433, 'tol': 0.04987820517918345, 'validation_fraction': 0.7477290137393572, 'beta_1': 0.8300539381449004, 'beta_2': 0.9258607677956588, 'epsilon': 3.8364673918320116e-07}]
/Users/ryedida/miniforge3/lib/python3.9/site-packages/sklearn/neural_network/_multilayer_perceptron.py:605: UserWarning: Got `batch_size` less than 1 or larger than sample size. It is going to be clipped
  warnings.warn(

function_evaluation time 0.084391 value -0.590640 suggestion {'hidden_layer_sizes': 196, 'alpha': 2.4383779050343675, 'batch_size': 202, 'learning_rate_init': 0.04330882788785433, 'tol': 0.04987820517918345, 'validation_fraction': 0.7477290137393572, 'beta_1': 0.8300539381449004, 'beta_2': 0.9258607677956588, 'epsilon': 3.8364673918320116e-07}
observation time 0.003350, current best -0.816010 at iter 25
suggestion time taken 0.006446 iter 26 next_points [{'beta_2': 0.9016268083411999, 'tol': 0.037150590848042224, 'epsilon': 4.687765099714293e-07, 'learning_rate_init': 0.0022843874809436626, 'hidden_layer_sizes': 113, 'validation_fraction': 0.47160083498737637, 'alpha': 3.965061956307492, 'batch_size': 33, 'beta_1': 0.5649605503438528}]
function_evaluation time 0.091536 value -0.668227 suggestion {'beta_2': 0.9016268083411999, 'tol': 0.037150590848042224, 'epsilon': 4.687765099714293e-07, 'learning_rate_init': 0.0022843874809436626, 'hidden_layer_sizes': 113, 'validation_fraction': 0.47160083498737637, 'alpha': 3.965061956307492, 'batch_size': 33, 'beta_1': 0.5649605503438528}
observation time 0.001049, current best -0.816010 at iter 26
suggestion time taken 0.007902 iter 27 next_points [{'hidden_layer_sizes': 196, 'alpha': 2.4383779050343675, 'batch_size': 202, 'learning_rate_init': 0.038405756031351705, 'tol': 0.03092861242039262, 'validation_fraction': 0.7477290137393572, 'beta_1': 0.9253785757876807, 'beta_2': 0.9258607677956588, 'epsilon': 3.8364673918320116e-07}]
/Users/ryedida/miniforge3/lib/python3.9/site-packages/sklearn/neural_network/_multilayer_perceptron.py:605: UserWarning: Got `batch_size` less than 1 or larger than sample size. It is going to be clipped
  warnings.warn(

function_evaluation time 0.095812 value -0.661823 suggestion {'hidden_layer_sizes': 196, 'alpha': 2.4383779050343675, 'batch_size': 202, 'learning_rate_init': 0.038405756031351705, 'tol': 0.03092861242039262, 'validation_fraction': 0.7477290137393572, 'beta_1': 0.9253785757876807, 'beta_2': 0.9258607677956588, 'epsilon': 3.8364673918320116e-07}
observation time 0.007346, current best -0.816010 at iter 27
suggestion time taken 0.011003 iter 28 next_points [{'hidden_layer_sizes': 196, 'alpha': 2.8903626101678146, 'batch_size': 202, 'learning_rate_init': 0.04110554347229372, 'tol': 0.04987820517918345, 'validation_fraction': 0.7477290137393572, 'beta_1': 0.7993257295504023, 'beta_2': 0.9258607677956588, 'epsilon': 3.8364673918320116e-07}]
/Users/ryedida/miniforge3/lib/python3.9/site-packages/sklearn/neural_network/_multilayer_perceptron.py:605: UserWarning: Got `batch_size` less than 1 or larger than sample size. It is going to be clipped
  warnings.warn(

function_evaluation time 0.105330 value -0.627586 suggestion {'hidden_layer_sizes': 196, 'alpha': 2.8903626101678146, 'batch_size': 202, 'learning_rate_init': 0.04110554347229372, 'tol': 0.04987820517918345, 'validation_fraction': 0.7477290137393572, 'beta_1': 0.7993257295504023, 'beta_2': 0.9258607677956588, 'epsilon': 3.8364673918320116e-07}
observation time 0.001094, current best -0.816010 at iter 28
suggestion time taken 0.008917 iter 29 next_points [{'hidden_layer_sizes': 196, 'alpha': 2.4383779050343675, 'batch_size': 202, 'learning_rate_init': 0.038405756031351705, 'tol': 0.04987820517918345, 'validation_fraction': 0.7477290137393572, 'beta_1': 0.7793441233933974, 'beta_2': 0.9258607677956588, 'epsilon': 6.733150642873321e-07}]
/Users/ryedida/miniforge3/lib/python3.9/site-packages/sklearn/neural_network/_multilayer_perceptron.py:605: UserWarning: Got `batch_size` less than 1 or larger than sample size. It is going to be clipped
  warnings.warn(

function_evaluation time 0.093248 value -0.662808 suggestion {'hidden_layer_sizes': 196, 'alpha': 2.4383779050343675, 'batch_size': 202, 'learning_rate_init': 0.038405756031351705, 'tol': 0.04987820517918345, 'validation_fraction': 0.7477290137393572, 'beta_1': 0.7793441233933974, 'beta_2': 0.9258607677956588, 'epsilon': 6.733150642873321e-07}
observation time 0.001049, current best -0.816010 at iter 29
suggestion time taken 0.007636 iter 30 next_points [{'hidden_layer_sizes': 196, 'alpha': 2.4383779050343675, 'batch_size': 202, 'learning_rate_init': 0.038405756031351705, 'tol': 0.04987820517918345, 'validation_fraction': 0.1892577878162964, 'beta_1': 0.7793441233933974, 'beta_2': 0.9258607677956588, 'epsilon': 3.8364673918320116e-07}]
/Users/ryedida/miniforge3/lib/python3.9/site-packages/sklearn/neural_network/_multilayer_perceptron.py:605: UserWarning: Got `batch_size` less than 1 or larger than sample size. It is going to be clipped
  warnings.warn(

function_evaluation time 0.104281 value -0.592857 suggestion {'hidden_layer_sizes': 196, 'alpha': 2.4383779050343675, 'batch_size': 202, 'learning_rate_init': 0.038405756031351705, 'tol': 0.04987820517918345, 'validation_fraction': 0.1892577878162964, 'beta_1': 0.7793441233933974, 'beta_2': 0.9258607677956588, 'epsilon': 3.8364673918320116e-07}
observation time 0.001061, current best -0.816010 at iter 30
suggestion time taken 0.004056 iter 31 next_points [{'hidden_layer_sizes': 196, 'alpha': 2.4383779050343675, 'batch_size': 202, 'learning_rate_init': 0.038405756031351705, 'tol': 0.04987820517918345, 'validation_fraction': 0.7477290137393572, 'beta_1': 0.7793441233933974, 'beta_2': 0.9111189714832217, 'epsilon': 2.9219205779970516e-07}]
/Users/ryedida/miniforge3/lib/python3.9/site-packages/sklearn/neural_network/_multilayer_perceptron.py:605: UserWarning: Got `batch_size` less than 1 or larger than sample size. It is going to be clipped
  warnings.warn(

function_evaluation time 0.131635 value -0.733251 suggestion {'hidden_layer_sizes': 196, 'alpha': 2.4383779050343675, 'batch_size': 202, 'learning_rate_init': 0.038405756031351705, 'tol': 0.04987820517918345, 'validation_fraction': 0.7477290137393572, 'beta_1': 0.7793441233933974, 'beta_2': 0.9111189714832217, 'epsilon': 2.9219205779970516e-07}
observation time 0.001061, current best -0.816010 at iter 31
suggestion time taken 0.003948 iter 32 next_points [{'hidden_layer_sizes': 182, 'alpha': 2.4383779050343675, 'batch_size': 202, 'learning_rate_init': 0.050320183994479954, 'tol': 0.04987820517918345, 'validation_fraction': 0.6503499324177373, 'beta_1': 0.7793441233933974, 'beta_2': 0.9097972178829185, 'epsilon': 3.562963530051301e-07}]
/Users/ryedida/miniforge3/lib/python3.9/site-packages/sklearn/neural_network/_multilayer_perceptron.py:605: UserWarning: Got `batch_size` less than 1 or larger than sample size. It is going to be clipped
  warnings.warn(

function_evaluation time 0.087994 value -0.675616 suggestion {'hidden_layer_sizes': 182, 'alpha': 2.4383779050343675, 'batch_size': 202, 'learning_rate_init': 0.050320183994479954, 'tol': 0.04987820517918345, 'validation_fraction': 0.6503499324177373, 'beta_1': 0.7793441233933974, 'beta_2': 0.9097972178829185, 'epsilon': 3.562963530051301e-07}
observation time 0.001109, current best -0.816010 at iter 32
suggestion time taken 0.003106 iter 33 next_points [{'beta_2': 0.9368206411102022, 'tol': 0.08604936864971806, 'epsilon': 4.839303033027088e-07, 'learning_rate_init': 0.061636784047799535, 'hidden_layer_sizes': 179, 'validation_fraction': 0.5144170459090591, 'alpha': 7.8980659295251865, 'batch_size': 44, 'beta_1': 0.7530190936798846}]
function_evaluation time 0.075117 value -0.613054 suggestion {'beta_2': 0.9368206411102022, 'tol': 0.08604936864971806, 'epsilon': 4.839303033027088e-07, 'learning_rate_init': 0.061636784047799535, 'hidden_layer_sizes': 179, 'validation_fraction': 0.5144170459090591, 'alpha': 7.8980659295251865, 'batch_size': 44, 'beta_1': 0.7530190936798846}
observation time 0.001091, current best -0.816010 at iter 33
suggestion time taken 0.003759 iter 34 next_points [{'hidden_layer_sizes': 59, 'learning_rate_init': 0.04982334369469348, 'epsilon': 3.1197048314165934e-07, 'beta_2': 0.903934612944324, 'beta_1': 0.5773965064924802, 'tol': 0.0832821108368255, 'validation_fraction': 0.8569402233736656, 'alpha': 4.893640518292189, 'batch_size': 156}]
/Users/ryedida/miniforge3/lib/python3.9/site-packages/sklearn/neural_network/_multilayer_perceptron.py:605: UserWarning: Got `batch_size` less than 1 or larger than sample size. It is going to be clipped
  warnings.warn(

function_evaluation time 0.066555 value -0.499261 suggestion {'hidden_layer_sizes': 59, 'learning_rate_init': 0.04982334369469348, 'epsilon': 3.1197048314165934e-07, 'beta_2': 0.903934612944324, 'beta_1': 0.5773965064924802, 'tol': 0.0832821108368255, 'validation_fraction': 0.8569402233736656, 'alpha': 4.893640518292189, 'batch_size': 156}
observation time 0.001930, current best -0.816010 at iter 34
suggestion time taken 0.004001 iter 35 next_points [{'hidden_layer_sizes': 196, 'alpha': 2.4383779050343675, 'batch_size': 86, 'learning_rate_init': 0.031092024017121234, 'tol': 0.04987820517918345, 'validation_fraction': 0.7477290137393572, 'beta_1': 0.7793441233933974, 'beta_2': 0.9258607677956588, 'epsilon': 3.8364673918320116e-07}]
/Users/ryedida/miniforge3/lib/python3.9/site-packages/sklearn/neural_network/_multilayer_perceptron.py:605: UserWarning: Got `batch_size` less than 1 or larger than sample size. It is going to be clipped
  warnings.warn(

function_evaluation time 0.065308 value -0.655665 suggestion {'hidden_layer_sizes': 196, 'alpha': 2.4383779050343675, 'batch_size': 86, 'learning_rate_init': 0.031092024017121234, 'tol': 0.04987820517918345, 'validation_fraction': 0.7477290137393572, 'beta_1': 0.7793441233933974, 'beta_2': 0.9258607677956588, 'epsilon': 3.8364673918320116e-07}
observation time 0.002054, current best -0.816010 at iter 35
suggestion time taken 0.013947 iter 36 next_points [{'hidden_layer_sizes': 196, 'alpha': 1.9028654992380658, 'batch_size': 216, 'learning_rate_init': 0.07782985460156137, 'tol': 0.04987820517918345, 'validation_fraction': 0.7477290137393572, 'beta_1': 0.7793441233933974, 'beta_2': 0.9258607677956588, 'epsilon': 3.8364673918320116e-07}]
/Users/ryedida/miniforge3/lib/python3.9/site-packages/sklearn/neural_network/_multilayer_perceptron.py:605: UserWarning: Got `batch_size` less than 1 or larger than sample size. It is going to be clipped
  warnings.warn(

function_evaluation time 0.081651 value -0.591872 suggestion {'hidden_layer_sizes': 196, 'alpha': 1.9028654992380658, 'batch_size': 216, 'learning_rate_init': 0.07782985460156137, 'tol': 0.04987820517918345, 'validation_fraction': 0.7477290137393572, 'beta_1': 0.7793441233933974, 'beta_2': 0.9258607677956588, 'epsilon': 3.8364673918320116e-07}
observation time 0.001351, current best -0.816010 at iter 36
suggestion time taken 0.003988 iter 37 next_points [{'hidden_layer_sizes': 197, 'alpha': 2.4383779050343675, 'batch_size': 202, 'learning_rate_init': 0.038405756031351705, 'tol': 0.04987820517918345, 'validation_fraction': 0.7477290137393572, 'beta_1': 0.7793441233933974, 'beta_2': 0.9297869973757585, 'epsilon': 4.0743756515912346e-07}]
/Users/ryedida/miniforge3/lib/python3.9/site-packages/sklearn/neural_network/_multilayer_perceptron.py:605: UserWarning: Got `batch_size` less than 1 or larger than sample size. It is going to be clipped
  warnings.warn(

function_evaluation time 0.110126 value -0.653941 suggestion {'hidden_layer_sizes': 197, 'alpha': 2.4383779050343675, 'batch_size': 202, 'learning_rate_init': 0.038405756031351705, 'tol': 0.04987820517918345, 'validation_fraction': 0.7477290137393572, 'beta_1': 0.7793441233933974, 'beta_2': 0.9297869973757585, 'epsilon': 4.0743756515912346e-07}
observation time 0.002744, current best -0.816010 at iter 37
suggestion time taken 0.003483 iter 38 next_points [{'hidden_layer_sizes': 186, 'learning_rate_init': 0.09087873016845764, 'epsilon': 7.836526082777007e-07, 'beta_2': 0.9013989494361683, 'beta_1': 0.5659863675895134, 'tol': 0.03312149091366295, 'validation_fraction': 0.32706508515038185, 'alpha': 0.5166580704567184, 'batch_size': 164}]
/Users/ryedida/miniforge3/lib/python3.9/site-packages/sklearn/neural_network/_multilayer_perceptron.py:605: UserWarning: Got `batch_size` less than 1 or larger than sample size. It is going to be clipped
  warnings.warn(

function_evaluation time 0.082342 value -0.603941 suggestion {'hidden_layer_sizes': 186, 'learning_rate_init': 0.09087873016845764, 'epsilon': 7.836526082777007e-07, 'beta_2': 0.9013989494361683, 'beta_1': 0.5659863675895134, 'tol': 0.03312149091366295, 'validation_fraction': 0.32706508515038185, 'alpha': 0.5166580704567184, 'batch_size': 164}
observation time 0.001912, current best -0.816010 at iter 38
suggestion time taken 0.003079 iter 39 next_points [{'beta_2': 0.9668660314782181, 'tol': 0.06176135784982433, 'epsilon': 5.841406513223669e-07, 'learning_rate_init': 0.09802833647449909, 'hidden_layer_sizes': 77, 'validation_fraction': 0.7970071650790648, 'alpha': 1.8734313011841066, 'batch_size': 222, 'beta_1': 0.5008265885051497}]
/Users/ryedida/miniforge3/lib/python3.9/site-packages/sklearn/neural_network/_multilayer_perceptron.py:605: UserWarning: Got `batch_size` less than 1 or larger than sample size. It is going to be clipped
  warnings.warn(

function_evaluation time 0.053590 value -0.556650 suggestion {'beta_2': 0.9668660314782181, 'tol': 0.06176135784982433, 'epsilon': 5.841406513223669e-07, 'learning_rate_init': 0.09802833647449909, 'hidden_layer_sizes': 77, 'validation_fraction': 0.7970071650790648, 'alpha': 1.8734313011841066, 'batch_size': 222, 'beta_1': 0.5008265885051497}
observation time 0.003702, current best -0.816010 at iter 39
suggestion time taken 0.004506 iter 40 next_points [{'hidden_layer_sizes': 196, 'alpha': 2.4383779050343675, 'batch_size': 202, 'learning_rate_init': 0.038405756031351705, 'tol': 0.04987820517918345, 'validation_fraction': 0.7477290137393572, 'beta_1': 0.6800526726779227, 'beta_2': 0.957527594834472, 'epsilon': 3.8364673918320116e-07}]
/Users/ryedida/miniforge3/lib/python3.9/site-packages/sklearn/neural_network/_multilayer_perceptron.py:605: UserWarning: Got `batch_size` less than 1 or larger than sample size. It is going to be clipped
  warnings.warn(

function_evaluation time 0.149485 value -0.683251 suggestion {'hidden_layer_sizes': 196, 'alpha': 2.4383779050343675, 'batch_size': 202, 'learning_rate_init': 0.038405756031351705, 'tol': 0.04987820517918345, 'validation_fraction': 0.7477290137393572, 'beta_1': 0.6800526726779227, 'beta_2': 0.957527594834472, 'epsilon': 3.8364673918320116e-07}
observation time 0.001401, current best -0.816010 at iter 40
suggestion time taken 0.004324 iter 41 next_points [{'hidden_layer_sizes': 196, 'alpha': 2.4383779050343675, 'batch_size': 202, 'learning_rate_init': 0.09886431214035511, 'tol': 0.04987820517918345, 'validation_fraction': 0.7477290137393572, 'beta_1': 0.7793441233933974, 'beta_2': 0.9258607677956588, 'epsilon': 3.8364673918320116e-07}]
/Users/ryedida/miniforge3/lib/python3.9/site-packages/sklearn/neural_network/_multilayer_perceptron.py:605: UserWarning: Got `batch_size` less than 1 or larger than sample size. It is going to be clipped
  warnings.warn(

function_evaluation time 0.084430 value -0.527586 suggestion {'hidden_layer_sizes': 196, 'alpha': 2.4383779050343675, 'batch_size': 202, 'learning_rate_init': 0.09886431214035511, 'tol': 0.04987820517918345, 'validation_fraction': 0.7477290137393572, 'beta_1': 0.7793441233933974, 'beta_2': 0.9258607677956588, 'epsilon': 3.8364673918320116e-07}
observation time 0.001033, current best -0.816010 at iter 41
suggestion time taken 0.012795 iter 42 next_points [{'hidden_layer_sizes': 196, 'alpha': 0.8604652790157258, 'batch_size': 202, 'learning_rate_init': 0.031812834544934825, 'tol': 0.04987820517918345, 'validation_fraction': 0.7477290137393572, 'beta_1': 0.7793441233933974, 'beta_2': 0.9258607677956588, 'epsilon': 3.8364673918320116e-07}]
/Users/ryedida/miniforge3/lib/python3.9/site-packages/sklearn/neural_network/_multilayer_perceptron.py:605: UserWarning: Got `batch_size` less than 1 or larger than sample size. It is going to be clipped
  warnings.warn(

function_evaluation time 0.082889 value -0.556158 suggestion {'hidden_layer_sizes': 196, 'alpha': 0.8604652790157258, 'batch_size': 202, 'learning_rate_init': 0.031812834544934825, 'tol': 0.04987820517918345, 'validation_fraction': 0.7477290137393572, 'beta_1': 0.7793441233933974, 'beta_2': 0.9258607677956588, 'epsilon': 3.8364673918320116e-07}
observation time 0.001066, current best -0.816010 at iter 42
suggestion time taken 0.004123 iter 43 next_points [{'hidden_layer_sizes': 196, 'alpha': 0.7086711554330501, 'batch_size': 202, 'learning_rate_init': 0.038405756031351705, 'tol': 0.04987820517918345, 'validation_fraction': 0.5477388684149758, 'beta_1': 0.7793441233933974, 'beta_2': 0.9188198765864756, 'epsilon': 3.8364673918320116e-07}]
/Users/ryedida/miniforge3/lib/python3.9/site-packages/sklearn/neural_network/_multilayer_perceptron.py:605: UserWarning: Got `batch_size` less than 1 or larger than sample size. It is going to be clipped
  warnings.warn(

function_evaluation time 0.082549 value -0.607635 suggestion {'hidden_layer_sizes': 196, 'alpha': 0.7086711554330501, 'batch_size': 202, 'learning_rate_init': 0.038405756031351705, 'tol': 0.04987820517918345, 'validation_fraction': 0.5477388684149758, 'beta_1': 0.7793441233933974, 'beta_2': 0.9188198765864756, 'epsilon': 3.8364673918320116e-07}
observation time 0.001129, current best -0.816010 at iter 43
suggestion time taken 0.003251 iter 44 next_points [{'beta_2': 0.971963659127145, 'tol': 0.0724909020537731, 'epsilon': 1.2860599835600284e-08, 'learning_rate_init': 0.0603355237622804, 'hidden_layer_sizes': 186, 'validation_fraction': 0.6125414327369358, 'alpha': 0.026951455223775223, 'batch_size': 71, 'beta_1': 0.5125030661715345}]
/Users/ryedida/miniforge3/lib/python3.9/site-packages/sklearn/neural_network/_multilayer_perceptron.py:605: UserWarning: Got `batch_size` less than 1 or larger than sample size. It is going to be clipped
  warnings.warn(

function_evaluation time 0.068113 value -0.654433 suggestion {'beta_2': 0.971963659127145, 'tol': 0.0724909020537731, 'epsilon': 1.2860599835600284e-08, 'learning_rate_init': 0.0603355237622804, 'hidden_layer_sizes': 186, 'validation_fraction': 0.6125414327369358, 'alpha': 0.026951455223775223, 'batch_size': 71, 'beta_1': 0.5125030661715345}
observation time 0.000988, current best -0.816010 at iter 44
saving meta data: {'args': {'--uuid': 'c11ed8ef74995cbab303ea6da25a0295', '-db-root': '/Users/ryedida/Desktop/menzies/thesis/smoothness-hpo/smoothness-hpo/bbo_challenge_starter_kit/output', '--opt-root': '/Users/ryedida/Desktop/menzies/thesis/smoothness-hpo/smoothness-hpo/bbo_challenge_starter_kit/example_submissions', '--data-root': None, '--db': 'run_20230816_231510', '--opt': 'opentuner', '--data': 'wine', '--classifier': 'MLP-adam', '--metric': 'acc', '--calls': 45, '--suggestions': 1, '--jobs-file': None, '--verbose': False, 'dry_run': False, 'rev': 'a376313', 'opt_rev': '0.8.8'}, 'signature': ([{'alpha': 0.019628224813442792, 'batch_size': 182, 'beta_1': 0.9410202200271762, 'beta_2': 0.9998021557676793, 'epsilon': 1.8662266976518e-08, 'hidden_layer_sizes': 147, 'learning_rate_init': 0.0005627932047415167, 'tol': 0.03690557729213761, 'validation_fraction': 0.8846827852548593}, {'alpha': 0.001998246739232944, 'batch_size': 200, 'beta_1': 0.919111482530466, 'beta_2': 0.9998488260436156, 'epsilon': 5.981221901152555e-07, 'hidden_layer_sizes': 61, 'learning_rate_init': 2.2310905607443014e-05, 'tol': 1.2046852412030316e-05, 'validation_fraction': 0.8117896445826539}, {'alpha': 0.46659545670218433, 'batch_size': 219, 'beta_1': 0.9889789783750891, 'beta_2': 0.9999896868093284, 'epsilon': 2.4234724484675948e-08, 'hidden_layer_sizes': 167, 'learning_rate_init': 2.972334644335654e-05, 'tol': 0.0036281404040243792, 'validation_fraction': 0.17260651658522078}, {'alpha': 4.656005689076002, 'batch_size': 135, 'beta_1': 0.870503881627747, 'beta_2': 0.9948873266941017, 'epsilon': 2.1023308743480125e-07, 'hidden_layer_sizes': 118, 'learning_rate_init': 0.001878173875716191, 'tol': 1.1889379831773006e-05, 'validation_fraction': 0.6264327093752792}, {'alpha': 0.04705159350400542, 'batch_size': 158, 'beta_1': 0.9870884262730957, 'beta_2': 0.9999596874382349, 'epsilon': 1.1981845126013875e-08, 'hidden_layer_sizes': 116, 'learning_rate_init': 0.006173405204074311, 'tol': 1.7414134181586194e-05, 'validation_fraction': 0.6754299026638921}], [-0.4359605911330049, -0.3169950738916256, -0.3312807881773399, -0.6620689655172413, -0.5017241379310344])}
saving results
saving timing
saving suggest log
done
