running: {'--uuid': '7da7587eec3b594abc63df8608b4389e', '-db-root': '/home/ryedida/bbo_challenge_starter_kit/output', '--opt-root': '/home/ryedida/bbo_challenge_starter_kit/example_submissions', '--data-root': None, '--db': 'run_20230407_191947', '--opt': 'turbo', '--data': 'iris', '--classifier': 'MLP-adam', '--metric': 'acc', '--calls': 15, '--suggestions': 1, '--jobs-file': None, '--verbose': False, 'dry_run': False, 'rev': 'a376313', 'opt_rev': '0.0.1'}
cmd: python turbo/optimizer.py -c MLP-adam -d iris -o turbo -u 7da7587eec3b594abc63df8608b4389e -m acc -n 15 -p 1 -dir /home/ryedida/bbo_challenge_starter_kit/output -b run_20230407_191947
/home/ryedida/.local/lib/python3.9/site-packages/sklearn/neural_network/_multilayer_perceptron.py:605: UserWarning: Got `batch_size` less than 1 or larger than sample size. It is going to be clipped
  warnings.warn(

/home/ryedida/.local/lib/python3.9/site-packages/sklearn/neural_network/_multilayer_perceptron.py:605: UserWarning: Got `batch_size` less than 1 or larger than sample size. It is going to be clipped
  warnings.warn(

/home/ryedida/.local/lib/python3.9/site-packages/sklearn/neural_network/_multilayer_perceptron.py:605: UserWarning: Got `batch_size` less than 1 or larger than sample size. It is going to be clipped
  warnings.warn(

/home/ryedida/.local/lib/python3.9/site-packages/sklearn/neural_network/_multilayer_perceptron.py:605: UserWarning: Got `batch_size` less than 1 or larger than sample size. It is going to be clipped
  warnings.warn(

/home/ryedida/.local/lib/python3.9/site-packages/sklearn/neural_network/_multilayer_perceptron.py:605: UserWarning: Got `batch_size` less than 1 or larger than sample size. It is going to be clipped
  warnings.warn(

computed signature: ([{'alpha': 0.019628224813442792, 'batch_size': 182, 'beta_1': 0.9410202200271762, 'beta_2': 0.9998021557676793, 'epsilon': 1.8662266976518e-08, 'hidden_layer_sizes': 147, 'learning_rate_init': 0.0005627932047415167, 'tol': 0.03690557729213761, 'validation_fraction': 0.8846827852548593}, {'alpha': 0.0019982467392329444, 'batch_size': 200, 'beta_1': 0.919111482530466, 'beta_2': 0.9998488260436156, 'epsilon': 5.981221901152555e-07, 'hidden_layer_sizes': 61, 'learning_rate_init': 2.2310905607443014e-05, 'tol': 1.2046852412030316e-05, 'validation_fraction': 0.8117896445826539}, {'alpha': 0.46659545670218433, 'batch_size': 219, 'beta_1': 0.9889789783750891, 'beta_2': 0.9999896868093284, 'epsilon': 2.4234724484675948e-08, 'hidden_layer_sizes': 167, 'learning_rate_init': 2.972334644335654e-05, 'tol': 0.0036281404040243792, 'validation_fraction': 0.17260651658522078}, {'alpha': 4.656005689076002, 'batch_size': 135, 'beta_1': 0.870503881627747, 'beta_2': 0.9948873266941017, 'epsilon': 2.1023308743480125e-07, 'hidden_layer_sizes': 118, 'learning_rate_init': 0.0018781738757161913, 'tol': 1.1889379831773004e-05, 'validation_fraction': 0.6264327093752792}, {'alpha': 0.04705159350400542, 'batch_size': 158, 'beta_1': 0.9870884262730957, 'beta_2': 0.9999596874382349, 'epsilon': 1.1981845126013875e-08, 'hidden_layer_sizes': 116, 'learning_rate_init': 0.00617340520407431, 'tol': 1.741413418158619e-05, 'validation_fraction': 0.6754299026638921}], [-0.41666666666666663, -0.275, -0.3416666666666667, -0.725, -0.875])
/home/ryedida/.local/lib/python3.9/site-packages/bayesmark/signatures.py:85: RuntimeWarning: Signature diverged on MLP-adam_iris_acc betwen [-0.52290909 -0.27918182 -0.34166667 -0.725      -0.91715152] and [-0.41666667 -0.275      -0.26133333 -0.68915152 -0.875     ]
  warnings.warn(

Signature errors:
                          0         1         2         3         4       max
MLP-adam_iris_acc  0.106242  0.004182  0.080333  0.035848  0.042152  0.106242
max                0.106242  0.004182  0.080333  0.035848  0.042152  0.106242
starting sklearn study turbo MLP-adam iris acc 15 1
with data root: None
suggestion time taken 0.002149 iter 0 next_points [{'alpha': 0.477408936320796, 'batch_size': 156, 'beta_1': 0.7132378280938948, 'beta_2': 0.99987179706137, 'epsilon': 6.702385878738952e-07, 'hidden_layer_sizes': 82, 'learning_rate_init': 0.00422987554557728, 'tol': 0.002295315056314171, 'validation_fraction': 0.3650191092650402}]
/home/ryedida/.local/lib/python3.9/site-packages/sklearn/neural_network/_multilayer_perceptron.py:605: UserWarning: Got `batch_size` less than 1 or larger than sample size. It is going to be clipped
  warnings.warn(

function_evaluation time 0.082434 value -0.758333 suggestion {'alpha': 0.477408936320796, 'batch_size': 156, 'beta_1': 0.7132378280938948, 'beta_2': 0.99987179706137, 'epsilon': 6.702385878738952e-07, 'hidden_layer_sizes': 82, 'learning_rate_init': 0.00422987554557728, 'tol': 0.002295315056314171, 'validation_fraction': 0.3650191092650402}
observation time 0.001459, current best -0.758333 at iter 0
suggestion time taken 0.002051 iter 1 next_points [{'alpha': 1.0430793219763417e-05, 'batch_size': 120, 'beta_1': 0.8092546246159885, 'beta_2': 0.9989679964849927, 'epsilon': 1.0672624568117782e-09, 'hidden_layer_sizes': 72, 'learning_rate_init': 0.006864953023931332, 'tol': 0.00041216968333979327, 'validation_fraction': 0.3157969388413678}]
/home/ryedida/.local/lib/python3.9/site-packages/sklearn/neural_network/_multilayer_perceptron.py:605: UserWarning: Got `batch_size` less than 1 or larger than sample size. It is going to be clipped
  warnings.warn(

function_evaluation time 0.062331 value -0.883333 suggestion {'alpha': 1.0430793219763417e-05, 'batch_size': 120, 'beta_1': 0.8092546246159885, 'beta_2': 0.9989679964849927, 'epsilon': 1.0672624568117782e-09, 'hidden_layer_sizes': 72, 'learning_rate_init': 0.006864953023931332, 'tol': 0.00041216968333979327, 'validation_fraction': 0.3157969388413678}
observation time 0.001405, current best -0.883333 at iter 1
suggestion time taken 0.001785 iter 2 next_points [{'alpha': 5.816294960554661e-05, 'batch_size': 88, 'beta_1': 0.9369494624571707, 'beta_2': 0.9999974089218606, 'epsilon': 1.4878373652007205e-07, 'hidden_layer_sizes': 125, 'learning_rate_init': 0.00031911334472789217, 'tol': 0.004914983843734424, 'validation_fraction': 0.6253466881244042}]
/home/ryedida/.local/lib/python3.9/site-packages/sklearn/neural_network/_multilayer_perceptron.py:605: UserWarning: Got `batch_size` less than 1 or larger than sample size. It is going to be clipped
  warnings.warn(

function_evaluation time 0.068759 value -0.575000 suggestion {'alpha': 5.816294960554661e-05, 'batch_size': 88, 'beta_1': 0.9369494624571707, 'beta_2': 0.9999974089218606, 'epsilon': 1.4878373652007205e-07, 'hidden_layer_sizes': 125, 'learning_rate_init': 0.00031911334472789217, 'tol': 0.004914983843734424, 'validation_fraction': 0.6253466881244042}
observation time 0.001407, current best -0.883333 at iter 2
suggestion time taken 0.001756 iter 3 next_points [{'alpha': 0.0003190714645932852, 'batch_size': 11, 'beta_1': 0.9652311155234695, 'beta_2': 0.9930317638378159, 'epsilon': 1.453800852770885e-08, 'hidden_layer_sizes': 119, 'learning_rate_init': 2.932327196943692e-05, 'tol': 0.00014659345445177795, 'validation_fraction': 0.19047515201395737}]
function_evaluation time 0.102709 value -0.316667 suggestion {'alpha': 0.0003190714645932852, 'batch_size': 11, 'beta_1': 0.9652311155234695, 'beta_2': 0.9930317638378159, 'epsilon': 1.453800852770885e-08, 'hidden_layer_sizes': 119, 'learning_rate_init': 2.932327196943692e-05, 'tol': 0.00014659345445177795, 'validation_fraction': 0.19047515201395737}
observation time 0.001360, current best -0.883333 at iter 3
suggestion time taken 0.001747 iter 4 next_points [{'alpha': 0.00010050341389167906, 'batch_size': 31, 'beta_1': 0.9519201961695825, 'beta_2': 0.9995099493254538, 'epsilon': 7.606017478803037e-07, 'hidden_layer_sizes': 149, 'learning_rate_init': 0.00022872312667388228, 'tol': 0.001560137223454763, 'validation_fraction': 0.17176389876052303}]
function_evaluation time 0.109321 value -0.541667 suggestion {'alpha': 0.00010050341389167906, 'batch_size': 31, 'beta_1': 0.9519201961695825, 'beta_2': 0.9995099493254538, 'epsilon': 7.606017478803037e-07, 'hidden_layer_sizes': 149, 'learning_rate_init': 0.00022872312667388228, 'tol': 0.001560137223454763, 'validation_fraction': 0.17176389876052303}
observation time 0.001386, current best -0.883333 at iter 4
suggestion time taken 0.001771 iter 5 next_points [{'alpha': 3.271584745175847e-05, 'batch_size': 147, 'beta_1': 0.8165832496363725, 'beta_2': 0.9999403618210276, 'epsilon': 5.6363572130965644e-08, 'hidden_layer_sizes': 170, 'learning_rate_init': 0.002619058196084138, 'tol': 3.361208165166946e-05, 'validation_fraction': 0.4785182788705585}]
/home/ryedida/.local/lib/python3.9/site-packages/sklearn/neural_network/_multilayer_perceptron.py:605: UserWarning: Got `batch_size` less than 1 or larger than sample size. It is going to be clipped
  warnings.warn(

function_evaluation time 0.087619 value -0.891667 suggestion {'alpha': 3.271584745175847e-05, 'batch_size': 147, 'beta_1': 0.8165832496363725, 'beta_2': 0.9999403618210276, 'epsilon': 5.6363572130965644e-08, 'hidden_layer_sizes': 170, 'learning_rate_init': 0.002619058196084138, 'tol': 3.361208165166946e-05, 'validation_fraction': 0.4785182788705585}
observation time 0.001392, current best -0.891667 at iter 5
suggestion time taken 0.001772 iter 6 next_points [{'alpha': 0.0005532036222722601, 'batch_size': 200, 'beta_1': 0.6291624846600021, 'beta_2': 0.9999831420182751, 'epsilon': 9.195559907536286e-09, 'hidden_layer_sizes': 81, 'learning_rate_init': 0.0006231987827168812, 'tol': 0.035361179395062795, 'validation_fraction': 0.8659364290808536}]
/home/ryedida/.local/lib/python3.9/site-packages/sklearn/neural_network/_multilayer_perceptron.py:605: UserWarning: Got `batch_size` less than 1 or larger than sample size. It is going to be clipped
  warnings.warn(

function_evaluation time 0.043009 value -0.391667 suggestion {'alpha': 0.0005532036222722601, 'batch_size': 200, 'beta_1': 0.6291624846600021, 'beta_2': 0.9999831420182751, 'epsilon': 9.195559907536286e-09, 'hidden_layer_sizes': 81, 'learning_rate_init': 0.0006231987827168812, 'tol': 0.035361179395062795, 'validation_fraction': 0.8659364290808536}
observation time 0.001386, current best -0.891667 at iter 6
suggestion time taken 0.001706 iter 7 next_points [{'alpha': 0.10562104646881706, 'batch_size': 244, 'beta_1': 0.9266411260294654, 'beta_2': 0.9071808563945019, 'epsilon': 3.8926253195231484e-09, 'hidden_layer_sizes': 131, 'learning_rate_init': 0.0622593593695422, 'tol': 0.0009547026109586918, 'validation_fraction': 0.23512659492468396}]
/home/ryedida/.local/lib/python3.9/site-packages/sklearn/neural_network/_multilayer_perceptron.py:605: UserWarning: Got `batch_size` less than 1 or larger than sample size. It is going to be clipped
  warnings.warn(

function_evaluation time 0.078031 value -0.900000 suggestion {'alpha': 0.10562104646881706, 'batch_size': 244, 'beta_1': 0.9266411260294654, 'beta_2': 0.9071808563945019, 'epsilon': 3.8926253195231484e-09, 'hidden_layer_sizes': 131, 'learning_rate_init': 0.0622593593695422, 'tol': 0.0009547026109586918, 'validation_fraction': 0.23512659492468396}
observation time 0.001451, current best -0.900000 at iter 7
suggestion time taken 0.001705 iter 8 next_points [{'alpha': 0.03117423992049728, 'batch_size': 58, 'beta_1': 0.5146881212995572, 'beta_2': 0.9983072009558797, 'epsilon': 2.697626315397141e-08, 'hidden_layer_sizes': 181, 'learning_rate_init': 4.310501244526548e-05, 'tol': 1.4240406930608761e-05, 'validation_fraction': 0.5294292772920612}]
/home/ryedida/.local/lib/python3.9/site-packages/sklearn/neural_network/_multilayer_perceptron.py:605: UserWarning: Got `batch_size` less than 1 or larger than sample size. It is going to be clipped
  warnings.warn(

function_evaluation time 0.077792 value -0.458333 suggestion {'alpha': 0.03117423992049728, 'batch_size': 58, 'beta_1': 0.5146881212995572, 'beta_2': 0.9983072009558797, 'epsilon': 2.697626315397141e-08, 'hidden_layer_sizes': 181, 'learning_rate_init': 4.310501244526548e-05, 'tol': 1.4240406930608761e-05, 'validation_fraction': 0.5294292772920612}
observation time 0.001446, current best -0.900000 at iter 8
suggestion time taken 0.001971 iter 9 next_points [{'alpha': 1.7252149897626752, 'batch_size': 45, 'beta_1': 0.9758324100905519, 'beta_2': 0.9603419340293657, 'epsilon': 8.590127630633095e-08, 'hidden_layer_sizes': 195, 'learning_rate_init': 0.020004546420931833, 'tol': 0.00023033441298237465, 'validation_fraction': 0.8298420996970611}]
/home/ryedida/.local/lib/python3.9/site-packages/sklearn/neural_network/_multilayer_perceptron.py:605: UserWarning: Got `batch_size` less than 1 or larger than sample size. It is going to be clipped
  warnings.warn(

function_evaluation time 0.105011 value -0.933333 suggestion {'alpha': 1.7252149897626752, 'batch_size': 45, 'beta_1': 0.9758324100905519, 'beta_2': 0.9603419340293657, 'epsilon': 8.590127630633095e-08, 'hidden_layer_sizes': 195, 'learning_rate_init': 0.020004546420931833, 'tol': 0.00023033441298237465, 'validation_fraction': 0.8298420996970611}
observation time 0.001338, current best -0.933333 at iter 9
suggestion time taken 0.002008 iter 10 next_points [{'alpha': 0.0007868002998998058, 'batch_size': 73, 'beta_1': 0.8750794818357908, 'beta_2': 0.9998454147711596, 'epsilon': 8.179480559840048e-09, 'hidden_layer_sizes': 190, 'learning_rate_init': 0.05263223761401006, 'tol': 8.573299602215409e-05, 'validation_fraction': 0.28069496497233154}]
function_evaluation time 0.085287 value -0.925000 suggestion {'alpha': 0.0007868002998998058, 'batch_size': 73, 'beta_1': 0.8750794818357908, 'beta_2': 0.9998454147711596, 'epsilon': 8.179480559840048e-09, 'hidden_layer_sizes': 190, 'learning_rate_init': 0.05263223761401006, 'tol': 8.573299602215409e-05, 'validation_fraction': 0.28069496497233154}
observation time 0.001392, current best -0.933333 at iter 10
suggestion time taken 0.001736 iter 11 next_points [{'alpha': 0.0022533078303298482, 'batch_size': 188, 'beta_1': 0.5890998165683129, 'beta_2': 0.9758950335935936, 'epsilon': 1.6975607615810398e-07, 'hidden_layer_sizes': 64, 'learning_rate_init': 1.593598322477903e-05, 'tol': 0.06735928434485008, 'validation_fraction': 0.8025986159675894}]
/home/ryedida/.local/lib/python3.9/site-packages/sklearn/neural_network/_multilayer_perceptron.py:605: UserWarning: Got `batch_size` less than 1 or larger than sample size. It is going to be clipped
  warnings.warn(

function_evaluation time 0.038956 value -0.308333 suggestion {'alpha': 0.0022533078303298482, 'batch_size': 188, 'beta_1': 0.5890998165683129, 'beta_2': 0.9758950335935936, 'epsilon': 1.6975607615810398e-07, 'hidden_layer_sizes': 64, 'learning_rate_init': 1.593598322477903e-05, 'tol': 0.06735928434485008, 'validation_fraction': 0.8025986159675894}
observation time 0.001405, current best -0.933333 at iter 11
suggestion time taken 0.001688 iter 12 next_points [{'alpha': 3.3390688876547503, 'batch_size': 125, 'beta_1': 0.9822393211094328, 'beta_2': 0.9999722757255889, 'epsilon': 2.2299439579401086e-09, 'hidden_layer_sizes': 91, 'learning_rate_init': 0.027600704632839246, 'tol': 0.022263059274068808, 'validation_fraction': 0.4298491238007727}]
/home/ryedida/.local/lib/python3.9/site-packages/sklearn/neural_network/_multilayer_perceptron.py:605: UserWarning: Got `batch_size` less than 1 or larger than sample size. It is going to be clipped
  warnings.warn(

function_evaluation time 0.087635 value -0.958333 suggestion {'alpha': 3.3390688876547503, 'batch_size': 125, 'beta_1': 0.9822393211094328, 'beta_2': 0.9999722757255889, 'epsilon': 2.2299439579401086e-09, 'hidden_layer_sizes': 91, 'learning_rate_init': 0.027600704632839246, 'tol': 0.022263059274068808, 'validation_fraction': 0.4298491238007727}
observation time 0.001379, current best -0.958333 at iter 12
suggestion time taken 0.001697 iter 13 next_points [{'alpha': 0.16287822449820238, 'batch_size': 82, 'beta_1': 0.7492428016203324, 'beta_2': 0.9999958492928118, 'epsilon': 3.8073146470723367e-07, 'hidden_layer_sizes': 100, 'learning_rate_init': 0.00015655893784585924, 'tol': 0.04113487886099395, 'validation_fraction': 0.7333955860497683}]
/home/ryedida/.local/lib/python3.9/site-packages/sklearn/neural_network/_multilayer_perceptron.py:605: UserWarning: Got `batch_size` less than 1 or larger than sample size. It is going to be clipped
  warnings.warn(

function_evaluation time 0.045751 value -0.300000 suggestion {'alpha': 0.16287822449820238, 'batch_size': 82, 'beta_1': 0.7492428016203324, 'beta_2': 0.9999958492928118, 'epsilon': 3.8073146470723367e-07, 'hidden_layer_sizes': 100, 'learning_rate_init': 0.00015655893784585924, 'tol': 0.04113487886099395, 'validation_fraction': 0.7333955860497683}
observation time 0.001405, current best -0.958333 at iter 13
suggestion time taken 0.001939 iter 14 next_points [{'alpha': 1.1072388508045536, 'batch_size': 162, 'beta_1': 0.8494832176588643, 'beta_2': 0.999993055954155, 'epsilon': 5.150284006496537e-08, 'hidden_layer_sizes': 56, 'learning_rate_init': 0.0019621449242038405, 'tol': 2.4613042955204877e-05, 'validation_fraction': 0.14851567608356966}]
/home/ryedida/.local/lib/python3.9/site-packages/sklearn/neural_network/_multilayer_perceptron.py:605: UserWarning: Got `batch_size` less than 1 or larger than sample size. It is going to be clipped
  warnings.warn(

function_evaluation time 0.063793 value -0.608333 suggestion {'alpha': 1.1072388508045536, 'batch_size': 162, 'beta_1': 0.8494832176588643, 'beta_2': 0.999993055954155, 'epsilon': 5.150284006496537e-08, 'hidden_layer_sizes': 56, 'learning_rate_init': 0.0019621449242038405, 'tol': 2.4613042955204877e-05, 'validation_fraction': 0.14851567608356966}
observation time 0.001380, current best -0.958333 at iter 14
saving meta data: {'args': {'--uuid': '7da7587eec3b594abc63df8608b4389e', '-db-root': '/home/ryedida/bbo_challenge_starter_kit/output', '--opt-root': '/home/ryedida/bbo_challenge_starter_kit/example_submissions', '--data-root': None, '--db': 'run_20230407_191947', '--opt': 'turbo', '--data': 'iris', '--classifier': 'MLP-adam', '--metric': 'acc', '--calls': 15, '--suggestions': 1, '--jobs-file': None, '--verbose': False, 'dry_run': False, 'rev': 'a376313', 'opt_rev': '0.0.1'}, 'signature': ([{'alpha': 0.019628224813442792, 'batch_size': 182, 'beta_1': 0.9410202200271762, 'beta_2': 0.9998021557676793, 'epsilon': 1.8662266976518e-08, 'hidden_layer_sizes': 147, 'learning_rate_init': 0.0005627932047415167, 'tol': 0.03690557729213761, 'validation_fraction': 0.8846827852548593}, {'alpha': 0.0019982467392329444, 'batch_size': 200, 'beta_1': 0.919111482530466, 'beta_2': 0.9998488260436156, 'epsilon': 5.981221901152555e-07, 'hidden_layer_sizes': 61, 'learning_rate_init': 2.2310905607443014e-05, 'tol': 1.2046852412030316e-05, 'validation_fraction': 0.8117896445826539}, {'alpha': 0.46659545670218433, 'batch_size': 219, 'beta_1': 0.9889789783750891, 'beta_2': 0.9999896868093284, 'epsilon': 2.4234724484675948e-08, 'hidden_layer_sizes': 167, 'learning_rate_init': 2.972334644335654e-05, 'tol': 0.0036281404040243792, 'validation_fraction': 0.17260651658522078}, {'alpha': 4.656005689076002, 'batch_size': 135, 'beta_1': 0.870503881627747, 'beta_2': 0.9948873266941017, 'epsilon': 2.1023308743480125e-07, 'hidden_layer_sizes': 118, 'learning_rate_init': 0.0018781738757161913, 'tol': 1.1889379831773004e-05, 'validation_fraction': 0.6264327093752792}, {'alpha': 0.04705159350400542, 'batch_size': 158, 'beta_1': 0.9870884262730957, 'beta_2': 0.9999596874382349, 'epsilon': 1.1981845126013875e-08, 'hidden_layer_sizes': 116, 'learning_rate_init': 0.00617340520407431, 'tol': 1.741413418158619e-05, 'validation_fraction': 0.6754299026638921}], [-0.41666666666666663, -0.275, -0.3416666666666667, -0.725, -0.875])}
saving results
saving timing
saving suggest log
done
