running: {'--uuid': 'b779eb77b3a153d7bb40f1a6cb17dc62', '-db-root': '/home/ryedida/bbo_challenge_starter_kit/output', '--opt-root': '/home/ryedida/bbo_challenge_starter_kit/example_submissions', '--data-root': None, '--db': 'run_20230407_191947', '--opt': 'turbo', '--data': 'iris', '--classifier': 'MLP-adam', '--metric': 'nll', '--calls': 15, '--suggestions': 1, '--jobs-file': None, '--verbose': False, 'dry_run': False, 'rev': 'a376313', 'opt_rev': '0.0.1'}
cmd: python turbo/optimizer.py -c MLP-adam -d iris -o turbo -u b779eb77b3a153d7bb40f1a6cb17dc62 -m nll -n 15 -p 1 -dir /home/ryedida/bbo_challenge_starter_kit/output -b run_20230407_191947
/home/ryedida/.local/lib/python3.9/site-packages/sklearn/neural_network/_multilayer_perceptron.py:605: UserWarning: Got `batch_size` less than 1 or larger than sample size. It is going to be clipped
  warnings.warn(

/home/ryedida/.local/lib/python3.9/site-packages/sklearn/neural_network/_multilayer_perceptron.py:605: UserWarning: Got `batch_size` less than 1 or larger than sample size. It is going to be clipped
  warnings.warn(

/home/ryedida/.local/lib/python3.9/site-packages/sklearn/neural_network/_multilayer_perceptron.py:605: UserWarning: Got `batch_size` less than 1 or larger than sample size. It is going to be clipped
  warnings.warn(

/home/ryedida/.local/lib/python3.9/site-packages/sklearn/neural_network/_multilayer_perceptron.py:605: UserWarning: Got `batch_size` less than 1 or larger than sample size. It is going to be clipped
  warnings.warn(

/home/ryedida/.local/lib/python3.9/site-packages/sklearn/neural_network/_multilayer_perceptron.py:605: UserWarning: Got `batch_size` less than 1 or larger than sample size. It is going to be clipped
  warnings.warn(

computed signature: ([{'alpha': 0.019628224813442792, 'batch_size': 182, 'beta_1': 0.9410202200271762, 'beta_2': 0.9998021557676793, 'epsilon': 1.8662266976518e-08, 'hidden_layer_sizes': 147, 'learning_rate_init': 0.0005627932047415167, 'tol': 0.03690557729213761, 'validation_fraction': 0.8846827852548593}, {'alpha': 0.0019982467392329444, 'batch_size': 200, 'beta_1': 0.919111482530466, 'beta_2': 0.9998488260436156, 'epsilon': 5.981221901152555e-07, 'hidden_layer_sizes': 61, 'learning_rate_init': 2.2310905607443014e-05, 'tol': 1.2046852412030316e-05, 'validation_fraction': 0.8117896445826539}, {'alpha': 0.46659545670218433, 'batch_size': 219, 'beta_1': 0.9889789783750891, 'beta_2': 0.9999896868093284, 'epsilon': 2.4234724484675948e-08, 'hidden_layer_sizes': 167, 'learning_rate_init': 2.972334644335654e-05, 'tol': 0.0036281404040243792, 'validation_fraction': 0.17260651658522078}, {'alpha': 4.656005689076002, 'batch_size': 135, 'beta_1': 0.870503881627747, 'beta_2': 0.9948873266941017, 'epsilon': 2.1023308743480125e-07, 'hidden_layer_sizes': 118, 'learning_rate_init': 0.0018781738757161913, 'tol': 1.1889379831773004e-05, 'validation_fraction': 0.6264327093752792}, {'alpha': 0.04705159350400542, 'batch_size': 158, 'beta_1': 0.9870884262730957, 'beta_2': 0.9999596874382349, 'epsilon': 1.1981845126013875e-08, 'hidden_layer_sizes': 116, 'learning_rate_init': 0.00617340520407431, 'tol': 1.741413418158619e-05, 'validation_fraction': 0.6754299026638921}], [1.3105719841770722, 1.7760947732249062, 1.4322107566090756, 0.9097804858215804, 0.5745987066718419])
/home/ryedida/.local/lib/python3.9/site-packages/bayesmark/signatures.py:85: RuntimeWarning: Signature diverged on MLP-adam_iris_nll betwen [1.31057198 1.56976556 1.25224472 0.90978049 0.39813052] and [1.32439241 1.77609477 1.43221076 0.9966468  0.57459871]
  warnings.warn(

Signature errors:
                         0         1         2         3         4       max
MLP-adam_iris_nll  0.01382  0.206329  0.179966  0.086866  0.176468  0.206329
max                0.01382  0.206329  0.179966  0.086866  0.176468  0.206329
starting sklearn study turbo MLP-adam iris nll 15 1
with data root: None
suggestion time taken 0.002111 iter 0 next_points [{'alpha': 0.2128292455798454, 'batch_size': 235, 'beta_1': 0.9065388912524174, 'beta_2': 0.9061424525909442, 'epsilon': 5.8293493744481497e-08, 'hidden_layer_sizes': 135, 'learning_rate_init': 7.60495078727777e-05, 'tol': 0.00012380964919263474, 'validation_fraction': 0.7219889383653824}]
/home/ryedida/.local/lib/python3.9/site-packages/sklearn/neural_network/_multilayer_perceptron.py:605: UserWarning: Got `batch_size` less than 1 or larger than sample size. It is going to be clipped
  warnings.warn(

function_evaluation time 0.048892 value 1.361398 suggestion {'alpha': 0.2128292455798454, 'batch_size': 235, 'beta_1': 0.9065388912524174, 'beta_2': 0.9061424525909442, 'epsilon': 5.8293493744481497e-08, 'hidden_layer_sizes': 135, 'learning_rate_init': 7.60495078727777e-05, 'tol': 0.00012380964919263474, 'validation_fraction': 0.7219889383653824}
observation time 0.001417, current best 1.361398 at iter 0
suggestion time taken 0.001744 iter 1 next_points [{'alpha': 7.345738768168752e-05, 'batch_size': 129, 'beta_1': 0.9842096715725976, 'beta_2': 0.998795733751833, 'epsilon': 1.0713443959556497e-08, 'hidden_layer_sizes': 162, 'learning_rate_init': 0.02395062099275827, 'tol': 6.34794977183923e-05, 'validation_fraction': 0.3604313039793837}]
/home/ryedida/.local/lib/python3.9/site-packages/sklearn/neural_network/_multilayer_perceptron.py:605: UserWarning: Got `batch_size` less than 1 or larger than sample size. It is going to be clipped
  warnings.warn(

function_evaluation time 0.102239 value 0.356221 suggestion {'alpha': 7.345738768168752e-05, 'batch_size': 129, 'beta_1': 0.9842096715725976, 'beta_2': 0.998795733751833, 'epsilon': 1.0713443959556497e-08, 'hidden_layer_sizes': 162, 'learning_rate_init': 0.02395062099275827, 'tol': 6.34794977183923e-05, 'validation_fraction': 0.3604313039793837}
observation time 0.001375, current best 0.356221 at iter 1
suggestion time taken 0.001741 iter 2 next_points [{'alpha': 2.1191419107325573, 'batch_size': 142, 'beta_1': 0.9643316240016763, 'beta_2': 0.9999871424094435, 'epsilon': 4.2371575222588493e-07, 'hidden_layer_sizes': 60, 'learning_rate_init': 0.00028010907852491884, 'tol': 1.2169253820580976e-05, 'validation_fraction': 0.45272305544922026}]
/home/ryedida/.local/lib/python3.9/site-packages/sklearn/neural_network/_multilayer_perceptron.py:605: UserWarning: Got `batch_size` less than 1 or larger than sample size. It is going to be clipped
  warnings.warn(

function_evaluation time 0.042416 value 1.361717 suggestion {'alpha': 2.1191419107325573, 'batch_size': 142, 'beta_1': 0.9643316240016763, 'beta_2': 0.9999871424094435, 'epsilon': 4.2371575222588493e-07, 'hidden_layer_sizes': 60, 'learning_rate_init': 0.00028010907852491884, 'tol': 1.2169253820580976e-05, 'validation_fraction': 0.45272305544922026}
observation time 0.001417, current best 0.356221 at iter 2
suggestion time taken 0.001717 iter 3 next_points [{'alpha': 7.086515664029447, 'batch_size': 171, 'beta_1': 0.9490561974455346, 'beta_2': 0.9998797993619905, 'epsilon': 7.283478458491848e-07, 'hidden_layer_sizes': 138, 'learning_rate_init': 0.009583484571868039, 'tol': 0.001012350655286133, 'validation_fraction': 0.550815112914594}]
/home/ryedida/.local/lib/python3.9/site-packages/sklearn/neural_network/_multilayer_perceptron.py:605: UserWarning: Got `batch_size` less than 1 or larger than sample size. It is going to be clipped
  warnings.warn(

function_evaluation time 0.104486 value 0.507405 suggestion {'alpha': 7.086515664029447, 'batch_size': 171, 'beta_1': 0.9490561974455346, 'beta_2': 0.9998797993619905, 'epsilon': 7.283478458491848e-07, 'hidden_layer_sizes': 138, 'learning_rate_init': 0.009583484571868039, 'tol': 0.001012350655286133, 'validation_fraction': 0.550815112914594}
observation time 0.001306, current best 0.356221 at iter 3
suggestion time taken 0.001733 iter 4 next_points [{'alpha': 0.09496654445302265, 'batch_size': 38, 'beta_1': 0.9875415973806551, 'beta_2': 0.9997378611147723, 'epsilon': 2.171732771967296e-07, 'hidden_layer_sizes': 92, 'learning_rate_init': 0.05736341093496131, 'tol': 0.034019324196512296, 'validation_fraction': 0.8564923385509705}]
/home/ryedida/.local/lib/python3.9/site-packages/sklearn/neural_network/_multilayer_perceptron.py:605: UserWarning: Got `batch_size` less than 1 or larger than sample size. It is going to be clipped
  warnings.warn(

function_evaluation time 0.074395 value 0.335736 suggestion {'alpha': 0.09496654445302265, 'batch_size': 38, 'beta_1': 0.9875415973806551, 'beta_2': 0.9997378611147723, 'epsilon': 2.171732771967296e-07, 'hidden_layer_sizes': 92, 'learning_rate_init': 0.05736341093496131, 'tol': 0.034019324196512296, 'validation_fraction': 0.8564923385509705}
observation time 0.001544, current best 0.335736 at iter 4
suggestion time taken 0.001758 iter 5 next_points [{'alpha': 2.9285776903292196e-05, 'batch_size': 186, 'beta_1': 0.7559937325452177, 'beta_2': 0.969138899178969, 'epsilon': 3.2555997214042887e-07, 'hidden_layer_sizes': 195, 'learning_rate_init': 1.4606481283982037e-05, 'tol': 0.022020511715976947, 'validation_fraction': 0.22497457612675925}]
/home/ryedida/.local/lib/python3.9/site-packages/sklearn/neural_network/_multilayer_perceptron.py:605: UserWarning: Got `batch_size` less than 1 or larger than sample size. It is going to be clipped
  warnings.warn(

function_evaluation time 0.048935 value 1.383543 suggestion {'alpha': 2.9285776903292196e-05, 'batch_size': 186, 'beta_1': 0.7559937325452177, 'beta_2': 0.969138899178969, 'epsilon': 3.2555997214042887e-07, 'hidden_layer_sizes': 195, 'learning_rate_init': 1.4606481283982037e-05, 'tol': 0.022020511715976947, 'validation_fraction': 0.22497457612675925}
observation time 0.001301, current best 0.335736 at iter 5
suggestion time taken 0.001741 iter 6 next_points [{'alpha': 0.019509772727328772, 'batch_size': 99, 'beta_1': 0.5437297981668686, 'beta_2': 0.9888878321107045, 'epsilon': 8.222233009827384e-09, 'hidden_layer_sizes': 146, 'learning_rate_init': 6.224666800856192e-05, 'tol': 8.101076774631898e-05, 'validation_fraction': 0.15263746058387923}]
function_evaluation time 0.052429 value 1.228744 suggestion {'alpha': 0.019509772727328772, 'batch_size': 99, 'beta_1': 0.5437297981668686, 'beta_2': 0.9888878321107045, 'epsilon': 8.222233009827384e-09, 'hidden_layer_sizes': 146, 'learning_rate_init': 6.224666800856192e-05, 'tol': 8.101076774631898e-05, 'validation_fraction': 0.15263746058387923}
observation time 0.001297, current best 0.335736 at iter 6
suggestion time taken 0.001708 iter 7 next_points [{'alpha': 0.012009695696441428, 'batch_size': 13, 'beta_1': 0.8390480714771353, 'beta_2': 0.9999914160788926, 'epsilon': 3.0431815286823026e-08, 'hidden_layer_sizes': 156, 'learning_rate_init': 0.000173361879778345, 'tol': 0.004026461635536002, 'validation_fraction': 0.7415000499015424}]
function_evaluation time 0.068559 value 1.069810 suggestion {'alpha': 0.012009695696441428, 'batch_size': 13, 'beta_1': 0.8390480714771353, 'beta_2': 0.9999914160788926, 'epsilon': 3.0431815286823026e-08, 'hidden_layer_sizes': 156, 'learning_rate_init': 0.000173361879778345, 'tol': 0.004026461635536002, 'validation_fraction': 0.7415000499015424}
observation time 0.001316, current best 0.335736 at iter 7
suggestion time taken 0.001726 iter 8 next_points [{'alpha': 0.006350161427758314, 'batch_size': 216, 'beta_1': 0.9695975534810793, 'beta_2': 0.9993483225157255, 'epsilon': 1.4031015081114176e-09, 'hidden_layer_sizes': 73, 'learning_rate_init': 0.0009515140138191462, 'tol': 0.0018734748414909151, 'validation_fraction': 0.8350283388841937}]
/home/ryedida/.local/lib/python3.9/site-packages/sklearn/neural_network/_multilayer_perceptron.py:605: UserWarning: Got `batch_size` less than 1 or larger than sample size. It is going to be clipped
  warnings.warn(

function_evaluation time 0.063767 value 1.391800 suggestion {'alpha': 0.006350161427758314, 'batch_size': 216, 'beta_1': 0.9695975534810793, 'beta_2': 0.9993483225157255, 'epsilon': 1.4031015081114176e-09, 'hidden_layer_sizes': 73, 'learning_rate_init': 0.0009515140138191462, 'tol': 0.0018734748414909151, 'validation_fraction': 0.8350283388841937}
observation time 0.001313, current best 0.335736 at iter 8
suggestion time taken 0.001703 iter 9 next_points [{'alpha': 0.0005431507158954825, 'batch_size': 81, 'beta_1': 0.8961788378938842, 'beta_2': 0.9999444884856488, 'epsilon': 6.630253088113888e-07, 'hidden_layer_sizes': 76, 'learning_rate_init': 0.0025233203616987863, 'tol': 2.8512604074208827e-05, 'validation_fraction': 0.10213147165194368}]
function_evaluation time 0.098083 value 0.740361 suggestion {'alpha': 0.0005431507158954825, 'batch_size': 81, 'beta_1': 0.8961788378938842, 'beta_2': 0.9999444884856488, 'epsilon': 6.630253088113888e-07, 'hidden_layer_sizes': 76, 'learning_rate_init': 0.0025233203616987863, 'tol': 2.8512604074208827e-05, 'validation_fraction': 0.10213147165194368}
observation time 0.001473, current best 0.335736 at iter 9
suggestion time taken 0.001779 iter 10 next_points [{'alpha': 0.9878813620668755, 'batch_size': 191, 'beta_1': 0.9184534113205604, 'beta_2': 0.9958788028355511, 'epsilon': 1.926254142301672e-08, 'hidden_layer_sizes': 102, 'learning_rate_init': 0.0037858356163464084, 'tol': 0.07483651677292266, 'validation_fraction': 0.2654460696080009}]
/home/ryedida/.local/lib/python3.9/site-packages/sklearn/neural_network/_multilayer_perceptron.py:605: UserWarning: Got `batch_size` less than 1 or larger than sample size. It is going to be clipped
  warnings.warn(

function_evaluation time 0.067213 value 0.692231 suggestion {'alpha': 0.9878813620668755, 'batch_size': 191, 'beta_1': 0.9184534113205604, 'beta_2': 0.9958788028355511, 'epsilon': 1.926254142301672e-08, 'hidden_layer_sizes': 102, 'learning_rate_init': 0.0037858356163464084, 'tol': 0.07483651677292266, 'validation_fraction': 0.2654460696080009}
observation time 0.001224, current best 0.335736 at iter 10
suggestion time taken 0.001669 iter 11 next_points [{'alpha': 0.0001754014424659061, 'batch_size': 54, 'beta_1': 0.6535087692463571, 'beta_2': 0.9999987219613857, 'epsilon': 1.7275956700151344e-09, 'hidden_layer_sizes': 87, 'learning_rate_init': 0.01681385036867869, 'tol': 1.6569505485344707e-05, 'validation_fraction': 0.8802015913324959}]
/home/ryedida/.local/lib/python3.9/site-packages/sklearn/neural_network/_multilayer_perceptron.py:605: UserWarning: Got `batch_size` less than 1 or larger than sample size. It is going to be clipped
  warnings.warn(

function_evaluation time 0.063996 value 0.658264 suggestion {'alpha': 0.0001754014424659061, 'batch_size': 54, 'beta_1': 0.6535087692463571, 'beta_2': 0.9999987219613857, 'epsilon': 1.7275956700151344e-09, 'hidden_layer_sizes': 87, 'learning_rate_init': 0.01681385036867869, 'tol': 1.6569505485344707e-05, 'validation_fraction': 0.8802015913324959}
observation time 0.001264, current best 0.335736 at iter 11
suggestion time taken 0.001688 iter 12 next_points [{'alpha': 0.0009747875751951843, 'batch_size': 117, 'beta_1': 0.8657420159977999, 'beta_2': 0.9488788520338901, 'epsilon': 2.311990477956664e-09, 'hidden_layer_sizes': 55, 'learning_rate_init': 0.006941364502455216, 'tol': 0.012627620844911765, 'validation_fraction': 0.654999858066536}]
/home/ryedida/.local/lib/python3.9/site-packages/sklearn/neural_network/_multilayer_perceptron.py:605: UserWarning: Got `batch_size` less than 1 or larger than sample size. It is going to be clipped
  warnings.warn(

function_evaluation time 0.112906 value 0.521783 suggestion {'alpha': 0.0009747875751951843, 'batch_size': 117, 'beta_1': 0.8657420159977999, 'beta_2': 0.9488788520338901, 'epsilon': 2.311990477956664e-09, 'hidden_layer_sizes': 55, 'learning_rate_init': 0.006941364502455216, 'tol': 0.012627620844911765, 'validation_fraction': 0.654999858066536}
observation time 0.001299, current best 0.335736 at iter 12
suggestion time taken 0.001699 iter 13 next_points [{'alpha': 0.058079863205701035, 'batch_size': 203, 'beta_1': 0.9754792266867904, 'beta_2': 0.9984027208939665, 'epsilon': 5.369335220846343e-09, 'hidden_layer_sizes': 171, 'learning_rate_init': 2.6017621639626055e-05, 'tol': 0.0006032142902152923, 'validation_fraction': 0.6365543638990425}]
/home/ryedida/.local/lib/python3.9/site-packages/sklearn/neural_network/_multilayer_perceptron.py:605: UserWarning: Got `batch_size` less than 1 or larger than sample size. It is going to be clipped
  warnings.warn(

function_evaluation time 0.045011 value 1.139667 suggestion {'alpha': 0.058079863205701035, 'batch_size': 203, 'beta_1': 0.9754792266867904, 'beta_2': 0.9984027208939665, 'epsilon': 5.369335220846343e-09, 'hidden_layer_sizes': 171, 'learning_rate_init': 2.6017621639626055e-05, 'tol': 0.0006032142902152923, 'validation_fraction': 0.6365543638990425}
observation time 0.001337, current best 0.335736 at iter 13
suggestion time taken 0.001662 iter 14 next_points [{'alpha': 1.103181922540837e-05, 'batch_size': 73, 'beta_1': 0.9381211296822604, 'beta_2': 0.9999664100464042, 'epsilon': 4.515178626542454e-08, 'hidden_layer_sizes': 122, 'learning_rate_init': 2.9884549529454873e-05, 'tol': 0.0022694223119809447, 'validation_fraction': 0.14028735768603492}]
function_evaluation time 0.054919 value 1.377108 suggestion {'alpha': 1.103181922540837e-05, 'batch_size': 73, 'beta_1': 0.9381211296822604, 'beta_2': 0.9999664100464042, 'epsilon': 4.515178626542454e-08, 'hidden_layer_sizes': 122, 'learning_rate_init': 2.9884549529454873e-05, 'tol': 0.0022694223119809447, 'validation_fraction': 0.14028735768603492}
observation time 0.001311, current best 0.335736 at iter 14
saving meta data: {'args': {'--uuid': 'b779eb77b3a153d7bb40f1a6cb17dc62', '-db-root': '/home/ryedida/bbo_challenge_starter_kit/output', '--opt-root': '/home/ryedida/bbo_challenge_starter_kit/example_submissions', '--data-root': None, '--db': 'run_20230407_191947', '--opt': 'turbo', '--data': 'iris', '--classifier': 'MLP-adam', '--metric': 'nll', '--calls': 15, '--suggestions': 1, '--jobs-file': None, '--verbose': False, 'dry_run': False, 'rev': 'a376313', 'opt_rev': '0.0.1'}, 'signature': ([{'alpha': 0.019628224813442792, 'batch_size': 182, 'beta_1': 0.9410202200271762, 'beta_2': 0.9998021557676793, 'epsilon': 1.8662266976518e-08, 'hidden_layer_sizes': 147, 'learning_rate_init': 0.0005627932047415167, 'tol': 0.03690557729213761, 'validation_fraction': 0.8846827852548593}, {'alpha': 0.0019982467392329444, 'batch_size': 200, 'beta_1': 0.919111482530466, 'beta_2': 0.9998488260436156, 'epsilon': 5.981221901152555e-07, 'hidden_layer_sizes': 61, 'learning_rate_init': 2.2310905607443014e-05, 'tol': 1.2046852412030316e-05, 'validation_fraction': 0.8117896445826539}, {'alpha': 0.46659545670218433, 'batch_size': 219, 'beta_1': 0.9889789783750891, 'beta_2': 0.9999896868093284, 'epsilon': 2.4234724484675948e-08, 'hidden_layer_sizes': 167, 'learning_rate_init': 2.972334644335654e-05, 'tol': 0.0036281404040243792, 'validation_fraction': 0.17260651658522078}, {'alpha': 4.656005689076002, 'batch_size': 135, 'beta_1': 0.870503881627747, 'beta_2': 0.9948873266941017, 'epsilon': 2.1023308743480125e-07, 'hidden_layer_sizes': 118, 'learning_rate_init': 0.0018781738757161913, 'tol': 1.1889379831773004e-05, 'validation_fraction': 0.6264327093752792}, {'alpha': 0.04705159350400542, 'batch_size': 158, 'beta_1': 0.9870884262730957, 'beta_2': 0.9999596874382349, 'epsilon': 1.1981845126013875e-08, 'hidden_layer_sizes': 116, 'learning_rate_init': 0.00617340520407431, 'tol': 1.741413418158619e-05, 'validation_fraction': 0.6754299026638921}], [1.3105719841770722, 1.7760947732249062, 1.4322107566090756, 0.9097804858215804, 0.5745987066718419])}
saving results
saving timing
saving suggest log
done
