running: {'--uuid': 'd6513b76d1b4506fab0e7aa780051148', '-db-root': '/home/ryedida/bbo_challenge_starter_kit/output', '--opt-root': '/home/ryedida/bbo_challenge_starter_kit/example_submissions', '--data-root': None, '--db': 'run_20230407_191947', '--opt': 'smoothness', '--data': 'iris', '--classifier': 'MLP-adam', '--metric': 'acc', '--calls': 15, '--suggestions': 1, '--jobs-file': None, '--verbose': False, 'dry_run': False, 'rev': 'a376313', 'opt_rev': 'x.x.x'}
cmd: python smoothness/optimizer.py -c MLP-adam -d iris -o smoothness -u d6513b76d1b4506fab0e7aa780051148 -m acc -n 15 -p 1 -dir /home/ryedida/bbo_challenge_starter_kit/output -b run_20230407_191947
/home/ryedida/.local/lib/python3.9/site-packages/sklearn/neural_network/_multilayer_perceptron.py:605: UserWarning: Got `batch_size` less than 1 or larger than sample size. It is going to be clipped
  warnings.warn(

/home/ryedida/.local/lib/python3.9/site-packages/sklearn/neural_network/_multilayer_perceptron.py:605: UserWarning: Got `batch_size` less than 1 or larger than sample size. It is going to be clipped
  warnings.warn(

/home/ryedida/.local/lib/python3.9/site-packages/sklearn/neural_network/_multilayer_perceptron.py:605: UserWarning: Got `batch_size` less than 1 or larger than sample size. It is going to be clipped
  warnings.warn(

/home/ryedida/.local/lib/python3.9/site-packages/sklearn/neural_network/_multilayer_perceptron.py:605: UserWarning: Got `batch_size` less than 1 or larger than sample size. It is going to be clipped
  warnings.warn(

/home/ryedida/.local/lib/python3.9/site-packages/sklearn/neural_network/_multilayer_perceptron.py:605: UserWarning: Got `batch_size` less than 1 or larger than sample size. It is going to be clipped
  warnings.warn(

computed signature: ([{'alpha': 0.019628224813442792, 'batch_size': 182, 'beta_1': 0.9410202200271762, 'beta_2': 0.9998021557676793, 'epsilon': 1.8662266976518e-08, 'hidden_layer_sizes': 147, 'learning_rate_init': 0.0005627932047415167, 'tol': 0.03690557729213761, 'validation_fraction': 0.8846827852548593}, {'alpha': 0.0019982467392329444, 'batch_size': 200, 'beta_1': 0.919111482530466, 'beta_2': 0.9998488260436156, 'epsilon': 5.981221901152555e-07, 'hidden_layer_sizes': 61, 'learning_rate_init': 2.2310905607443014e-05, 'tol': 1.2046852412030316e-05, 'validation_fraction': 0.8117896445826539}, {'alpha': 0.46659545670218433, 'batch_size': 219, 'beta_1': 0.9889789783750891, 'beta_2': 0.9999896868093284, 'epsilon': 2.4234724484675948e-08, 'hidden_layer_sizes': 167, 'learning_rate_init': 2.972334644335654e-05, 'tol': 0.0036281404040243792, 'validation_fraction': 0.17260651658522078}, {'alpha': 4.656005689076002, 'batch_size': 135, 'beta_1': 0.870503881627747, 'beta_2': 0.9948873266941017, 'epsilon': 2.1023308743480125e-07, 'hidden_layer_sizes': 118, 'learning_rate_init': 0.0018781738757161913, 'tol': 1.1889379831773004e-05, 'validation_fraction': 0.6264327093752792}, {'alpha': 0.04705159350400542, 'batch_size': 158, 'beta_1': 0.9870884262730957, 'beta_2': 0.9999596874382349, 'epsilon': 1.1981845126013875e-08, 'hidden_layer_sizes': 116, 'learning_rate_init': 0.00617340520407431, 'tol': 1.741413418158619e-05, 'validation_fraction': 0.6754299026638921}], [-0.41666666666666663, -0.275, -0.3416666666666667, -0.725, -0.875])
/home/ryedida/.local/lib/python3.9/site-packages/bayesmark/signatures.py:85: RuntimeWarning: Signature diverged on MLP-adam_iris_acc betwen [-0.52290909 -0.27918182 -0.34166667 -0.725      -0.91715152] and [-0.41666667 -0.275      -0.26133333 -0.68915152 -0.875     ]
  warnings.warn(

Signature errors:
                          0         1         2         3         4       max
MLP-adam_iris_acc  0.106242  0.004182  0.080333  0.035848  0.042152  0.106242
max                0.106242  0.004182  0.080333  0.035848  0.042152  0.106242
starting sklearn study smoothness MLP-adam iris acc 15 1
with data root: None
suggestion time taken 11.337149 iter 0 next_points [{'alpha': 0.6197728054424894, 'batch_size': 13, 'beta_1': 0.7053892365111687, 'beta_2': 0.9999989629233648, 'epsilon': 4.762991294009957e-09, 'hidden_layer_sizes': 100, 'learning_rate_init': 0.014338545660713721, 'tol': 0.031931379327354, 'validation_fraction': 0.6103246485816035}]
function_evaluation time 0.091902 value -0.958333 suggestion {'alpha': 0.6197728054424894, 'batch_size': 13, 'beta_1': 0.7053892365111687, 'beta_2': 0.9999989629233648, 'epsilon': 4.762991294009957e-09, 'hidden_layer_sizes': 100, 'learning_rate_init': 0.014338545660713721, 'tol': 0.031931379327354, 'validation_fraction': 0.6103246485816035}
observation time 0.000007, current best -0.958333 at iter 0
suggestion time taken 11.550606 iter 1 next_points [{'alpha': 0.3303808306924849, 'batch_size': 15, 'beta_1': 0.9785600432404984, 'beta_2': 0.9998249517599974, 'epsilon': 4.952457663530784e-09, 'hidden_layer_sizes': 65, 'learning_rate_init': 4.5378198818553246e-05, 'tol': 9.212921865127326e-05, 'validation_fraction': 0.33103086217077043}]
function_evaluation time 0.094789 value -0.300000 suggestion {'alpha': 0.3303808306924849, 'batch_size': 15, 'beta_1': 0.9785600432404984, 'beta_2': 0.9998249517599974, 'epsilon': 4.952457663530784e-09, 'hidden_layer_sizes': 65, 'learning_rate_init': 4.5378198818553246e-05, 'tol': 9.212921865127326e-05, 'validation_fraction': 0.33103086217077043}
observation time 0.000006, current best -0.958333 at iter 1
suggestion time taken 11.294746 iter 2 next_points [{'alpha': 4.147898780664219, 'batch_size': 16, 'beta_1': 0.9021515641943, 'beta_2': 0.9999959161923648, 'epsilon': 4.654021318009808e-09, 'hidden_layer_sizes': 97, 'learning_rate_init': 0.00030812680756053107, 'tol': 5.40710944034508e-05, 'validation_fraction': 0.366633710067625}]
function_evaluation time 0.125267 value -0.658333 suggestion {'alpha': 4.147898780664219, 'batch_size': 16, 'beta_1': 0.9021515641943, 'beta_2': 0.9999959161923648, 'epsilon': 4.654021318009808e-09, 'hidden_layer_sizes': 97, 'learning_rate_init': 0.00030812680756053107, 'tol': 5.40710944034508e-05, 'validation_fraction': 0.366633710067625}
observation time 0.000006, current best -0.958333 at iter 2
suggestion time taken 11.547261 iter 3 next_points [{'alpha': 0.11536300038505962, 'batch_size': 21, 'beta_1': 0.8527466490344348, 'beta_2': 0.9704671885753595, 'epsilon': 7.155788102862143e-09, 'hidden_layer_sizes': 172, 'learning_rate_init': 0.0010819927904451832, 'tol': 0.00023489654438068025, 'validation_fraction': 0.1765534977699432}]
function_evaluation time 0.128975 value -0.758333 suggestion {'alpha': 0.11536300038505962, 'batch_size': 21, 'beta_1': 0.8527466490344348, 'beta_2': 0.9704671885753595, 'epsilon': 7.155788102862143e-09, 'hidden_layer_sizes': 172, 'learning_rate_init': 0.0010819927904451832, 'tol': 0.00023489654438068025, 'validation_fraction': 0.1765534977699432}
observation time 0.000006, current best -0.958333 at iter 3
suggestion time taken 11.303263 iter 4 next_points [{'alpha': 0.004402921133606026, 'batch_size': 21, 'beta_1': 0.9569034459105442, 'beta_2': 0.9999020862780668, 'epsilon': 9.668979451574153e-08, 'hidden_layer_sizes': 124, 'learning_rate_init': 0.034155523696777566, 'tol': 0.00018182803300840255, 'validation_fraction': 0.1532643845167156}]
function_evaluation time 0.107834 value -0.916667 suggestion {'alpha': 0.004402921133606026, 'batch_size': 21, 'beta_1': 0.9569034459105442, 'beta_2': 0.9999020862780668, 'epsilon': 9.668979451574153e-08, 'hidden_layer_sizes': 124, 'learning_rate_init': 0.034155523696777566, 'tol': 0.00018182803300840255, 'validation_fraction': 0.1532643845167156}
observation time 0.000008, current best -0.958333 at iter 4
suggestion time taken 11.666502 iter 5 next_points [{'alpha': 3.4573203034311506, 'batch_size': 19, 'beta_1': 0.9335403044079379, 'beta_2': 0.9998166848271784, 'epsilon': 4.3309659343665206e-07, 'hidden_layer_sizes': 172, 'learning_rate_init': 0.04110493394116192, 'tol': 0.008222820237539622, 'validation_fraction': 0.43563462778277773}]
function_evaluation time 0.111721 value -0.916667 suggestion {'alpha': 3.4573203034311506, 'batch_size': 19, 'beta_1': 0.9335403044079379, 'beta_2': 0.9998166848271784, 'epsilon': 4.3309659343665206e-07, 'hidden_layer_sizes': 172, 'learning_rate_init': 0.04110493394116192, 'tol': 0.008222820237539622, 'validation_fraction': 0.43563462778277773}
observation time 0.000006, current best -0.958333 at iter 5
suggestion time taken 11.438141 iter 6 next_points [{'alpha': 1.1647669149358892e-05, 'batch_size': 23, 'beta_1': 0.9856199973653813, 'beta_2': 0.9998786408497802, 'epsilon': 3.18183046553841e-08, 'hidden_layer_sizes': 69, 'learning_rate_init': 0.0011795851357381854, 'tol': 0.0008938728000694406, 'validation_fraction': 0.5646061500047406}]
function_evaluation time 0.108093 value -0.816667 suggestion {'alpha': 1.1647669149358892e-05, 'batch_size': 23, 'beta_1': 0.9856199973653813, 'beta_2': 0.9998786408497802, 'epsilon': 3.18183046553841e-08, 'hidden_layer_sizes': 69, 'learning_rate_init': 0.0011795851357381854, 'tol': 0.0008938728000694406, 'validation_fraction': 0.5646061500047406}
observation time 0.000006, current best -0.958333 at iter 6
suggestion time taken 11.452942 iter 7 next_points [{'alpha': 0.0002736111948790297, 'batch_size': 10, 'beta_1': 0.9279530198646414, 'beta_2': 0.9999973740675682, 'epsilon': 3.413400932156692e-08, 'hidden_layer_sizes': 115, 'learning_rate_init': 0.0016938308943798064, 'tol': 2.3474374711536264e-05, 'validation_fraction': 0.12427579915051074}]
function_evaluation time 0.157470 value -0.933333 suggestion {'alpha': 0.0002736111948790297, 'batch_size': 10, 'beta_1': 0.9279530198646414, 'beta_2': 0.9999973740675682, 'epsilon': 3.413400932156692e-08, 'hidden_layer_sizes': 115, 'learning_rate_init': 0.0016938308943798064, 'tol': 2.3474374711536264e-05, 'validation_fraction': 0.12427579915051074}
observation time 0.000006, current best -0.958333 at iter 7
suggestion time taken 11.918617 iter 8 next_points [{'alpha': 1.6552324489183847, 'batch_size': 11, 'beta_1': 0.9402832781090713, 'beta_2': 0.9999513940466337, 'epsilon': 1.7241683137135024e-09, 'hidden_layer_sizes': 72, 'learning_rate_init': 3.3360578379275414e-05, 'tol': 6.338503512865379e-05, 'validation_fraction': 0.8921731904941513}]
function_evaluation time 0.043093 value -0.241667 suggestion {'alpha': 1.6552324489183847, 'batch_size': 11, 'beta_1': 0.9402832781090713, 'beta_2': 0.9999513940466337, 'epsilon': 1.7241683137135024e-09, 'hidden_layer_sizes': 72, 'learning_rate_init': 3.3360578379275414e-05, 'tol': 6.338503512865379e-05, 'validation_fraction': 0.8921731904941513}
observation time 0.000006, current best -0.958333 at iter 8
suggestion time taken 11.555103 iter 9 next_points [{'alpha': 0.7452726049401802, 'batch_size': 14, 'beta_1': 0.9731663174865263, 'beta_2': 0.9985715076124949, 'epsilon': 2.9959738022582526e-09, 'hidden_layer_sizes': 158, 'learning_rate_init': 2.495384238413453e-05, 'tol': 0.027177749885628568, 'validation_fraction': 0.3329647142711135}]
function_evaluation time 0.092361 value -0.341667 suggestion {'alpha': 0.7452726049401802, 'batch_size': 14, 'beta_1': 0.9731663174865263, 'beta_2': 0.9985715076124949, 'epsilon': 2.9959738022582526e-09, 'hidden_layer_sizes': 158, 'learning_rate_init': 2.495384238413453e-05, 'tol': 0.027177749885628568, 'validation_fraction': 0.3329647142711135}
observation time 0.000006, current best -0.958333 at iter 9
suggestion time taken 11.680753 iter 10 next_points [{'alpha': 0.30131369882071196, 'batch_size': 23, 'beta_1': 0.6061622647938233, 'beta_2': 0.9976945569761164, 'epsilon': 1.4158042450807e-09, 'hidden_layer_sizes': 70, 'learning_rate_init': 3.7575784290198146e-05, 'tol': 2.271170159123106e-05, 'validation_fraction': 0.5798390992304421}]
function_evaluation time 0.053766 value -0.341667 suggestion {'alpha': 0.30131369882071196, 'batch_size': 23, 'beta_1': 0.6061622647938233, 'beta_2': 0.9976945569761164, 'epsilon': 1.4158042450807e-09, 'hidden_layer_sizes': 70, 'learning_rate_init': 3.7575784290198146e-05, 'tol': 2.271170159123106e-05, 'validation_fraction': 0.5798390992304421}
observation time 0.000006, current best -0.958333 at iter 10
suggestion time taken 12.126932 iter 11 next_points [{'alpha': 0.0003244626200872384, 'batch_size': 20, 'beta_1': 0.8771634827798857, 'beta_2': 0.999983760849125, 'epsilon': 3.0662870285475333e-09, 'hidden_layer_sizes': 105, 'learning_rate_init': 6.117398574270379e-05, 'tol': 0.04433537797183803, 'validation_fraction': 0.6206620249390853}]
function_evaluation time 0.054725 value -0.325000 suggestion {'alpha': 0.0003244626200872384, 'batch_size': 20, 'beta_1': 0.8771634827798857, 'beta_2': 0.999983760849125, 'epsilon': 3.0662870285475333e-09, 'hidden_layer_sizes': 105, 'learning_rate_init': 6.117398574270379e-05, 'tol': 0.04433537797183803, 'validation_fraction': 0.6206620249390853}
observation time 0.000006, current best -0.958333 at iter 11
suggestion time taken 11.629184 iter 12 next_points [{'alpha': 0.0017029013838516336, 'batch_size': 21, 'beta_1': 0.7336977560552036, 'beta_2': 0.9951154618899133, 'epsilon': 8.95299397828379e-08, 'hidden_layer_sizes': 194, 'learning_rate_init': 0.047070532933708956, 'tol': 0.0011138288917188785, 'validation_fraction': 0.1552450879408948}]
function_evaluation time 0.114465 value -0.933333 suggestion {'alpha': 0.0017029013838516336, 'batch_size': 21, 'beta_1': 0.7336977560552036, 'beta_2': 0.9951154618899133, 'epsilon': 8.95299397828379e-08, 'hidden_layer_sizes': 194, 'learning_rate_init': 0.047070532933708956, 'tol': 0.0011138288917188785, 'validation_fraction': 0.1552450879408948}
observation time 0.000007, current best -0.958333 at iter 12
suggestion time taken 11.628158 iter 13 next_points [{'alpha': 0.24458710784384785, 'batch_size': 14, 'beta_1': 0.8450451060189824, 'beta_2': 0.9931732913512488, 'epsilon': 7.394802273847897e-08, 'hidden_layer_sizes': 85, 'learning_rate_init': 4.329009387451468e-05, 'tol': 7.921154176065648e-05, 'validation_fraction': 0.23318349851945142}]
function_evaluation time 0.091774 value -0.333333 suggestion {'alpha': 0.24458710784384785, 'batch_size': 14, 'beta_1': 0.8450451060189824, 'beta_2': 0.9931732913512488, 'epsilon': 7.394802273847897e-08, 'hidden_layer_sizes': 85, 'learning_rate_init': 4.329009387451468e-05, 'tol': 7.921154176065648e-05, 'validation_fraction': 0.23318349851945142}
observation time 0.000006, current best -0.958333 at iter 13
suggestion time taken 12.168667 iter 14 next_points [{'alpha': 6.780076030843994, 'batch_size': 14, 'beta_1': 0.9411970721176838, 'beta_2': 0.9834750052630058, 'epsilon': 4.251170740736516e-09, 'hidden_layer_sizes': 135, 'learning_rate_init': 1.6250645486748855e-05, 'tol': 0.0004744622663382791, 'validation_fraction': 0.529393814645871}]
function_evaluation time 0.076123 value -0.350000 suggestion {'alpha': 6.780076030843994, 'batch_size': 14, 'beta_1': 0.9411970721176838, 'beta_2': 0.9834750052630058, 'epsilon': 4.251170740736516e-09, 'hidden_layer_sizes': 135, 'learning_rate_init': 1.6250645486748855e-05, 'tol': 0.0004744622663382791, 'validation_fraction': 0.529393814645871}
observation time 0.000006, current best -0.958333 at iter 14
saving meta data: {'args': {'--uuid': 'd6513b76d1b4506fab0e7aa780051148', '-db-root': '/home/ryedida/bbo_challenge_starter_kit/output', '--opt-root': '/home/ryedida/bbo_challenge_starter_kit/example_submissions', '--data-root': None, '--db': 'run_20230407_191947', '--opt': 'smoothness', '--data': 'iris', '--classifier': 'MLP-adam', '--metric': 'acc', '--calls': 15, '--suggestions': 1, '--jobs-file': None, '--verbose': False, 'dry_run': False, 'rev': 'a376313', 'opt_rev': 'x.x.x'}, 'signature': ([{'alpha': 0.019628224813442792, 'batch_size': 182, 'beta_1': 0.9410202200271762, 'beta_2': 0.9998021557676793, 'epsilon': 1.8662266976518e-08, 'hidden_layer_sizes': 147, 'learning_rate_init': 0.0005627932047415167, 'tol': 0.03690557729213761, 'validation_fraction': 0.8846827852548593}, {'alpha': 0.0019982467392329444, 'batch_size': 200, 'beta_1': 0.919111482530466, 'beta_2': 0.9998488260436156, 'epsilon': 5.981221901152555e-07, 'hidden_layer_sizes': 61, 'learning_rate_init': 2.2310905607443014e-05, 'tol': 1.2046852412030316e-05, 'validation_fraction': 0.8117896445826539}, {'alpha': 0.46659545670218433, 'batch_size': 219, 'beta_1': 0.9889789783750891, 'beta_2': 0.9999896868093284, 'epsilon': 2.4234724484675948e-08, 'hidden_layer_sizes': 167, 'learning_rate_init': 2.972334644335654e-05, 'tol': 0.0036281404040243792, 'validation_fraction': 0.17260651658522078}, {'alpha': 4.656005689076002, 'batch_size': 135, 'beta_1': 0.870503881627747, 'beta_2': 0.9948873266941017, 'epsilon': 2.1023308743480125e-07, 'hidden_layer_sizes': 118, 'learning_rate_init': 0.0018781738757161913, 'tol': 1.1889379831773004e-05, 'validation_fraction': 0.6264327093752792}, {'alpha': 0.04705159350400542, 'batch_size': 158, 'beta_1': 0.9870884262730957, 'beta_2': 0.9999596874382349, 'epsilon': 1.1981845126013875e-08, 'hidden_layer_sizes': 116, 'learning_rate_init': 0.00617340520407431, 'tol': 1.741413418158619e-05, 'validation_fraction': 0.6754299026638921}], [-0.41666666666666663, -0.275, -0.3416666666666667, -0.725, -0.875])}
saving results
saving timing
saving suggest log
done
