running: {'--uuid': 'e353b26b09465af3b5ffc478e33ce14c', '-db-root': '/home/ryedida/bbo_challenge_starter_kit/output', '--opt-root': '/home/ryedida/bbo_challenge_starter_kit/example_submissions', '--data-root': None, '--db': 'run_20230407_191947', '--opt': 'hyperopt', '--data': 'iris', '--classifier': 'MLP-adam', '--metric': 'acc', '--calls': 15, '--suggestions': 1, '--jobs-file': None, '--verbose': False, 'dry_run': False, 'rev': 'a376313', 'opt_rev': '0.2.7'}
cmd: python hyperopt/optimizer.py -c MLP-adam -d iris -o hyperopt -u e353b26b09465af3b5ffc478e33ce14c -m acc -n 15 -p 1 -dir /home/ryedida/bbo_challenge_starter_kit/output -b run_20230407_191947
/home/ryedida/.local/lib/python3.9/site-packages/sklearn/neural_network/_multilayer_perceptron.py:605: UserWarning: Got `batch_size` less than 1 or larger than sample size. It is going to be clipped
  warnings.warn(

/home/ryedida/.local/lib/python3.9/site-packages/sklearn/neural_network/_multilayer_perceptron.py:605: UserWarning: Got `batch_size` less than 1 or larger than sample size. It is going to be clipped
  warnings.warn(

/home/ryedida/.local/lib/python3.9/site-packages/sklearn/neural_network/_multilayer_perceptron.py:605: UserWarning: Got `batch_size` less than 1 or larger than sample size. It is going to be clipped
  warnings.warn(

/home/ryedida/.local/lib/python3.9/site-packages/sklearn/neural_network/_multilayer_perceptron.py:605: UserWarning: Got `batch_size` less than 1 or larger than sample size. It is going to be clipped
  warnings.warn(

/home/ryedida/.local/lib/python3.9/site-packages/sklearn/neural_network/_multilayer_perceptron.py:605: UserWarning: Got `batch_size` less than 1 or larger than sample size. It is going to be clipped
  warnings.warn(

computed signature: ([{'alpha': 0.019628224813442792, 'batch_size': 182, 'beta_1': 0.9410202200271762, 'beta_2': 0.9998021557676793, 'epsilon': 1.8662266976518e-08, 'hidden_layer_sizes': 147, 'learning_rate_init': 0.0005627932047415167, 'tol': 0.03690557729213761, 'validation_fraction': 0.8846827852548593}, {'alpha': 0.0019982467392329444, 'batch_size': 200, 'beta_1': 0.919111482530466, 'beta_2': 0.9998488260436156, 'epsilon': 5.981221901152555e-07, 'hidden_layer_sizes': 61, 'learning_rate_init': 2.2310905607443014e-05, 'tol': 1.2046852412030316e-05, 'validation_fraction': 0.8117896445826539}, {'alpha': 0.46659545670218433, 'batch_size': 219, 'beta_1': 0.9889789783750891, 'beta_2': 0.9999896868093284, 'epsilon': 2.4234724484675948e-08, 'hidden_layer_sizes': 167, 'learning_rate_init': 2.972334644335654e-05, 'tol': 0.0036281404040243792, 'validation_fraction': 0.17260651658522078}, {'alpha': 4.656005689076002, 'batch_size': 135, 'beta_1': 0.870503881627747, 'beta_2': 0.9948873266941017, 'epsilon': 2.1023308743480125e-07, 'hidden_layer_sizes': 118, 'learning_rate_init': 0.0018781738757161913, 'tol': 1.1889379831773004e-05, 'validation_fraction': 0.6264327093752792}, {'alpha': 0.04705159350400542, 'batch_size': 158, 'beta_1': 0.9870884262730957, 'beta_2': 0.9999596874382349, 'epsilon': 1.1981845126013875e-08, 'hidden_layer_sizes': 116, 'learning_rate_init': 0.00617340520407431, 'tol': 1.741413418158619e-05, 'validation_fraction': 0.6754299026638921}], [-0.41666666666666663, -0.275, -0.3416666666666667, -0.725, -0.875])
/home/ryedida/.local/lib/python3.9/site-packages/bayesmark/signatures.py:85: RuntimeWarning: Signature diverged on MLP-adam_iris_acc betwen [-0.52290909 -0.27918182 -0.34166667 -0.725      -0.91715152] and [-0.41666667 -0.275      -0.26133333 -0.68915152 -0.875     ]
  warnings.warn(

Signature errors:
                          0         1         2         3         4       max
MLP-adam_iris_acc  0.106242  0.004182  0.080333  0.035848  0.042152  0.106242
max                0.106242  0.004182  0.080333  0.035848  0.042152  0.106242
starting sklearn study hyperopt MLP-adam iris acc 15 1
with data root: None
suggestion time taken 0.002271 iter 0 next_points [{'alpha': 0.008962246455325269, 'batch_size': 169, 'beta_1': 0.7372519070034182, 'beta_2': 0.9847194900097185, 'epsilon': 4.687885622642222e-08, 'hidden_layer_sizes': 79, 'learning_rate_init': 0.040129559819240886, 'tol': 0.0025654627833265504, 'validation_fraction': 0.1380672743894904}]
/home/ryedida/.local/lib/python3.9/site-packages/sklearn/neural_network/_multilayer_perceptron.py:605: UserWarning: Got `batch_size` less than 1 or larger than sample size. It is going to be clipped
  warnings.warn(

function_evaluation time 0.070297 value -0.941667 suggestion {'alpha': 0.008962246455325269, 'batch_size': 169, 'beta_1': 0.7372519070034182, 'beta_2': 0.9847194900097185, 'epsilon': 4.687885622642222e-08, 'hidden_layer_sizes': 79, 'learning_rate_init': 0.040129559819240886, 'tol': 0.0025654627833265504, 'validation_fraction': 0.1380672743894904}
observation time 0.000063, current best -0.941667 at iter 0
suggestion time taken 0.002113 iter 1 next_points [{'alpha': 0.0010685268877366524, 'batch_size': 128, 'beta_1': 0.6415907878628547, 'beta_2': 0.9051992240830659, 'epsilon': 1.2285238534510574e-08, 'hidden_layer_sizes': 118, 'learning_rate_init': 0.009895872247480024, 'tol': 3.4774464103333404e-05, 'validation_fraction': 0.39519903752361196}]
/home/ryedida/.local/lib/python3.9/site-packages/sklearn/neural_network/_multilayer_perceptron.py:605: UserWarning: Got `batch_size` less than 1 or larger than sample size. It is going to be clipped
  warnings.warn(

function_evaluation time 0.078652 value -0.916667 suggestion {'alpha': 0.0010685268877366524, 'batch_size': 128, 'beta_1': 0.6415907878628547, 'beta_2': 0.9051992240830659, 'epsilon': 1.2285238534510574e-08, 'hidden_layer_sizes': 118, 'learning_rate_init': 0.009895872247480024, 'tol': 3.4774464103333404e-05, 'validation_fraction': 0.39519903752361196}
observation time 0.000061, current best -0.941667 at iter 1
suggestion time taken 0.002104 iter 2 next_points [{'alpha': 0.11807145480049361, 'batch_size': 234, 'beta_1': 0.8653032519026463, 'beta_2': 0.9494184397633904, 'epsilon': 7.806835453205923e-09, 'hidden_layer_sizes': 78, 'learning_rate_init': 0.02685869980899724, 'tol': 0.01745039493993812, 'validation_fraction': 0.6858391499447958}]
/home/ryedida/.local/lib/python3.9/site-packages/sklearn/neural_network/_multilayer_perceptron.py:605: UserWarning: Got `batch_size` less than 1 or larger than sample size. It is going to be clipped
  warnings.warn(

function_evaluation time 0.070988 value -0.975000 suggestion {'alpha': 0.11807145480049361, 'batch_size': 234, 'beta_1': 0.8653032519026463, 'beta_2': 0.9494184397633904, 'epsilon': 7.806835453205923e-09, 'hidden_layer_sizes': 78, 'learning_rate_init': 0.02685869980899724, 'tol': 0.01745039493993812, 'validation_fraction': 0.6858391499447958}
observation time 0.000062, current best -0.975000 at iter 2
suggestion time taken 0.002114 iter 3 next_points [{'alpha': 8.94991189980251, 'batch_size': 243, 'beta_1': 0.9169088666618889, 'beta_2': 0.9176075771502422, 'epsilon': 9.482286733369094e-08, 'hidden_layer_sizes': 76, 'learning_rate_init': 0.0004899446519055085, 'tol': 0.011384924632527526, 'validation_fraction': 0.46091236284923537}]
/home/ryedida/.local/lib/python3.9/site-packages/sklearn/neural_network/_multilayer_perceptron.py:605: UserWarning: Got `batch_size` less than 1 or larger than sample size. It is going to be clipped
  warnings.warn(

function_evaluation time 0.047611 value -0.308333 suggestion {'alpha': 8.94991189980251, 'batch_size': 243, 'beta_1': 0.9169088666618889, 'beta_2': 0.9176075771502422, 'epsilon': 9.482286733369094e-08, 'hidden_layer_sizes': 76, 'learning_rate_init': 0.0004899446519055085, 'tol': 0.011384924632527526, 'validation_fraction': 0.46091236284923537}
observation time 0.000060, current best -0.975000 at iter 3
suggestion time taken 0.002106 iter 4 next_points [{'alpha': 0.00014280096110032368, 'batch_size': 121, 'beta_1': 0.5891627629428696, 'beta_2': 0.9609869616653669, 'epsilon': 3.46145134454273e-09, 'hidden_layer_sizes': 197, 'learning_rate_init': 6.160534842538347e-05, 'tol': 0.007648892257379314, 'validation_fraction': 0.6436016135364878}]
/home/ryedida/.local/lib/python3.9/site-packages/sklearn/neural_network/_multilayer_perceptron.py:605: UserWarning: Got `batch_size` less than 1 or larger than sample size. It is going to be clipped
  warnings.warn(

function_evaluation time 0.048639 value -0.325000 suggestion {'alpha': 0.00014280096110032368, 'batch_size': 121, 'beta_1': 0.5891627629428696, 'beta_2': 0.9609869616653669, 'epsilon': 3.46145134454273e-09, 'hidden_layer_sizes': 197, 'learning_rate_init': 6.160534842538347e-05, 'tol': 0.007648892257379314, 'validation_fraction': 0.6436016135364878}
observation time 0.000069, current best -0.975000 at iter 4
suggestion time taken 0.002191 iter 5 next_points [{'alpha': 0.8857017441602415, 'batch_size': 225, 'beta_1': 0.8351887299885322, 'beta_2': 0.99588769935449, 'epsilon': 8.555243202749028e-09, 'hidden_layer_sizes': 66, 'learning_rate_init': 3.409577621691821e-05, 'tol': 0.0029511006636921393, 'validation_fraction': 0.34871871434297697}]
/home/ryedida/.local/lib/python3.9/site-packages/sklearn/neural_network/_multilayer_perceptron.py:605: UserWarning: Got `batch_size` less than 1 or larger than sample size. It is going to be clipped
  warnings.warn(

function_evaluation time 0.042090 value -0.425000 suggestion {'alpha': 0.8857017441602415, 'batch_size': 225, 'beta_1': 0.8351887299885322, 'beta_2': 0.99588769935449, 'epsilon': 8.555243202749028e-09, 'hidden_layer_sizes': 66, 'learning_rate_init': 3.409577621691821e-05, 'tol': 0.0029511006636921393, 'validation_fraction': 0.34871871434297697}
observation time 0.000068, current best -0.975000 at iter 5
suggestion time taken 0.002127 iter 6 next_points [{'alpha': 6.388502832812608, 'batch_size': 237, 'beta_1': 0.511307337932369, 'beta_2': 0.9474680344364371, 'epsilon': 2.0420173404520989e-07, 'hidden_layer_sizes': 181, 'learning_rate_init': 0.03409849215621137, 'tol': 1.1130820253551462e-05, 'validation_fraction': 0.15471536909329725}]
/home/ryedida/.local/lib/python3.9/site-packages/sklearn/neural_network/_multilayer_perceptron.py:605: UserWarning: Got `batch_size` less than 1 or larger than sample size. It is going to be clipped
  warnings.warn(

function_evaluation time 0.075059 value -0.883333 suggestion {'alpha': 6.388502832812608, 'batch_size': 237, 'beta_1': 0.511307337932369, 'beta_2': 0.9474680344364371, 'epsilon': 2.0420173404520989e-07, 'hidden_layer_sizes': 181, 'learning_rate_init': 0.03409849215621137, 'tol': 1.1130820253551462e-05, 'validation_fraction': 0.15471536909329725}
observation time 0.000067, current best -0.975000 at iter 6
suggestion time taken 0.002156 iter 7 next_points [{'alpha': 1.7122421469965756, 'batch_size': 189, 'beta_1': 0.6457421825947487, 'beta_2': 0.9886301492475, 'epsilon': 6.193765364348486e-08, 'hidden_layer_sizes': 67, 'learning_rate_init': 0.025375626174567876, 'tol': 2.2320186595576128e-05, 'validation_fraction': 0.6642282644718767}]
/home/ryedida/.local/lib/python3.9/site-packages/sklearn/neural_network/_multilayer_perceptron.py:605: UserWarning: Got `batch_size` less than 1 or larger than sample size. It is going to be clipped
  warnings.warn(

function_evaluation time 0.075578 value -0.950000 suggestion {'alpha': 1.7122421469965756, 'batch_size': 189, 'beta_1': 0.6457421825947487, 'beta_2': 0.9886301492475, 'epsilon': 6.193765364348486e-08, 'hidden_layer_sizes': 67, 'learning_rate_init': 0.025375626174567876, 'tol': 2.2320186595576128e-05, 'validation_fraction': 0.6642282644718767}
observation time 0.000068, current best -0.975000 at iter 7
suggestion time taken 0.002152 iter 8 next_points [{'alpha': 0.0003821678432537636, 'batch_size': 11, 'beta_1': 0.6312075118492632, 'beta_2': 0.9921363508844243, 'epsilon': 3.206139694516897e-08, 'hidden_layer_sizes': 61, 'learning_rate_init': 0.00017268364798192585, 'tol': 3.233858758051657e-05, 'validation_fraction': 0.8022471357597016}]
function_evaluation time 0.050683 value -0.408333 suggestion {'alpha': 0.0003821678432537636, 'batch_size': 11, 'beta_1': 0.6312075118492632, 'beta_2': 0.9921363508844243, 'epsilon': 3.206139694516897e-08, 'hidden_layer_sizes': 61, 'learning_rate_init': 0.00017268364798192585, 'tol': 3.233858758051657e-05, 'validation_fraction': 0.8022471357597016}
observation time 0.000069, current best -0.975000 at iter 8
suggestion time taken 0.002129 iter 9 next_points [{'alpha': 5.039459549396122e-05, 'batch_size': 71, 'beta_1': 0.5574450148483722, 'beta_2': 0.921844259374723, 'epsilon': 4.826020989633284e-07, 'hidden_layer_sizes': 108, 'learning_rate_init': 0.001273766189893992, 'tol': 0.09149095855264382, 'validation_fraction': 0.32337805656685004}]
function_evaluation time 0.049497 value -0.483333 suggestion {'alpha': 5.039459549396122e-05, 'batch_size': 71, 'beta_1': 0.5574450148483722, 'beta_2': 0.921844259374723, 'epsilon': 4.826020989633284e-07, 'hidden_layer_sizes': 108, 'learning_rate_init': 0.001273766189893992, 'tol': 0.09149095855264382, 'validation_fraction': 0.32337805656685004}
observation time 0.000070, current best -0.975000 at iter 9
suggestion time taken 0.002391 iter 10 next_points [{'alpha': 0.0033839938996198977, 'batch_size': 249, 'beta_1': 0.7878379522760575, 'beta_2': 0.9148177335216217, 'epsilon': 5.6714144747578673e-08, 'hidden_layer_sizes': 88, 'learning_rate_init': 8.588563865971961e-05, 'tol': 0.021630429021531863, 'validation_fraction': 0.40004577220513704}]
/home/ryedida/.local/lib/python3.9/site-packages/sklearn/neural_network/_multilayer_perceptron.py:605: UserWarning: Got `batch_size` less than 1 or larger than sample size. It is going to be clipped
  warnings.warn(

function_evaluation time 0.040756 value -0.258333 suggestion {'alpha': 0.0033839938996198977, 'batch_size': 249, 'beta_1': 0.7878379522760575, 'beta_2': 0.9148177335216217, 'epsilon': 5.6714144747578673e-08, 'hidden_layer_sizes': 88, 'learning_rate_init': 8.588563865971961e-05, 'tol': 0.021630429021531863, 'validation_fraction': 0.40004577220513704}
observation time 0.000067, current best -0.975000 at iter 10
suggestion time taken 0.002093 iter 11 next_points [{'alpha': 6.722477164551219, 'batch_size': 117, 'beta_1': 0.7990226448006963, 'beta_2': 0.9856448443205098, 'epsilon': 6.081188568322462e-09, 'hidden_layer_sizes': 195, 'learning_rate_init': 0.026857283712266238, 'tol': 0.05563173393135695, 'validation_fraction': 0.12210961647765758}]
/home/ryedida/.local/lib/python3.9/site-packages/sklearn/neural_network/_multilayer_perceptron.py:605: UserWarning: Got `batch_size` less than 1 or larger than sample size. It is going to be clipped
  warnings.warn(

function_evaluation time 0.079090 value -0.950000 suggestion {'alpha': 6.722477164551219, 'batch_size': 117, 'beta_1': 0.7990226448006963, 'beta_2': 0.9856448443205098, 'epsilon': 6.081188568322462e-09, 'hidden_layer_sizes': 195, 'learning_rate_init': 0.026857283712266238, 'tol': 0.05563173393135695, 'validation_fraction': 0.12210961647765758}
observation time 0.000072, current best -0.975000 at iter 11
suggestion time taken 0.002177 iter 12 next_points [{'alpha': 0.06314366506009501, 'batch_size': 233, 'beta_1': 0.6520495404720154, 'beta_2': 0.9974220665606371, 'epsilon': 6.841014391016814e-07, 'hidden_layer_sizes': 141, 'learning_rate_init': 0.003954036521261317, 'tol': 0.007890108959518895, 'validation_fraction': 0.1492153226990838}]
/home/ryedida/.local/lib/python3.9/site-packages/sklearn/neural_network/_multilayer_perceptron.py:605: UserWarning: Got `batch_size` less than 1 or larger than sample size. It is going to be clipped
  warnings.warn(

function_evaluation time 0.060353 value -0.850000 suggestion {'alpha': 0.06314366506009501, 'batch_size': 233, 'beta_1': 0.6520495404720154, 'beta_2': 0.9974220665606371, 'epsilon': 6.841014391016814e-07, 'hidden_layer_sizes': 141, 'learning_rate_init': 0.003954036521261317, 'tol': 0.007890108959518895, 'validation_fraction': 0.1492153226990838}
observation time 0.000075, current best -0.975000 at iter 12
suggestion time taken 0.002179 iter 13 next_points [{'alpha': 3.1467587137698794, 'batch_size': 156, 'beta_1': 0.6430557788751203, 'beta_2': 0.9717540041082183, 'epsilon': 8.686888303303493e-07, 'hidden_layer_sizes': 114, 'learning_rate_init': 0.029757836201592835, 'tol': 0.009796018519655501, 'validation_fraction': 0.20663215920425534}]
/home/ryedida/.local/lib/python3.9/site-packages/sklearn/neural_network/_multilayer_perceptron.py:605: UserWarning: Got `batch_size` less than 1 or larger than sample size. It is going to be clipped
  warnings.warn(

function_evaluation time 0.067629 value -0.933333 suggestion {'alpha': 3.1467587137698794, 'batch_size': 156, 'beta_1': 0.6430557788751203, 'beta_2': 0.9717540041082183, 'epsilon': 8.686888303303493e-07, 'hidden_layer_sizes': 114, 'learning_rate_init': 0.029757836201592835, 'tol': 0.009796018519655501, 'validation_fraction': 0.20663215920425534}
observation time 0.000075, current best -0.975000 at iter 13
suggestion time taken 0.002419 iter 14 next_points [{'alpha': 1.1447650093666439e-05, 'batch_size': 203, 'beta_1': 0.9138499499553846, 'beta_2': 0.9771024372073492, 'epsilon': 2.057192887163543e-09, 'hidden_layer_sizes': 166, 'learning_rate_init': 9.96878699945488e-05, 'tol': 0.0963674755275541, 'validation_fraction': 0.1785905359412219}]
/home/ryedida/.local/lib/python3.9/site-packages/sklearn/neural_network/_multilayer_perceptron.py:605: UserWarning: Got `batch_size` less than 1 or larger than sample size. It is going to be clipped
  warnings.warn(

function_evaluation time 0.045161 value -0.366667 suggestion {'alpha': 1.1447650093666439e-05, 'batch_size': 203, 'beta_1': 0.9138499499553846, 'beta_2': 0.9771024372073492, 'epsilon': 2.057192887163543e-09, 'hidden_layer_sizes': 166, 'learning_rate_init': 9.96878699945488e-05, 'tol': 0.0963674755275541, 'validation_fraction': 0.1785905359412219}
observation time 0.000062, current best -0.975000 at iter 14
saving meta data: {'args': {'--uuid': 'e353b26b09465af3b5ffc478e33ce14c', '-db-root': '/home/ryedida/bbo_challenge_starter_kit/output', '--opt-root': '/home/ryedida/bbo_challenge_starter_kit/example_submissions', '--data-root': None, '--db': 'run_20230407_191947', '--opt': 'hyperopt', '--data': 'iris', '--classifier': 'MLP-adam', '--metric': 'acc', '--calls': 15, '--suggestions': 1, '--jobs-file': None, '--verbose': False, 'dry_run': False, 'rev': 'a376313', 'opt_rev': '0.2.7'}, 'signature': ([{'alpha': 0.019628224813442792, 'batch_size': 182, 'beta_1': 0.9410202200271762, 'beta_2': 0.9998021557676793, 'epsilon': 1.8662266976518e-08, 'hidden_layer_sizes': 147, 'learning_rate_init': 0.0005627932047415167, 'tol': 0.03690557729213761, 'validation_fraction': 0.8846827852548593}, {'alpha': 0.0019982467392329444, 'batch_size': 200, 'beta_1': 0.919111482530466, 'beta_2': 0.9998488260436156, 'epsilon': 5.981221901152555e-07, 'hidden_layer_sizes': 61, 'learning_rate_init': 2.2310905607443014e-05, 'tol': 1.2046852412030316e-05, 'validation_fraction': 0.8117896445826539}, {'alpha': 0.46659545670218433, 'batch_size': 219, 'beta_1': 0.9889789783750891, 'beta_2': 0.9999896868093284, 'epsilon': 2.4234724484675948e-08, 'hidden_layer_sizes': 167, 'learning_rate_init': 2.972334644335654e-05, 'tol': 0.0036281404040243792, 'validation_fraction': 0.17260651658522078}, {'alpha': 4.656005689076002, 'batch_size': 135, 'beta_1': 0.870503881627747, 'beta_2': 0.9948873266941017, 'epsilon': 2.1023308743480125e-07, 'hidden_layer_sizes': 118, 'learning_rate_init': 0.0018781738757161913, 'tol': 1.1889379831773004e-05, 'validation_fraction': 0.6264327093752792}, {'alpha': 0.04705159350400542, 'batch_size': 158, 'beta_1': 0.9870884262730957, 'beta_2': 0.9999596874382349, 'epsilon': 1.1981845126013875e-08, 'hidden_layer_sizes': 116, 'learning_rate_init': 0.00617340520407431, 'tol': 1.741413418158619e-05, 'validation_fraction': 0.6754299026638921}], [-0.41666666666666663, -0.275, -0.3416666666666667, -0.725, -0.875])}
saving results
saving timing
saving suggest log
done
