running: {'--uuid': '329c1ed2eaec5710897b0bfd29df0b23', '-db-root': '/Users/ryedida/Desktop/menzies/thesis/smoothness-hpo/smoothness-hpo/bbo_challenge_starter_kit/output', '--opt-root': '/Users/ryedida/Desktop/menzies/thesis/smoothness-hpo/smoothness-hpo/bbo_challenge_starter_kit/example_submissions', '--data-root': None, '--db': 'run_20230816_225923', '--opt': 'opentuner', '--data': 'iris', '--classifier': 'MLP-adam', '--metric': 'acc', '--calls': 45, '--suggestions': 1, '--jobs-file': None, '--verbose': False, 'dry_run': False, 'rev': 'a376313', 'opt_rev': '0.8.8'}
cmd: python opentuner/optimizer.py -c MLP-adam -d iris -o opentuner -u 329c1ed2eaec5710897b0bfd29df0b23 -m acc -n 45 -p 1 -dir /Users/ryedida/Desktop/menzies/thesis/smoothness-hpo/smoothness-hpo/bbo_challenge_starter_kit/output -b run_20230816_225923
/Users/ryedida/miniforge3/lib/python3.9/site-packages/sklearn/neural_network/_multilayer_perceptron.py:605: UserWarning: Got `batch_size` less than 1 or larger than sample size. It is going to be clipped
  warnings.warn(

/Users/ryedida/miniforge3/lib/python3.9/site-packages/sklearn/neural_network/_multilayer_perceptron.py:605: UserWarning: Got `batch_size` less than 1 or larger than sample size. It is going to be clipped
  warnings.warn(

/Users/ryedida/miniforge3/lib/python3.9/site-packages/sklearn/neural_network/_multilayer_perceptron.py:605: UserWarning: Got `batch_size` less than 1 or larger than sample size. It is going to be clipped
  warnings.warn(

/Users/ryedida/miniforge3/lib/python3.9/site-packages/sklearn/neural_network/_multilayer_perceptron.py:605: UserWarning: Got `batch_size` less than 1 or larger than sample size. It is going to be clipped
  warnings.warn(

/Users/ryedida/miniforge3/lib/python3.9/site-packages/sklearn/neural_network/_multilayer_perceptron.py:605: UserWarning: Got `batch_size` less than 1 or larger than sample size. It is going to be clipped
  warnings.warn(

computed signature: ([{'alpha': 0.019628224813442792, 'batch_size': 182, 'beta_1': 0.9410202200271762, 'beta_2': 0.9998021557676793, 'epsilon': 1.8662266976518e-08, 'hidden_layer_sizes': 147, 'learning_rate_init': 0.0005627932047415167, 'tol': 0.03690557729213761, 'validation_fraction': 0.8846827852548593}, {'alpha': 0.001998246739232944, 'batch_size': 200, 'beta_1': 0.919111482530466, 'beta_2': 0.9998488260436156, 'epsilon': 5.981221901152555e-07, 'hidden_layer_sizes': 61, 'learning_rate_init': 2.2310905607443014e-05, 'tol': 1.2046852412030316e-05, 'validation_fraction': 0.8117896445826539}, {'alpha': 0.46659545670218433, 'batch_size': 219, 'beta_1': 0.9889789783750891, 'beta_2': 0.9999896868093284, 'epsilon': 2.4234724484675948e-08, 'hidden_layer_sizes': 167, 'learning_rate_init': 2.972334644335654e-05, 'tol': 0.0036281404040243792, 'validation_fraction': 0.17260651658522078}, {'alpha': 4.656005689076002, 'batch_size': 135, 'beta_1': 0.870503881627747, 'beta_2': 0.9948873266941017, 'epsilon': 2.1023308743480125e-07, 'hidden_layer_sizes': 118, 'learning_rate_init': 0.001878173875716191, 'tol': 1.1889379831773006e-05, 'validation_fraction': 0.6264327093752792}, {'alpha': 0.04705159350400542, 'batch_size': 158, 'beta_1': 0.9870884262730957, 'beta_2': 0.9999596874382349, 'epsilon': 1.1981845126013875e-08, 'hidden_layer_sizes': 116, 'learning_rate_init': 0.006173405204074311, 'tol': 1.7414134181586194e-05, 'validation_fraction': 0.6754299026638921}], [-0.41666666666666663, -0.275, -0.3416666666666667, -0.725, -0.875])
/Users/ryedida/miniforge3/lib/python3.9/site-packages/bayesmark/experiment.py:469: UserWarning: Baselines not found. Will not log intermediate scores.
  warnings.warn("Baselines not found. Will not log intermediate scores.")

starting sklearn study opentuner MLP-adam iris acc 45 1
with data root: None
suggestion time taken 0.008775 iter 0 next_points [{'hidden_layer_sizes': 143, 'alpha': 0.12085956828470772, 'batch_size': 107, 'learning_rate_init': 0.07696617011655042, 'tol': 0.03160268987801856, 'validation_fraction': 0.6485144932464589, 'beta_1': 0.9452795296877778, 'beta_2': 0.90076172971952, 'epsilon': 7.818554534083356e-07}]
/Users/ryedida/miniforge3/lib/python3.9/site-packages/sklearn/neural_network/_multilayer_perceptron.py:605: UserWarning: Got `batch_size` less than 1 or larger than sample size. It is going to be clipped
  warnings.warn(

function_evaluation time 0.043119 value -0.916667 suggestion {'hidden_layer_sizes': 143, 'alpha': 0.12085956828470772, 'batch_size': 107, 'learning_rate_init': 0.07696617011655042, 'tol': 0.03160268987801856, 'validation_fraction': 0.6485144932464589, 'beta_1': 0.9452795296877778, 'beta_2': 0.90076172971952, 'epsilon': 7.818554534083356e-07}
observation time 0.002136, current best -0.916667 at iter 0
suggestion time taken 0.003589 iter 1 next_points [{'hidden_layer_sizes': 143, 'alpha': 0.12085956828470772, 'batch_size': 48, 'learning_rate_init': 0.07696617011655042, 'tol': 0.03160268987801856, 'validation_fraction': 0.6485144932464589, 'beta_1': 0.9452795296877778, 'beta_2': 0.90076172971952, 'epsilon': 7.818554534083356e-07}]
/Users/ryedida/miniforge3/lib/python3.9/site-packages/sklearn/neural_network/_multilayer_perceptron.py:605: UserWarning: Got `batch_size` less than 1 or larger than sample size. It is going to be clipped
  warnings.warn(

function_evaluation time 0.038054 value -0.850000 suggestion {'hidden_layer_sizes': 143, 'alpha': 0.12085956828470772, 'batch_size': 48, 'learning_rate_init': 0.07696617011655042, 'tol': 0.03160268987801856, 'validation_fraction': 0.6485144932464589, 'beta_1': 0.9452795296877778, 'beta_2': 0.90076172971952, 'epsilon': 7.818554534083356e-07}
observation time 0.000951, current best -0.916667 at iter 1
suggestion time taken 0.022044 iter 2 next_points [{'batch_size': 204, 'learning_rate_init': 0.0502783834082327, 'tol': 0.025552620584435793, 'validation_fraction': 0.5415166581819123, 'beta_2': 0.9155080503574875, 'beta_1': 0.6520936427563543, 'alpha': 9.808020009722426, 'hidden_layer_sizes': 144, 'epsilon': 1.4043465182464365e-07}]
/Users/ryedida/miniforge3/lib/python3.9/site-packages/sklearn/neural_network/_multilayer_perceptron.py:605: UserWarning: Got `batch_size` less than 1 or larger than sample size. It is going to be clipped
  warnings.warn(

function_evaluation time 0.038651 value -0.850000 suggestion {'batch_size': 204, 'learning_rate_init': 0.0502783834082327, 'tol': 0.025552620584435793, 'validation_fraction': 0.5415166581819123, 'beta_2': 0.9155080503574875, 'beta_1': 0.6520936427563543, 'alpha': 9.808020009722426, 'hidden_layer_sizes': 144, 'epsilon': 1.4043465182464365e-07}
observation time 0.000844, current best -0.916667 at iter 2
suggestion time taken 0.011790 iter 3 next_points [{'batch_size': 129, 'learning_rate_init': 0.07757690371239649, 'tol': 0.08510214198272108, 'validation_fraction': 0.8416586300950332, 'beta_2': 0.975915920553674, 'beta_1': 0.8869863707946866, 'alpha': 5.991512451554681, 'hidden_layer_sizes': 111, 'epsilon': 2.8195754722734514e-07}]
/Users/ryedida/miniforge3/lib/python3.9/site-packages/sklearn/neural_network/_multilayer_perceptron.py:605: UserWarning: Got `batch_size` less than 1 or larger than sample size. It is going to be clipped
  warnings.warn(

function_evaluation time 0.031506 value -0.725000 suggestion {'batch_size': 129, 'learning_rate_init': 0.07757690371239649, 'tol': 0.08510214198272108, 'validation_fraction': 0.8416586300950332, 'beta_2': 0.975915920553674, 'beta_1': 0.8869863707946866, 'alpha': 5.991512451554681, 'hidden_layer_sizes': 111, 'epsilon': 2.8195754722734514e-07}
observation time 0.000882, current best -0.916667 at iter 3
suggestion time taken 0.003463 iter 4 next_points [{'hidden_layer_sizes': 138, 'alpha': 0.12085956828470772, 'batch_size': 107, 'learning_rate_init': 0.07696617011655042, 'tol': 0.03160268987801856, 'validation_fraction': 0.6485144932464589, 'beta_1': 0.9452795296877778, 'beta_2': 0.90076172971952, 'epsilon': 8.571649602611965e-07}]
/Users/ryedida/miniforge3/lib/python3.9/site-packages/sklearn/neural_network/_multilayer_perceptron.py:605: UserWarning: Got `batch_size` less than 1 or larger than sample size. It is going to be clipped
  warnings.warn(

function_evaluation time 0.040823 value -0.908333 suggestion {'hidden_layer_sizes': 138, 'alpha': 0.12085956828470772, 'batch_size': 107, 'learning_rate_init': 0.07696617011655042, 'tol': 0.03160268987801856, 'validation_fraction': 0.6485144932464589, 'beta_1': 0.9452795296877778, 'beta_2': 0.90076172971952, 'epsilon': 8.571649602611965e-07}
observation time 0.000827, current best -0.916667 at iter 4
suggestion time taken 0.003364 iter 5 next_points [{'hidden_layer_sizes': 143, 'alpha': 0.12085956828470772, 'batch_size': 74, 'learning_rate_init': 0.07696617011655042, 'tol': 0.03160268987801856, 'validation_fraction': 0.6485144932464589, 'beta_1': 0.976785981358961, 'beta_2': 0.90076172971952, 'epsilon': 7.818554534083356e-07}]
/Users/ryedida/miniforge3/lib/python3.9/site-packages/sklearn/neural_network/_multilayer_perceptron.py:605: UserWarning: Got `batch_size` less than 1 or larger than sample size. It is going to be clipped
  warnings.warn(

function_evaluation time 0.041497 value -0.891667 suggestion {'hidden_layer_sizes': 143, 'alpha': 0.12085956828470772, 'batch_size': 74, 'learning_rate_init': 0.07696617011655042, 'tol': 0.03160268987801856, 'validation_fraction': 0.6485144932464589, 'beta_1': 0.976785981358961, 'beta_2': 0.90076172971952, 'epsilon': 7.818554534083356e-07}
observation time 0.000908, current best -0.916667 at iter 5
suggestion time taken 0.003560 iter 6 next_points [{'hidden_layer_sizes': 188, 'alpha': 0.17557176489419807, 'batch_size': 107, 'learning_rate_init': 0.07696617011655042, 'tol': 0.008779046256964063, 'validation_fraction': 0.6485144932464589, 'beta_1': 0.9845591041925528, 'beta_2': 0.90076172971952, 'epsilon': 7.818554534083356e-07}]
/Users/ryedida/miniforge3/lib/python3.9/site-packages/sklearn/neural_network/_multilayer_perceptron.py:605: UserWarning: Got `batch_size` less than 1 or larger than sample size. It is going to be clipped
  warnings.warn(

function_evaluation time 0.044984 value -0.866667 suggestion {'hidden_layer_sizes': 188, 'alpha': 0.17557176489419807, 'batch_size': 107, 'learning_rate_init': 0.07696617011655042, 'tol': 0.008779046256964063, 'validation_fraction': 0.6485144932464589, 'beta_1': 0.9845591041925528, 'beta_2': 0.90076172971952, 'epsilon': 7.818554534083356e-07}
observation time 0.000834, current best -0.916667 at iter 6
suggestion time taken 0.003531 iter 7 next_points [{'hidden_layer_sizes': 143, 'alpha': 0.12085956828470772, 'batch_size': 107, 'learning_rate_init': 0.07730765691661794, 'tol': 0.03160268987801856, 'validation_fraction': 0.7729257135835744, 'beta_1': 0.9452795296877778, 'beta_2': 0.908011552090234, 'epsilon': 7.818554534083356e-07}]
/Users/ryedida/miniforge3/lib/python3.9/site-packages/sklearn/neural_network/_multilayer_perceptron.py:605: UserWarning: Got `batch_size` less than 1 or larger than sample size. It is going to be clipped
  warnings.warn(

function_evaluation time 0.038575 value -0.883333 suggestion {'hidden_layer_sizes': 143, 'alpha': 0.12085956828470772, 'batch_size': 107, 'learning_rate_init': 0.07730765691661794, 'tol': 0.03160268987801856, 'validation_fraction': 0.7729257135835744, 'beta_1': 0.9452795296877778, 'beta_2': 0.908011552090234, 'epsilon': 7.818554534083356e-07}
observation time 0.000825, current best -0.916667 at iter 7
suggestion time taken 0.002981 iter 8 next_points [{'batch_size': 170, 'learning_rate_init': 0.048561251784217045, 'tol': 0.09751198746801808, 'validation_fraction': 0.753970536880816, 'beta_2': 0.9363232334302121, 'beta_1': 0.83928015248806, 'alpha': 1.4838029629918847, 'hidden_layer_sizes': 170, 'epsilon': 5.45669405355691e-07}]
/Users/ryedida/miniforge3/lib/python3.9/site-packages/sklearn/neural_network/_multilayer_perceptron.py:605: UserWarning: Got `batch_size` less than 1 or larger than sample size. It is going to be clipped
  warnings.warn(

function_evaluation time 0.034251 value -0.866667 suggestion {'batch_size': 170, 'learning_rate_init': 0.048561251784217045, 'tol': 0.09751198746801808, 'validation_fraction': 0.753970536880816, 'beta_2': 0.9363232334302121, 'beta_1': 0.83928015248806, 'alpha': 1.4838029629918847, 'hidden_layer_sizes': 170, 'epsilon': 5.45669405355691e-07}
observation time 0.001098, current best -0.916667 at iter 8
suggestion time taken 0.003976 iter 9 next_points [{'hidden_layer_sizes': 143, 'alpha': 0.12085956828470772, 'batch_size': 71, 'learning_rate_init': 0.07696617011655042, 'tol': 0.03160268987801856, 'validation_fraction': 0.6485144932464589, 'beta_1': 0.6339301751861519, 'beta_2': 0.90076172971952, 'epsilon': 7.818554534083356e-07}]
/Users/ryedida/miniforge3/lib/python3.9/site-packages/sklearn/neural_network/_multilayer_perceptron.py:605: UserWarning: Got `batch_size` less than 1 or larger than sample size. It is going to be clipped
  warnings.warn(

function_evaluation time 0.042818 value -0.941667 suggestion {'hidden_layer_sizes': 143, 'alpha': 0.12085956828470772, 'batch_size': 71, 'learning_rate_init': 0.07696617011655042, 'tol': 0.03160268987801856, 'validation_fraction': 0.6485144932464589, 'beta_1': 0.6339301751861519, 'beta_2': 0.90076172971952, 'epsilon': 7.818554534083356e-07}
observation time 0.001136, current best -0.941667 at iter 9
suggestion time taken 0.004422 iter 10 next_points [{'hidden_layer_sizes': 143, 'alpha': 0.12085956828470772, 'batch_size': 71, 'learning_rate_init': 0.07696617011655042, 'tol': 0.03160268987801856, 'validation_fraction': 0.13637953687216067, 'beta_1': 0.6339301751861519, 'beta_2': 0.90076172971952, 'epsilon': 7.818554534083356e-07}]
function_evaluation time 0.051539 value -0.941667 suggestion {'hidden_layer_sizes': 143, 'alpha': 0.12085956828470772, 'batch_size': 71, 'learning_rate_init': 0.07696617011655042, 'tol': 0.03160268987801856, 'validation_fraction': 0.13637953687216067, 'beta_1': 0.6339301751861519, 'beta_2': 0.90076172971952, 'epsilon': 7.818554534083356e-07}
observation time 0.001110, current best -0.941667 at iter 10
suggestion time taken 0.004004 iter 11 next_points [{'hidden_layer_sizes': 143, 'alpha': 0.12085956828470772, 'batch_size': 71, 'learning_rate_init': 0.06105412734751841, 'tol': 0.03160268987801856, 'validation_fraction': 0.30270414064522655, 'beta_1': 0.6339301751861519, 'beta_2': 0.90076172971952, 'epsilon': 7.818554534083356e-07}]
function_evaluation time 0.047317 value -0.933333 suggestion {'hidden_layer_sizes': 143, 'alpha': 0.12085956828470772, 'batch_size': 71, 'learning_rate_init': 0.06105412734751841, 'tol': 0.03160268987801856, 'validation_fraction': 0.30270414064522655, 'beta_1': 0.6339301751861519, 'beta_2': 0.90076172971952, 'epsilon': 7.818554534083356e-07}
observation time 0.001033, current best -0.941667 at iter 11
suggestion time taken 0.003686 iter 12 next_points [{'hidden_layer_sizes': 143, 'alpha': 4.743453011302523, 'batch_size': 211, 'learning_rate_init': 0.07696617011655042, 'tol': 0.03160268987801856, 'validation_fraction': 0.6485144932464589, 'beta_1': 0.6339301751861519, 'beta_2': 0.91152744105561, 'epsilon': 7.818554534083356e-07}]
/Users/ryedida/miniforge3/lib/python3.9/site-packages/sklearn/neural_network/_multilayer_perceptron.py:605: UserWarning: Got `batch_size` less than 1 or larger than sample size. It is going to be clipped
  warnings.warn(

function_evaluation time 0.040339 value -0.925000 suggestion {'hidden_layer_sizes': 143, 'alpha': 4.743453011302523, 'batch_size': 211, 'learning_rate_init': 0.07696617011655042, 'tol': 0.03160268987801856, 'validation_fraction': 0.6485144932464589, 'beta_1': 0.6339301751861519, 'beta_2': 0.91152744105561, 'epsilon': 7.818554534083356e-07}
observation time 0.001008, current best -0.941667 at iter 12
suggestion time taken 0.003577 iter 13 next_points [{'hidden_layer_sizes': 143, 'alpha': 0.12085956828470772, 'batch_size': 130, 'learning_rate_init': 0.07696617011655042, 'tol': 0.03160268987801856, 'validation_fraction': 0.6485144932464589, 'beta_1': 0.6339301751861519, 'beta_2': 0.90076172971952, 'epsilon': 7.818554534083356e-07}]
/Users/ryedida/miniforge3/lib/python3.9/site-packages/sklearn/neural_network/_multilayer_perceptron.py:605: UserWarning: Got `batch_size` less than 1 or larger than sample size. It is going to be clipped
  warnings.warn(

function_evaluation time 0.041446 value -0.966667 suggestion {'hidden_layer_sizes': 143, 'alpha': 0.12085956828470772, 'batch_size': 130, 'learning_rate_init': 0.07696617011655042, 'tol': 0.03160268987801856, 'validation_fraction': 0.6485144932464589, 'beta_1': 0.6339301751861519, 'beta_2': 0.90076172971952, 'epsilon': 7.818554534083356e-07}
observation time 0.000851, current best -0.966667 at iter 13
suggestion time taken 0.003475 iter 14 next_points [{'hidden_layer_sizes': 138, 'alpha': 0.12085956828470772, 'batch_size': 130, 'learning_rate_init': 0.07696617011655042, 'tol': 0.001403628442934558, 'validation_fraction': 0.6485144932464589, 'beta_1': 0.6339301751861519, 'beta_2': 0.90076172971952, 'epsilon': 5.690006911479296e-07}]
/Users/ryedida/miniforge3/lib/python3.9/site-packages/sklearn/neural_network/_multilayer_perceptron.py:605: UserWarning: Got `batch_size` less than 1 or larger than sample size. It is going to be clipped
  warnings.warn(

function_evaluation time 0.049005 value -0.925000 suggestion {'hidden_layer_sizes': 138, 'alpha': 0.12085956828470772, 'batch_size': 130, 'learning_rate_init': 0.07696617011655042, 'tol': 0.001403628442934558, 'validation_fraction': 0.6485144932464589, 'beta_1': 0.6339301751861519, 'beta_2': 0.90076172971952, 'epsilon': 5.690006911479296e-07}
observation time 0.000922, current best -0.966667 at iter 14
suggestion time taken 0.003711 iter 15 next_points [{'hidden_layer_sizes': 143, 'alpha': 0.12085956828470772, 'batch_size': 200, 'learning_rate_init': 0.011842414942981595, 'tol': 0.03160268987801856, 'validation_fraction': 0.6485144932464589, 'beta_1': 0.6339301751861519, 'beta_2': 0.90076172971952, 'epsilon': 7.818554534083356e-07}]
/Users/ryedida/miniforge3/lib/python3.9/site-packages/sklearn/neural_network/_multilayer_perceptron.py:605: UserWarning: Got `batch_size` less than 1 or larger than sample size. It is going to be clipped
  warnings.warn(

function_evaluation time 0.037587 value -0.900000 suggestion {'hidden_layer_sizes': 143, 'alpha': 0.12085956828470772, 'batch_size': 200, 'learning_rate_init': 0.011842414942981595, 'tol': 0.03160268987801856, 'validation_fraction': 0.6485144932464589, 'beta_1': 0.6339301751861519, 'beta_2': 0.90076172971952, 'epsilon': 7.818554534083356e-07}
observation time 0.001009, current best -0.966667 at iter 15
suggestion time taken 0.003577 iter 16 next_points [{'hidden_layer_sizes': 132, 'alpha': 0.12085956828470772, 'batch_size': 13, 'learning_rate_init': 0.07696617011655042, 'tol': 0.03160268987801856, 'validation_fraction': 0.6485144932464589, 'beta_1': 0.6339301751861519, 'beta_2': 0.90076172971952, 'epsilon': 7.818554534083356e-07}]
function_evaluation time 0.067997 value -0.958333 suggestion {'hidden_layer_sizes': 132, 'alpha': 0.12085956828470772, 'batch_size': 13, 'learning_rate_init': 0.07696617011655042, 'tol': 0.03160268987801856, 'validation_fraction': 0.6485144932464589, 'beta_1': 0.6339301751861519, 'beta_2': 0.90076172971952, 'epsilon': 7.818554534083356e-07}
observation time 0.001053, current best -0.966667 at iter 16
suggestion time taken 0.003885 iter 17 next_points [{'hidden_layer_sizes': 143, 'alpha': 0.12085956828470772, 'batch_size': 130, 'learning_rate_init': 0.07696617011655042, 'tol': 0.038257904556514725, 'validation_fraction': 0.6485144932464589, 'beta_1': 0.680186930058261, 'beta_2': 0.90076172971952, 'epsilon': 7.818554534083356e-07}]
/Users/ryedida/miniforge3/lib/python3.9/site-packages/sklearn/neural_network/_multilayer_perceptron.py:605: UserWarning: Got `batch_size` less than 1 or larger than sample size. It is going to be clipped
  warnings.warn(

function_evaluation time 0.040810 value -0.950000 suggestion {'hidden_layer_sizes': 143, 'alpha': 0.12085956828470772, 'batch_size': 130, 'learning_rate_init': 0.07696617011655042, 'tol': 0.038257904556514725, 'validation_fraction': 0.6485144932464589, 'beta_1': 0.680186930058261, 'beta_2': 0.90076172971952, 'epsilon': 7.818554534083356e-07}
observation time 0.001037, current best -0.966667 at iter 17
suggestion time taken 0.003755 iter 18 next_points [{'hidden_layer_sizes': 191, 'alpha': 0.12085956828470772, 'batch_size': 130, 'learning_rate_init': 0.041641861246525184, 'tol': 0.03160268987801856, 'validation_fraction': 0.6485144932464589, 'beta_1': 0.8341704694481846, 'beta_2': 0.90076172971952, 'epsilon': 7.818554534083356e-07}]
/Users/ryedida/miniforge3/lib/python3.9/site-packages/sklearn/neural_network/_multilayer_perceptron.py:605: UserWarning: Got `batch_size` less than 1 or larger than sample size. It is going to be clipped
  warnings.warn(

function_evaluation time 0.041554 value -0.908333 suggestion {'hidden_layer_sizes': 191, 'alpha': 0.12085956828470772, 'batch_size': 130, 'learning_rate_init': 0.041641861246525184, 'tol': 0.03160268987801856, 'validation_fraction': 0.6485144932464589, 'beta_1': 0.8341704694481846, 'beta_2': 0.90076172971952, 'epsilon': 7.818554534083356e-07}
observation time 0.001001, current best -0.966667 at iter 18
suggestion time taken 0.004056 iter 19 next_points [{'hidden_layer_sizes': 143, 'alpha': 3.169568163436772, 'batch_size': 17, 'learning_rate_init': 0.07696617011655042, 'tol': 0.03160268987801856, 'validation_fraction': 0.6485144932464589, 'beta_1': 0.6339301751861519, 'beta_2': 0.90076172971952, 'epsilon': 7.818554534083356e-07}]
function_evaluation time 0.044505 value -0.950000 suggestion {'hidden_layer_sizes': 143, 'alpha': 3.169568163436772, 'batch_size': 17, 'learning_rate_init': 0.07696617011655042, 'tol': 0.03160268987801856, 'validation_fraction': 0.6485144932464589, 'beta_1': 0.6339301751861519, 'beta_2': 0.90076172971952, 'epsilon': 7.818554534083356e-07}
observation time 0.001040, current best -0.966667 at iter 19
suggestion time taken 0.003023 iter 20 next_points [{'batch_size': 35, 'learning_rate_init': 0.06494902988409239, 'tol': 0.050299119822576115, 'validation_fraction': 0.8903922343613724, 'beta_2': 0.9928414466716382, 'beta_1': 0.6862014086507308, 'alpha': 1.0159943412785801, 'hidden_layer_sizes': 164, 'epsilon': 3.138632990456737e-07}]
/Users/ryedida/miniforge3/lib/python3.9/site-packages/sklearn/neural_network/_multilayer_perceptron.py:605: UserWarning: Got `batch_size` less than 1 or larger than sample size. It is going to be clipped
  warnings.warn(

function_evaluation time 0.037834 value -0.883333 suggestion {'batch_size': 35, 'learning_rate_init': 0.06494902988409239, 'tol': 0.050299119822576115, 'validation_fraction': 0.8903922343613724, 'beta_2': 0.9928414466716382, 'beta_1': 0.6862014086507308, 'alpha': 1.0159943412785801, 'hidden_layer_sizes': 164, 'epsilon': 3.138632990456737e-07}
observation time 0.001026, current best -0.966667 at iter 20
suggestion time taken 0.003626 iter 21 next_points [{'hidden_layer_sizes': 143, 'alpha': 5.744757543784033, 'batch_size': 130, 'learning_rate_init': 0.07696617011655042, 'tol': 0.03160268987801856, 'validation_fraction': 0.6485144932464589, 'beta_1': 0.6887291916157574, 'beta_2': 0.90076172971952, 'epsilon': 7.818554534083356e-07}]
/Users/ryedida/miniforge3/lib/python3.9/site-packages/sklearn/neural_network/_multilayer_perceptron.py:605: UserWarning: Got `batch_size` less than 1 or larger than sample size. It is going to be clipped
  warnings.warn(

function_evaluation time 0.043452 value -0.908333 suggestion {'hidden_layer_sizes': 143, 'alpha': 5.744757543784033, 'batch_size': 130, 'learning_rate_init': 0.07696617011655042, 'tol': 0.03160268987801856, 'validation_fraction': 0.6485144932464589, 'beta_1': 0.6887291916157574, 'beta_2': 0.90076172971952, 'epsilon': 7.818554534083356e-07}
observation time 0.001176, current best -0.966667 at iter 21
suggestion time taken 0.004723 iter 22 next_points [{'hidden_layer_sizes': 143, 'alpha': 0.12085956828470772, 'batch_size': 148, 'learning_rate_init': 0.07696617011655042, 'tol': 0.05222458203444085, 'validation_fraction': 0.593834003347293, 'beta_1': 0.5548756450650784, 'beta_2': 0.90076172971952, 'epsilon': 8.215252499671189e-07}]
/Users/ryedida/miniforge3/lib/python3.9/site-packages/sklearn/neural_network/_multilayer_perceptron.py:605: UserWarning: Got `batch_size` less than 1 or larger than sample size. It is going to be clipped
  warnings.warn(

function_evaluation time 0.037701 value -0.933333 suggestion {'hidden_layer_sizes': 143, 'alpha': 0.12085956828470772, 'batch_size': 148, 'learning_rate_init': 0.07696617011655042, 'tol': 0.05222458203444085, 'validation_fraction': 0.593834003347293, 'beta_1': 0.5548756450650784, 'beta_2': 0.90076172971952, 'epsilon': 8.215252499671189e-07}
observation time 0.001130, current best -0.966667 at iter 22
suggestion time taken 0.003762 iter 23 next_points [{'hidden_layer_sizes': 143, 'alpha': 0.12085956828470772, 'batch_size': 130, 'learning_rate_init': 0.07696617011655042, 'tol': 0.03160268987801856, 'validation_fraction': 0.2722873774568604, 'beta_1': 0.6339301751861519, 'beta_2': 0.9991175487792723, 'epsilon': 7.818554534083356e-07}]
/Users/ryedida/miniforge3/lib/python3.9/site-packages/sklearn/neural_network/_multilayer_perceptron.py:605: UserWarning: Got `batch_size` less than 1 or larger than sample size. It is going to be clipped
  warnings.warn(

function_evaluation time 0.040276 value -0.950000 suggestion {'hidden_layer_sizes': 143, 'alpha': 0.12085956828470772, 'batch_size': 130, 'learning_rate_init': 0.07696617011655042, 'tol': 0.03160268987801856, 'validation_fraction': 0.2722873774568604, 'beta_1': 0.6339301751861519, 'beta_2': 0.9991175487792723, 'epsilon': 7.818554534083356e-07}
observation time 0.001010, current best -0.966667 at iter 23
suggestion time taken 0.003726 iter 24 next_points [{'hidden_layer_sizes': 133, 'alpha': 6.822294278611869, 'batch_size': 130, 'learning_rate_init': 0.07696617011655042, 'tol': 0.03160268987801856, 'validation_fraction': 0.6485144932464589, 'beta_1': 0.6339301751861519, 'beta_2': 0.90076172971952, 'epsilon': 7.818554534083356e-07}]
/Users/ryedida/miniforge3/lib/python3.9/site-packages/sklearn/neural_network/_multilayer_perceptron.py:605: UserWarning: Got `batch_size` less than 1 or larger than sample size. It is going to be clipped
  warnings.warn(

function_evaluation time 0.042147 value -0.908333 suggestion {'hidden_layer_sizes': 133, 'alpha': 6.822294278611869, 'batch_size': 130, 'learning_rate_init': 0.07696617011655042, 'tol': 0.03160268987801856, 'validation_fraction': 0.6485144932464589, 'beta_1': 0.6339301751861519, 'beta_2': 0.90076172971952, 'epsilon': 7.818554534083356e-07}
observation time 0.000850, current best -0.966667 at iter 24
suggestion time taken 0.003434 iter 25 next_points [{'hidden_layer_sizes': 155, 'alpha': 0.02424352018466862, 'batch_size': 122, 'learning_rate_init': 0.07696617011655042, 'tol': 0.03160268987801856, 'validation_fraction': 0.6485144932464589, 'beta_1': 0.5896371111190492, 'beta_2': 0.90076172971952, 'epsilon': 7.818554534083356e-07}]
/Users/ryedida/miniforge3/lib/python3.9/site-packages/sklearn/neural_network/_multilayer_perceptron.py:605: UserWarning: Got `batch_size` less than 1 or larger than sample size. It is going to be clipped
  warnings.warn(

function_evaluation time 0.040501 value -0.925000 suggestion {'hidden_layer_sizes': 155, 'alpha': 0.02424352018466862, 'batch_size': 122, 'learning_rate_init': 0.07696617011655042, 'tol': 0.03160268987801856, 'validation_fraction': 0.6485144932464589, 'beta_1': 0.5896371111190492, 'beta_2': 0.90076172971952, 'epsilon': 7.818554534083356e-07}
observation time 0.000835, current best -0.966667 at iter 25
suggestion time taken 0.002594 iter 26 next_points [{'batch_size': 174, 'learning_rate_init': 0.043126717808934005, 'tol': 0.03615939720080002, 'validation_fraction': 0.46154824927020344, 'beta_2': 0.9862562316179039, 'beta_1': 0.5303732051968421, 'alpha': 0.07278713930721452, 'hidden_layer_sizes': 109, 'epsilon': 1.5116303400727792e-07}]
/Users/ryedida/miniforge3/lib/python3.9/site-packages/sklearn/neural_network/_multilayer_perceptron.py:605: UserWarning: Got `batch_size` less than 1 or larger than sample size. It is going to be clipped
  warnings.warn(

function_evaluation time 0.036950 value -0.916667 suggestion {'batch_size': 174, 'learning_rate_init': 0.043126717808934005, 'tol': 0.03615939720080002, 'validation_fraction': 0.46154824927020344, 'beta_2': 0.9862562316179039, 'beta_1': 0.5303732051968421, 'alpha': 0.07278713930721452, 'hidden_layer_sizes': 109, 'epsilon': 1.5116303400727792e-07}
observation time 0.000825, current best -0.966667 at iter 26
suggestion time taken 0.003059 iter 27 next_points [{'batch_size': 245, 'learning_rate_init': 0.07549214067912062, 'tol': 0.07875625320274209, 'validation_fraction': 0.19432762886961888, 'beta_2': 0.9401126439662733, 'beta_1': 0.6125187522344335, 'alpha': 0.6178851454662418, 'hidden_layer_sizes': 145, 'epsilon': 4.7268134287289833e-07}]
/Users/ryedida/miniforge3/lib/python3.9/site-packages/sklearn/neural_network/_multilayer_perceptron.py:605: UserWarning: Got `batch_size` less than 1 or larger than sample size. It is going to be clipped
  warnings.warn(

function_evaluation time 0.041063 value -0.941667 suggestion {'batch_size': 245, 'learning_rate_init': 0.07549214067912062, 'tol': 0.07875625320274209, 'validation_fraction': 0.19432762886961888, 'beta_2': 0.9401126439662733, 'beta_1': 0.6125187522344335, 'alpha': 0.6178851454662418, 'hidden_layer_sizes': 145, 'epsilon': 4.7268134287289833e-07}
observation time 0.000835, current best -0.966667 at iter 27
suggestion time taken 0.003483 iter 28 next_points [{'hidden_layer_sizes': 178, 'alpha': 0.12085956828470772, 'batch_size': 130, 'learning_rate_init': 0.07696617011655042, 'tol': 0.0636117647742415, 'validation_fraction': 0.6485144932464589, 'beta_1': 0.9742259937261597, 'beta_2': 0.90076172971952, 'epsilon': 7.818554534083356e-07}]
/Users/ryedida/miniforge3/lib/python3.9/site-packages/sklearn/neural_network/_multilayer_perceptron.py:605: UserWarning: Got `batch_size` less than 1 or larger than sample size. It is going to be clipped
  warnings.warn(

function_evaluation time 0.039242 value -0.825000 suggestion {'hidden_layer_sizes': 178, 'alpha': 0.12085956828470772, 'batch_size': 130, 'learning_rate_init': 0.07696617011655042, 'tol': 0.0636117647742415, 'validation_fraction': 0.6485144932464589, 'beta_1': 0.9742259937261597, 'beta_2': 0.90076172971952, 'epsilon': 7.818554534083356e-07}
observation time 0.000843, current best -0.966667 at iter 28
suggestion time taken 0.003476 iter 29 next_points [{'hidden_layer_sizes': 163, 'alpha': 0.12085956828470772, 'batch_size': 190, 'learning_rate_init': 0.07696617011655042, 'tol': 0.08186002642493533, 'validation_fraction': 0.26526675227720464, 'beta_1': 0.6210388479806986, 'beta_2': 0.9927304117060377, 'epsilon': 7.818554534083356e-07}]
/Users/ryedida/miniforge3/lib/python3.9/site-packages/sklearn/neural_network/_multilayer_perceptron.py:605: UserWarning: Got `batch_size` less than 1 or larger than sample size. It is going to be clipped
  warnings.warn(

function_evaluation time 0.041575 value -0.933333 suggestion {'hidden_layer_sizes': 163, 'alpha': 0.12085956828470772, 'batch_size': 190, 'learning_rate_init': 0.07696617011655042, 'tol': 0.08186002642493533, 'validation_fraction': 0.26526675227720464, 'beta_1': 0.6210388479806986, 'beta_2': 0.9927304117060377, 'epsilon': 7.818554534083356e-07}
observation time 0.001018, current best -0.966667 at iter 29
suggestion time taken 0.003743 iter 30 next_points [{'hidden_layer_sizes': 143, 'alpha': 0.12085956828470772, 'batch_size': 116, 'learning_rate_init': 0.07696617011655042, 'tol': 0.03160268987801856, 'validation_fraction': 0.873126900835314, 'beta_1': 0.6339301751861519, 'beta_2': 0.90076172971952, 'epsilon': 8.107599084599949e-07}]
/Users/ryedida/miniforge3/lib/python3.9/site-packages/sklearn/neural_network/_multilayer_perceptron.py:605: UserWarning: Got `batch_size` less than 1 or larger than sample size. It is going to be clipped
  warnings.warn(

function_evaluation time 0.038966 value -0.958333 suggestion {'hidden_layer_sizes': 143, 'alpha': 0.12085956828470772, 'batch_size': 116, 'learning_rate_init': 0.07696617011655042, 'tol': 0.03160268987801856, 'validation_fraction': 0.873126900835314, 'beta_1': 0.6339301751861519, 'beta_2': 0.90076172971952, 'epsilon': 8.107599084599949e-07}
observation time 0.000840, current best -0.966667 at iter 30
suggestion time taken 0.002558 iter 31 next_points [{'batch_size': 178, 'learning_rate_init': 0.0807066082452365, 'tol': 0.027661832303736023, 'validation_fraction': 0.22669381091613758, 'beta_2': 0.9468607218081004, 'beta_1': 0.7273286527743924, 'alpha': 5.00977123309434, 'hidden_layer_sizes': 197, 'epsilon': 2.7140324734883827e-07}]
/Users/ryedida/miniforge3/lib/python3.9/site-packages/sklearn/neural_network/_multilayer_perceptron.py:605: UserWarning: Got `batch_size` less than 1 or larger than sample size. It is going to be clipped
  warnings.warn(

function_evaluation time 0.048102 value -0.950000 suggestion {'batch_size': 178, 'learning_rate_init': 0.0807066082452365, 'tol': 0.027661832303736023, 'validation_fraction': 0.22669381091613758, 'beta_2': 0.9468607218081004, 'beta_1': 0.7273286527743924, 'alpha': 5.00977123309434, 'hidden_layer_sizes': 197, 'epsilon': 2.7140324734883827e-07}
observation time 0.000834, current best -0.966667 at iter 31
suggestion time taken 0.002971 iter 32 next_points [{'batch_size': 162, 'learning_rate_init': 0.0373286908803167, 'tol': 0.005433493959298753, 'validation_fraction': 0.3772441383884736, 'beta_2': 0.9255872612374864, 'beta_1': 0.8935501832820859, 'alpha': 5.886428058076122, 'hidden_layer_sizes': 110, 'epsilon': 4.982467397834634e-07}]
/Users/ryedida/miniforge3/lib/python3.9/site-packages/sklearn/neural_network/_multilayer_perceptron.py:605: UserWarning: Got `batch_size` less than 1 or larger than sample size. It is going to be clipped
  warnings.warn(

function_evaluation time 0.040097 value -0.933333 suggestion {'batch_size': 162, 'learning_rate_init': 0.0373286908803167, 'tol': 0.005433493959298753, 'validation_fraction': 0.3772441383884736, 'beta_2': 0.9255872612374864, 'beta_1': 0.8935501832820859, 'alpha': 5.886428058076122, 'hidden_layer_sizes': 110, 'epsilon': 4.982467397834634e-07}
observation time 0.001060, current best -0.966667 at iter 32
suggestion time taken 0.003650 iter 33 next_points [{'hidden_layer_sizes': 199, 'alpha': 0.12085956828470772, 'batch_size': 130, 'learning_rate_init': 0.07696617011655042, 'tol': 0.03160268987801856, 'validation_fraction': 0.6485144932464589, 'beta_1': 0.921685046270307, 'beta_2': 0.90076172971952, 'epsilon': 2.51887510544473e-07}]
/Users/ryedida/miniforge3/lib/python3.9/site-packages/sklearn/neural_network/_multilayer_perceptron.py:605: UserWarning: Got `batch_size` less than 1 or larger than sample size. It is going to be clipped
  warnings.warn(

function_evaluation time 0.045490 value -0.941667 suggestion {'hidden_layer_sizes': 199, 'alpha': 0.12085956828470772, 'batch_size': 130, 'learning_rate_init': 0.07696617011655042, 'tol': 0.03160268987801856, 'validation_fraction': 0.6485144932464589, 'beta_1': 0.921685046270307, 'beta_2': 0.90076172971952, 'epsilon': 2.51887510544473e-07}
observation time 0.000955, current best -0.966667 at iter 33
suggestion time taken 0.003455 iter 34 next_points [{'hidden_layer_sizes': 143, 'alpha': 0.8477609628195969, 'batch_size': 130, 'learning_rate_init': 0.07696617011655042, 'tol': 0.029086162848090447, 'validation_fraction': 0.6485144932464589, 'beta_1': 0.6339301751861519, 'beta_2': 0.90076172971952, 'epsilon': 7.818554534083356e-07}]
/Users/ryedida/miniforge3/lib/python3.9/site-packages/sklearn/neural_network/_multilayer_perceptron.py:605: UserWarning: Got `batch_size` less than 1 or larger than sample size. It is going to be clipped
  warnings.warn(

function_evaluation time 0.042711 value -0.958333 suggestion {'hidden_layer_sizes': 143, 'alpha': 0.8477609628195969, 'batch_size': 130, 'learning_rate_init': 0.07696617011655042, 'tol': 0.029086162848090447, 'validation_fraction': 0.6485144932464589, 'beta_1': 0.6339301751861519, 'beta_2': 0.90076172971952, 'epsilon': 7.818554534083356e-07}
observation time 0.001072, current best -0.966667 at iter 34
suggestion time taken 0.003939 iter 35 next_points [{'hidden_layer_sizes': 128, 'alpha': 0.12085956828470772, 'batch_size': 54, 'learning_rate_init': 0.07696617011655042, 'tol': 0.03160268987801856, 'validation_fraction': 0.6485144932464589, 'beta_1': 0.6339301751861519, 'beta_2': 0.9064374756010163, 'epsilon': 6.926989705452181e-07}]
/Users/ryedida/miniforge3/lib/python3.9/site-packages/sklearn/neural_network/_multilayer_perceptron.py:605: UserWarning: Got `batch_size` less than 1 or larger than sample size. It is going to be clipped
  warnings.warn(

function_evaluation time 0.039805 value -0.941667 suggestion {'hidden_layer_sizes': 128, 'alpha': 0.12085956828470772, 'batch_size': 54, 'learning_rate_init': 0.07696617011655042, 'tol': 0.03160268987801856, 'validation_fraction': 0.6485144932464589, 'beta_1': 0.6339301751861519, 'beta_2': 0.9064374756010163, 'epsilon': 6.926989705452181e-07}
observation time 0.000997, current best -0.966667 at iter 35
suggestion time taken 0.002716 iter 36 next_points [{'batch_size': 37, 'learning_rate_init': 0.05578355471122392, 'tol': 0.004550656736801596, 'validation_fraction': 0.7926206685547791, 'beta_2': 0.9956512988375696, 'beta_1': 0.9008258202915649, 'alpha': 3.944121120128291, 'hidden_layer_sizes': 132, 'epsilon': 9.658235854697874e-07}]
/Users/ryedida/miniforge3/lib/python3.9/site-packages/sklearn/neural_network/_multilayer_perceptron.py:605: UserWarning: Got `batch_size` less than 1 or larger than sample size. It is going to be clipped
  warnings.warn(

function_evaluation time 0.043532 value -0.958333 suggestion {'batch_size': 37, 'learning_rate_init': 0.05578355471122392, 'tol': 0.004550656736801596, 'validation_fraction': 0.7926206685547791, 'beta_2': 0.9956512988375696, 'beta_1': 0.9008258202915649, 'alpha': 3.944121120128291, 'hidden_layer_sizes': 132, 'epsilon': 9.658235854697874e-07}
observation time 0.000835, current best -0.966667 at iter 36
suggestion time taken 0.002979 iter 37 next_points [{'batch_size': 243, 'learning_rate_init': 0.03253554877271186, 'tol': 0.024488602036656083, 'validation_fraction': 0.7569302976192208, 'beta_2': 0.9995565084917254, 'beta_1': 0.6003261623609178, 'alpha': 1.187780621294944, 'hidden_layer_sizes': 140, 'epsilon': 2.8879085248231697e-07}]
/Users/ryedida/miniforge3/lib/python3.9/site-packages/sklearn/neural_network/_multilayer_perceptron.py:605: UserWarning: Got `batch_size` less than 1 or larger than sample size. It is going to be clipped
  warnings.warn(

function_evaluation time 0.035060 value -0.933333 suggestion {'batch_size': 243, 'learning_rate_init': 0.03253554877271186, 'tol': 0.024488602036656083, 'validation_fraction': 0.7569302976192208, 'beta_2': 0.9995565084917254, 'beta_1': 0.6003261623609178, 'alpha': 1.187780621294944, 'hidden_layer_sizes': 140, 'epsilon': 2.8879085248231697e-07}
observation time 0.000820, current best -0.966667 at iter 37
suggestion time taken 0.003446 iter 38 next_points [{'hidden_layer_sizes': 143, 'alpha': 0.09949628885334098, 'batch_size': 101, 'learning_rate_init': 0.07696617011655042, 'tol': 0.03160268987801856, 'validation_fraction': 0.7951429392673551, 'beta_1': 0.6339301751861519, 'beta_2': 0.90076172971952, 'epsilon': 7.818554534083356e-07}]
/Users/ryedida/miniforge3/lib/python3.9/site-packages/sklearn/neural_network/_multilayer_perceptron.py:605: UserWarning: Got `batch_size` less than 1 or larger than sample size. It is going to be clipped
  warnings.warn(

function_evaluation time 0.036679 value -0.858333 suggestion {'hidden_layer_sizes': 143, 'alpha': 0.09949628885334098, 'batch_size': 101, 'learning_rate_init': 0.07696617011655042, 'tol': 0.03160268987801856, 'validation_fraction': 0.7951429392673551, 'beta_1': 0.6339301751861519, 'beta_2': 0.90076172971952, 'epsilon': 7.818554534083356e-07}
observation time 0.000822, current best -0.966667 at iter 38
suggestion time taken 0.003398 iter 39 next_points [{'hidden_layer_sizes': 143, 'alpha': 0.12085956828470772, 'batch_size': 130, 'learning_rate_init': 0.07696617011655042, 'tol': 0.030984524940478476, 'validation_fraction': 0.5622609265904345, 'beta_1': 0.6339301751861519, 'beta_2': 0.90076172971952, 'epsilon': 7.818554534083356e-07}]
/Users/ryedida/miniforge3/lib/python3.9/site-packages/sklearn/neural_network/_multilayer_perceptron.py:605: UserWarning: Got `batch_size` less than 1 or larger than sample size. It is going to be clipped
  warnings.warn(

function_evaluation time 0.038029 value -0.941667 suggestion {'hidden_layer_sizes': 143, 'alpha': 0.12085956828470772, 'batch_size': 130, 'learning_rate_init': 0.07696617011655042, 'tol': 0.030984524940478476, 'validation_fraction': 0.5622609265904345, 'beta_1': 0.6339301751861519, 'beta_2': 0.90076172971952, 'epsilon': 7.818554534083356e-07}
observation time 0.000822, current best -0.966667 at iter 39
suggestion time taken 0.003363 iter 40 next_points [{'hidden_layer_sizes': 143, 'alpha': 0.12085956828470772, 'batch_size': 130, 'learning_rate_init': 0.07696617011655042, 'tol': 0.03160268987801856, 'validation_fraction': 0.6485144932464589, 'beta_1': 0.6339301751861519, 'beta_2': 0.90076172971952, 'epsilon': 9.381850278050431e-07}]
/Users/ryedida/miniforge3/lib/python3.9/site-packages/sklearn/neural_network/_multilayer_perceptron.py:605: UserWarning: Got `batch_size` less than 1 or larger than sample size. It is going to be clipped
  warnings.warn(

function_evaluation time 0.044943 value -0.975000 suggestion {'hidden_layer_sizes': 143, 'alpha': 0.12085956828470772, 'batch_size': 130, 'learning_rate_init': 0.07696617011655042, 'tol': 0.03160268987801856, 'validation_fraction': 0.6485144932464589, 'beta_1': 0.6339301751861519, 'beta_2': 0.90076172971952, 'epsilon': 9.381850278050431e-07}
observation time 0.000816, current best -0.975000 at iter 40
suggestion time taken 0.003491 iter 41 next_points [{'hidden_layer_sizes': 143, 'alpha': 0.12085956828470772, 'batch_size': 244, 'learning_rate_init': 0.07696617011655042, 'tol': 0.03160268987801856, 'validation_fraction': 0.6485144932464589, 'beta_1': 0.6339301751861519, 'beta_2': 0.90076172971952, 'epsilon': 9.381850278050431e-07}]
/Users/ryedida/miniforge3/lib/python3.9/site-packages/sklearn/neural_network/_multilayer_perceptron.py:605: UserWarning: Got `batch_size` less than 1 or larger than sample size. It is going to be clipped
  warnings.warn(

function_evaluation time 0.038222 value -0.950000 suggestion {'hidden_layer_sizes': 143, 'alpha': 0.12085956828470772, 'batch_size': 244, 'learning_rate_init': 0.07696617011655042, 'tol': 0.03160268987801856, 'validation_fraction': 0.6485144932464589, 'beta_1': 0.6339301751861519, 'beta_2': 0.90076172971952, 'epsilon': 9.381850278050431e-07}
observation time 0.000890, current best -0.975000 at iter 41
suggestion time taken 0.003625 iter 42 next_points [{'hidden_layer_sizes': 143, 'alpha': 0.12085956828470772, 'batch_size': 130, 'learning_rate_init': 0.07696617011655042, 'tol': 0.0340008157307951, 'validation_fraction': 0.6485144932464589, 'beta_1': 0.5897006788142569, 'beta_2': 0.90076172971952, 'epsilon': 9.381850278050431e-07}]
/Users/ryedida/miniforge3/lib/python3.9/site-packages/sklearn/neural_network/_multilayer_perceptron.py:605: UserWarning: Got `batch_size` less than 1 or larger than sample size. It is going to be clipped
  warnings.warn(

function_evaluation time 0.038488 value -0.933333 suggestion {'hidden_layer_sizes': 143, 'alpha': 0.12085956828470772, 'batch_size': 130, 'learning_rate_init': 0.07696617011655042, 'tol': 0.0340008157307951, 'validation_fraction': 0.6485144932464589, 'beta_1': 0.5897006788142569, 'beta_2': 0.90076172971952, 'epsilon': 9.381850278050431e-07}
observation time 0.001022, current best -0.975000 at iter 42
suggestion time taken 0.003883 iter 43 next_points [{'hidden_layer_sizes': 143, 'alpha': 0.12085956828470772, 'batch_size': 130, 'learning_rate_init': 0.07696617011655042, 'tol': 0.03160268987801856, 'validation_fraction': 0.6485144932464589, 'beta_1': 0.6339301751861519, 'beta_2': 0.9343825751473225, 'epsilon': 9.381850278050431e-07}]
/Users/ryedida/miniforge3/lib/python3.9/site-packages/sklearn/neural_network/_multilayer_perceptron.py:605: UserWarning: Got `batch_size` less than 1 or larger than sample size. It is going to be clipped
  warnings.warn(

function_evaluation time 0.046308 value -0.941667 suggestion {'hidden_layer_sizes': 143, 'alpha': 0.12085956828470772, 'batch_size': 130, 'learning_rate_init': 0.07696617011655042, 'tol': 0.03160268987801856, 'validation_fraction': 0.6485144932464589, 'beta_1': 0.6339301751861519, 'beta_2': 0.9343825751473225, 'epsilon': 9.381850278050431e-07}
observation time 0.001218, current best -0.975000 at iter 43
suggestion time taken 0.005276 iter 44 next_points [{'hidden_layer_sizes': 136, 'alpha': 0.12085956828470772, 'batch_size': 130, 'learning_rate_init': 0.07696617011655042, 'tol': 0.03160268987801856, 'validation_fraction': 0.6485144932464589, 'beta_1': 0.6339301751861519, 'beta_2': 0.90076172971952, 'epsilon': 9.381850278050431e-07}]
/Users/ryedida/miniforge3/lib/python3.9/site-packages/sklearn/neural_network/_multilayer_perceptron.py:605: UserWarning: Got `batch_size` less than 1 or larger than sample size. It is going to be clipped
  warnings.warn(

function_evaluation time 0.048454 value -0.925000 suggestion {'hidden_layer_sizes': 136, 'alpha': 0.12085956828470772, 'batch_size': 130, 'learning_rate_init': 0.07696617011655042, 'tol': 0.03160268987801856, 'validation_fraction': 0.6485144932464589, 'beta_1': 0.6339301751861519, 'beta_2': 0.90076172971952, 'epsilon': 9.381850278050431e-07}
observation time 0.001065, current best -0.975000 at iter 44
saving meta data: {'args': {'--uuid': '329c1ed2eaec5710897b0bfd29df0b23', '-db-root': '/Users/ryedida/Desktop/menzies/thesis/smoothness-hpo/smoothness-hpo/bbo_challenge_starter_kit/output', '--opt-root': '/Users/ryedida/Desktop/menzies/thesis/smoothness-hpo/smoothness-hpo/bbo_challenge_starter_kit/example_submissions', '--data-root': None, '--db': 'run_20230816_225923', '--opt': 'opentuner', '--data': 'iris', '--classifier': 'MLP-adam', '--metric': 'acc', '--calls': 45, '--suggestions': 1, '--jobs-file': None, '--verbose': False, 'dry_run': False, 'rev': 'a376313', 'opt_rev': '0.8.8'}, 'signature': ([{'alpha': 0.019628224813442792, 'batch_size': 182, 'beta_1': 0.9410202200271762, 'beta_2': 0.9998021557676793, 'epsilon': 1.8662266976518e-08, 'hidden_layer_sizes': 147, 'learning_rate_init': 0.0005627932047415167, 'tol': 0.03690557729213761, 'validation_fraction': 0.8846827852548593}, {'alpha': 0.001998246739232944, 'batch_size': 200, 'beta_1': 0.919111482530466, 'beta_2': 0.9998488260436156, 'epsilon': 5.981221901152555e-07, 'hidden_layer_sizes': 61, 'learning_rate_init': 2.2310905607443014e-05, 'tol': 1.2046852412030316e-05, 'validation_fraction': 0.8117896445826539}, {'alpha': 0.46659545670218433, 'batch_size': 219, 'beta_1': 0.9889789783750891, 'beta_2': 0.9999896868093284, 'epsilon': 2.4234724484675948e-08, 'hidden_layer_sizes': 167, 'learning_rate_init': 2.972334644335654e-05, 'tol': 0.0036281404040243792, 'validation_fraction': 0.17260651658522078}, {'alpha': 4.656005689076002, 'batch_size': 135, 'beta_1': 0.870503881627747, 'beta_2': 0.9948873266941017, 'epsilon': 2.1023308743480125e-07, 'hidden_layer_sizes': 118, 'learning_rate_init': 0.001878173875716191, 'tol': 1.1889379831773006e-05, 'validation_fraction': 0.6264327093752792}, {'alpha': 0.04705159350400542, 'batch_size': 158, 'beta_1': 0.9870884262730957, 'beta_2': 0.9999596874382349, 'epsilon': 1.1981845126013875e-08, 'hidden_layer_sizes': 116, 'learning_rate_init': 0.006173405204074311, 'tol': 1.7414134181586194e-05, 'validation_fraction': 0.6754299026638921}], [-0.41666666666666663, -0.275, -0.3416666666666667, -0.725, -0.875])}
saving results
saving timing
saving suggest log
done
