running: {'--uuid': 'a56e497cc9f95caebd6e9bc917db3167', '-db-root': '/Users/ryedida/Desktop/menzies/thesis/smoothness-hpo/smoothness-hpo/bbo_challenge_starter_kit/output', '--opt-root': '/Users/ryedida/Desktop/menzies/thesis/smoothness-hpo/smoothness-hpo/bbo_challenge_starter_kit/example_submissions', '--data-root': None, '--db': 'run_20230816_225923', '--opt': 'hyperopt', '--data': 'iris', '--classifier': 'MLP-adam', '--metric': 'acc', '--calls': 45, '--suggestions': 1, '--jobs-file': None, '--verbose': False, 'dry_run': False, 'rev': 'a376313', 'opt_rev': '0.2.7'}
cmd: python hyperopt/optimizer.py -c MLP-adam -d iris -o hyperopt -u a56e497cc9f95caebd6e9bc917db3167 -m acc -n 45 -p 1 -dir /Users/ryedida/Desktop/menzies/thesis/smoothness-hpo/smoothness-hpo/bbo_challenge_starter_kit/output -b run_20230816_225923
/Users/ryedida/miniforge3/lib/python3.9/site-packages/sklearn/neural_network/_multilayer_perceptron.py:605: UserWarning: Got `batch_size` less than 1 or larger than sample size. It is going to be clipped
  warnings.warn(

/Users/ryedida/miniforge3/lib/python3.9/site-packages/sklearn/neural_network/_multilayer_perceptron.py:605: UserWarning: Got `batch_size` less than 1 or larger than sample size. It is going to be clipped
  warnings.warn(

/Users/ryedida/miniforge3/lib/python3.9/site-packages/sklearn/neural_network/_multilayer_perceptron.py:605: UserWarning: Got `batch_size` less than 1 or larger than sample size. It is going to be clipped
  warnings.warn(

/Users/ryedida/miniforge3/lib/python3.9/site-packages/sklearn/neural_network/_multilayer_perceptron.py:605: UserWarning: Got `batch_size` less than 1 or larger than sample size. It is going to be clipped
  warnings.warn(

/Users/ryedida/miniforge3/lib/python3.9/site-packages/sklearn/neural_network/_multilayer_perceptron.py:605: UserWarning: Got `batch_size` less than 1 or larger than sample size. It is going to be clipped
  warnings.warn(

computed signature: ([{'alpha': 0.019628224813442792, 'batch_size': 182, 'beta_1': 0.9410202200271762, 'beta_2': 0.9998021557676793, 'epsilon': 1.8662266976518e-08, 'hidden_layer_sizes': 147, 'learning_rate_init': 0.0005627932047415167, 'tol': 0.03690557729213761, 'validation_fraction': 0.8846827852548593}, {'alpha': 0.001998246739232944, 'batch_size': 200, 'beta_1': 0.919111482530466, 'beta_2': 0.9998488260436156, 'epsilon': 5.981221901152555e-07, 'hidden_layer_sizes': 61, 'learning_rate_init': 2.2310905607443014e-05, 'tol': 1.2046852412030316e-05, 'validation_fraction': 0.8117896445826539}, {'alpha': 0.46659545670218433, 'batch_size': 219, 'beta_1': 0.9889789783750891, 'beta_2': 0.9999896868093284, 'epsilon': 2.4234724484675948e-08, 'hidden_layer_sizes': 167, 'learning_rate_init': 2.972334644335654e-05, 'tol': 0.0036281404040243792, 'validation_fraction': 0.17260651658522078}, {'alpha': 4.656005689076002, 'batch_size': 135, 'beta_1': 0.870503881627747, 'beta_2': 0.9948873266941017, 'epsilon': 2.1023308743480125e-07, 'hidden_layer_sizes': 118, 'learning_rate_init': 0.001878173875716191, 'tol': 1.1889379831773006e-05, 'validation_fraction': 0.6264327093752792}, {'alpha': 0.04705159350400542, 'batch_size': 158, 'beta_1': 0.9870884262730957, 'beta_2': 0.9999596874382349, 'epsilon': 1.1981845126013875e-08, 'hidden_layer_sizes': 116, 'learning_rate_init': 0.006173405204074311, 'tol': 1.7414134181586194e-05, 'validation_fraction': 0.6754299026638921}], [-0.41666666666666663, -0.275, -0.3416666666666667, -0.725, -0.875])
/Users/ryedida/miniforge3/lib/python3.9/site-packages/bayesmark/experiment.py:469: UserWarning: Baselines not found. Will not log intermediate scores.
  warnings.warn("Baselines not found. Will not log intermediate scores.")

starting sklearn study hyperopt MLP-adam iris acc 45 1
with data root: None
suggestion time taken 0.001545 iter 0 next_points [{'alpha': 0.2708194766432085, 'batch_size': 64, 'beta_1': 0.8549863850546006, 'beta_2': 0.9922872276669489, 'epsilon': 4.924367696183278e-09, 'hidden_layer_sizes': 106, 'learning_rate_init': 0.01077692692081229, 'tol': 1.7010467137372175e-05, 'validation_fraction': 0.7470662361873806}]
/Users/ryedida/miniforge3/lib/python3.9/site-packages/sklearn/neural_network/_multilayer_perceptron.py:605: UserWarning: Got `batch_size` less than 1 or larger than sample size. It is going to be clipped
  warnings.warn(

function_evaluation time 0.044441 value -0.950000 suggestion {'alpha': 0.2708194766432085, 'batch_size': 64, 'beta_1': 0.8549863850546006, 'beta_2': 0.9922872276669489, 'epsilon': 4.924367696183278e-09, 'hidden_layer_sizes': 106, 'learning_rate_init': 0.01077692692081229, 'tol': 1.7010467137372175e-05, 'validation_fraction': 0.7470662361873806}
observation time 0.000017, current best -0.950000 at iter 0
suggestion time taken 0.001542 iter 1 next_points [{'alpha': 0.00024986425493308406, 'batch_size': 61, 'beta_1': 0.5645311571188862, 'beta_2': 0.9023546345510256, 'epsilon': 2.694754611187826e-08, 'hidden_layer_sizes': 199, 'learning_rate_init': 0.005174690190245708, 'tol': 0.0011844952364513633, 'validation_fraction': 0.3119168585515549}]
function_evaluation time 0.056268 value -0.900000 suggestion {'alpha': 0.00024986425493308406, 'batch_size': 61, 'beta_1': 0.5645311571188862, 'beta_2': 0.9023546345510256, 'epsilon': 2.694754611187826e-08, 'hidden_layer_sizes': 199, 'learning_rate_init': 0.005174690190245708, 'tol': 0.0011844952364513633, 'validation_fraction': 0.3119168585515549}
observation time 0.000018, current best -0.950000 at iter 1
suggestion time taken 0.001483 iter 2 next_points [{'alpha': 0.014845777136568608, 'batch_size': 118, 'beta_1': 0.9075725737590222, 'beta_2': 0.9164498162585207, 'epsilon': 4.245144471564256e-09, 'hidden_layer_sizes': 164, 'learning_rate_init': 0.00034582203046378305, 'tol': 1.3387279569251344e-05, 'validation_fraction': 0.1749400682713581}]
/Users/ryedida/miniforge3/lib/python3.9/site-packages/sklearn/neural_network/_multilayer_perceptron.py:605: UserWarning: Got `batch_size` less than 1 or larger than sample size. It is going to be clipped
  warnings.warn(

function_evaluation time 0.036266 value -0.541667 suggestion {'alpha': 0.014845777136568608, 'batch_size': 118, 'beta_1': 0.9075725737590222, 'beta_2': 0.9164498162585207, 'epsilon': 4.245144471564256e-09, 'hidden_layer_sizes': 164, 'learning_rate_init': 0.00034582203046378305, 'tol': 1.3387279569251344e-05, 'validation_fraction': 0.1749400682713581}
observation time 0.000020, current best -0.950000 at iter 2
suggestion time taken 0.001805 iter 3 next_points [{'alpha': 0.0011367465330004301, 'batch_size': 207, 'beta_1': 0.677279971578054, 'beta_2': 0.9894312922993872, 'epsilon': 3.010820363878643e-09, 'hidden_layer_sizes': 140, 'learning_rate_init': 0.006662767207171969, 'tol': 0.0864954968067427, 'validation_fraction': 0.3396006300384825}]
/Users/ryedida/miniforge3/lib/python3.9/site-packages/sklearn/neural_network/_multilayer_perceptron.py:605: UserWarning: Got `batch_size` less than 1 or larger than sample size. It is going to be clipped
  warnings.warn(

function_evaluation time 0.032331 value -0.858333 suggestion {'alpha': 0.0011367465330004301, 'batch_size': 207, 'beta_1': 0.677279971578054, 'beta_2': 0.9894312922993872, 'epsilon': 3.010820363878643e-09, 'hidden_layer_sizes': 140, 'learning_rate_init': 0.006662767207171969, 'tol': 0.0864954968067427, 'validation_fraction': 0.3396006300384825}
observation time 0.000019, current best -0.950000 at iter 3
suggestion time taken 0.001479 iter 4 next_points [{'alpha': 0.5272061738578534, 'batch_size': 49, 'beta_1': 0.742134849974528, 'beta_2': 0.9258605180464881, 'epsilon': 1.5624993406476147e-09, 'hidden_layer_sizes': 150, 'learning_rate_init': 0.020542502372055394, 'tol': 0.00022904829744831214, 'validation_fraction': 0.5891175602055783}]
function_evaluation time 0.042962 value -0.966667 suggestion {'alpha': 0.5272061738578534, 'batch_size': 49, 'beta_1': 0.742134849974528, 'beta_2': 0.9258605180464881, 'epsilon': 1.5624993406476147e-09, 'hidden_layer_sizes': 150, 'learning_rate_init': 0.020542502372055394, 'tol': 0.00022904829744831214, 'validation_fraction': 0.5891175602055783}
observation time 0.000021, current best -0.966667 at iter 4
suggestion time taken 0.001537 iter 5 next_points [{'alpha': 0.003370033792909856, 'batch_size': 11, 'beta_1': 0.5728496804060885, 'beta_2': 0.9396562099178387, 'epsilon': 3.5270053814794033e-09, 'hidden_layer_sizes': 130, 'learning_rate_init': 0.00037230867975075727, 'tol': 0.0001262118144535582, 'validation_fraction': 0.5157865486122221}]
function_evaluation time 0.076433 value -0.683333 suggestion {'alpha': 0.003370033792909856, 'batch_size': 11, 'beta_1': 0.5728496804060885, 'beta_2': 0.9396562099178387, 'epsilon': 3.5270053814794033e-09, 'hidden_layer_sizes': 130, 'learning_rate_init': 0.00037230867975075727, 'tol': 0.0001262118144535582, 'validation_fraction': 0.5157865486122221}
observation time 0.000020, current best -0.966667 at iter 5
suggestion time taken 0.001496 iter 6 next_points [{'alpha': 0.002195838767912696, 'batch_size': 30, 'beta_1': 0.5702589769080992, 'beta_2': 0.9643171686145857, 'epsilon': 5.894645485138122e-08, 'hidden_layer_sizes': 176, 'learning_rate_init': 9.36902660356023e-05, 'tol': 0.0015088797054586534, 'validation_fraction': 0.16891774629766043}]
function_evaluation time 0.041243 value -0.425000 suggestion {'alpha': 0.002195838767912696, 'batch_size': 30, 'beta_1': 0.5702589769080992, 'beta_2': 0.9643171686145857, 'epsilon': 5.894645485138122e-08, 'hidden_layer_sizes': 176, 'learning_rate_init': 9.36902660356023e-05, 'tol': 0.0015088797054586534, 'validation_fraction': 0.16891774629766043}
observation time 0.000025, current best -0.966667 at iter 6
suggestion time taken 0.001550 iter 7 next_points [{'alpha': 0.0001046292365892163, 'batch_size': 227, 'beta_1': 0.523023681731005, 'beta_2': 0.95095072612535, 'epsilon': 3.506661553386447e-07, 'hidden_layer_sizes': 143, 'learning_rate_init': 0.0078895601888723, 'tol': 0.0026289123288371252, 'validation_fraction': 0.5780801052888536}]
/Users/ryedida/miniforge3/lib/python3.9/site-packages/sklearn/neural_network/_multilayer_perceptron.py:605: UserWarning: Got `batch_size` less than 1 or larger than sample size. It is going to be clipped
  warnings.warn(

function_evaluation time 0.055000 value -0.966667 suggestion {'alpha': 0.0001046292365892163, 'batch_size': 227, 'beta_1': 0.523023681731005, 'beta_2': 0.95095072612535, 'epsilon': 3.506661553386447e-07, 'hidden_layer_sizes': 143, 'learning_rate_init': 0.0078895601888723, 'tol': 0.0026289123288371252, 'validation_fraction': 0.5780801052888536}
observation time 0.000021, current best -0.966667 at iter 7
suggestion time taken 0.001499 iter 8 next_points [{'alpha': 0.06250912087327194, 'batch_size': 13, 'beta_1': 0.5946650172392364, 'beta_2': 0.9473271738123232, 'epsilon': 8.489944482938243e-07, 'hidden_layer_sizes': 74, 'learning_rate_init': 0.0003794816496912138, 'tol': 0.044294290321990684, 'validation_fraction': 0.7376436745675375}]
function_evaluation time 0.028852 value -0.441667 suggestion {'alpha': 0.06250912087327194, 'batch_size': 13, 'beta_1': 0.5946650172392364, 'beta_2': 0.9473271738123232, 'epsilon': 8.489944482938243e-07, 'hidden_layer_sizes': 74, 'learning_rate_init': 0.0003794816496912138, 'tol': 0.044294290321990684, 'validation_fraction': 0.7376436745675375}
observation time 0.000020, current best -0.966667 at iter 8
suggestion time taken 0.001535 iter 9 next_points [{'alpha': 0.00010343982176969448, 'batch_size': 186, 'beta_1': 0.8192113101619937, 'beta_2': 0.903921731229665, 'epsilon': 8.800861266572631e-08, 'hidden_layer_sizes': 190, 'learning_rate_init': 0.0030648086911242087, 'tol': 0.005086760316947172, 'validation_fraction': 0.10835290424110329}]
/Users/ryedida/miniforge3/lib/python3.9/site-packages/sklearn/neural_network/_multilayer_perceptron.py:605: UserWarning: Got `batch_size` less than 1 or larger than sample size. It is going to be clipped
  warnings.warn(

function_evaluation time 0.033539 value -0.733333 suggestion {'alpha': 0.00010343982176969448, 'batch_size': 186, 'beta_1': 0.8192113101619937, 'beta_2': 0.903921731229665, 'epsilon': 8.800861266572631e-08, 'hidden_layer_sizes': 190, 'learning_rate_init': 0.0030648086911242087, 'tol': 0.005086760316947172, 'validation_fraction': 0.10835290424110329}
observation time 0.000018, current best -0.966667 at iter 9
suggestion time taken 0.001466 iter 10 next_points [{'alpha': 6.726301359065793e-05, 'batch_size': 242, 'beta_1': 0.757531389942735, 'beta_2': 0.9705539081909741, 'epsilon': 1.933888327831759e-09, 'hidden_layer_sizes': 71, 'learning_rate_init': 0.0008460749800340846, 'tol': 0.014601282242038712, 'validation_fraction': 0.1368440536723163}]
/Users/ryedida/miniforge3/lib/python3.9/site-packages/sklearn/neural_network/_multilayer_perceptron.py:605: UserWarning: Got `batch_size` less than 1 or larger than sample size. It is going to be clipped
  warnings.warn(

function_evaluation time 0.032123 value -0.566667 suggestion {'alpha': 6.726301359065793e-05, 'batch_size': 242, 'beta_1': 0.757531389942735, 'beta_2': 0.9705539081909741, 'epsilon': 1.933888327831759e-09, 'hidden_layer_sizes': 71, 'learning_rate_init': 0.0008460749800340846, 'tol': 0.014601282242038712, 'validation_fraction': 0.1368440536723163}
observation time 0.000014, current best -0.966667 at iter 10
suggestion time taken 0.001434 iter 11 next_points [{'alpha': 3.428637907712099e-05, 'batch_size': 140, 'beta_1': 0.8290543078308641, 'beta_2': 0.9981657996245502, 'epsilon': 2.0439408852207443e-09, 'hidden_layer_sizes': 191, 'learning_rate_init': 5.5272113209949765e-05, 'tol': 9.317117931623916e-05, 'validation_fraction': 0.2204239413614955}]
/Users/ryedida/miniforge3/lib/python3.9/site-packages/sklearn/neural_network/_multilayer_perceptron.py:605: UserWarning: Got `batch_size` less than 1 or larger than sample size. It is going to be clipped
  warnings.warn(

function_evaluation time 0.028943 value -0.266667 suggestion {'alpha': 3.428637907712099e-05, 'batch_size': 140, 'beta_1': 0.8290543078308641, 'beta_2': 0.9981657996245502, 'epsilon': 2.0439408852207443e-09, 'hidden_layer_sizes': 191, 'learning_rate_init': 5.5272113209949765e-05, 'tol': 9.317117931623916e-05, 'validation_fraction': 0.2204239413614955}
observation time 0.000020, current best -0.966667 at iter 11
suggestion time taken 0.001489 iter 12 next_points [{'alpha': 1.7903799247547325, 'batch_size': 18, 'beta_1': 0.7477905253354316, 'beta_2': 0.952669661938703, 'epsilon': 6.636003653084658e-08, 'hidden_layer_sizes': 96, 'learning_rate_init': 0.0001307618076911007, 'tol': 0.08135040628816437, 'validation_fraction': 0.47982163878974066}]
function_evaluation time 0.033901 value -0.325000 suggestion {'alpha': 1.7903799247547325, 'batch_size': 18, 'beta_1': 0.7477905253354316, 'beta_2': 0.952669661938703, 'epsilon': 6.636003653084658e-08, 'hidden_layer_sizes': 96, 'learning_rate_init': 0.0001307618076911007, 'tol': 0.08135040628816437, 'validation_fraction': 0.47982163878974066}
observation time 0.000021, current best -0.966667 at iter 12
suggestion time taken 0.001463 iter 13 next_points [{'alpha': 1.648801365165455e-05, 'batch_size': 10, 'beta_1': 0.7328836759860181, 'beta_2': 0.9700215075302728, 'epsilon': 2.879556675357107e-09, 'hidden_layer_sizes': 195, 'learning_rate_init': 0.001326229005582326, 'tol': 0.0001008677742526071, 'validation_fraction': 0.5833169287878756}]
function_evaluation time 0.082142 value -0.866667 suggestion {'alpha': 1.648801365165455e-05, 'batch_size': 10, 'beta_1': 0.7328836759860181, 'beta_2': 0.9700215075302728, 'epsilon': 2.879556675357107e-09, 'hidden_layer_sizes': 195, 'learning_rate_init': 0.001326229005582326, 'tol': 0.0001008677742526071, 'validation_fraction': 0.5833169287878756}
observation time 0.000020, current best -0.966667 at iter 13
suggestion time taken 0.001510 iter 14 next_points [{'alpha': 8.509593497697979e-05, 'batch_size': 164, 'beta_1': 0.5497556875541039, 'beta_2': 0.9247517609747599, 'epsilon': 3.164448999290333e-07, 'hidden_layer_sizes': 129, 'learning_rate_init': 0.0015026568482939047, 'tol': 0.01786369293403192, 'validation_fraction': 0.5415721858721394}]
/Users/ryedida/miniforge3/lib/python3.9/site-packages/sklearn/neural_network/_multilayer_perceptron.py:605: UserWarning: Got `batch_size` less than 1 or larger than sample size. It is going to be clipped
  warnings.warn(

function_evaluation time 0.053183 value -0.783333 suggestion {'alpha': 8.509593497697979e-05, 'batch_size': 164, 'beta_1': 0.5497556875541039, 'beta_2': 0.9247517609747599, 'epsilon': 3.164448999290333e-07, 'hidden_layer_sizes': 129, 'learning_rate_init': 0.0015026568482939047, 'tol': 0.01786369293403192, 'validation_fraction': 0.5415721858721394}
observation time 0.000020, current best -0.966667 at iter 14
suggestion time taken 0.001496 iter 15 next_points [{'alpha': 1.124184665166815, 'batch_size': 213, 'beta_1': 0.6932093178519829, 'beta_2': 0.9562974870618708, 'epsilon': 5.156471106656525e-08, 'hidden_layer_sizes': 126, 'learning_rate_init': 0.014367211798516846, 'tol': 0.009659700702357246, 'validation_fraction': 0.32847294201243027}]
/Users/ryedida/miniforge3/lib/python3.9/site-packages/sklearn/neural_network/_multilayer_perceptron.py:605: UserWarning: Got `batch_size` less than 1 or larger than sample size. It is going to be clipped
  warnings.warn(

function_evaluation time 0.041937 value -0.941667 suggestion {'alpha': 1.124184665166815, 'batch_size': 213, 'beta_1': 0.6932093178519829, 'beta_2': 0.9562974870618708, 'epsilon': 5.156471106656525e-08, 'hidden_layer_sizes': 126, 'learning_rate_init': 0.014367211798516846, 'tol': 0.009659700702357246, 'validation_fraction': 0.32847294201243027}
observation time 0.000021, current best -0.966667 at iter 15
suggestion time taken 0.001468 iter 16 next_points [{'alpha': 0.04222216318797592, 'batch_size': 136, 'beta_1': 0.6323986074175432, 'beta_2': 0.9374167837315563, 'epsilon': 1.2917603951849494e-07, 'hidden_layer_sizes': 175, 'learning_rate_init': 0.07065740632417146, 'tol': 0.08463635769001061, 'validation_fraction': 0.5095398354158461}]
/Users/ryedida/miniforge3/lib/python3.9/site-packages/sklearn/neural_network/_multilayer_perceptron.py:605: UserWarning: Got `batch_size` less than 1 or larger than sample size. It is going to be clipped
  warnings.warn(

function_evaluation time 0.037668 value -0.958333 suggestion {'alpha': 0.04222216318797592, 'batch_size': 136, 'beta_1': 0.6323986074175432, 'beta_2': 0.9374167837315563, 'epsilon': 1.2917603951849494e-07, 'hidden_layer_sizes': 175, 'learning_rate_init': 0.07065740632417146, 'tol': 0.08463635769001061, 'validation_fraction': 0.5095398354158461}
observation time 0.000020, current best -0.966667 at iter 16
suggestion time taken 0.001457 iter 17 next_points [{'alpha': 0.04856415141479475, 'batch_size': 36, 'beta_1': 0.951093433176163, 'beta_2': 0.9108891054254695, 'epsilon': 3.5642278357623563e-09, 'hidden_layer_sizes': 158, 'learning_rate_init': 0.015778853185177136, 'tol': 0.0008822101998551603, 'validation_fraction': 0.292668730902657}]
function_evaluation time 0.048104 value -0.941667 suggestion {'alpha': 0.04856415141479475, 'batch_size': 36, 'beta_1': 0.951093433176163, 'beta_2': 0.9108891054254695, 'epsilon': 3.5642278357623563e-09, 'hidden_layer_sizes': 158, 'learning_rate_init': 0.015778853185177136, 'tol': 0.0008822101998551603, 'validation_fraction': 0.292668730902657}
observation time 0.000021, current best -0.966667 at iter 17
suggestion time taken 0.001477 iter 18 next_points [{'alpha': 6.148076687572049, 'batch_size': 232, 'beta_1': 0.9447862989303722, 'beta_2': 0.9636556524581709, 'epsilon': 1.8813440922083553e-08, 'hidden_layer_sizes': 152, 'learning_rate_init': 0.001456072722479124, 'tol': 0.018115856254566777, 'validation_fraction': 0.5539038924240979}]
/Users/ryedida/miniforge3/lib/python3.9/site-packages/sklearn/neural_network/_multilayer_perceptron.py:605: UserWarning: Got `batch_size` less than 1 or larger than sample size. It is going to be clipped
  warnings.warn(

function_evaluation time 0.038821 value -0.691667 suggestion {'alpha': 6.148076687572049, 'batch_size': 232, 'beta_1': 0.9447862989303722, 'beta_2': 0.9636556524581709, 'epsilon': 1.8813440922083553e-08, 'hidden_layer_sizes': 152, 'learning_rate_init': 0.001456072722479124, 'tol': 0.018115856254566777, 'validation_fraction': 0.5539038924240979}
observation time 0.000021, current best -0.966667 at iter 18
suggestion time taken 0.001506 iter 19 next_points [{'alpha': 0.00021358611358735543, 'batch_size': 29, 'beta_1': 0.5337958652254918, 'beta_2': 0.9523180036882459, 'epsilon': 4.316547409307348e-07, 'hidden_layer_sizes': 143, 'learning_rate_init': 2.6061314599377633e-05, 'tol': 0.001152677897642025, 'validation_fraction': 0.33861040000211035}]
function_evaluation time 0.036965 value -0.358333 suggestion {'alpha': 0.00021358611358735543, 'batch_size': 29, 'beta_1': 0.5337958652254918, 'beta_2': 0.9523180036882459, 'epsilon': 4.316547409307348e-07, 'hidden_layer_sizes': 143, 'learning_rate_init': 2.6061314599377633e-05, 'tol': 0.001152677897642025, 'validation_fraction': 0.33861040000211035}
observation time 0.000021, current best -0.966667 at iter 19
suggestion time taken 0.005129 iter 20 next_points [{'alpha': 0.32840058931444366, 'batch_size': 100, 'beta_1': 0.6420417099537579, 'beta_2': 0.9298359859112411, 'epsilon': 8.420388564737798e-09, 'hidden_layer_sizes': 109, 'learning_rate_init': 0.059873292935703246, 'tol': 0.00035610644596801997, 'validation_fraction': 0.8520324033977954}]
/Users/ryedida/miniforge3/lib/python3.9/site-packages/sklearn/neural_network/_multilayer_perceptron.py:605: UserWarning: Got `batch_size` less than 1 or larger than sample size. It is going to be clipped
  warnings.warn(

function_evaluation time 0.046826 value -0.983333 suggestion {'alpha': 0.32840058931444366, 'batch_size': 100, 'beta_1': 0.6420417099537579, 'beta_2': 0.9298359859112411, 'epsilon': 8.420388564737798e-09, 'hidden_layer_sizes': 109, 'learning_rate_init': 0.059873292935703246, 'tol': 0.00035610644596801997, 'validation_fraction': 0.8520324033977954}
observation time 0.000024, current best -0.983333 at iter 20
suggestion time taken 0.005288 iter 21 next_points [{'alpha': 9.102018982539846, 'batch_size': 95, 'beta_1': 0.6273515711332018, 'beta_2': 0.9373124874450657, 'epsilon': 1.0239125176969545e-08, 'hidden_layer_sizes': 106, 'learning_rate_init': 0.07327226674337158, 'tol': 0.0004171217117698376, 'validation_fraction': 0.8948954841669522}]
/Users/ryedida/miniforge3/lib/python3.9/site-packages/sklearn/neural_network/_multilayer_perceptron.py:605: UserWarning: Got `batch_size` less than 1 or larger than sample size. It is going to be clipped
  warnings.warn(

function_evaluation time 0.027350 value -0.616667 suggestion {'alpha': 9.102018982539846, 'batch_size': 95, 'beta_1': 0.6273515711332018, 'beta_2': 0.9373124874450657, 'epsilon': 1.0239125176969545e-08, 'hidden_layer_sizes': 106, 'learning_rate_init': 0.07327226674337158, 'tol': 0.0004171217117698376, 'validation_fraction': 0.8948954841669522}
observation time 0.000023, current best -0.983333 at iter 21
suggestion time taken 0.005288 iter 22 next_points [{'alpha': 0.17360697395978894, 'batch_size': 96, 'beta_1': 0.5069756616178416, 'beta_2': 0.9255387340178441, 'epsilon': 1.1663670449341891e-08, 'hidden_layer_sizes': 88, 'learning_rate_init': 0.0328313583263452, 'tol': 0.0033518809808028706, 'validation_fraction': 0.8187431605120462}]
/Users/ryedida/miniforge3/lib/python3.9/site-packages/sklearn/neural_network/_multilayer_perceptron.py:605: UserWarning: Got `batch_size` less than 1 or larger than sample size. It is going to be clipped
  warnings.warn(

function_evaluation time 0.037239 value -0.966667 suggestion {'alpha': 0.17360697395978894, 'batch_size': 96, 'beta_1': 0.5069756616178416, 'beta_2': 0.9255387340178441, 'epsilon': 1.1663670449341891e-08, 'hidden_layer_sizes': 88, 'learning_rate_init': 0.0328313583263452, 'tol': 0.0033518809808028706, 'validation_fraction': 0.8187431605120462}
observation time 0.000025, current best -0.983333 at iter 22
suggestion time taken 0.005246 iter 23 next_points [{'alpha': 0.20698869450378904, 'batch_size': 96, 'beta_1': 0.6387505958542858, 'beta_2': 0.9230865647524197, 'epsilon': 1.02144818339557e-08, 'hidden_layer_sizes': 52, 'learning_rate_init': 0.04229882497087241, 'tol': 0.0005185965675454467, 'validation_fraction': 0.8820198717514188}]
/Users/ryedida/miniforge3/lib/python3.9/site-packages/sklearn/neural_network/_multilayer_perceptron.py:605: UserWarning: Got `batch_size` less than 1 or larger than sample size. It is going to be clipped
  warnings.warn(

function_evaluation time 0.037951 value -0.850000 suggestion {'alpha': 0.20698869450378904, 'batch_size': 96, 'beta_1': 0.6387505958542858, 'beta_2': 0.9230865647524197, 'epsilon': 1.02144818339557e-08, 'hidden_layer_sizes': 52, 'learning_rate_init': 0.04229882497087241, 'tol': 0.0005185965675454467, 'validation_fraction': 0.8820198717514188}
observation time 0.000025, current best -0.983333 at iter 23
suggestion time taken 0.005305 iter 24 next_points [{'alpha': 0.009666367494608176, 'batch_size': 167, 'beta_1': 0.5002147068007585, 'beta_2': 0.982546859797438, 'epsilon': 2.1344798669335176e-07, 'hidden_layer_sizes': 114, 'learning_rate_init': 0.09131102684047923, 'tol': 4.40779407865175e-05, 'validation_fraction': 0.41809302440082596}]
/Users/ryedida/miniforge3/lib/python3.9/site-packages/sklearn/neural_network/_multilayer_perceptron.py:605: UserWarning: Got `batch_size` less than 1 or larger than sample size. It is going to be clipped
  warnings.warn(

function_evaluation time 0.043441 value -0.916667 suggestion {'alpha': 0.009666367494608176, 'batch_size': 167, 'beta_1': 0.5002147068007585, 'beta_2': 0.982546859797438, 'epsilon': 2.1344798669335176e-07, 'hidden_layer_sizes': 114, 'learning_rate_init': 0.09131102684047923, 'tol': 4.40779407865175e-05, 'validation_fraction': 0.41809302440082596}
observation time 0.000024, current best -0.983333 at iter 24
suggestion time taken 0.005325 iter 25 next_points [{'alpha': 2.978998466879217, 'batch_size': 105, 'beta_1': 0.5193449788549335, 'beta_2': 0.9321158219155949, 'epsilon': 8.77585560708912e-09, 'hidden_layer_sizes': 84, 'learning_rate_init': 0.03791063517291951, 'tol': 0.003303572625107448, 'validation_fraction': 0.6985619796804752}]
/Users/ryedida/miniforge3/lib/python3.9/site-packages/sklearn/neural_network/_multilayer_perceptron.py:605: UserWarning: Got `batch_size` less than 1 or larger than sample size. It is going to be clipped
  warnings.warn(

function_evaluation time 0.040306 value -0.933333 suggestion {'alpha': 2.978998466879217, 'batch_size': 105, 'beta_1': 0.5193449788549335, 'beta_2': 0.9321158219155949, 'epsilon': 8.77585560708912e-09, 'hidden_layer_sizes': 84, 'learning_rate_init': 0.03791063517291951, 'tol': 0.003303572625107448, 'validation_fraction': 0.6985619796804752}
observation time 0.000023, current best -0.983333 at iter 25
suggestion time taken 0.005363 iter 26 next_points [{'alpha': 0.1450032682849645, 'batch_size': 80, 'beta_1': 0.6043451792340919, 'beta_2': 0.9086947748726447, 'epsilon': 1.658557540806492e-08, 'hidden_layer_sizes': 64, 'learning_rate_init': 0.03182126250737585, 'tol': 0.0002885764120586084, 'validation_fraction': 0.8995281126109821}]
/Users/ryedida/miniforge3/lib/python3.9/site-packages/sklearn/neural_network/_multilayer_perceptron.py:605: UserWarning: Got `batch_size` less than 1 or larger than sample size. It is going to be clipped
  warnings.warn(

function_evaluation time 0.037645 value -0.925000 suggestion {'alpha': 0.1450032682849645, 'batch_size': 80, 'beta_1': 0.6043451792340919, 'beta_2': 0.9086947748726447, 'epsilon': 1.658557540806492e-08, 'hidden_layer_sizes': 64, 'learning_rate_init': 0.03182126250737585, 'tol': 0.0002885764120586084, 'validation_fraction': 0.8995281126109821}
observation time 0.000024, current best -0.983333 at iter 26
suggestion time taken 0.005318 iter 27 next_points [{'alpha': 0.013052242065650876, 'batch_size': 152, 'beta_1': 0.6629518105174729, 'beta_2': 0.9140868520004398, 'epsilon': 1.0302562623504385e-09, 'hidden_layer_sizes': 90, 'learning_rate_init': 1.0736959117760055e-05, 'tol': 4.4903482825073515e-05, 'validation_fraction': 0.416412397543693}]
/Users/ryedida/miniforge3/lib/python3.9/site-packages/sklearn/neural_network/_multilayer_perceptron.py:605: UserWarning: Got `batch_size` less than 1 or larger than sample size. It is going to be clipped
  warnings.warn(

function_evaluation time 0.022820 value -0.408333 suggestion {'alpha': 0.013052242065650876, 'batch_size': 152, 'beta_1': 0.6629518105174729, 'beta_2': 0.9140868520004398, 'epsilon': 1.0302562623504385e-09, 'hidden_layer_sizes': 90, 'learning_rate_init': 1.0736959117760055e-05, 'tol': 4.4903482825073515e-05, 'validation_fraction': 0.416412397543693}
observation time 0.000026, current best -0.983333 at iter 27
suggestion time taken 0.005548 iter 28 next_points [{'alpha': 0.4832329256860754, 'batch_size': 74, 'beta_1': 0.7907401740221559, 'beta_2': 0.9204769227887577, 'epsilon': 6.656974402414661e-09, 'hidden_layer_sizes': 114, 'learning_rate_init': 0.002667578466818233, 'tol': 3.1969027042444935e-05, 'validation_fraction': 0.6779328518164008}]
/Users/ryedida/miniforge3/lib/python3.9/site-packages/sklearn/neural_network/_multilayer_perceptron.py:605: UserWarning: Got `batch_size` less than 1 or larger than sample size. It is going to be clipped
  warnings.warn(

function_evaluation time 0.049945 value -0.808333 suggestion {'alpha': 0.4832329256860754, 'batch_size': 74, 'beta_1': 0.7907401740221559, 'beta_2': 0.9204769227887577, 'epsilon': 6.656974402414661e-09, 'hidden_layer_sizes': 114, 'learning_rate_init': 0.002667578466818233, 'tol': 3.1969027042444935e-05, 'validation_fraction': 0.6779328518164008}
observation time 0.000026, current best -0.983333 at iter 28
suggestion time taken 0.005455 iter 29 next_points [{'alpha': 1.201988798584905e-05, 'batch_size': 115, 'beta_1': 0.5995519249452693, 'beta_2': 0.943345677659598, 'epsilon': 6.620320185810362e-07, 'hidden_layer_sizes': 116, 'learning_rate_init': 0.007954255104133593, 'tol': 0.0024916066896603184, 'validation_fraction': 0.4145834853334466}]
/Users/ryedida/miniforge3/lib/python3.9/site-packages/sklearn/neural_network/_multilayer_perceptron.py:605: UserWarning: Got `batch_size` less than 1 or larger than sample size. It is going to be clipped
  warnings.warn(

function_evaluation time 0.040845 value -0.766667 suggestion {'alpha': 1.201988798584905e-05, 'batch_size': 115, 'beta_1': 0.5995519249452693, 'beta_2': 0.943345677659598, 'epsilon': 6.620320185810362e-07, 'hidden_layer_sizes': 116, 'learning_rate_init': 0.007954255104133593, 'tol': 0.0024916066896603184, 'validation_fraction': 0.4145834853334466}
observation time 0.000019, current best -0.983333 at iter 29
suggestion time taken 0.005440 iter 30 next_points [{'alpha': 0.0018822815532918422, 'batch_size': 197, 'beta_1': 0.5321325617752446, 'beta_2': 0.9329176587491252, 'epsilon': 3.684332456065905e-08, 'hidden_layer_sizes': 141, 'learning_rate_init': 0.0038736149594354487, 'tol': 0.0007001389506721532, 'validation_fraction': 0.2586530539904761}]
/Users/ryedida/miniforge3/lib/python3.9/site-packages/sklearn/neural_network/_multilayer_perceptron.py:605: UserWarning: Got `batch_size` less than 1 or larger than sample size. It is going to be clipped
  warnings.warn(

function_evaluation time 0.048061 value -0.833333 suggestion {'alpha': 0.0018822815532918422, 'batch_size': 197, 'beta_1': 0.5321325617752446, 'beta_2': 0.9329176587491252, 'epsilon': 3.684332456065905e-08, 'hidden_layer_sizes': 141, 'learning_rate_init': 0.0038736149594354487, 'tol': 0.0007001389506721532, 'validation_fraction': 0.2586530539904761}
observation time 0.000015, current best -0.983333 at iter 30
suggestion time taken 0.005407 iter 31 next_points [{'alpha': 0.09559889947807919, 'batch_size': 60, 'beta_1': 0.5011467826970865, 'beta_2': 0.9029063881417, 'epsilon': 1.9999257376244384e-08, 'hidden_layer_sizes': 54, 'learning_rate_init': 0.0924417857677139, 'tol': 0.005777797446125574, 'validation_fraction': 0.7962994210206418}]
/Users/ryedida/miniforge3/lib/python3.9/site-packages/sklearn/neural_network/_multilayer_perceptron.py:605: UserWarning: Got `batch_size` less than 1 or larger than sample size. It is going to be clipped
  warnings.warn(

function_evaluation time 0.040431 value -0.925000 suggestion {'alpha': 0.09559889947807919, 'batch_size': 60, 'beta_1': 0.5011467826970865, 'beta_2': 0.9029063881417, 'epsilon': 1.9999257376244384e-08, 'hidden_layer_sizes': 54, 'learning_rate_init': 0.0924417857677139, 'tol': 0.005777797446125574, 'validation_fraction': 0.7962994210206418}
observation time 0.000016, current best -0.983333 at iter 31
suggestion time taken 0.005499 iter 32 next_points [{'alpha': 0.5436650477425047, 'batch_size': 118, 'beta_1': 0.7084444953935014, 'beta_2': 0.9190708803536769, 'epsilon': 6.565864006251252e-09, 'hidden_layer_sizes': 101, 'learning_rate_init': 0.02976347290900152, 'tol': 0.034084856051107004, 'validation_fraction': 0.6573352817809531}]
/Users/ryedida/miniforge3/lib/python3.9/site-packages/sklearn/neural_network/_multilayer_perceptron.py:605: UserWarning: Got `batch_size` less than 1 or larger than sample size. It is going to be clipped
  warnings.warn(

function_evaluation time 0.034046 value -0.941667 suggestion {'alpha': 0.5436650477425047, 'batch_size': 118, 'beta_1': 0.7084444953935014, 'beta_2': 0.9190708803536769, 'epsilon': 6.565864006251252e-09, 'hidden_layer_sizes': 101, 'learning_rate_init': 0.02976347290900152, 'tol': 0.034084856051107004, 'validation_fraction': 0.6573352817809531}
observation time 0.000017, current best -0.983333 at iter 32
suggestion time taken 0.005633 iter 33 next_points [{'alpha': 0.024059421002481245, 'batch_size': 83, 'beta_1': 0.8732009390647609, 'beta_2': 0.9289797894401713, 'epsilon': 2.623907892608964e-08, 'hidden_layer_sizes': 86, 'learning_rate_init': 0.050837921580837914, 'tol': 0.00017465694333093743, 'validation_fraction': 0.821297529349196}]
/Users/ryedida/miniforge3/lib/python3.9/site-packages/sklearn/neural_network/_multilayer_perceptron.py:605: UserWarning: Got `batch_size` less than 1 or larger than sample size. It is going to be clipped
  warnings.warn(

function_evaluation time 0.047177 value -0.958333 suggestion {'alpha': 0.024059421002481245, 'batch_size': 83, 'beta_1': 0.8732009390647609, 'beta_2': 0.9289797894401713, 'epsilon': 2.623907892608964e-08, 'hidden_layer_sizes': 86, 'learning_rate_init': 0.050837921580837914, 'tol': 0.00017465694333093743, 'validation_fraction': 0.821297529349196}
observation time 0.000015, current best -0.983333 at iter 33
suggestion time taken 0.005570 iter 34 next_points [{'alpha': 0.0069548930689482666, 'batch_size': 52, 'beta_1': 0.6611571053736819, 'beta_2': 0.944637545128784, 'epsilon': 5.422884566533939e-09, 'hidden_layer_sizes': 77, 'learning_rate_init': 0.022147768305464884, 'tol': 0.0016632242976049446, 'validation_fraction': 0.10269637390341721}]
function_evaluation time 0.041108 value -0.916667 suggestion {'alpha': 0.0069548930689482666, 'batch_size': 52, 'beta_1': 0.6611571053736819, 'beta_2': 0.944637545128784, 'epsilon': 5.422884566533939e-09, 'hidden_layer_sizes': 77, 'learning_rate_init': 0.022147768305464884, 'tol': 0.0016632242976049446, 'validation_fraction': 0.10269637390341721}
observation time 0.000027, current best -0.983333 at iter 34
suggestion time taken 0.005777 iter 35 next_points [{'alpha': 5.069402423819052, 'batch_size': 129, 'beta_1': 0.5580172758369356, 'beta_2': 0.9143401338121793, 'epsilon': 1.110645485737481e-09, 'hidden_layer_sizes': 94, 'learning_rate_init': 0.011467060932925025, 'tol': 1.982147691888902e-05, 'validation_fraction': 0.2102981540491564}]
/Users/ryedida/miniforge3/lib/python3.9/site-packages/sklearn/neural_network/_multilayer_perceptron.py:605: UserWarning: Got `batch_size` less than 1 or larger than sample size. It is going to be clipped
  warnings.warn(

function_evaluation time 0.041921 value -0.941667 suggestion {'alpha': 5.069402423819052, 'batch_size': 129, 'beta_1': 0.5580172758369356, 'beta_2': 0.9143401338121793, 'epsilon': 1.110645485737481e-09, 'hidden_layer_sizes': 94, 'learning_rate_init': 0.011467060932925025, 'tol': 1.982147691888902e-05, 'validation_fraction': 0.2102981540491564}
observation time 0.000026, current best -0.983333 at iter 35
suggestion time taken 0.005884 iter 36 next_points [{'alpha': 0.0007514782732227092, 'batch_size': 103, 'beta_1': 0.5862806425186425, 'beta_2': 0.9007040412776994, 'epsilon': 1.1449113809504749e-08, 'hidden_layer_sizes': 67, 'learning_rate_init': 0.0052094187074916976, 'tol': 0.0003696093493214873, 'validation_fraction': 0.46248007075590614}]
/Users/ryedida/miniforge3/lib/python3.9/site-packages/sklearn/neural_network/_multilayer_perceptron.py:605: UserWarning: Got `batch_size` less than 1 or larger than sample size. It is going to be clipped
  warnings.warn(

function_evaluation time 0.056654 value -0.916667 suggestion {'alpha': 0.0007514782732227092, 'batch_size': 103, 'beta_1': 0.5862806425186425, 'beta_2': 0.9007040412776994, 'epsilon': 1.1449113809504749e-08, 'hidden_layer_sizes': 67, 'learning_rate_init': 0.0052094187074916976, 'tol': 0.0003696093493214873, 'validation_fraction': 0.46248007075590614}
observation time 0.000025, current best -0.983333 at iter 36
suggestion time taken 0.005778 iter 37 next_points [{'alpha': 0.0009231461525936794, 'batch_size': 224, 'beta_1': 0.6124509462046136, 'beta_2': 0.9853397121034612, 'epsilon': 1.5393479609261573e-07, 'hidden_layer_sizes': 172, 'learning_rate_init': 0.0006837640845671867, 'tol': 0.0019883161105600277, 'validation_fraction': 0.6268059518862981}]
/Users/ryedida/miniforge3/lib/python3.9/site-packages/sklearn/neural_network/_multilayer_perceptron.py:605: UserWarning: Got `batch_size` less than 1 or larger than sample size. It is going to be clipped
  warnings.warn(

function_evaluation time 0.030482 value -0.625000 suggestion {'alpha': 0.0009231461525936794, 'batch_size': 224, 'beta_1': 0.6124509462046136, 'beta_2': 0.9853397121034612, 'epsilon': 1.5393479609261573e-07, 'hidden_layer_sizes': 172, 'learning_rate_init': 0.0006837640845671867, 'tol': 0.0019883161105600277, 'validation_fraction': 0.6268059518862981}
observation time 0.000024, current best -0.983333 at iter 37
suggestion time taken 0.005879 iter 38 next_points [{'alpha': 0.2999210075674646, 'batch_size': 73, 'beta_1': 0.6537098982316595, 'beta_2': 0.9078613581047885, 'epsilon': 3.881771362266213e-08, 'hidden_layer_sizes': 58, 'learning_rate_init': 0.022821121231712586, 'tol': 0.008494012353623787, 'validation_fraction': 0.7998796972722462}]
/Users/ryedida/miniforge3/lib/python3.9/site-packages/sklearn/neural_network/_multilayer_perceptron.py:605: UserWarning: Got `batch_size` less than 1 or larger than sample size. It is going to be clipped
  warnings.warn(

function_evaluation time 0.048402 value -0.950000 suggestion {'alpha': 0.2999210075674646, 'batch_size': 73, 'beta_1': 0.6537098982316595, 'beta_2': 0.9078613581047885, 'epsilon': 3.881771362266213e-08, 'hidden_layer_sizes': 58, 'learning_rate_init': 0.022821121231712586, 'tol': 0.008494012353623787, 'validation_fraction': 0.7998796972722462}
observation time 0.000027, current best -0.983333 at iter 38
suggestion time taken 0.005915 iter 39 next_points [{'alpha': 1.0330974513885054, 'batch_size': 179, 'beta_1': 0.7738135798521641, 'beta_2': 0.9584941013420287, 'epsilon': 2.5437541040360538e-09, 'hidden_layer_sizes': 120, 'learning_rate_init': 0.00021650335575287046, 'tol': 1.0845324980857812e-05, 'validation_fraction': 0.12245476900305194}]
/Users/ryedida/miniforge3/lib/python3.9/site-packages/sklearn/neural_network/_multilayer_perceptron.py:605: UserWarning: Got `batch_size` less than 1 or larger than sample size. It is going to be clipped
  warnings.warn(

function_evaluation time 0.025009 value -0.375000 suggestion {'alpha': 1.0330974513885054, 'batch_size': 179, 'beta_1': 0.7738135798521641, 'beta_2': 0.9584941013420287, 'epsilon': 2.5437541040360538e-09, 'hidden_layer_sizes': 120, 'learning_rate_init': 0.00021650335575287046, 'tol': 1.0845324980857812e-05, 'validation_fraction': 0.12245476900305194}
observation time 0.000016, current best -0.983333 at iter 39
suggestion time taken 0.005893 iter 40 next_points [{'alpha': 0.027699828968685482, 'batch_size': 45, 'beta_1': 0.7099383583934871, 'beta_2': 0.93008655540807, 'epsilon': 1.4355194962899457e-08, 'hidden_layer_sizes': 105, 'learning_rate_init': 0.05449979857445835, 'tol': 0.000711256593376313, 'validation_fraction': 0.3729449497648542}]
function_evaluation time 0.045218 value -0.950000 suggestion {'alpha': 0.027699828968685482, 'batch_size': 45, 'beta_1': 0.7099383583934871, 'beta_2': 0.93008655540807, 'epsilon': 1.4355194962899457e-08, 'hidden_layer_sizes': 105, 'learning_rate_init': 0.05449979857445835, 'tol': 0.000711256593376313, 'validation_fraction': 0.3729449497648542}
observation time 0.000027, current best -0.983333 at iter 40
suggestion time taken 0.005943 iter 41 next_points [{'alpha': 0.004988917412579402, 'batch_size': 144, 'beta_1': 0.5753192443656843, 'beta_2': 0.9362439536305105, 'epsilon': 4.566120951888237e-09, 'hidden_layer_sizes': 80, 'learning_rate_init': 0.008287454164328979, 'tol': 0.0045581789325568325, 'validation_fraction': 0.2840812895065943}]
/Users/ryedida/miniforge3/lib/python3.9/site-packages/sklearn/neural_network/_multilayer_perceptron.py:605: UserWarning: Got `batch_size` less than 1 or larger than sample size. It is going to be clipped
  warnings.warn(

function_evaluation time 0.046832 value -0.883333 suggestion {'alpha': 0.004988917412579402, 'batch_size': 144, 'beta_1': 0.5753192443656843, 'beta_2': 0.9362439536305105, 'epsilon': 4.566120951888237e-09, 'hidden_layer_sizes': 80, 'learning_rate_init': 0.008287454164328979, 'tol': 0.0045581789325568325, 'validation_fraction': 0.2840812895065943}
observation time 0.000026, current best -0.983333 at iter 41
suggestion time taken 0.006038 iter 42 next_points [{'alpha': 1.7531347551801235, 'batch_size': 121, 'beta_1': 0.9100237671612667, 'beta_2': 0.9417063088901807, 'epsilon': 2.582828143460929e-08, 'hidden_layer_sizes': 98, 'learning_rate_init': 0.002307926676528422, 'tol': 0.04033851638551104, 'validation_fraction': 0.7544369937180004}]
/Users/ryedida/miniforge3/lib/python3.9/site-packages/sklearn/neural_network/_multilayer_perceptron.py:605: UserWarning: Got `batch_size` less than 1 or larger than sample size. It is going to be clipped
  warnings.warn(

function_evaluation time 0.035457 value -0.700000 suggestion {'alpha': 1.7531347551801235, 'batch_size': 121, 'beta_1': 0.9100237671612667, 'beta_2': 0.9417063088901807, 'epsilon': 2.582828143460929e-08, 'hidden_layer_sizes': 98, 'learning_rate_init': 0.002307926676528422, 'tol': 0.04033851638551104, 'validation_fraction': 0.7544369937180004}
observation time 0.000028, current best -0.983333 at iter 42
suggestion time taken 0.006083 iter 43 next_points [{'alpha': 0.09984841404370334, 'batch_size': 64, 'beta_1': 0.5121039161176273, 'beta_2': 0.9186445517686499, 'epsilon': 6.901310593711692e-09, 'hidden_layer_sizes': 137, 'learning_rate_init': 0.0006398835093811795, 'tol': 7.02942626929049e-05, 'validation_fraction': 0.1609822612968571}]
function_evaluation time 0.047598 value -0.658333 suggestion {'alpha': 0.09984841404370334, 'batch_size': 64, 'beta_1': 0.5121039161176273, 'beta_2': 0.9186445517686499, 'epsilon': 6.901310593711692e-09, 'hidden_layer_sizes': 137, 'learning_rate_init': 0.0006398835093811795, 'tol': 7.02942626929049e-05, 'validation_fraction': 0.1609822612968571}
observation time 0.000025, current best -0.983333 at iter 43
suggestion time taken 0.006033 iter 44 next_points [{'alpha': 0.2862522489120548, 'batch_size': 156, 'beta_1': 0.9869026323546631, 'beta_2': 0.9268311952811165, 'epsilon': 8.444257545391044e-08, 'hidden_layer_sizes': 64, 'learning_rate_init': 0.003890682230552434, 'tol': 0.00021957213926192663, 'validation_fraction': 0.21996720222093658}]
/Users/ryedida/miniforge3/lib/python3.9/site-packages/sklearn/neural_network/_multilayer_perceptron.py:605: UserWarning: Got `batch_size` less than 1 or larger than sample size. It is going to be clipped
  warnings.warn(

function_evaluation time 0.033639 value -0.683333 suggestion {'alpha': 0.2862522489120548, 'batch_size': 156, 'beta_1': 0.9869026323546631, 'beta_2': 0.9268311952811165, 'epsilon': 8.444257545391044e-08, 'hidden_layer_sizes': 64, 'learning_rate_init': 0.003890682230552434, 'tol': 0.00021957213926192663, 'validation_fraction': 0.21996720222093658}
observation time 0.000024, current best -0.983333 at iter 44
saving meta data: {'args': {'--uuid': 'a56e497cc9f95caebd6e9bc917db3167', '-db-root': '/Users/ryedida/Desktop/menzies/thesis/smoothness-hpo/smoothness-hpo/bbo_challenge_starter_kit/output', '--opt-root': '/Users/ryedida/Desktop/menzies/thesis/smoothness-hpo/smoothness-hpo/bbo_challenge_starter_kit/example_submissions', '--data-root': None, '--db': 'run_20230816_225923', '--opt': 'hyperopt', '--data': 'iris', '--classifier': 'MLP-adam', '--metric': 'acc', '--calls': 45, '--suggestions': 1, '--jobs-file': None, '--verbose': False, 'dry_run': False, 'rev': 'a376313', 'opt_rev': '0.2.7'}, 'signature': ([{'alpha': 0.019628224813442792, 'batch_size': 182, 'beta_1': 0.9410202200271762, 'beta_2': 0.9998021557676793, 'epsilon': 1.8662266976518e-08, 'hidden_layer_sizes': 147, 'learning_rate_init': 0.0005627932047415167, 'tol': 0.03690557729213761, 'validation_fraction': 0.8846827852548593}, {'alpha': 0.001998246739232944, 'batch_size': 200, 'beta_1': 0.919111482530466, 'beta_2': 0.9998488260436156, 'epsilon': 5.981221901152555e-07, 'hidden_layer_sizes': 61, 'learning_rate_init': 2.2310905607443014e-05, 'tol': 1.2046852412030316e-05, 'validation_fraction': 0.8117896445826539}, {'alpha': 0.46659545670218433, 'batch_size': 219, 'beta_1': 0.9889789783750891, 'beta_2': 0.9999896868093284, 'epsilon': 2.4234724484675948e-08, 'hidden_layer_sizes': 167, 'learning_rate_init': 2.972334644335654e-05, 'tol': 0.0036281404040243792, 'validation_fraction': 0.17260651658522078}, {'alpha': 4.656005689076002, 'batch_size': 135, 'beta_1': 0.870503881627747, 'beta_2': 0.9948873266941017, 'epsilon': 2.1023308743480125e-07, 'hidden_layer_sizes': 118, 'learning_rate_init': 0.001878173875716191, 'tol': 1.1889379831773006e-05, 'validation_fraction': 0.6264327093752792}, {'alpha': 0.04705159350400542, 'batch_size': 158, 'beta_1': 0.9870884262730957, 'beta_2': 0.9999596874382349, 'epsilon': 1.1981845126013875e-08, 'hidden_layer_sizes': 116, 'learning_rate_init': 0.006173405204074311, 'tol': 1.7414134181586194e-05, 'validation_fraction': 0.6754299026638921}], [-0.41666666666666663, -0.275, -0.3416666666666667, -0.725, -0.875])}
saving results
saving timing
saving suggest log
done
