running: {'--uuid': '4fe97cb3c3ea5c259e4509e3ef6dfc26', '-db-root': '/Users/ryedida/Desktop/menzies/thesis/smoothness-hpo/smoothness-hpo/bbo_challenge_starter_kit/output', '--opt-root': '/Users/ryedida/Desktop/menzies/thesis/smoothness-hpo/smoothness-hpo/bbo_challenge_starter_kit/example_submissions', '--data-root': None, '--db': 'run_20230815_214848', '--opt': 'hyperopt', '--data': 'breast', '--classifier': 'MLP-adam', '--metric': 'nll', '--calls': 45, '--suggestions': 1, '--jobs-file': None, '--verbose': False, 'dry_run': False, 'rev': 'a376313', 'opt_rev': '0.2.7'}
cmd: python hyperopt/optimizer.py -c MLP-adam -d breast -o hyperopt -u 4fe97cb3c3ea5c259e4509e3ef6dfc26 -m nll -n 45 -p 1 -dir /Users/ryedida/Desktop/menzies/thesis/smoothness-hpo/smoothness-hpo/bbo_challenge_starter_kit/output -b run_20230815_214848
/Users/ryedida/miniforge3/lib/python3.9/site-packages/sklearn/neural_network/_multilayer_perceptron.py:605: UserWarning: Got `batch_size` less than 1 or larger than sample size. It is going to be clipped
  warnings.warn(

/Users/ryedida/miniforge3/lib/python3.9/site-packages/sklearn/neural_network/_multilayer_perceptron.py:605: UserWarning: Got `batch_size` less than 1 or larger than sample size. It is going to be clipped
  warnings.warn(

/Users/ryedida/miniforge3/lib/python3.9/site-packages/sklearn/neural_network/_multilayer_perceptron.py:605: UserWarning: Got `batch_size` less than 1 or larger than sample size. It is going to be clipped
  warnings.warn(

computed signature: ([{'alpha': 0.019628224813442792, 'batch_size': 182, 'beta_1': 0.9410202200271762, 'beta_2': 0.9998021557676793, 'epsilon': 1.8662266976518e-08, 'hidden_layer_sizes': 147, 'learning_rate_init': 0.0005627932047415167, 'tol': 0.03690557729213761, 'validation_fraction': 0.8846827852548593}, {'alpha': 0.001998246739232944, 'batch_size': 200, 'beta_1': 0.919111482530466, 'beta_2': 0.9998488260436156, 'epsilon': 5.981221901152555e-07, 'hidden_layer_sizes': 61, 'learning_rate_init': 2.2310905607443014e-05, 'tol': 1.2046852412030316e-05, 'validation_fraction': 0.8117896445826539}, {'alpha': 0.46659545670218433, 'batch_size': 219, 'beta_1': 0.9889789783750891, 'beta_2': 0.9999896868093284, 'epsilon': 2.4234724484675948e-08, 'hidden_layer_sizes': 167, 'learning_rate_init': 2.972334644335654e-05, 'tol': 0.0036281404040243792, 'validation_fraction': 0.17260651658522078}, {'alpha': 4.656005689076002, 'batch_size': 135, 'beta_1': 0.870503881627747, 'beta_2': 0.9948873266941017, 'epsilon': 2.1023308743480125e-07, 'hidden_layer_sizes': 118, 'learning_rate_init': 0.001878173875716191, 'tol': 1.1889379831773006e-05, 'validation_fraction': 0.6264327093752792}, {'alpha': 0.04705159350400542, 'batch_size': 158, 'beta_1': 0.9870884262730957, 'beta_2': 0.9999596874382349, 'epsilon': 1.1981845126013875e-08, 'hidden_layer_sizes': 116, 'learning_rate_init': 0.006173405204074311, 'tol': 1.7414134181586194e-05, 'validation_fraction': 0.6754299026638921}], [8.104566516477805, 14.643876498263253, 12.332285721418042, 5.269783589486869, 3.490431081639362])
/Users/ryedida/miniforge3/lib/python3.9/site-packages/bayesmark/experiment.py:469: UserWarning: Baselines not found. Will not log intermediate scores.
  warnings.warn("Baselines not found. Will not log intermediate scores.")

starting sklearn study hyperopt MLP-adam breast nll 45 1
with data root: None
suggestion time taken 0.005161 iter 0 next_points [{'alpha': 1.1455861894104642, 'batch_size': 142, 'beta_1': 0.6138405521139241, 'beta_2': 0.9873355057781025, 'epsilon': 3.298693454005681e-09, 'hidden_layer_sizes': 184, 'learning_rate_init': 0.09736415761272212, 'tol': 0.004719897931354098, 'validation_fraction': 0.18332894754114093}]
function_evaluation time 0.493811 value 0.322225 suggestion {'alpha': 1.1455861894104642, 'batch_size': 142, 'beta_1': 0.6138405521139241, 'beta_2': 0.9873355057781025, 'epsilon': 3.298693454005681e-09, 'hidden_layer_sizes': 184, 'learning_rate_init': 0.09736415761272212, 'tol': 0.004719897931354098, 'validation_fraction': 0.18332894754114093}
observation time 0.000026, current best 0.322225 at iter 0
suggestion time taken 0.002507 iter 1 next_points [{'alpha': 6.979041568616743, 'batch_size': 47, 'beta_1': 0.6156833648664212, 'beta_2': 0.9742917261167755, 'epsilon': 1.7482150201048116e-08, 'hidden_layer_sizes': 90, 'learning_rate_init': 0.0016374534661674845, 'tol': 0.0006260017374995507, 'validation_fraction': 0.19260488995641684}]
function_evaluation time 0.288674 value 0.456409 suggestion {'alpha': 6.979041568616743, 'batch_size': 47, 'beta_1': 0.6156833648664212, 'beta_2': 0.9742917261167755, 'epsilon': 1.7482150201048116e-08, 'hidden_layer_sizes': 90, 'learning_rate_init': 0.0016374534661674845, 'tol': 0.0006260017374995507, 'validation_fraction': 0.19260488995641684}
observation time 0.000023, current best 0.322225 at iter 1
suggestion time taken 0.001956 iter 2 next_points [{'alpha': 0.7724718098212247, 'batch_size': 33, 'beta_1': 0.8484131049626792, 'beta_2': 0.9784474403667207, 'epsilon': 3.2167293385514854e-09, 'hidden_layer_sizes': 81, 'learning_rate_init': 0.00016565455016637288, 'tol': 0.02064999854361545, 'validation_fraction': 0.2696396470610519}]
function_evaluation time 0.403226 value 5.605827 suggestion {'alpha': 0.7724718098212247, 'batch_size': 33, 'beta_1': 0.8484131049626792, 'beta_2': 0.9784474403667207, 'epsilon': 3.2167293385514854e-09, 'hidden_layer_sizes': 81, 'learning_rate_init': 0.00016565455016637288, 'tol': 0.02064999854361545, 'validation_fraction': 0.2696396470610519}
observation time 0.000025, current best 0.322225 at iter 2
suggestion time taken 0.002366 iter 3 next_points [{'alpha': 0.00014285920845022042, 'batch_size': 36, 'beta_1': 0.9771126374301186, 'beta_2': 0.9384647745614498, 'epsilon': 5.512306341572254e-08, 'hidden_layer_sizes': 120, 'learning_rate_init': 0.00029531773449474727, 'tol': 0.0007054095128439572, 'validation_fraction': 0.40934260881845586}]
function_evaluation time 0.464559 value 8.116985 suggestion {'alpha': 0.00014285920845022042, 'batch_size': 36, 'beta_1': 0.9771126374301186, 'beta_2': 0.9384647745614498, 'epsilon': 5.512306341572254e-08, 'hidden_layer_sizes': 120, 'learning_rate_init': 0.00029531773449474727, 'tol': 0.0007054095128439572, 'validation_fraction': 0.40934260881845586}
observation time 0.000048, current best 0.322225 at iter 3
suggestion time taken 0.005124 iter 4 next_points [{'alpha': 0.0028517052773843034, 'batch_size': 152, 'beta_1': 0.9196195148818336, 'beta_2': 0.9327692129563824, 'epsilon': 2.4307348008878516e-08, 'hidden_layer_sizes': 136, 'learning_rate_init': 0.011122975514527594, 'tol': 0.0009770726096618159, 'validation_fraction': 0.5664989562198409}]
function_evaluation time 0.935281 value 0.925019 suggestion {'alpha': 0.0028517052773843034, 'batch_size': 152, 'beta_1': 0.9196195148818336, 'beta_2': 0.9327692129563824, 'epsilon': 2.4307348008878516e-08, 'hidden_layer_sizes': 136, 'learning_rate_init': 0.011122975514527594, 'tol': 0.0009770726096618159, 'validation_fraction': 0.5664989562198409}
observation time 0.000053, current best 0.322225 at iter 4
suggestion time taken 0.005618 iter 5 next_points [{'alpha': 0.004293912411871946, 'batch_size': 209, 'beta_1': 0.8272194630190977, 'beta_2': 0.9499647718614674, 'epsilon': 2.044008951721551e-09, 'hidden_layer_sizes': 116, 'learning_rate_init': 0.004801085587185617, 'tol': 6.953401125882904e-05, 'validation_fraction': 0.6294177024945582}]
/Users/ryedida/miniforge3/lib/python3.9/site-packages/sklearn/neural_network/_multilayer_perceptron.py:605: UserWarning: Got `batch_size` less than 1 or larger than sample size. It is going to be clipped
  warnings.warn(

function_evaluation time 1.042588 value 0.793083 suggestion {'alpha': 0.004293912411871946, 'batch_size': 209, 'beta_1': 0.8272194630190977, 'beta_2': 0.9499647718614674, 'epsilon': 2.044008951721551e-09, 'hidden_layer_sizes': 116, 'learning_rate_init': 0.004801085587185617, 'tol': 6.953401125882904e-05, 'validation_fraction': 0.6294177024945582}
observation time 0.000025, current best 0.322225 at iter 5
suggestion time taken 0.001991 iter 6 next_points [{'alpha': 0.00022751428552300138, 'batch_size': 140, 'beta_1': 0.8732986212072504, 'beta_2': 0.9571624863831141, 'epsilon': 5.39330200362949e-07, 'hidden_layer_sizes': 55, 'learning_rate_init': 0.040784230811578816, 'tol': 0.03415733651720756, 'validation_fraction': 0.11351010190680097}]
function_evaluation time 0.160706 value 0.702314 suggestion {'alpha': 0.00022751428552300138, 'batch_size': 140, 'beta_1': 0.8732986212072504, 'beta_2': 0.9571624863831141, 'epsilon': 5.39330200362949e-07, 'hidden_layer_sizes': 55, 'learning_rate_init': 0.040784230811578816, 'tol': 0.03415733651720756, 'validation_fraction': 0.11351010190680097}
observation time 0.000027, current best 0.322225 at iter 6
suggestion time taken 0.006732 iter 7 next_points [{'alpha': 9.252979587645115, 'batch_size': 107, 'beta_1': 0.8095994160330169, 'beta_2': 0.9344122884891984, 'epsilon': 7.093190221617255e-08, 'hidden_layer_sizes': 88, 'learning_rate_init': 0.00042908074394491075, 'tol': 0.00010815753900009373, 'validation_fraction': 0.6512809519544018}]
function_evaluation time 0.476938 value 3.936158 suggestion {'alpha': 9.252979587645115, 'batch_size': 107, 'beta_1': 0.8095994160330169, 'beta_2': 0.9344122884891984, 'epsilon': 7.093190221617255e-08, 'hidden_layer_sizes': 88, 'learning_rate_init': 0.00042908074394491075, 'tol': 0.00010815753900009373, 'validation_fraction': 0.6512809519544018}
observation time 0.000025, current best 0.322225 at iter 7
suggestion time taken 0.002324 iter 8 next_points [{'alpha': 0.00035586768762190923, 'batch_size': 53, 'beta_1': 0.863772157525733, 'beta_2': 0.9013818805392501, 'epsilon': 9.97125282166634e-07, 'hidden_layer_sizes': 78, 'learning_rate_init': 0.00011644925308357102, 'tol': 0.00381889951696245, 'validation_fraction': 0.13034880477318175}]
function_evaluation time 0.182071 value 16.630550 suggestion {'alpha': 0.00035586768762190923, 'batch_size': 53, 'beta_1': 0.863772157525733, 'beta_2': 0.9013818805392501, 'epsilon': 9.97125282166634e-07, 'hidden_layer_sizes': 78, 'learning_rate_init': 0.00011644925308357102, 'tol': 0.00381889951696245, 'validation_fraction': 0.13034880477318175}
observation time 0.000026, current best 0.322225 at iter 8
suggestion time taken 0.005484 iter 9 next_points [{'alpha': 0.3713190697147959, 'batch_size': 178, 'beta_1': 0.6152430116872353, 'beta_2': 0.9849523007949571, 'epsilon': 3.743313844831112e-08, 'hidden_layer_sizes': 171, 'learning_rate_init': 0.005637332429742213, 'tol': 0.04395144990485578, 'validation_fraction': 0.10152747018055387}]
function_evaluation time 0.881824 value 0.686936 suggestion {'alpha': 0.3713190697147959, 'batch_size': 178, 'beta_1': 0.6152430116872353, 'beta_2': 0.9849523007949571, 'epsilon': 3.743313844831112e-08, 'hidden_layer_sizes': 171, 'learning_rate_init': 0.005637332429742213, 'tol': 0.04395144990485578, 'validation_fraction': 0.10152747018055387}
observation time 0.000058, current best 0.322225 at iter 9
suggestion time taken 0.005315 iter 10 next_points [{'alpha': 0.040795913275611106, 'batch_size': 181, 'beta_1': 0.6437870256971867, 'beta_2': 0.9189320308621561, 'epsilon': 2.9677593099098006e-09, 'hidden_layer_sizes': 63, 'learning_rate_init': 0.004172674052862691, 'tol': 0.0006541193852909121, 'validation_fraction': 0.6494212776797942}]
/Users/ryedida/miniforge3/lib/python3.9/site-packages/sklearn/neural_network/_multilayer_perceptron.py:605: UserWarning: Got `batch_size` less than 1 or larger than sample size. It is going to be clipped
  warnings.warn(

function_evaluation time 0.696523 value 0.413191 suggestion {'alpha': 0.040795913275611106, 'batch_size': 181, 'beta_1': 0.6437870256971867, 'beta_2': 0.9189320308621561, 'epsilon': 2.9677593099098006e-09, 'hidden_layer_sizes': 63, 'learning_rate_init': 0.004172674052862691, 'tol': 0.0006541193852909121, 'validation_fraction': 0.6494212776797942}
observation time 0.000025, current best 0.322225 at iter 10
suggestion time taken 0.001932 iter 11 next_points [{'alpha': 1.0110149278875538e-05, 'batch_size': 133, 'beta_1': 0.5991980524273695, 'beta_2': 0.9265075312902539, 'epsilon': 4.574838104426211e-07, 'hidden_layer_sizes': 197, 'learning_rate_init': 4.607247076441515e-05, 'tol': 2.977461961920146e-05, 'validation_fraction': 0.10046135096430873}]
function_evaluation time 0.549047 value 6.640353 suggestion {'alpha': 1.0110149278875538e-05, 'batch_size': 133, 'beta_1': 0.5991980524273695, 'beta_2': 0.9265075312902539, 'epsilon': 4.574838104426211e-07, 'hidden_layer_sizes': 197, 'learning_rate_init': 4.607247076441515e-05, 'tol': 2.977461961920146e-05, 'validation_fraction': 0.10046135096430873}
observation time 0.000026, current best 0.322225 at iter 11
suggestion time taken 0.002105 iter 12 next_points [{'alpha': 0.00035733516411560996, 'batch_size': 149, 'beta_1': 0.791928615970206, 'beta_2': 0.9986307295990101, 'epsilon': 6.987469178177938e-08, 'hidden_layer_sizes': 190, 'learning_rate_init': 0.004028918388371761, 'tol': 0.02906975778312876, 'validation_fraction': 0.18415046460643528}]
function_evaluation time 0.755108 value 0.701801 suggestion {'alpha': 0.00035733516411560996, 'batch_size': 149, 'beta_1': 0.791928615970206, 'beta_2': 0.9986307295990101, 'epsilon': 6.987469178177938e-08, 'hidden_layer_sizes': 190, 'learning_rate_init': 0.004028918388371761, 'tol': 0.02906975778312876, 'validation_fraction': 0.18415046460643528}
observation time 0.000024, current best 0.322225 at iter 12
suggestion time taken 0.001912 iter 13 next_points [{'alpha': 0.0073946501743667745, 'batch_size': 95, 'beta_1': 0.6677552906803322, 'beta_2': 0.9878414560615092, 'epsilon': 2.7161781872494636e-09, 'hidden_layer_sizes': 185, 'learning_rate_init': 7.966232519986944e-05, 'tol': 0.019078067233057876, 'validation_fraction': 0.19710265760216003}]
function_evaluation time 0.540360 value 3.886764 suggestion {'alpha': 0.0073946501743667745, 'batch_size': 95, 'beta_1': 0.6677552906803322, 'beta_2': 0.9878414560615092, 'epsilon': 2.7161781872494636e-09, 'hidden_layer_sizes': 185, 'learning_rate_init': 7.966232519986944e-05, 'tol': 0.019078067233057876, 'validation_fraction': 0.19710265760216003}
observation time 0.000026, current best 0.322225 at iter 13
suggestion time taken 0.001925 iter 14 next_points [{'alpha': 0.000725041307341603, 'batch_size': 159, 'beta_1': 0.5420496229593442, 'beta_2': 0.9870875827167104, 'epsilon': 1.6027066767127257e-08, 'hidden_layer_sizes': 116, 'learning_rate_init': 2.058835901762916e-05, 'tol': 0.0003858636613241286, 'validation_fraction': 0.7874349974031241}]
/Users/ryedida/miniforge3/lib/python3.9/site-packages/sklearn/neural_network/_multilayer_perceptron.py:605: UserWarning: Got `batch_size` less than 1 or larger than sample size. It is going to be clipped
  warnings.warn(

function_evaluation time 0.154512 value 19.407441 suggestion {'alpha': 0.000725041307341603, 'batch_size': 159, 'beta_1': 0.5420496229593442, 'beta_2': 0.9870875827167104, 'epsilon': 1.6027066767127257e-08, 'hidden_layer_sizes': 116, 'learning_rate_init': 2.058835901762916e-05, 'tol': 0.0003858636613241286, 'validation_fraction': 0.7874349974031241}
observation time 0.000026, current best 0.322225 at iter 14
suggestion time taken 0.001961 iter 15 next_points [{'alpha': 1.4038858244856751e-05, 'batch_size': 117, 'beta_1': 0.6217215372865411, 'beta_2': 0.9688474324471439, 'epsilon': 6.34440211556164e-07, 'hidden_layer_sizes': 103, 'learning_rate_init': 0.00013713391528486914, 'tol': 0.00021816837275005825, 'validation_fraction': 0.16227162497924913}]
function_evaluation time 0.481411 value 5.393449 suggestion {'alpha': 1.4038858244856751e-05, 'batch_size': 117, 'beta_1': 0.6217215372865411, 'beta_2': 0.9688474324471439, 'epsilon': 6.34440211556164e-07, 'hidden_layer_sizes': 103, 'learning_rate_init': 0.00013713391528486914, 'tol': 0.00021816837275005825, 'validation_fraction': 0.16227162497924913}
observation time 0.000025, current best 0.322225 at iter 15
suggestion time taken 0.002064 iter 16 next_points [{'alpha': 0.09025252002093784, 'batch_size': 81, 'beta_1': 0.5357174175329807, 'beta_2': 0.914406913844, 'epsilon': 2.8084624484383117e-07, 'hidden_layer_sizes': 146, 'learning_rate_init': 0.003914872443061246, 'tol': 0.0013590401449663405, 'validation_fraction': 0.14810425457232812}]
function_evaluation time 0.491495 value 0.390131 suggestion {'alpha': 0.09025252002093784, 'batch_size': 81, 'beta_1': 0.5357174175329807, 'beta_2': 0.914406913844, 'epsilon': 2.8084624484383117e-07, 'hidden_layer_sizes': 146, 'learning_rate_init': 0.003914872443061246, 'tol': 0.0013590401449663405, 'validation_fraction': 0.14810425457232812}
observation time 0.000055, current best 0.322225 at iter 16
suggestion time taken 0.005528 iter 17 next_points [{'alpha': 0.010318142542863333, 'batch_size': 140, 'beta_1': 0.6926480933381314, 'beta_2': 0.9339576985191069, 'epsilon': 1.9171203438638168e-08, 'hidden_layer_sizes': 158, 'learning_rate_init': 0.0004018947846666078, 'tol': 1.1785418918742035e-05, 'validation_fraction': 0.12367967213971674}]
function_evaluation time 0.766090 value 0.375507 suggestion {'alpha': 0.010318142542863333, 'batch_size': 140, 'beta_1': 0.6926480933381314, 'beta_2': 0.9339576985191069, 'epsilon': 1.9171203438638168e-08, 'hidden_layer_sizes': 158, 'learning_rate_init': 0.0004018947846666078, 'tol': 1.1785418918742035e-05, 'validation_fraction': 0.12367967213971674}
observation time 0.000028, current best 0.322225 at iter 17
suggestion time taken 0.003346 iter 18 next_points [{'alpha': 0.032369593188116934, 'batch_size': 69, 'beta_1': 0.5882859335812164, 'beta_2': 0.9098628391965241, 'epsilon': 4.1265887261116594e-08, 'hidden_layer_sizes': 75, 'learning_rate_init': 0.05642289742671496, 'tol': 1.0132440720232509e-05, 'validation_fraction': 0.20729506255670987}]
function_evaluation time 0.239526 value 0.460364 suggestion {'alpha': 0.032369593188116934, 'batch_size': 69, 'beta_1': 0.5882859335812164, 'beta_2': 0.9098628391965241, 'epsilon': 4.1265887261116594e-08, 'hidden_layer_sizes': 75, 'learning_rate_init': 0.05642289742671496, 'tol': 1.0132440720232509e-05, 'validation_fraction': 0.20729506255670987}
observation time 0.000029, current best 0.322225 at iter 18
suggestion time taken 0.001924 iter 19 next_points [{'alpha': 0.0006114055914587398, 'batch_size': 175, 'beta_1': 0.523770060658629, 'beta_2': 0.9754275544472457, 'epsilon': 2.0191228975648235e-08, 'hidden_layer_sizes': 94, 'learning_rate_init': 1.0633917151757884e-05, 'tol': 3.514270069531206e-05, 'validation_fraction': 0.2920717144968045}]
function_evaluation time 0.196690 value 18.808421 suggestion {'alpha': 0.0006114055914587398, 'batch_size': 175, 'beta_1': 0.523770060658629, 'beta_2': 0.9754275544472457, 'epsilon': 2.0191228975648235e-08, 'hidden_layer_sizes': 94, 'learning_rate_init': 1.0633917151757884e-05, 'tol': 3.514270069531206e-05, 'validation_fraction': 0.2920717144968045}
observation time 0.000056, current best 0.322225 at iter 19
suggestion time taken 0.017258 iter 20 next_points [{'alpha': 1.7070648343255355, 'batch_size': 240, 'beta_1': 0.737065005709975, 'beta_2': 0.9614080532013005, 'epsilon': 7.272892243876803e-09, 'hidden_layer_sizes': 159, 'learning_rate_init': 0.0011245437075684448, 'tol': 0.00552149559549864, 'validation_fraction': 0.2371623489261734}]
function_evaluation time 0.504968 value 2.994144 suggestion {'alpha': 1.7070648343255355, 'batch_size': 240, 'beta_1': 0.737065005709975, 'beta_2': 0.9614080532013005, 'epsilon': 7.272892243876803e-09, 'hidden_layer_sizes': 159, 'learning_rate_init': 0.0011245437075684448, 'tol': 0.00552149559549864, 'validation_fraction': 0.2371623489261734}
observation time 0.000026, current best 0.322225 at iter 20
suggestion time taken 0.013897 iter 21 next_points [{'alpha': 0.13998272549523968, 'batch_size': 230, 'beta_1': 0.712089797664447, 'beta_2': 0.9465984064496291, 'epsilon': 1.1061491573940969e-09, 'hidden_layer_sizes': 172, 'learning_rate_init': 0.016006782877428277, 'tol': 0.006418374631049823, 'validation_fraction': 0.3626936171974006}]
function_evaluation time 0.654373 value 1.496224 suggestion {'alpha': 0.13998272549523968, 'batch_size': 230, 'beta_1': 0.712089797664447, 'beta_2': 0.9465984064496291, 'epsilon': 1.1061491573940969e-09, 'hidden_layer_sizes': 172, 'learning_rate_init': 0.016006782877428277, 'tol': 0.006418374631049823, 'validation_fraction': 0.3626936171974006}
observation time 0.000028, current best 0.322225 at iter 21
suggestion time taken 0.017512 iter 22 next_points [{'alpha': 2.4314735553918623, 'batch_size': 206, 'beta_1': 0.7381087696643881, 'beta_2': 0.9979325445956354, 'epsilon': 9.35410355231364e-09, 'hidden_layer_sizes': 152, 'learning_rate_init': 0.0005106602097266242, 'tol': 0.0025635318516079556, 'validation_fraction': 0.12045807767618462}]
function_evaluation time 0.526880 value 2.861958 suggestion {'alpha': 2.4314735553918623, 'batch_size': 206, 'beta_1': 0.7381087696643881, 'beta_2': 0.9979325445956354, 'epsilon': 9.35410355231364e-09, 'hidden_layer_sizes': 152, 'learning_rate_init': 0.0005106602097266242, 'tol': 0.0025635318516079556, 'validation_fraction': 0.12045807767618462}
observation time 0.000027, current best 0.322225 at iter 22
suggestion time taken 0.009155 iter 23 next_points [{'alpha': 5.901725727927394e-05, 'batch_size': 120, 'beta_1': 0.6791206812211759, 'beta_2': 0.9472892107606953, 'epsilon': 1.622502884127228e-07, 'hidden_layer_sizes': 173, 'learning_rate_init': 0.08905453298178614, 'tol': 0.010608403197595897, 'validation_fraction': 0.15547790472842846}]
function_evaluation time 0.621287 value 0.344413 suggestion {'alpha': 5.901725727927394e-05, 'batch_size': 120, 'beta_1': 0.6791206812211759, 'beta_2': 0.9472892107606953, 'epsilon': 1.622502884127228e-07, 'hidden_layer_sizes': 173, 'learning_rate_init': 0.08905453298178614, 'tol': 0.010608403197595897, 'validation_fraction': 0.15547790472842846}
observation time 0.000060, current best 0.322225 at iter 23
suggestion time taken 0.012718 iter 24 next_points [{'alpha': 5.699070893778885e-05, 'batch_size': 117, 'beta_1': 0.5740278513812659, 'beta_2': 0.9459631460612984, 'epsilon': 2.167779526376368e-07, 'hidden_layer_sizes': 176, 'learning_rate_init': 0.026423654551735964, 'tol': 0.08755640198648076, 'validation_fraction': 0.15459508553462076}]
function_evaluation time 0.493969 value 0.934538 suggestion {'alpha': 5.699070893778885e-05, 'batch_size': 117, 'beta_1': 0.5740278513812659, 'beta_2': 0.9459631460612984, 'epsilon': 2.167779526376368e-07, 'hidden_layer_sizes': 176, 'learning_rate_init': 0.026423654551735964, 'tol': 0.08755640198648076, 'validation_fraction': 0.15459508553462076}
observation time 0.000064, current best 0.322225 at iter 24
suggestion time taken 0.010699 iter 25 next_points [{'alpha': 5.70253692692972e-05, 'batch_size': 97, 'beta_1': 0.5573396874869948, 'beta_2': 0.9633958158750328, 'epsilon': 1.322663510446325e-07, 'hidden_layer_sizes': 200, 'learning_rate_init': 0.09801291142537942, 'tol': 0.09039234977969761, 'validation_fraction': 0.34650655620963317}]
function_evaluation time 0.529261 value 0.358831 suggestion {'alpha': 5.70253692692972e-05, 'batch_size': 97, 'beta_1': 0.5573396874869948, 'beta_2': 0.9633958158750328, 'epsilon': 1.322663510446325e-07, 'hidden_layer_sizes': 200, 'learning_rate_init': 0.09801291142537942, 'tol': 0.09039234977969761, 'validation_fraction': 0.34650655620963317}
observation time 0.000063, current best 0.322225 at iter 25
suggestion time taken 0.008439 iter 26 next_points [{'alpha': 0.0018885372572572472, 'batch_size': 81, 'beta_1': 0.5007192293877846, 'beta_2': 0.9535485263271685, 'epsilon': 1.1843955689438402e-07, 'hidden_layer_sizes': 137, 'learning_rate_init': 0.06638935492426862, 'tol': 0.009419700163949893, 'validation_fraction': 0.14353417830302237}]
function_evaluation time 0.433371 value 0.424589 suggestion {'alpha': 0.0018885372572572472, 'batch_size': 81, 'beta_1': 0.5007192293877846, 'beta_2': 0.9535485263271685, 'epsilon': 1.1843955689438402e-07, 'hidden_layer_sizes': 137, 'learning_rate_init': 0.06638935492426862, 'tol': 0.009419700163949893, 'validation_fraction': 0.14353417830302237}
observation time 0.000028, current best 0.322225 at iter 26
suggestion time taken 0.014131 iter 27 next_points [{'alpha': 3.114270928220054e-05, 'batch_size': 121, 'beta_1': 0.7688935966762184, 'beta_2': 0.9431715132065794, 'epsilon': 5.997845250301746e-09, 'hidden_layer_sizes': 185, 'learning_rate_init': 0.02371572120838111, 'tol': 0.002152817405470457, 'validation_fraction': 0.22569430824863204}]
function_evaluation time 0.558064 value 0.764533 suggestion {'alpha': 3.114270928220054e-05, 'batch_size': 121, 'beta_1': 0.7688935966762184, 'beta_2': 0.9431715132065794, 'epsilon': 5.997845250301746e-09, 'hidden_layer_sizes': 185, 'learning_rate_init': 0.02371572120838111, 'tol': 0.002152817405470457, 'validation_fraction': 0.22569430824863204}
observation time 0.000029, current best 0.322225 at iter 27
suggestion time taken 0.022442 iter 28 next_points [{'alpha': 4.198273849941409, 'batch_size': 194, 'beta_1': 0.6568217219669331, 'beta_2': 0.968515472636066, 'epsilon': 1.4626667143814928e-07, 'hidden_layer_sizes': 165, 'learning_rate_init': 0.0960664454262133, 'tol': 0.012057509348495142, 'validation_fraction': 0.1719853073509988}]
function_evaluation time 0.548093 value 0.342873 suggestion {'alpha': 4.198273849941409, 'batch_size': 194, 'beta_1': 0.6568217219669331, 'beta_2': 0.968515472636066, 'epsilon': 1.4626667143814928e-07, 'hidden_layer_sizes': 165, 'learning_rate_init': 0.0960664454262133, 'tol': 0.012057509348495142, 'validation_fraction': 0.1719853073509988}
observation time 0.000060, current best 0.322225 at iter 28
suggestion time taken 0.012421 iter 29 next_points [{'alpha': 3.84547547537789, 'batch_size': 195, 'beta_1': 0.6515894722867938, 'beta_2': 0.9921573601722036, 'epsilon': 1.1538636733444292e-08, 'hidden_layer_sizes': 161, 'learning_rate_init': 0.008683758461992718, 'tol': 0.013293767848036268, 'validation_fraction': 0.26016294427727765}]
function_evaluation time 0.344169 value 0.592149 suggestion {'alpha': 3.84547547537789, 'batch_size': 195, 'beta_1': 0.6515894722867938, 'beta_2': 0.9921573601722036, 'epsilon': 1.1538636733444292e-08, 'hidden_layer_sizes': 161, 'learning_rate_init': 0.008683758461992718, 'tol': 0.013293767848036268, 'validation_fraction': 0.26016294427727765}
observation time 0.000062, current best 0.322225 at iter 29
suggestion time taken 0.021207 iter 30 next_points [{'alpha': 0.6138564229560408, 'batch_size': 223, 'beta_1': 0.6306228729537716, 'beta_2': 0.9694434481223482, 'epsilon': 1.1279269874279686e-09, 'hidden_layer_sizes': 132, 'learning_rate_init': 0.0019578896937470997, 'tol': 0.06356873840082147, 'validation_fraction': 0.1737324969181654}]
function_evaluation time 0.323857 value 0.552456 suggestion {'alpha': 0.6138564229560408, 'batch_size': 223, 'beta_1': 0.6306228729537716, 'beta_2': 0.9694434481223482, 'epsilon': 1.1279269874279686e-09, 'hidden_layer_sizes': 132, 'learning_rate_init': 0.0019578896937470997, 'tol': 0.06356873840082147, 'validation_fraction': 0.1737324969181654}
observation time 0.000027, current best 0.322225 at iter 30
suggestion time taken 0.008545 iter 31 next_points [{'alpha': 9.218777438781771, 'batch_size': 198, 'beta_1': 0.5753868089637219, 'beta_2': 0.980719923182989, 'epsilon': 4.518157211296474e-09, 'hidden_layer_sizes': 146, 'learning_rate_init': 0.03586514322456407, 'tol': 0.0015315057402757425, 'validation_fraction': 0.43956088698522156}]
function_evaluation time 0.372806 value 0.512759 suggestion {'alpha': 9.218777438781771, 'batch_size': 198, 'beta_1': 0.5753868089637219, 'beta_2': 0.980719923182989, 'epsilon': 4.518157211296474e-09, 'hidden_layer_sizes': 146, 'learning_rate_init': 0.03586514322456407, 'tol': 0.0015315057402757425, 'validation_fraction': 0.43956088698522156}
observation time 0.000030, current best 0.322225 at iter 31
suggestion time taken 0.021978 iter 32 next_points [{'alpha': 1.0696055260118085, 'batch_size': 246, 'beta_1': 0.7098731992258708, 'beta_2': 0.9673142833597806, 'epsilon': 8.725289084420599e-08, 'hidden_layer_sizes': 200, 'learning_rate_init': 0.0017000814863274664, 'tol': 0.003828093114849133, 'validation_fraction': 0.33336726050108323}]
function_evaluation time 0.596556 value 5.346586 suggestion {'alpha': 1.0696055260118085, 'batch_size': 246, 'beta_1': 0.7098731992258708, 'beta_2': 0.9673142833597806, 'epsilon': 8.725289084420599e-08, 'hidden_layer_sizes': 200, 'learning_rate_init': 0.0017000814863274664, 'tol': 0.003828093114849133, 'validation_fraction': 0.33336726050108323}
observation time 0.000030, current best 0.322225 at iter 32
suggestion time taken 0.010253 iter 33 next_points [{'alpha': 0.2902032265229377, 'batch_size': 158, 'beta_1': 0.9807367600045427, 'beta_2': 0.9762809100261486, 'epsilon': 3.238513429190539e-07, 'hidden_layer_sizes': 127, 'learning_rate_init': 0.013962238408765967, 'tol': 0.019494129313738638, 'validation_fraction': 0.2564634188825536}]
function_evaluation time 0.408337 value 1.178838 suggestion {'alpha': 0.2902032265229377, 'batch_size': 158, 'beta_1': 0.9807367600045427, 'beta_2': 0.9762809100261486, 'epsilon': 3.238513429190539e-07, 'hidden_layer_sizes': 127, 'learning_rate_init': 0.013962238408765967, 'tol': 0.019494129313738638, 'validation_fraction': 0.2564634188825536}
observation time 0.000032, current best 0.322225 at iter 33
suggestion time taken 0.014582 iter 34 next_points [{'alpha': 4.371702761444196, 'batch_size': 169, 'beta_1': 0.5065357990423003, 'beta_2': 0.9916508506588109, 'epsilon': 1.4355445443442644e-09, 'hidden_layer_sizes': 184, 'learning_rate_init': 0.05002268440378882, 'tol': 0.0004029034062081098, 'validation_fraction': 0.4697491376197469}]
function_evaluation time 0.454655 value 0.479773 suggestion {'alpha': 4.371702761444196, 'batch_size': 169, 'beta_1': 0.5065357990423003, 'beta_2': 0.9916508506588109, 'epsilon': 1.4355445443442644e-09, 'hidden_layer_sizes': 184, 'learning_rate_init': 0.05002268440378882, 'tol': 0.0004029034062081098, 'validation_fraction': 0.4697491376197469}
observation time 0.000032, current best 0.322225 at iter 34
suggestion time taken 0.012705 iter 35 next_points [{'alpha': 0.1535921802156679, 'batch_size': 192, 'beta_1': 0.7461641395154193, 'beta_2': 0.981167680220376, 'epsilon': 2.8860397436453597e-08, 'hidden_layer_sizes': 166, 'learning_rate_init': 0.008344570972472827, 'tol': 0.006714405414251803, 'validation_fraction': 0.21296306781015653}]
function_evaluation time 0.479805 value 1.028373 suggestion {'alpha': 0.1535921802156679, 'batch_size': 192, 'beta_1': 0.7461641395154193, 'beta_2': 0.981167680220376, 'epsilon': 2.8860397436453597e-08, 'hidden_layer_sizes': 166, 'learning_rate_init': 0.008344570972472827, 'tol': 0.006714405414251803, 'validation_fraction': 0.21296306781015653}
observation time 0.000069, current best 0.322225 at iter 35
suggestion time taken 0.011169 iter 36 next_points [{'alpha': 0.028261189236245543, 'batch_size': 225, 'beta_1': 0.6605493829343637, 'beta_2': 0.9559770412195846, 'epsilon': 4.6277205756601434e-08, 'hidden_layer_sizes': 145, 'learning_rate_init': 0.09240112788197646, 'tol': 0.0009919188199296242, 'validation_fraction': 0.13696696412024145}]
function_evaluation time 0.419280 value 0.353237 suggestion {'alpha': 0.028261189236245543, 'batch_size': 225, 'beta_1': 0.6605493829343637, 'beta_2': 0.9559770412195846, 'epsilon': 4.6277205756601434e-08, 'hidden_layer_sizes': 145, 'learning_rate_init': 0.09240112788197646, 'tol': 0.0009919188199296242, 'validation_fraction': 0.13696696412024145}
observation time 0.000035, current best 0.322225 at iter 36
suggestion time taken 0.008339 iter 37 next_points [{'alpha': 1.1240395383824964, 'batch_size': 214, 'beta_1': 0.59958359088711, 'beta_2': 0.9999371117296889, 'epsilon': 8.483798073175626e-07, 'hidden_layer_sizes': 180, 'learning_rate_init': 0.01820800545667048, 'tol': 0.04978509345569963, 'validation_fraction': 0.11113682221865316}]
function_evaluation time 0.348235 value 0.973970 suggestion {'alpha': 1.1240395383824964, 'batch_size': 214, 'beta_1': 0.59958359088711, 'beta_2': 0.9999371117296889, 'epsilon': 8.483798073175626e-07, 'hidden_layer_sizes': 180, 'learning_rate_init': 0.01820800545667048, 'tol': 0.04978509345569963, 'validation_fraction': 0.11113682221865316}
observation time 0.000030, current best 0.322225 at iter 37
suggestion time taken 0.009388 iter 38 next_points [{'alpha': 9.815315773633422, 'batch_size': 24, 'beta_1': 0.5579086973355837, 'beta_2': 0.9603683313651464, 'epsilon': 1.9455005780661556e-09, 'hidden_layer_sizes': 193, 'learning_rate_init': 0.00226848555487556, 'tol': 0.0033616011044586935, 'validation_fraction': 0.2929953158137149}]
function_evaluation time 0.548913 value 0.418337 suggestion {'alpha': 9.815315773633422, 'batch_size': 24, 'beta_1': 0.5579086973355837, 'beta_2': 0.9603683313651464, 'epsilon': 1.9455005780661556e-09, 'hidden_layer_sizes': 193, 'learning_rate_init': 0.00226848555487556, 'tol': 0.0033616011044586935, 'validation_fraction': 0.2929953158137149}
observation time 0.000071, current best 0.322225 at iter 38
suggestion time taken 0.021084 iter 39 next_points [{'alpha': 0.43459821305596436, 'batch_size': 50, 'beta_1': 0.9152966672435727, 'beta_2': 0.9711525301323493, 'epsilon': 4.750221278022978e-09, 'hidden_layer_sizes': 105, 'learning_rate_init': 0.028238674723396116, 'tol': 0.02967220654693081, 'validation_fraction': 0.1683880047574188}]
function_evaluation time 0.238903 value 0.982700 suggestion {'alpha': 0.43459821305596436, 'batch_size': 50, 'beta_1': 0.9152966672435727, 'beta_2': 0.9711525301323493, 'epsilon': 4.750221278022978e-09, 'hidden_layer_sizes': 105, 'learning_rate_init': 0.028238674723396116, 'tol': 0.02967220654693081, 'validation_fraction': 0.1683880047574188}
observation time 0.000034, current best 0.322225 at iter 39
suggestion time taken 0.008033 iter 40 next_points [{'alpha': 4.568861563701917, 'batch_size': 168, 'beta_1': 0.6379047577432133, 'beta_2': 0.9402582692015571, 'epsilon': 8.319680995263163e-08, 'hidden_layer_sizes': 165, 'learning_rate_init': 0.0009236688787687213, 'tol': 0.00014554016247801657, 'validation_fraction': 0.10721658361859442}]
function_evaluation time 0.628063 value 0.386383 suggestion {'alpha': 4.568861563701917, 'batch_size': 168, 'beta_1': 0.6379047577432133, 'beta_2': 0.9402582692015571, 'epsilon': 8.319680995263163e-08, 'hidden_layer_sizes': 165, 'learning_rate_init': 0.0009236688787687213, 'tol': 0.00014554016247801657, 'validation_fraction': 0.10721658361859442}
observation time 0.000032, current best 0.322225 at iter 40
suggestion time taken 0.008361 iter 41 next_points [{'alpha': 0.06346367052928686, 'batch_size': 187, 'beta_1': 0.845066536347044, 'beta_2': 0.9921586345856991, 'epsilon': 1.2863329273025035e-08, 'hidden_layer_sizes': 153, 'learning_rate_init': 0.00020659136104588256, 'tol': 0.0149331504379806, 'validation_fraction': 0.18626701610281546}]
function_evaluation time 0.357864 value 10.321700 suggestion {'alpha': 0.06346367052928686, 'batch_size': 187, 'beta_1': 0.845066536347044, 'beta_2': 0.9921586345856991, 'epsilon': 1.2863329273025035e-08, 'hidden_layer_sizes': 153, 'learning_rate_init': 0.00020659136104588256, 'tol': 0.0149331504379806, 'validation_fraction': 0.18626701610281546}
observation time 0.000073, current best 0.322225 at iter 41
suggestion time taken 0.019771 iter 42 next_points [{'alpha': 0.19094739827707263, 'batch_size': 139, 'beta_1': 0.7919240842096743, 'beta_2': 0.9821363547921762, 'epsilon': 4.1496146782847147e-07, 'hidden_layer_sizes': 137, 'learning_rate_init': 0.0080798683600853, 'tol': 0.0016749809287051236, 'validation_fraction': 0.3186597743167673}]
function_evaluation time 0.469476 value 0.589523 suggestion {'alpha': 0.19094739827707263, 'batch_size': 139, 'beta_1': 0.7919240842096743, 'beta_2': 0.9821363547921762, 'epsilon': 4.1496146782847147e-07, 'hidden_layer_sizes': 137, 'learning_rate_init': 0.0080798683600853, 'tol': 0.0016749809287051236, 'validation_fraction': 0.3186597743167673}
observation time 0.000031, current best 0.322225 at iter 42
suggestion time taken 0.015703 iter 43 next_points [{'alpha': 0.020069101715722567, 'batch_size': 151, 'beta_1': 0.6146194991100214, 'beta_2': 0.9259042504732129, 'epsilon': 2.7789087078026653e-08, 'hidden_layer_sizes': 195, 'learning_rate_init': 0.06739432564800471, 'tol': 0.0006857275414997037, 'validation_fraction': 0.5280548327540758}]
function_evaluation time 0.506110 value 0.346705 suggestion {'alpha': 0.020069101715722567, 'batch_size': 151, 'beta_1': 0.6146194991100214, 'beta_2': 0.9259042504732129, 'epsilon': 2.7789087078026653e-08, 'hidden_layer_sizes': 195, 'learning_rate_init': 0.06739432564800471, 'tol': 0.0006857275414997037, 'validation_fraction': 0.5280548327540758}
observation time 0.000032, current best 0.322225 at iter 43
suggestion time taken 0.011250 iter 44 next_points [{'alpha': 2.2642738760537395, 'batch_size': 106, 'beta_1': 0.6943907854490435, 'beta_2': 0.9521846741964953, 'epsilon': 5.27215387955939e-08, 'hidden_layer_sizes': 122, 'learning_rate_init': 3.831920016025086e-05, 'tol': 0.028300575888247484, 'validation_fraction': 0.3795084509065449}]
function_evaluation time 0.255000 value 13.509666 suggestion {'alpha': 2.2642738760537395, 'batch_size': 106, 'beta_1': 0.6943907854490435, 'beta_2': 0.9521846741964953, 'epsilon': 5.27215387955939e-08, 'hidden_layer_sizes': 122, 'learning_rate_init': 3.831920016025086e-05, 'tol': 0.028300575888247484, 'validation_fraction': 0.3795084509065449}
observation time 0.000073, current best 0.322225 at iter 44
saving meta data: {'args': {'--uuid': '4fe97cb3c3ea5c259e4509e3ef6dfc26', '-db-root': '/Users/ryedida/Desktop/menzies/thesis/smoothness-hpo/smoothness-hpo/bbo_challenge_starter_kit/output', '--opt-root': '/Users/ryedida/Desktop/menzies/thesis/smoothness-hpo/smoothness-hpo/bbo_challenge_starter_kit/example_submissions', '--data-root': None, '--db': 'run_20230815_214848', '--opt': 'hyperopt', '--data': 'breast', '--classifier': 'MLP-adam', '--metric': 'nll', '--calls': 45, '--suggestions': 1, '--jobs-file': None, '--verbose': False, 'dry_run': False, 'rev': 'a376313', 'opt_rev': '0.2.7'}, 'signature': ([{'alpha': 0.019628224813442792, 'batch_size': 182, 'beta_1': 0.9410202200271762, 'beta_2': 0.9998021557676793, 'epsilon': 1.8662266976518e-08, 'hidden_layer_sizes': 147, 'learning_rate_init': 0.0005627932047415167, 'tol': 0.03690557729213761, 'validation_fraction': 0.8846827852548593}, {'alpha': 0.001998246739232944, 'batch_size': 200, 'beta_1': 0.919111482530466, 'beta_2': 0.9998488260436156, 'epsilon': 5.981221901152555e-07, 'hidden_layer_sizes': 61, 'learning_rate_init': 2.2310905607443014e-05, 'tol': 1.2046852412030316e-05, 'validation_fraction': 0.8117896445826539}, {'alpha': 0.46659545670218433, 'batch_size': 219, 'beta_1': 0.9889789783750891, 'beta_2': 0.9999896868093284, 'epsilon': 2.4234724484675948e-08, 'hidden_layer_sizes': 167, 'learning_rate_init': 2.972334644335654e-05, 'tol': 0.0036281404040243792, 'validation_fraction': 0.17260651658522078}, {'alpha': 4.656005689076002, 'batch_size': 135, 'beta_1': 0.870503881627747, 'beta_2': 0.9948873266941017, 'epsilon': 2.1023308743480125e-07, 'hidden_layer_sizes': 118, 'learning_rate_init': 0.001878173875716191, 'tol': 1.1889379831773006e-05, 'validation_fraction': 0.6264327093752792}, {'alpha': 0.04705159350400542, 'batch_size': 158, 'beta_1': 0.9870884262730957, 'beta_2': 0.9999596874382349, 'epsilon': 1.1981845126013875e-08, 'hidden_layer_sizes': 116, 'learning_rate_init': 0.006173405204074311, 'tol': 1.7414134181586194e-05, 'validation_fraction': 0.6754299026638921}], [8.104566516477805, 14.643876498263253, 12.332285721418042, 5.269783589486869, 3.490431081639362])}
saving results
saving timing
saving suggest log
done
