running: {'--uuid': '798c4433aed55e2f94120b1085293240', '-db-root': '/Users/ryedida/Desktop/menzies/thesis/smoothness-hpo/smoothness-hpo/bbo_challenge_starter_kit/output', '--opt-root': '/Users/ryedida/Desktop/menzies/thesis/smoothness-hpo/smoothness-hpo/bbo_challenge_starter_kit/example_submissions', '--data-root': None, '--db': 'run_20230815_214848', '--opt': 'opentuner', '--data': 'breast', '--classifier': 'MLP-adam', '--metric': 'nll', '--calls': 45, '--suggestions': 1, '--jobs-file': None, '--verbose': False, 'dry_run': False, 'rev': 'a376313', 'opt_rev': '0.8.8'}
cmd: python opentuner/optimizer.py -c MLP-adam -d breast -o opentuner -u 798c4433aed55e2f94120b1085293240 -m nll -n 45 -p 1 -dir /Users/ryedida/Desktop/menzies/thesis/smoothness-hpo/smoothness-hpo/bbo_challenge_starter_kit/output -b run_20230815_214848
/Users/ryedida/miniforge3/lib/python3.9/site-packages/sklearn/neural_network/_multilayer_perceptron.py:605: UserWarning: Got `batch_size` less than 1 or larger than sample size. It is going to be clipped
  warnings.warn(

/Users/ryedida/miniforge3/lib/python3.9/site-packages/sklearn/neural_network/_multilayer_perceptron.py:605: UserWarning: Got `batch_size` less than 1 or larger than sample size. It is going to be clipped
  warnings.warn(

/Users/ryedida/miniforge3/lib/python3.9/site-packages/sklearn/neural_network/_multilayer_perceptron.py:605: UserWarning: Got `batch_size` less than 1 or larger than sample size. It is going to be clipped
  warnings.warn(

computed signature: ([{'alpha': 0.019628224813442792, 'batch_size': 182, 'beta_1': 0.9410202200271762, 'beta_2': 0.9998021557676793, 'epsilon': 1.8662266976518e-08, 'hidden_layer_sizes': 147, 'learning_rate_init': 0.0005627932047415167, 'tol': 0.03690557729213761, 'validation_fraction': 0.8846827852548593}, {'alpha': 0.001998246739232944, 'batch_size': 200, 'beta_1': 0.919111482530466, 'beta_2': 0.9998488260436156, 'epsilon': 5.981221901152555e-07, 'hidden_layer_sizes': 61, 'learning_rate_init': 2.2310905607443014e-05, 'tol': 1.2046852412030316e-05, 'validation_fraction': 0.8117896445826539}, {'alpha': 0.46659545670218433, 'batch_size': 219, 'beta_1': 0.9889789783750891, 'beta_2': 0.9999896868093284, 'epsilon': 2.4234724484675948e-08, 'hidden_layer_sizes': 167, 'learning_rate_init': 2.972334644335654e-05, 'tol': 0.0036281404040243792, 'validation_fraction': 0.17260651658522078}, {'alpha': 4.656005689076002, 'batch_size': 135, 'beta_1': 0.870503881627747, 'beta_2': 0.9948873266941017, 'epsilon': 2.1023308743480125e-07, 'hidden_layer_sizes': 118, 'learning_rate_init': 0.001878173875716191, 'tol': 1.1889379831773006e-05, 'validation_fraction': 0.6264327093752792}, {'alpha': 0.04705159350400542, 'batch_size': 158, 'beta_1': 0.9870884262730957, 'beta_2': 0.9999596874382349, 'epsilon': 1.1981845126013875e-08, 'hidden_layer_sizes': 116, 'learning_rate_init': 0.006173405204074311, 'tol': 1.7414134181586194e-05, 'validation_fraction': 0.6754299026638921}], [8.104566516477805, 14.643876498263253, 12.332285721418042, 5.269783589486869, 3.490431081639362])
/Users/ryedida/miniforge3/lib/python3.9/site-packages/bayesmark/experiment.py:469: UserWarning: Baselines not found. Will not log intermediate scores.
  warnings.warn("Baselines not found. Will not log intermediate scores.")

starting sklearn study opentuner MLP-adam breast nll 45 1
with data root: None
suggestion time taken 0.012143 iter 0 next_points [{'hidden_layer_sizes': 62, 'alpha': 2.6501939667841445, 'batch_size': 126, 'learning_rate_init': 0.02789215297127694, 'tol': 0.029571975351371394, 'validation_fraction': 0.23514972475714774, 'beta_1': 0.8125683587627458, 'beta_2': 0.9235975221503776, 'epsilon': 2.5202653467001803e-07}]
function_evaluation time 0.084187 value 1.079337 suggestion {'hidden_layer_sizes': 62, 'alpha': 2.6501939667841445, 'batch_size': 126, 'learning_rate_init': 0.02789215297127694, 'tol': 0.029571975351371394, 'validation_fraction': 0.23514972475714774, 'beta_1': 0.8125683587627458, 'beta_2': 0.9235975221503776, 'epsilon': 2.5202653467001803e-07}
observation time 0.002749, current best 1.079337 at iter 0
suggestion time taken 0.028479 iter 1 next_points [{'learning_rate_init': 0.06738110720083583, 'batch_size': 31, 'epsilon': 6.947777490279018e-07, 'hidden_layer_sizes': 156, 'beta_1': 0.7565593440175806, 'beta_2': 0.9252338952969213, 'alpha': 1.0603622474815348, 'tol': 0.05125106863177702, 'validation_fraction': 0.22881998228826764}]
function_evaluation time 0.316494 value 0.311032 suggestion {'learning_rate_init': 0.06738110720083583, 'batch_size': 31, 'epsilon': 6.947777490279018e-07, 'hidden_layer_sizes': 156, 'beta_1': 0.7565593440175806, 'beta_2': 0.9252338952969213, 'alpha': 1.0603622474815348, 'tol': 0.05125106863177702, 'validation_fraction': 0.22881998228826764}
observation time 0.001250, current best 0.311032 at iter 1
suggestion time taken 0.026169 iter 2 next_points [{'learning_rate_init': 0.03982472403973574, 'batch_size': 237, 'epsilon': 6.36810060600761e-07, 'hidden_layer_sizes': 197, 'beta_1': 0.7205663911119462, 'beta_2': 0.9598054670668162, 'alpha': 8.472906436254135, 'tol': 0.08135968766144834, 'validation_fraction': 0.20193472811995142}]
function_evaluation time 0.323062 value 0.943054 suggestion {'learning_rate_init': 0.03982472403973574, 'batch_size': 237, 'epsilon': 6.36810060600761e-07, 'hidden_layer_sizes': 197, 'beta_1': 0.7205663911119462, 'beta_2': 0.9598054670668162, 'alpha': 8.472906436254135, 'tol': 0.08135968766144834, 'validation_fraction': 0.20193472811995142}
observation time 0.001556, current best 0.311032 at iter 2
suggestion time taken 0.004950 iter 3 next_points [{'learning_rate_init': 0.06738110720083583, 'batch_size': 31, 'epsilon': 6.947777490279018e-07, 'hidden_layer_sizes': 156, 'beta_1': 0.7599519312877078, 'beta_2': 0.9252338952969213, 'alpha': 0.6192541904046417, 'tol': 0.05125106863177702, 'validation_fraction': 0.22881998228826764}]
function_evaluation time 0.346632 value 0.449617 suggestion {'learning_rate_init': 0.06738110720083583, 'batch_size': 31, 'epsilon': 6.947777490279018e-07, 'hidden_layer_sizes': 156, 'beta_1': 0.7599519312877078, 'beta_2': 0.9252338952969213, 'alpha': 0.6192541904046417, 'tol': 0.05125106863177702, 'validation_fraction': 0.22881998228826764}
observation time 0.004509, current best 0.311032 at iter 3
suggestion time taken 0.005038 iter 4 next_points [{'learning_rate_init': 0.06738110720083583, 'batch_size': 31, 'epsilon': 8.650737314546953e-07, 'hidden_layer_sizes': 156, 'beta_1': 0.7565593440175806, 'beta_2': 0.9252338952969213, 'alpha': 1.0603622474815348, 'tol': 0.05125106863177702, 'validation_fraction': 0.22881998228826764}]
function_evaluation time 0.364765 value 0.363280 suggestion {'learning_rate_init': 0.06738110720083583, 'batch_size': 31, 'epsilon': 8.650737314546953e-07, 'hidden_layer_sizes': 156, 'beta_1': 0.7565593440175806, 'beta_2': 0.9252338952969213, 'alpha': 1.0603622474815348, 'tol': 0.05125106863177702, 'validation_fraction': 0.22881998228826764}
observation time 0.001220, current best 0.311032 at iter 4
suggestion time taken 0.003530 iter 5 next_points [{'learning_rate_init': 0.03845767991396947, 'batch_size': 220, 'epsilon': 3.33966432425863e-07, 'hidden_layer_sizes': 174, 'beta_1': 0.599774674895827, 'beta_2': 0.9089878283450088, 'alpha': 0.349605957254053, 'tol': 0.05301028291548764, 'validation_fraction': 0.29160658633717684}]
function_evaluation time 0.298325 value 0.801300 suggestion {'learning_rate_init': 0.03845767991396947, 'batch_size': 220, 'epsilon': 3.33966432425863e-07, 'hidden_layer_sizes': 174, 'beta_1': 0.599774674895827, 'beta_2': 0.9089878283450088, 'alpha': 0.349605957254053, 'tol': 0.05301028291548764, 'validation_fraction': 0.29160658633717684}
observation time 0.001863, current best 0.311032 at iter 5
suggestion time taken 0.003571 iter 6 next_points [{'learning_rate_init': 0.0764608825450203, 'batch_size': 81, 'epsilon': 6.456175431218392e-07, 'hidden_layer_sizes': 175, 'beta_1': 0.5073624059318584, 'beta_2': 0.9644121771012821, 'alpha': 2.4544035088926806, 'tol': 0.03488997019355138, 'validation_fraction': 0.2586424258915508}]
function_evaluation time 0.359458 value 0.362397 suggestion {'learning_rate_init': 0.0764608825450203, 'batch_size': 81, 'epsilon': 6.456175431218392e-07, 'hidden_layer_sizes': 175, 'beta_1': 0.5073624059318584, 'beta_2': 0.9644121771012821, 'alpha': 2.4544035088926806, 'tol': 0.03488997019355138, 'validation_fraction': 0.2586424258915508}
observation time 0.001327, current best 0.311032 at iter 6
suggestion time taken 0.008335 iter 7 next_points [{'learning_rate_init': 0.06738110720083583, 'batch_size': 31, 'epsilon': 6.947777490279018e-07, 'hidden_layer_sizes': 156, 'beta_1': 0.7565593440175806, 'beta_2': 0.9975820727100189, 'alpha': 1.0603622474815348, 'tol': 0.05125106863177702, 'validation_fraction': 0.3324682140433166}]
function_evaluation time 0.324931 value 2.964282 suggestion {'learning_rate_init': 0.06738110720083583, 'batch_size': 31, 'epsilon': 6.947777490279018e-07, 'hidden_layer_sizes': 156, 'beta_1': 0.7565593440175806, 'beta_2': 0.9975820727100189, 'alpha': 1.0603622474815348, 'tol': 0.05125106863177702, 'validation_fraction': 0.3324682140433166}
observation time 0.001252, current best 0.311032 at iter 7
suggestion time taken 0.004614 iter 8 next_points [{'learning_rate_init': 0.06738110720083583, 'batch_size': 170, 'epsilon': 6.947777490279018e-07, 'hidden_layer_sizes': 156, 'beta_1': 0.7565593440175806, 'beta_2': 0.9585950973403243, 'alpha': 1.0603622474815348, 'tol': 0.05125106863177702, 'validation_fraction': 0.3739391008182358}]
function_evaluation time 0.371015 value 0.814638 suggestion {'learning_rate_init': 0.06738110720083583, 'batch_size': 170, 'epsilon': 6.947777490279018e-07, 'hidden_layer_sizes': 156, 'beta_1': 0.7565593440175806, 'beta_2': 0.9585950973403243, 'alpha': 1.0603622474815348, 'tol': 0.05125106863177702, 'validation_fraction': 0.3739391008182358}
observation time 0.001251, current best 0.311032 at iter 8
suggestion time taken 0.003507 iter 9 next_points [{'learning_rate_init': 0.02330878393892648, 'batch_size': 24, 'epsilon': 2.208385102847311e-07, 'hidden_layer_sizes': 198, 'beta_1': 0.689346071008511, 'beta_2': 0.9239412297189504, 'alpha': 9.886732036066375, 'tol': 0.04116685911438849, 'validation_fraction': 0.11279213032725198}]
function_evaluation time 0.459151 value 0.862991 suggestion {'learning_rate_init': 0.02330878393892648, 'batch_size': 24, 'epsilon': 2.208385102847311e-07, 'hidden_layer_sizes': 198, 'beta_1': 0.689346071008511, 'beta_2': 0.9239412297189504, 'alpha': 9.886732036066375, 'tol': 0.04116685911438849, 'validation_fraction': 0.11279213032725198}
observation time 0.001245, current best 0.311032 at iter 9
suggestion time taken 0.005766 iter 10 next_points [{'learning_rate_init': 0.020531785387439983, 'batch_size': 236, 'epsilon': 2.3639006721584598e-07, 'hidden_layer_sizes': 146, 'beta_1': 0.5847607068992261, 'beta_2': 0.9486057042370395, 'alpha': 5.173500352484649, 'tol': 0.027647414670564686, 'validation_fraction': 0.10828943430945809}]
function_evaluation time 0.496680 value 1.039749 suggestion {'learning_rate_init': 0.020531785387439983, 'batch_size': 236, 'epsilon': 2.3639006721584598e-07, 'hidden_layer_sizes': 146, 'beta_1': 0.5847607068992261, 'beta_2': 0.9486057042370395, 'alpha': 5.173500352484649, 'tol': 0.027647414670564686, 'validation_fraction': 0.10828943430945809}
observation time 0.001261, current best 0.311032 at iter 10
suggestion time taken 0.011359 iter 11 next_points [{'learning_rate_init': 0.06738110720083583, 'batch_size': 156, 'epsilon': 6.947777490279018e-07, 'hidden_layer_sizes': 156, 'beta_1': 0.7565593440175806, 'beta_2': 0.9252338952969213, 'alpha': 1.0603622474815348, 'tol': 0.05125106863177702, 'validation_fraction': 0.22881998228826764}]
function_evaluation time 0.321805 value 0.836413 suggestion {'learning_rate_init': 0.06738110720083583, 'batch_size': 156, 'epsilon': 6.947777490279018e-07, 'hidden_layer_sizes': 156, 'beta_1': 0.7565593440175806, 'beta_2': 0.9252338952969213, 'alpha': 1.0603622474815348, 'tol': 0.05125106863177702, 'validation_fraction': 0.22881998228826764}
observation time 0.001258, current best 0.311032 at iter 11
suggestion time taken 0.004894 iter 12 next_points [{'learning_rate_init': 0.06738110720083583, 'batch_size': 31, 'epsilon': 7.568871539803391e-07, 'hidden_layer_sizes': 156, 'beta_1': 0.7858848301542947, 'beta_2': 0.9167591465670293, 'alpha': 1.0603622474815348, 'tol': 0.05125106863177702, 'validation_fraction': 0.31658422373300243}]
function_evaluation time 0.357797 value 0.310590 suggestion {'learning_rate_init': 0.06738110720083583, 'batch_size': 31, 'epsilon': 7.568871539803391e-07, 'hidden_layer_sizes': 156, 'beta_1': 0.7858848301542947, 'beta_2': 0.9167591465670293, 'alpha': 1.0603622474815348, 'tol': 0.05125106863177702, 'validation_fraction': 0.31658422373300243}
observation time 0.001239, current best 0.310590 at iter 12
suggestion time taken 0.006813 iter 13 next_points [{'learning_rate_init': 0.04953299292263063, 'batch_size': 31, 'epsilon': 7.568871539803391e-07, 'hidden_layer_sizes': 156, 'beta_1': 0.7858848301542947, 'beta_2': 0.9174989464414993, 'alpha': 1.0603622474815348, 'tol': 0.05125106863177702, 'validation_fraction': 0.3295498964229742}]
function_evaluation time 0.399979 value 0.339838 suggestion {'learning_rate_init': 0.04953299292263063, 'batch_size': 31, 'epsilon': 7.568871539803391e-07, 'hidden_layer_sizes': 156, 'beta_1': 0.7858848301542947, 'beta_2': 0.9174989464414993, 'alpha': 1.0603622474815348, 'tol': 0.05125106863177702, 'validation_fraction': 0.3295498964229742}
observation time 0.001366, current best 0.310590 at iter 13
suggestion time taken 0.005247 iter 14 next_points [{'learning_rate_init': 0.06738110720083583, 'batch_size': 44, 'epsilon': 7.568871539803391e-07, 'hidden_layer_sizes': 138, 'beta_1': 0.7858848301542947, 'beta_2': 0.9167591465670293, 'alpha': 0.4503483626513007, 'tol': 0.03136591573501429, 'validation_fraction': 0.31301879092829576}]
function_evaluation time 0.317424 value 0.265193 suggestion {'learning_rate_init': 0.06738110720083583, 'batch_size': 44, 'epsilon': 7.568871539803391e-07, 'hidden_layer_sizes': 138, 'beta_1': 0.7858848301542947, 'beta_2': 0.9167591465670293, 'alpha': 0.4503483626513007, 'tol': 0.03136591573501429, 'validation_fraction': 0.31301879092829576}
observation time 0.002367, current best 0.265193 at iter 14
suggestion time taken 0.010698 iter 15 next_points [{'learning_rate_init': 0.06928667277151528, 'batch_size': 14, 'epsilon': 7.568871539803391e-07, 'hidden_layer_sizes': 138, 'beta_1': 0.81833832333758, 'beta_2': 0.9167591465670293, 'alpha': 0.7996867093228127, 'tol': 0.03136591573501429, 'validation_fraction': 0.31301879092829576}]
function_evaluation time 0.457792 value 0.398593 suggestion {'learning_rate_init': 0.06928667277151528, 'batch_size': 14, 'epsilon': 7.568871539803391e-07, 'hidden_layer_sizes': 138, 'beta_1': 0.81833832333758, 'beta_2': 0.9167591465670293, 'alpha': 0.7996867093228127, 'tol': 0.03136591573501429, 'validation_fraction': 0.31301879092829576}
observation time 0.001929, current best 0.265193 at iter 15
suggestion time taken 0.004729 iter 16 next_points [{'learning_rate_init': 0.06738110720083583, 'batch_size': 25, 'epsilon': 7.568871539803391e-07, 'hidden_layer_sizes': 123, 'beta_1': 0.7858848301542947, 'beta_2': 0.9167591465670293, 'alpha': 0.4503483626513007, 'tol': 0.033710353476696424, 'validation_fraction': 0.31301879092829576}]
function_evaluation time 0.304935 value 0.352867 suggestion {'learning_rate_init': 0.06738110720083583, 'batch_size': 25, 'epsilon': 7.568871539803391e-07, 'hidden_layer_sizes': 123, 'beta_1': 0.7858848301542947, 'beta_2': 0.9167591465670293, 'alpha': 0.4503483626513007, 'tol': 0.033710353476696424, 'validation_fraction': 0.31301879092829576}
observation time 0.001385, current best 0.265193 at iter 16
suggestion time taken 0.004908 iter 17 next_points [{'learning_rate_init': 0.06738110720083583, 'batch_size': 44, 'epsilon': 6.777075704239289e-07, 'hidden_layer_sizes': 134, 'beta_1': 0.7858848301542947, 'beta_2': 0.9167591465670293, 'alpha': 0.4503483626513007, 'tol': 0.03136591573501429, 'validation_fraction': 0.32749364315120594}]
function_evaluation time 0.268970 value 0.309756 suggestion {'learning_rate_init': 0.06738110720083583, 'batch_size': 44, 'epsilon': 6.777075704239289e-07, 'hidden_layer_sizes': 134, 'beta_1': 0.7858848301542947, 'beta_2': 0.9167591465670293, 'alpha': 0.4503483626513007, 'tol': 0.03136591573501429, 'validation_fraction': 0.32749364315120594}
observation time 0.004014, current best 0.265193 at iter 17
suggestion time taken 0.008644 iter 18 next_points [{'learning_rate_init': 0.06738110720083583, 'batch_size': 50, 'epsilon': 7.568871539803391e-07, 'hidden_layer_sizes': 138, 'beta_1': 0.7057965745784105, 'beta_2': 0.9274707982273259, 'alpha': 0.4503483626513007, 'tol': 0.029294707322287717, 'validation_fraction': 0.3606111033398479}]
function_evaluation time 0.321157 value 0.324785 suggestion {'learning_rate_init': 0.06738110720083583, 'batch_size': 50, 'epsilon': 7.568871539803391e-07, 'hidden_layer_sizes': 138, 'beta_1': 0.7057965745784105, 'beta_2': 0.9274707982273259, 'alpha': 0.4503483626513007, 'tol': 0.029294707322287717, 'validation_fraction': 0.3606111033398479}
observation time 0.001359, current best 0.265193 at iter 18
suggestion time taken 0.005446 iter 19 next_points [{'learning_rate_init': 0.06731893013545391, 'batch_size': 44, 'epsilon': 8.351832804514837e-07, 'hidden_layer_sizes': 144, 'beta_1': 0.7858848301542947, 'beta_2': 0.9167591465670293, 'alpha': 0.18254849374552568, 'tol': 0.03136591573501429, 'validation_fraction': 0.31301879092829576}]
function_evaluation time 0.352021 value 0.285107 suggestion {'learning_rate_init': 0.06731893013545391, 'batch_size': 44, 'epsilon': 8.351832804514837e-07, 'hidden_layer_sizes': 144, 'beta_1': 0.7858848301542947, 'beta_2': 0.9167591465670293, 'alpha': 0.18254849374552568, 'tol': 0.03136591573501429, 'validation_fraction': 0.31301879092829576}
observation time 0.001350, current best 0.265193 at iter 19
suggestion time taken 0.008580 iter 20 next_points [{'learning_rate_init': 0.08437521716193046, 'batch_size': 44, 'epsilon': 7.568871539803391e-07, 'hidden_layer_sizes': 138, 'beta_1': 0.7858848301542947, 'beta_2': 0.9204943416337406, 'alpha': 0.4503483626513007, 'tol': 0.02131806794307083, 'validation_fraction': 0.31301879092829576}]
function_evaluation time 0.312514 value 0.356154 suggestion {'learning_rate_init': 0.08437521716193046, 'batch_size': 44, 'epsilon': 7.568871539803391e-07, 'hidden_layer_sizes': 138, 'beta_1': 0.7858848301542947, 'beta_2': 0.9204943416337406, 'alpha': 0.4503483626513007, 'tol': 0.02131806794307083, 'validation_fraction': 0.31301879092829576}
observation time 0.003476, current best 0.265193 at iter 20
suggestion time taken 0.011195 iter 21 next_points [{'learning_rate_init': 0.06738110720083583, 'batch_size': 44, 'epsilon': 6.763283126048614e-07, 'hidden_layer_sizes': 138, 'beta_1': 0.7858848301542947, 'beta_2': 0.9057058861524069, 'alpha': 0.4503483626513007, 'tol': 0.03136591573501429, 'validation_fraction': 0.4211066823897086}]
function_evaluation time 0.271074 value 0.298728 suggestion {'learning_rate_init': 0.06738110720083583, 'batch_size': 44, 'epsilon': 6.763283126048614e-07, 'hidden_layer_sizes': 138, 'beta_1': 0.7858848301542947, 'beta_2': 0.9057058861524069, 'alpha': 0.4503483626513007, 'tol': 0.03136591573501429, 'validation_fraction': 0.4211066823897086}
observation time 0.003088, current best 0.265193 at iter 21
suggestion time taken 0.009318 iter 22 next_points [{'learning_rate_init': 0.012596434703743654, 'batch_size': 125, 'epsilon': 3.283164539407958e-07, 'hidden_layer_sizes': 177, 'beta_1': 0.9827488547047969, 'beta_2': 0.9065359911760578, 'alpha': 7.34481469305106, 'tol': 0.06486885995011964, 'validation_fraction': 0.6977714427357246}]
function_evaluation time 0.301661 value 5.479312 suggestion {'learning_rate_init': 0.012596434703743654, 'batch_size': 125, 'epsilon': 3.283164539407958e-07, 'hidden_layer_sizes': 177, 'beta_1': 0.9827488547047969, 'beta_2': 0.9065359911760578, 'alpha': 7.34481469305106, 'tol': 0.06486885995011964, 'validation_fraction': 0.6977714427357246}
observation time 0.001361, current best 0.265193 at iter 22
suggestion time taken 0.012066 iter 23 next_points [{'learning_rate_init': 0.06313313783890366, 'batch_size': 44, 'epsilon': 7.568871539803391e-07, 'hidden_layer_sizes': 138, 'beta_1': 0.7858848301542947, 'beta_2': 0.9167591465670293, 'alpha': 0.4503483626513007, 'tol': 0.03136591573501429, 'validation_fraction': 0.31301879092829576}]
function_evaluation time 0.279549 value 0.290857 suggestion {'learning_rate_init': 0.06313313783890366, 'batch_size': 44, 'epsilon': 7.568871539803391e-07, 'hidden_layer_sizes': 138, 'beta_1': 0.7858848301542947, 'beta_2': 0.9167591465670293, 'alpha': 0.4503483626513007, 'tol': 0.03136591573501429, 'validation_fraction': 0.31301879092829576}
observation time 0.003498, current best 0.265193 at iter 23
suggestion time taken 0.008826 iter 24 next_points [{'learning_rate_init': 0.06738110720083583, 'batch_size': 44, 'epsilon': 7.568871539803391e-07, 'hidden_layer_sizes': 190, 'beta_1': 0.7858848301542947, 'beta_2': 0.9167591465670293, 'alpha': 0.4503483626513007, 'tol': 0.03136591573501429, 'validation_fraction': 0.7069924164002493}]
function_evaluation time 0.280393 value 2.888171 suggestion {'learning_rate_init': 0.06738110720083583, 'batch_size': 44, 'epsilon': 7.568871539803391e-07, 'hidden_layer_sizes': 190, 'beta_1': 0.7858848301542947, 'beta_2': 0.9167591465670293, 'alpha': 0.4503483626513007, 'tol': 0.03136591573501429, 'validation_fraction': 0.7069924164002493}
observation time 0.003000, current best 0.265193 at iter 24
suggestion time taken 0.003782 iter 25 next_points [{'learning_rate_init': 0.018552138685236464, 'batch_size': 24, 'epsilon': 8.978447466894957e-07, 'hidden_layer_sizes': 67, 'beta_1': 0.9038733292436317, 'beta_2': 0.9941163908786328, 'alpha': 5.0421745942951235, 'tol': 0.05483882543123635, 'validation_fraction': 0.7134894909111534}]
function_evaluation time 0.246999 value 0.974143 suggestion {'learning_rate_init': 0.018552138685236464, 'batch_size': 24, 'epsilon': 8.978447466894957e-07, 'hidden_layer_sizes': 67, 'beta_1': 0.9038733292436317, 'beta_2': 0.9941163908786328, 'alpha': 5.0421745942951235, 'tol': 0.05483882543123635, 'validation_fraction': 0.7134894909111534}
observation time 0.001344, current best 0.265193 at iter 25
suggestion time taken 0.005258 iter 26 next_points [{'learning_rate_init': 0.046483208521919055, 'batch_size': 44, 'epsilon': 8.221614108688536e-07, 'hidden_layer_sizes': 138, 'beta_1': 0.6981513670141538, 'beta_2': 0.9167591465670293, 'alpha': 0.4503483626513007, 'tol': 0.03996397240066834, 'validation_fraction': 0.31301879092829576}]
function_evaluation time 0.285621 value 0.601515 suggestion {'learning_rate_init': 0.046483208521919055, 'batch_size': 44, 'epsilon': 8.221614108688536e-07, 'hidden_layer_sizes': 138, 'beta_1': 0.6981513670141538, 'beta_2': 0.9167591465670293, 'alpha': 0.4503483626513007, 'tol': 0.03996397240066834, 'validation_fraction': 0.31301879092829576}
observation time 0.001350, current best 0.265193 at iter 26
suggestion time taken 0.005123 iter 27 next_points [{'learning_rate_init': 0.06738110720083583, 'batch_size': 89, 'epsilon': 7.568871539803391e-07, 'hidden_layer_sizes': 138, 'beta_1': 0.5739540711907899, 'beta_2': 0.9167591465670293, 'alpha': 0.4503483626513007, 'tol': 0.03136591573501429, 'validation_fraction': 0.31301879092829576}]
function_evaluation time 0.306679 value 0.441867 suggestion {'learning_rate_init': 0.06738110720083583, 'batch_size': 89, 'epsilon': 7.568871539803391e-07, 'hidden_layer_sizes': 138, 'beta_1': 0.5739540711907899, 'beta_2': 0.9167591465670293, 'alpha': 0.4503483626513007, 'tol': 0.03136591573501429, 'validation_fraction': 0.31301879092829576}
observation time 0.001356, current best 0.265193 at iter 27
suggestion time taken 0.004765 iter 28 next_points [{'learning_rate_init': 0.08079820586059754, 'batch_size': 192, 'epsilon': 5.650622073080547e-08, 'hidden_layer_sizes': 95, 'beta_1': 0.5082237701978413, 'beta_2': 0.9555476897397878, 'alpha': 0.6118109286542853, 'tol': 0.01491882775088509, 'validation_fraction': 0.8931513059707428}]
/Users/ryedida/miniforge3/lib/python3.9/site-packages/sklearn/neural_network/_multilayer_perceptron.py:605: UserWarning: Got `batch_size` less than 1 or larger than sample size. It is going to be clipped
  warnings.warn(

function_evaluation time 0.199959 value 0.660363 suggestion {'learning_rate_init': 0.08079820586059754, 'batch_size': 192, 'epsilon': 5.650622073080547e-08, 'hidden_layer_sizes': 95, 'beta_1': 0.5082237701978413, 'beta_2': 0.9555476897397878, 'alpha': 0.6118109286542853, 'tol': 0.01491882775088509, 'validation_fraction': 0.8931513059707428}
observation time 0.001253, current best 0.265193 at iter 28
suggestion time taken 0.004112 iter 29 next_points [{'learning_rate_init': 0.0662097695393155, 'batch_size': 137, 'epsilon': 6.900189174768579e-07, 'hidden_layer_sizes': 198, 'beta_1': 0.5819073093702487, 'beta_2': 0.9924352054597846, 'alpha': 9.842841368391436, 'tol': 0.09209457380954571, 'validation_fraction': 0.880233189844627}]
/Users/ryedida/miniforge3/lib/python3.9/site-packages/sklearn/neural_network/_multilayer_perceptron.py:605: UserWarning: Got `batch_size` less than 1 or larger than sample size. It is going to be clipped
  warnings.warn(

function_evaluation time 0.182035 value 4.497053 suggestion {'learning_rate_init': 0.0662097695393155, 'batch_size': 137, 'epsilon': 6.900189174768579e-07, 'hidden_layer_sizes': 198, 'beta_1': 0.5819073093702487, 'beta_2': 0.9924352054597846, 'alpha': 9.842841368391436, 'tol': 0.09209457380954571, 'validation_fraction': 0.880233189844627}
observation time 0.001264, current best 0.265193 at iter 29
suggestion time taken 0.004918 iter 30 next_points [{'learning_rate_init': 0.0660265315016381, 'batch_size': 44, 'epsilon': 9.876764323351874e-07, 'hidden_layer_sizes': 138, 'beta_1': 0.7943747263740037, 'beta_2': 0.9177672349545689, 'alpha': 0.4503483626513007, 'tol': 0.03136591573501429, 'validation_fraction': 0.39860133498685635}]
function_evaluation time 0.269649 value 0.419897 suggestion {'learning_rate_init': 0.0660265315016381, 'batch_size': 44, 'epsilon': 9.876764323351874e-07, 'hidden_layer_sizes': 138, 'beta_1': 0.7943747263740037, 'beta_2': 0.9177672349545689, 'alpha': 0.4503483626513007, 'tol': 0.03136591573501429, 'validation_fraction': 0.39860133498685635}
observation time 0.001350, current best 0.265193 at iter 30
suggestion time taken 0.008353 iter 31 next_points [{'learning_rate_init': 0.06738110720083583, 'batch_size': 24, 'epsilon': 7.568871539803391e-07, 'hidden_layer_sizes': 138, 'beta_1': 0.7858848301542947, 'beta_2': 0.9167591465670293, 'alpha': 0.4096210508877495, 'tol': 0.03194156844540335, 'validation_fraction': 0.25486161432249843}]
function_evaluation time 0.488656 value 0.289278 suggestion {'learning_rate_init': 0.06738110720083583, 'batch_size': 24, 'epsilon': 7.568871539803391e-07, 'hidden_layer_sizes': 138, 'beta_1': 0.7858848301542947, 'beta_2': 0.9167591465670293, 'alpha': 0.4096210508877495, 'tol': 0.03194156844540335, 'validation_fraction': 0.25486161432249843}
observation time 0.001503, current best 0.265193 at iter 31
suggestion time taken 0.003692 iter 32 next_points [{'learning_rate_init': 0.006485065549951919, 'batch_size': 142, 'epsilon': 3.055509253674084e-07, 'hidden_layer_sizes': 149, 'beta_1': 0.9530071457544229, 'beta_2': 0.928366089668963, 'alpha': 7.148192221379837, 'tol': 0.06691554191784015, 'validation_fraction': 0.4502549261211445}]
function_evaluation time 0.303728 value 1.680886 suggestion {'learning_rate_init': 0.006485065549951919, 'batch_size': 142, 'epsilon': 3.055509253674084e-07, 'hidden_layer_sizes': 149, 'beta_1': 0.9530071457544229, 'beta_2': 0.928366089668963, 'alpha': 7.148192221379837, 'tol': 0.06691554191784015, 'validation_fraction': 0.4502549261211445}
observation time 0.001263, current best 0.265193 at iter 32
suggestion time taken 0.013930 iter 33 next_points [{'learning_rate_init': 0.06738110720083583, 'batch_size': 44, 'epsilon': 7.568871539803391e-07, 'hidden_layer_sizes': 138, 'beta_1': 0.8948975811980475, 'beta_2': 0.9167591465670293, 'alpha': 0.4503483626513007, 'tol': 0.03136591573501429, 'validation_fraction': 0.31301879092829576}]
function_evaluation time 0.260281 value 5.451677 suggestion {'learning_rate_init': 0.06738110720083583, 'batch_size': 44, 'epsilon': 7.568871539803391e-07, 'hidden_layer_sizes': 138, 'beta_1': 0.8948975811980475, 'beta_2': 0.9167591465670293, 'alpha': 0.4503483626513007, 'tol': 0.03136591573501429, 'validation_fraction': 0.31301879092829576}
observation time 0.001419, current best 0.265193 at iter 33
suggestion time taken 0.004075 iter 34 next_points [{'learning_rate_init': 0.05991603672080508, 'batch_size': 200, 'epsilon': 6.055843516933047e-07, 'hidden_layer_sizes': 175, 'beta_1': 0.7852384256414189, 'beta_2': 0.9104605090900371, 'alpha': 4.542777600977566, 'tol': 0.0386528980976723, 'validation_fraction': 0.44271807609933866}]
function_evaluation time 0.411786 value 1.129932 suggestion {'learning_rate_init': 0.05991603672080508, 'batch_size': 200, 'epsilon': 6.055843516933047e-07, 'hidden_layer_sizes': 175, 'beta_1': 0.7852384256414189, 'beta_2': 0.9104605090900371, 'alpha': 4.542777600977566, 'tol': 0.0386528980976723, 'validation_fraction': 0.44271807609933866}
observation time 0.001418, current best 0.265193 at iter 34
suggestion time taken 0.004855 iter 35 next_points [{'learning_rate_init': 0.06738110720083583, 'batch_size': 16, 'epsilon': 8.950115947542182e-07, 'hidden_layer_sizes': 138, 'beta_1': 0.8326636242585358, 'beta_2': 0.9167591465670293, 'alpha': 0.9113420984178336, 'tol': 0.03136591573501429, 'validation_fraction': 0.31301879092829576}]
function_evaluation time 0.450322 value 0.405821 suggestion {'learning_rate_init': 0.06738110720083583, 'batch_size': 16, 'epsilon': 8.950115947542182e-07, 'hidden_layer_sizes': 138, 'beta_1': 0.8326636242585358, 'beta_2': 0.9167591465670293, 'alpha': 0.9113420984178336, 'tol': 0.03136591573501429, 'validation_fraction': 0.31301879092829576}
observation time 0.001259, current best 0.265193 at iter 35
suggestion time taken 0.005012 iter 36 next_points [{'learning_rate_init': 0.06738110720083583, 'batch_size': 44, 'epsilon': 7.568871539803391e-07, 'hidden_layer_sizes': 138, 'beta_1': 0.7858848301542947, 'beta_2': 0.9167591465670293, 'alpha': 0.3081835670242696, 'tol': 0.03136591573501429, 'validation_fraction': 0.31301879092829576}]
function_evaluation time 0.305037 value 0.296480 suggestion {'learning_rate_init': 0.06738110720083583, 'batch_size': 44, 'epsilon': 7.568871539803391e-07, 'hidden_layer_sizes': 138, 'beta_1': 0.7858848301542947, 'beta_2': 0.9167591465670293, 'alpha': 0.3081835670242696, 'tol': 0.03136591573501429, 'validation_fraction': 0.31301879092829576}
observation time 0.001350, current best 0.265193 at iter 36
suggestion time taken 0.009069 iter 37 next_points [{'learning_rate_init': 0.09158893440145859, 'batch_size': 238, 'epsilon': 2.666476327800306e-07, 'hidden_layer_sizes': 123, 'beta_1': 0.7153220387750197, 'beta_2': 0.9983401513015394, 'alpha': 2.32407983058186, 'tol': 0.0017192277841854742, 'validation_fraction': 0.17748629490563525}]
function_evaluation time 0.307636 value 0.601024 suggestion {'learning_rate_init': 0.09158893440145859, 'batch_size': 238, 'epsilon': 2.666476327800306e-07, 'hidden_layer_sizes': 123, 'beta_1': 0.7153220387750197, 'beta_2': 0.9983401513015394, 'alpha': 2.32407983058186, 'tol': 0.0017192277841854742, 'validation_fraction': 0.17748629490563525}
observation time 0.001290, current best 0.265193 at iter 37
suggestion time taken 0.012350 iter 38 next_points [{'learning_rate_init': 0.06738110720083583, 'batch_size': 44, 'epsilon': 7.939019421037964e-07, 'hidden_layer_sizes': 138, 'beta_1': 0.7277245149259257, 'beta_2': 0.9167591465670293, 'alpha': 0.34790819695726966, 'tol': 0.03136591573501429, 'validation_fraction': 0.36675600569653977}]
function_evaluation time 0.263879 value 0.372208 suggestion {'learning_rate_init': 0.06738110720083583, 'batch_size': 44, 'epsilon': 7.939019421037964e-07, 'hidden_layer_sizes': 138, 'beta_1': 0.7277245149259257, 'beta_2': 0.9167591465670293, 'alpha': 0.34790819695726966, 'tol': 0.03136591573501429, 'validation_fraction': 0.36675600569653977}
observation time 0.001200, current best 0.265193 at iter 38
suggestion time taken 0.004159 iter 39 next_points [{'learning_rate_init': 0.08962023446596572, 'batch_size': 176, 'epsilon': 2.021506965438059e-07, 'hidden_layer_sizes': 58, 'beta_1': 0.6292399693923355, 'beta_2': 0.985603650716291, 'alpha': 1.8793473073166753, 'tol': 0.02503908374098789, 'validation_fraction': 0.43091051590780693}]
function_evaluation time 0.277072 value 0.659007 suggestion {'learning_rate_init': 0.08962023446596572, 'batch_size': 176, 'epsilon': 2.021506965438059e-07, 'hidden_layer_sizes': 58, 'beta_1': 0.6292399693923355, 'beta_2': 0.985603650716291, 'alpha': 1.8793473073166753, 'tol': 0.02503908374098789, 'validation_fraction': 0.43091051590780693}
observation time 0.005558, current best 0.265193 at iter 39
suggestion time taken 0.006746 iter 40 next_points [{'learning_rate_init': 0.06738110720083583, 'batch_size': 27, 'epsilon': 7.568871539803391e-07, 'hidden_layer_sizes': 115, 'beta_1': 0.7858848301542947, 'beta_2': 0.9167591465670293, 'alpha': 0.4503483626513007, 'tol': 0.03136591573501429, 'validation_fraction': 0.31301879092829576}]
function_evaluation time 0.330826 value 0.307559 suggestion {'learning_rate_init': 0.06738110720083583, 'batch_size': 27, 'epsilon': 7.568871539803391e-07, 'hidden_layer_sizes': 115, 'beta_1': 0.7858848301542947, 'beta_2': 0.9167591465670293, 'alpha': 0.4503483626513007, 'tol': 0.03136591573501429, 'validation_fraction': 0.31301879092829576}
observation time 0.003386, current best 0.265193 at iter 40
suggestion time taken 0.006201 iter 41 next_points [{'learning_rate_init': 0.08199502019896647, 'batch_size': 134, 'epsilon': 1.7092148776928672e-07, 'hidden_layer_sizes': 171, 'beta_1': 0.8949023340626779, 'beta_2': 0.9169365537024927, 'alpha': 0.8372926415446867, 'tol': 0.08137904901360697, 'validation_fraction': 0.6474666162526825}]
function_evaluation time 0.189503 value 8.516937 suggestion {'learning_rate_init': 0.08199502019896647, 'batch_size': 134, 'epsilon': 1.7092148776928672e-07, 'hidden_layer_sizes': 171, 'beta_1': 0.8949023340626779, 'beta_2': 0.9169365537024927, 'alpha': 0.8372926415446867, 'tol': 0.08137904901360697, 'validation_fraction': 0.6474666162526825}
observation time 0.001242, current best 0.265193 at iter 41
suggestion time taken 0.012766 iter 42 next_points [{'learning_rate_init': 0.06738110720083583, 'batch_size': 44, 'epsilon': 4.438268614020681e-07, 'hidden_layer_sizes': 138, 'beta_1': 0.534670623158746, 'beta_2': 0.9167591465670293, 'alpha': 0.4503483626513007, 'tol': 0.03136591573501429, 'validation_fraction': 0.31301879092829576}]
function_evaluation time 0.315266 value 0.287990 suggestion {'learning_rate_init': 0.06738110720083583, 'batch_size': 44, 'epsilon': 4.438268614020681e-07, 'hidden_layer_sizes': 138, 'beta_1': 0.534670623158746, 'beta_2': 0.9167591465670293, 'alpha': 0.4503483626513007, 'tol': 0.03136591573501429, 'validation_fraction': 0.31301879092829576}
observation time 0.001261, current best 0.265193 at iter 42
suggestion time taken 0.007735 iter 43 next_points [{'learning_rate_init': 0.06738110720083583, 'batch_size': 44, 'epsilon': 6.851965214388068e-07, 'hidden_layer_sizes': 118, 'beta_1': 0.7858848301542947, 'beta_2': 0.920036485498827, 'alpha': 0.1221399119905026, 'tol': 0.03136591573501429, 'validation_fraction': 0.31301879092829576}]
function_evaluation time 0.246673 value 0.417996 suggestion {'learning_rate_init': 0.06738110720083583, 'batch_size': 44, 'epsilon': 6.851965214388068e-07, 'hidden_layer_sizes': 118, 'beta_1': 0.7858848301542947, 'beta_2': 0.920036485498827, 'alpha': 0.1221399119905026, 'tol': 0.03136591573501429, 'validation_fraction': 0.31301879092829576}
observation time 0.001234, current best 0.265193 at iter 43
suggestion time taken 0.004054 iter 44 next_points [{'learning_rate_init': 0.07847696263440433, 'batch_size': 248, 'epsilon': 1.6086497814424183e-07, 'hidden_layer_sizes': 123, 'beta_1': 0.7981791144458208, 'beta_2': 0.9525395762400028, 'alpha': 0.8319010510247001, 'tol': 0.07191603229029357, 'validation_fraction': 0.6407819569428321}]
/Users/ryedida/miniforge3/lib/python3.9/site-packages/sklearn/neural_network/_multilayer_perceptron.py:605: UserWarning: Got `batch_size` less than 1 or larger than sample size. It is going to be clipped
  warnings.warn(

function_evaluation time 0.216489 value 10.260245 suggestion {'learning_rate_init': 0.07847696263440433, 'batch_size': 248, 'epsilon': 1.6086497814424183e-07, 'hidden_layer_sizes': 123, 'beta_1': 0.7981791144458208, 'beta_2': 0.9525395762400028, 'alpha': 0.8319010510247001, 'tol': 0.07191603229029357, 'validation_fraction': 0.6407819569428321}
observation time 0.003009, current best 0.265193 at iter 44
saving meta data: {'args': {'--uuid': '798c4433aed55e2f94120b1085293240', '-db-root': '/Users/ryedida/Desktop/menzies/thesis/smoothness-hpo/smoothness-hpo/bbo_challenge_starter_kit/output', '--opt-root': '/Users/ryedida/Desktop/menzies/thesis/smoothness-hpo/smoothness-hpo/bbo_challenge_starter_kit/example_submissions', '--data-root': None, '--db': 'run_20230815_214848', '--opt': 'opentuner', '--data': 'breast', '--classifier': 'MLP-adam', '--metric': 'nll', '--calls': 45, '--suggestions': 1, '--jobs-file': None, '--verbose': False, 'dry_run': False, 'rev': 'a376313', 'opt_rev': '0.8.8'}, 'signature': ([{'alpha': 0.019628224813442792, 'batch_size': 182, 'beta_1': 0.9410202200271762, 'beta_2': 0.9998021557676793, 'epsilon': 1.8662266976518e-08, 'hidden_layer_sizes': 147, 'learning_rate_init': 0.0005627932047415167, 'tol': 0.03690557729213761, 'validation_fraction': 0.8846827852548593}, {'alpha': 0.001998246739232944, 'batch_size': 200, 'beta_1': 0.919111482530466, 'beta_2': 0.9998488260436156, 'epsilon': 5.981221901152555e-07, 'hidden_layer_sizes': 61, 'learning_rate_init': 2.2310905607443014e-05, 'tol': 1.2046852412030316e-05, 'validation_fraction': 0.8117896445826539}, {'alpha': 0.46659545670218433, 'batch_size': 219, 'beta_1': 0.9889789783750891, 'beta_2': 0.9999896868093284, 'epsilon': 2.4234724484675948e-08, 'hidden_layer_sizes': 167, 'learning_rate_init': 2.972334644335654e-05, 'tol': 0.0036281404040243792, 'validation_fraction': 0.17260651658522078}, {'alpha': 4.656005689076002, 'batch_size': 135, 'beta_1': 0.870503881627747, 'beta_2': 0.9948873266941017, 'epsilon': 2.1023308743480125e-07, 'hidden_layer_sizes': 118, 'learning_rate_init': 0.001878173875716191, 'tol': 1.1889379831773006e-05, 'validation_fraction': 0.6264327093752792}, {'alpha': 0.04705159350400542, 'batch_size': 158, 'beta_1': 0.9870884262730957, 'beta_2': 0.9999596874382349, 'epsilon': 1.1981845126013875e-08, 'hidden_layer_sizes': 116, 'learning_rate_init': 0.006173405204074311, 'tol': 1.7414134181586194e-05, 'validation_fraction': 0.6754299026638921}], [8.104566516477805, 14.643876498263253, 12.332285721418042, 5.269783589486869, 3.490431081639362])}
saving results
saving timing
saving suggest log
done
