running: {'--uuid': '871317a169465e48ab8ab9f953dc1687', '-db-root': '/Users/ryedida/Desktop/menzies/thesis/smoothness-hpo/smoothness-hpo/bbo_challenge_starter_kit/output', '--opt-root': '/Users/ryedida/Desktop/menzies/thesis/smoothness-hpo/smoothness-hpo/bbo_challenge_starter_kit/example_submissions', '--data-root': None, '--db': 'run_20230815_214848', '--opt': 'random', '--data': 'breast', '--classifier': 'MLP-adam', '--metric': 'acc', '--calls': 45, '--suggestions': 1, '--jobs-file': None, '--verbose': False, 'dry_run': False, 'rev': 'a376313', 'opt_rev': '0.0.8'}
cmd: python random/optimizer.py -c MLP-adam -d breast -o random -u 871317a169465e48ab8ab9f953dc1687 -m acc -n 45 -p 1 -dir /Users/ryedida/Desktop/menzies/thesis/smoothness-hpo/smoothness-hpo/bbo_challenge_starter_kit/output -b run_20230815_214848
/Users/ryedida/miniforge3/lib/python3.9/site-packages/sklearn/neural_network/_multilayer_perceptron.py:605: UserWarning: Got `batch_size` less than 1 or larger than sample size. It is going to be clipped
  warnings.warn(

/Users/ryedida/miniforge3/lib/python3.9/site-packages/sklearn/neural_network/_multilayer_perceptron.py:605: UserWarning: Got `batch_size` less than 1 or larger than sample size. It is going to be clipped
  warnings.warn(

/Users/ryedida/miniforge3/lib/python3.9/site-packages/sklearn/neural_network/_multilayer_perceptron.py:605: UserWarning: Got `batch_size` less than 1 or larger than sample size. It is going to be clipped
  warnings.warn(

computed signature: ([{'alpha': 0.019628224813442792, 'batch_size': 182, 'beta_1': 0.9410202200271762, 'beta_2': 0.9998021557676793, 'epsilon': 1.8662266976518e-08, 'hidden_layer_sizes': 147, 'learning_rate_init': 0.0005627932047415167, 'tol': 0.03690557729213761, 'validation_fraction': 0.8846827852548593}, {'alpha': 0.001998246739232944, 'batch_size': 200, 'beta_1': 0.919111482530466, 'beta_2': 0.9998488260436156, 'epsilon': 5.981221901152555e-07, 'hidden_layer_sizes': 61, 'learning_rate_init': 2.2310905607443014e-05, 'tol': 1.2046852412030316e-05, 'validation_fraction': 0.8117896445826539}, {'alpha': 0.46659545670218433, 'batch_size': 219, 'beta_1': 0.9889789783750891, 'beta_2': 0.9999896868093284, 'epsilon': 2.4234724484675948e-08, 'hidden_layer_sizes': 167, 'learning_rate_init': 2.972334644335654e-05, 'tol': 0.0036281404040243792, 'validation_fraction': 0.17260651658522078}, {'alpha': 4.656005689076002, 'batch_size': 135, 'beta_1': 0.870503881627747, 'beta_2': 0.9948873266941017, 'epsilon': 2.1023308743480125e-07, 'hidden_layer_sizes': 118, 'learning_rate_init': 0.001878173875716191, 'tol': 1.1889379831773006e-05, 'validation_fraction': 0.6264327093752792}, {'alpha': 0.04705159350400542, 'batch_size': 158, 'beta_1': 0.9870884262730957, 'beta_2': 0.9999596874382349, 'epsilon': 1.1981845126013875e-08, 'hidden_layer_sizes': 116, 'learning_rate_init': 0.006173405204074311, 'tol': 1.7414134181586194e-05, 'validation_fraction': 0.6754299026638921}], [-0.676923076923077, -0.567032967032967, -0.545054945054945, -0.7824175824175824, -0.843956043956044])
/Users/ryedida/miniforge3/lib/python3.9/site-packages/bayesmark/experiment.py:469: UserWarning: Baselines not found. Will not log intermediate scores.
  warnings.warn("Baselines not found. Will not log intermediate scores.")

starting sklearn study random MLP-adam breast acc 45 1
with data root: None
suggestion time taken 0.001515 iter 0 next_points [{'alpha': 0.0025643581328894803, 'batch_size': 174, 'beta_1': 0.5596227765378481, 'beta_2': 0.9999674113230128, 'epsilon': 1.1772637356619955e-08, 'hidden_layer_sizes': 187, 'learning_rate_init': 0.03747931772589428, 'tol': 1.2309321879465825e-05, 'validation_fraction': 0.17879241562256087}]
function_evaluation time 0.413514 value -0.894505 suggestion {'alpha': 0.0025643581328894803, 'batch_size': 174, 'beta_1': 0.5596227765378481, 'beta_2': 0.9999674113230128, 'epsilon': 1.1772637356619955e-08, 'hidden_layer_sizes': 187, 'learning_rate_init': 0.03747931772589428, 'tol': 1.2309321879465825e-05, 'validation_fraction': 0.17879241562256087}
observation time 0.000001, current best -0.894505 at iter 0
suggestion time taken 0.001535 iter 1 next_points [{'alpha': 0.0001247015456972501, 'batch_size': 96, 'beta_1': 0.7319971264725735, 'beta_2': 0.9997738009088314, 'epsilon': 3.2685648666529337e-09, 'hidden_layer_sizes': 150, 'learning_rate_init': 9.464086835779369e-05, 'tol': 1.5570631506418916e-05, 'validation_fraction': 0.5477538559188893}]
function_evaluation time 0.490486 value -0.637363 suggestion {'alpha': 0.0001247015456972501, 'batch_size': 96, 'beta_1': 0.7319971264725735, 'beta_2': 0.9997738009088314, 'epsilon': 3.2685648666529337e-09, 'hidden_layer_sizes': 150, 'learning_rate_init': 9.464086835779369e-05, 'tol': 1.5570631506418916e-05, 'validation_fraction': 0.5477538559188893}
observation time 0.000001, current best -0.894505 at iter 1
suggestion time taken 0.009531 iter 2 next_points [{'alpha': 9.823804825869716e-05, 'batch_size': 20, 'beta_1': 0.9488761055079962, 'beta_2': 0.9999152611438982, 'epsilon': 1.768315132015554e-08, 'hidden_layer_sizes': 55, 'learning_rate_init': 0.0011986183176534858, 'tol': 0.06270051207560148, 'validation_fraction': 0.726929548185573}]
function_evaluation time 0.199154 value -0.894505 suggestion {'alpha': 9.823804825869716e-05, 'batch_size': 20, 'beta_1': 0.9488761055079962, 'beta_2': 0.9999152611438982, 'epsilon': 1.768315132015554e-08, 'hidden_layer_sizes': 55, 'learning_rate_init': 0.0011986183176534858, 'tol': 0.06270051207560148, 'validation_fraction': 0.726929548185573}
observation time 0.000001, current best -0.894505 at iter 2
suggestion time taken 0.004300 iter 3 next_points [{'alpha': 1.0967153256219142, 'batch_size': 182, 'beta_1': 0.643608907347196, 'beta_2': 0.999863746655407, 'epsilon': 4.3807560527420093e-07, 'hidden_layer_sizes': 80, 'learning_rate_init': 0.0032110636985216196, 'tol': 0.006669892399361491, 'validation_fraction': 0.7051090115626214}]
/Users/ryedida/miniforge3/lib/python3.9/site-packages/sklearn/neural_network/_multilayer_perceptron.py:605: UserWarning: Got `batch_size` less than 1 or larger than sample size. It is going to be clipped
  warnings.warn(

function_evaluation time 0.220691 value -0.848352 suggestion {'alpha': 1.0967153256219142, 'batch_size': 182, 'beta_1': 0.643608907347196, 'beta_2': 0.999863746655407, 'epsilon': 4.3807560527420093e-07, 'hidden_layer_sizes': 80, 'learning_rate_init': 0.0032110636985216196, 'tol': 0.006669892399361491, 'validation_fraction': 0.7051090115626214}
observation time 0.000001, current best -0.894505 at iter 3
suggestion time taken 0.005738 iter 4 next_points [{'alpha': 0.4669926403722107, 'batch_size': 230, 'beta_1': 0.7912845604999226, 'beta_2': 0.987327306061476, 'epsilon': 4.648431136779327e-08, 'hidden_layer_sizes': 185, 'learning_rate_init': 0.0005192934139081865, 'tol': 0.05154500364482735, 'validation_fraction': 0.755275974211838}]
/Users/ryedida/miniforge3/lib/python3.9/site-packages/sklearn/neural_network/_multilayer_perceptron.py:605: UserWarning: Got `batch_size` less than 1 or larger than sample size. It is going to be clipped
  warnings.warn(

function_evaluation time 0.159246 value -0.593407 suggestion {'alpha': 0.4669926403722107, 'batch_size': 230, 'beta_1': 0.7912845604999226, 'beta_2': 0.987327306061476, 'epsilon': 4.648431136779327e-08, 'hidden_layer_sizes': 185, 'learning_rate_init': 0.0005192934139081865, 'tol': 0.05154500364482735, 'validation_fraction': 0.755275974211838}
observation time 0.000001, current best -0.894505 at iter 4
suggestion time taken 0.001526 iter 5 next_points [{'alpha': 0.000131420315002162, 'batch_size': 104, 'beta_1': 0.961715534119937, 'beta_2': 0.99997666463409, 'epsilon': 3.5463382242134073e-09, 'hidden_layer_sizes': 142, 'learning_rate_init': 0.00017660187547761835, 'tol': 0.0032547907058557844, 'validation_fraction': 0.8825027591477369}]
/Users/ryedida/miniforge3/lib/python3.9/site-packages/sklearn/neural_network/_multilayer_perceptron.py:605: UserWarning: Got `batch_size` less than 1 or larger than sample size. It is going to be clipped
  warnings.warn(

function_evaluation time 0.190417 value -0.485714 suggestion {'alpha': 0.000131420315002162, 'batch_size': 104, 'beta_1': 0.961715534119937, 'beta_2': 0.99997666463409, 'epsilon': 3.5463382242134073e-09, 'hidden_layer_sizes': 142, 'learning_rate_init': 0.00017660187547761835, 'tol': 0.0032547907058557844, 'validation_fraction': 0.8825027591477369}
observation time 0.000001, current best -0.894505 at iter 5
suggestion time taken 0.001672 iter 6 next_points [{'alpha': 0.15579255734653855, 'batch_size': 76, 'beta_1': 0.9561147108094208, 'beta_2': 0.9980594930581356, 'epsilon': 6.103308304824617e-08, 'hidden_layer_sizes': 64, 'learning_rate_init': 0.06306649689296413, 'tol': 5.472047430705039e-05, 'validation_fraction': 0.5830173951117188}]
function_evaluation time 0.380227 value -0.887912 suggestion {'alpha': 0.15579255734653855, 'batch_size': 76, 'beta_1': 0.9561147108094208, 'beta_2': 0.9980594930581356, 'epsilon': 6.103308304824617e-08, 'hidden_layer_sizes': 64, 'learning_rate_init': 0.06306649689296413, 'tol': 5.472047430705039e-05, 'validation_fraction': 0.5830173951117188}
observation time 0.000001, current best -0.894505 at iter 6
suggestion time taken 0.001656 iter 7 next_points [{'alpha': 0.0050679870509603596, 'batch_size': 72, 'beta_1': 0.5601462582806198, 'beta_2': 0.9999979488553362, 'epsilon': 1.5708235221009324e-07, 'hidden_layer_sizes': 128, 'learning_rate_init': 0.004068411083475368, 'tol': 0.020779987021486493, 'validation_fraction': 0.11766476923056277}]
function_evaluation time 0.444739 value -0.905495 suggestion {'alpha': 0.0050679870509603596, 'batch_size': 72, 'beta_1': 0.5601462582806198, 'beta_2': 0.9999979488553362, 'epsilon': 1.5708235221009324e-07, 'hidden_layer_sizes': 128, 'learning_rate_init': 0.004068411083475368, 'tol': 0.020779987021486493, 'validation_fraction': 0.11766476923056277}
observation time 0.000002, current best -0.905495 at iter 7
suggestion time taken 0.004592 iter 8 next_points [{'alpha': 3.282568973174382, 'batch_size': 153, 'beta_1': 0.7115105451945368, 'beta_2': 0.9833811960732802, 'epsilon': 5.226165700457427e-07, 'hidden_layer_sizes': 168, 'learning_rate_init': 0.00033657346240578944, 'tol': 0.09035025015946685, 'validation_fraction': 0.523446279446843}]
function_evaluation time 0.195057 value -0.698901 suggestion {'alpha': 3.282568973174382, 'batch_size': 153, 'beta_1': 0.7115105451945368, 'beta_2': 0.9833811960732802, 'epsilon': 5.226165700457427e-07, 'hidden_layer_sizes': 168, 'learning_rate_init': 0.00033657346240578944, 'tol': 0.09035025015946685, 'validation_fraction': 0.523446279446843}
observation time 0.000001, current best -0.905495 at iter 8
suggestion time taken 0.001524 iter 9 next_points [{'alpha': 0.00011623143404653684, 'batch_size': 166, 'beta_1': 0.9874999542199604, 'beta_2': 0.9999886776786177, 'epsilon': 1.2390339541209815e-08, 'hidden_layer_sizes': 100, 'learning_rate_init': 0.07926792200761461, 'tol': 1.4112055413258176e-05, 'validation_fraction': 0.6705399696445344}]
/Users/ryedida/miniforge3/lib/python3.9/site-packages/sklearn/neural_network/_multilayer_perceptron.py:605: UserWarning: Got `batch_size` less than 1 or larger than sample size. It is going to be clipped
  warnings.warn(

function_evaluation time 0.177448 value -0.771429 suggestion {'alpha': 0.00011623143404653684, 'batch_size': 166, 'beta_1': 0.9874999542199604, 'beta_2': 0.9999886776786177, 'epsilon': 1.2390339541209815e-08, 'hidden_layer_sizes': 100, 'learning_rate_init': 0.07926792200761461, 'tol': 1.4112055413258176e-05, 'validation_fraction': 0.6705399696445344}
observation time 0.000001, current best -0.905495 at iter 9
suggestion time taken 0.001641 iter 10 next_points [{'alpha': 0.15201399674489519, 'batch_size': 140, 'beta_1': 0.7726597042253953, 'beta_2': 0.9953994720196601, 'epsilon': 2.7183698133177898e-09, 'hidden_layer_sizes': 138, 'learning_rate_init': 0.0002073268871135671, 'tol': 0.00011358589054797073, 'validation_fraction': 0.16912288187166183}]
function_evaluation time 0.403632 value -0.687912 suggestion {'alpha': 0.15201399674489519, 'batch_size': 140, 'beta_1': 0.7726597042253953, 'beta_2': 0.9953994720196601, 'epsilon': 2.7183698133177898e-09, 'hidden_layer_sizes': 138, 'learning_rate_init': 0.0002073268871135671, 'tol': 0.00011358589054797073, 'validation_fraction': 0.16912288187166183}
observation time 0.000001, current best -0.905495 at iter 10
suggestion time taken 0.001655 iter 11 next_points [{'alpha': 0.000895076407262039, 'batch_size': 104, 'beta_1': 0.9831584223534827, 'beta_2': 0.9999794874446087, 'epsilon': 1.615823214222717e-07, 'hidden_layer_sizes': 54, 'learning_rate_init': 0.0001360920004358094, 'tol': 0.004479965849979027, 'validation_fraction': 0.8898461480525408}]
/Users/ryedida/miniforge3/lib/python3.9/site-packages/sklearn/neural_network/_multilayer_perceptron.py:605: UserWarning: Got `batch_size` less than 1 or larger than sample size. It is going to be clipped
  warnings.warn(

function_evaluation time 0.095967 value -0.560440 suggestion {'alpha': 0.000895076407262039, 'batch_size': 104, 'beta_1': 0.9831584223534827, 'beta_2': 0.9999794874446087, 'epsilon': 1.615823214222717e-07, 'hidden_layer_sizes': 54, 'learning_rate_init': 0.0001360920004358094, 'tol': 0.004479965849979027, 'validation_fraction': 0.8898461480525408}
observation time 0.000001, current best -0.905495 at iter 11
suggestion time taken 0.001491 iter 12 next_points [{'alpha': 0.00018468279919883299, 'batch_size': 60, 'beta_1': 0.9846200789635864, 'beta_2': 0.999597051376649, 'epsilon': 5.190001419471975e-07, 'hidden_layer_sizes': 190, 'learning_rate_init': 0.09326113224423858, 'tol': 0.0002590637958029385, 'validation_fraction': 0.7280669315434534}]
function_evaluation time 0.302457 value -0.813187 suggestion {'alpha': 0.00018468279919883299, 'batch_size': 60, 'beta_1': 0.9846200789635864, 'beta_2': 0.999597051376649, 'epsilon': 5.190001419471975e-07, 'hidden_layer_sizes': 190, 'learning_rate_init': 0.09326113224423858, 'tol': 0.0002590637958029385, 'validation_fraction': 0.7280669315434534}
observation time 0.000002, current best -0.905495 at iter 12
suggestion time taken 0.005094 iter 13 next_points [{'alpha': 0.00012165436984228395, 'batch_size': 148, 'beta_1': 0.8793204432267051, 'beta_2': 0.9955900730356035, 'epsilon': 1.0687282151107118e-07, 'hidden_layer_sizes': 76, 'learning_rate_init': 0.0020964413052550713, 'tol': 0.06455839621614685, 'validation_fraction': 0.20887710789468836}]
function_evaluation time 0.210275 value -0.881319 suggestion {'alpha': 0.00012165436984228395, 'batch_size': 148, 'beta_1': 0.8793204432267051, 'beta_2': 0.9955900730356035, 'epsilon': 1.0687282151107118e-07, 'hidden_layer_sizes': 76, 'learning_rate_init': 0.0020964413052550713, 'tol': 0.06455839621614685, 'validation_fraction': 0.20887710789468836}
observation time 0.000001, current best -0.905495 at iter 13
suggestion time taken 0.001623 iter 14 next_points [{'alpha': 0.03782360661620567, 'batch_size': 120, 'beta_1': 0.915042573127205, 'beta_2': 0.9643243193172064, 'epsilon': 6.081167719315887e-07, 'hidden_layer_sizes': 123, 'learning_rate_init': 5.059235954171465e-05, 'tol': 0.00013185122231310602, 'validation_fraction': 0.1374701987537964}]
function_evaluation time 0.431978 value -0.731868 suggestion {'alpha': 0.03782360661620567, 'batch_size': 120, 'beta_1': 0.915042573127205, 'beta_2': 0.9643243193172064, 'epsilon': 6.081167719315887e-07, 'hidden_layer_sizes': 123, 'learning_rate_init': 5.059235954171465e-05, 'tol': 0.00013185122231310602, 'validation_fraction': 0.1374701987537964}
observation time 0.000001, current best -0.905495 at iter 14
suggestion time taken 0.001619 iter 15 next_points [{'alpha': 0.00027879608896996263, 'batch_size': 194, 'beta_1': 0.8230266598835728, 'beta_2': 0.9997607913934502, 'epsilon': 3.927086329656842e-09, 'hidden_layer_sizes': 91, 'learning_rate_init': 0.0002856090495754097, 'tol': 0.005053913226274986, 'validation_fraction': 0.842978400265009}]
/Users/ryedida/miniforge3/lib/python3.9/site-packages/sklearn/neural_network/_multilayer_perceptron.py:605: UserWarning: Got `batch_size` less than 1 or larger than sample size. It is going to be clipped
  warnings.warn(

function_evaluation time 0.137541 value -0.617582 suggestion {'alpha': 0.00027879608896996263, 'batch_size': 194, 'beta_1': 0.8230266598835728, 'beta_2': 0.9997607913934502, 'epsilon': 3.927086329656842e-09, 'hidden_layer_sizes': 91, 'learning_rate_init': 0.0002856090495754097, 'tol': 0.005053913226274986, 'validation_fraction': 0.842978400265009}
observation time 0.000000, current best -0.905495 at iter 15
suggestion time taken 0.001597 iter 16 next_points [{'alpha': 0.17418114400763804, 'batch_size': 158, 'beta_1': 0.8165538802815842, 'beta_2': 0.9999595541567329, 'epsilon': 4.216720541166307e-09, 'hidden_layer_sizes': 131, 'learning_rate_init': 1.669380531313522e-05, 'tol': 0.01124033194964283, 'validation_fraction': 0.7611337136047924}]
/Users/ryedida/miniforge3/lib/python3.9/site-packages/sklearn/neural_network/_multilayer_perceptron.py:605: UserWarning: Got `batch_size` less than 1 or larger than sample size. It is going to be clipped
  warnings.warn(

function_evaluation time 0.136525 value -0.582418 suggestion {'alpha': 0.17418114400763804, 'batch_size': 158, 'beta_1': 0.8165538802815842, 'beta_2': 0.9999595541567329, 'epsilon': 4.216720541166307e-09, 'hidden_layer_sizes': 131, 'learning_rate_init': 1.669380531313522e-05, 'tol': 0.01124033194964283, 'validation_fraction': 0.7611337136047924}
observation time 0.000002, current best -0.905495 at iter 16
suggestion time taken 0.008162 iter 17 next_points [{'alpha': 0.010191675233950384, 'batch_size': 15, 'beta_1': 0.9688301109920904, 'beta_2': 0.9997319901101477, 'epsilon': 1.9390954412535333e-08, 'hidden_layer_sizes': 191, 'learning_rate_init': 0.0009922981062823939, 'tol': 0.0006575453996971975, 'validation_fraction': 0.2944841561516281}]
function_evaluation time 1.124481 value -0.905495 suggestion {'alpha': 0.010191675233950384, 'batch_size': 15, 'beta_1': 0.9688301109920904, 'beta_2': 0.9997319901101477, 'epsilon': 1.9390954412535333e-08, 'hidden_layer_sizes': 191, 'learning_rate_init': 0.0009922981062823939, 'tol': 0.0006575453996971975, 'validation_fraction': 0.2944841561516281}
observation time 0.000001, current best -0.905495 at iter 17
suggestion time taken 0.001659 iter 18 next_points [{'alpha': 0.00032014986673192114, 'batch_size': 170, 'beta_1': 0.9456180145435853, 'beta_2': 0.9986268951385547, 'epsilon': 1.4848206006139715e-08, 'hidden_layer_sizes': 99, 'learning_rate_init': 0.0018618396691954249, 'tol': 0.00047969531326236937, 'validation_fraction': 0.893627853000456}]
/Users/ryedida/miniforge3/lib/python3.9/site-packages/sklearn/neural_network/_multilayer_perceptron.py:605: UserWarning: Got `batch_size` less than 1 or larger than sample size. It is going to be clipped
  warnings.warn(

function_evaluation time 0.383527 value -0.881319 suggestion {'alpha': 0.00032014986673192114, 'batch_size': 170, 'beta_1': 0.9456180145435853, 'beta_2': 0.9986268951385547, 'epsilon': 1.4848206006139715e-08, 'hidden_layer_sizes': 99, 'learning_rate_init': 0.0018618396691954249, 'tol': 0.00047969531326236937, 'validation_fraction': 0.893627853000456}
observation time 0.000001, current best -0.905495 at iter 18
suggestion time taken 0.001648 iter 19 next_points [{'alpha': 0.0007903058835261503, 'batch_size': 67, 'beta_1': 0.9828161546807027, 'beta_2': 0.9998812411593325, 'epsilon': 3.992951589917399e-09, 'hidden_layer_sizes': 177, 'learning_rate_init': 0.05043352579979599, 'tol': 0.06149670224683876, 'validation_fraction': 0.6497401845307434}]
function_evaluation time 0.307316 value -0.896703 suggestion {'alpha': 0.0007903058835261503, 'batch_size': 67, 'beta_1': 0.9828161546807027, 'beta_2': 0.9998812411593325, 'epsilon': 3.992951589917399e-09, 'hidden_layer_sizes': 177, 'learning_rate_init': 0.05043352579979599, 'tol': 0.06149670224683876, 'validation_fraction': 0.6497401845307434}
observation time 0.000002, current best -0.905495 at iter 19
suggestion time taken 0.005856 iter 20 next_points [{'alpha': 0.0003248295829546443, 'batch_size': 134, 'beta_1': 0.9502359678559127, 'beta_2': 0.99986487788064, 'epsilon': 2.6137949301022364e-09, 'hidden_layer_sizes': 173, 'learning_rate_init': 1.079516632391878e-05, 'tol': 2.8661782296637238e-05, 'validation_fraction': 0.33630438795943457}]
function_evaluation time 0.287634 value -0.628571 suggestion {'alpha': 0.0003248295829546443, 'batch_size': 134, 'beta_1': 0.9502359678559127, 'beta_2': 0.99986487788064, 'epsilon': 2.6137949301022364e-09, 'hidden_layer_sizes': 173, 'learning_rate_init': 1.079516632391878e-05, 'tol': 2.8661782296637238e-05, 'validation_fraction': 0.33630438795943457}
observation time 0.000002, current best -0.905495 at iter 20
suggestion time taken 0.004844 iter 21 next_points [{'alpha': 0.209264101146233, 'batch_size': 54, 'beta_1': 0.916523614107907, 'beta_2': 0.9999000226563174, 'epsilon': 5.931288459282932e-07, 'hidden_layer_sizes': 119, 'learning_rate_init': 1.2511419912676022e-05, 'tol': 5.874706317665812e-05, 'validation_fraction': 0.4251416786691774}]
function_evaluation time 0.229280 value -0.527473 suggestion {'alpha': 0.209264101146233, 'batch_size': 54, 'beta_1': 0.916523614107907, 'beta_2': 0.9999000226563174, 'epsilon': 5.931288459282932e-07, 'hidden_layer_sizes': 119, 'learning_rate_init': 1.2511419912676022e-05, 'tol': 5.874706317665812e-05, 'validation_fraction': 0.4251416786691774}
observation time 0.000001, current best -0.905495 at iter 21
suggestion time taken 0.005928 iter 22 next_points [{'alpha': 0.0007488287548778675, 'batch_size': 193, 'beta_1': 0.9791755085879317, 'beta_2': 0.9999969445568079, 'epsilon': 5.035058800914721e-08, 'hidden_layer_sizes': 160, 'learning_rate_init': 0.0031124708551156974, 'tol': 8.070287637875615e-05, 'validation_fraction': 0.4391638432101692}]
function_evaluation time 0.442798 value -0.907692 suggestion {'alpha': 0.0007488287548778675, 'batch_size': 193, 'beta_1': 0.9791755085879317, 'beta_2': 0.9999969445568079, 'epsilon': 5.035058800914721e-08, 'hidden_layer_sizes': 160, 'learning_rate_init': 0.0031124708551156974, 'tol': 8.070287637875615e-05, 'validation_fraction': 0.4391638432101692}
observation time 0.000000, current best -0.907692 at iter 22
suggestion time taken 0.001637 iter 23 next_points [{'alpha': 5.354008217722922, 'batch_size': 237, 'beta_1': 0.9075312235668271, 'beta_2': 0.9691856164243533, 'epsilon': 3.560329554393407e-09, 'hidden_layer_sizes': 177, 'learning_rate_init': 0.008212946622975548, 'tol': 1.8062034787229698e-05, 'validation_fraction': 0.6437817216684711}]
/Users/ryedida/miniforge3/lib/python3.9/site-packages/sklearn/neural_network/_multilayer_perceptron.py:605: UserWarning: Got `batch_size` less than 1 or larger than sample size. It is going to be clipped
  warnings.warn(

function_evaluation time 0.535745 value -0.909890 suggestion {'alpha': 5.354008217722922, 'batch_size': 237, 'beta_1': 0.9075312235668271, 'beta_2': 0.9691856164243533, 'epsilon': 3.560329554393407e-09, 'hidden_layer_sizes': 177, 'learning_rate_init': 0.008212946622975548, 'tol': 1.8062034787229698e-05, 'validation_fraction': 0.6437817216684711}
observation time 0.000001, current best -0.909890 at iter 23
suggestion time taken 0.001523 iter 24 next_points [{'alpha': 0.009043154732388186, 'batch_size': 48, 'beta_1': 0.9540335821382774, 'beta_2': 0.996488922826012, 'epsilon': 6.538869321612152e-09, 'hidden_layer_sizes': 176, 'learning_rate_init': 0.0022378465933410342, 'tol': 0.00015298311567881249, 'validation_fraction': 0.6467603286880304}]
function_evaluation time 0.374392 value -0.905495 suggestion {'alpha': 0.009043154732388186, 'batch_size': 48, 'beta_1': 0.9540335821382774, 'beta_2': 0.996488922826012, 'epsilon': 6.538869321612152e-09, 'hidden_layer_sizes': 176, 'learning_rate_init': 0.0022378465933410342, 'tol': 0.00015298311567881249, 'validation_fraction': 0.6467603286880304}
observation time 0.000001, current best -0.909890 at iter 24
suggestion time taken 0.001644 iter 25 next_points [{'alpha': 0.0932005142293399, 'batch_size': 98, 'beta_1': 0.9562099054612856, 'beta_2': 0.9999314605241616, 'epsilon': 1.7062090112968192e-07, 'hidden_layer_sizes': 197, 'learning_rate_init': 0.0003509532589554138, 'tol': 0.003952790793367502, 'validation_fraction': 0.8609673359491432}]
/Users/ryedida/miniforge3/lib/python3.9/site-packages/sklearn/neural_network/_multilayer_perceptron.py:605: UserWarning: Got `batch_size` less than 1 or larger than sample size. It is going to be clipped
  warnings.warn(

function_evaluation time 0.241127 value -0.670330 suggestion {'alpha': 0.0932005142293399, 'batch_size': 98, 'beta_1': 0.9562099054612856, 'beta_2': 0.9999314605241616, 'epsilon': 1.7062090112968192e-07, 'hidden_layer_sizes': 197, 'learning_rate_init': 0.0003509532589554138, 'tol': 0.003952790793367502, 'validation_fraction': 0.8609673359491432}
observation time 0.000000, current best -0.909890 at iter 25
suggestion time taken 0.007503 iter 26 next_points [{'alpha': 3.004951779951819, 'batch_size': 194, 'beta_1': 0.7838381563836727, 'beta_2': 0.9997963416185246, 'epsilon': 4.8244060845838815e-09, 'hidden_layer_sizes': 61, 'learning_rate_init': 0.006457455209623606, 'tol': 0.017106601997763374, 'validation_fraction': 0.20681619679898902}]
function_evaluation time 0.276990 value -0.907692 suggestion {'alpha': 3.004951779951819, 'batch_size': 194, 'beta_1': 0.7838381563836727, 'beta_2': 0.9997963416185246, 'epsilon': 4.8244060845838815e-09, 'hidden_layer_sizes': 61, 'learning_rate_init': 0.006457455209623606, 'tol': 0.017106601997763374, 'validation_fraction': 0.20681619679898902}
observation time 0.000001, current best -0.909890 at iter 26
suggestion time taken 0.001638 iter 27 next_points [{'alpha': 0.00042612289476136507, 'batch_size': 73, 'beta_1': 0.5562023892521271, 'beta_2': 0.9999970290815231, 'epsilon': 1.4106921570807416e-09, 'hidden_layer_sizes': 117, 'learning_rate_init': 0.0001335480697014929, 'tol': 9.683941063763163e-05, 'validation_fraction': 0.6057580126646773}]
function_evaluation time 0.235820 value -0.624176 suggestion {'alpha': 0.00042612289476136507, 'batch_size': 73, 'beta_1': 0.5562023892521271, 'beta_2': 0.9999970290815231, 'epsilon': 1.4106921570807416e-09, 'hidden_layer_sizes': 117, 'learning_rate_init': 0.0001335480697014929, 'tol': 9.683941063763163e-05, 'validation_fraction': 0.6057580126646773}
observation time 0.000001, current best -0.909890 at iter 27
suggestion time taken 0.003033 iter 28 next_points [{'alpha': 0.7406873274686746, 'batch_size': 158, 'beta_1': 0.8923920623116155, 'beta_2': 0.9946955280058225, 'epsilon': 6.855759265870475e-09, 'hidden_layer_sizes': 68, 'learning_rate_init': 0.06809350010254658, 'tol': 2.0487052857025897e-05, 'validation_fraction': 0.45760343660632297}]
function_evaluation time 0.311485 value -0.903297 suggestion {'alpha': 0.7406873274686746, 'batch_size': 158, 'beta_1': 0.8923920623116155, 'beta_2': 0.9946955280058225, 'epsilon': 6.855759265870475e-09, 'hidden_layer_sizes': 68, 'learning_rate_init': 0.06809350010254658, 'tol': 2.0487052857025897e-05, 'validation_fraction': 0.45760343660632297}
observation time 0.000001, current best -0.909890 at iter 28
suggestion time taken 0.001625 iter 29 next_points [{'alpha': 0.217116770034512, 'batch_size': 196, 'beta_1': 0.8291678798954404, 'beta_2': 0.9844365888906974, 'epsilon': 6.911069856063352e-09, 'hidden_layer_sizes': 115, 'learning_rate_init': 0.0015562761132898735, 'tol': 0.0009645055067210278, 'validation_fraction': 0.39588483265908936}]
function_evaluation time 0.592719 value -0.881319 suggestion {'alpha': 0.217116770034512, 'batch_size': 196, 'beta_1': 0.8291678798954404, 'beta_2': 0.9844365888906974, 'epsilon': 6.911069856063352e-09, 'hidden_layer_sizes': 115, 'learning_rate_init': 0.0015562761132898735, 'tol': 0.0009645055067210278, 'validation_fraction': 0.39588483265908936}
observation time 0.000001, current best -0.909890 at iter 29
suggestion time taken 0.001504 iter 30 next_points [{'alpha': 0.02014036829351116, 'batch_size': 234, 'beta_1': 0.801156113846817, 'beta_2': 0.9999947530986394, 'epsilon': 1.3759268097004403e-07, 'hidden_layer_sizes': 113, 'learning_rate_init': 0.0004980716524361422, 'tol': 0.05416113487553765, 'validation_fraction': 0.7089927899416065}]
/Users/ryedida/miniforge3/lib/python3.9/site-packages/sklearn/neural_network/_multilayer_perceptron.py:605: UserWarning: Got `batch_size` less than 1 or larger than sample size. It is going to be clipped
  warnings.warn(

function_evaluation time 0.144346 value -0.694505 suggestion {'alpha': 0.02014036829351116, 'batch_size': 234, 'beta_1': 0.801156113846817, 'beta_2': 0.9999947530986394, 'epsilon': 1.3759268097004403e-07, 'hidden_layer_sizes': 113, 'learning_rate_init': 0.0004980716524361422, 'tol': 0.05416113487553765, 'validation_fraction': 0.7089927899416065}
observation time 0.000000, current best -0.909890 at iter 30
suggestion time taken 0.001620 iter 31 next_points [{'alpha': 5.432201912573582, 'batch_size': 185, 'beta_1': 0.5604857512779403, 'beta_2': 0.9999939534146762, 'epsilon': 6.094848021135322e-09, 'hidden_layer_sizes': 151, 'learning_rate_init': 0.00031293073032714614, 'tol': 0.00029779238204619325, 'validation_fraction': 0.25767520846472375}]
function_evaluation time 0.476104 value -0.800000 suggestion {'alpha': 5.432201912573582, 'batch_size': 185, 'beta_1': 0.5604857512779403, 'beta_2': 0.9999939534146762, 'epsilon': 6.094848021135322e-09, 'hidden_layer_sizes': 151, 'learning_rate_init': 0.00031293073032714614, 'tol': 0.00029779238204619325, 'validation_fraction': 0.25767520846472375}
observation time 0.000001, current best -0.909890 at iter 31
suggestion time taken 0.001509 iter 32 next_points [{'alpha': 0.0015925359305944823, 'batch_size': 108, 'beta_1': 0.863866133656044, 'beta_2': 0.9987624796737787, 'epsilon': 3.0011351745832236e-08, 'hidden_layer_sizes': 106, 'learning_rate_init': 0.05123034610614998, 'tol': 0.00249671054000923, 'validation_fraction': 0.822370973074319}]
/Users/ryedida/miniforge3/lib/python3.9/site-packages/sklearn/neural_network/_multilayer_perceptron.py:605: UserWarning: Got `batch_size` less than 1 or larger than sample size. It is going to be clipped
  warnings.warn(

function_evaluation time 0.238151 value -0.837363 suggestion {'alpha': 0.0015925359305944823, 'batch_size': 108, 'beta_1': 0.863866133656044, 'beta_2': 0.9987624796737787, 'epsilon': 3.0011351745832236e-08, 'hidden_layer_sizes': 106, 'learning_rate_init': 0.05123034610614998, 'tol': 0.00249671054000923, 'validation_fraction': 0.822370973074319}
observation time 0.000001, current best -0.909890 at iter 32
suggestion time taken 0.001483 iter 33 next_points [{'alpha': 0.013280997354600288, 'batch_size': 89, 'beta_1': 0.9812401408744119, 'beta_2': 0.9999865908999104, 'epsilon': 2.502905500500415e-09, 'hidden_layer_sizes': 56, 'learning_rate_init': 0.00017343991447421391, 'tol': 3.251887141763264e-05, 'validation_fraction': 0.19789115231907628}]
function_evaluation time 0.155235 value -0.635165 suggestion {'alpha': 0.013280997354600288, 'batch_size': 89, 'beta_1': 0.9812401408744119, 'beta_2': 0.9999865908999104, 'epsilon': 2.502905500500415e-09, 'hidden_layer_sizes': 56, 'learning_rate_init': 0.00017343991447421391, 'tol': 3.251887141763264e-05, 'validation_fraction': 0.19789115231907628}
observation time 0.000001, current best -0.909890 at iter 33
suggestion time taken 0.008915 iter 34 next_points [{'alpha': 0.3972615251745257, 'batch_size': 131, 'beta_1': 0.9764242014157347, 'beta_2': 0.999913630707236, 'epsilon': 3.7239626545184985e-09, 'hidden_layer_sizes': 99, 'learning_rate_init': 0.015425352329049158, 'tol': 0.00815473842856516, 'validation_fraction': 0.5839282615258099}]
function_evaluation time 0.252318 value -0.914286 suggestion {'alpha': 0.3972615251745257, 'batch_size': 131, 'beta_1': 0.9764242014157347, 'beta_2': 0.999913630707236, 'epsilon': 3.7239626545184985e-09, 'hidden_layer_sizes': 99, 'learning_rate_init': 0.015425352329049158, 'tol': 0.00815473842856516, 'validation_fraction': 0.5839282615258099}
observation time 0.000001, current best -0.914286 at iter 34
suggestion time taken 0.001497 iter 35 next_points [{'alpha': 0.006139982612191284, 'batch_size': 234, 'beta_1': 0.946250755452372, 'beta_2': 0.9874169318835232, 'epsilon': 1.276548673092477e-07, 'hidden_layer_sizes': 141, 'learning_rate_init': 0.000176054496835168, 'tol': 0.0016538940838184675, 'validation_fraction': 0.23461522304847848}]
function_evaluation time 0.279138 value -0.575824 suggestion {'alpha': 0.006139982612191284, 'batch_size': 234, 'beta_1': 0.946250755452372, 'beta_2': 0.9874169318835232, 'epsilon': 1.276548673092477e-07, 'hidden_layer_sizes': 141, 'learning_rate_init': 0.000176054496835168, 'tol': 0.0016538940838184675, 'validation_fraction': 0.23461522304847848}
observation time 0.000000, current best -0.914286 at iter 35
suggestion time taken 0.001517 iter 36 next_points [{'alpha': 0.0022774793560589694, 'batch_size': 23, 'beta_1': 0.9751171051486412, 'beta_2': 0.9132922218956108, 'epsilon': 3.1584461242190076e-07, 'hidden_layer_sizes': 157, 'learning_rate_init': 0.0022313314485274916, 'tol': 0.012769393094283234, 'validation_fraction': 0.8302801591966831}]
function_evaluation time 0.299809 value -0.896703 suggestion {'alpha': 0.0022774793560589694, 'batch_size': 23, 'beta_1': 0.9751171051486412, 'beta_2': 0.9132922218956108, 'epsilon': 3.1584461242190076e-07, 'hidden_layer_sizes': 157, 'learning_rate_init': 0.0022313314485274916, 'tol': 0.012769393094283234, 'validation_fraction': 0.8302801591966831}
observation time 0.000002, current best -0.914286 at iter 36
suggestion time taken 0.003634 iter 37 next_points [{'alpha': 2.2439284185400825e-05, 'batch_size': 233, 'beta_1': 0.9247836537716884, 'beta_2': 0.9999943199362187, 'epsilon': 2.5920011823803227e-09, 'hidden_layer_sizes': 75, 'learning_rate_init': 1.578460573139464e-05, 'tol': 0.00017857258611094005, 'validation_fraction': 0.4927863541031871}]
/Users/ryedida/miniforge3/lib/python3.9/site-packages/sklearn/neural_network/_multilayer_perceptron.py:605: UserWarning: Got `batch_size` less than 1 or larger than sample size. It is going to be clipped
  warnings.warn(

function_evaluation time 0.158196 value -0.527473 suggestion {'alpha': 2.2439284185400825e-05, 'batch_size': 233, 'beta_1': 0.9247836537716884, 'beta_2': 0.9999943199362187, 'epsilon': 2.5920011823803227e-09, 'hidden_layer_sizes': 75, 'learning_rate_init': 1.578460573139464e-05, 'tol': 0.00017857258611094005, 'validation_fraction': 0.4927863541031871}
observation time 0.000000, current best -0.914286 at iter 37
suggestion time taken 0.002456 iter 38 next_points [{'alpha': 0.00010040740963743381, 'batch_size': 39, 'beta_1': 0.7651136010458225, 'beta_2': 0.9997633460567555, 'epsilon': 1.349864391643452e-09, 'hidden_layer_sizes': 95, 'learning_rate_init': 0.00015088410077877218, 'tol': 3.5211984545908205e-05, 'validation_fraction': 0.4937253949836881}]
function_evaluation time 0.393722 value -0.782418 suggestion {'alpha': 0.00010040740963743381, 'batch_size': 39, 'beta_1': 0.7651136010458225, 'beta_2': 0.9997633460567555, 'epsilon': 1.349864391643452e-09, 'hidden_layer_sizes': 95, 'learning_rate_init': 0.00015088410077877218, 'tol': 3.5211984545908205e-05, 'validation_fraction': 0.4937253949836881}
observation time 0.000001, current best -0.914286 at iter 38
suggestion time taken 0.001635 iter 39 next_points [{'alpha': 0.07593992583865856, 'batch_size': 50, 'beta_1': 0.6277717799564434, 'beta_2': 0.9994317508725882, 'epsilon': 2.0525195608338237e-09, 'hidden_layer_sizes': 156, 'learning_rate_init': 0.0067045109486205375, 'tol': 0.0073226603636918726, 'validation_fraction': 0.8444339997267979}]
function_evaluation time 0.264388 value -0.901099 suggestion {'alpha': 0.07593992583865856, 'batch_size': 50, 'beta_1': 0.6277717799564434, 'beta_2': 0.9994317508725882, 'epsilon': 2.0525195608338237e-09, 'hidden_layer_sizes': 156, 'learning_rate_init': 0.0067045109486205375, 'tol': 0.0073226603636918726, 'validation_fraction': 0.8444339997267979}
observation time 0.000001, current best -0.914286 at iter 39
suggestion time taken 0.004650 iter 40 next_points [{'alpha': 1.7588773336598313e-05, 'batch_size': 191, 'beta_1': 0.9740723358156983, 'beta_2': 0.9998471214892327, 'epsilon': 1.0048782098554436e-09, 'hidden_layer_sizes': 74, 'learning_rate_init': 3.2763321765066764e-05, 'tol': 0.0010963003772215029, 'validation_fraction': 0.8450810214280879}]
/Users/ryedida/miniforge3/lib/python3.9/site-packages/sklearn/neural_network/_multilayer_perceptron.py:605: UserWarning: Got `batch_size` less than 1 or larger than sample size. It is going to be clipped
  warnings.warn(

function_evaluation time 0.111883 value -0.472527 suggestion {'alpha': 1.7588773336598313e-05, 'batch_size': 191, 'beta_1': 0.9740723358156983, 'beta_2': 0.9998471214892327, 'epsilon': 1.0048782098554436e-09, 'hidden_layer_sizes': 74, 'learning_rate_init': 3.2763321765066764e-05, 'tol': 0.0010963003772215029, 'validation_fraction': 0.8450810214280879}
observation time 0.000001, current best -0.914286 at iter 40
suggestion time taken 0.001620 iter 41 next_points [{'alpha': 0.003170993242841822, 'batch_size': 61, 'beta_1': 0.946218439527021, 'beta_2': 0.998750446675442, 'epsilon': 1.1716310868553537e-08, 'hidden_layer_sizes': 170, 'learning_rate_init': 0.000449585224233938, 'tol': 0.09590278507943599, 'validation_fraction': 0.18009363859504052}]
function_evaluation time 0.387414 value -0.846154 suggestion {'alpha': 0.003170993242841822, 'batch_size': 61, 'beta_1': 0.946218439527021, 'beta_2': 0.998750446675442, 'epsilon': 1.1716310868553537e-08, 'hidden_layer_sizes': 170, 'learning_rate_init': 0.000449585224233938, 'tol': 0.09590278507943599, 'validation_fraction': 0.18009363859504052}
observation time 0.000001, current best -0.914286 at iter 41
suggestion time taken 0.004993 iter 42 next_points [{'alpha': 0.0007720163592957417, 'batch_size': 88, 'beta_1': 0.9856494709189212, 'beta_2': 0.9998765170381502, 'epsilon': 5.0933745445067605e-09, 'hidden_layer_sizes': 184, 'learning_rate_init': 0.00028786080558624043, 'tol': 0.0009341318033259105, 'validation_fraction': 0.1956188102107626}]
function_evaluation time 0.618903 value -0.857143 suggestion {'alpha': 0.0007720163592957417, 'batch_size': 88, 'beta_1': 0.9856494709189212, 'beta_2': 0.9998765170381502, 'epsilon': 5.0933745445067605e-09, 'hidden_layer_sizes': 184, 'learning_rate_init': 0.00028786080558624043, 'tol': 0.0009341318033259105, 'validation_fraction': 0.1956188102107626}
observation time 0.000002, current best -0.914286 at iter 42
suggestion time taken 0.004682 iter 43 next_points [{'alpha': 0.01748836073675696, 'batch_size': 20, 'beta_1': 0.985327812048471, 'beta_2': 0.9999342262314506, 'epsilon': 4.335983558330257e-08, 'hidden_layer_sizes': 160, 'learning_rate_init': 0.0001030432032951726, 'tol': 0.08292554391470919, 'validation_fraction': 0.7688334966578015}]
function_evaluation time 0.302243 value -0.731868 suggestion {'alpha': 0.01748836073675696, 'batch_size': 20, 'beta_1': 0.985327812048471, 'beta_2': 0.9999342262314506, 'epsilon': 4.335983558330257e-08, 'hidden_layer_sizes': 160, 'learning_rate_init': 0.0001030432032951726, 'tol': 0.08292554391470919, 'validation_fraction': 0.7688334966578015}
observation time 0.000001, current best -0.914286 at iter 43
suggestion time taken 0.003870 iter 44 next_points [{'alpha': 0.014899959856886193, 'batch_size': 98, 'beta_1': 0.7448921733766999, 'beta_2': 0.9902403367493671, 'epsilon': 1.3417610741802974e-09, 'hidden_layer_sizes': 53, 'learning_rate_init': 0.004172414496402414, 'tol': 0.018919663107632108, 'validation_fraction': 0.12433987689081422}]
function_evaluation time 0.240327 value -0.870330 suggestion {'alpha': 0.014899959856886193, 'batch_size': 98, 'beta_1': 0.7448921733766999, 'beta_2': 0.9902403367493671, 'epsilon': 1.3417610741802974e-09, 'hidden_layer_sizes': 53, 'learning_rate_init': 0.004172414496402414, 'tol': 0.018919663107632108, 'validation_fraction': 0.12433987689081422}
observation time 0.000001, current best -0.914286 at iter 44
saving meta data: {'args': {'--uuid': '871317a169465e48ab8ab9f953dc1687', '-db-root': '/Users/ryedida/Desktop/menzies/thesis/smoothness-hpo/smoothness-hpo/bbo_challenge_starter_kit/output', '--opt-root': '/Users/ryedida/Desktop/menzies/thesis/smoothness-hpo/smoothness-hpo/bbo_challenge_starter_kit/example_submissions', '--data-root': None, '--db': 'run_20230815_214848', '--opt': 'random', '--data': 'breast', '--classifier': 'MLP-adam', '--metric': 'acc', '--calls': 45, '--suggestions': 1, '--jobs-file': None, '--verbose': False, 'dry_run': False, 'rev': 'a376313', 'opt_rev': '0.0.8'}, 'signature': ([{'alpha': 0.019628224813442792, 'batch_size': 182, 'beta_1': 0.9410202200271762, 'beta_2': 0.9998021557676793, 'epsilon': 1.8662266976518e-08, 'hidden_layer_sizes': 147, 'learning_rate_init': 0.0005627932047415167, 'tol': 0.03690557729213761, 'validation_fraction': 0.8846827852548593}, {'alpha': 0.001998246739232944, 'batch_size': 200, 'beta_1': 0.919111482530466, 'beta_2': 0.9998488260436156, 'epsilon': 5.981221901152555e-07, 'hidden_layer_sizes': 61, 'learning_rate_init': 2.2310905607443014e-05, 'tol': 1.2046852412030316e-05, 'validation_fraction': 0.8117896445826539}, {'alpha': 0.46659545670218433, 'batch_size': 219, 'beta_1': 0.9889789783750891, 'beta_2': 0.9999896868093284, 'epsilon': 2.4234724484675948e-08, 'hidden_layer_sizes': 167, 'learning_rate_init': 2.972334644335654e-05, 'tol': 0.0036281404040243792, 'validation_fraction': 0.17260651658522078}, {'alpha': 4.656005689076002, 'batch_size': 135, 'beta_1': 0.870503881627747, 'beta_2': 0.9948873266941017, 'epsilon': 2.1023308743480125e-07, 'hidden_layer_sizes': 118, 'learning_rate_init': 0.001878173875716191, 'tol': 1.1889379831773006e-05, 'validation_fraction': 0.6264327093752792}, {'alpha': 0.04705159350400542, 'batch_size': 158, 'beta_1': 0.9870884262730957, 'beta_2': 0.9999596874382349, 'epsilon': 1.1981845126013875e-08, 'hidden_layer_sizes': 116, 'learning_rate_init': 0.006173405204074311, 'tol': 1.7414134181586194e-05, 'validation_fraction': 0.6754299026638921}], [-0.676923076923077, -0.567032967032967, -0.545054945054945, -0.7824175824175824, -0.843956043956044])}
saving results
saving timing
saving suggest log
done
