running: {'--uuid': '9f1ae3b8ea7e535db4912d3d57fb301e', '-db-root': '/Users/ryedida/Desktop/menzies/thesis/smoothness-hpo/smoothness-hpo/bbo_challenge_starter_kit/output', '--opt-root': '/Users/ryedida/Desktop/menzies/thesis/smoothness-hpo/smoothness-hpo/bbo_challenge_starter_kit/example_submissions', '--data-root': None, '--db': 'run_20230815_214848', '--opt': 'hyperopt', '--data': 'breast', '--classifier': 'MLP-adam', '--metric': 'nll', '--calls': 45, '--suggestions': 1, '--jobs-file': None, '--verbose': False, 'dry_run': False, 'rev': 'a376313', 'opt_rev': '0.2.7'}
cmd: python hyperopt/optimizer.py -c MLP-adam -d breast -o hyperopt -u 9f1ae3b8ea7e535db4912d3d57fb301e -m nll -n 45 -p 1 -dir /Users/ryedida/Desktop/menzies/thesis/smoothness-hpo/smoothness-hpo/bbo_challenge_starter_kit/output -b run_20230815_214848
/Users/ryedida/miniforge3/lib/python3.9/site-packages/sklearn/neural_network/_multilayer_perceptron.py:605: UserWarning: Got `batch_size` less than 1 or larger than sample size. It is going to be clipped
  warnings.warn(

/Users/ryedida/miniforge3/lib/python3.9/site-packages/sklearn/neural_network/_multilayer_perceptron.py:605: UserWarning: Got `batch_size` less than 1 or larger than sample size. It is going to be clipped
  warnings.warn(

/Users/ryedida/miniforge3/lib/python3.9/site-packages/sklearn/neural_network/_multilayer_perceptron.py:605: UserWarning: Got `batch_size` less than 1 or larger than sample size. It is going to be clipped
  warnings.warn(

computed signature: ([{'alpha': 0.019628224813442792, 'batch_size': 182, 'beta_1': 0.9410202200271762, 'beta_2': 0.9998021557676793, 'epsilon': 1.8662266976518e-08, 'hidden_layer_sizes': 147, 'learning_rate_init': 0.0005627932047415167, 'tol': 0.03690557729213761, 'validation_fraction': 0.8846827852548593}, {'alpha': 0.001998246739232944, 'batch_size': 200, 'beta_1': 0.919111482530466, 'beta_2': 0.9998488260436156, 'epsilon': 5.981221901152555e-07, 'hidden_layer_sizes': 61, 'learning_rate_init': 2.2310905607443014e-05, 'tol': 1.2046852412030316e-05, 'validation_fraction': 0.8117896445826539}, {'alpha': 0.46659545670218433, 'batch_size': 219, 'beta_1': 0.9889789783750891, 'beta_2': 0.9999896868093284, 'epsilon': 2.4234724484675948e-08, 'hidden_layer_sizes': 167, 'learning_rate_init': 2.972334644335654e-05, 'tol': 0.0036281404040243792, 'validation_fraction': 0.17260651658522078}, {'alpha': 4.656005689076002, 'batch_size': 135, 'beta_1': 0.870503881627747, 'beta_2': 0.9948873266941017, 'epsilon': 2.1023308743480125e-07, 'hidden_layer_sizes': 118, 'learning_rate_init': 0.001878173875716191, 'tol': 1.1889379831773006e-05, 'validation_fraction': 0.6264327093752792}, {'alpha': 0.04705159350400542, 'batch_size': 158, 'beta_1': 0.9870884262730957, 'beta_2': 0.9999596874382349, 'epsilon': 1.1981845126013875e-08, 'hidden_layer_sizes': 116, 'learning_rate_init': 0.006173405204074311, 'tol': 1.7414134181586194e-05, 'validation_fraction': 0.6754299026638921}], [8.104566516477805, 14.643876498263253, 12.332285721418042, 5.269783589486869, 3.490431081639362])
/Users/ryedida/miniforge3/lib/python3.9/site-packages/bayesmark/experiment.py:469: UserWarning: Baselines not found. Will not log intermediate scores.
  warnings.warn("Baselines not found. Will not log intermediate scores.")

starting sklearn study hyperopt MLP-adam breast nll 45 1
with data root: None
suggestion time taken 0.002049 iter 0 next_points [{'alpha': 0.0002175481909777009, 'batch_size': 233, 'beta_1': 0.5112522628607427, 'beta_2': 0.903197367372086, 'epsilon': 2.0398094888241317e-08, 'hidden_layer_sizes': 190, 'learning_rate_init': 0.00030347764697467026, 'tol': 0.0010007906704497093, 'validation_fraction': 0.5194476425235388}]
/Users/ryedida/miniforge3/lib/python3.9/site-packages/sklearn/neural_network/_multilayer_perceptron.py:605: UserWarning: Got `batch_size` less than 1 or larger than sample size. It is going to be clipped
  warnings.warn(

function_evaluation time 0.379494 value 7.358050 suggestion {'alpha': 0.0002175481909777009, 'batch_size': 233, 'beta_1': 0.5112522628607427, 'beta_2': 0.903197367372086, 'epsilon': 2.0398094888241317e-08, 'hidden_layer_sizes': 190, 'learning_rate_init': 0.00030347764697467026, 'tol': 0.0010007906704497093, 'validation_fraction': 0.5194476425235388}
observation time 0.000023, current best 7.358050 at iter 0
suggestion time taken 0.001990 iter 1 next_points [{'alpha': 0.001598529723698749, 'batch_size': 153, 'beta_1': 0.7565078611575927, 'beta_2': 0.9777518665919009, 'epsilon': 1.7225276247925256e-09, 'hidden_layer_sizes': 81, 'learning_rate_init': 0.0006837512673705849, 'tol': 0.023585109728982347, 'validation_fraction': 0.3474933621356939}]
function_evaluation time 0.404754 value 5.480434 suggestion {'alpha': 0.001598529723698749, 'batch_size': 153, 'beta_1': 0.7565078611575927, 'beta_2': 0.9777518665919009, 'epsilon': 1.7225276247925256e-09, 'hidden_layer_sizes': 81, 'learning_rate_init': 0.0006837512673705849, 'tol': 0.023585109728982347, 'validation_fraction': 0.3474933621356939}
observation time 0.000022, current best 5.480434 at iter 1
suggestion time taken 0.001938 iter 2 next_points [{'alpha': 0.1022980254951783, 'batch_size': 212, 'beta_1': 0.9311612005266185, 'beta_2': 0.9488266989807725, 'epsilon': 5.463267268067225e-07, 'hidden_layer_sizes': 126, 'learning_rate_init': 0.003160603704803427, 'tol': 0.0014138388977113774, 'validation_fraction': 0.7497660917232973}]
/Users/ryedida/miniforge3/lib/python3.9/site-packages/sklearn/neural_network/_multilayer_perceptron.py:605: UserWarning: Got `batch_size` less than 1 or larger than sample size. It is going to be clipped
  warnings.warn(

function_evaluation time 0.261854 value 2.998587 suggestion {'alpha': 0.1022980254951783, 'batch_size': 212, 'beta_1': 0.9311612005266185, 'beta_2': 0.9488266989807725, 'epsilon': 5.463267268067225e-07, 'hidden_layer_sizes': 126, 'learning_rate_init': 0.003160603704803427, 'tol': 0.0014138388977113774, 'validation_fraction': 0.7497660917232973}
observation time 0.000023, current best 2.998587 at iter 2
suggestion time taken 0.002168 iter 3 next_points [{'alpha': 3.165740481239614, 'batch_size': 243, 'beta_1': 0.7802317936695262, 'beta_2': 0.9846073877877874, 'epsilon': 2.4466386751939475e-07, 'hidden_layer_sizes': 102, 'learning_rate_init': 0.0011340268222202199, 'tol': 9.615415962237035e-05, 'validation_fraction': 0.17805102789321625}]
function_evaluation time 0.260736 value 0.460726 suggestion {'alpha': 3.165740481239614, 'batch_size': 243, 'beta_1': 0.7802317936695262, 'beta_2': 0.9846073877877874, 'epsilon': 2.4466386751939475e-07, 'hidden_layer_sizes': 102, 'learning_rate_init': 0.0011340268222202199, 'tol': 9.615415962237035e-05, 'validation_fraction': 0.17805102789321625}
observation time 0.000046, current best 0.460726 at iter 3
suggestion time taken 0.003157 iter 4 next_points [{'alpha': 0.05416302342583944, 'batch_size': 71, 'beta_1': 0.8185954010086098, 'beta_2': 0.9297540809752708, 'epsilon': 4.002278737990365e-07, 'hidden_layer_sizes': 97, 'learning_rate_init': 0.05785391368685794, 'tol': 1.1051635340816729e-05, 'validation_fraction': 0.8781480495020892}]
/Users/ryedida/miniforge3/lib/python3.9/site-packages/sklearn/neural_network/_multilayer_perceptron.py:605: UserWarning: Got `batch_size` less than 1 or larger than sample size. It is going to be clipped
  warnings.warn(

function_evaluation time 0.339615 value 3.111900 suggestion {'alpha': 0.05416302342583944, 'batch_size': 71, 'beta_1': 0.8185954010086098, 'beta_2': 0.9297540809752708, 'epsilon': 4.002278737990365e-07, 'hidden_layer_sizes': 97, 'learning_rate_init': 0.05785391368685794, 'tol': 1.1051635340816729e-05, 'validation_fraction': 0.8781480495020892}
observation time 0.000023, current best 0.460726 at iter 4
suggestion time taken 0.001965 iter 5 next_points [{'alpha': 1.834480577460682e-05, 'batch_size': 76, 'beta_1': 0.6946029046154195, 'beta_2': 0.9741764957218184, 'epsilon': 9.263371684412668e-08, 'hidden_layer_sizes': 81, 'learning_rate_init': 0.0024512841671859706, 'tol': 0.06565144957239163, 'validation_fraction': 0.347776663721147}]
function_evaluation time 0.258337 value 0.484853 suggestion {'alpha': 1.834480577460682e-05, 'batch_size': 76, 'beta_1': 0.6946029046154195, 'beta_2': 0.9741764957218184, 'epsilon': 9.263371684412668e-08, 'hidden_layer_sizes': 81, 'learning_rate_init': 0.0024512841671859706, 'tol': 0.06565144957239163, 'validation_fraction': 0.347776663721147}
observation time 0.000023, current best 0.460726 at iter 5
suggestion time taken 0.001936 iter 6 next_points [{'alpha': 0.0002680217557720594, 'batch_size': 42, 'beta_1': 0.6892482200703354, 'beta_2': 0.956247926546544, 'epsilon': 2.557229180091307e-09, 'hidden_layer_sizes': 172, 'learning_rate_init': 0.09873617418375873, 'tol': 0.0071400093998444086, 'validation_fraction': 0.692194384222649}]
function_evaluation time 0.347001 value 0.264697 suggestion {'alpha': 0.0002680217557720594, 'batch_size': 42, 'beta_1': 0.6892482200703354, 'beta_2': 0.956247926546544, 'epsilon': 2.557229180091307e-09, 'hidden_layer_sizes': 172, 'learning_rate_init': 0.09873617418375873, 'tol': 0.0071400093998444086, 'validation_fraction': 0.692194384222649}
observation time 0.000024, current best 0.264697 at iter 6
suggestion time taken 0.001949 iter 7 next_points [{'alpha': 0.15622749691635934, 'batch_size': 168, 'beta_1': 0.7513890644182628, 'beta_2': 0.9209664940088323, 'epsilon': 3.7415774509197553e-07, 'hidden_layer_sizes': 78, 'learning_rate_init': 4.854080915103573e-05, 'tol': 0.00015050779831222823, 'validation_fraction': 0.20158093010637135}]
function_evaluation time 0.632053 value 16.534324 suggestion {'alpha': 0.15622749691635934, 'batch_size': 168, 'beta_1': 0.7513890644182628, 'beta_2': 0.9209664940088323, 'epsilon': 3.7415774509197553e-07, 'hidden_layer_sizes': 78, 'learning_rate_init': 4.854080915103573e-05, 'tol': 0.00015050779831222823, 'validation_fraction': 0.20158093010637135}
observation time 0.000025, current best 0.264697 at iter 7
suggestion time taken 0.004741 iter 8 next_points [{'alpha': 0.07623371913461743, 'batch_size': 204, 'beta_1': 0.6294561147359007, 'beta_2': 0.9569204210297996, 'epsilon': 1.1510413546314578e-08, 'hidden_layer_sizes': 180, 'learning_rate_init': 0.006646731406969576, 'tol': 0.0004512127329658902, 'validation_fraction': 0.3622873625503647}]
function_evaluation time 0.432823 value 0.634997 suggestion {'alpha': 0.07623371913461743, 'batch_size': 204, 'beta_1': 0.6294561147359007, 'beta_2': 0.9569204210297996, 'epsilon': 1.1510413546314578e-08, 'hidden_layer_sizes': 180, 'learning_rate_init': 0.006646731406969576, 'tol': 0.0004512127329658902, 'validation_fraction': 0.3622873625503647}
observation time 0.000064, current best 0.264697 at iter 8
suggestion time taken 0.005609 iter 9 next_points [{'alpha': 0.10930099319320873, 'batch_size': 142, 'beta_1': 0.5160688628445305, 'beta_2': 0.9820485284834004, 'epsilon': 7.117076481391201e-07, 'hidden_layer_sizes': 152, 'learning_rate_init': 3.637662884996936e-05, 'tol': 0.00019415433472688896, 'validation_fraction': 0.2899187864017371}]
function_evaluation time 0.381811 value 10.548738 suggestion {'alpha': 0.10930099319320873, 'batch_size': 142, 'beta_1': 0.5160688628445305, 'beta_2': 0.9820485284834004, 'epsilon': 7.117076481391201e-07, 'hidden_layer_sizes': 152, 'learning_rate_init': 3.637662884996936e-05, 'tol': 0.00019415433472688896, 'validation_fraction': 0.2899187864017371}
observation time 0.000025, current best 0.264697 at iter 9
suggestion time taken 0.001943 iter 10 next_points [{'alpha': 0.005272543229414782, 'batch_size': 10, 'beta_1': 0.9752480766024819, 'beta_2': 0.9161146693020563, 'epsilon': 5.30988183872424e-09, 'hidden_layer_sizes': 158, 'learning_rate_init': 0.0012492778354013354, 'tol': 0.0018033933761522213, 'validation_fraction': 0.11061654801807418}]
function_evaluation time 0.776705 value 0.710135 suggestion {'alpha': 0.005272543229414782, 'batch_size': 10, 'beta_1': 0.9752480766024819, 'beta_2': 0.9161146693020563, 'epsilon': 5.30988183872424e-09, 'hidden_layer_sizes': 158, 'learning_rate_init': 0.0012492778354013354, 'tol': 0.0018033933761522213, 'validation_fraction': 0.11061654801807418}
observation time 0.000054, current best 0.264697 at iter 10
suggestion time taken 0.003807 iter 11 next_points [{'alpha': 0.013846567424809757, 'batch_size': 36, 'beta_1': 0.9442387528210474, 'beta_2': 0.922633993680501, 'epsilon': 6.8714480843088525e-09, 'hidden_layer_sizes': 129, 'learning_rate_init': 0.022655421825545197, 'tol': 0.03215683055724284, 'validation_fraction': 0.8104198649947384}]
function_evaluation time 0.242770 value 1.012548 suggestion {'alpha': 0.013846567424809757, 'batch_size': 36, 'beta_1': 0.9442387528210474, 'beta_2': 0.922633993680501, 'epsilon': 6.8714480843088525e-09, 'hidden_layer_sizes': 129, 'learning_rate_init': 0.022655421825545197, 'tol': 0.03215683055724284, 'validation_fraction': 0.8104198649947384}
observation time 0.000024, current best 0.264697 at iter 11
suggestion time taken 0.004302 iter 12 next_points [{'alpha': 0.10961357263259427, 'batch_size': 221, 'beta_1': 0.6471954669748277, 'beta_2': 0.9234281934791685, 'epsilon': 3.2872733811951078e-09, 'hidden_layer_sizes': 93, 'learning_rate_init': 0.0429447966797782, 'tol': 0.0016961736298421468, 'validation_fraction': 0.24107820808070055}]
function_evaluation time 0.378965 value 0.721061 suggestion {'alpha': 0.10961357263259427, 'batch_size': 221, 'beta_1': 0.6471954669748277, 'beta_2': 0.9234281934791685, 'epsilon': 3.2872733811951078e-09, 'hidden_layer_sizes': 93, 'learning_rate_init': 0.0429447966797782, 'tol': 0.0016961736298421468, 'validation_fraction': 0.24107820808070055}
observation time 0.000027, current best 0.264697 at iter 12
suggestion time taken 0.011402 iter 13 next_points [{'alpha': 0.00015673490114158652, 'batch_size': 250, 'beta_1': 0.6940201741307254, 'beta_2': 0.9015264764358284, 'epsilon': 8.097304073444398e-07, 'hidden_layer_sizes': 138, 'learning_rate_init': 3.5071427361323755e-05, 'tol': 0.00024650229930538067, 'validation_fraction': 0.38849713035611233}]
function_evaluation time 0.202149 value 14.906791 suggestion {'alpha': 0.00015673490114158652, 'batch_size': 250, 'beta_1': 0.6940201741307254, 'beta_2': 0.9015264764358284, 'epsilon': 8.097304073444398e-07, 'hidden_layer_sizes': 138, 'learning_rate_init': 3.5071427361323755e-05, 'tol': 0.00024650229930538067, 'validation_fraction': 0.38849713035611233}
observation time 0.000026, current best 0.264697 at iter 13
suggestion time taken 0.002087 iter 14 next_points [{'alpha': 1.8245179562843998, 'batch_size': 144, 'beta_1': 0.5015760914279417, 'beta_2': 0.986454327032351, 'epsilon': 2.6239669301655297e-07, 'hidden_layer_sizes': 155, 'learning_rate_init': 0.00985729847240564, 'tol': 0.03640240413720603, 'validation_fraction': 0.30860740786024515}]
function_evaluation time 0.346063 value 0.706864 suggestion {'alpha': 1.8245179562843998, 'batch_size': 144, 'beta_1': 0.5015760914279417, 'beta_2': 0.986454327032351, 'epsilon': 2.6239669301655297e-07, 'hidden_layer_sizes': 155, 'learning_rate_init': 0.00985729847240564, 'tol': 0.03640240413720603, 'validation_fraction': 0.30860740786024515}
observation time 0.000027, current best 0.264697 at iter 14
suggestion time taken 0.002148 iter 15 next_points [{'alpha': 5.604150033524497e-05, 'batch_size': 138, 'beta_1': 0.50508961183573, 'beta_2': 0.9501881121814136, 'epsilon': 2.671808537834647e-07, 'hidden_layer_sizes': 183, 'learning_rate_init': 2.402688376720133e-05, 'tol': 0.09593910378267516, 'validation_fraction': 0.2430455707242737}]
function_evaluation time 0.234968 value 18.810910 suggestion {'alpha': 5.604150033524497e-05, 'batch_size': 138, 'beta_1': 0.50508961183573, 'beta_2': 0.9501881121814136, 'epsilon': 2.671808537834647e-07, 'hidden_layer_sizes': 183, 'learning_rate_init': 2.402688376720133e-05, 'tol': 0.09593910378267516, 'validation_fraction': 0.2430455707242737}
observation time 0.000027, current best 0.264697 at iter 15
suggestion time taken 0.001976 iter 16 next_points [{'alpha': 0.008599562742719878, 'batch_size': 228, 'beta_1': 0.6279970751716324, 'beta_2': 0.9753774973411296, 'epsilon': 9.508041519114888e-09, 'hidden_layer_sizes': 164, 'learning_rate_init': 0.021099426693648313, 'tol': 0.026775651317106873, 'validation_fraction': 0.39044529156362673}]
function_evaluation time 0.318560 value 0.810006 suggestion {'alpha': 0.008599562742719878, 'batch_size': 228, 'beta_1': 0.6279970751716324, 'beta_2': 0.9753774973411296, 'epsilon': 9.508041519114888e-09, 'hidden_layer_sizes': 164, 'learning_rate_init': 0.021099426693648313, 'tol': 0.026775651317106873, 'validation_fraction': 0.39044529156362673}
observation time 0.000028, current best 0.264697 at iter 16
suggestion time taken 0.002097 iter 17 next_points [{'alpha': 0.5552369575456461, 'batch_size': 235, 'beta_1': 0.5037159460737248, 'beta_2': 0.9091480293016868, 'epsilon': 1.4308542908555666e-07, 'hidden_layer_sizes': 81, 'learning_rate_init': 0.019604839219249187, 'tol': 0.0012047994276794937, 'validation_fraction': 0.8283529568194489}]
/Users/ryedida/miniforge3/lib/python3.9/site-packages/sklearn/neural_network/_multilayer_perceptron.py:605: UserWarning: Got `batch_size` less than 1 or larger than sample size. It is going to be clipped
  warnings.warn(

function_evaluation time 0.288952 value 1.154508 suggestion {'alpha': 0.5552369575456461, 'batch_size': 235, 'beta_1': 0.5037159460737248, 'beta_2': 0.9091480293016868, 'epsilon': 1.4308542908555666e-07, 'hidden_layer_sizes': 81, 'learning_rate_init': 0.019604839219249187, 'tol': 0.0012047994276794937, 'validation_fraction': 0.8283529568194489}
observation time 0.000028, current best 0.264697 at iter 17
suggestion time taken 0.003991 iter 18 next_points [{'alpha': 6.730252548706882e-05, 'batch_size': 226, 'beta_1': 0.8084194846467436, 'beta_2': 0.9037361645788001, 'epsilon': 2.3568925543461295e-09, 'hidden_layer_sizes': 139, 'learning_rate_init': 0.007032557425702072, 'tol': 0.0012955390834983272, 'validation_fraction': 0.4341641501821797}]
function_evaluation time 0.304101 value 0.782391 suggestion {'alpha': 6.730252548706882e-05, 'batch_size': 226, 'beta_1': 0.8084194846467436, 'beta_2': 0.9037361645788001, 'epsilon': 2.3568925543461295e-09, 'hidden_layer_sizes': 139, 'learning_rate_init': 0.007032557425702072, 'tol': 0.0012955390834983272, 'validation_fraction': 0.4341641501821797}
observation time 0.000027, current best 0.264697 at iter 18
suggestion time taken 0.002103 iter 19 next_points [{'alpha': 1.2770836033816466e-05, 'batch_size': 24, 'beta_1': 0.8489073311725611, 'beta_2': 0.9901884703919116, 'epsilon': 7.511767795329791e-08, 'hidden_layer_sizes': 183, 'learning_rate_init': 0.0027066787568090513, 'tol': 0.0004152794471481759, 'validation_fraction': 0.4815628740495399}]
function_evaluation time 0.594618 value 0.518929 suggestion {'alpha': 1.2770836033816466e-05, 'batch_size': 24, 'beta_1': 0.8489073311725611, 'beta_2': 0.9901884703919116, 'epsilon': 7.511767795329791e-08, 'hidden_layer_sizes': 183, 'learning_rate_init': 0.0027066787568090513, 'tol': 0.0004152794471481759, 'validation_fraction': 0.4815628740495399}
observation time 0.000031, current best 0.264697 at iter 19
suggestion time taken 0.009047 iter 20 next_points [{'alpha': 0.0008046094699673252, 'batch_size': 107, 'beta_1': 0.5660581989946395, 'beta_2': 0.9985116814994415, 'epsilon': 3.860854497180117e-08, 'hidden_layer_sizes': 53, 'learning_rate_init': 0.0002558750837228983, 'tol': 0.006227268855954373, 'validation_fraction': 0.14163981432295558}]
function_evaluation time 0.150855 value 12.553219 suggestion {'alpha': 0.0008046094699673252, 'batch_size': 107, 'beta_1': 0.5660581989946395, 'beta_2': 0.9985116814994415, 'epsilon': 3.860854497180117e-08, 'hidden_layer_sizes': 53, 'learning_rate_init': 0.0002558750837228983, 'tol': 0.006227268855954373, 'validation_fraction': 0.14163981432295558}
observation time 0.000027, current best 0.264697 at iter 20
suggestion time taken 0.007066 iter 21 next_points [{'alpha': 0.001106755353175306, 'batch_size': 106, 'beta_1': 0.8775567979861956, 'beta_2': 0.9652879917826382, 'epsilon': 1.1657030626292887e-09, 'hidden_layer_sizes': 112, 'learning_rate_init': 1.0944206079224215e-05, 'tol': 4.253474696091012e-05, 'validation_fraction': 0.16017926589105452}]
function_evaluation time 0.295151 value 15.574098 suggestion {'alpha': 0.001106755353175306, 'batch_size': 106, 'beta_1': 0.8775567979861956, 'beta_2': 0.9652879917826382, 'epsilon': 1.1657030626292887e-09, 'hidden_layer_sizes': 112, 'learning_rate_init': 1.0944206079224215e-05, 'tol': 4.253474696091012e-05, 'validation_fraction': 0.16017926589105452}
observation time 0.000029, current best 0.264697 at iter 21
suggestion time taken 0.013213 iter 22 next_points [{'alpha': 1.103107480821947, 'batch_size': 183, 'beta_1': 0.7452612927167034, 'beta_2': 0.9397471176003731, 'epsilon': 2.862823879606281e-08, 'hidden_layer_sizes': 200, 'learning_rate_init': 0.09444190246158832, 'tol': 0.005998616792764619, 'validation_fraction': 0.5918261455628497}]
function_evaluation time 0.248516 value 10.714512 suggestion {'alpha': 1.103107480821947, 'batch_size': 183, 'beta_1': 0.7452612927167034, 'beta_2': 0.9397471176003731, 'epsilon': 2.862823879606281e-08, 'hidden_layer_sizes': 200, 'learning_rate_init': 0.09444190246158832, 'tol': 0.005998616792764619, 'validation_fraction': 0.5918261455628497}
observation time 0.000030, current best 0.264697 at iter 22
suggestion time taken 0.020957 iter 23 next_points [{'alpha': 0.00030041176041904267, 'batch_size': 60, 'beta_1': 0.6580921594506385, 'beta_2': 0.9637740408318143, 'epsilon': 5.542564405554821e-08, 'hidden_layer_sizes': 62, 'learning_rate_init': 0.00012598811517825712, 'tol': 4.547744278969286e-05, 'validation_fraction': 0.12429247821002028}]
function_evaluation time 0.212272 value 12.464285 suggestion {'alpha': 0.00030041176041904267, 'batch_size': 60, 'beta_1': 0.6580921594506385, 'beta_2': 0.9637740408318143, 'epsilon': 5.542564405554821e-08, 'hidden_layer_sizes': 62, 'learning_rate_init': 0.00012598811517825712, 'tol': 4.547744278969286e-05, 'validation_fraction': 0.12429247821002028}
observation time 0.000027, current best 0.264697 at iter 23
suggestion time taken 0.007295 iter 24 next_points [{'alpha': 6.93521299975311, 'batch_size': 113, 'beta_1': 0.5903600910575986, 'beta_2': 0.997712402418784, 'epsilon': 1.7425555670325742e-07, 'hidden_layer_sizes': 106, 'learning_rate_init': 0.0007503385512012334, 'tol': 0.005324455697551023, 'validation_fraction': 0.18173230738801696}]
function_evaluation time 0.620601 value 0.313017 suggestion {'alpha': 6.93521299975311, 'batch_size': 113, 'beta_1': 0.5903600910575986, 'beta_2': 0.997712402418784, 'epsilon': 1.7425555670325742e-07, 'hidden_layer_sizes': 106, 'learning_rate_init': 0.0007503385512012334, 'tol': 0.005324455697551023, 'validation_fraction': 0.18173230738801696}
observation time 0.000028, current best 0.264697 at iter 24
suggestion time taken 0.014126 iter 25 next_points [{'alpha': 9.41235210268058, 'batch_size': 106, 'beta_1': 0.5784380465394555, 'beta_2': 0.9999357707533749, 'epsilon': 1.3964843352335068e-07, 'hidden_layer_sizes': 117, 'learning_rate_init': 0.0003783264088977509, 'tol': 0.006275661795898109, 'validation_fraction': 0.6482840680308053}]
function_evaluation time 0.331433 value 3.082876 suggestion {'alpha': 9.41235210268058, 'batch_size': 106, 'beta_1': 0.5784380465394555, 'beta_2': 0.9999357707533749, 'epsilon': 1.3964843352335068e-07, 'hidden_layer_sizes': 117, 'learning_rate_init': 0.0003783264088977509, 'tol': 0.006275661795898109, 'validation_fraction': 0.6482840680308053}
observation time 0.000029, current best 0.264697 at iter 25
suggestion time taken 0.007106 iter 26 next_points [{'alpha': 0.003412173206888042, 'batch_size': 47, 'beta_1': 0.5618714938082495, 'beta_2': 0.9941958316931458, 'epsilon': 1.5748060905783327e-08, 'hidden_layer_sizes': 168, 'learning_rate_init': 0.00014658376392316977, 'tol': 0.003345748847627439, 'validation_fraction': 0.10243087579180618}]
function_evaluation time 0.378145 value 7.419742 suggestion {'alpha': 0.003412173206888042, 'batch_size': 47, 'beta_1': 0.5618714938082495, 'beta_2': 0.9941958316931458, 'epsilon': 1.5748060905783327e-08, 'hidden_layer_sizes': 168, 'learning_rate_init': 0.00014658376392316977, 'tol': 0.003345748847627439, 'validation_fraction': 0.10243087579180618}
observation time 0.000028, current best 0.264697 at iter 26
suggestion time taken 0.015606 iter 27 next_points [{'alpha': 0.017626311134595275, 'batch_size': 118, 'beta_1': 0.5962333087784425, 'beta_2': 0.9381820404566557, 'epsilon': 1.111386629911435e-09, 'hidden_layer_sizes': 109, 'learning_rate_init': 9.129888358357274e-05, 'tol': 0.013500319234961868, 'validation_fraction': 0.1994121204924108}]
function_evaluation time 0.416874 value 8.589853 suggestion {'alpha': 0.017626311134595275, 'batch_size': 118, 'beta_1': 0.5962333087784425, 'beta_2': 0.9381820404566557, 'epsilon': 1.111386629911435e-09, 'hidden_layer_sizes': 109, 'learning_rate_init': 9.129888358357274e-05, 'tol': 0.013500319234961868, 'validation_fraction': 0.1994121204924108}
observation time 0.000026, current best 0.264697 at iter 27
suggestion time taken 0.018450 iter 28 next_points [{'alpha': 0.0002637695686159811, 'batch_size': 91, 'beta_1': 0.5356492661207519, 'beta_2': 0.9382768204803064, 'epsilon': 2.5864671653006185e-08, 'hidden_layer_sizes': 196, 'learning_rate_init': 0.0005249473120155059, 'tol': 0.014510710736984246, 'validation_fraction': 0.25969226520222183}]
function_evaluation time 0.507042 value 0.379745 suggestion {'alpha': 0.0002637695686159811, 'batch_size': 91, 'beta_1': 0.5356492661207519, 'beta_2': 0.9382768204803064, 'epsilon': 2.5864671653006185e-08, 'hidden_layer_sizes': 196, 'learning_rate_init': 0.0005249473120155059, 'tol': 0.014510710736984246, 'validation_fraction': 0.25969226520222183}
observation time 0.000028, current best 0.264697 at iter 28
suggestion time taken 0.016028 iter 29 next_points [{'alpha': 4.232108560070581e-05, 'batch_size': 19, 'beta_1': 0.5972210467289065, 'beta_2': 0.9684069134457882, 'epsilon': 4.646131235374935e-08, 'hidden_layer_sizes': 138, 'learning_rate_init': 0.0015803988178102447, 'tol': 0.003600692190176608, 'validation_fraction': 0.13369822465780887}]
function_evaluation time 0.443895 value 0.603883 suggestion {'alpha': 4.232108560070581e-05, 'batch_size': 19, 'beta_1': 0.5972210467289065, 'beta_2': 0.9684069134457882, 'epsilon': 4.646131235374935e-08, 'hidden_layer_sizes': 138, 'learning_rate_init': 0.0015803988178102447, 'tol': 0.003600692190176608, 'validation_fraction': 0.13369822465780887}
observation time 0.000029, current best 0.264697 at iter 29
suggestion time taken 0.018050 iter 30 next_points [{'alpha': 5.796500375600562, 'batch_size': 45, 'beta_1': 0.7156412424364884, 'beta_2': 0.9541158083343576, 'epsilon': 3.5757082131813804e-09, 'hidden_layer_sizes': 65, 'learning_rate_init': 0.0006077970564024173, 'tol': 0.0006545831575517226, 'validation_fraction': 0.21038100793523273}]
function_evaluation time 0.303905 value 0.424916 suggestion {'alpha': 5.796500375600562, 'batch_size': 45, 'beta_1': 0.7156412424364884, 'beta_2': 0.9541158083343576, 'epsilon': 3.5757082131813804e-09, 'hidden_layer_sizes': 65, 'learning_rate_init': 0.0006077970564024173, 'tol': 0.0006545831575517226, 'validation_fraction': 0.21038100793523273}
observation time 0.000025, current best 0.264697 at iter 30
suggestion time taken 0.006749 iter 31 next_points [{'alpha': 0.0005967393447193876, 'batch_size': 161, 'beta_1': 0.5485245688888563, 'beta_2': 0.959734421000714, 'epsilon': 1.4195628080416383e-07, 'hidden_layer_sizes': 119, 'learning_rate_init': 0.00023274911077494814, 'tol': 0.012866833825436387, 'validation_fraction': 0.6036042196540774}]
function_evaluation time 0.134300 value 14.336704 suggestion {'alpha': 0.0005967393447193876, 'batch_size': 161, 'beta_1': 0.5485245688888563, 'beta_2': 0.959734421000714, 'epsilon': 1.4195628080416383e-07, 'hidden_layer_sizes': 119, 'learning_rate_init': 0.00023274911077494814, 'tol': 0.012866833825436387, 'validation_fraction': 0.6036042196540774}
observation time 0.000064, current best 0.264697 at iter 31
suggestion time taken 0.012660 iter 32 next_points [{'alpha': 0.0022945797820587074, 'batch_size': 190, 'beta_1': 0.6718652492506366, 'beta_2': 0.930799055114465, 'epsilon': 1.9293398842119515e-08, 'hidden_layer_sizes': 146, 'learning_rate_init': 0.005321275794989021, 'tol': 0.058297965216029216, 'validation_fraction': 0.1676467046673221}]
function_evaluation time 0.283603 value 0.492884 suggestion {'alpha': 0.0022945797820587074, 'batch_size': 190, 'beta_1': 0.6718652492506366, 'beta_2': 0.930799055114465, 'epsilon': 1.9293398842119515e-08, 'hidden_layer_sizes': 146, 'learning_rate_init': 0.005321275794989021, 'tol': 0.058297965216029216, 'validation_fraction': 0.1676467046673221}
observation time 0.000030, current best 0.264697 at iter 32
suggestion time taken 0.007402 iter 33 next_points [{'alpha': 0.3905592301772684, 'batch_size': 84, 'beta_1': 0.7153537888641088, 'beta_2': 0.9459250363816875, 'epsilon': 1.9535487781760218e-09, 'hidden_layer_sizes': 169, 'learning_rate_init': 0.09772879917409742, 'tol': 0.004220476159790383, 'validation_fraction': 0.502626876357485}]
function_evaluation time 0.662538 value 0.314705 suggestion {'alpha': 0.3905592301772684, 'batch_size': 84, 'beta_1': 0.7153537888641088, 'beta_2': 0.9459250363816875, 'epsilon': 1.9535487781760218e-09, 'hidden_layer_sizes': 169, 'learning_rate_init': 0.09772879917409742, 'tol': 0.004220476159790383, 'validation_fraction': 0.502626876357485}
observation time 0.000030, current best 0.264697 at iter 33
suggestion time taken 0.009099 iter 34 next_points [{'alpha': 0.021995672655515212, 'batch_size': 58, 'beta_1': 0.6007145123392333, 'beta_2': 0.9694218247174521, 'epsilon': 9.073364328366805e-08, 'hidden_layer_sizes': 93, 'learning_rate_init': 0.0032842789065825094, 'tol': 0.0025014143985044274, 'validation_fraction': 0.7066444912839209}]
function_evaluation time 0.264841 value 0.512274 suggestion {'alpha': 0.021995672655515212, 'batch_size': 58, 'beta_1': 0.6007145123392333, 'beta_2': 0.9694218247174521, 'epsilon': 9.073364328366805e-08, 'hidden_layer_sizes': 93, 'learning_rate_init': 0.0032842789065825094, 'tol': 0.0025014143985044274, 'validation_fraction': 0.7066444912839209}
observation time 0.000027, current best 0.264697 at iter 34
suggestion time taken 0.016174 iter 35 next_points [{'alpha': 0.00012604396805865743, 'batch_size': 127, 'beta_1': 0.6287071264298854, 'beta_2': 0.9773503725506897, 'epsilon': 3.908728667444797e-07, 'hidden_layer_sizes': 102, 'learning_rate_init': 0.0008019827618796607, 'tol': 0.008765988764526906, 'validation_fraction': 0.2944145646203275}]
function_evaluation time 0.656142 value 0.495872 suggestion {'alpha': 0.00012604396805865743, 'batch_size': 127, 'beta_1': 0.6287071264298854, 'beta_2': 0.9773503725506897, 'epsilon': 3.908728667444797e-07, 'hidden_layer_sizes': 102, 'learning_rate_init': 0.0008019827618796607, 'tol': 0.008765988764526906, 'validation_fraction': 0.2944145646203275}
observation time 0.000031, current best 0.264697 at iter 35
suggestion time taken 0.008991 iter 36 next_points [{'alpha': 0.0005041596662408842, 'batch_size': 89, 'beta_1': 0.5292699151373309, 'beta_2': 0.9316217947261592, 'epsilon': 9.58685440569644e-07, 'hidden_layer_sizes': 131, 'learning_rate_init': 0.0017497014029249753, 'tol': 0.020614395743006532, 'validation_fraction': 0.15136055394602219}]
function_evaluation time 0.403519 value 0.356649 suggestion {'alpha': 0.0005041596662408842, 'batch_size': 89, 'beta_1': 0.5292699151373309, 'beta_2': 0.9316217947261592, 'epsilon': 9.58685440569644e-07, 'hidden_layer_sizes': 131, 'learning_rate_init': 0.0017497014029249753, 'tol': 0.020614395743006532, 'validation_fraction': 0.15136055394602219}
observation time 0.000031, current best 0.264697 at iter 36
suggestion time taken 0.008206 iter 37 next_points [{'alpha': 2.1317821641326295e-05, 'batch_size': 68, 'beta_1': 0.7850250259446663, 'beta_2': 0.9831214131891253, 'epsilon': 6.090218865092526e-08, 'hidden_layer_sizes': 71, 'learning_rate_init': 1.2157647458315952e-05, 'tol': 0.0007659641376373437, 'validation_fraction': 0.18655746566858614}]
function_evaluation time 0.210082 value 15.226430 suggestion {'alpha': 2.1317821641326295e-05, 'batch_size': 68, 'beta_1': 0.7850250259446663, 'beta_2': 0.9831214131891253, 'epsilon': 6.090218865092526e-08, 'hidden_layer_sizes': 71, 'learning_rate_init': 1.2157647458315952e-05, 'tol': 0.0007659641376373437, 'validation_fraction': 0.18655746566858614}
observation time 0.000033, current best 0.264697 at iter 37
suggestion time taken 0.027422 iter 38 next_points [{'alpha': 0.002185108268192519, 'batch_size': 177, 'beta_1': 0.6729106817277928, 'beta_2': 0.9442448881937134, 'epsilon': 1.9543045036477393e-07, 'hidden_layer_sizes': 123, 'learning_rate_init': 0.015197114646315554, 'tol': 0.048676872843909584, 'validation_fraction': 0.1114663083699835}]
function_evaluation time 0.347999 value 0.863179 suggestion {'alpha': 0.002185108268192519, 'batch_size': 177, 'beta_1': 0.6729106817277928, 'beta_2': 0.9442448881937134, 'epsilon': 1.9543045036477393e-07, 'hidden_layer_sizes': 123, 'learning_rate_init': 0.015197114646315554, 'tol': 0.048676872843909584, 'validation_fraction': 0.1114663083699835}
observation time 0.000069, current best 0.264697 at iter 38
suggestion time taken 0.010187 iter 39 next_points [{'alpha': 0.03917888412115399, 'batch_size': 26, 'beta_1': 0.7333268444182637, 'beta_2': 0.99380118499019, 'epsilon': 5.475376306570052e-07, 'hidden_layer_sizes': 174, 'learning_rate_init': 0.05764240492643007, 'tol': 1.5064747346306107e-05, 'validation_fraction': 0.31246445300531317}]
function_evaluation time 0.567976 value 0.256443 suggestion {'alpha': 0.03917888412115399, 'batch_size': 26, 'beta_1': 0.7333268444182637, 'beta_2': 0.99380118499019, 'epsilon': 5.475376306570052e-07, 'hidden_layer_sizes': 174, 'learning_rate_init': 0.05764240492643007, 'tol': 1.5064747346306107e-05, 'validation_fraction': 0.31246445300531317}
observation time 0.000064, current best 0.256443 at iter 39
suggestion time taken 0.018905 iter 40 next_points [{'alpha': 0.029895513708266964, 'batch_size': 23, 'beta_1': 0.8714069360605345, 'beta_2': 0.9910802865440865, 'epsilon': 5.108403587107986e-07, 'hidden_layer_sizes': 191, 'learning_rate_init': 0.04396862793511155, 'tol': 1.6746168336111826e-05, 'validation_fraction': 0.4545135049226092}]
function_evaluation time 0.599314 value 0.290070 suggestion {'alpha': 0.029895513708266964, 'batch_size': 23, 'beta_1': 0.8714069360605345, 'beta_2': 0.9910802865440865, 'epsilon': 5.108403587107986e-07, 'hidden_layer_sizes': 191, 'learning_rate_init': 0.04396862793511155, 'tol': 1.6746168336111826e-05, 'validation_fraction': 0.4545135049226092}
observation time 0.000030, current best 0.256443 at iter 40
suggestion time taken 0.008442 iter 41 next_points [{'alpha': 0.04491398811901418, 'batch_size': 37, 'beta_1': 0.7382905704591208, 'beta_2': 0.9160994746633407, 'epsilon': 4.7015275235876355e-09, 'hidden_layer_sizes': 179, 'learning_rate_init': 0.06059918552572043, 'tol': 6.279940965719064e-05, 'validation_fraction': 0.5663092758130966}]
function_evaluation time 0.346758 value 0.309059 suggestion {'alpha': 0.04491398811901418, 'batch_size': 37, 'beta_1': 0.7382905704591208, 'beta_2': 0.9160994746633407, 'epsilon': 4.7015275235876355e-09, 'hidden_layer_sizes': 179, 'learning_rate_init': 0.06059918552572043, 'tol': 6.279940965719064e-05, 'validation_fraction': 0.5663092758130966}
observation time 0.000073, current best 0.256443 at iter 41
suggestion time taken 0.018313 iter 42 next_points [{'alpha': 0.25614625028718374, 'batch_size': 12, 'beta_1': 0.7760216755973478, 'beta_2': 0.9715904078217631, 'epsilon': 6.258072407336886e-09, 'hidden_layer_sizes': 174, 'learning_rate_init': 0.0402547126577564, 'tol': 1.0180543634149198e-05, 'validation_fraction': 0.327299347765109}]
function_evaluation time 0.821991 value 0.272373 suggestion {'alpha': 0.25614625028718374, 'batch_size': 12, 'beta_1': 0.7760216755973478, 'beta_2': 0.9715904078217631, 'epsilon': 6.258072407336886e-09, 'hidden_layer_sizes': 174, 'learning_rate_init': 0.0402547126577564, 'tol': 1.0180543634149198e-05, 'validation_fraction': 0.327299347765109}
observation time 0.000036, current best 0.256443 at iter 42
suggestion time taken 0.016416 iter 43 next_points [{'alpha': 0.007500923813931905, 'batch_size': 33, 'beta_1': 0.9167978032967381, 'beta_2': 0.9575990173151395, 'epsilon': 9.965994966450226e-09, 'hidden_layer_sizes': 160, 'learning_rate_init': 0.011431656158511855, 'tol': 2.2757832466023543e-05, 'validation_fraction': 0.7032239642354381}]
function_evaluation time 0.433973 value 1.016958 suggestion {'alpha': 0.007500923813931905, 'batch_size': 33, 'beta_1': 0.9167978032967381, 'beta_2': 0.9575990173151395, 'epsilon': 9.965994966450226e-09, 'hidden_layer_sizes': 160, 'learning_rate_init': 0.011431656158511855, 'tol': 2.2757832466023543e-05, 'validation_fraction': 0.7032239642354381}
observation time 0.000032, current best 0.256443 at iter 43
suggestion time taken 0.019162 iter 44 next_points [{'alpha': 0.04375585033189919, 'batch_size': 77, 'beta_1': 0.8153354914483348, 'beta_2': 0.9513175611195607, 'epsilon': 1.5700059225650183e-09, 'hidden_layer_sizes': 190, 'learning_rate_init': 0.06848281243446126, 'tol': 0.00015731103524475035, 'validation_fraction': 0.8803368191783681}]
/Users/ryedida/miniforge3/lib/python3.9/site-packages/sklearn/neural_network/_multilayer_perceptron.py:605: UserWarning: Got `batch_size` less than 1 or larger than sample size. It is going to be clipped
  warnings.warn(

function_evaluation time 0.278763 value 0.721024 suggestion {'alpha': 0.04375585033189919, 'batch_size': 77, 'beta_1': 0.8153354914483348, 'beta_2': 0.9513175611195607, 'epsilon': 1.5700059225650183e-09, 'hidden_layer_sizes': 190, 'learning_rate_init': 0.06848281243446126, 'tol': 0.00015731103524475035, 'validation_fraction': 0.8803368191783681}
observation time 0.000031, current best 0.256443 at iter 44
saving meta data: {'args': {'--uuid': '9f1ae3b8ea7e535db4912d3d57fb301e', '-db-root': '/Users/ryedida/Desktop/menzies/thesis/smoothness-hpo/smoothness-hpo/bbo_challenge_starter_kit/output', '--opt-root': '/Users/ryedida/Desktop/menzies/thesis/smoothness-hpo/smoothness-hpo/bbo_challenge_starter_kit/example_submissions', '--data-root': None, '--db': 'run_20230815_214848', '--opt': 'hyperopt', '--data': 'breast', '--classifier': 'MLP-adam', '--metric': 'nll', '--calls': 45, '--suggestions': 1, '--jobs-file': None, '--verbose': False, 'dry_run': False, 'rev': 'a376313', 'opt_rev': '0.2.7'}, 'signature': ([{'alpha': 0.019628224813442792, 'batch_size': 182, 'beta_1': 0.9410202200271762, 'beta_2': 0.9998021557676793, 'epsilon': 1.8662266976518e-08, 'hidden_layer_sizes': 147, 'learning_rate_init': 0.0005627932047415167, 'tol': 0.03690557729213761, 'validation_fraction': 0.8846827852548593}, {'alpha': 0.001998246739232944, 'batch_size': 200, 'beta_1': 0.919111482530466, 'beta_2': 0.9998488260436156, 'epsilon': 5.981221901152555e-07, 'hidden_layer_sizes': 61, 'learning_rate_init': 2.2310905607443014e-05, 'tol': 1.2046852412030316e-05, 'validation_fraction': 0.8117896445826539}, {'alpha': 0.46659545670218433, 'batch_size': 219, 'beta_1': 0.9889789783750891, 'beta_2': 0.9999896868093284, 'epsilon': 2.4234724484675948e-08, 'hidden_layer_sizes': 167, 'learning_rate_init': 2.972334644335654e-05, 'tol': 0.0036281404040243792, 'validation_fraction': 0.17260651658522078}, {'alpha': 4.656005689076002, 'batch_size': 135, 'beta_1': 0.870503881627747, 'beta_2': 0.9948873266941017, 'epsilon': 2.1023308743480125e-07, 'hidden_layer_sizes': 118, 'learning_rate_init': 0.001878173875716191, 'tol': 1.1889379831773006e-05, 'validation_fraction': 0.6264327093752792}, {'alpha': 0.04705159350400542, 'batch_size': 158, 'beta_1': 0.9870884262730957, 'beta_2': 0.9999596874382349, 'epsilon': 1.1981845126013875e-08, 'hidden_layer_sizes': 116, 'learning_rate_init': 0.006173405204074311, 'tol': 1.7414134181586194e-05, 'validation_fraction': 0.6754299026638921}], [8.104566516477805, 14.643876498263253, 12.332285721418042, 5.269783589486869, 3.490431081639362])}
saving results
saving timing
saving suggest log
done
