running: {'--uuid': 'd969099cde3f51e7afae8ab53ec7f425', '-db-root': '/Users/ryedida/Desktop/menzies/thesis/smoothness-hpo/smoothness-hpo/bbo_challenge_starter_kit/output', '--opt-root': '/Users/ryedida/Desktop/menzies/thesis/smoothness-hpo/smoothness-hpo/bbo_challenge_starter_kit/example_submissions', '--data-root': None, '--db': 'run_20230816_004012', '--opt': 'turbo', '--data': 'digits', '--classifier': 'MLP-adam', '--metric': 'acc', '--calls': 45, '--suggestions': 1, '--jobs-file': None, '--verbose': False, 'dry_run': False, 'rev': 'a376313', 'opt_rev': '0.0.1'}
cmd: python turbo/optimizer.py -c MLP-adam -d digits -o turbo -u d969099cde3f51e7afae8ab53ec7f425 -m acc -n 45 -p 1 -dir /Users/ryedida/Desktop/menzies/thesis/smoothness-hpo/smoothness-hpo/bbo_challenge_starter_kit/output -b run_20230816_004012
/Users/ryedida/miniforge3/lib/python3.9/site-packages/sklearn/neural_network/_multilayer_perceptron.py:605: UserWarning: Got `batch_size` less than 1 or larger than sample size. It is going to be clipped
  warnings.warn(

/Users/ryedida/miniforge3/lib/python3.9/site-packages/sklearn/neural_network/_multilayer_perceptron.py:686: ConvergenceWarning: Stochastic Optimizer: Maximum iterations (200) reached and the optimization hasn't converged yet.
  warnings.warn(

computed signature: ([{'alpha': 0.019628224813442792, 'batch_size': 182, 'beta_1': 0.9410202200271762, 'beta_2': 0.9998021557676793, 'epsilon': 1.8662266976518e-08, 'hidden_layer_sizes': 147, 'learning_rate_init': 0.0005627932047415167, 'tol': 0.03690557729213761, 'validation_fraction': 0.8846827852548593}, {'alpha': 0.001998246739232944, 'batch_size': 200, 'beta_1': 0.919111482530466, 'beta_2': 0.9998488260436156, 'epsilon': 5.981221901152555e-07, 'hidden_layer_sizes': 61, 'learning_rate_init': 2.2310905607443014e-05, 'tol': 1.2046852412030316e-05, 'validation_fraction': 0.8117896445826539}, {'alpha': 0.46659545670218433, 'batch_size': 219, 'beta_1': 0.9889789783750891, 'beta_2': 0.9999896868093284, 'epsilon': 2.4234724484675948e-08, 'hidden_layer_sizes': 167, 'learning_rate_init': 2.972334644335654e-05, 'tol': 0.0036281404040243792, 'validation_fraction': 0.17260651658522078}, {'alpha': 4.656005689076002, 'batch_size': 135, 'beta_1': 0.870503881627747, 'beta_2': 0.9948873266941017, 'epsilon': 2.1023308743480125e-07, 'hidden_layer_sizes': 118, 'learning_rate_init': 0.001878173875716191, 'tol': 1.1889379831773006e-05, 'validation_fraction': 0.6264327093752792}, {'alpha': 0.04705159350400542, 'batch_size': 158, 'beta_1': 0.9870884262730957, 'beta_2': 0.9999596874382349, 'epsilon': 1.1981845126013875e-08, 'hidden_layer_sizes': 116, 'learning_rate_init': 0.006173405204074311, 'tol': 1.7414134181586194e-05, 'validation_fraction': 0.6754299026638921}], [-0.21081107239643826, -0.1295489740611692, -0.27999177313201706, -0.9422522260936896, -0.9332050909794812])
/Users/ryedida/miniforge3/lib/python3.9/site-packages/bayesmark/experiment.py:469: UserWarning: Baselines not found. Will not log intermediate scores.
  warnings.warn("Baselines not found. Will not log intermediate scores.")

starting sklearn study turbo MLP-adam digits acc 45 1
with data root: None
suggestion time taken 0.001922 iter 0 next_points [{'alpha': 2.204097612405019, 'batch_size': 102, 'beta_1': 0.8904872346212218, 'beta_2': 0.9999988800109678, 'epsilon': 4.490035804604639e-09, 'hidden_layer_sizes': 145, 'learning_rate_init': 0.00016897823880143676, 'tol': 1.2450855555684693e-05, 'validation_fraction': 0.19016624459043482}]
function_evaluation time 9.700493 value -0.935995 suggestion {'alpha': 2.204097612405019, 'batch_size': 102, 'beta_1': 0.8904872346212218, 'beta_2': 0.9999988800109678, 'epsilon': 4.490035804604639e-09, 'hidden_layer_sizes': 145, 'learning_rate_init': 0.00016897823880143676, 'tol': 1.2450855555684693e-05, 'validation_fraction': 0.19016624459043482}
observation time 0.001224, current best -0.935995 at iter 0
suggestion time taken 0.001744 iter 1 next_points [{'alpha': 0.11327143488325733, 'batch_size': 126, 'beta_1': 0.6507092677076752, 'beta_2': 0.998370051865556, 'epsilon': 1.5734184510385684e-08, 'hidden_layer_sizes': 71, 'learning_rate_init': 0.0009905501582005774, 'tol': 0.036731205328435684, 'validation_fraction': 0.35574738678549633}]
function_evaluation time 0.889219 value -0.910939 suggestion {'alpha': 0.11327143488325733, 'batch_size': 126, 'beta_1': 0.6507092677076752, 'beta_2': 0.998370051865556, 'epsilon': 1.5734184510385684e-08, 'hidden_layer_sizes': 71, 'learning_rate_init': 0.0009905501582005774, 'tol': 0.036731205328435684, 'validation_fraction': 0.35574738678549633}
observation time 0.002767, current best -0.935995 at iter 1
suggestion time taken 0.003476 iter 2 next_points [{'alpha': 0.0002701975488208935, 'batch_size': 224, 'beta_1': 0.9794981419994446, 'beta_2': 0.9905843954434319, 'epsilon': 5.143732699700638e-07, 'hidden_layer_sizes': 133, 'learning_rate_init': 0.004282257473619798, 'tol': 0.023178386004674114, 'validation_fraction': 0.6093630610163392}]
function_evaluation time 0.725821 value -0.924835 suggestion {'alpha': 0.0002701975488208935, 'batch_size': 224, 'beta_1': 0.9794981419994446, 'beta_2': 0.9905843954434319, 'epsilon': 5.143732699700638e-07, 'hidden_layer_sizes': 133, 'learning_rate_init': 0.004282257473619798, 'tol': 0.023178386004674114, 'validation_fraction': 0.6093630610163392}
observation time 0.001214, current best -0.935995 at iter 2
suggestion time taken 0.003469 iter 3 next_points [{'alpha': 1.043172322351119, 'batch_size': 20, 'beta_1': 0.9151087280391453, 'beta_2': 0.9803320119242529, 'epsilon': 6.559377458404656e-09, 'hidden_layer_sizes': 190, 'learning_rate_init': 1.883371782879412e-05, 'tol': 0.008746035004909228, 'validation_fraction': 0.7796321020381158}]
function_evaluation time 3.075052 value -0.419803 suggestion {'alpha': 1.043172322351119, 'batch_size': 20, 'beta_1': 0.9151087280391453, 'beta_2': 0.9803320119242529, 'epsilon': 6.559377458404656e-09, 'hidden_layer_sizes': 190, 'learning_rate_init': 1.883371782879412e-05, 'tol': 0.008746035004909228, 'validation_fraction': 0.7796321020381158}
observation time 0.003074, current best -0.935995 at iter 3
suggestion time taken 0.002692 iter 4 next_points [{'alpha': 0.05757810453068515, 'batch_size': 148, 'beta_1': 0.948641519752127, 'beta_2': 0.9999807669585672, 'epsilon': 7.12382792420566e-07, 'hidden_layer_sizes': 95, 'learning_rate_init': 5.105857248312767e-05, 'tol': 4.924185881705669e-05, 'validation_fraction': 0.3740893815143419}]
function_evaluation time 6.315015 value -0.701069 suggestion {'alpha': 0.05757810453068515, 'batch_size': 148, 'beta_1': 0.948641519752127, 'beta_2': 0.9999807669585672, 'epsilon': 7.12382792420566e-07, 'hidden_layer_sizes': 95, 'learning_rate_init': 5.105857248312767e-05, 'tol': 4.924185881705669e-05, 'validation_fraction': 0.3740893815143419}
observation time 0.003199, current best -0.935995 at iter 4
suggestion time taken 0.003742 iter 5 next_points [{'alpha': 0.24843255877706039, 'batch_size': 32, 'beta_1': 0.967298843488158, 'beta_2': 0.9860686059131809, 'epsilon': 1.3189247859375325e-07, 'hidden_layer_sizes': 154, 'learning_rate_init': 0.0005428560471931237, 'tol': 2.9313058812437e-05, 'validation_fraction': 0.781508955759167}]
function_evaluation time 4.677623 value -0.941560 suggestion {'alpha': 0.24843255877706039, 'batch_size': 32, 'beta_1': 0.967298843488158, 'beta_2': 0.9860686059131809, 'epsilon': 1.3189247859375325e-07, 'hidden_layer_sizes': 154, 'learning_rate_init': 0.0005428560471931237, 'tol': 2.9313058812437e-05, 'validation_fraction': 0.781508955759167}
observation time 0.003225, current best -0.941560 at iter 5
suggestion time taken 0.001743 iter 6 next_points [{'alpha': 2.640201050505804e-05, 'batch_size': 43, 'beta_1': 0.9851557447727781, 'beta_2': 0.9681788749332031, 'epsilon': 4.0918454249514494e-08, 'hidden_layer_sizes': 77, 'learning_rate_init': 0.001303324929508642, 'tol': 0.0048151506657151824, 'validation_fraction': 0.4210305437407676}]
function_evaluation time 1.771273 value -0.951987 suggestion {'alpha': 2.640201050505804e-05, 'batch_size': 43, 'beta_1': 0.9851557447727781, 'beta_2': 0.9681788749332031, 'epsilon': 4.0918454249514494e-08, 'hidden_layer_sizes': 77, 'learning_rate_init': 0.001303324929508642, 'tol': 0.0048151506657151824, 'validation_fraction': 0.4210305437407676}
observation time 0.002187, current best -0.951987 at iter 6
suggestion time taken 0.001526 iter 7 next_points [{'alpha': 0.5004366294596339, 'batch_size': 226, 'beta_1': 0.9801524514050141, 'beta_2': 0.9303084502851641, 'epsilon': 3.182825726192098e-07, 'hidden_layer_sizes': 172, 'learning_rate_init': 0.008727995952728992, 'tol': 0.002416443294938448, 'validation_fraction': 0.5661028481846532}]
function_evaluation time 2.656341 value -0.944340 suggestion {'alpha': 0.5004366294596339, 'batch_size': 226, 'beta_1': 0.9801524514050141, 'beta_2': 0.9303084502851641, 'epsilon': 3.182825726192098e-07, 'hidden_layer_sizes': 172, 'learning_rate_init': 0.008727995952728992, 'tol': 0.002416443294938448, 'validation_fraction': 0.5661028481846532}
observation time 0.001202, current best -0.951987 at iter 7
suggestion time taken 0.001692 iter 8 next_points [{'alpha': 0.0023932488356194328, 'batch_size': 49, 'beta_1': 0.506300835845303, 'beta_2': 0.9986497897371426, 'epsilon': 5.4829125554558636e-08, 'hidden_layer_sizes': 113, 'learning_rate_init': 0.021609245089290404, 'tol': 0.011021436295216566, 'validation_fraction': 0.15294766026058843}]
function_evaluation time 2.064736 value -0.958237 suggestion {'alpha': 0.0023932488356194328, 'batch_size': 49, 'beta_1': 0.506300835845303, 'beta_2': 0.9986497897371426, 'epsilon': 5.4829125554558636e-08, 'hidden_layer_sizes': 113, 'learning_rate_init': 0.021609245089290404, 'tol': 0.011021436295216566, 'validation_fraction': 0.15294766026058843}
observation time 0.001213, current best -0.958237 at iter 8
suggestion time taken 0.001714 iter 9 next_points [{'alpha': 2.4168106103681297, 'batch_size': 120, 'beta_1': 0.7713171732089756, 'beta_2': 0.9993949199178894, 'epsilon': 9.920917700543327e-09, 'hidden_layer_sizes': 167, 'learning_rate_init': 0.012043029455845858, 'tol': 0.00020891092462788685, 'validation_fraction': 0.8729893272023281}]
function_evaluation time 1.632577 value -0.905362 suggestion {'alpha': 2.4168106103681297, 'batch_size': 120, 'beta_1': 0.7713171732089756, 'beta_2': 0.9993949199178894, 'epsilon': 9.920917700543327e-09, 'hidden_layer_sizes': 167, 'learning_rate_init': 0.012043029455845858, 'tol': 0.00020891092462788685, 'validation_fraction': 0.8729893272023281}
observation time 0.001154, current best -0.958237 at iter 9
suggestion time taken 0.001725 iter 10 next_points [{'alpha': 0.025239483112433195, 'batch_size': 155, 'beta_1': 0.5953724750364515, 'beta_2': 0.9996568489637954, 'epsilon': 1.9217155882468886e-09, 'hidden_layer_sizes': 105, 'learning_rate_init': 0.028607737359754987, 'tol': 2.1820317982450363e-05, 'validation_fraction': 0.3022744285946392}]
function_evaluation time 1.514827 value -0.961726 suggestion {'alpha': 0.025239483112433195, 'batch_size': 155, 'beta_1': 0.5953724750364515, 'beta_2': 0.9996568489637954, 'epsilon': 1.9217155882468886e-09, 'hidden_layer_sizes': 105, 'learning_rate_init': 0.028607737359754987, 'tol': 2.1820317982450363e-05, 'validation_fraction': 0.3022744285946392}
observation time 0.001166, current best -0.961726 at iter 10
suggestion time taken 0.002257 iter 11 next_points [{'alpha': 8.057483261595473e-05, 'batch_size': 87, 'beta_1': 0.8358732490932165, 'beta_2': 0.9999903904543065, 'epsilon': 3.225381862009782e-09, 'hidden_layer_sizes': 65, 'learning_rate_init': 0.0002676882914967867, 'tol': 0.09222634073864402, 'validation_fraction': 0.1496517947875205}]
function_evaluation time 1.196867 value -0.666771 suggestion {'alpha': 8.057483261595473e-05, 'batch_size': 87, 'beta_1': 0.8358732490932165, 'beta_2': 0.9999903904543065, 'epsilon': 3.225381862009782e-09, 'hidden_layer_sizes': 65, 'learning_rate_init': 0.0002676882914967867, 'tol': 0.09222634073864402, 'validation_fraction': 0.1496517947875205}
observation time 0.001379, current best -0.961726 at iter 11
suggestion time taken 0.001690 iter 12 next_points [{'alpha': 9.332190479603922e-05, 'batch_size': 181, 'beta_1': 0.712366043962808, 'beta_2': 0.9999980112231315, 'epsilon': 4.245850665721558e-07, 'hidden_layer_sizes': 142, 'learning_rate_init': 3.120628881783267e-05, 'tol': 0.00015881446849557446, 'validation_fraction': 0.4853630337539238}]
/Users/ryedida/miniforge3/lib/python3.9/site-packages/sklearn/neural_network/_multilayer_perceptron.py:686: ConvergenceWarning: Stochastic Optimizer: Maximum iterations (200) reached and the optimization hasn't converged yet.
  warnings.warn(

function_evaluation time 9.553665 value -0.502025 suggestion {'alpha': 9.332190479603922e-05, 'batch_size': 181, 'beta_1': 0.712366043962808, 'beta_2': 0.9999980112231315, 'epsilon': 4.245850665721558e-07, 'hidden_layer_sizes': 142, 'learning_rate_init': 3.120628881783267e-05, 'tol': 0.00015881446849557446, 'validation_fraction': 0.4853630337539238}
observation time 0.001181, current best -0.961726 at iter 12
suggestion time taken 0.003203 iter 13 next_points [{'alpha': 6.649994721148925, 'batch_size': 206, 'beta_1': 0.8601731828879059, 'beta_2': 0.9999955270672846, 'epsilon': 1.0158984668365946e-09, 'hidden_layer_sizes': 89, 'learning_rate_init': 0.05201333270492333, 'tol': 0.0010141207160302812, 'validation_fraction': 0.23184173832666682}]
function_evaluation time 1.218869 value -0.958261 suggestion {'alpha': 6.649994721148925, 'batch_size': 206, 'beta_1': 0.8601731828879059, 'beta_2': 0.9999955270672846, 'epsilon': 1.0158984668365946e-09, 'hidden_layer_sizes': 89, 'learning_rate_init': 0.05201333270492333, 'tol': 0.0010141207160302812, 'validation_fraction': 0.23184173832666682}
observation time 0.001215, current best -0.961726 at iter 13
suggestion time taken 0.001690 iter 14 next_points [{'alpha': 0.0007419144009950796, 'batch_size': 163, 'beta_1': 0.9608180493714723, 'beta_2': 0.999820719585317, 'epsilon': 2.1336954611785138e-07, 'hidden_layer_sizes': 120, 'learning_rate_init': 0.0028125240942186995, 'tol': 0.0019350195072982065, 'validation_fraction': 0.8346835853085145}]
function_evaluation time 2.074245 value -0.908837 suggestion {'alpha': 0.0007419144009950796, 'batch_size': 163, 'beta_1': 0.9608180493714723, 'beta_2': 0.999820719585317, 'epsilon': 2.1336954611785138e-07, 'hidden_layer_sizes': 120, 'learning_rate_init': 0.0028125240942186995, 'tol': 0.0019350195072982065, 'validation_fraction': 0.8346835853085145}
observation time 0.001146, current best -0.961726 at iter 14
suggestion time taken 0.001676 iter 15 next_points [{'alpha': 0.004712364974898631, 'batch_size': 189, 'beta_1': 0.9446052724796452, 'beta_2': 0.9955518754593249, 'epsilon': 3.141645026302177e-08, 'hidden_layer_sizes': 127, 'learning_rate_init': 0.000425643331119913, 'tol': 0.0005020179850698944, 'validation_fraction': 0.7368038698580055}]
function_evaluation time 5.731323 value -0.903985 suggestion {'alpha': 0.004712364974898631, 'batch_size': 189, 'beta_1': 0.9446052724796452, 'beta_2': 0.9955518754593249, 'epsilon': 3.141645026302177e-08, 'hidden_layer_sizes': 127, 'learning_rate_init': 0.000425643331119913, 'tol': 0.0005020179850698944, 'validation_fraction': 0.7368038698580055}
observation time 0.001148, current best -0.961726 at iter 15
suggestion time taken 0.001660 iter 16 next_points [{'alpha': 0.012327229516990402, 'batch_size': 83, 'beta_1': 0.9897326079255906, 'beta_2': 0.9998794912501261, 'epsilon': 2.4148648084372195e-09, 'hidden_layer_sizes': 56, 'learning_rate_init': 0.07174469051962129, 'tol': 0.00036845806593300683, 'validation_fraction': 0.886178532895045}]
function_evaluation time 0.479282 value -0.317337 suggestion {'alpha': 0.012327229516990402, 'batch_size': 83, 'beta_1': 0.9897326079255906, 'beta_2': 0.9998794912501261, 'epsilon': 2.4148648084372195e-09, 'hidden_layer_sizes': 56, 'learning_rate_init': 0.07174469051962129, 'tol': 0.00036845806593300683, 'validation_fraction': 0.886178532895045}
observation time 0.001148, current best -0.961726 at iter 16
suggestion time taken 0.001684 iter 17 next_points [{'alpha': 2.051120259153183e-05, 'batch_size': 67, 'beta_1': 0.7602883450703986, 'beta_2': 0.9999782461861663, 'epsilon': 9.629173431286268e-08, 'hidden_layer_sizes': 183, 'learning_rate_init': 1.559439760240262e-05, 'tol': 0.044052000750463345, 'validation_fraction': 0.6714439925192786}]
function_evaluation time 1.125536 value -0.118387 suggestion {'alpha': 2.051120259153183e-05, 'batch_size': 67, 'beta_1': 0.7602883450703986, 'beta_2': 0.9999782461861663, 'epsilon': 9.629173431286268e-08, 'hidden_layer_sizes': 183, 'learning_rate_init': 1.559439760240262e-05, 'tol': 0.044052000750463345, 'validation_fraction': 0.6714439925192786}
observation time 0.002664, current best -0.961726 at iter 17
suggestion time taken 0.002556 iter 18 next_points [{'alpha': 0.0011986009700852942, 'batch_size': 239, 'beta_1': 0.9269398994524006, 'beta_2': 0.9999298650937307, 'epsilon': 2.1952584110917907e-08, 'hidden_layer_sizes': 195, 'learning_rate_init': 9.174103962015083e-05, 'tol': 0.00010415050119237586, 'validation_fraction': 0.10377228214165564}]
function_evaluation time 10.023105 value -0.881751 suggestion {'alpha': 0.0011986009700852942, 'batch_size': 239, 'beta_1': 0.9269398994524006, 'beta_2': 0.9999298650937307, 'epsilon': 2.1952584110917907e-08, 'hidden_layer_sizes': 195, 'learning_rate_init': 9.174103962015083e-05, 'tol': 0.00010415050119237586, 'validation_fraction': 0.10377228214165564}
observation time 0.001366, current best -0.961726 at iter 18
suggestion time taken 0.453483 iter 19 next_points [{'alpha': 0.9876000501765295, 'batch_size': 68, 'beta_1': 0.7707001093692424, 'beta_2': 0.9567937761509109, 'epsilon': 1.3995644802021721e-08, 'hidden_layer_sizes': 189, 'learning_rate_init': 0.0111494377336878, 'tol': 2.5479185339559724e-05, 'validation_fraction': 0.20098262670725808}]
function_evaluation time 4.812881 value -0.963838 suggestion {'alpha': 0.9876000501765295, 'batch_size': 68, 'beta_1': 0.7707001093692424, 'beta_2': 0.9567937761509109, 'epsilon': 1.3995644802021721e-08, 'hidden_layer_sizes': 189, 'learning_rate_init': 0.0111494377336878, 'tol': 2.5479185339559724e-05, 'validation_fraction': 0.20098262670725808}
observation time 0.001356, current best -0.963838 at iter 19
suggestion time taken 0.394838 iter 20 next_points [{'alpha': 0.7587737198078222, 'batch_size': 157, 'beta_1': 0.5078991415284795, 'beta_2': 0.9996338311003902, 'epsilon': 9.893616568704895e-09, 'hidden_layer_sizes': 199, 'learning_rate_init': 0.018059232123249863, 'tol': 9.340436970774193e-05, 'validation_fraction': 0.32836474041971936}]
function_evaluation time 3.537685 value -0.969391 suggestion {'alpha': 0.7587737198078222, 'batch_size': 157, 'beta_1': 0.5078991415284795, 'beta_2': 0.9996338311003902, 'epsilon': 9.893616568704895e-09, 'hidden_layer_sizes': 199, 'learning_rate_init': 0.018059232123249863, 'tol': 9.340436970774193e-05, 'validation_fraction': 0.32836474041971936}
observation time 0.003585, current best -0.969391 at iter 20
suggestion time taken 0.391905 iter 21 next_points [{'alpha': 0.00019426637113583353, 'batch_size': 44, 'beta_1': 0.8973479961155563, 'beta_2': 0.9999975221471045, 'epsilon': 3.787657867734653e-09, 'hidden_layer_sizes': 139, 'learning_rate_init': 0.01938917405499045, 'tol': 0.0010956355099462636, 'validation_fraction': 0.49800730289963535}]
function_evaluation time 3.765269 value -0.952700 suggestion {'alpha': 0.00019426637113583353, 'batch_size': 44, 'beta_1': 0.8973479961155563, 'beta_2': 0.9999975221471045, 'epsilon': 3.787657867734653e-09, 'hidden_layer_sizes': 139, 'learning_rate_init': 0.01938917405499045, 'tol': 0.0010956355099462636, 'validation_fraction': 0.49800730289963535}
observation time 0.001338, current best -0.969391 at iter 21
suggestion time taken 0.403269 iter 22 next_points [{'alpha': 4.045814515312027, 'batch_size': 236, 'beta_1': 0.5225790227919129, 'beta_2': 0.9981342742913609, 'epsilon': 5.441800883375253e-09, 'hidden_layer_sizes': 200, 'learning_rate_init': 0.023736650935172545, 'tol': 1.0516294739303238e-05, 'validation_fraction': 0.27256593579927463}]
function_evaluation time 2.943804 value -0.970086 suggestion {'alpha': 4.045814515312027, 'batch_size': 236, 'beta_1': 0.5225790227919129, 'beta_2': 0.9981342742913609, 'epsilon': 5.441800883375253e-09, 'hidden_layer_sizes': 200, 'learning_rate_init': 0.023736650935172545, 'tol': 1.0516294739303238e-05, 'validation_fraction': 0.27256593579927463}
observation time 0.001381, current best -0.970086 at iter 22
suggestion time taken 0.389636 iter 23 next_points [{'alpha': 2.906349228495046, 'batch_size': 247, 'beta_1': 0.7401976762106963, 'beta_2': 0.9945020513037482, 'epsilon': 9.461212923665271e-08, 'hidden_layer_sizes': 181, 'learning_rate_init': 0.017656716087359393, 'tol': 1.688300891253766e-05, 'validation_fraction': 0.14790608481740022}]
function_evaluation time 2.813834 value -0.967293 suggestion {'alpha': 2.906349228495046, 'batch_size': 247, 'beta_1': 0.7401976762106963, 'beta_2': 0.9945020513037482, 'epsilon': 9.461212923665271e-08, 'hidden_layer_sizes': 181, 'learning_rate_init': 0.017656716087359393, 'tol': 1.688300891253766e-05, 'validation_fraction': 0.14790608481740022}
observation time 0.005228, current best -0.970086 at iter 23
suggestion time taken 0.355035 iter 24 next_points [{'alpha': 0.31116183668841885, 'batch_size': 250, 'beta_1': 0.9300505197881378, 'beta_2': 0.9934429164996574, 'epsilon': 5.209338282139335e-09, 'hidden_layer_sizes': 172, 'learning_rate_init': 0.03241450199589383, 'tol': 0.0002168885332653419, 'validation_fraction': 0.2871686790363605}]
function_evaluation time 3.984967 value -0.955471 suggestion {'alpha': 0.31116183668841885, 'batch_size': 250, 'beta_1': 0.9300505197881378, 'beta_2': 0.9934429164996574, 'epsilon': 5.209338282139335e-09, 'hidden_layer_sizes': 172, 'learning_rate_init': 0.03241450199589383, 'tol': 0.0002168885332653419, 'validation_fraction': 0.2871686790363605}
observation time 0.001337, current best -0.970086 at iter 24
suggestion time taken 0.402040 iter 25 next_points [{'alpha': 4.264062608767524, 'batch_size': 210, 'beta_1': 0.5284459619801969, 'beta_2': 0.9955261848025262, 'epsilon': 2.216926161416324e-07, 'hidden_layer_sizes': 163, 'learning_rate_init': 0.04498643915369806, 'tol': 0.00030104642391878415, 'validation_fraction': 0.13921742216009678}]
function_evaluation time 2.971381 value -0.925578 suggestion {'alpha': 4.264062608767524, 'batch_size': 210, 'beta_1': 0.5284459619801969, 'beta_2': 0.9955261848025262, 'epsilon': 2.216926161416324e-07, 'hidden_layer_sizes': 163, 'learning_rate_init': 0.04498643915369806, 'tol': 0.00030104642391878415, 'validation_fraction': 0.13921742216009678}
observation time 0.001211, current best -0.970086 at iter 25
suggestion time taken 0.415586 iter 26 next_points [{'alpha': 0.8377537952605448, 'batch_size': 247, 'beta_1': 0.5256160532139807, 'beta_2': 0.9230320102543064, 'epsilon': 1.6607533787019193e-08, 'hidden_layer_sizes': 194, 'learning_rate_init': 0.009913725180554611, 'tol': 1.1390351079602421e-05, 'validation_fraction': 0.2400190207080563}]
function_evaluation time 3.671369 value -0.970078 suggestion {'alpha': 0.8377537952605448, 'batch_size': 247, 'beta_1': 0.5256160532139807, 'beta_2': 0.9230320102543064, 'epsilon': 1.6607533787019193e-08, 'hidden_layer_sizes': 194, 'learning_rate_init': 0.009913725180554611, 'tol': 1.1390351079602421e-05, 'validation_fraction': 0.2400190207080563}
observation time 0.002180, current best -0.970086 at iter 26
suggestion time taken 0.406818 iter 27 next_points [{'alpha': 0.002248095955256904, 'batch_size': 104, 'beta_1': 0.7774674915225427, 'beta_2': 0.9999903303527784, 'epsilon': 8.285456996726363e-08, 'hidden_layer_sizes': 171, 'learning_rate_init': 0.008647618763710722, 'tol': 1.4065509424990983e-05, 'validation_fraction': 0.43193044294432814}]
function_evaluation time 4.372451 value -0.962427 suggestion {'alpha': 0.002248095955256904, 'batch_size': 104, 'beta_1': 0.7774674915225427, 'beta_2': 0.9999903303527784, 'epsilon': 8.285456996726363e-08, 'hidden_layer_sizes': 171, 'learning_rate_init': 0.008647618763710722, 'tol': 1.4065509424990983e-05, 'validation_fraction': 0.43193044294432814}
observation time 0.001371, current best -0.970086 at iter 27
suggestion time taken 0.388071 iter 28 next_points [{'alpha': 0.09238112924040781, 'batch_size': 245, 'beta_1': 0.6657868355845089, 'beta_2': 0.9999951105253173, 'epsilon': 1.3006719517380777e-09, 'hidden_layer_sizes': 169, 'learning_rate_init': 0.011653586236911723, 'tol': 4.617461569818127e-05, 'validation_fraction': 0.29220852860342167}]
function_evaluation time 3.791314 value -0.967997 suggestion {'alpha': 0.09238112924040781, 'batch_size': 245, 'beta_1': 0.6657868355845089, 'beta_2': 0.9999951105253173, 'epsilon': 1.3006719517380777e-09, 'hidden_layer_sizes': 169, 'learning_rate_init': 0.011653586236911723, 'tol': 4.617461569818127e-05, 'validation_fraction': 0.29220852860342167}
observation time 0.001193, current best -0.970086 at iter 28
suggestion time taken 0.388631 iter 29 next_points [{'alpha': 0.10888028751184695, 'batch_size': 246, 'beta_1': 0.5590115092362906, 'beta_2': 0.9980495691710263, 'epsilon': 5.501512289854513e-09, 'hidden_layer_sizes': 178, 'learning_rate_init': 0.04212930312669634, 'tol': 1.9661284130432192e-05, 'validation_fraction': 0.43315394456988343}]
function_evaluation time 2.864234 value -0.950600 suggestion {'alpha': 0.10888028751184695, 'batch_size': 246, 'beta_1': 0.5590115092362906, 'beta_2': 0.9980495691710263, 'epsilon': 5.501512289854513e-09, 'hidden_layer_sizes': 178, 'learning_rate_init': 0.04212930312669634, 'tol': 1.9661284130432192e-05, 'validation_fraction': 0.43315394456988343}
observation time 0.001199, current best -0.970086 at iter 29
suggestion time taken 0.381654 iter 30 next_points [{'alpha': 3.7269246475292714, 'batch_size': 235, 'beta_1': 0.6885242267896893, 'beta_2': 0.9985799426650147, 'epsilon': 3.2448471863574454e-09, 'hidden_layer_sizes': 184, 'learning_rate_init': 0.01912716723817107, 'tol': 6.367883047883057e-05, 'validation_fraction': 0.20758614973102438}]
function_evaluation time 3.474482 value -0.972167 suggestion {'alpha': 3.7269246475292714, 'batch_size': 235, 'beta_1': 0.6885242267896893, 'beta_2': 0.9985799426650147, 'epsilon': 3.2448471863574454e-09, 'hidden_layer_sizes': 184, 'learning_rate_init': 0.01912716723817107, 'tol': 6.367883047883057e-05, 'validation_fraction': 0.20758614973102438}
observation time 0.001393, current best -0.972167 at iter 30
suggestion time taken 0.384984 iter 31 next_points [{'alpha': 7.017267710280873, 'batch_size': 234, 'beta_1': 0.851256151598753, 'beta_2': 0.9999634916037868, 'epsilon': 1.4652630601246139e-09, 'hidden_layer_sizes': 182, 'learning_rate_init': 0.01473448766631955, 'tol': 0.00026381883705656856, 'validation_fraction': 0.19450932544316188}]
function_evaluation time 3.587081 value -0.965205 suggestion {'alpha': 7.017267710280873, 'batch_size': 234, 'beta_1': 0.851256151598753, 'beta_2': 0.9999634916037868, 'epsilon': 1.4652630601246139e-09, 'hidden_layer_sizes': 182, 'learning_rate_init': 0.01473448766631955, 'tol': 0.00026381883705656856, 'validation_fraction': 0.19450932544316188}
observation time 0.007498, current best -0.972167 at iter 31
suggestion time taken 0.393676 iter 32 next_points [{'alpha': 0.01952103236828258, 'batch_size': 219, 'beta_1': 0.571702943488664, 'beta_2': 0.999591986248462, 'epsilon': 8.426359510480143e-09, 'hidden_layer_sizes': 198, 'learning_rate_init': 0.015396297557426145, 'tol': 3.202555286303389e-05, 'validation_fraction': 0.1781533969094994}]
function_evaluation time 4.614756 value -0.966606 suggestion {'alpha': 0.01952103236828258, 'batch_size': 219, 'beta_1': 0.571702943488664, 'beta_2': 0.999591986248462, 'epsilon': 8.426359510480143e-09, 'hidden_layer_sizes': 198, 'learning_rate_init': 0.015396297557426145, 'tol': 3.202555286303389e-05, 'validation_fraction': 0.1781533969094994}
observation time 0.001193, current best -0.972167 at iter 32
suggestion time taken 0.406872 iter 33 next_points [{'alpha': 5.763322211499858, 'batch_size': 234, 'beta_1': 0.6774834272709509, 'beta_2': 0.9622122437387093, 'epsilon': 1.1564964327287215e-09, 'hidden_layer_sizes': 197, 'learning_rate_init': 0.0157695144976098, 'tol': 0.0009268751291650315, 'validation_fraction': 0.23403784559329485}]
function_evaluation time 3.917476 value -0.965205 suggestion {'alpha': 5.763322211499858, 'batch_size': 234, 'beta_1': 0.6774834272709509, 'beta_2': 0.9622122437387093, 'epsilon': 1.1564964327287215e-09, 'hidden_layer_sizes': 197, 'learning_rate_init': 0.0157695144976098, 'tol': 0.0009268751291650315, 'validation_fraction': 0.23403784559329485}
observation time 0.008097, current best -0.972167 at iter 33
suggestion time taken 0.387099 iter 34 next_points [{'alpha': 0.5216416576844549, 'batch_size': 245, 'beta_1': 0.7118365359281288, 'beta_2': 0.9974001596214143, 'epsilon': 7.250278400104067e-09, 'hidden_layer_sizes': 135, 'learning_rate_init': 0.018984737080473574, 'tol': 1.1035955971038057e-05, 'validation_fraction': 0.19355328967071952}]
function_evaluation time 3.257110 value -0.967301 suggestion {'alpha': 0.5216416576844549, 'batch_size': 245, 'beta_1': 0.7118365359281288, 'beta_2': 0.9974001596214143, 'epsilon': 7.250278400104067e-09, 'hidden_layer_sizes': 135, 'learning_rate_init': 0.018984737080473574, 'tol': 1.1035955971038057e-05, 'validation_fraction': 0.19355328967071952}
observation time 0.007543, current best -0.972167 at iter 34
suggestion time taken 0.385737 iter 35 next_points [{'alpha': 0.05015444731725915, 'batch_size': 169, 'beta_1': 0.7770708613194257, 'beta_2': 0.9965264124424824, 'epsilon': 1.785795407280019e-09, 'hidden_layer_sizes': 164, 'learning_rate_init': 0.016237094343160462, 'tol': 0.00034882447719534646, 'validation_fraction': 0.22172102869912416}]
function_evaluation time 4.031651 value -0.970078 suggestion {'alpha': 0.05015444731725915, 'batch_size': 169, 'beta_1': 0.7770708613194257, 'beta_2': 0.9965264124424824, 'epsilon': 1.785795407280019e-09, 'hidden_layer_sizes': 164, 'learning_rate_init': 0.016237094343160462, 'tol': 0.00034882447719534646, 'validation_fraction': 0.22172102869912416}
observation time 0.005613, current best -0.972167 at iter 35
suggestion time taken 0.395661 iter 36 next_points [{'alpha': 0.0673495093614566, 'batch_size': 228, 'beta_1': 0.5047721400171951, 'beta_2': 0.9993446736948656, 'epsilon': 1.1544017525559932e-08, 'hidden_layer_sizes': 192, 'learning_rate_init': 0.02183080320670175, 'tol': 1.6167852670306245e-05, 'validation_fraction': 0.2661647945293074}]
function_evaluation time 3.283084 value -0.968680 suggestion {'alpha': 0.0673495093614566, 'batch_size': 228, 'beta_1': 0.5047721400171951, 'beta_2': 0.9993446736948656, 'epsilon': 1.1544017525559932e-08, 'hidden_layer_sizes': 192, 'learning_rate_init': 0.02183080320670175, 'tol': 1.6167852670306245e-05, 'validation_fraction': 0.2661647945293074}
observation time 0.001424, current best -0.972167 at iter 36
suggestion time taken 0.385785 iter 37 next_points [{'alpha': 4.697133705571933, 'batch_size': 220, 'beta_1': 0.6166412625083675, 'beta_2': 0.9968625407676832, 'epsilon': 2.7724013717000722e-09, 'hidden_layer_sizes': 162, 'learning_rate_init': 0.016300761706971475, 'tol': 0.0001729553192300088, 'validation_fraction': 0.21877813680966773}]
function_evaluation time 3.262561 value -0.936675 suggestion {'alpha': 4.697133705571933, 'batch_size': 220, 'beta_1': 0.6166412625083675, 'beta_2': 0.9968625407676832, 'epsilon': 2.7724013717000722e-09, 'hidden_layer_sizes': 162, 'learning_rate_init': 0.016300761706971475, 'tol': 0.0001729553192300088, 'validation_fraction': 0.21877813680966773}
observation time 0.001229, current best -0.972167 at iter 37
suggestion time taken 0.401861 iter 38 next_points [{'alpha': 0.6319158243332885, 'batch_size': 108, 'beta_1': 0.5953172148812749, 'beta_2': 0.9764524129605745, 'epsilon': 1.2564889019963524e-08, 'hidden_layer_sizes': 182, 'learning_rate_init': 0.013747729901145424, 'tol': 0.00018822270739716663, 'validation_fraction': 0.22924958754902944}]
function_evaluation time 3.530016 value -0.972171 suggestion {'alpha': 0.6319158243332885, 'batch_size': 108, 'beta_1': 0.5953172148812749, 'beta_2': 0.9764524129605745, 'epsilon': 1.2564889019963524e-08, 'hidden_layer_sizes': 182, 'learning_rate_init': 0.013747729901145424, 'tol': 0.00018822270739716663, 'validation_fraction': 0.22924958754902944}
observation time 0.001187, current best -0.972171 at iter 38
suggestion time taken 0.400241 iter 39 next_points [{'alpha': 2.59755931574224, 'batch_size': 119, 'beta_1': 0.5860941053237967, 'beta_2': 0.9999807357708236, 'epsilon': 1.4553852192673193e-09, 'hidden_layer_sizes': 185, 'learning_rate_init': 0.009283533116042292, 'tol': 0.0012625797683287847, 'validation_fraction': 0.22933631280694458}]
function_evaluation time 5.005764 value -0.963802 suggestion {'alpha': 2.59755931574224, 'batch_size': 119, 'beta_1': 0.5860941053237967, 'beta_2': 0.9999807357708236, 'epsilon': 1.4553852192673193e-09, 'hidden_layer_sizes': 185, 'learning_rate_init': 0.009283533116042292, 'tol': 0.0012625797683287847, 'validation_fraction': 0.22933631280694458}
observation time 0.001361, current best -0.972171 at iter 39
suggestion time taken 0.397089 iter 40 next_points [{'alpha': 1.413181267724049, 'batch_size': 124, 'beta_1': 0.5807905132321634, 'beta_2': 0.9396108095365853, 'epsilon': 3.599906054444114e-08, 'hidden_layer_sizes': 185, 'learning_rate_init': 0.01732699361253019, 'tol': 0.00022276338507813735, 'validation_fraction': 0.19162582052017138}]
function_evaluation time 3.031554 value -0.961738 suggestion {'alpha': 1.413181267724049, 'batch_size': 124, 'beta_1': 0.5807905132321634, 'beta_2': 0.9396108095365853, 'epsilon': 3.599906054444114e-08, 'hidden_layer_sizes': 185, 'learning_rate_init': 0.01732699361253019, 'tol': 0.00022276338507813735, 'validation_fraction': 0.19162582052017138}
observation time 0.001650, current best -0.972171 at iter 40
suggestion time taken 0.393509 iter 41 next_points [{'alpha': 0.20369744015390218, 'batch_size': 148, 'beta_1': 0.616085634544181, 'beta_2': 0.9954533267724273, 'epsilon': 7.76184894668574e-09, 'hidden_layer_sizes': 190, 'learning_rate_init': 0.013617831292430084, 'tol': 0.00018564241847527054, 'validation_fraction': 0.22608514658539022}]
function_evaluation time 2.903504 value -0.957545 suggestion {'alpha': 0.20369744015390218, 'batch_size': 148, 'beta_1': 0.616085634544181, 'beta_2': 0.9954533267724273, 'epsilon': 7.76184894668574e-09, 'hidden_layer_sizes': 190, 'learning_rate_init': 0.013617831292430084, 'tol': 0.00018564241847527054, 'validation_fraction': 0.22608514658539022}
observation time 0.002928, current best -0.972171 at iter 41
suggestion time taken 0.398476 iter 42 next_points [{'alpha': 0.26078142281710537, 'batch_size': 108, 'beta_1': 0.5012056989207306, 'beta_2': 0.9979266211983057, 'epsilon': 2.4849846936124853e-08, 'hidden_layer_sizes': 169, 'learning_rate_init': 0.017032303578463217, 'tol': 0.00028238558225322324, 'validation_fraction': 0.2649624054684818}]
function_evaluation time 3.405684 value -0.968677 suggestion {'alpha': 0.26078142281710537, 'batch_size': 108, 'beta_1': 0.5012056989207306, 'beta_2': 0.9979266211983057, 'epsilon': 2.4849846936124853e-08, 'hidden_layer_sizes': 169, 'learning_rate_init': 0.017032303578463217, 'tol': 0.00028238558225322324, 'validation_fraction': 0.2649624054684818}
observation time 0.001346, current best -0.972171 at iter 42
suggestion time taken 0.392685 iter 43 next_points [{'alpha': 0.29843239272111516, 'batch_size': 109, 'beta_1': 0.613708395794592, 'beta_2': 0.9949843512816097, 'epsilon': 3.572026935506936e-08, 'hidden_layer_sizes': 165, 'learning_rate_init': 0.011783700971038636, 'tol': 0.0001112283523551414, 'validation_fraction': 0.22149119541382148}]
function_evaluation time 3.907781 value -0.966596 suggestion {'alpha': 0.29843239272111516, 'batch_size': 109, 'beta_1': 0.613708395794592, 'beta_2': 0.9949843512816097, 'epsilon': 3.572026935506936e-08, 'hidden_layer_sizes': 165, 'learning_rate_init': 0.011783700971038636, 'tol': 0.0001112283523551414, 'validation_fraction': 0.22149119541382148}
observation time 0.001219, current best -0.972171 at iter 43
suggestion time taken 0.393702 iter 44 next_points [{'alpha': 0.3764827384752979, 'batch_size': 104, 'beta_1': 0.6532986794843837, 'beta_2': 0.9993927482104238, 'epsilon': 6.135761766386007e-09, 'hidden_layer_sizes': 186, 'learning_rate_init': 0.008803179259367487, 'tol': 0.0002066284405921559, 'validation_fraction': 0.2739037078339553}]
function_evaluation time 3.842284 value -0.970783 suggestion {'alpha': 0.3764827384752979, 'batch_size': 104, 'beta_1': 0.6532986794843837, 'beta_2': 0.9993927482104238, 'epsilon': 6.135761766386007e-09, 'hidden_layer_sizes': 186, 'learning_rate_init': 0.008803179259367487, 'tol': 0.0002066284405921559, 'validation_fraction': 0.2739037078339553}
observation time 0.003230, current best -0.972171 at iter 44
saving meta data: {'args': {'--uuid': 'd969099cde3f51e7afae8ab53ec7f425', '-db-root': '/Users/ryedida/Desktop/menzies/thesis/smoothness-hpo/smoothness-hpo/bbo_challenge_starter_kit/output', '--opt-root': '/Users/ryedida/Desktop/menzies/thesis/smoothness-hpo/smoothness-hpo/bbo_challenge_starter_kit/example_submissions', '--data-root': None, '--db': 'run_20230816_004012', '--opt': 'turbo', '--data': 'digits', '--classifier': 'MLP-adam', '--metric': 'acc', '--calls': 45, '--suggestions': 1, '--jobs-file': None, '--verbose': False, 'dry_run': False, 'rev': 'a376313', 'opt_rev': '0.0.1'}, 'signature': ([{'alpha': 0.019628224813442792, 'batch_size': 182, 'beta_1': 0.9410202200271762, 'beta_2': 0.9998021557676793, 'epsilon': 1.8662266976518e-08, 'hidden_layer_sizes': 147, 'learning_rate_init': 0.0005627932047415167, 'tol': 0.03690557729213761, 'validation_fraction': 0.8846827852548593}, {'alpha': 0.001998246739232944, 'batch_size': 200, 'beta_1': 0.919111482530466, 'beta_2': 0.9998488260436156, 'epsilon': 5.981221901152555e-07, 'hidden_layer_sizes': 61, 'learning_rate_init': 2.2310905607443014e-05, 'tol': 1.2046852412030316e-05, 'validation_fraction': 0.8117896445826539}, {'alpha': 0.46659545670218433, 'batch_size': 219, 'beta_1': 0.9889789783750891, 'beta_2': 0.9999896868093284, 'epsilon': 2.4234724484675948e-08, 'hidden_layer_sizes': 167, 'learning_rate_init': 2.972334644335654e-05, 'tol': 0.0036281404040243792, 'validation_fraction': 0.17260651658522078}, {'alpha': 4.656005689076002, 'batch_size': 135, 'beta_1': 0.870503881627747, 'beta_2': 0.9948873266941017, 'epsilon': 2.1023308743480125e-07, 'hidden_layer_sizes': 118, 'learning_rate_init': 0.001878173875716191, 'tol': 1.1889379831773006e-05, 'validation_fraction': 0.6264327093752792}, {'alpha': 0.04705159350400542, 'batch_size': 158, 'beta_1': 0.9870884262730957, 'beta_2': 0.9999596874382349, 'epsilon': 1.1981845126013875e-08, 'hidden_layer_sizes': 116, 'learning_rate_init': 0.006173405204074311, 'tol': 1.7414134181586194e-05, 'validation_fraction': 0.6754299026638921}], [-0.21081107239643826, -0.1295489740611692, -0.27999177313201706, -0.9422522260936896, -0.9332050909794812])}
saving results
saving timing
saving suggest log
done
