running: {'--uuid': 'f5576e99e7115c8aa7f70fd26ec10167', '-db-root': '/Users/ryedida/Desktop/menzies/thesis/smoothness-hpo/smoothness-hpo/bbo_challenge_starter_kit/output', '--opt-root': '/Users/ryedida/Desktop/menzies/thesis/smoothness-hpo/smoothness-hpo/bbo_challenge_starter_kit/example_submissions', '--data-root': None, '--db': 'run_20230816_004012', '--opt': 'hyperopt', '--data': 'digits', '--classifier': 'MLP-adam', '--metric': 'nll', '--calls': 45, '--suggestions': 1, '--jobs-file': None, '--verbose': False, 'dry_run': False, 'rev': 'a376313', 'opt_rev': '0.2.7'}
cmd: python hyperopt/optimizer.py -c MLP-adam -d digits -o hyperopt -u f5576e99e7115c8aa7f70fd26ec10167 -m nll -n 45 -p 1 -dir /Users/ryedida/Desktop/menzies/thesis/smoothness-hpo/smoothness-hpo/bbo_challenge_starter_kit/output -b run_20230816_004012
/Users/ryedida/miniforge3/lib/python3.9/site-packages/sklearn/neural_network/_multilayer_perceptron.py:605: UserWarning: Got `batch_size` less than 1 or larger than sample size. It is going to be clipped
  warnings.warn(

/Users/ryedida/miniforge3/lib/python3.9/site-packages/sklearn/neural_network/_multilayer_perceptron.py:686: ConvergenceWarning: Stochastic Optimizer: Maximum iterations (200) reached and the optimization hasn't converged yet.
  warnings.warn(

computed signature: ([{'alpha': 0.019628224813442792, 'batch_size': 182, 'beta_1': 0.9410202200271762, 'beta_2': 0.9998021557676793, 'epsilon': 1.8662266976518e-08, 'hidden_layer_sizes': 147, 'learning_rate_init': 0.0005627932047415167, 'tol': 0.03690557729213761, 'validation_fraction': 0.8846827852548593}, {'alpha': 0.001998246739232944, 'batch_size': 200, 'beta_1': 0.919111482530466, 'beta_2': 0.9998488260436156, 'epsilon': 5.981221901152555e-07, 'hidden_layer_sizes': 61, 'learning_rate_init': 2.2310905607443014e-05, 'tol': 1.2046852412030316e-05, 'validation_fraction': 0.8117896445826539}, {'alpha': 0.46659545670218433, 'batch_size': 219, 'beta_1': 0.9889789783750891, 'beta_2': 0.9999896868093284, 'epsilon': 2.4234724484675948e-08, 'hidden_layer_sizes': 167, 'learning_rate_init': 2.972334644335654e-05, 'tol': 0.0036281404040243792, 'validation_fraction': 0.17260651658522078}, {'alpha': 4.656005689076002, 'batch_size': 135, 'beta_1': 0.870503881627747, 'beta_2': 0.9948873266941017, 'epsilon': 2.1023308743480125e-07, 'hidden_layer_sizes': 118, 'learning_rate_init': 0.001878173875716191, 'tol': 1.1889379831773006e-05, 'validation_fraction': 0.6264327093752792}, {'alpha': 0.04705159350400542, 'batch_size': 158, 'beta_1': 0.9870884262730957, 'beta_2': 0.9999596874382349, 'epsilon': 1.1981845126013875e-08, 'hidden_layer_sizes': 116, 'learning_rate_init': 0.006173405204074311, 'tol': 1.7414134181586194e-05, 'validation_fraction': 0.6754299026638921}], [4.8709522768835765, 9.712622772033225, 5.950791832993735, 0.19438427080405424, 0.25190216699945583])
/Users/ryedida/miniforge3/lib/python3.9/site-packages/bayesmark/experiment.py:469: UserWarning: Baselines not found. Will not log intermediate scores.
  warnings.warn("Baselines not found. Will not log intermediate scores.")

starting sklearn study hyperopt MLP-adam digits nll 45 1
with data root: None
suggestion time taken 0.007297 iter 0 next_points [{'alpha': 0.004139361553305091, 'batch_size': 30, 'beta_1': 0.8347524590807954, 'beta_2': 0.9983406457165112, 'epsilon': 1.2641580100856388e-09, 'hidden_layer_sizes': 125, 'learning_rate_init': 0.07487021644883252, 'tol': 0.00020152277818064678, 'validation_fraction': 0.12694244980762773}]
function_evaluation time 1.664739 value 1.170604 suggestion {'alpha': 0.004139361553305091, 'batch_size': 30, 'beta_1': 0.8347524590807954, 'beta_2': 0.9983406457165112, 'epsilon': 1.2641580100856388e-09, 'hidden_layer_sizes': 125, 'learning_rate_init': 0.07487021644883252, 'tol': 0.00020152277818064678, 'validation_fraction': 0.12694244980762773}
observation time 0.000059, current best 1.170604 at iter 0
suggestion time taken 0.007460 iter 1 next_points [{'alpha': 0.7502543932833569, 'batch_size': 113, 'beta_1': 0.7519758018628179, 'beta_2': 0.9465626536197991, 'epsilon': 6.526829932899149e-08, 'hidden_layer_sizes': 79, 'learning_rate_init': 1.7639150494995265e-05, 'tol': 0.0015304699142607108, 'validation_fraction': 0.14876817817078664}]
/Users/ryedida/miniforge3/lib/python3.9/site-packages/sklearn/neural_network/_multilayer_perceptron.py:686: ConvergenceWarning: Stochastic Optimizer: Maximum iterations (200) reached and the optimization hasn't converged yet.
  warnings.warn(

function_evaluation time 5.312197 value 8.932468 suggestion {'alpha': 0.7502543932833569, 'batch_size': 113, 'beta_1': 0.7519758018628179, 'beta_2': 0.9465626536197991, 'epsilon': 6.526829932899149e-08, 'hidden_layer_sizes': 79, 'learning_rate_init': 1.7639150494995265e-05, 'tol': 0.0015304699142607108, 'validation_fraction': 0.14876817817078664}
observation time 0.000023, current best 1.170604 at iter 1
suggestion time taken 0.005408 iter 2 next_points [{'alpha': 2.2668558866279203e-05, 'batch_size': 145, 'beta_1': 0.7122732198834086, 'beta_2': 0.9118438449664602, 'epsilon': 9.560630119108964e-08, 'hidden_layer_sizes': 196, 'learning_rate_init': 0.0008889097841098621, 'tol': 0.013331808568059468, 'validation_fraction': 0.5512478887301929}]
function_evaluation time 1.726219 value 0.198730 suggestion {'alpha': 2.2668558866279203e-05, 'batch_size': 145, 'beta_1': 0.7122732198834086, 'beta_2': 0.9118438449664602, 'epsilon': 9.560630119108964e-08, 'hidden_layer_sizes': 196, 'learning_rate_init': 0.0008889097841098621, 'tol': 0.013331808568059468, 'validation_fraction': 0.5512478887301929}
observation time 0.000024, current best 0.198730 at iter 2
suggestion time taken 0.002205 iter 3 next_points [{'alpha': 0.0023496556635498453, 'batch_size': 107, 'beta_1': 0.5419786089512176, 'beta_2': 0.9923327046910515, 'epsilon': 2.513795450384584e-07, 'hidden_layer_sizes': 121, 'learning_rate_init': 1.2178174147481792e-05, 'tol': 0.000245420786646667, 'validation_fraction': 0.726914946881605}]
/Users/ryedida/miniforge3/lib/python3.9/site-packages/sklearn/neural_network/_multilayer_perceptron.py:686: ConvergenceWarning: Stochastic Optimizer: Maximum iterations (200) reached and the optimization hasn't converged yet.
  warnings.warn(

function_evaluation time 2.003923 value 9.873602 suggestion {'alpha': 0.0023496556635498453, 'batch_size': 107, 'beta_1': 0.5419786089512176, 'beta_2': 0.9923327046910515, 'epsilon': 2.513795450384584e-07, 'hidden_layer_sizes': 121, 'learning_rate_init': 1.2178174147481792e-05, 'tol': 0.000245420786646667, 'validation_fraction': 0.726914946881605}
observation time 0.000025, current best 0.198730 at iter 3
suggestion time taken 0.001968 iter 4 next_points [{'alpha': 0.00011698897459062631, 'batch_size': 227, 'beta_1': 0.949552397545341, 'beta_2': 0.9483216037450977, 'epsilon': 3.022137524276769e-08, 'hidden_layer_sizes': 52, 'learning_rate_init': 0.0036947318138077136, 'tol': 0.00020563070639836512, 'validation_fraction': 0.15256458852396532}]
function_evaluation time 2.183954 value 0.120453 suggestion {'alpha': 0.00011698897459062631, 'batch_size': 227, 'beta_1': 0.949552397545341, 'beta_2': 0.9483216037450977, 'epsilon': 3.022137524276769e-08, 'hidden_layer_sizes': 52, 'learning_rate_init': 0.0036947318138077136, 'tol': 0.00020563070639836512, 'validation_fraction': 0.15256458852396532}
observation time 0.000024, current best 0.120453 at iter 4
suggestion time taken 0.001980 iter 5 next_points [{'alpha': 0.044010257308280704, 'batch_size': 187, 'beta_1': 0.5643855739144739, 'beta_2': 0.9798335133943011, 'epsilon': 1.6614900725470304e-08, 'hidden_layer_sizes': 128, 'learning_rate_init': 0.00028295550933053374, 'tol': 0.05565913544815279, 'validation_fraction': 0.14653676339518373}]
function_evaluation time 1.435243 value 0.551438 suggestion {'alpha': 0.044010257308280704, 'batch_size': 187, 'beta_1': 0.5643855739144739, 'beta_2': 0.9798335133943011, 'epsilon': 1.6614900725470304e-08, 'hidden_layer_sizes': 128, 'learning_rate_init': 0.00028295550933053374, 'tol': 0.05565913544815279, 'validation_fraction': 0.14653676339518373}
observation time 0.000025, current best 0.120453 at iter 5
suggestion time taken 0.006786 iter 6 next_points [{'alpha': 0.00043879635650045067, 'batch_size': 27, 'beta_1': 0.6778998883707605, 'beta_2': 0.9433484587220372, 'epsilon': 3.2375743044240354e-07, 'hidden_layer_sizes': 108, 'learning_rate_init': 0.029821181004460344, 'tol': 0.07473014492898972, 'validation_fraction': 0.6496172348133145}]
function_evaluation time 0.602298 value 0.372387 suggestion {'alpha': 0.00043879635650045067, 'batch_size': 27, 'beta_1': 0.6778998883707605, 'beta_2': 0.9433484587220372, 'epsilon': 3.2375743044240354e-07, 'hidden_layer_sizes': 108, 'learning_rate_init': 0.029821181004460344, 'tol': 0.07473014492898972, 'validation_fraction': 0.6496172348133145}
observation time 0.000027, current best 0.120453 at iter 6
suggestion time taken 0.001970 iter 7 next_points [{'alpha': 0.0033494889473845964, 'batch_size': 10, 'beta_1': 0.718920219537332, 'beta_2': 0.9204493978092717, 'epsilon': 2.2873694154483902e-08, 'hidden_layer_sizes': 180, 'learning_rate_init': 1.3850419401022664e-05, 'tol': 0.0017137163194066967, 'validation_fraction': 0.10176510089887093}]
function_evaluation time 14.901408 value 0.289045 suggestion {'alpha': 0.0033494889473845964, 'batch_size': 10, 'beta_1': 0.718920219537332, 'beta_2': 0.9204493978092717, 'epsilon': 2.2873694154483902e-08, 'hidden_layer_sizes': 180, 'learning_rate_init': 1.3850419401022664e-05, 'tol': 0.0017137163194066967, 'validation_fraction': 0.10176510089887093}
observation time 0.000053, current best 0.120453 at iter 7
suggestion time taken 0.008304 iter 8 next_points [{'alpha': 0.044239147686903325, 'batch_size': 207, 'beta_1': 0.885879795878463, 'beta_2': 0.9969530118920871, 'epsilon': 4.517514344477966e-07, 'hidden_layer_sizes': 64, 'learning_rate_init': 0.0012269396964903812, 'tol': 3.199974782440062e-05, 'validation_fraction': 0.2112701768564294}]
function_evaluation time 2.772486 value 0.183302 suggestion {'alpha': 0.044239147686903325, 'batch_size': 207, 'beta_1': 0.885879795878463, 'beta_2': 0.9969530118920871, 'epsilon': 4.517514344477966e-07, 'hidden_layer_sizes': 64, 'learning_rate_init': 0.0012269396964903812, 'tol': 3.199974782440062e-05, 'validation_fraction': 0.2112701768564294}
observation time 0.000049, current best 0.120453 at iter 8
suggestion time taken 0.005444 iter 9 next_points [{'alpha': 0.0001538906121822554, 'batch_size': 18, 'beta_1': 0.7915251901153705, 'beta_2': 0.942144384298548, 'epsilon': 3.6589795144315334e-07, 'hidden_layer_sizes': 149, 'learning_rate_init': 0.03243612333738368, 'tol': 0.011179421276374514, 'validation_fraction': 0.1284690559504701}]
function_evaluation time 2.749082 value 0.388836 suggestion {'alpha': 0.0001538906121822554, 'batch_size': 18, 'beta_1': 0.7915251901153705, 'beta_2': 0.942144384298548, 'epsilon': 3.6589795144315334e-07, 'hidden_layer_sizes': 149, 'learning_rate_init': 0.03243612333738368, 'tol': 0.011179421276374514, 'validation_fraction': 0.1284690559504701}
observation time 0.000027, current best 0.120453 at iter 9
suggestion time taken 0.002144 iter 10 next_points [{'alpha': 0.5871435949938777, 'batch_size': 148, 'beta_1': 0.974371408095006, 'beta_2': 0.9847107916188955, 'epsilon': 2.747500714125881e-09, 'hidden_layer_sizes': 52, 'learning_rate_init': 0.0018629631534569694, 'tol': 0.0002278107615903951, 'validation_fraction': 0.21224453360508722}]
function_evaluation time 2.210178 value 0.172530 suggestion {'alpha': 0.5871435949938777, 'batch_size': 148, 'beta_1': 0.974371408095006, 'beta_2': 0.9847107916188955, 'epsilon': 2.747500714125881e-09, 'hidden_layer_sizes': 52, 'learning_rate_init': 0.0018629631534569694, 'tol': 0.0002278107615903951, 'validation_fraction': 0.21224453360508722}
observation time 0.000026, current best 0.120453 at iter 10
suggestion time taken 0.001957 iter 11 next_points [{'alpha': 7.9594286224439, 'batch_size': 241, 'beta_1': 0.5206957914109989, 'beta_2': 0.9846986520428612, 'epsilon': 8.852185002650241e-07, 'hidden_layer_sizes': 159, 'learning_rate_init': 0.021486835777571798, 'tol': 0.008608104863597903, 'validation_fraction': 0.6229637651525213}]
function_evaluation time 1.023835 value 0.154992 suggestion {'alpha': 7.9594286224439, 'batch_size': 241, 'beta_1': 0.5206957914109989, 'beta_2': 0.9846986520428612, 'epsilon': 8.852185002650241e-07, 'hidden_layer_sizes': 159, 'learning_rate_init': 0.021486835777571798, 'tol': 0.008608104863597903, 'validation_fraction': 0.6229637651525213}
observation time 0.000026, current best 0.120453 at iter 11
suggestion time taken 0.001957 iter 12 next_points [{'alpha': 0.09478194572917664, 'batch_size': 68, 'beta_1': 0.7002340450346011, 'beta_2': 0.9598473465024813, 'epsilon': 2.460828276344158e-07, 'hidden_layer_sizes': 116, 'learning_rate_init': 0.0030889925871745855, 'tol': 0.009125353950412746, 'validation_fraction': 0.7299691763740966}]
function_evaluation time 1.081580 value 0.249801 suggestion {'alpha': 0.09478194572917664, 'batch_size': 68, 'beta_1': 0.7002340450346011, 'beta_2': 0.9598473465024813, 'epsilon': 2.460828276344158e-07, 'hidden_layer_sizes': 116, 'learning_rate_init': 0.0030889925871745855, 'tol': 0.009125353950412746, 'validation_fraction': 0.7299691763740966}
observation time 0.000026, current best 0.120453 at iter 12
suggestion time taken 0.001939 iter 13 next_points [{'alpha': 0.0012485438353680588, 'batch_size': 48, 'beta_1': 0.9421711278464006, 'beta_2': 0.9542516240293434, 'epsilon': 1.3690570525123382e-07, 'hidden_layer_sizes': 57, 'learning_rate_init': 0.007278336296838477, 'tol': 0.00287748108906242, 'validation_fraction': 0.6297626368329082}]
function_evaluation time 0.823972 value 0.220724 suggestion {'alpha': 0.0012485438353680588, 'batch_size': 48, 'beta_1': 0.9421711278464006, 'beta_2': 0.9542516240293434, 'epsilon': 1.3690570525123382e-07, 'hidden_layer_sizes': 57, 'learning_rate_init': 0.007278336296838477, 'tol': 0.00287748108906242, 'validation_fraction': 0.6297626368329082}
observation time 0.000026, current best 0.120453 at iter 13
suggestion time taken 0.006585 iter 14 next_points [{'alpha': 0.526391995938849, 'batch_size': 246, 'beta_1': 0.6274142684920468, 'beta_2': 0.9105945743559215, 'epsilon': 1.2530593421616886e-09, 'hidden_layer_sizes': 79, 'learning_rate_init': 0.03023904408343553, 'tol': 4.3451874499581305e-05, 'validation_fraction': 0.2585879044807529}]
function_evaluation time 1.978704 value 0.125485 suggestion {'alpha': 0.526391995938849, 'batch_size': 246, 'beta_1': 0.6274142684920468, 'beta_2': 0.9105945743559215, 'epsilon': 1.2530593421616886e-09, 'hidden_layer_sizes': 79, 'learning_rate_init': 0.03023904408343553, 'tol': 4.3451874499581305e-05, 'validation_fraction': 0.2585879044807529}
observation time 0.000054, current best 0.120453 at iter 14
suggestion time taken 0.002349 iter 15 next_points [{'alpha': 2.541050897766662, 'batch_size': 49, 'beta_1': 0.5300922778415006, 'beta_2': 0.949337540698462, 'epsilon': 6.547633136525406e-09, 'hidden_layer_sizes': 68, 'learning_rate_init': 0.003232887059459782, 'tol': 0.09019319869458522, 'validation_fraction': 0.11555296952073173}]
function_evaluation time 0.698758 value 0.171228 suggestion {'alpha': 2.541050897766662, 'batch_size': 49, 'beta_1': 0.5300922778415006, 'beta_2': 0.949337540698462, 'epsilon': 6.547633136525406e-09, 'hidden_layer_sizes': 68, 'learning_rate_init': 0.003232887059459782, 'tol': 0.09019319869458522, 'validation_fraction': 0.11555296952073173}
observation time 0.000029, current best 0.120453 at iter 15
suggestion time taken 0.002109 iter 16 next_points [{'alpha': 0.05606068160530078, 'batch_size': 140, 'beta_1': 0.5945355644715203, 'beta_2': 0.9560385512602262, 'epsilon': 3.598575889625471e-09, 'hidden_layer_sizes': 190, 'learning_rate_init': 0.0016031917803339645, 'tol': 0.00020553143259921522, 'validation_fraction': 0.6710571272839387}]
function_evaluation time 4.014163 value 0.169845 suggestion {'alpha': 0.05606068160530078, 'batch_size': 140, 'beta_1': 0.5945355644715203, 'beta_2': 0.9560385512602262, 'epsilon': 3.598575889625471e-09, 'hidden_layer_sizes': 190, 'learning_rate_init': 0.0016031917803339645, 'tol': 0.00020553143259921522, 'validation_fraction': 0.6710571272839387}
observation time 0.000028, current best 0.120453 at iter 16
suggestion time taken 0.001936 iter 17 next_points [{'alpha': 0.6481999754313573, 'batch_size': 196, 'beta_1': 0.7003456544576082, 'beta_2': 0.9295115992473264, 'epsilon': 7.846060785592182e-09, 'hidden_layer_sizes': 134, 'learning_rate_init': 0.0013772159913378423, 'tol': 0.0033680129188091456, 'validation_fraction': 0.17624425141590205}]
function_evaluation time 2.114952 value 0.135959 suggestion {'alpha': 0.6481999754313573, 'batch_size': 196, 'beta_1': 0.7003456544576082, 'beta_2': 0.9295115992473264, 'epsilon': 7.846060785592182e-09, 'hidden_layer_sizes': 134, 'learning_rate_init': 0.0013772159913378423, 'tol': 0.0033680129188091456, 'validation_fraction': 0.17624425141590205}
observation time 0.000028, current best 0.120453 at iter 17
suggestion time taken 0.001947 iter 18 next_points [{'alpha': 0.0003217108224896983, 'batch_size': 185, 'beta_1': 0.5009512088110295, 'beta_2': 0.9356057485237657, 'epsilon': 1.7543472084975367e-09, 'hidden_layer_sizes': 96, 'learning_rate_init': 2.2582444473778737e-05, 'tol': 0.0003219729312413017, 'validation_fraction': 0.19812376936503545}]
/Users/ryedida/miniforge3/lib/python3.9/site-packages/sklearn/neural_network/_multilayer_perceptron.py:686: ConvergenceWarning: Stochastic Optimizer: Maximum iterations (200) reached and the optimization hasn't converged yet.
  warnings.warn(

function_evaluation time 4.719888 value 6.059896 suggestion {'alpha': 0.0003217108224896983, 'batch_size': 185, 'beta_1': 0.5009512088110295, 'beta_2': 0.9356057485237657, 'epsilon': 1.7543472084975367e-09, 'hidden_layer_sizes': 96, 'learning_rate_init': 2.2582444473778737e-05, 'tol': 0.0003219729312413017, 'validation_fraction': 0.19812376936503545}
observation time 0.000057, current best 0.120453 at iter 18
suggestion time taken 0.005268 iter 19 next_points [{'alpha': 2.2648342445881775e-05, 'batch_size': 139, 'beta_1': 0.6751899425832277, 'beta_2': 0.9467844583624956, 'epsilon': 2.106705698794843e-08, 'hidden_layer_sizes': 156, 'learning_rate_init': 2.8703822004036923e-05, 'tol': 8.113263778644282e-05, 'validation_fraction': 0.26085995730680916}]
function_evaluation time 11.320023 value 1.456267 suggestion {'alpha': 2.2648342445881775e-05, 'batch_size': 139, 'beta_1': 0.6751899425832277, 'beta_2': 0.9467844583624956, 'epsilon': 2.106705698794843e-08, 'hidden_layer_sizes': 156, 'learning_rate_init': 2.8703822004036923e-05, 'tol': 8.113263778644282e-05, 'validation_fraction': 0.26085995730680916}
observation time 0.000030, current best 0.120453 at iter 19
suggestion time taken 0.015944 iter 20 next_points [{'alpha': 7.245884643514537e-05, 'batch_size': 239, 'beta_1': 0.6132924941268628, 'beta_2': 0.9012042211235851, 'epsilon': 4.4138078382470746e-08, 'hidden_layer_sizes': 86, 'learning_rate_init': 0.00022755011180491353, 'tol': 1.9360163383240396e-05, 'validation_fraction': 0.39527603801928585}]
function_evaluation time 6.008282 value 0.157672 suggestion {'alpha': 7.245884643514537e-05, 'batch_size': 239, 'beta_1': 0.6132924941268628, 'beta_2': 0.9012042211235851, 'epsilon': 4.4138078382470746e-08, 'hidden_layer_sizes': 86, 'learning_rate_init': 0.00022755011180491353, 'tol': 1.9360163383240396e-05, 'validation_fraction': 0.39527603801928585}
observation time 0.000028, current best 0.120453 at iter 20
suggestion time taken 0.006752 iter 21 next_points [{'alpha': 0.015131651355459902, 'batch_size': 223, 'beta_1': 0.6291505521509232, 'beta_2': 0.9688338889045351, 'epsilon': 8.18990143744724e-09, 'hidden_layer_sizes': 73, 'learning_rate_init': 0.011358425354937658, 'tol': 5.4076274454903806e-05, 'validation_fraction': 0.33037032237163627}]
function_evaluation time 2.765444 value 0.156420 suggestion {'alpha': 0.015131651355459902, 'batch_size': 223, 'beta_1': 0.6291505521509232, 'beta_2': 0.9688338889045351, 'epsilon': 8.18990143744724e-09, 'hidden_layer_sizes': 73, 'learning_rate_init': 0.011358425354937658, 'tol': 5.4076274454903806e-05, 'validation_fraction': 0.33037032237163627}
observation time 0.000028, current best 0.120453 at iter 21
suggestion time taken 0.006821 iter 22 next_points [{'alpha': 7.28269253934982, 'batch_size': 168, 'beta_1': 0.6486416397328909, 'beta_2': 0.900055757792282, 'epsilon': 3.367222252684984e-09, 'hidden_layer_sizes': 94, 'learning_rate_init': 0.08120066314840181, 'tol': 0.00061103286135509, 'validation_fraction': 0.271566614453781}]
function_evaluation time 0.856930 value 1.143164 suggestion {'alpha': 7.28269253934982, 'batch_size': 168, 'beta_1': 0.6486416397328909, 'beta_2': 0.900055757792282, 'epsilon': 3.367222252684984e-09, 'hidden_layer_sizes': 94, 'learning_rate_init': 0.08120066314840181, 'tol': 0.00061103286135509, 'validation_fraction': 0.271566614453781}
observation time 0.000062, current best 0.120453 at iter 22
suggestion time taken 0.016748 iter 23 next_points [{'alpha': 0.2136473861741366, 'batch_size': 222, 'beta_1': 0.5891732367755349, 'beta_2': 0.9119174670700654, 'epsilon': 7.501010504524803e-07, 'hidden_layer_sizes': 56, 'learning_rate_init': 0.00038341313572024926, 'tol': 1.0754699868956189e-05, 'validation_fraction': 0.4261113156264934}]
function_evaluation time 4.914777 value 0.176751 suggestion {'alpha': 0.2136473861741366, 'batch_size': 222, 'beta_1': 0.5891732367755349, 'beta_2': 0.9119174670700654, 'epsilon': 7.501010504524803e-07, 'hidden_layer_sizes': 56, 'learning_rate_init': 0.00038341313572024926, 'tol': 1.0754699868956189e-05, 'validation_fraction': 0.4261113156264934}
observation time 0.000029, current best 0.120453 at iter 23
suggestion time taken 0.007528 iter 24 next_points [{'alpha': 0.013340447375688892, 'batch_size': 244, 'beta_1': 0.7803154625665274, 'beta_2': 0.9229487812276345, 'epsilon': 1.244061130559853e-09, 'hidden_layer_sizes': 102, 'learning_rate_init': 0.007846392183633552, 'tol': 7.803794098832431e-05, 'validation_fraction': 0.32483472817834597}]
function_evaluation time 1.912427 value 0.157075 suggestion {'alpha': 0.013340447375688892, 'batch_size': 244, 'beta_1': 0.7803154625665274, 'beta_2': 0.9229487812276345, 'epsilon': 1.244061130559853e-09, 'hidden_layer_sizes': 102, 'learning_rate_init': 0.007846392183633552, 'tol': 7.803794098832431e-05, 'validation_fraction': 0.32483472817834597}
observation time 0.000067, current best 0.120453 at iter 24
suggestion time taken 0.008406 iter 25 next_points [{'alpha': 1.2439674593187443e-05, 'batch_size': 221, 'beta_1': 0.8907878348515446, 'beta_2': 0.9720514623183445, 'epsilon': 1.0894891032382211e-08, 'hidden_layer_sizes': 84, 'learning_rate_init': 6.926716289721522e-05, 'tol': 1.2778264318386587e-05, 'validation_fraction': 0.24558790183233875}]
function_evaluation time 4.449553 value 7.348242 suggestion {'alpha': 1.2439674593187443e-05, 'batch_size': 221, 'beta_1': 0.8907878348515446, 'beta_2': 0.9720514623183445, 'epsilon': 1.0894891032382211e-08, 'hidden_layer_sizes': 84, 'learning_rate_init': 6.926716289721522e-05, 'tol': 1.2778264318386587e-05, 'validation_fraction': 0.24558790183233875}
observation time 0.000030, current best 0.120453 at iter 25
suggestion time taken 0.006963 iter 26 next_points [{'alpha': 1.8897239403229547, 'batch_size': 169, 'beta_1': 0.8313449223380299, 'beta_2': 0.9051330386355488, 'epsilon': 4.003302944920893e-08, 'hidden_layer_sizes': 50, 'learning_rate_init': 0.015587372123019557, 'tol': 0.000612398462069972, 'validation_fraction': 0.16315357979994485}]
function_evaluation time 1.742564 value 0.133567 suggestion {'alpha': 1.8897239403229547, 'batch_size': 169, 'beta_1': 0.8313449223380299, 'beta_2': 0.9051330386355488, 'epsilon': 4.003302944920893e-08, 'hidden_layer_sizes': 50, 'learning_rate_init': 0.015587372123019557, 'tol': 0.000612398462069972, 'validation_fraction': 0.16315357979994485}
observation time 0.000028, current best 0.120453 at iter 26
suggestion time taken 0.014084 iter 27 next_points [{'alpha': 5.719394670146626e-05, 'batch_size': 248, 'beta_1': 0.5676845416173658, 'beta_2': 0.9337034140876633, 'epsilon': 1.6249962498281865e-07, 'hidden_layer_sizes': 65, 'learning_rate_init': 0.004260547057675076, 'tol': 3.214366423382777e-05, 'validation_fraction': 0.4000308043939868}]
function_evaluation time 1.393952 value 0.162336 suggestion {'alpha': 5.719394670146626e-05, 'batch_size': 248, 'beta_1': 0.5676845416173658, 'beta_2': 0.9337034140876633, 'epsilon': 1.6249962498281865e-07, 'hidden_layer_sizes': 65, 'learning_rate_init': 0.004260547057675076, 'tol': 3.214366423382777e-05, 'validation_fraction': 0.4000308043939868}
observation time 0.000029, current best 0.120453 at iter 27
suggestion time taken 0.015480 iter 28 next_points [{'alpha': 0.001051074675165653, 'batch_size': 93, 'beta_1': 0.647751757135438, 'beta_2': 0.9643264337762525, 'epsilon': 1.9889830043630394e-09, 'hidden_layer_sizes': 76, 'learning_rate_init': 0.04981970499010749, 'tol': 0.00014651062032499653, 'validation_fraction': 0.10244864438886396}]
function_evaluation time 2.325051 value 0.253389 suggestion {'alpha': 0.001051074675165653, 'batch_size': 93, 'beta_1': 0.647751757135438, 'beta_2': 0.9643264337762525, 'epsilon': 1.9889830043630394e-09, 'hidden_layer_sizes': 76, 'learning_rate_init': 0.04981970499010749, 'tol': 0.00014651062032499653, 'validation_fraction': 0.10244864438886396}
observation time 0.000030, current best 0.120453 at iter 28
suggestion time taken 0.010633 iter 29 next_points [{'alpha': 0.2043741578836862, 'batch_size': 166, 'beta_1': 0.851289809633309, 'beta_2': 0.9180989327541617, 'epsilon': 1.0329615333422705e-09, 'hidden_layer_sizes': 140, 'learning_rate_init': 0.0853016491344987, 'tol': 0.0006112574861125938, 'validation_fraction': 0.13085282205590051}]
function_evaluation time 2.575783 value 0.666360 suggestion {'alpha': 0.2043741578836862, 'batch_size': 166, 'beta_1': 0.851289809633309, 'beta_2': 0.9180989327541617, 'epsilon': 1.0329615333422705e-09, 'hidden_layer_sizes': 140, 'learning_rate_init': 0.0853016491344987, 'tol': 0.0006112574861125938, 'validation_fraction': 0.13085282205590051}
observation time 0.000030, current best 0.120453 at iter 29
suggestion time taken 0.007635 iter 30 next_points [{'alpha': 0.010242900188316618, 'batch_size': 211, 'beta_1': 0.7550042234944054, 'beta_2': 0.9257502822642532, 'epsilon': 5.393244928606017e-08, 'hidden_layer_sizes': 111, 'learning_rate_init': 0.0004895839658601926, 'tol': 0.00010415935114966165, 'validation_fraction': 0.1813337240970984}]
function_evaluation time 3.091723 value 0.114806 suggestion {'alpha': 0.010242900188316618, 'batch_size': 211, 'beta_1': 0.7550042234944054, 'beta_2': 0.9257502822642532, 'epsilon': 5.393244928606017e-08, 'hidden_layer_sizes': 111, 'learning_rate_init': 0.0004895839658601926, 'tol': 0.00010415935114966165, 'validation_fraction': 0.1813337240970984}
observation time 0.000061, current best 0.114806 at iter 30
suggestion time taken 0.008212 iter 31 next_points [{'alpha': 0.008809394912265775, 'batch_size': 207, 'beta_1': 0.9302053664733155, 'beta_2': 0.9290652490473833, 'epsilon': 6.796081918334834e-08, 'hidden_layer_sizes': 171, 'learning_rate_init': 0.000546938454256875, 'tol': 0.0001098853132655246, 'validation_fraction': 0.8985245133968273}]
/Users/ryedida/miniforge3/lib/python3.9/site-packages/sklearn/neural_network/_multilayer_perceptron.py:605: UserWarning: Got `batch_size` less than 1 or larger than sample size. It is going to be clipped
  warnings.warn(

function_evaluation time 3.425168 value 0.466558 suggestion {'alpha': 0.008809394912265775, 'batch_size': 207, 'beta_1': 0.9302053664733155, 'beta_2': 0.9290652490473833, 'epsilon': 6.796081918334834e-08, 'hidden_layer_sizes': 171, 'learning_rate_init': 0.000546938454256875, 'tol': 0.0001098853132655246, 'validation_fraction': 0.8985245133968273}
observation time 0.000032, current best 0.114806 at iter 31
suggestion time taken 0.007789 iter 32 next_points [{'alpha': 0.0072158979907725965, 'batch_size': 110, 'beta_1': 0.7627938222584607, 'beta_2': 0.9417242085996627, 'epsilon': 7.381744188674452e-08, 'hidden_layer_sizes': 111, 'learning_rate_init': 0.00011976022663683222, 'tol': 0.0004071281090206526, 'validation_fraction': 0.1810835215417016}]
function_evaluation time 6.516015 value 0.180786 suggestion {'alpha': 0.0072158979907725965, 'batch_size': 110, 'beta_1': 0.7627938222584607, 'beta_2': 0.9417242085996627, 'epsilon': 7.381744188674452e-08, 'hidden_layer_sizes': 111, 'learning_rate_init': 0.00011976022663683222, 'tol': 0.0004071281090206526, 'validation_fraction': 0.1810835215417016}
observation time 0.000034, current best 0.114806 at iter 32
suggestion time taken 0.007483 iter 33 next_points [{'alpha': 0.0007847007283586467, 'batch_size': 181, 'beta_1': 0.8101437047993126, 'beta_2': 0.9363011620723372, 'epsilon': 4.0109635197503426e-08, 'hidden_layer_sizes': 141, 'learning_rate_init': 0.00011770085578201023, 'tol': 0.0013467121514601631, 'validation_fraction': 0.1495148600769289}]
function_evaluation time 5.351532 value 0.265324 suggestion {'alpha': 0.0007847007283586467, 'batch_size': 181, 'beta_1': 0.8101437047993126, 'beta_2': 0.9363011620723372, 'epsilon': 4.0109635197503426e-08, 'hidden_layer_sizes': 141, 'learning_rate_init': 0.00011770085578201023, 'tol': 0.0013467121514601631, 'validation_fraction': 0.1495148600769289}
observation time 0.000064, current best 0.114806 at iter 33
suggestion time taken 0.015311 iter 34 next_points [{'alpha': 0.0023699985389952364, 'batch_size': 127, 'beta_1': 0.7388825048880286, 'beta_2': 0.9250771513967407, 'epsilon': 1.351286523408274e-08, 'hidden_layer_sizes': 120, 'learning_rate_init': 0.0007137513818492893, 'tol': 0.0009027790213700008, 'validation_fraction': 0.11376353263954686}]
function_evaluation time 3.543063 value 0.123744 suggestion {'alpha': 0.0023699985389952364, 'batch_size': 127, 'beta_1': 0.7388825048880286, 'beta_2': 0.9250771513967407, 'epsilon': 1.351286523408274e-08, 'hidden_layer_sizes': 120, 'learning_rate_init': 0.0007137513818492893, 'tol': 0.0009027790213700008, 'validation_fraction': 0.11376353263954686}
observation time 0.000034, current best 0.114806 at iter 34
suggestion time taken 0.008088 iter 35 next_points [{'alpha': 0.00022032731095563546, 'batch_size': 205, 'beta_1': 0.9669591736929081, 'beta_2': 0.9147075926732975, 'epsilon': 1.0945970044148424e-07, 'hidden_layer_sizes': 199, 'learning_rate_init': 7.139193851342782e-05, 'tol': 0.034041611055194744, 'validation_fraction': 0.14555024961693475}]
function_evaluation time 2.467838 value 1.953318 suggestion {'alpha': 0.00022032731095563546, 'batch_size': 205, 'beta_1': 0.9669591736929081, 'beta_2': 0.9147075926732975, 'epsilon': 1.0945970044148424e-07, 'hidden_layer_sizes': 199, 'learning_rate_init': 7.139193851342782e-05, 'tol': 0.034041611055194744, 'validation_fraction': 0.14555024961693475}
observation time 0.000077, current best 0.114806 at iter 35
suggestion time taken 0.011963 iter 36 next_points [{'alpha': 0.022905389454621332, 'batch_size': 231, 'beta_1': 0.9177859866729414, 'beta_2': 0.9531279005517583, 'epsilon': 2.6431060818552903e-08, 'hidden_layer_sizes': 127, 'learning_rate_init': 0.0052958448578070685, 'tol': 1.5753573200248615e-05, 'validation_fraction': 0.22162816801216814}]
function_evaluation time 1.983735 value 0.122053 suggestion {'alpha': 0.022905389454621332, 'batch_size': 231, 'beta_1': 0.9177859866729414, 'beta_2': 0.9531279005517583, 'epsilon': 2.6431060818552903e-08, 'hidden_layer_sizes': 127, 'learning_rate_init': 0.0052958448578070685, 'tol': 1.5753573200248615e-05, 'validation_fraction': 0.22162816801216814}
observation time 0.000071, current best 0.114806 at iter 36
suggestion time taken 0.011972 iter 37 next_points [{'alpha': 5.155100512133563e-05, 'batch_size': 91, 'beta_1': 0.8558142727785018, 'beta_2': 0.9737850973642074, 'epsilon': 5.359124509248718e-09, 'hidden_layer_sizes': 169, 'learning_rate_init': 0.0024878276163973643, 'tol': 0.0001411652493123796, 'validation_fraction': 0.18871399906369576}]
function_evaluation time 2.755540 value 0.118093 suggestion {'alpha': 5.155100512133563e-05, 'batch_size': 91, 'beta_1': 0.8558142727785018, 'beta_2': 0.9737850973642074, 'epsilon': 5.359124509248718e-09, 'hidden_layer_sizes': 169, 'learning_rate_init': 0.0024878276163973643, 'tol': 0.0001411652493123796, 'validation_fraction': 0.18871399906369576}
observation time 0.000071, current best 0.114806 at iter 37
suggestion time taken 0.012582 iter 38 next_points [{'alpha': 0.0050369961051497944, 'batch_size': 93, 'beta_1': 0.8583608749828308, 'beta_2': 0.9997994463572222, 'epsilon': 5.1494375351121295e-09, 'hidden_layer_sizes': 169, 'learning_rate_init': 0.00020045846022170508, 'tol': 0.00013077543046262368, 'validation_fraction': 0.2902048447950931}]
function_evaluation time 7.152447 value 0.176419 suggestion {'alpha': 0.0050369961051497944, 'batch_size': 93, 'beta_1': 0.8583608749828308, 'beta_2': 0.9997994463572222, 'epsilon': 5.1494375351121295e-09, 'hidden_layer_sizes': 169, 'learning_rate_init': 0.00020045846022170508, 'tol': 0.00013077543046262368, 'validation_fraction': 0.2902048447950931}
observation time 0.000034, current best 0.114806 at iter 38
suggestion time taken 0.015863 iter 39 next_points [{'alpha': 1.0341019010557685e-05, 'batch_size': 88, 'beta_1': 0.8043932330355138, 'beta_2': 0.9761047170592291, 'epsilon': 1.3026799127752426e-08, 'hidden_layer_sizes': 186, 'learning_rate_init': 0.0004446440784526768, 'tol': 2.5448902390982828e-05, 'validation_fraction': 0.4784258106501173}]
function_evaluation time 5.293264 value 0.146590 suggestion {'alpha': 1.0341019010557685e-05, 'batch_size': 88, 'beta_1': 0.8043932330355138, 'beta_2': 0.9761047170592291, 'epsilon': 1.3026799127752426e-08, 'hidden_layer_sizes': 186, 'learning_rate_init': 0.0004446440784526768, 'tol': 2.5448902390982828e-05, 'validation_fraction': 0.4784258106501173}
observation time 0.000033, current best 0.114806 at iter 39
suggestion time taken 0.009534 iter 40 next_points [{'alpha': 0.0005359277840955302, 'batch_size': 122, 'beta_1': 0.7290552883949127, 'beta_2': 0.9902308404275979, 'epsilon': 5.259556694013957e-08, 'hidden_layer_sizes': 174, 'learning_rate_init': 0.002007176872072063, 'tol': 5.8925171056350836e-05, 'validation_fraction': 0.1895018910414771}]
function_evaluation time 2.640762 value 0.094170 suggestion {'alpha': 0.0005359277840955302, 'batch_size': 122, 'beta_1': 0.7290552883949127, 'beta_2': 0.9902308404275979, 'epsilon': 5.259556694013957e-08, 'hidden_layer_sizes': 174, 'learning_rate_init': 0.002007176872072063, 'tol': 5.8925171056350836e-05, 'validation_fraction': 0.1895018910414771}
observation time 0.000031, current best 0.094170 at iter 40
suggestion time taken 0.015385 iter 41 next_points [{'alpha': 0.00039986661751891087, 'batch_size': 153, 'beta_1': 0.7343529512156199, 'beta_2': 0.9926282560504961, 'epsilon': 2.111209000247504e-07, 'hidden_layer_sizes': 152, 'learning_rate_init': 0.0008711134322925061, 'tol': 6.103800588862461e-05, 'validation_fraction': 0.23984577981991936}]
function_evaluation time 3.545386 value 0.163413 suggestion {'alpha': 0.00039986661751891087, 'batch_size': 153, 'beta_1': 0.7343529512156199, 'beta_2': 0.9926282560504961, 'epsilon': 2.111209000247504e-07, 'hidden_layer_sizes': 152, 'learning_rate_init': 0.0008711134322925061, 'tol': 6.103800588862461e-05, 'validation_fraction': 0.23984577981991936}
observation time 0.000033, current best 0.094170 at iter 41
suggestion time taken 0.007806 iter 42 next_points [{'alpha': 0.0020262402359543744, 'batch_size': 124, 'beta_1': 0.6675970695770288, 'beta_2': 0.9837509353189323, 'epsilon': 5.167113220863453e-07, 'hidden_layer_sizes': 178, 'learning_rate_init': 0.0003053095006222975, 'tol': 0.005245697533972247, 'validation_fraction': 0.1646382344555361}]
function_evaluation time 5.355008 value 0.120135 suggestion {'alpha': 0.0020262402359543744, 'batch_size': 124, 'beta_1': 0.6675970695770288, 'beta_2': 0.9837509353189323, 'epsilon': 5.167113220863453e-07, 'hidden_layer_sizes': 178, 'learning_rate_init': 0.0003053095006222975, 'tol': 0.005245697533972247, 'validation_fraction': 0.1646382344555361}
observation time 0.000067, current best 0.094170 at iter 42
suggestion time taken 0.017483 iter 43 next_points [{'alpha': 0.028109549624123334, 'batch_size': 70, 'beta_1': 0.7684375843234199, 'beta_2': 0.9071145082230483, 'epsilon': 5.0713253885113904e-08, 'hidden_layer_sizes': 143, 'learning_rate_init': 3.3031260275792356e-05, 'tol': 0.0003656382014126796, 'validation_fraction': 0.13231458997259105}]
function_evaluation time 11.029120 value 0.294340 suggestion {'alpha': 0.028109549624123334, 'batch_size': 70, 'beta_1': 0.7684375843234199, 'beta_2': 0.9071145082230483, 'epsilon': 5.0713253885113904e-08, 'hidden_layer_sizes': 143, 'learning_rate_init': 3.3031260275792356e-05, 'tol': 0.0003656382014126796, 'validation_fraction': 0.13231458997259105}
observation time 0.000034, current best 0.094170 at iter 43
suggestion time taken 0.008391 iter 44 next_points [{'alpha': 0.0006224378957384605, 'batch_size': 157, 'beta_1': 0.713202435818071, 'beta_2': 0.9926895241659099, 'epsilon': 9.016513305805444e-08, 'hidden_layer_sizes': 109, 'learning_rate_init': 0.002100543064980617, 'tol': 4.142051493468404e-05, 'validation_fraction': 0.3148964157802822}]
function_evaluation time 2.392069 value 0.183269 suggestion {'alpha': 0.0006224378957384605, 'batch_size': 157, 'beta_1': 0.713202435818071, 'beta_2': 0.9926895241659099, 'epsilon': 9.016513305805444e-08, 'hidden_layer_sizes': 109, 'learning_rate_init': 0.002100543064980617, 'tol': 4.142051493468404e-05, 'validation_fraction': 0.3148964157802822}
observation time 0.000035, current best 0.094170 at iter 44
saving meta data: {'args': {'--uuid': 'f5576e99e7115c8aa7f70fd26ec10167', '-db-root': '/Users/ryedida/Desktop/menzies/thesis/smoothness-hpo/smoothness-hpo/bbo_challenge_starter_kit/output', '--opt-root': '/Users/ryedida/Desktop/menzies/thesis/smoothness-hpo/smoothness-hpo/bbo_challenge_starter_kit/example_submissions', '--data-root': None, '--db': 'run_20230816_004012', '--opt': 'hyperopt', '--data': 'digits', '--classifier': 'MLP-adam', '--metric': 'nll', '--calls': 45, '--suggestions': 1, '--jobs-file': None, '--verbose': False, 'dry_run': False, 'rev': 'a376313', 'opt_rev': '0.2.7'}, 'signature': ([{'alpha': 0.019628224813442792, 'batch_size': 182, 'beta_1': 0.9410202200271762, 'beta_2': 0.9998021557676793, 'epsilon': 1.8662266976518e-08, 'hidden_layer_sizes': 147, 'learning_rate_init': 0.0005627932047415167, 'tol': 0.03690557729213761, 'validation_fraction': 0.8846827852548593}, {'alpha': 0.001998246739232944, 'batch_size': 200, 'beta_1': 0.919111482530466, 'beta_2': 0.9998488260436156, 'epsilon': 5.981221901152555e-07, 'hidden_layer_sizes': 61, 'learning_rate_init': 2.2310905607443014e-05, 'tol': 1.2046852412030316e-05, 'validation_fraction': 0.8117896445826539}, {'alpha': 0.46659545670218433, 'batch_size': 219, 'beta_1': 0.9889789783750891, 'beta_2': 0.9999896868093284, 'epsilon': 2.4234724484675948e-08, 'hidden_layer_sizes': 167, 'learning_rate_init': 2.972334644335654e-05, 'tol': 0.0036281404040243792, 'validation_fraction': 0.17260651658522078}, {'alpha': 4.656005689076002, 'batch_size': 135, 'beta_1': 0.870503881627747, 'beta_2': 0.9948873266941017, 'epsilon': 2.1023308743480125e-07, 'hidden_layer_sizes': 118, 'learning_rate_init': 0.001878173875716191, 'tol': 1.1889379831773006e-05, 'validation_fraction': 0.6264327093752792}, {'alpha': 0.04705159350400542, 'batch_size': 158, 'beta_1': 0.9870884262730957, 'beta_2': 0.9999596874382349, 'epsilon': 1.1981845126013875e-08, 'hidden_layer_sizes': 116, 'learning_rate_init': 0.006173405204074311, 'tol': 1.7414134181586194e-05, 'validation_fraction': 0.6754299026638921}], [4.8709522768835765, 9.712622772033225, 5.950791832993735, 0.19438427080405424, 0.25190216699945583])}
saving results
saving timing
saving suggest log
done
