running: {'--uuid': '8e6185ec2a1e54c2a01c4578863a66c6', '-db-root': '/Users/ryedida/Desktop/menzies/thesis/smoothness-hpo/smoothness-hpo/bbo_challenge_starter_kit/output', '--opt-root': '/Users/ryedida/Desktop/menzies/thesis/smoothness-hpo/smoothness-hpo/bbo_challenge_starter_kit/example_submissions', '--data-root': None, '--db': 'run_20230815_180041', '--opt': 'random-search', '--data': 'diabetes', '--classifier': 'MLP-adam', '--metric': 'mae', '--calls': 45, '--suggestions': 1, '--jobs-file': None, '--verbose': False, 'dry_run': False, 'rev': 'a376313', 'opt_rev': '0.0.8'}
cmd: python random-search/optimizer.py -c MLP-adam -d diabetes -o random-search -u 8e6185ec2a1e54c2a01c4578863a66c6 -m mae -n 45 -p 1 -dir /Users/ryedida/Desktop/menzies/thesis/smoothness-hpo/smoothness-hpo/bbo_challenge_starter_kit/output -b run_20230815_180041
/Users/ryedida/miniforge3/lib/python3.9/site-packages/sklearn/neural_network/_multilayer_perceptron.py:605: UserWarning: Got `batch_size` less than 1 or larger than sample size. It is going to be clipped
  warnings.warn(

/Users/ryedida/miniforge3/lib/python3.9/site-packages/sklearn/neural_network/_multilayer_perceptron.py:605: UserWarning: Got `batch_size` less than 1 or larger than sample size. It is going to be clipped
  warnings.warn(

/Users/ryedida/miniforge3/lib/python3.9/site-packages/sklearn/neural_network/_multilayer_perceptron.py:605: UserWarning: Got `batch_size` less than 1 or larger than sample size. It is going to be clipped
  warnings.warn(

/Users/ryedida/miniforge3/lib/python3.9/site-packages/sklearn/neural_network/_multilayer_perceptron.py:686: ConvergenceWarning: Stochastic Optimizer: Maximum iterations (200) reached and the optimization hasn't converged yet.
  warnings.warn(

/Users/ryedida/miniforge3/lib/python3.9/site-packages/sklearn/neural_network/_multilayer_perceptron.py:605: UserWarning: Got `batch_size` less than 1 or larger than sample size. It is going to be clipped
  warnings.warn(

/Users/ryedida/miniforge3/lib/python3.9/site-packages/sklearn/neural_network/_multilayer_perceptron.py:686: ConvergenceWarning: Stochastic Optimizer: Maximum iterations (200) reached and the optimization hasn't converged yet.
  warnings.warn(

computed signature: ([{'alpha': 0.019628224813442792, 'batch_size': 182, 'beta_1': 0.9410202200271762, 'beta_2': 0.9998021557676793, 'epsilon': 1.8662266976518e-08, 'hidden_layer_sizes': 147, 'learning_rate_init': 0.0005627932047415167, 'tol': 0.03690557729213761, 'validation_fraction': 0.8846827852548593}, {'alpha': 0.001998246739232944, 'batch_size': 200, 'beta_1': 0.919111482530466, 'beta_2': 0.9998488260436156, 'epsilon': 5.981221901152555e-07, 'hidden_layer_sizes': 61, 'learning_rate_init': 2.2310905607443014e-05, 'tol': 1.2046852412030316e-05, 'validation_fraction': 0.8117896445826539}, {'alpha': 0.46659545670218433, 'batch_size': 219, 'beta_1': 0.9889789783750891, 'beta_2': 0.9999896868093284, 'epsilon': 2.4234724484675948e-08, 'hidden_layer_sizes': 167, 'learning_rate_init': 2.972334644335654e-05, 'tol': 0.0036281404040243792, 'validation_fraction': 0.17260651658522078}, {'alpha': 4.656005689076002, 'batch_size': 135, 'beta_1': 0.870503881627747, 'beta_2': 0.9948873266941017, 'epsilon': 2.1023308743480125e-07, 'hidden_layer_sizes': 118, 'learning_rate_init': 0.001878173875716191, 'tol': 1.1889379831773006e-05, 'validation_fraction': 0.6264327093752792}, {'alpha': 0.04705159350400542, 'batch_size': 158, 'beta_1': 0.9870884262730957, 'beta_2': 0.9999596874382349, 'epsilon': 1.1981845126013875e-08, 'hidden_layer_sizes': 116, 'learning_rate_init': 0.006173405204074311, 'tol': 1.7414134181586194e-05, 'validation_fraction': 0.6754299026638921}], [151.4971925380264, 151.42763539278994, 151.47026299046811, 136.86202504264318, 75.2055865763391])
/Users/ryedida/miniforge3/lib/python3.9/site-packages/bayesmark/experiment.py:469: UserWarning: Baselines not found. Will not log intermediate scores.
  warnings.warn("Baselines not found. Will not log intermediate scores.")

starting sklearn study random-search MLP-adam diabetes mae 45 1
with data root: None
suggestion time taken 0.009168 iter 0 next_points [{'alpha': 0.0005495406022357701, 'batch_size': 61, 'beta_1': 0.9763281712316959, 'beta_2': 0.9999670996524267, 'epsilon': 5.334365343615038e-09, 'hidden_layer_sizes': 151, 'learning_rate_init': 3.0461439056714896e-05, 'tol': 1.733117968997303e-05, 'validation_fraction': 0.28371449311602986}]
/Users/ryedida/miniforge3/lib/python3.9/site-packages/sklearn/neural_network/_multilayer_perceptron.py:686: ConvergenceWarning: Stochastic Optimizer: Maximum iterations (200) reached and the optimization hasn't converged yet.
  warnings.warn(

function_evaluation time 1.858724 value 151.191691 suggestion {'alpha': 0.0005495406022357701, 'batch_size': 61, 'beta_1': 0.9763281712316959, 'beta_2': 0.9999670996524267, 'epsilon': 5.334365343615038e-09, 'hidden_layer_sizes': 151, 'learning_rate_init': 3.0461439056714896e-05, 'tol': 1.733117968997303e-05, 'validation_fraction': 0.28371449311602986}
observation time 0.000002, current best 151.191691 at iter 0
suggestion time taken 0.003584 iter 1 next_points [{'alpha': 0.20598344115380982, 'batch_size': 190, 'beta_1': 0.8543575610410411, 'beta_2': 0.9999396821078903, 'epsilon': 1.5541409284889292e-09, 'hidden_layer_sizes': 78, 'learning_rate_init': 0.09231111312015741, 'tol': 0.00015695574616807992, 'validation_fraction': 0.5072540209906302}]
/Users/ryedida/miniforge3/lib/python3.9/site-packages/sklearn/neural_network/_multilayer_perceptron.py:605: UserWarning: Got `batch_size` less than 1 or larger than sample size. It is going to be clipped
  warnings.warn(

function_evaluation time 0.249863 value 46.248370 suggestion {'alpha': 0.20598344115380982, 'batch_size': 190, 'beta_1': 0.8543575610410411, 'beta_2': 0.9999396821078903, 'epsilon': 1.5541409284889292e-09, 'hidden_layer_sizes': 78, 'learning_rate_init': 0.09231111312015741, 'tol': 0.00015695574616807992, 'validation_fraction': 0.5072540209906302}
observation time 0.000001, current best 46.248370 at iter 1
suggestion time taken 0.004918 iter 2 next_points [{'alpha': 8.952803650285181e-05, 'batch_size': 41, 'beta_1': 0.8623573161923159, 'beta_2': 0.9999839588065357, 'epsilon': 8.303776788849023e-08, 'hidden_layer_sizes': 197, 'learning_rate_init': 0.03885827084809251, 'tol': 0.0005634277558480113, 'validation_fraction': 0.7205251867194318}]
function_evaluation time 1.154211 value 44.971868 suggestion {'alpha': 8.952803650285181e-05, 'batch_size': 41, 'beta_1': 0.8623573161923159, 'beta_2': 0.9999839588065357, 'epsilon': 8.303776788849023e-08, 'hidden_layer_sizes': 197, 'learning_rate_init': 0.03885827084809251, 'tol': 0.0005634277558480113, 'validation_fraction': 0.7205251867194318}
observation time 0.000001, current best 44.971868 at iter 2
suggestion time taken 0.001796 iter 3 next_points [{'alpha': 0.010209268345168823, 'batch_size': 40, 'beta_1': 0.9705773127151041, 'beta_2': 0.9712142538287646, 'epsilon': 6.336495552485939e-07, 'hidden_layer_sizes': 117, 'learning_rate_init': 0.002872347918672016, 'tol': 0.02025014560787305, 'validation_fraction': 0.848107984111227}]
function_evaluation time 0.064189 value 150.767263 suggestion {'alpha': 0.010209268345168823, 'batch_size': 40, 'beta_1': 0.9705773127151041, 'beta_2': 0.9712142538287646, 'epsilon': 6.336495552485939e-07, 'hidden_layer_sizes': 117, 'learning_rate_init': 0.002872347918672016, 'tol': 0.02025014560787305, 'validation_fraction': 0.848107984111227}
observation time 0.000001, current best 44.971868 at iter 3
suggestion time taken 0.001780 iter 4 next_points [{'alpha': 0.0025506225312500685, 'batch_size': 97, 'beta_1': 0.9242124274580409, 'beta_2': 0.9999949307513982, 'epsilon': 5.659084666862646e-09, 'hidden_layer_sizes': 59, 'learning_rate_init': 4.017599755961185e-05, 'tol': 1.105163502709275e-05, 'validation_fraction': 0.6226083742319493}]
/Users/ryedida/miniforge3/lib/python3.9/site-packages/sklearn/neural_network/_multilayer_perceptron.py:686: ConvergenceWarning: Stochastic Optimizer: Maximum iterations (200) reached and the optimization hasn't converged yet.
  warnings.warn(

function_evaluation time 1.191887 value 151.549007 suggestion {'alpha': 0.0025506225312500685, 'batch_size': 97, 'beta_1': 0.9242124274580409, 'beta_2': 0.9999949307513982, 'epsilon': 5.659084666862646e-09, 'hidden_layer_sizes': 59, 'learning_rate_init': 4.017599755961185e-05, 'tol': 1.105163502709275e-05, 'validation_fraction': 0.6226083742319493}
observation time 0.000002, current best 44.971868 at iter 4
suggestion time taken 0.004802 iter 5 next_points [{'alpha': 0.7338964058878684, 'batch_size': 229, 'beta_1': 0.9875613605741721, 'beta_2': 0.9980116814031705, 'epsilon': 1.6529199017870522e-08, 'hidden_layer_sizes': 78, 'learning_rate_init': 0.09625208861635969, 'tol': 0.0001306728164500577, 'validation_fraction': 0.4790803125649723}]
/Users/ryedida/miniforge3/lib/python3.9/site-packages/sklearn/neural_network/_multilayer_perceptron.py:605: UserWarning: Got `batch_size` less than 1 or larger than sample size. It is going to be clipped
  warnings.warn(

function_evaluation time 0.181834 value 54.719835 suggestion {'alpha': 0.7338964058878684, 'batch_size': 229, 'beta_1': 0.9875613605741721, 'beta_2': 0.9980116814031705, 'epsilon': 1.6529199017870522e-08, 'hidden_layer_sizes': 78, 'learning_rate_init': 0.09625208861635969, 'tol': 0.0001306728164500577, 'validation_fraction': 0.4790803125649723}
observation time 0.000001, current best 44.971868 at iter 5
suggestion time taken 0.001799 iter 6 next_points [{'alpha': 4.628839738738294, 'batch_size': 96, 'beta_1': 0.8678879749164844, 'beta_2': 0.9999951576634456, 'epsilon': 4.814257730573649e-09, 'hidden_layer_sizes': 60, 'learning_rate_init': 0.007957981811311986, 'tol': 2.1007559338034173e-05, 'validation_fraction': 0.27614986523605384}]
/Users/ryedida/miniforge3/lib/python3.9/site-packages/sklearn/neural_network/_multilayer_perceptron.py:686: ConvergenceWarning: Stochastic Optimizer: Maximum iterations (200) reached and the optimization hasn't converged yet.
  warnings.warn(

function_evaluation time 0.655639 value 48.481626 suggestion {'alpha': 4.628839738738294, 'batch_size': 96, 'beta_1': 0.8678879749164844, 'beta_2': 0.9999951576634456, 'epsilon': 4.814257730573649e-09, 'hidden_layer_sizes': 60, 'learning_rate_init': 0.007957981811311986, 'tol': 2.1007559338034173e-05, 'validation_fraction': 0.27614986523605384}
observation time 0.000001, current best 44.971868 at iter 6
suggestion time taken 0.001695 iter 7 next_points [{'alpha': 0.0036373350594561794, 'batch_size': 112, 'beta_1': 0.9357149969625617, 'beta_2': 0.998231649708391, 'epsilon': 9.78872849767358e-07, 'hidden_layer_sizes': 158, 'learning_rate_init': 0.0004834061160849414, 'tol': 0.002246734742727224, 'validation_fraction': 0.3850182046143846}]
function_evaluation time 0.103603 value 151.327238 suggestion {'alpha': 0.0036373350594561794, 'batch_size': 112, 'beta_1': 0.9357149969625617, 'beta_2': 0.998231649708391, 'epsilon': 9.78872849767358e-07, 'hidden_layer_sizes': 158, 'learning_rate_init': 0.0004834061160849414, 'tol': 0.002246734742727224, 'validation_fraction': 0.3850182046143846}
observation time 0.000002, current best 44.971868 at iter 7
suggestion time taken 0.004651 iter 8 next_points [{'alpha': 3.522983263730779, 'batch_size': 113, 'beta_1': 0.8421010262327923, 'beta_2': 0.9999490673218189, 'epsilon': 6.62552870218848e-09, 'hidden_layer_sizes': 101, 'learning_rate_init': 0.00018469070276222043, 'tol': 1.3700741360235233e-05, 'validation_fraction': 0.8037814634667457}]
/Users/ryedida/miniforge3/lib/python3.9/site-packages/sklearn/neural_network/_multilayer_perceptron.py:605: UserWarning: Got `batch_size` less than 1 or larger than sample size. It is going to be clipped
  warnings.warn(

/Users/ryedida/miniforge3/lib/python3.9/site-packages/sklearn/neural_network/_multilayer_perceptron.py:686: ConvergenceWarning: Stochastic Optimizer: Maximum iterations (200) reached and the optimization hasn't converged yet.
  warnings.warn(

function_evaluation time 0.846521 value 150.967509 suggestion {'alpha': 3.522983263730779, 'batch_size': 113, 'beta_1': 0.8421010262327923, 'beta_2': 0.9999490673218189, 'epsilon': 6.62552870218848e-09, 'hidden_layer_sizes': 101, 'learning_rate_init': 0.00018469070276222043, 'tol': 1.3700741360235233e-05, 'validation_fraction': 0.8037814634667457}
observation time 0.000001, current best 44.971868 at iter 8
suggestion time taken 0.004146 iter 9 next_points [{'alpha': 3.5655155929708693, 'batch_size': 117, 'beta_1': 0.8199843441055845, 'beta_2': 0.9999877717876897, 'epsilon': 3.3039807634702035e-07, 'hidden_layer_sizes': 160, 'learning_rate_init': 0.0330857549462805, 'tol': 0.05336067681085922, 'validation_fraction': 0.5836907137588666}]
function_evaluation time 0.301434 value 52.065312 suggestion {'alpha': 3.5655155929708693, 'batch_size': 117, 'beta_1': 0.8199843441055845, 'beta_2': 0.9999877717876897, 'epsilon': 3.3039807634702035e-07, 'hidden_layer_sizes': 160, 'learning_rate_init': 0.0330857549462805, 'tol': 0.05336067681085922, 'validation_fraction': 0.5836907137588666}
observation time 0.000002, current best 44.971868 at iter 9
suggestion time taken 0.005094 iter 10 next_points [{'alpha': 0.0009476250096912944, 'batch_size': 165, 'beta_1': 0.9452927718605164, 'beta_2': 0.9999358440951176, 'epsilon': 2.328388359638613e-09, 'hidden_layer_sizes': 71, 'learning_rate_init': 2.303404570815904e-05, 'tol': 0.00038056586985499156, 'validation_fraction': 0.47733618990378623}]
function_evaluation time 0.057709 value 151.699986 suggestion {'alpha': 0.0009476250096912944, 'batch_size': 165, 'beta_1': 0.9452927718605164, 'beta_2': 0.9999358440951176, 'epsilon': 2.328388359638613e-09, 'hidden_layer_sizes': 71, 'learning_rate_init': 2.303404570815904e-05, 'tol': 0.00038056586985499156, 'validation_fraction': 0.47733618990378623}
observation time 0.000001, current best 44.971868 at iter 10
suggestion time taken 0.004075 iter 11 next_points [{'alpha': 0.00041182905077928735, 'batch_size': 125, 'beta_1': 0.6324530015794069, 'beta_2': 0.9999746479878392, 'epsilon': 1.139847742224421e-08, 'hidden_layer_sizes': 112, 'learning_rate_init': 0.005105544546972952, 'tol': 3.619639915310692e-05, 'validation_fraction': 0.8833475831516374}]
/Users/ryedida/miniforge3/lib/python3.9/site-packages/sklearn/neural_network/_multilayer_perceptron.py:605: UserWarning: Got `batch_size` less than 1 or larger than sample size. It is going to be clipped
  warnings.warn(

/Users/ryedida/miniforge3/lib/python3.9/site-packages/sklearn/neural_network/_multilayer_perceptron.py:686: ConvergenceWarning: Stochastic Optimizer: Maximum iterations (200) reached and the optimization hasn't converged yet.
  warnings.warn(

function_evaluation time 0.893182 value 63.553266 suggestion {'alpha': 0.00041182905077928735, 'batch_size': 125, 'beta_1': 0.6324530015794069, 'beta_2': 0.9999746479878392, 'epsilon': 1.139847742224421e-08, 'hidden_layer_sizes': 112, 'learning_rate_init': 0.005105544546972952, 'tol': 3.619639915310692e-05, 'validation_fraction': 0.8833475831516374}
observation time 0.000002, current best 44.971868 at iter 11
suggestion time taken 0.005428 iter 12 next_points [{'alpha': 0.2089511424694205, 'batch_size': 71, 'beta_1': 0.9500868777632716, 'beta_2': 0.9999324988569005, 'epsilon': 5.516502373142044e-07, 'hidden_layer_sizes': 120, 'learning_rate_init': 0.0008674686795212545, 'tol': 9.941222223090074e-05, 'validation_fraction': 0.7965623647851647}]
/Users/ryedida/miniforge3/lib/python3.9/site-packages/sklearn/neural_network/_multilayer_perceptron.py:686: ConvergenceWarning: Stochastic Optimizer: Maximum iterations (200) reached and the optimization hasn't converged yet.
  warnings.warn(

function_evaluation time 0.860164 value 148.298859 suggestion {'alpha': 0.2089511424694205, 'batch_size': 71, 'beta_1': 0.9500868777632716, 'beta_2': 0.9999324988569005, 'epsilon': 5.516502373142044e-07, 'hidden_layer_sizes': 120, 'learning_rate_init': 0.0008674686795212545, 'tol': 9.941222223090074e-05, 'validation_fraction': 0.7965623647851647}
observation time 0.000001, current best 44.971868 at iter 12
suggestion time taken 0.001814 iter 13 next_points [{'alpha': 0.0014364339309744759, 'batch_size': 246, 'beta_1': 0.9679636539806874, 'beta_2': 0.9991409836255449, 'epsilon': 4.539793922062591e-08, 'hidden_layer_sizes': 131, 'learning_rate_init': 0.004143199540020268, 'tol': 0.0016832342306155703, 'validation_fraction': 0.15799225620057084}]
function_evaluation time 1.459295 value 91.401629 suggestion {'alpha': 0.0014364339309744759, 'batch_size': 246, 'beta_1': 0.9679636539806874, 'beta_2': 0.9991409836255449, 'epsilon': 4.539793922062591e-08, 'hidden_layer_sizes': 131, 'learning_rate_init': 0.004143199540020268, 'tol': 0.0016832342306155703, 'validation_fraction': 0.15799225620057084}
observation time 0.000001, current best 44.971868 at iter 13
suggestion time taken 0.001806 iter 14 next_points [{'alpha': 9.189959768610155e-05, 'batch_size': 30, 'beta_1': 0.8589655622853426, 'beta_2': 0.992613601923989, 'epsilon': 7.164843455404389e-08, 'hidden_layer_sizes': 143, 'learning_rate_init': 0.005378825328339266, 'tol': 0.0006874005306062296, 'validation_fraction': 0.7555819507306859}]
/Users/ryedida/miniforge3/lib/python3.9/site-packages/sklearn/neural_network/_multilayer_perceptron.py:686: ConvergenceWarning: Stochastic Optimizer: Maximum iterations (200) reached and the optimization hasn't converged yet.
  warnings.warn(

function_evaluation time 1.379469 value 49.218010 suggestion {'alpha': 9.189959768610155e-05, 'batch_size': 30, 'beta_1': 0.8589655622853426, 'beta_2': 0.992613601923989, 'epsilon': 7.164843455404389e-08, 'hidden_layer_sizes': 143, 'learning_rate_init': 0.005378825328339266, 'tol': 0.0006874005306062296, 'validation_fraction': 0.7555819507306859}
observation time 0.000001, current best 44.971868 at iter 14
suggestion time taken 0.003001 iter 15 next_points [{'alpha': 3.804962878444144e-05, 'batch_size': 38, 'beta_1': 0.8872447998529639, 'beta_2': 0.9999949876710822, 'epsilon': 2.6849870108384024e-08, 'hidden_layer_sizes': 124, 'learning_rate_init': 0.06232888370580093, 'tol': 3.2699459014577595e-05, 'validation_fraction': 0.1353715687384127}]
function_evaluation time 0.298866 value 44.446540 suggestion {'alpha': 3.804962878444144e-05, 'batch_size': 38, 'beta_1': 0.8872447998529639, 'beta_2': 0.9999949876710822, 'epsilon': 2.6849870108384024e-08, 'hidden_layer_sizes': 124, 'learning_rate_init': 0.06232888370580093, 'tol': 3.2699459014577595e-05, 'validation_fraction': 0.1353715687384127}
observation time 0.000002, current best 44.446540 at iter 15
suggestion time taken 0.006772 iter 16 next_points [{'alpha': 0.0122669586932003, 'batch_size': 150, 'beta_1': 0.9584067743363127, 'beta_2': 0.9960215048897548, 'epsilon': 2.9563255579965077e-08, 'hidden_layer_sizes': 141, 'learning_rate_init': 1.8257509446719356e-05, 'tol': 0.00011645457923534855, 'validation_fraction': 0.8415918105206047}]
/Users/ryedida/miniforge3/lib/python3.9/site-packages/sklearn/neural_network/_multilayer_perceptron.py:605: UserWarning: Got `batch_size` less than 1 or larger than sample size. It is going to be clipped
  warnings.warn(

function_evaluation time 0.055183 value 151.562810 suggestion {'alpha': 0.0122669586932003, 'batch_size': 150, 'beta_1': 0.9584067743363127, 'beta_2': 0.9960215048897548, 'epsilon': 2.9563255579965077e-08, 'hidden_layer_sizes': 141, 'learning_rate_init': 1.8257509446719356e-05, 'tol': 0.00011645457923534855, 'validation_fraction': 0.8415918105206047}
observation time 0.000000, current best 44.446540 at iter 16
suggestion time taken 0.001637 iter 17 next_points [{'alpha': 0.02236395846534101, 'batch_size': 47, 'beta_1': 0.5443589481630777, 'beta_2': 0.9999969050175762, 'epsilon': 2.837906080608377e-07, 'hidden_layer_sizes': 125, 'learning_rate_init': 0.0002095665476104202, 'tol': 1.0474499000451462e-05, 'validation_fraction': 0.4455895915186653}]
/Users/ryedida/miniforge3/lib/python3.9/site-packages/sklearn/neural_network/_multilayer_perceptron.py:686: ConvergenceWarning: Stochastic Optimizer: Maximum iterations (200) reached and the optimization hasn't converged yet.
  warnings.warn(

function_evaluation time 1.531985 value 146.708593 suggestion {'alpha': 0.02236395846534101, 'batch_size': 47, 'beta_1': 0.5443589481630777, 'beta_2': 0.9999969050175762, 'epsilon': 2.837906080608377e-07, 'hidden_layer_sizes': 125, 'learning_rate_init': 0.0002095665476104202, 'tol': 1.0474499000451462e-05, 'validation_fraction': 0.4455895915186653}
observation time 0.000002, current best 44.446540 at iter 17
suggestion time taken 0.002009 iter 18 next_points [{'alpha': 0.00035164801919989697, 'batch_size': 84, 'beta_1': 0.8545428698285997, 'beta_2': 0.9999827757423317, 'epsilon': 3.3175522205077205e-09, 'hidden_layer_sizes': 165, 'learning_rate_init': 6.0926696782424e-05, 'tol': 0.00035045904301047253, 'validation_fraction': 0.3754870301030157}]
function_evaluation time 0.135850 value 151.451804 suggestion {'alpha': 0.00035164801919989697, 'batch_size': 84, 'beta_1': 0.8545428698285997, 'beta_2': 0.9999827757423317, 'epsilon': 3.3175522205077205e-09, 'hidden_layer_sizes': 165, 'learning_rate_init': 6.0926696782424e-05, 'tol': 0.00035045904301047253, 'validation_fraction': 0.3754870301030157}
observation time 0.000001, current best 44.446540 at iter 18
suggestion time taken 0.004909 iter 19 next_points [{'alpha': 0.00033228366016406513, 'batch_size': 231, 'beta_1': 0.9681661118618887, 'beta_2': 0.9987003769515473, 'epsilon': 1.360783801644008e-07, 'hidden_layer_sizes': 89, 'learning_rate_init': 3.542196275219876e-05, 'tol': 0.0017220198180096288, 'validation_fraction': 0.5701642207477303}]
/Users/ryedida/miniforge3/lib/python3.9/site-packages/sklearn/neural_network/_multilayer_perceptron.py:605: UserWarning: Got `batch_size` less than 1 or larger than sample size. It is going to be clipped
  warnings.warn(

function_evaluation time 0.062313 value 151.591462 suggestion {'alpha': 0.00033228366016406513, 'batch_size': 231, 'beta_1': 0.9681661118618887, 'beta_2': 0.9987003769515473, 'epsilon': 1.360783801644008e-07, 'hidden_layer_sizes': 89, 'learning_rate_init': 3.542196275219876e-05, 'tol': 0.0017220198180096288, 'validation_fraction': 0.5701642207477303}
observation time 0.000000, current best 44.446540 at iter 19
suggestion time taken 0.001604 iter 20 next_points [{'alpha': 0.011998915473407812, 'batch_size': 236, 'beta_1': 0.5835979131082879, 'beta_2': 0.9980995282386966, 'epsilon': 2.355283588775084e-09, 'hidden_layer_sizes': 161, 'learning_rate_init': 0.018813756771844707, 'tol': 0.0003334197867774185, 'validation_fraction': 0.4195023045648578}]
/Users/ryedida/miniforge3/lib/python3.9/site-packages/sklearn/neural_network/_multilayer_perceptron.py:605: UserWarning: Got `batch_size` less than 1 or larger than sample size. It is going to be clipped
  warnings.warn(

function_evaluation time 1.120484 value 45.498067 suggestion {'alpha': 0.011998915473407812, 'batch_size': 236, 'beta_1': 0.5835979131082879, 'beta_2': 0.9980995282386966, 'epsilon': 2.355283588775084e-09, 'hidden_layer_sizes': 161, 'learning_rate_init': 0.018813756771844707, 'tol': 0.0003334197867774185, 'validation_fraction': 0.4195023045648578}
observation time 0.000001, current best 44.446540 at iter 20
suggestion time taken 0.003101 iter 21 next_points [{'alpha': 0.0012548756655144917, 'batch_size': 155, 'beta_1': 0.9032711429906958, 'beta_2': 0.999951765831839, 'epsilon': 8.02450482986369e-07, 'hidden_layer_sizes': 165, 'learning_rate_init': 1.0274247731621509e-05, 'tol': 0.023443790035574487, 'validation_fraction': 0.2592843449525599}]
function_evaluation time 0.113440 value 151.625555 suggestion {'alpha': 0.0012548756655144917, 'batch_size': 155, 'beta_1': 0.9032711429906958, 'beta_2': 0.999951765831839, 'epsilon': 8.02450482986369e-07, 'hidden_layer_sizes': 165, 'learning_rate_init': 1.0274247731621509e-05, 'tol': 0.023443790035574487, 'validation_fraction': 0.2592843449525599}
observation time 0.000002, current best 44.446540 at iter 21
suggestion time taken 0.005705 iter 22 next_points [{'alpha': 0.03362468992372008, 'batch_size': 73, 'beta_1': 0.890475279510929, 'beta_2': 0.9999743582102418, 'epsilon': 1.1451223275618432e-07, 'hidden_layer_sizes': 116, 'learning_rate_init': 0.00025391661589231504, 'tol': 0.061141915025706345, 'validation_fraction': 0.13925115878303485}]
function_evaluation time 0.085630 value 151.444095 suggestion {'alpha': 0.03362468992372008, 'batch_size': 73, 'beta_1': 0.890475279510929, 'beta_2': 0.9999743582102418, 'epsilon': 1.1451223275618432e-07, 'hidden_layer_sizes': 116, 'learning_rate_init': 0.00025391661589231504, 'tol': 0.061141915025706345, 'validation_fraction': 0.13925115878303485}
observation time 0.000002, current best 44.446540 at iter 22
suggestion time taken 0.004945 iter 23 next_points [{'alpha': 0.00020911391735880088, 'batch_size': 198, 'beta_1': 0.7935434847298777, 'beta_2': 0.9995506666969248, 'epsilon': 4.912968089956196e-09, 'hidden_layer_sizes': 198, 'learning_rate_init': 1.5168483082365283e-05, 'tol': 0.04279778540248766, 'validation_fraction': 0.7308135090367246}]
/Users/ryedida/miniforge3/lib/python3.9/site-packages/sklearn/neural_network/_multilayer_perceptron.py:605: UserWarning: Got `batch_size` less than 1 or larger than sample size. It is going to be clipped
  warnings.warn(

function_evaluation time 0.162491 value 151.505671 suggestion {'alpha': 0.00020911391735880088, 'batch_size': 198, 'beta_1': 0.7935434847298777, 'beta_2': 0.9995506666969248, 'epsilon': 4.912968089956196e-09, 'hidden_layer_sizes': 198, 'learning_rate_init': 1.5168483082365283e-05, 'tol': 0.04279778540248766, 'validation_fraction': 0.7308135090367246}
observation time 0.000001, current best 44.446540 at iter 23
suggestion time taken 0.004696 iter 24 next_points [{'alpha': 7.678660511935437, 'batch_size': 213, 'beta_1': 0.6638925290592449, 'beta_2': 0.9999968664498892, 'epsilon': 2.8578541792121175e-09, 'hidden_layer_sizes': 150, 'learning_rate_init': 0.00032334616061480815, 'tol': 0.00020389565924490552, 'validation_fraction': 0.5108043387220557}]
/Users/ryedida/miniforge3/lib/python3.9/site-packages/sklearn/neural_network/_multilayer_perceptron.py:605: UserWarning: Got `batch_size` less than 1 or larger than sample size. It is going to be clipped
  warnings.warn(

/Users/ryedida/miniforge3/lib/python3.9/site-packages/sklearn/neural_network/_multilayer_perceptron.py:686: ConvergenceWarning: Stochastic Optimizer: Maximum iterations (200) reached and the optimization hasn't converged yet.
  warnings.warn(

function_evaluation time 1.209226 value 150.290058 suggestion {'alpha': 7.678660511935437, 'batch_size': 213, 'beta_1': 0.6638925290592449, 'beta_2': 0.9999968664498892, 'epsilon': 2.8578541792121175e-09, 'hidden_layer_sizes': 150, 'learning_rate_init': 0.00032334616061480815, 'tol': 0.00020389565924490552, 'validation_fraction': 0.5108043387220557}
observation time 0.000000, current best 44.446540 at iter 24
suggestion time taken 0.003907 iter 25 next_points [{'alpha': 2.7135357241455243e-05, 'batch_size': 110, 'beta_1': 0.8393592035132712, 'beta_2': 0.9999421891007265, 'epsilon': 8.79135060483558e-09, 'hidden_layer_sizes': 188, 'learning_rate_init': 0.008780243111336482, 'tol': 8.985586492880966e-05, 'validation_fraction': 0.8629320829839242}]
/Users/ryedida/miniforge3/lib/python3.9/site-packages/sklearn/neural_network/_multilayer_perceptron.py:605: UserWarning: Got `batch_size` less than 1 or larger than sample size. It is going to be clipped
  warnings.warn(

/Users/ryedida/miniforge3/lib/python3.9/site-packages/sklearn/neural_network/_multilayer_perceptron.py:686: ConvergenceWarning: Stochastic Optimizer: Maximum iterations (200) reached and the optimization hasn't converged yet.
  warnings.warn(

function_evaluation time 0.925829 value 50.350752 suggestion {'alpha': 2.7135357241455243e-05, 'batch_size': 110, 'beta_1': 0.8393592035132712, 'beta_2': 0.9999421891007265, 'epsilon': 8.79135060483558e-09, 'hidden_layer_sizes': 188, 'learning_rate_init': 0.008780243111336482, 'tol': 8.985586492880966e-05, 'validation_fraction': 0.8629320829839242}
observation time 0.000002, current best 44.446540 at iter 25
suggestion time taken 0.003263 iter 26 next_points [{'alpha': 1.8373037518626998e-05, 'batch_size': 111, 'beta_1': 0.9772919866283282, 'beta_2': 0.9946920100122685, 'epsilon': 8.795680024462049e-09, 'hidden_layer_sizes': 79, 'learning_rate_init': 0.0009968577357800609, 'tol': 0.026052561399147283, 'validation_fraction': 0.8301564124527037}]
/Users/ryedida/miniforge3/lib/python3.9/site-packages/sklearn/neural_network/_multilayer_perceptron.py:605: UserWarning: Got `batch_size` less than 1 or larger than sample size. It is going to be clipped
  warnings.warn(

function_evaluation time 0.044926 value 151.476974 suggestion {'alpha': 1.8373037518626998e-05, 'batch_size': 111, 'beta_1': 0.9772919866283282, 'beta_2': 0.9946920100122685, 'epsilon': 8.795680024462049e-09, 'hidden_layer_sizes': 79, 'learning_rate_init': 0.0009968577357800609, 'tol': 0.026052561399147283, 'validation_fraction': 0.8301564124527037}
observation time 0.000002, current best 44.446540 at iter 26
suggestion time taken 0.002242 iter 27 next_points [{'alpha': 0.0007025082576103565, 'batch_size': 218, 'beta_1': 0.9778911789138583, 'beta_2': 0.9814546146083339, 'epsilon': 1.0097635831568605e-07, 'hidden_layer_sizes': 94, 'learning_rate_init': 2.5416572929218667e-05, 'tol': 0.006277288691844084, 'validation_fraction': 0.7962336918595431}]
/Users/ryedida/miniforge3/lib/python3.9/site-packages/sklearn/neural_network/_multilayer_perceptron.py:605: UserWarning: Got `batch_size` less than 1 or larger than sample size. It is going to be clipped
  warnings.warn(

function_evaluation time 0.054697 value 151.519419 suggestion {'alpha': 0.0007025082576103565, 'batch_size': 218, 'beta_1': 0.9778911789138583, 'beta_2': 0.9814546146083339, 'epsilon': 1.0097635831568605e-07, 'hidden_layer_sizes': 94, 'learning_rate_init': 2.5416572929218667e-05, 'tol': 0.006277288691844084, 'validation_fraction': 0.7962336918595431}
observation time 0.000002, current best 44.446540 at iter 27
suggestion time taken 0.002116 iter 28 next_points [{'alpha': 0.08381506693788585, 'batch_size': 240, 'beta_1': 0.6971828269350616, 'beta_2': 0.9999925444215788, 'epsilon': 1.1819185094906398e-08, 'hidden_layer_sizes': 99, 'learning_rate_init': 1.7338320220763333e-05, 'tol': 0.0012783582753799919, 'validation_fraction': 0.35442357375320654}]
/Users/ryedida/miniforge3/lib/python3.9/site-packages/sklearn/neural_network/_multilayer_perceptron.py:605: UserWarning: Got `batch_size` less than 1 or larger than sample size. It is going to be clipped
  warnings.warn(

function_evaluation time 0.059700 value 151.638510 suggestion {'alpha': 0.08381506693788585, 'batch_size': 240, 'beta_1': 0.6971828269350616, 'beta_2': 0.9999925444215788, 'epsilon': 1.1819185094906398e-08, 'hidden_layer_sizes': 99, 'learning_rate_init': 1.7338320220763333e-05, 'tol': 0.0012783582753799919, 'validation_fraction': 0.35442357375320654}
observation time 0.000002, current best 44.446540 at iter 28
suggestion time taken 0.005063 iter 29 next_points [{'alpha': 0.0005471915501223184, 'batch_size': 86, 'beta_1': 0.6434099334278297, 'beta_2': 0.9999896875827919, 'epsilon': 4.0435222078933306e-07, 'hidden_layer_sizes': 132, 'learning_rate_init': 0.00015002834960430023, 'tol': 0.0002869243785212985, 'validation_fraction': 0.2170651089301315}]
/Users/ryedida/miniforge3/lib/python3.9/site-packages/sklearn/neural_network/_multilayer_perceptron.py:686: ConvergenceWarning: Stochastic Optimizer: Maximum iterations (200) reached and the optimization hasn't converged yet.
  warnings.warn(

function_evaluation time 1.715059 value 149.583679 suggestion {'alpha': 0.0005471915501223184, 'batch_size': 86, 'beta_1': 0.6434099334278297, 'beta_2': 0.9999896875827919, 'epsilon': 4.0435222078933306e-07, 'hidden_layer_sizes': 132, 'learning_rate_init': 0.00015002834960430023, 'tol': 0.0002869243785212985, 'validation_fraction': 0.2170651089301315}
observation time 0.000001, current best 44.446540 at iter 29
suggestion time taken 0.001800 iter 30 next_points [{'alpha': 0.9527811621787171, 'batch_size': 15, 'beta_1': 0.5593412476771905, 'beta_2': 0.9994664474997638, 'epsilon': 1.5668476203859777e-09, 'hidden_layer_sizes': 115, 'learning_rate_init': 1.5682252263396878e-05, 'tol': 0.0005996099577927325, 'validation_fraction': 0.7814042619887349}]
function_evaluation time 0.101932 value 151.621522 suggestion {'alpha': 0.9527811621787171, 'batch_size': 15, 'beta_1': 0.5593412476771905, 'beta_2': 0.9994664474997638, 'epsilon': 1.5668476203859777e-09, 'hidden_layer_sizes': 115, 'learning_rate_init': 1.5682252263396878e-05, 'tol': 0.0005996099577927325, 'validation_fraction': 0.7814042619887349}
observation time 0.000000, current best 44.446540 at iter 30
suggestion time taken 0.001771 iter 31 next_points [{'alpha': 0.864924479693592, 'batch_size': 173, 'beta_1': 0.9517882504436317, 'beta_2': 0.9999983748559723, 'epsilon': 2.9743179825682917e-07, 'hidden_layer_sizes': 132, 'learning_rate_init': 0.09515975906342072, 'tol': 0.00011486729081562608, 'validation_fraction': 0.7431400788909159}]
/Users/ryedida/miniforge3/lib/python3.9/site-packages/sklearn/neural_network/_multilayer_perceptron.py:605: UserWarning: Got `batch_size` less than 1 or larger than sample size. It is going to be clipped
  warnings.warn(

function_evaluation time 0.140561 value 53.841138 suggestion {'alpha': 0.864924479693592, 'batch_size': 173, 'beta_1': 0.9517882504436317, 'beta_2': 0.9999983748559723, 'epsilon': 2.9743179825682917e-07, 'hidden_layer_sizes': 132, 'learning_rate_init': 0.09515975906342072, 'tol': 0.00011486729081562608, 'validation_fraction': 0.7431400788909159}
observation time 0.000002, current best 44.446540 at iter 31
suggestion time taken 0.004701 iter 32 next_points [{'alpha': 0.2237687085876448, 'batch_size': 139, 'beta_1': 0.9787425089513218, 'beta_2': 0.9561267243041984, 'epsilon': 1.5370505404825796e-09, 'hidden_layer_sizes': 151, 'learning_rate_init': 2.3626634452418483e-05, 'tol': 4.6739846402151e-05, 'validation_fraction': 0.5931224439410392}]
function_evaluation time 0.068879 value 151.637590 suggestion {'alpha': 0.2237687085876448, 'batch_size': 139, 'beta_1': 0.9787425089513218, 'beta_2': 0.9561267243041984, 'epsilon': 1.5370505404825796e-09, 'hidden_layer_sizes': 151, 'learning_rate_init': 2.3626634452418483e-05, 'tol': 4.6739846402151e-05, 'validation_fraction': 0.5931224439410392}
observation time 0.000002, current best 44.446540 at iter 32
suggestion time taken 0.001632 iter 33 next_points [{'alpha': 1.9703823889229493, 'batch_size': 65, 'beta_1': 0.7541221673759625, 'beta_2': 0.9928893249332632, 'epsilon': 2.028397173700456e-07, 'hidden_layer_sizes': 54, 'learning_rate_init': 0.03934332918856223, 'tol': 0.0018639503483636364, 'validation_fraction': 0.227629300734288}]
function_evaluation time 0.338176 value 44.601871 suggestion {'alpha': 1.9703823889229493, 'batch_size': 65, 'beta_1': 0.7541221673759625, 'beta_2': 0.9928893249332632, 'epsilon': 2.028397173700456e-07, 'hidden_layer_sizes': 54, 'learning_rate_init': 0.03934332918856223, 'tol': 0.0018639503483636364, 'validation_fraction': 0.227629300734288}
observation time 0.000001, current best 44.446540 at iter 33
suggestion time taken 0.001493 iter 34 next_points [{'alpha': 2.3915672495819415e-05, 'batch_size': 219, 'beta_1': 0.9413323888734455, 'beta_2': 0.9992231720627646, 'epsilon': 4.393610572396333e-09, 'hidden_layer_sizes': 173, 'learning_rate_init': 0.000712559064179145, 'tol': 8.118428490401305e-05, 'validation_fraction': 0.26990088538842305}]
/Users/ryedida/miniforge3/lib/python3.9/site-packages/sklearn/neural_network/_multilayer_perceptron.py:686: ConvergenceWarning: Stochastic Optimizer: Maximum iterations (200) reached and the optimization hasn't converged yet.
  warnings.warn(

function_evaluation time 1.588541 value 147.650775 suggestion {'alpha': 2.3915672495819415e-05, 'batch_size': 219, 'beta_1': 0.9413323888734455, 'beta_2': 0.9992231720627646, 'epsilon': 4.393610572396333e-09, 'hidden_layer_sizes': 173, 'learning_rate_init': 0.000712559064179145, 'tol': 8.118428490401305e-05, 'validation_fraction': 0.26990088538842305}
observation time 0.000001, current best 44.446540 at iter 34
suggestion time taken 0.002470 iter 35 next_points [{'alpha': 3.8968188961573467, 'batch_size': 55, 'beta_1': 0.6203375941782608, 'beta_2': 0.9343489403743243, 'epsilon': 3.025596539234417e-07, 'hidden_layer_sizes': 88, 'learning_rate_init': 6.01102333747168e-05, 'tol': 0.00019846532606154893, 'validation_fraction': 0.7780281584125022}]
function_evaluation time 0.070827 value 151.615200 suggestion {'alpha': 3.8968188961573467, 'batch_size': 55, 'beta_1': 0.6203375941782608, 'beta_2': 0.9343489403743243, 'epsilon': 3.025596539234417e-07, 'hidden_layer_sizes': 88, 'learning_rate_init': 6.01102333747168e-05, 'tol': 0.00019846532606154893, 'validation_fraction': 0.7780281584125022}
observation time 0.000000, current best 44.446540 at iter 35
suggestion time taken 0.001776 iter 36 next_points [{'alpha': 0.01611082785125173, 'batch_size': 240, 'beta_1': 0.7870406764218285, 'beta_2': 0.9119385633779064, 'epsilon': 3.739638301951391e-07, 'hidden_layer_sizes': 171, 'learning_rate_init': 1.0337807206430005e-05, 'tol': 9.966778008972374e-05, 'validation_fraction': 0.8057264324948806}]
/Users/ryedida/miniforge3/lib/python3.9/site-packages/sklearn/neural_network/_multilayer_perceptron.py:605: UserWarning: Got `batch_size` less than 1 or larger than sample size. It is going to be clipped
  warnings.warn(

function_evaluation time 0.089367 value 151.671366 suggestion {'alpha': 0.01611082785125173, 'batch_size': 240, 'beta_1': 0.7870406764218285, 'beta_2': 0.9119385633779064, 'epsilon': 3.739638301951391e-07, 'hidden_layer_sizes': 171, 'learning_rate_init': 1.0337807206430005e-05, 'tol': 9.966778008972374e-05, 'validation_fraction': 0.8057264324948806}
observation time 0.000000, current best 44.446540 at iter 36
suggestion time taken 0.001781 iter 37 next_points [{'alpha': 0.001464510876277956, 'batch_size': 78, 'beta_1': 0.7530336124327504, 'beta_2': 0.9999709628218609, 'epsilon': 5.1630035482282155e-09, 'hidden_layer_sizes': 123, 'learning_rate_init': 0.06297442703310792, 'tol': 0.07185901631354746, 'validation_fraction': 0.22606926871792263}]
function_evaluation time 0.159626 value 45.944661 suggestion {'alpha': 0.001464510876277956, 'batch_size': 78, 'beta_1': 0.7530336124327504, 'beta_2': 0.9999709628218609, 'epsilon': 5.1630035482282155e-09, 'hidden_layer_sizes': 123, 'learning_rate_init': 0.06297442703310792, 'tol': 0.07185901631354746, 'validation_fraction': 0.22606926871792263}
observation time 0.000001, current best 44.446540 at iter 37
suggestion time taken 0.001775 iter 38 next_points [{'alpha': 1.4464061832071636e-05, 'batch_size': 33, 'beta_1': 0.9868531664306495, 'beta_2': 0.9995686930712842, 'epsilon': 8.952749408251814e-09, 'hidden_layer_sizes': 117, 'learning_rate_init': 0.008438436623743805, 'tol': 0.0010215615607437724, 'validation_fraction': 0.23562090388470694}]
function_evaluation time 0.509879 value 56.186657 suggestion {'alpha': 1.4464061832071636e-05, 'batch_size': 33, 'beta_1': 0.9868531664306495, 'beta_2': 0.9995686930712842, 'epsilon': 8.952749408251814e-09, 'hidden_layer_sizes': 117, 'learning_rate_init': 0.008438436623743805, 'tol': 0.0010215615607437724, 'validation_fraction': 0.23562090388470694}
observation time 0.000001, current best 44.446540 at iter 38
suggestion time taken 0.001773 iter 39 next_points [{'alpha': 0.0016296889308195458, 'batch_size': 212, 'beta_1': 0.9768091554017269, 'beta_2': 0.9999528677289097, 'epsilon': 6.532455641839162e-07, 'hidden_layer_sizes': 181, 'learning_rate_init': 0.0005785191773421468, 'tol': 1.0995281426296545e-05, 'validation_fraction': 0.6310123819538792}]
/Users/ryedida/miniforge3/lib/python3.9/site-packages/sklearn/neural_network/_multilayer_perceptron.py:605: UserWarning: Got `batch_size` less than 1 or larger than sample size. It is going to be clipped
  warnings.warn(

/Users/ryedida/miniforge3/lib/python3.9/site-packages/sklearn/neural_network/_multilayer_perceptron.py:686: ConvergenceWarning: Stochastic Optimizer: Maximum iterations (200) reached and the optimization hasn't converged yet.
  warnings.warn(

function_evaluation time 1.303230 value 149.029178 suggestion {'alpha': 0.0016296889308195458, 'batch_size': 212, 'beta_1': 0.9768091554017269, 'beta_2': 0.9999528677289097, 'epsilon': 6.532455641839162e-07, 'hidden_layer_sizes': 181, 'learning_rate_init': 0.0005785191773421468, 'tol': 1.0995281426296545e-05, 'validation_fraction': 0.6310123819538792}
observation time 0.000001, current best 44.446540 at iter 39
suggestion time taken 0.002445 iter 40 next_points [{'alpha': 0.12212795685060983, 'batch_size': 112, 'beta_1': 0.9095842758058394, 'beta_2': 0.9362104689659646, 'epsilon': 2.5072176919789537e-09, 'hidden_layer_sizes': 63, 'learning_rate_init': 0.0008660409752061079, 'tol': 0.00033704651495434904, 'validation_fraction': 0.49616021463048293}]
/Users/ryedida/miniforge3/lib/python3.9/site-packages/sklearn/neural_network/_multilayer_perceptron.py:686: ConvergenceWarning: Stochastic Optimizer: Maximum iterations (200) reached and the optimization hasn't converged yet.
  warnings.warn(

function_evaluation time 0.659817 value 146.536328 suggestion {'alpha': 0.12212795685060983, 'batch_size': 112, 'beta_1': 0.9095842758058394, 'beta_2': 0.9362104689659646, 'epsilon': 2.5072176919789537e-09, 'hidden_layer_sizes': 63, 'learning_rate_init': 0.0008660409752061079, 'tol': 0.00033704651495434904, 'validation_fraction': 0.49616021463048293}
observation time 0.000001, current best 44.446540 at iter 40
suggestion time taken 0.001631 iter 41 next_points [{'alpha': 0.486439841662013, 'batch_size': 241, 'beta_1': 0.9771607652235079, 'beta_2': 0.9607445404665245, 'epsilon': 6.07559076390275e-08, 'hidden_layer_sizes': 176, 'learning_rate_init': 0.0005612936925926098, 'tol': 0.040928935008629014, 'validation_fraction': 0.356244113613565}]
/Users/ryedida/miniforge3/lib/python3.9/site-packages/sklearn/neural_network/_multilayer_perceptron.py:605: UserWarning: Got `batch_size` less than 1 or larger than sample size. It is going to be clipped
  warnings.warn(

function_evaluation time 0.078168 value 151.517982 suggestion {'alpha': 0.486439841662013, 'batch_size': 241, 'beta_1': 0.9771607652235079, 'beta_2': 0.9607445404665245, 'epsilon': 6.07559076390275e-08, 'hidden_layer_sizes': 176, 'learning_rate_init': 0.0005612936925926098, 'tol': 0.040928935008629014, 'validation_fraction': 0.356244113613565}
observation time 0.000001, current best 44.446540 at iter 41
suggestion time taken 0.003848 iter 42 next_points [{'alpha': 0.066531613894465, 'batch_size': 138, 'beta_1': 0.6260394453610256, 'beta_2': 0.9998369956306209, 'epsilon': 9.739513178520225e-08, 'hidden_layer_sizes': 197, 'learning_rate_init': 0.0073953899821205425, 'tol': 0.058281225851396556, 'validation_fraction': 0.6980990726359577}]
/Users/ryedida/miniforge3/lib/python3.9/site-packages/sklearn/neural_network/_multilayer_perceptron.py:605: UserWarning: Got `batch_size` less than 1 or larger than sample size. It is going to be clipped
  warnings.warn(

function_evaluation time 0.091152 value 149.509478 suggestion {'alpha': 0.066531613894465, 'batch_size': 138, 'beta_1': 0.6260394453610256, 'beta_2': 0.9998369956306209, 'epsilon': 9.739513178520225e-08, 'hidden_layer_sizes': 197, 'learning_rate_init': 0.0073953899821205425, 'tol': 0.058281225851396556, 'validation_fraction': 0.6980990726359577}
observation time 0.000002, current best 44.446540 at iter 42
suggestion time taken 0.004596 iter 43 next_points [{'alpha': 0.012994918769169249, 'batch_size': 122, 'beta_1': 0.982554294020778, 'beta_2': 0.9996414893484545, 'epsilon': 3.873376312811044e-09, 'hidden_layer_sizes': 105, 'learning_rate_init': 0.05025100517391081, 'tol': 0.040772813875364904, 'validation_fraction': 0.6657166979965851}]
/Users/ryedida/miniforge3/lib/python3.9/site-packages/sklearn/neural_network/_multilayer_perceptron.py:605: UserWarning: Got `batch_size` less than 1 or larger than sample size. It is going to be clipped
  warnings.warn(

function_evaluation time 0.234118 value 55.750766 suggestion {'alpha': 0.012994918769169249, 'batch_size': 122, 'beta_1': 0.982554294020778, 'beta_2': 0.9996414893484545, 'epsilon': 3.873376312811044e-09, 'hidden_layer_sizes': 105, 'learning_rate_init': 0.05025100517391081, 'tol': 0.040772813875364904, 'validation_fraction': 0.6657166979965851}
observation time 0.000001, current best 44.446540 at iter 43
suggestion time taken 0.001773 iter 44 next_points [{'alpha': 0.22578417750633337, 'batch_size': 116, 'beta_1': 0.7057795560164601, 'beta_2': 0.9999989367292655, 'epsilon': 2.7222414663852418e-08, 'hidden_layer_sizes': 184, 'learning_rate_init': 0.004025534244782843, 'tol': 2.8147002085600698e-05, 'validation_fraction': 0.6511099020331127}]
/Users/ryedida/miniforge3/lib/python3.9/site-packages/sklearn/neural_network/_multilayer_perceptron.py:686: ConvergenceWarning: Stochastic Optimizer: Maximum iterations (200) reached and the optimization hasn't converged yet.
  warnings.warn(

function_evaluation time 1.544675 value 63.316362 suggestion {'alpha': 0.22578417750633337, 'batch_size': 116, 'beta_1': 0.7057795560164601, 'beta_2': 0.9999989367292655, 'epsilon': 2.7222414663852418e-08, 'hidden_layer_sizes': 184, 'learning_rate_init': 0.004025534244782843, 'tol': 2.8147002085600698e-05, 'validation_fraction': 0.6511099020331127}
observation time 0.000001, current best 44.446540 at iter 44
saving meta data: {'args': {'--uuid': '8e6185ec2a1e54c2a01c4578863a66c6', '-db-root': '/Users/ryedida/Desktop/menzies/thesis/smoothness-hpo/smoothness-hpo/bbo_challenge_starter_kit/output', '--opt-root': '/Users/ryedida/Desktop/menzies/thesis/smoothness-hpo/smoothness-hpo/bbo_challenge_starter_kit/example_submissions', '--data-root': None, '--db': 'run_20230815_180041', '--opt': 'random-search', '--data': 'diabetes', '--classifier': 'MLP-adam', '--metric': 'mae', '--calls': 45, '--suggestions': 1, '--jobs-file': None, '--verbose': False, 'dry_run': False, 'rev': 'a376313', 'opt_rev': '0.0.8'}, 'signature': ([{'alpha': 0.019628224813442792, 'batch_size': 182, 'beta_1': 0.9410202200271762, 'beta_2': 0.9998021557676793, 'epsilon': 1.8662266976518e-08, 'hidden_layer_sizes': 147, 'learning_rate_init': 0.0005627932047415167, 'tol': 0.03690557729213761, 'validation_fraction': 0.8846827852548593}, {'alpha': 0.001998246739232944, 'batch_size': 200, 'beta_1': 0.919111482530466, 'beta_2': 0.9998488260436156, 'epsilon': 5.981221901152555e-07, 'hidden_layer_sizes': 61, 'learning_rate_init': 2.2310905607443014e-05, 'tol': 1.2046852412030316e-05, 'validation_fraction': 0.8117896445826539}, {'alpha': 0.46659545670218433, 'batch_size': 219, 'beta_1': 0.9889789783750891, 'beta_2': 0.9999896868093284, 'epsilon': 2.4234724484675948e-08, 'hidden_layer_sizes': 167, 'learning_rate_init': 2.972334644335654e-05, 'tol': 0.0036281404040243792, 'validation_fraction': 0.17260651658522078}, {'alpha': 4.656005689076002, 'batch_size': 135, 'beta_1': 0.870503881627747, 'beta_2': 0.9948873266941017, 'epsilon': 2.1023308743480125e-07, 'hidden_layer_sizes': 118, 'learning_rate_init': 0.001878173875716191, 'tol': 1.1889379831773006e-05, 'validation_fraction': 0.6264327093752792}, {'alpha': 0.04705159350400542, 'batch_size': 158, 'beta_1': 0.9870884262730957, 'beta_2': 0.9999596874382349, 'epsilon': 1.1981845126013875e-08, 'hidden_layer_sizes': 116, 'learning_rate_init': 0.006173405204074311, 'tol': 1.7414134181586194e-05, 'validation_fraction': 0.6754299026638921}], [151.4971925380264, 151.42763539278994, 151.47026299046811, 136.86202504264318, 75.2055865763391])}
saving results
saving timing
saving suggest log
done
