running: {'--uuid': '028548be26a754b09e54924a7dec9f33', '-db-root': '/home/ryedida/bbo_challenge_starter_kit/output', '--opt-root': '/home/ryedida/bbo_challenge_starter_kit/example_submissions', '--data-root': None, '--db': 'run_20230427_004608', '--opt': 'turbo', '--data': 'diabetes', '--classifier': 'MLP-adam', '--metric': 'mae', '--calls': 15, '--suggestions': 1, '--jobs-file': None, '--verbose': False, 'dry_run': False, 'rev': 'a376313', 'opt_rev': '0.0.1'}
cmd: python turbo/optimizer.py -c MLP-adam -d diabetes -o turbo -u 028548be26a754b09e54924a7dec9f33 -m mae -n 15 -p 1 -dir /home/ryedida/bbo_challenge_starter_kit/output -b run_20230427_004608
/home/ryedida/.local/lib/python3.9/site-packages/sklearn/neural_network/_multilayer_perceptron.py:605: UserWarning: Got `batch_size` less than 1 or larger than sample size. It is going to be clipped
  warnings.warn(

/home/ryedida/.local/lib/python3.9/site-packages/sklearn/neural_network/_multilayer_perceptron.py:605: UserWarning: Got `batch_size` less than 1 or larger than sample size. It is going to be clipped
  warnings.warn(

/home/ryedida/.local/lib/python3.9/site-packages/sklearn/neural_network/_multilayer_perceptron.py:605: UserWarning: Got `batch_size` less than 1 or larger than sample size. It is going to be clipped
  warnings.warn(

/home/ryedida/.local/lib/python3.9/site-packages/sklearn/neural_network/_multilayer_perceptron.py:686: ConvergenceWarning: Stochastic Optimizer: Maximum iterations (200) reached and the optimization hasn't converged yet.
  warnings.warn(

/home/ryedida/.local/lib/python3.9/site-packages/sklearn/neural_network/_multilayer_perceptron.py:605: UserWarning: Got `batch_size` less than 1 or larger than sample size. It is going to be clipped
  warnings.warn(

/home/ryedida/.local/lib/python3.9/site-packages/sklearn/neural_network/_multilayer_perceptron.py:686: ConvergenceWarning: Stochastic Optimizer: Maximum iterations (200) reached and the optimization hasn't converged yet.
  warnings.warn(

computed signature: ([{'alpha': 0.019628224813442792, 'batch_size': 182, 'beta_1': 0.9410202200271762, 'beta_2': 0.9998021557676793, 'epsilon': 1.8662266976518e-08, 'hidden_layer_sizes': 147, 'learning_rate_init': 0.0005627932047415167, 'tol': 0.03690557729213761, 'validation_fraction': 0.8846827852548593}, {'alpha': 0.0019982467392329444, 'batch_size': 200, 'beta_1': 0.919111482530466, 'beta_2': 0.9998488260436156, 'epsilon': 5.981221901152555e-07, 'hidden_layer_sizes': 61, 'learning_rate_init': 2.2310905607443014e-05, 'tol': 1.2046852412030316e-05, 'validation_fraction': 0.8117896445826539}, {'alpha': 0.46659545670218433, 'batch_size': 219, 'beta_1': 0.9889789783750891, 'beta_2': 0.9999896868093284, 'epsilon': 2.4234724484675948e-08, 'hidden_layer_sizes': 167, 'learning_rate_init': 2.972334644335654e-05, 'tol': 0.0036281404040243792, 'validation_fraction': 0.17260651658522078}, {'alpha': 4.656005689076002, 'batch_size': 135, 'beta_1': 0.870503881627747, 'beta_2': 0.9948873266941017, 'epsilon': 2.1023308743480125e-07, 'hidden_layer_sizes': 118, 'learning_rate_init': 0.0018781738757161913, 'tol': 1.1889379831773004e-05, 'validation_fraction': 0.6264327093752792}, {'alpha': 0.04705159350400542, 'batch_size': 158, 'beta_1': 0.9870884262730957, 'beta_2': 0.9999596874382349, 'epsilon': 1.1981845126013875e-08, 'hidden_layer_sizes': 116, 'learning_rate_init': 0.00617340520407431, 'tol': 1.741413418158619e-05, 'validation_fraction': 0.6754299026638921}], [151.4971925380264, 151.42763539278994, 151.47026299046811, 136.86202504264318, 75.2055865763391])
Signature errors:
                                  0             1             2         3         4       max
MLP-adam_diabetes_mae  1.919244e-08  6.198704e-08  7.624578e-09  0.000007  0.000034  0.000034
max                    1.919244e-08  6.198704e-08  7.624578e-09  0.000007  0.000034  0.000034
starting sklearn study turbo MLP-adam diabetes mae 15 1
with data root: None
suggestion time taken 0.002129 iter 0 next_points [{'alpha': 0.00562264597422521, 'batch_size': 60, 'beta_1': 0.9863728766876317, 'beta_2': 0.9999364513234281, 'epsilon': 9.904329085554464e-08, 'hidden_layer_sizes': 86, 'learning_rate_init': 1.8224531961972075e-05, 'tol': 0.00028970430993888326, 'validation_fraction': 0.4186783843676711}]
function_evaluation time 0.077408 value 151.450118 suggestion {'alpha': 0.00562264597422521, 'batch_size': 60, 'beta_1': 0.9863728766876317, 'beta_2': 0.9999364513234281, 'epsilon': 9.904329085554464e-08, 'hidden_layer_sizes': 86, 'learning_rate_init': 1.8224531961972075e-05, 'tol': 0.00028970430993888326, 'validation_fraction': 0.4186783843676711}
observation time 0.001391, current best 151.450118 at iter 0
suggestion time taken 0.001772 iter 1 next_points [{'alpha': 0.2065724803381096, 'batch_size': 44, 'beta_1': 0.9797735552397593, 'beta_2': 0.9999949908314147, 'epsilon': 3.5642478325086735e-08, 'hidden_layer_sizes': 108, 'learning_rate_init': 0.00013993982649594433, 'tol': 0.007999695128925035, 'validation_fraction': 0.6380353771972886}]
function_evaluation time 0.078102 value 151.444644 suggestion {'alpha': 0.2065724803381096, 'batch_size': 44, 'beta_1': 0.9797735552397593, 'beta_2': 0.9999949908314147, 'epsilon': 3.5642478325086735e-08, 'hidden_layer_sizes': 108, 'learning_rate_init': 0.00013993982649594433, 'tol': 0.007999695128925035, 'validation_fraction': 0.6380353771972886}
observation time 0.001379, current best 151.444644 at iter 1
suggestion time taken 0.001766 iter 2 next_points [{'alpha': 0.020749722471348292, 'batch_size': 165, 'beta_1': 0.7289011060938007, 'beta_2': 0.9933178227891943, 'epsilon': 4.330255202281848e-09, 'hidden_layer_sizes': 67, 'learning_rate_init': 0.00019060469747770765, 'tol': 0.00044190097346994133, 'validation_fraction': 0.27962065885929854}]
function_evaluation time 0.065913 value 151.374572 suggestion {'alpha': 0.020749722471348292, 'batch_size': 165, 'beta_1': 0.7289011060938007, 'beta_2': 0.9933178227891943, 'epsilon': 4.330255202281848e-09, 'hidden_layer_sizes': 67, 'learning_rate_init': 0.00019060469747770765, 'tol': 0.00044190097346994133, 'validation_fraction': 0.27962065885929854}
observation time 0.001402, current best 151.374572 at iter 2
suggestion time taken 0.001753 iter 3 next_points [{'alpha': 3.813083363753185e-05, 'batch_size': 141, 'beta_1': 0.9774165119963297, 'beta_2': 0.999996690382018, 'epsilon': 2.7665760195387685e-09, 'hidden_layer_sizes': 150, 'learning_rate_init': 0.039215616353808005, 'tol': 0.013842651013135475, 'validation_fraction': 0.5078613810239637}]
function_evaluation time 0.228916 value 55.812156 suggestion {'alpha': 3.813083363753185e-05, 'batch_size': 141, 'beta_1': 0.9774165119963297, 'beta_2': 0.999996690382018, 'epsilon': 2.7665760195387685e-09, 'hidden_layer_sizes': 150, 'learning_rate_init': 0.039215616353808005, 'tol': 0.013842651013135475, 'validation_fraction': 0.5078613810239637}
observation time 0.001670, current best 55.812156 at iter 3
suggestion time taken 0.001789 iter 4 next_points [{'alpha': 1.6486036653637857, 'batch_size': 198, 'beta_1': 0.9021213236537146, 'beta_2': 0.9353863626570282, 'epsilon': 2.863861396918325e-07, 'hidden_layer_sizes': 79, 'learning_rate_init': 7.534804207801658e-05, 'tol': 0.01923173067134163, 'validation_fraction': 0.6470665623953902}]
/home/ryedida/.local/lib/python3.9/site-packages/sklearn/neural_network/_multilayer_perceptron.py:605: UserWarning: Got `batch_size` less than 1 or larger than sample size. It is going to be clipped
  warnings.warn(

function_evaluation time 0.048808 value 151.580861 suggestion {'alpha': 1.6486036653637857, 'batch_size': 198, 'beta_1': 0.9021213236537146, 'beta_2': 0.9353863626570282, 'epsilon': 2.863861396918325e-07, 'hidden_layer_sizes': 79, 'learning_rate_init': 7.534804207801658e-05, 'tol': 0.01923173067134163, 'validation_fraction': 0.6470665623953902}
observation time 0.001419, current best 55.812156 at iter 4
suggestion time taken 0.001738 iter 5 next_points [{'alpha': 0.001819711166811422, 'batch_size': 124, 'beta_1': 0.5134508271101232, 'beta_2': 0.9956206652352814, 'epsilon': 1.0873755125868246e-09, 'hidden_layer_sizes': 95, 'learning_rate_init': 0.0015240600484668337, 'tol': 1.1785512233045529e-05, 'validation_fraction': 0.3740839475036701}]
/home/ryedida/.local/lib/python3.9/site-packages/sklearn/neural_network/_multilayer_perceptron.py:686: ConvergenceWarning: Stochastic Optimizer: Maximum iterations (200) reached and the optimization hasn't converged yet.
  warnings.warn(

function_evaluation time 0.933317 value 117.424974 suggestion {'alpha': 0.001819711166811422, 'batch_size': 124, 'beta_1': 0.5134508271101232, 'beta_2': 0.9956206652352814, 'epsilon': 1.0873755125868246e-09, 'hidden_layer_sizes': 95, 'learning_rate_init': 0.0015240600484668337, 'tol': 1.1785512233045529e-05, 'validation_fraction': 0.3740839475036701}
observation time 0.001425, current best 55.812156 at iter 5
suggestion time taken 0.001789 iter 6 next_points [{'alpha': 0.007141913201560836, 'batch_size': 207, 'beta_1': 0.9293903904069734, 'beta_2': 0.9999983414493955, 'epsilon': 4.2621191954443627e-08, 'hidden_layer_sizes': 153, 'learning_rate_init': 0.02921795823464273, 'tol': 9.340807247329249e-05, 'validation_fraction': 0.5437147783828733}]
/home/ryedida/.local/lib/python3.9/site-packages/sklearn/neural_network/_multilayer_perceptron.py:605: UserWarning: Got `batch_size` less than 1 or larger than sample size. It is going to be clipped
  warnings.warn(

function_evaluation time 0.291762 value 54.495222 suggestion {'alpha': 0.007141913201560836, 'batch_size': 207, 'beta_1': 0.9293903904069734, 'beta_2': 0.9999983414493955, 'epsilon': 4.2621191954443627e-08, 'hidden_layer_sizes': 153, 'learning_rate_init': 0.02921795823464273, 'tol': 9.340807247329249e-05, 'validation_fraction': 0.5437147783828733}
observation time 0.001396, current best 54.495222 at iter 6
suggestion time taken 0.001837 iter 7 next_points [{'alpha': 0.000143527506774838, 'batch_size': 214, 'beta_1': 0.7913853294725428, 'beta_2': 0.9596074816847895, 'epsilon': 1.7415742406118461e-09, 'hidden_layer_sizes': 137, 'learning_rate_init': 0.012847784653631858, 'tol': 0.000598483807917648, 'validation_fraction': 0.17634337866145386}]
function_evaluation time 0.856413 value 46.424383 suggestion {'alpha': 0.000143527506774838, 'batch_size': 214, 'beta_1': 0.7913853294725428, 'beta_2': 0.9596074816847895, 'epsilon': 1.7415742406118461e-09, 'hidden_layer_sizes': 137, 'learning_rate_init': 0.012847784653631858, 'tol': 0.000598483807917648, 'validation_fraction': 0.17634337866145386}
observation time 0.001421, current best 46.424383 at iter 7
suggestion time taken 0.001737 iter 8 next_points [{'alpha': 8.45986206154369, 'batch_size': 150, 'beta_1': 0.8287660838472849, 'beta_2': 0.9998842741638045, 'epsilon': 2.2408874352324913e-07, 'hidden_layer_sizes': 103, 'learning_rate_init': 1.1809651900666866e-05, 'tol': 0.002894423227465165, 'validation_fraction': 0.10974636604661306}]
function_evaluation time 0.077634 value 151.419126 suggestion {'alpha': 8.45986206154369, 'batch_size': 150, 'beta_1': 0.8287660838472849, 'beta_2': 0.9998842741638045, 'epsilon': 2.2408874352324913e-07, 'hidden_layer_sizes': 103, 'learning_rate_init': 1.1809651900666866e-05, 'tol': 0.002894423227465165, 'validation_fraction': 0.10974636604661306}
observation time 0.001395, current best 46.424383 at iter 8
suggestion time taken 0.001738 iter 9 next_points [{'alpha': 0.00025962037147923963, 'batch_size': 242, 'beta_1': 0.9576707942912551, 'beta_2': 0.9975305490785502, 'epsilon': 1.3161938069203228e-08, 'hidden_layer_sizes': 162, 'learning_rate_init': 4.4537905379596704e-05, 'tol': 4.183673627754797e-05, 'validation_fraction': 0.7117732316496276}]
/home/ryedida/.local/lib/python3.9/site-packages/sklearn/neural_network/_multilayer_perceptron.py:605: UserWarning: Got `batch_size` less than 1 or larger than sample size. It is going to be clipped
  warnings.warn(

function_evaluation time 0.058782 value 151.501866 suggestion {'alpha': 0.00025962037147923963, 'batch_size': 242, 'beta_1': 0.9576707942912551, 'beta_2': 0.9975305490785502, 'epsilon': 1.3161938069203228e-08, 'hidden_layer_sizes': 162, 'learning_rate_init': 4.4537905379596704e-05, 'tol': 4.183673627754797e-05, 'validation_fraction': 0.7117732316496276}
observation time 0.001345, current best 46.424383 at iter 9
suggestion time taken 0.001804 iter 10 next_points [{'alpha': 4.30297901579455, 'batch_size': 97, 'beta_1': 0.8781155466908566, 'beta_2': 0.9999930296751596, 'epsilon': 7.638615192170453e-07, 'hidden_layer_sizes': 144, 'learning_rate_init': 0.01492121990628538, 'tol': 2.0141353311957323e-05, 'validation_fraction': 0.799259677456123}]
/home/ryedida/.local/lib/python3.9/site-packages/sklearn/neural_network/_multilayer_perceptron.py:605: UserWarning: Got `batch_size` less than 1 or larger than sample size. It is going to be clipped
  warnings.warn(

/home/ryedida/.local/lib/python3.9/site-packages/sklearn/neural_network/_multilayer_perceptron.py:686: ConvergenceWarning: Stochastic Optimizer: Maximum iterations (200) reached and the optimization hasn't converged yet.
  warnings.warn(

function_evaluation time 0.669682 value 50.288595 suggestion {'alpha': 4.30297901579455, 'batch_size': 97, 'beta_1': 0.8781155466908566, 'beta_2': 0.9999930296751596, 'epsilon': 7.638615192170453e-07, 'hidden_layer_sizes': 144, 'learning_rate_init': 0.01492121990628538, 'tol': 2.0141353311957323e-05, 'validation_fraction': 0.799259677456123}
observation time 0.001360, current best 46.424383 at iter 10
suggestion time taken 0.001740 iter 11 next_points [{'alpha': 7.900925525670027e-05, 'batch_size': 14, 'beta_1': 0.9649018069020981, 'beta_2': 0.9999799844495806, 'epsilon': 8.407937544826133e-09, 'hidden_layer_sizes': 125, 'learning_rate_init': 0.0007765432178956006, 'tol': 0.00014211478578326342, 'validation_fraction': 0.8792440862138313}]
/home/ryedida/.local/lib/python3.9/site-packages/sklearn/neural_network/_multilayer_perceptron.py:686: ConvergenceWarning: Stochastic Optimizer: Maximum iterations (200) reached and the optimization hasn't converged yet.
  warnings.warn(

function_evaluation time 1.113152 value 126.425507 suggestion {'alpha': 7.900925525670027e-05, 'batch_size': 14, 'beta_1': 0.9649018069020981, 'beta_2': 0.9999799844495806, 'epsilon': 8.407937544826133e-09, 'hidden_layer_sizes': 125, 'learning_rate_init': 0.0007765432178956006, 'tol': 0.00014211478578326342, 'validation_fraction': 0.8792440862138313}
observation time 0.001345, current best 46.424383 at iter 11
suggestion time taken 0.001750 iter 12 next_points [{'alpha': 0.29445595540603425, 'batch_size': 31, 'beta_1': 0.9418192441913654, 'beta_2': 0.9996467102951122, 'epsilon': 5.069242820958753e-07, 'hidden_layer_sizes': 59, 'learning_rate_init': 0.0011575490579399184, 'tol': 0.003607782126571871, 'validation_fraction': 0.8350719116178184}]
function_evaluation time 0.054777 value 151.566979 suggestion {'alpha': 0.29445595540603425, 'batch_size': 31, 'beta_1': 0.9418192441913654, 'beta_2': 0.9996467102951122, 'epsilon': 5.069242820958753e-07, 'hidden_layer_sizes': 59, 'learning_rate_init': 0.0011575490579399184, 'tol': 0.003607782126571871, 'validation_fraction': 0.8350719116178184}
observation time 0.001376, current best 46.424383 at iter 12
suggestion time taken 0.001704 iter 13 next_points [{'alpha': 1.6053356045234206e-05, 'batch_size': 179, 'beta_1': 0.973855035623603, 'beta_2': 0.9998298464037063, 'epsilon': 6.053018227685053e-08, 'hidden_layer_sizes': 172, 'learning_rate_init': 0.005466161045867161, 'tol': 4.533122578841713e-05, 'validation_fraction': 0.14324821186941544}]
/home/ryedida/.local/lib/python3.9/site-packages/sklearn/neural_network/_multilayer_perceptron.py:686: ConvergenceWarning: Stochastic Optimizer: Maximum iterations (200) reached and the optimization hasn't converged yet.
  warnings.warn(

function_evaluation time 1.118507 value 52.502049 suggestion {'alpha': 1.6053356045234206e-05, 'batch_size': 179, 'beta_1': 0.973855035623603, 'beta_2': 0.9998298464037063, 'epsilon': 6.053018227685053e-08, 'hidden_layer_sizes': 172, 'learning_rate_init': 0.005466161045867161, 'tol': 4.533122578841713e-05, 'validation_fraction': 0.14324821186941544}
observation time 0.001386, current best 46.424383 at iter 13
suggestion time taken 0.001778 iter 14 next_points [{'alpha': 0.09803536851659252, 'batch_size': 65, 'beta_1': 0.8719070011076102, 'beta_2': 0.9985717789688714, 'epsilon': 3.2622829705853265e-09, 'hidden_layer_sizes': 56, 'learning_rate_init': 0.07589434109705201, 'tol': 0.07587393154276388, 'validation_fraction': 0.7520749156990137}]
function_evaluation time 0.115806 value 52.266444 suggestion {'alpha': 0.09803536851659252, 'batch_size': 65, 'beta_1': 0.8719070011076102, 'beta_2': 0.9985717789688714, 'epsilon': 3.2622829705853265e-09, 'hidden_layer_sizes': 56, 'learning_rate_init': 0.07589434109705201, 'tol': 0.07587393154276388, 'validation_fraction': 0.7520749156990137}
observation time 0.001352, current best 46.424383 at iter 14
saving meta data: {'args': {'--uuid': '028548be26a754b09e54924a7dec9f33', '-db-root': '/home/ryedida/bbo_challenge_starter_kit/output', '--opt-root': '/home/ryedida/bbo_challenge_starter_kit/example_submissions', '--data-root': None, '--db': 'run_20230427_004608', '--opt': 'turbo', '--data': 'diabetes', '--classifier': 'MLP-adam', '--metric': 'mae', '--calls': 15, '--suggestions': 1, '--jobs-file': None, '--verbose': False, 'dry_run': False, 'rev': 'a376313', 'opt_rev': '0.0.1'}, 'signature': ([{'alpha': 0.019628224813442792, 'batch_size': 182, 'beta_1': 0.9410202200271762, 'beta_2': 0.9998021557676793, 'epsilon': 1.8662266976518e-08, 'hidden_layer_sizes': 147, 'learning_rate_init': 0.0005627932047415167, 'tol': 0.03690557729213761, 'validation_fraction': 0.8846827852548593}, {'alpha': 0.0019982467392329444, 'batch_size': 200, 'beta_1': 0.919111482530466, 'beta_2': 0.9998488260436156, 'epsilon': 5.981221901152555e-07, 'hidden_layer_sizes': 61, 'learning_rate_init': 2.2310905607443014e-05, 'tol': 1.2046852412030316e-05, 'validation_fraction': 0.8117896445826539}, {'alpha': 0.46659545670218433, 'batch_size': 219, 'beta_1': 0.9889789783750891, 'beta_2': 0.9999896868093284, 'epsilon': 2.4234724484675948e-08, 'hidden_layer_sizes': 167, 'learning_rate_init': 2.972334644335654e-05, 'tol': 0.0036281404040243792, 'validation_fraction': 0.17260651658522078}, {'alpha': 4.656005689076002, 'batch_size': 135, 'beta_1': 0.870503881627747, 'beta_2': 0.9948873266941017, 'epsilon': 2.1023308743480125e-07, 'hidden_layer_sizes': 118, 'learning_rate_init': 0.0018781738757161913, 'tol': 1.1889379831773004e-05, 'validation_fraction': 0.6264327093752792}, {'alpha': 0.04705159350400542, 'batch_size': 158, 'beta_1': 0.9870884262730957, 'beta_2': 0.9999596874382349, 'epsilon': 1.1981845126013875e-08, 'hidden_layer_sizes': 116, 'learning_rate_init': 0.00617340520407431, 'tol': 1.741413418158619e-05, 'validation_fraction': 0.6754299026638921}], [151.4971925380264, 151.42763539278994, 151.47026299046811, 136.86202504264318, 75.2055865763391])}
saving results
saving timing
saving suggest log
done
