running: {'--uuid': '0b21e567373f5de683994ee29584cfb0', '-db-root': '/home/ryedida/bbo_challenge_starter_kit/output', '--opt-root': '/home/ryedida/bbo_challenge_starter_kit/example_submissions', '--data-root': None, '--db': 'run_20230427_004608', '--opt': 'hyperopt', '--data': 'diabetes', '--classifier': 'MLP-adam', '--metric': 'mae', '--calls': 15, '--suggestions': 1, '--jobs-file': None, '--verbose': False, 'dry_run': False, 'rev': 'a376313', 'opt_rev': '0.2.7'}
cmd: python hyperopt/optimizer.py -c MLP-adam -d diabetes -o hyperopt -u 0b21e567373f5de683994ee29584cfb0 -m mae -n 15 -p 1 -dir /home/ryedida/bbo_challenge_starter_kit/output -b run_20230427_004608
/home/ryedida/.local/lib/python3.9/site-packages/sklearn/neural_network/_multilayer_perceptron.py:605: UserWarning: Got `batch_size` less than 1 or larger than sample size. It is going to be clipped
  warnings.warn(

/home/ryedida/.local/lib/python3.9/site-packages/sklearn/neural_network/_multilayer_perceptron.py:605: UserWarning: Got `batch_size` less than 1 or larger than sample size. It is going to be clipped
  warnings.warn(

/home/ryedida/.local/lib/python3.9/site-packages/sklearn/neural_network/_multilayer_perceptron.py:605: UserWarning: Got `batch_size` less than 1 or larger than sample size. It is going to be clipped
  warnings.warn(

/home/ryedida/.local/lib/python3.9/site-packages/sklearn/neural_network/_multilayer_perceptron.py:686: ConvergenceWarning: Stochastic Optimizer: Maximum iterations (200) reached and the optimization hasn't converged yet.
  warnings.warn(

/home/ryedida/.local/lib/python3.9/site-packages/sklearn/neural_network/_multilayer_perceptron.py:605: UserWarning: Got `batch_size` less than 1 or larger than sample size. It is going to be clipped
  warnings.warn(

/home/ryedida/.local/lib/python3.9/site-packages/sklearn/neural_network/_multilayer_perceptron.py:686: ConvergenceWarning: Stochastic Optimizer: Maximum iterations (200) reached and the optimization hasn't converged yet.
  warnings.warn(

computed signature: ([{'alpha': 0.019628224813442792, 'batch_size': 182, 'beta_1': 0.9410202200271762, 'beta_2': 0.9998021557676793, 'epsilon': 1.8662266976518e-08, 'hidden_layer_sizes': 147, 'learning_rate_init': 0.0005627932047415167, 'tol': 0.03690557729213761, 'validation_fraction': 0.8846827852548593}, {'alpha': 0.0019982467392329444, 'batch_size': 200, 'beta_1': 0.919111482530466, 'beta_2': 0.9998488260436156, 'epsilon': 5.981221901152555e-07, 'hidden_layer_sizes': 61, 'learning_rate_init': 2.2310905607443014e-05, 'tol': 1.2046852412030316e-05, 'validation_fraction': 0.8117896445826539}, {'alpha': 0.46659545670218433, 'batch_size': 219, 'beta_1': 0.9889789783750891, 'beta_2': 0.9999896868093284, 'epsilon': 2.4234724484675948e-08, 'hidden_layer_sizes': 167, 'learning_rate_init': 2.972334644335654e-05, 'tol': 0.0036281404040243792, 'validation_fraction': 0.17260651658522078}, {'alpha': 4.656005689076002, 'batch_size': 135, 'beta_1': 0.870503881627747, 'beta_2': 0.9948873266941017, 'epsilon': 2.1023308743480125e-07, 'hidden_layer_sizes': 118, 'learning_rate_init': 0.0018781738757161913, 'tol': 1.1889379831773004e-05, 'validation_fraction': 0.6264327093752792}, {'alpha': 0.04705159350400542, 'batch_size': 158, 'beta_1': 0.9870884262730957, 'beta_2': 0.9999596874382349, 'epsilon': 1.1981845126013875e-08, 'hidden_layer_sizes': 116, 'learning_rate_init': 0.00617340520407431, 'tol': 1.741413418158619e-05, 'validation_fraction': 0.6754299026638921}], [151.4971925380264, 151.42763539278994, 151.47026299046811, 136.86202504264318, 75.2055865763391])
Signature errors:
                                  0             1             2         3         4       max
MLP-adam_diabetes_mae  1.919244e-08  6.198704e-08  7.624578e-09  0.000007  0.000034  0.000034
max                    1.919244e-08  6.198704e-08  7.624578e-09  0.000007  0.000034  0.000034
starting sklearn study hyperopt MLP-adam diabetes mae 15 1
with data root: None
suggestion time taken 0.002307 iter 0 next_points [{'alpha': 0.003600363198997032, 'batch_size': 159, 'beta_1': 0.6505909812883457, 'beta_2': 0.9107619749596224, 'epsilon': 1.0785195958795093e-07, 'hidden_layer_sizes': 85, 'learning_rate_init': 0.00027041070370917124, 'tol': 0.0011161571201701945, 'validation_fraction': 0.36026609079485683}]
function_evaluation time 0.067740 value 151.406607 suggestion {'alpha': 0.003600363198997032, 'batch_size': 159, 'beta_1': 0.6505909812883457, 'beta_2': 0.9107619749596224, 'epsilon': 1.0785195958795093e-07, 'hidden_layer_sizes': 85, 'learning_rate_init': 0.00027041070370917124, 'tol': 0.0011161571201701945, 'validation_fraction': 0.36026609079485683}
observation time 0.000074, current best 151.406607 at iter 0
suggestion time taken 0.002385 iter 1 next_points [{'alpha': 0.001163631073354782, 'batch_size': 216, 'beta_1': 0.5650808477455087, 'beta_2': 0.9551311184795275, 'epsilon': 4.6148326313099e-08, 'hidden_layer_sizes': 162, 'learning_rate_init': 0.034132730594363746, 'tol': 0.0030130339622560756, 'validation_fraction': 0.10998541820360017}]
function_evaluation time 0.441599 value 44.482925 suggestion {'alpha': 0.001163631073354782, 'batch_size': 216, 'beta_1': 0.5650808477455087, 'beta_2': 0.9551311184795275, 'epsilon': 4.6148326313099e-08, 'hidden_layer_sizes': 162, 'learning_rate_init': 0.034132730594363746, 'tol': 0.0030130339622560756, 'validation_fraction': 0.10998541820360017}
observation time 0.000062, current best 44.482925 at iter 1
suggestion time taken 0.002133 iter 2 next_points [{'alpha': 8.030443973289794, 'batch_size': 67, 'beta_1': 0.8622674121709369, 'beta_2': 0.937200686487317, 'epsilon': 2.2228309756497133e-07, 'hidden_layer_sizes': 160, 'learning_rate_init': 6.796199614339653e-05, 'tol': 0.0016129664035560468, 'validation_fraction': 0.10044457518763686}]
function_evaluation time 0.117457 value 151.473059 suggestion {'alpha': 8.030443973289794, 'batch_size': 67, 'beta_1': 0.8622674121709369, 'beta_2': 0.937200686487317, 'epsilon': 2.2228309756497133e-07, 'hidden_layer_sizes': 160, 'learning_rate_init': 6.796199614339653e-05, 'tol': 0.0016129664035560468, 'validation_fraction': 0.10044457518763686}
observation time 0.000070, current best 44.482925 at iter 2
suggestion time taken 0.002121 iter 3 next_points [{'alpha': 9.121195988498824, 'batch_size': 88, 'beta_1': 0.9823863630149416, 'beta_2': 0.9250283414094359, 'epsilon': 5.849728499171858e-07, 'hidden_layer_sizes': 172, 'learning_rate_init': 0.0011457545656964403, 'tol': 0.008361321751739871, 'validation_fraction': 0.8258268346937365}]
/home/ryedida/.local/lib/python3.9/site-packages/sklearn/neural_network/_multilayer_perceptron.py:605: UserWarning: Got `batch_size` less than 1 or larger than sample size. It is going to be clipped
  warnings.warn(

function_evaluation time 0.056164 value 151.350723 suggestion {'alpha': 9.121195988498824, 'batch_size': 88, 'beta_1': 0.9823863630149416, 'beta_2': 0.9250283414094359, 'epsilon': 5.849728499171858e-07, 'hidden_layer_sizes': 172, 'learning_rate_init': 0.0011457545656964403, 'tol': 0.008361321751739871, 'validation_fraction': 0.8258268346937365}
observation time 0.000071, current best 44.482925 at iter 3
suggestion time taken 0.002128 iter 4 next_points [{'alpha': 3.6797845981449906, 'batch_size': 92, 'beta_1': 0.9039004695538682, 'beta_2': 0.9726619507687978, 'epsilon': 3.933084009117855e-09, 'hidden_layer_sizes': 69, 'learning_rate_init': 0.05015953812571765, 'tol': 0.021569308013162553, 'validation_fraction': 0.11074401694308351}]
function_evaluation time 0.125967 value 49.358147 suggestion {'alpha': 3.6797845981449906, 'batch_size': 92, 'beta_1': 0.9039004695538682, 'beta_2': 0.9726619507687978, 'epsilon': 3.933084009117855e-09, 'hidden_layer_sizes': 69, 'learning_rate_init': 0.05015953812571765, 'tol': 0.021569308013162553, 'validation_fraction': 0.11074401694308351}
observation time 0.000067, current best 44.482925 at iter 4
suggestion time taken 0.002302 iter 5 next_points [{'alpha': 0.030361908473337147, 'batch_size': 221, 'beta_1': 0.8569764548172868, 'beta_2': 0.9357088167339855, 'epsilon': 1.9150115584973543e-07, 'hidden_layer_sizes': 51, 'learning_rate_init': 0.0005073011021223778, 'tol': 0.042294805136277584, 'validation_fraction': 0.38349671610001274}]
/home/ryedida/.local/lib/python3.9/site-packages/sklearn/neural_network/_multilayer_perceptron.py:605: UserWarning: Got `batch_size` less than 1 or larger than sample size. It is going to be clipped
  warnings.warn(

function_evaluation time 0.036567 value 151.523324 suggestion {'alpha': 0.030361908473337147, 'batch_size': 221, 'beta_1': 0.8569764548172868, 'beta_2': 0.9357088167339855, 'epsilon': 1.9150115584973543e-07, 'hidden_layer_sizes': 51, 'learning_rate_init': 0.0005073011021223778, 'tol': 0.042294805136277584, 'validation_fraction': 0.38349671610001274}
observation time 0.000071, current best 44.482925 at iter 5
suggestion time taken 0.002136 iter 6 next_points [{'alpha': 0.00020066333594676686, 'batch_size': 126, 'beta_1': 0.770808074676261, 'beta_2': 0.9200250561657332, 'epsilon': 3.6645104515248566e-07, 'hidden_layer_sizes': 62, 'learning_rate_init': 0.031104126533377862, 'tol': 1.1537174560823327e-05, 'validation_fraction': 0.12879457288512408}]
function_evaluation time 0.311964 value 46.032253 suggestion {'alpha': 0.00020066333594676686, 'batch_size': 126, 'beta_1': 0.770808074676261, 'beta_2': 0.9200250561657332, 'epsilon': 3.6645104515248566e-07, 'hidden_layer_sizes': 62, 'learning_rate_init': 0.031104126533377862, 'tol': 1.1537174560823327e-05, 'validation_fraction': 0.12879457288512408}
observation time 0.000076, current best 44.482925 at iter 6
suggestion time taken 0.002194 iter 7 next_points [{'alpha': 0.00013063723961809182, 'batch_size': 21, 'beta_1': 0.8113913479207403, 'beta_2': 0.955210875731676, 'epsilon': 1.0253135667501051e-07, 'hidden_layer_sizes': 159, 'learning_rate_init': 0.0064166479198398615, 'tol': 0.05732816499817585, 'validation_fraction': 0.29602749795667993}]
function_evaluation time 0.454174 value 51.613193 suggestion {'alpha': 0.00013063723961809182, 'batch_size': 21, 'beta_1': 0.8113913479207403, 'beta_2': 0.955210875731676, 'epsilon': 1.0253135667501051e-07, 'hidden_layer_sizes': 159, 'learning_rate_init': 0.0064166479198398615, 'tol': 0.05732816499817585, 'validation_fraction': 0.29602749795667993}
observation time 0.000073, current best 44.482925 at iter 7
suggestion time taken 0.002123 iter 8 next_points [{'alpha': 0.0013524496953837733, 'batch_size': 107, 'beta_1': 0.7116836019335349, 'beta_2': 0.971128624216782, 'epsilon': 1.4279068734259346e-08, 'hidden_layer_sizes': 152, 'learning_rate_init': 0.014489750054199047, 'tol': 0.0022489445998975077, 'validation_fraction': 0.3842824071527474}]
function_evaluation time 0.583753 value 46.435052 suggestion {'alpha': 0.0013524496953837733, 'batch_size': 107, 'beta_1': 0.7116836019335349, 'beta_2': 0.971128624216782, 'epsilon': 1.4279068734259346e-08, 'hidden_layer_sizes': 152, 'learning_rate_init': 0.014489750054199047, 'tol': 0.0022489445998975077, 'validation_fraction': 0.3842824071527474}
observation time 0.000076, current best 44.482925 at iter 8
suggestion time taken 0.002146 iter 9 next_points [{'alpha': 2.701426062331221, 'batch_size': 235, 'beta_1': 0.8506745357064115, 'beta_2': 0.9915531701355583, 'epsilon': 2.9416883824755114e-08, 'hidden_layer_sizes': 91, 'learning_rate_init': 0.08124397060353365, 'tol': 0.000343897820029892, 'validation_fraction': 0.8082127002636178}]
/home/ryedida/.local/lib/python3.9/site-packages/sklearn/neural_network/_multilayer_perceptron.py:605: UserWarning: Got `batch_size` less than 1 or larger than sample size. It is going to be clipped
  warnings.warn(

function_evaluation time 0.210814 value 50.349647 suggestion {'alpha': 2.701426062331221, 'batch_size': 235, 'beta_1': 0.8506745357064115, 'beta_2': 0.9915531701355583, 'epsilon': 2.9416883824755114e-08, 'hidden_layer_sizes': 91, 'learning_rate_init': 0.08124397060353365, 'tol': 0.000343897820029892, 'validation_fraction': 0.8082127002636178}
observation time 0.000075, current best 44.482925 at iter 9
suggestion time taken 0.002309 iter 10 next_points [{'alpha': 0.005596503775171604, 'batch_size': 190, 'beta_1': 0.5824408318519051, 'beta_2': 0.9116579231587363, 'epsilon': 3.9946761637318846e-08, 'hidden_layer_sizes': 96, 'learning_rate_init': 0.0009014463108064241, 'tol': 0.005352774610510565, 'validation_fraction': 0.11619003747744812}]
function_evaluation time 0.072958 value 151.373196 suggestion {'alpha': 0.005596503775171604, 'batch_size': 190, 'beta_1': 0.5824408318519051, 'beta_2': 0.9116579231587363, 'epsilon': 3.9946761637318846e-08, 'hidden_layer_sizes': 96, 'learning_rate_init': 0.0009014463108064241, 'tol': 0.005352774610510565, 'validation_fraction': 0.11619003747744812}
observation time 0.000076, current best 44.482925 at iter 10
suggestion time taken 0.002155 iter 11 next_points [{'alpha': 0.0010732254334510929, 'batch_size': 176, 'beta_1': 0.8004908297493631, 'beta_2': 0.9001286550053044, 'epsilon': 6.826567122418951e-08, 'hidden_layer_sizes': 101, 'learning_rate_init': 0.0004259942609883488, 'tol': 3.1087804497995994e-05, 'validation_fraction': 0.26070137157161055}]
/home/ryedida/.local/lib/python3.9/site-packages/sklearn/neural_network/_multilayer_perceptron.py:686: ConvergenceWarning: Stochastic Optimizer: Maximum iterations (200) reached and the optimization hasn't converged yet.
  warnings.warn(

function_evaluation time 1.043928 value 148.862834 suggestion {'alpha': 0.0010732254334510929, 'batch_size': 176, 'beta_1': 0.8004908297493631, 'beta_2': 0.9001286550053044, 'epsilon': 6.826567122418951e-08, 'hidden_layer_sizes': 101, 'learning_rate_init': 0.0004259942609883488, 'tol': 3.1087804497995994e-05, 'validation_fraction': 0.26070137157161055}
observation time 0.000071, current best 44.482925 at iter 11
suggestion time taken 0.002120 iter 12 next_points [{'alpha': 0.00011511123817207346, 'batch_size': 244, 'beta_1': 0.5113002308697103, 'beta_2': 0.9772223648771731, 'epsilon': 1.2533544863619255e-08, 'hidden_layer_sizes': 197, 'learning_rate_init': 0.00564009479867777, 'tol': 0.005538024013805406, 'validation_fraction': 0.31180373384724575}]
/home/ryedida/.local/lib/python3.9/site-packages/sklearn/neural_network/_multilayer_perceptron.py:605: UserWarning: Got `batch_size` less than 1 or larger than sample size. It is going to be clipped
  warnings.warn(

function_evaluation time 1.032453 value 53.719754 suggestion {'alpha': 0.00011511123817207346, 'batch_size': 244, 'beta_1': 0.5113002308697103, 'beta_2': 0.9772223648771731, 'epsilon': 1.2533544863619255e-08, 'hidden_layer_sizes': 197, 'learning_rate_init': 0.00564009479867777, 'tol': 0.005538024013805406, 'validation_fraction': 0.31180373384724575}
observation time 0.000072, current best 44.482925 at iter 12
suggestion time taken 0.002164 iter 13 next_points [{'alpha': 3.6440823527353143, 'batch_size': 33, 'beta_1': 0.8542598127526743, 'beta_2': 0.9688155525897181, 'epsilon': 7.531890825086739e-08, 'hidden_layer_sizes': 134, 'learning_rate_init': 0.020787934452169015, 'tol': 0.00014003718103526068, 'validation_fraction': 0.3084917776109641}]
function_evaluation time 0.719980 value 44.634312 suggestion {'alpha': 3.6440823527353143, 'batch_size': 33, 'beta_1': 0.8542598127526743, 'beta_2': 0.9688155525897181, 'epsilon': 7.531890825086739e-08, 'hidden_layer_sizes': 134, 'learning_rate_init': 0.020787934452169015, 'tol': 0.00014003718103526068, 'validation_fraction': 0.3084917776109641}
observation time 0.000074, current best 44.482925 at iter 13
suggestion time taken 0.002143 iter 14 next_points [{'alpha': 8.933245250639658, 'batch_size': 94, 'beta_1': 0.538681330726035, 'beta_2': 0.9312755226061251, 'epsilon': 6.691102489128088e-08, 'hidden_layer_sizes': 143, 'learning_rate_init': 0.008706867691841464, 'tol': 0.0021517366618623176, 'validation_fraction': 0.6411821540766833}]
function_evaluation time 0.650346 value 55.271568 suggestion {'alpha': 8.933245250639658, 'batch_size': 94, 'beta_1': 0.538681330726035, 'beta_2': 0.9312755226061251, 'epsilon': 6.691102489128088e-08, 'hidden_layer_sizes': 143, 'learning_rate_init': 0.008706867691841464, 'tol': 0.0021517366618623176, 'validation_fraction': 0.6411821540766833}
observation time 0.000074, current best 44.482925 at iter 14
saving meta data: {'args': {'--uuid': '0b21e567373f5de683994ee29584cfb0', '-db-root': '/home/ryedida/bbo_challenge_starter_kit/output', '--opt-root': '/home/ryedida/bbo_challenge_starter_kit/example_submissions', '--data-root': None, '--db': 'run_20230427_004608', '--opt': 'hyperopt', '--data': 'diabetes', '--classifier': 'MLP-adam', '--metric': 'mae', '--calls': 15, '--suggestions': 1, '--jobs-file': None, '--verbose': False, 'dry_run': False, 'rev': 'a376313', 'opt_rev': '0.2.7'}, 'signature': ([{'alpha': 0.019628224813442792, 'batch_size': 182, 'beta_1': 0.9410202200271762, 'beta_2': 0.9998021557676793, 'epsilon': 1.8662266976518e-08, 'hidden_layer_sizes': 147, 'learning_rate_init': 0.0005627932047415167, 'tol': 0.03690557729213761, 'validation_fraction': 0.8846827852548593}, {'alpha': 0.0019982467392329444, 'batch_size': 200, 'beta_1': 0.919111482530466, 'beta_2': 0.9998488260436156, 'epsilon': 5.981221901152555e-07, 'hidden_layer_sizes': 61, 'learning_rate_init': 2.2310905607443014e-05, 'tol': 1.2046852412030316e-05, 'validation_fraction': 0.8117896445826539}, {'alpha': 0.46659545670218433, 'batch_size': 219, 'beta_1': 0.9889789783750891, 'beta_2': 0.9999896868093284, 'epsilon': 2.4234724484675948e-08, 'hidden_layer_sizes': 167, 'learning_rate_init': 2.972334644335654e-05, 'tol': 0.0036281404040243792, 'validation_fraction': 0.17260651658522078}, {'alpha': 4.656005689076002, 'batch_size': 135, 'beta_1': 0.870503881627747, 'beta_2': 0.9948873266941017, 'epsilon': 2.1023308743480125e-07, 'hidden_layer_sizes': 118, 'learning_rate_init': 0.0018781738757161913, 'tol': 1.1889379831773004e-05, 'validation_fraction': 0.6264327093752792}, {'alpha': 0.04705159350400542, 'batch_size': 158, 'beta_1': 0.9870884262730957, 'beta_2': 0.9999596874382349, 'epsilon': 1.1981845126013875e-08, 'hidden_layer_sizes': 116, 'learning_rate_init': 0.00617340520407431, 'tol': 1.741413418158619e-05, 'validation_fraction': 0.6754299026638921}], [151.4971925380264, 151.42763539278994, 151.47026299046811, 136.86202504264318, 75.2055865763391])}
saving results
saving timing
saving suggest log
done
