running: {'--uuid': '7f73cb58c32856de80552d3aaa031e0f', '-db-root': '/home/ryedida/bbo_challenge_starter_kit/output', '--opt-root': '/home/ryedida/bbo_challenge_starter_kit/example_submissions', '--data-root': None, '--db': 'run_20230426_161952', '--opt': 'opentuner', '--data': 'wine', '--classifier': 'MLP-adam', '--metric': 'nll', '--calls': 15, '--suggestions': 1, '--jobs-file': None, '--verbose': False, 'dry_run': False, 'rev': 'a376313', 'opt_rev': '0.8.8'}
cmd: python opentuner/optimizer.py -c MLP-adam -d wine -o opentuner -u 7f73cb58c32856de80552d3aaa031e0f -m nll -n 15 -p 1 -dir /home/ryedida/bbo_challenge_starter_kit/output -b run_20230426_161952
/home/ryedida/.local/lib/python3.9/site-packages/sklearn/neural_network/_multilayer_perceptron.py:605: UserWarning: Got `batch_size` less than 1 or larger than sample size. It is going to be clipped
  warnings.warn(

/home/ryedida/.local/lib/python3.9/site-packages/sklearn/neural_network/_multilayer_perceptron.py:605: UserWarning: Got `batch_size` less than 1 or larger than sample size. It is going to be clipped
  warnings.warn(

/home/ryedida/.local/lib/python3.9/site-packages/sklearn/neural_network/_multilayer_perceptron.py:605: UserWarning: Got `batch_size` less than 1 or larger than sample size. It is going to be clipped
  warnings.warn(

/home/ryedida/.local/lib/python3.9/site-packages/sklearn/neural_network/_multilayer_perceptron.py:605: UserWarning: Got `batch_size` less than 1 or larger than sample size. It is going to be clipped
  warnings.warn(

/home/ryedida/.local/lib/python3.9/site-packages/sklearn/neural_network/_multilayer_perceptron.py:605: UserWarning: Got `batch_size` less than 1 or larger than sample size. It is going to be clipped
  warnings.warn(

computed signature: ([{'alpha': 0.019628224813442792, 'batch_size': 182, 'beta_1': 0.9410202200271762, 'beta_2': 0.9998021557676793, 'epsilon': 1.8662266976518e-08, 'hidden_layer_sizes': 147, 'learning_rate_init': 0.0005627932047415167, 'tol': 0.03690557729213761, 'validation_fraction': 0.8846827852548593}, {'alpha': 0.0019982467392329444, 'batch_size': 200, 'beta_1': 0.919111482530466, 'beta_2': 0.9998488260436156, 'epsilon': 5.981221901152555e-07, 'hidden_layer_sizes': 61, 'learning_rate_init': 2.2310905607443014e-05, 'tol': 1.2046852412030316e-05, 'validation_fraction': 0.8117896445826539}, {'alpha': 0.46659545670218433, 'batch_size': 219, 'beta_1': 0.9889789783750891, 'beta_2': 0.9999896868093284, 'epsilon': 2.4234724484675948e-08, 'hidden_layer_sizes': 167, 'learning_rate_init': 2.972334644335654e-05, 'tol': 0.0036281404040243792, 'validation_fraction': 0.17260651658522078}, {'alpha': 4.656005689076002, 'batch_size': 135, 'beta_1': 0.870503881627747, 'beta_2': 0.9948873266941017, 'epsilon': 2.1023308743480125e-07, 'hidden_layer_sizes': 118, 'learning_rate_init': 0.0018781738757161913, 'tol': 1.1889379831773004e-05, 'validation_fraction': 0.6264327093752792}, {'alpha': 0.04705159350400542, 'batch_size': 158, 'beta_1': 0.9870884262730957, 'beta_2': 0.9999596874382349, 'epsilon': 1.1981845126013875e-08, 'hidden_layer_sizes': 116, 'learning_rate_init': 0.00617340520407431, 'tol': 1.741413418158619e-05, 'validation_fraction': 0.6754299026638921}], [16.063962273407764, 23.274250254613083, 19.80193088400322, 3.463918210725012, 15.210579700922176])
/home/ryedida/.local/lib/python3.9/site-packages/bayesmark/signatures.py:85: RuntimeWarning: Signature diverged on MLP-adam_wine_nll betwen [15.51998549 22.35390307 19.16402613  3.37792524 14.64310022] and [16.06396227 23.27425025 19.80193088  3.46391821 15.2105797 ]
  warnings.warn(

Signature errors:
                          0         1         2         3         4       max
MLP-adam_wine_nll  0.543977  0.920347  0.637905  0.085993  0.567479  0.920347
max                0.543977  0.920347  0.637905  0.085993  0.567479  0.920347
starting sklearn study opentuner MLP-adam wine nll 15 1
with data root: None
suggestion time taken 0.017714 iter 0 next_points [{'hidden_layer_sizes': 59, 'alpha': 2.9488345119017083, 'batch_size': 78, 'learning_rate_init': 0.02552180702422595, 'tol': 0.019094833775861565, 'validation_fraction': 0.6456777092267946, 'beta_1': 0.5688838831581473, 'beta_2': 0.955173278864444, 'epsilon': 6.989361331094225e-07}]
/home/ryedida/.local/lib/python3.9/site-packages/sklearn/neural_network/_multilayer_perceptron.py:605: UserWarning: Got `batch_size` less than 1 or larger than sample size. It is going to be clipped
  warnings.warn(

function_evaluation time 0.083145 value 8.847794 suggestion {'hidden_layer_sizes': 59, 'alpha': 2.9488345119017083, 'batch_size': 78, 'learning_rate_init': 0.02552180702422595, 'tol': 0.019094833775861565, 'validation_fraction': 0.6456777092267946, 'beta_1': 0.5688838831581473, 'beta_2': 0.955173278864444, 'epsilon': 6.989361331094225e-07}
observation time 0.004178, current best 8.847794 at iter 0
suggestion time taken 0.006969 iter 1 next_points [{'hidden_layer_sizes': 59, 'alpha': 2.9488345119017083, 'batch_size': 78, 'learning_rate_init': 0.02552180702422595, 'tol': 0.019094833775861565, 'validation_fraction': 0.6456777092267946, 'beta_1': 0.5688838831581473, 'beta_2': 0.9429850543488956, 'epsilon': 6.989361331094225e-07}]
/home/ryedida/.local/lib/python3.9/site-packages/sklearn/neural_network/_multilayer_perceptron.py:605: UserWarning: Got `batch_size` less than 1 or larger than sample size. It is going to be clipped
  warnings.warn(

function_evaluation time 0.084293 value 4.877570 suggestion {'hidden_layer_sizes': 59, 'alpha': 2.9488345119017083, 'batch_size': 78, 'learning_rate_init': 0.02552180702422595, 'tol': 0.019094833775861565, 'validation_fraction': 0.6456777092267946, 'beta_1': 0.5688838831581473, 'beta_2': 0.9429850543488956, 'epsilon': 6.989361331094225e-07}
observation time 0.002110, current best 4.877570 at iter 1
suggestion time taken 0.021974 iter 2 next_points [{'beta_2': 0.9844348780119678, 'epsilon': 8.660496712281352e-07, 'batch_size': 103, 'hidden_layer_sizes': 121, 'tol': 0.03898865998857642, 'validation_fraction': 0.8753037251149582, 'beta_1': 0.7975945979165968, 'learning_rate_init': 0.06504924480264578, 'alpha': 0.3552356566402228}]
/home/ryedida/.local/lib/python3.9/site-packages/sklearn/neural_network/_multilayer_perceptron.py:605: UserWarning: Got `batch_size` less than 1 or larger than sample size. It is going to be clipped
  warnings.warn(

function_evaluation time 0.102962 value 4.051820 suggestion {'beta_2': 0.9844348780119678, 'epsilon': 8.660496712281352e-07, 'batch_size': 103, 'hidden_layer_sizes': 121, 'tol': 0.03898865998857642, 'validation_fraction': 0.8753037251149582, 'beta_1': 0.7975945979165968, 'learning_rate_init': 0.06504924480264578, 'alpha': 0.3552356566402228}
observation time 0.001825, current best 4.051820 at iter 2
suggestion time taken 0.046992 iter 3 next_points [{'beta_2': 0.9908558025047545, 'epsilon': 7.218892236487685e-07, 'batch_size': 95, 'hidden_layer_sizes': 57, 'tol': 0.007054605611036036, 'validation_fraction': 0.19872159992437438, 'beta_1': 0.6826208190630336, 'learning_rate_init': 0.07337106197580427, 'alpha': 7.422227395699737}]
function_evaluation time 0.093270 value 5.949295 suggestion {'beta_2': 0.9908558025047545, 'epsilon': 7.218892236487685e-07, 'batch_size': 95, 'hidden_layer_sizes': 57, 'tol': 0.007054605611036036, 'validation_fraction': 0.19872159992437438, 'beta_1': 0.6826208190630336, 'learning_rate_init': 0.07337106197580427, 'alpha': 7.422227395699737}
observation time 0.002033, current best 4.051820 at iter 3
suggestion time taken 0.006989 iter 4 next_points [{'beta_2': 0.9844348780119678, 'epsilon': 8.660496712281352e-07, 'batch_size': 103, 'hidden_layer_sizes': 126, 'tol': 0.03898865998857642, 'validation_fraction': 0.8753037251149582, 'beta_1': 0.7975945979165968, 'learning_rate_init': 0.06504924480264578, 'alpha': 0.5867381873990348}]
/home/ryedida/.local/lib/python3.9/site-packages/sklearn/neural_network/_multilayer_perceptron.py:605: UserWarning: Got `batch_size` less than 1 or larger than sample size. It is going to be clipped
  warnings.warn(

function_evaluation time 0.082719 value 7.360559 suggestion {'beta_2': 0.9844348780119678, 'epsilon': 8.660496712281352e-07, 'batch_size': 103, 'hidden_layer_sizes': 126, 'tol': 0.03898865998857642, 'validation_fraction': 0.8753037251149582, 'beta_1': 0.7975945979165968, 'learning_rate_init': 0.06504924480264578, 'alpha': 0.5867381873990348}
observation time 0.001814, current best 4.051820 at iter 4
suggestion time taken 0.006853 iter 5 next_points [{'beta_2': 0.9844348780119678, 'epsilon': 8.660496712281352e-07, 'batch_size': 103, 'hidden_layer_sizes': 121, 'tol': 0.09915927075612833, 'validation_fraction': 0.8820232914272225, 'beta_1': 0.5646179286565906, 'learning_rate_init': 0.06504924480264578, 'alpha': 0.3552356566402228}]
/home/ryedida/.local/lib/python3.9/site-packages/sklearn/neural_network/_multilayer_perceptron.py:605: UserWarning: Got `batch_size` less than 1 or larger than sample size. It is going to be clipped
  warnings.warn(

function_evaluation time 0.066703 value 6.428508 suggestion {'beta_2': 0.9844348780119678, 'epsilon': 8.660496712281352e-07, 'batch_size': 103, 'hidden_layer_sizes': 121, 'tol': 0.09915927075612833, 'validation_fraction': 0.8820232914272225, 'beta_1': 0.5646179286565906, 'learning_rate_init': 0.06504924480264578, 'alpha': 0.3552356566402228}
observation time 0.002325, current best 4.051820 at iter 5
suggestion time taken 0.005891 iter 6 next_points [{'beta_2': 0.9783076267594489, 'epsilon': 1.8664761683492747e-07, 'batch_size': 153, 'hidden_layer_sizes': 155, 'tol': 0.05840185722835505, 'validation_fraction': 0.8477425117414041, 'beta_1': 0.5850734242363274, 'learning_rate_init': 0.07797180727354618, 'alpha': 7.871796342406103}]
/home/ryedida/.local/lib/python3.9/site-packages/sklearn/neural_network/_multilayer_perceptron.py:605: UserWarning: Got `batch_size` less than 1 or larger than sample size. It is going to be clipped
  warnings.warn(

function_evaluation time 0.090652 value 3.155247 suggestion {'beta_2': 0.9783076267594489, 'epsilon': 1.8664761683492747e-07, 'batch_size': 153, 'hidden_layer_sizes': 155, 'tol': 0.05840185722835505, 'validation_fraction': 0.8477425117414041, 'beta_1': 0.5850734242363274, 'learning_rate_init': 0.07797180727354618, 'alpha': 7.871796342406103}
observation time 0.001838, current best 3.155247 at iter 6
suggestion time taken 0.005926 iter 7 next_points [{'beta_2': 0.9443938167135363, 'epsilon': 3.730375034710344e-07, 'batch_size': 130, 'hidden_layer_sizes': 131, 'tol': 0.0902498017128918, 'validation_fraction': 0.5429349109258176, 'beta_1': 0.8883723037174128, 'learning_rate_init': 0.0416253635180736, 'alpha': 2.0045392079852493}]
/home/ryedida/.local/lib/python3.9/site-packages/sklearn/neural_network/_multilayer_perceptron.py:605: UserWarning: Got `batch_size` less than 1 or larger than sample size. It is going to be clipped
  warnings.warn(

function_evaluation time 0.075050 value 11.054478 suggestion {'beta_2': 0.9443938167135363, 'epsilon': 3.730375034710344e-07, 'batch_size': 130, 'hidden_layer_sizes': 131, 'tol': 0.0902498017128918, 'validation_fraction': 0.5429349109258176, 'beta_1': 0.8883723037174128, 'learning_rate_init': 0.0416253635180736, 'alpha': 2.0045392079852493}
observation time 0.002013, current best 3.155247 at iter 7
suggestion time taken 0.005806 iter 8 next_points [{'beta_2': 0.9858459292034716, 'epsilon': 8.768112861606548e-07, 'batch_size': 207, 'hidden_layer_sizes': 95, 'tol': 0.055744997382369314, 'validation_fraction': 0.20492782624653805, 'beta_1': 0.7423443801299061, 'learning_rate_init': 0.017689976666989283, 'alpha': 4.896043021476182}]
/home/ryedida/.local/lib/python3.9/site-packages/sklearn/neural_network/_multilayer_perceptron.py:605: UserWarning: Got `batch_size` less than 1 or larger than sample size. It is going to be clipped
  warnings.warn(

function_evaluation time 0.082210 value 5.886008 suggestion {'beta_2': 0.9858459292034716, 'epsilon': 8.768112861606548e-07, 'batch_size': 207, 'hidden_layer_sizes': 95, 'tol': 0.055744997382369314, 'validation_fraction': 0.20492782624653805, 'beta_1': 0.7423443801299061, 'learning_rate_init': 0.017689976666989283, 'alpha': 4.896043021476182}
observation time 0.001846, current best 3.155247 at iter 8
suggestion time taken 0.006958 iter 9 next_points [{'beta_2': 0.9783076267594489, 'epsilon': 1.8664761683492747e-07, 'batch_size': 153, 'hidden_layer_sizes': 74, 'tol': 0.05840185722835505, 'validation_fraction': 0.8477425117414041, 'beta_1': 0.5850734242363274, 'learning_rate_init': 0.07797180727354618, 'alpha': 7.871796342406103}]
/home/ryedida/.local/lib/python3.9/site-packages/sklearn/neural_network/_multilayer_perceptron.py:605: UserWarning: Got `batch_size` less than 1 or larger than sample size. It is going to be clipped
  warnings.warn(

function_evaluation time 0.075377 value 7.077916 suggestion {'beta_2': 0.9783076267594489, 'epsilon': 1.8664761683492747e-07, 'batch_size': 153, 'hidden_layer_sizes': 74, 'tol': 0.05840185722835505, 'validation_fraction': 0.8477425117414041, 'beta_1': 0.5850734242363274, 'learning_rate_init': 0.07797180727354618, 'alpha': 7.871796342406103}
observation time 0.002764, current best 3.155247 at iter 9
suggestion time taken 0.006904 iter 10 next_points [{'beta_2': 0.983968656493816, 'epsilon': 1.8664761683492747e-07, 'batch_size': 155, 'hidden_layer_sizes': 155, 'tol': 0.05038662429536738, 'validation_fraction': 0.8231859674924793, 'beta_1': 0.5850734242363274, 'learning_rate_init': 0.07797180727354618, 'alpha': 7.132898284832178}]
/home/ryedida/.local/lib/python3.9/site-packages/sklearn/neural_network/_multilayer_perceptron.py:605: UserWarning: Got `batch_size` less than 1 or larger than sample size. It is going to be clipped
  warnings.warn(

function_evaluation time 0.072232 value 5.171408 suggestion {'beta_2': 0.983968656493816, 'epsilon': 1.8664761683492747e-07, 'batch_size': 155, 'hidden_layer_sizes': 155, 'tol': 0.05038662429536738, 'validation_fraction': 0.8231859674924793, 'beta_1': 0.5850734242363274, 'learning_rate_init': 0.07797180727354618, 'alpha': 7.132898284832178}
observation time 0.002094, current best 3.155247 at iter 10
suggestion time taken 0.006074 iter 11 next_points [{'beta_2': 0.9029827038536298, 'epsilon': 1.051666117806983e-07, 'batch_size': 135, 'hidden_layer_sizes': 173, 'tol': 0.09060512455398399, 'validation_fraction': 0.37523524379334205, 'beta_1': 0.7883595938544952, 'learning_rate_init': 0.057881782605624536, 'alpha': 0.932250401082292}]
/home/ryedida/.local/lib/python3.9/site-packages/sklearn/neural_network/_multilayer_perceptron.py:605: UserWarning: Got `batch_size` less than 1 or larger than sample size. It is going to be clipped
  warnings.warn(

function_evaluation time 0.068881 value 12.865888 suggestion {'beta_2': 0.9029827038536298, 'epsilon': 1.051666117806983e-07, 'batch_size': 135, 'hidden_layer_sizes': 173, 'tol': 0.09060512455398399, 'validation_fraction': 0.37523524379334205, 'beta_1': 0.7883595938544952, 'learning_rate_init': 0.057881782605624536, 'alpha': 0.932250401082292}
observation time 0.002018, current best 3.155247 at iter 11
suggestion time taken 0.005933 iter 12 next_points [{'beta_2': 0.933127230843878, 'epsilon': 1.4119761418460063e-07, 'batch_size': 74, 'hidden_layer_sizes': 183, 'tol': 0.006015439893453035, 'validation_fraction': 0.28762020448941605, 'beta_1': 0.9425208528579687, 'learning_rate_init': 0.05684790578815673, 'alpha': 0.7288283760314037}]
function_evaluation time 0.129761 value 3.626144 suggestion {'beta_2': 0.933127230843878, 'epsilon': 1.4119761418460063e-07, 'batch_size': 74, 'hidden_layer_sizes': 183, 'tol': 0.006015439893453035, 'validation_fraction': 0.28762020448941605, 'beta_1': 0.9425208528579687, 'learning_rate_init': 0.05684790578815673, 'alpha': 0.7288283760314037}
observation time 0.001830, current best 3.155247 at iter 12
suggestion time taken 0.006604 iter 13 next_points [{'beta_2': 0.9783076267594489, 'epsilon': 1.8664761683492747e-07, 'batch_size': 153, 'hidden_layer_sizes': 155, 'tol': 0.05840185722835505, 'validation_fraction': 0.7950064881992329, 'beta_1': 0.6230890469135171, 'learning_rate_init': 0.07797180727354618, 'alpha': 7.871796342406103}]
/home/ryedida/.local/lib/python3.9/site-packages/sklearn/neural_network/_multilayer_perceptron.py:605: UserWarning: Got `batch_size` less than 1 or larger than sample size. It is going to be clipped
  warnings.warn(

function_evaluation time 0.079726 value 6.534084 suggestion {'beta_2': 0.9783076267594489, 'epsilon': 1.8664761683492747e-07, 'batch_size': 153, 'hidden_layer_sizes': 155, 'tol': 0.05840185722835505, 'validation_fraction': 0.7950064881992329, 'beta_1': 0.6230890469135171, 'learning_rate_init': 0.07797180727354618, 'alpha': 7.871796342406103}
observation time 0.002028, current best 3.155247 at iter 13
suggestion time taken 0.007234 iter 14 next_points [{'beta_2': 0.9783076267594489, 'epsilon': 1.8664761683492747e-07, 'batch_size': 153, 'hidden_layer_sizes': 147, 'tol': 0.05840185722835505, 'validation_fraction': 0.8477425117414041, 'beta_1': 0.5850734242363274, 'learning_rate_init': 0.03945354191005828, 'alpha': 7.871796342406103}]
/home/ryedida/.local/lib/python3.9/site-packages/sklearn/neural_network/_multilayer_perceptron.py:605: UserWarning: Got `batch_size` less than 1 or larger than sample size. It is going to be clipped
  warnings.warn(

function_evaluation time 0.080928 value 5.773072 suggestion {'beta_2': 0.9783076267594489, 'epsilon': 1.8664761683492747e-07, 'batch_size': 153, 'hidden_layer_sizes': 147, 'tol': 0.05840185722835505, 'validation_fraction': 0.8477425117414041, 'beta_1': 0.5850734242363274, 'learning_rate_init': 0.03945354191005828, 'alpha': 7.871796342406103}
observation time 0.001888, current best 3.155247 at iter 14
saving meta data: {'args': {'--uuid': '7f73cb58c32856de80552d3aaa031e0f', '-db-root': '/home/ryedida/bbo_challenge_starter_kit/output', '--opt-root': '/home/ryedida/bbo_challenge_starter_kit/example_submissions', '--data-root': None, '--db': 'run_20230426_161952', '--opt': 'opentuner', '--data': 'wine', '--classifier': 'MLP-adam', '--metric': 'nll', '--calls': 15, '--suggestions': 1, '--jobs-file': None, '--verbose': False, 'dry_run': False, 'rev': 'a376313', 'opt_rev': '0.8.8'}, 'signature': ([{'alpha': 0.019628224813442792, 'batch_size': 182, 'beta_1': 0.9410202200271762, 'beta_2': 0.9998021557676793, 'epsilon': 1.8662266976518e-08, 'hidden_layer_sizes': 147, 'learning_rate_init': 0.0005627932047415167, 'tol': 0.03690557729213761, 'validation_fraction': 0.8846827852548593}, {'alpha': 0.0019982467392329444, 'batch_size': 200, 'beta_1': 0.919111482530466, 'beta_2': 0.9998488260436156, 'epsilon': 5.981221901152555e-07, 'hidden_layer_sizes': 61, 'learning_rate_init': 2.2310905607443014e-05, 'tol': 1.2046852412030316e-05, 'validation_fraction': 0.8117896445826539}, {'alpha': 0.46659545670218433, 'batch_size': 219, 'beta_1': 0.9889789783750891, 'beta_2': 0.9999896868093284, 'epsilon': 2.4234724484675948e-08, 'hidden_layer_sizes': 167, 'learning_rate_init': 2.972334644335654e-05, 'tol': 0.0036281404040243792, 'validation_fraction': 0.17260651658522078}, {'alpha': 4.656005689076002, 'batch_size': 135, 'beta_1': 0.870503881627747, 'beta_2': 0.9948873266941017, 'epsilon': 2.1023308743480125e-07, 'hidden_layer_sizes': 118, 'learning_rate_init': 0.0018781738757161913, 'tol': 1.1889379831773004e-05, 'validation_fraction': 0.6264327093752792}, {'alpha': 0.04705159350400542, 'batch_size': 158, 'beta_1': 0.9870884262730957, 'beta_2': 0.9999596874382349, 'epsilon': 1.1981845126013875e-08, 'hidden_layer_sizes': 116, 'learning_rate_init': 0.00617340520407431, 'tol': 1.741413418158619e-05, 'validation_fraction': 0.6754299026638921}], [16.063962273407764, 23.274250254613083, 19.80193088400322, 3.463918210725012, 15.210579700922176])}
saving results
saving timing
saving suggest log
done
