running: {'--uuid': 'b9a0e550603e571e92260a42f4eb5217', '-db-root': '/home/ryedida/bbo_challenge_starter_kit/output', '--opt-root': '/home/ryedida/bbo_challenge_starter_kit/example_submissions', '--data-root': None, '--db': 'run_20230426_161952', '--opt': 'opentuner', '--data': 'wine', '--classifier': 'MLP-adam', '--metric': 'acc', '--calls': 15, '--suggestions': 1, '--jobs-file': None, '--verbose': False, 'dry_run': False, 'rev': 'a376313', 'opt_rev': '0.8.8'}
cmd: python opentuner/optimizer.py -c MLP-adam -d wine -o opentuner -u b9a0e550603e571e92260a42f4eb5217 -m acc -n 15 -p 1 -dir /home/ryedida/bbo_challenge_starter_kit/output -b run_20230426_161952
/home/ryedida/.local/lib/python3.9/site-packages/sklearn/neural_network/_multilayer_perceptron.py:605: UserWarning: Got `batch_size` less than 1 or larger than sample size. It is going to be clipped
  warnings.warn(

/home/ryedida/.local/lib/python3.9/site-packages/sklearn/neural_network/_multilayer_perceptron.py:605: UserWarning: Got `batch_size` less than 1 or larger than sample size. It is going to be clipped
  warnings.warn(

/home/ryedida/.local/lib/python3.9/site-packages/sklearn/neural_network/_multilayer_perceptron.py:605: UserWarning: Got `batch_size` less than 1 or larger than sample size. It is going to be clipped
  warnings.warn(

/home/ryedida/.local/lib/python3.9/site-packages/sklearn/neural_network/_multilayer_perceptron.py:605: UserWarning: Got `batch_size` less than 1 or larger than sample size. It is going to be clipped
  warnings.warn(

/home/ryedida/.local/lib/python3.9/site-packages/sklearn/neural_network/_multilayer_perceptron.py:605: UserWarning: Got `batch_size` less than 1 or larger than sample size. It is going to be clipped
  warnings.warn(

computed signature: ([{'alpha': 0.019628224813442792, 'batch_size': 182, 'beta_1': 0.9410202200271762, 'beta_2': 0.9998021557676793, 'epsilon': 1.8662266976518e-08, 'hidden_layer_sizes': 147, 'learning_rate_init': 0.0005627932047415167, 'tol': 0.03690557729213761, 'validation_fraction': 0.8846827852548593}, {'alpha': 0.0019982467392329444, 'batch_size': 200, 'beta_1': 0.919111482530466, 'beta_2': 0.9998488260436156, 'epsilon': 5.981221901152555e-07, 'hidden_layer_sizes': 61, 'learning_rate_init': 2.2310905607443014e-05, 'tol': 1.2046852412030316e-05, 'validation_fraction': 0.8117896445826539}, {'alpha': 0.46659545670218433, 'batch_size': 219, 'beta_1': 0.9889789783750891, 'beta_2': 0.9999896868093284, 'epsilon': 2.4234724484675948e-08, 'hidden_layer_sizes': 167, 'learning_rate_init': 2.972334644335654e-05, 'tol': 0.0036281404040243792, 'validation_fraction': 0.17260651658522078}, {'alpha': 4.656005689076002, 'batch_size': 135, 'beta_1': 0.870503881627747, 'beta_2': 0.9948873266941017, 'epsilon': 2.1023308743480125e-07, 'hidden_layer_sizes': 118, 'learning_rate_init': 0.0018781738757161913, 'tol': 1.1889379831773004e-05, 'validation_fraction': 0.6264327093752792}, {'alpha': 0.04705159350400542, 'batch_size': 158, 'beta_1': 0.9870884262730957, 'beta_2': 0.9999596874382349, 'epsilon': 1.1981845126013875e-08, 'hidden_layer_sizes': 116, 'learning_rate_init': 0.00617340520407431, 'tol': 1.741413418158619e-05, 'validation_fraction': 0.6754299026638921}], [-0.4359605911330049, -0.3169950738916256, -0.3312807881773399, -0.6620689655172413, -0.5017241379310344])
Signature errors:
                     0    1    2    3    4  max
MLP-adam_wine_acc  0.0  0.0  0.0  0.0  0.0  0.0
max                0.0  0.0  0.0  0.0  0.0  0.0
starting sklearn study opentuner MLP-adam wine acc 15 1
with data root: None
suggestion time taken 0.057180 iter 0 next_points [{'hidden_layer_sizes': 108, 'alpha': 0.011133381850730584, 'batch_size': 182, 'learning_rate_init': 0.06872644995807524, 'tol': 0.062288798841623354, 'validation_fraction': 0.5252474082496861, 'beta_1': 0.9575882130272968, 'beta_2': 0.9425766896648734, 'epsilon': 7.354860772917627e-07}]
/home/ryedida/.local/lib/python3.9/site-packages/sklearn/neural_network/_multilayer_perceptron.py:605: UserWarning: Got `batch_size` less than 1 or larger than sample size. It is going to be clipped
  warnings.warn(

function_evaluation time 0.069485 value -0.521429 suggestion {'hidden_layer_sizes': 108, 'alpha': 0.011133381850730584, 'batch_size': 182, 'learning_rate_init': 0.06872644995807524, 'tol': 0.062288798841623354, 'validation_fraction': 0.5252474082496861, 'beta_1': 0.9575882130272968, 'beta_2': 0.9425766896648734, 'epsilon': 7.354860772917627e-07}
observation time 0.004276, current best -0.521429 at iter 0
suggestion time taken 0.008080 iter 1 next_points [{'hidden_layer_sizes': 108, 'alpha': 0.042900808309389075, 'batch_size': 182, 'learning_rate_init': 0.06872644995807524, 'tol': 0.062288798841623354, 'validation_fraction': 0.5252474082496861, 'beta_1': 0.9575882130272968, 'beta_2': 0.9425766896648734, 'epsilon': 6.509842628571173e-07}]
/home/ryedida/.local/lib/python3.9/site-packages/sklearn/neural_network/_multilayer_perceptron.py:605: UserWarning: Got `batch_size` less than 1 or larger than sample size. It is going to be clipped
  warnings.warn(

function_evaluation time 0.056099 value -0.457635 suggestion {'hidden_layer_sizes': 108, 'alpha': 0.042900808309389075, 'batch_size': 182, 'learning_rate_init': 0.06872644995807524, 'tol': 0.062288798841623354, 'validation_fraction': 0.5252474082496861, 'beta_1': 0.9575882130272968, 'beta_2': 0.9425766896648734, 'epsilon': 6.509842628571173e-07}
observation time 0.001887, current best -0.521429 at iter 1
suggestion time taken 0.007011 iter 2 next_points [{'hidden_layer_sizes': 108, 'alpha': 0.011133381850730584, 'batch_size': 182, 'learning_rate_init': 0.060725478599916664, 'tol': 0.062288798841623354, 'validation_fraction': 0.5252474082496861, 'beta_1': 0.9575882130272968, 'beta_2': 0.9425766896648734, 'epsilon': 7.354860772917627e-07}]
/home/ryedida/.local/lib/python3.9/site-packages/sklearn/neural_network/_multilayer_perceptron.py:605: UserWarning: Got `batch_size` less than 1 or larger than sample size. It is going to be clipped
  warnings.warn(

function_evaluation time 0.067043 value -0.542118 suggestion {'hidden_layer_sizes': 108, 'alpha': 0.011133381850730584, 'batch_size': 182, 'learning_rate_init': 0.060725478599916664, 'tol': 0.062288798841623354, 'validation_fraction': 0.5252474082496861, 'beta_1': 0.9575882130272968, 'beta_2': 0.9425766896648734, 'epsilon': 7.354860772917627e-07}
observation time 0.002006, current best -0.542118 at iter 2
suggestion time taken 0.021998 iter 3 next_points [{'learning_rate_init': 0.059183387241202805, 'epsilon': 7.075167653141912e-07, 'tol': 0.030629976512392233, 'batch_size': 56, 'beta_2': 0.9414354014365515, 'beta_1': 0.6017420377909465, 'validation_fraction': 0.5170878619309195, 'alpha': 1.620248868823361, 'hidden_layer_sizes': 197}]
function_evaluation time 0.108465 value -0.726355 suggestion {'learning_rate_init': 0.059183387241202805, 'epsilon': 7.075167653141912e-07, 'tol': 0.030629976512392233, 'batch_size': 56, 'beta_2': 0.9414354014365515, 'beta_1': 0.6017420377909465, 'validation_fraction': 0.5170878619309195, 'alpha': 1.620248868823361, 'hidden_layer_sizes': 197}
observation time 0.002052, current best -0.726355 at iter 3
suggestion time taken 0.007139 iter 4 next_points [{'learning_rate_init': 0.059183387241202805, 'epsilon': 3.481810428035127e-07, 'tol': 0.030629976512392233, 'batch_size': 56, 'beta_2': 0.9414354014365515, 'beta_1': 0.6017420377909465, 'validation_fraction': 0.5170878619309195, 'alpha': 1.620248868823361, 'hidden_layer_sizes': 197}]
function_evaluation time 0.103023 value -0.684483 suggestion {'learning_rate_init': 0.059183387241202805, 'epsilon': 3.481810428035127e-07, 'tol': 0.030629976512392233, 'batch_size': 56, 'beta_2': 0.9414354014365515, 'beta_1': 0.6017420377909465, 'validation_fraction': 0.5170878619309195, 'alpha': 1.620248868823361, 'hidden_layer_sizes': 197}
observation time 0.001895, current best -0.726355 at iter 4
suggestion time taken 0.005283 iter 5 next_points [{'hidden_layer_sizes': 167, 'alpha': 2.3301848840802752, 'batch_size': 248, 'learning_rate_init': 0.017023135716985372, 'tol': 0.03271063899689979, 'validation_fraction': 0.4266978388476985, 'beta_1': 0.6673421034507785, 'beta_2': 0.9347057322478217, 'epsilon': 3.3804015378610566e-07}]
/home/ryedida/.local/lib/python3.9/site-packages/sklearn/neural_network/_multilayer_perceptron.py:605: UserWarning: Got `batch_size` less than 1 or larger than sample size. It is going to be clipped
  warnings.warn(

function_evaluation time 0.087403 value -0.599015 suggestion {'hidden_layer_sizes': 167, 'alpha': 2.3301848840802752, 'batch_size': 248, 'learning_rate_init': 0.017023135716985372, 'tol': 0.03271063899689979, 'validation_fraction': 0.4266978388476985, 'beta_1': 0.6673421034507785, 'beta_2': 0.9347057322478217, 'epsilon': 3.3804015378610566e-07}
observation time 0.001961, current best -0.726355 at iter 5
suggestion time taken 0.006291 iter 6 next_points [{'learning_rate_init': 0.0740100120880162, 'epsilon': 5.481421788971753e-07, 'tol': 0.07980118177098887, 'batch_size': 37, 'beta_2': 0.985666349517802, 'beta_1': 0.5373102144261339, 'validation_fraction': 0.7689343840607482, 'alpha': 4.28189512544527, 'hidden_layer_sizes': 190}]
/home/ryedida/.local/lib/python3.9/site-packages/sklearn/neural_network/_multilayer_perceptron.py:605: UserWarning: Got `batch_size` less than 1 or larger than sample size. It is going to be clipped
  warnings.warn(

function_evaluation time 0.075970 value -0.530296 suggestion {'learning_rate_init': 0.0740100120880162, 'epsilon': 5.481421788971753e-07, 'tol': 0.07980118177098887, 'batch_size': 37, 'beta_2': 0.985666349517802, 'beta_1': 0.5373102144261339, 'validation_fraction': 0.7689343840607482, 'alpha': 4.28189512544527, 'hidden_layer_sizes': 190}
observation time 0.001885, current best -0.726355 at iter 6
suggestion time taken 0.006414 iter 7 next_points [{'learning_rate_init': 0.0013064279683689295, 'epsilon': 4.1812165566032413e-07, 'tol': 0.09749540306505049, 'batch_size': 177, 'beta_2': 0.9373258554158653, 'beta_1': 0.7604802258700074, 'validation_fraction': 0.6620483865080734, 'alpha': 5.221913780611349, 'hidden_layer_sizes': 144}]
/home/ryedida/.local/lib/python3.9/site-packages/sklearn/neural_network/_multilayer_perceptron.py:605: UserWarning: Got `batch_size` less than 1 or larger than sample size. It is going to be clipped
  warnings.warn(

function_evaluation time 0.063008 value -0.613300 suggestion {'learning_rate_init': 0.0013064279683689295, 'epsilon': 4.1812165566032413e-07, 'tol': 0.09749540306505049, 'batch_size': 177, 'beta_2': 0.9373258554158653, 'beta_1': 0.7604802258700074, 'validation_fraction': 0.6620483865080734, 'alpha': 5.221913780611349, 'hidden_layer_sizes': 144}
observation time 0.001892, current best -0.726355 at iter 7
suggestion time taken 0.005247 iter 8 next_points [{'hidden_layer_sizes': 104, 'alpha': 2.627400779481437, 'batch_size': 249, 'learning_rate_init': 0.004675401352555331, 'tol': 0.07066174616617664, 'validation_fraction': 0.36771690247394306, 'beta_1': 0.7136113907178672, 'beta_2': 0.9938884081184949, 'epsilon': 2.396581645641428e-07}]
/home/ryedida/.local/lib/python3.9/site-packages/sklearn/neural_network/_multilayer_perceptron.py:605: UserWarning: Got `batch_size` less than 1 or larger than sample size. It is going to be clipped
  warnings.warn(

function_evaluation time 0.066656 value -0.626601 suggestion {'hidden_layer_sizes': 104, 'alpha': 2.627400779481437, 'batch_size': 249, 'learning_rate_init': 0.004675401352555331, 'tol': 0.07066174616617664, 'validation_fraction': 0.36771690247394306, 'beta_1': 0.7136113907178672, 'beta_2': 0.9938884081184949, 'epsilon': 2.396581645641428e-07}
observation time 0.002047, current best -0.726355 at iter 8
suggestion time taken 0.007214 iter 9 next_points [{'learning_rate_init': 0.059183387241202805, 'epsilon': 7.075167653141912e-07, 'tol': 0.030629976512392233, 'batch_size': 56, 'beta_2': 0.9090674381928241, 'beta_1': 0.6017420377909465, 'validation_fraction': 0.5170878619309195, 'alpha': 0.9904256016725338, 'hidden_layer_sizes': 197}]
function_evaluation time 0.099848 value -0.648276 suggestion {'learning_rate_init': 0.059183387241202805, 'epsilon': 7.075167653141912e-07, 'tol': 0.030629976512392233, 'batch_size': 56, 'beta_2': 0.9090674381928241, 'beta_1': 0.6017420377909465, 'validation_fraction': 0.5170878619309195, 'alpha': 0.9904256016725338, 'hidden_layer_sizes': 197}
observation time 0.002103, current best -0.726355 at iter 9
suggestion time taken 0.006458 iter 10 next_points [{'learning_rate_init': 0.0767340681648047, 'epsilon': 4.792459446239784e-07, 'tol': 0.07843739810921961, 'batch_size': 248, 'beta_2': 0.9833709019359114, 'beta_1': 0.830382706398187, 'validation_fraction': 0.49072229093558783, 'alpha': 8.993739974213304, 'hidden_layer_sizes': 78}]
/home/ryedida/.local/lib/python3.9/site-packages/sklearn/neural_network/_multilayer_perceptron.py:605: UserWarning: Got `batch_size` less than 1 or larger than sample size. It is going to be clipped
  warnings.warn(

function_evaluation time 0.052815 value -0.499754 suggestion {'learning_rate_init': 0.0767340681648047, 'epsilon': 4.792459446239784e-07, 'tol': 0.07843739810921961, 'batch_size': 248, 'beta_2': 0.9833709019359114, 'beta_1': 0.830382706398187, 'validation_fraction': 0.49072229093558783, 'alpha': 8.993739974213304, 'hidden_layer_sizes': 78}
observation time 0.003042, current best -0.726355 at iter 10
suggestion time taken 0.005307 iter 11 next_points [{'hidden_layer_sizes': 116, 'alpha': 0.8863843003981086, 'batch_size': 166, 'learning_rate_init': 0.024517888803394495, 'tol': 0.03286946528861006, 'validation_fraction': 0.6366212940610357, 'beta_1': 0.6639153085181716, 'beta_2': 0.9313632322840527, 'epsilon': 4.828434256037562e-07}]
/home/ryedida/.local/lib/python3.9/site-packages/sklearn/neural_network/_multilayer_perceptron.py:605: UserWarning: Got `batch_size` less than 1 or larger than sample size. It is going to be clipped
  warnings.warn(

function_evaluation time 0.070467 value -0.606650 suggestion {'hidden_layer_sizes': 116, 'alpha': 0.8863843003981086, 'batch_size': 166, 'learning_rate_init': 0.024517888803394495, 'tol': 0.03286946528861006, 'validation_fraction': 0.6366212940610357, 'beta_1': 0.6639153085181716, 'beta_2': 0.9313632322840527, 'epsilon': 4.828434256037562e-07}
observation time 0.001901, current best -0.726355 at iter 11
suggestion time taken 0.007060 iter 12 next_points [{'learning_rate_init': 0.059183387241202805, 'epsilon': 7.075167653141912e-07, 'tol': 0.030629976512392233, 'batch_size': 233, 'beta_2': 0.9414354014365515, 'beta_1': 0.6017420377909465, 'validation_fraction': 0.5170878619309195, 'alpha': 1.620248868823361, 'hidden_layer_sizes': 197}]
/home/ryedida/.local/lib/python3.9/site-packages/sklearn/neural_network/_multilayer_perceptron.py:605: UserWarning: Got `batch_size` less than 1 or larger than sample size. It is going to be clipped
  warnings.warn(

function_evaluation time 0.115541 value -0.697291 suggestion {'learning_rate_init': 0.059183387241202805, 'epsilon': 7.075167653141912e-07, 'tol': 0.030629976512392233, 'batch_size': 233, 'beta_2': 0.9414354014365515, 'beta_1': 0.6017420377909465, 'validation_fraction': 0.5170878619309195, 'alpha': 1.620248868823361, 'hidden_layer_sizes': 197}
observation time 0.001859, current best -0.726355 at iter 12
suggestion time taken 0.005226 iter 13 next_points [{'hidden_layer_sizes': 50, 'alpha': 0.026386847048807494, 'batch_size': 66, 'learning_rate_init': 0.020827551301324677, 'tol': 0.08197967324674342, 'validation_fraction': 0.632193766887439, 'beta_1': 0.5025883486086987, 'beta_2': 0.9496697591683023, 'epsilon': 4.587843402131521e-07}]
/home/ryedida/.local/lib/python3.9/site-packages/sklearn/neural_network/_multilayer_perceptron.py:605: UserWarning: Got `batch_size` less than 1 or larger than sample size. It is going to be clipped
  warnings.warn(

function_evaluation time 0.060326 value -0.551232 suggestion {'hidden_layer_sizes': 50, 'alpha': 0.026386847048807494, 'batch_size': 66, 'learning_rate_init': 0.020827551301324677, 'tol': 0.08197967324674342, 'validation_fraction': 0.632193766887439, 'beta_1': 0.5025883486086987, 'beta_2': 0.9496697591683023, 'epsilon': 4.587843402131521e-07}
observation time 0.001887, current best -0.726355 at iter 13
suggestion time taken 0.007242 iter 14 next_points [{'learning_rate_init': 0.059183387241202805, 'epsilon': 2.5723813493247385e-07, 'tol': 0.030629976512392233, 'batch_size': 56, 'beta_2': 0.9414354014365515, 'beta_1': 0.6017420377909465, 'validation_fraction': 0.5170878619309195, 'alpha': 1.620248868823361, 'hidden_layer_sizes': 197}]
function_evaluation time 0.106972 value -0.669212 suggestion {'learning_rate_init': 0.059183387241202805, 'epsilon': 2.5723813493247385e-07, 'tol': 0.030629976512392233, 'batch_size': 56, 'beta_2': 0.9414354014365515, 'beta_1': 0.6017420377909465, 'validation_fraction': 0.5170878619309195, 'alpha': 1.620248868823361, 'hidden_layer_sizes': 197}
observation time 0.001899, current best -0.726355 at iter 14
saving meta data: {'args': {'--uuid': 'b9a0e550603e571e92260a42f4eb5217', '-db-root': '/home/ryedida/bbo_challenge_starter_kit/output', '--opt-root': '/home/ryedida/bbo_challenge_starter_kit/example_submissions', '--data-root': None, '--db': 'run_20230426_161952', '--opt': 'opentuner', '--data': 'wine', '--classifier': 'MLP-adam', '--metric': 'acc', '--calls': 15, '--suggestions': 1, '--jobs-file': None, '--verbose': False, 'dry_run': False, 'rev': 'a376313', 'opt_rev': '0.8.8'}, 'signature': ([{'alpha': 0.019628224813442792, 'batch_size': 182, 'beta_1': 0.9410202200271762, 'beta_2': 0.9998021557676793, 'epsilon': 1.8662266976518e-08, 'hidden_layer_sizes': 147, 'learning_rate_init': 0.0005627932047415167, 'tol': 0.03690557729213761, 'validation_fraction': 0.8846827852548593}, {'alpha': 0.0019982467392329444, 'batch_size': 200, 'beta_1': 0.919111482530466, 'beta_2': 0.9998488260436156, 'epsilon': 5.981221901152555e-07, 'hidden_layer_sizes': 61, 'learning_rate_init': 2.2310905607443014e-05, 'tol': 1.2046852412030316e-05, 'validation_fraction': 0.8117896445826539}, {'alpha': 0.46659545670218433, 'batch_size': 219, 'beta_1': 0.9889789783750891, 'beta_2': 0.9999896868093284, 'epsilon': 2.4234724484675948e-08, 'hidden_layer_sizes': 167, 'learning_rate_init': 2.972334644335654e-05, 'tol': 0.0036281404040243792, 'validation_fraction': 0.17260651658522078}, {'alpha': 4.656005689076002, 'batch_size': 135, 'beta_1': 0.870503881627747, 'beta_2': 0.9948873266941017, 'epsilon': 2.1023308743480125e-07, 'hidden_layer_sizes': 118, 'learning_rate_init': 0.0018781738757161913, 'tol': 1.1889379831773004e-05, 'validation_fraction': 0.6264327093752792}, {'alpha': 0.04705159350400542, 'batch_size': 158, 'beta_1': 0.9870884262730957, 'beta_2': 0.9999596874382349, 'epsilon': 1.1981845126013875e-08, 'hidden_layer_sizes': 116, 'learning_rate_init': 0.00617340520407431, 'tol': 1.741413418158619e-05, 'validation_fraction': 0.6754299026638921}], [-0.4359605911330049, -0.3169950738916256, -0.3312807881773399, -0.6620689655172413, -0.5017241379310344])}
saving results
saving timing
saving suggest log
done
