running: {'--uuid': 'bb6103e1d86057f3988cb28a40a9719f', '-db-root': '/home/ryedida/bbo_challenge_starter_kit/output', '--opt-root': '/home/ryedida/bbo_challenge_starter_kit/example_submissions', '--data-root': None, '--db': 'run_20230426_161952', '--opt': 'smoothness', '--data': 'wine', '--classifier': 'MLP-adam', '--metric': 'nll', '--calls': 15, '--suggestions': 1, '--jobs-file': None, '--verbose': False, 'dry_run': False, 'rev': 'a376313', 'opt_rev': 'x.x.x'}
cmd: python smoothness/optimizer.py -c MLP-adam -d wine -o smoothness -u bb6103e1d86057f3988cb28a40a9719f -m nll -n 15 -p 1 -dir /home/ryedida/bbo_challenge_starter_kit/output -b run_20230426_161952
/home/ryedida/.local/lib/python3.9/site-packages/sklearn/neural_network/_multilayer_perceptron.py:605: UserWarning: Got `batch_size` less than 1 or larger than sample size. It is going to be clipped
  warnings.warn(

/home/ryedida/.local/lib/python3.9/site-packages/sklearn/neural_network/_multilayer_perceptron.py:605: UserWarning: Got `batch_size` less than 1 or larger than sample size. It is going to be clipped
  warnings.warn(

/home/ryedida/.local/lib/python3.9/site-packages/sklearn/neural_network/_multilayer_perceptron.py:605: UserWarning: Got `batch_size` less than 1 or larger than sample size. It is going to be clipped
  warnings.warn(

/home/ryedida/.local/lib/python3.9/site-packages/sklearn/neural_network/_multilayer_perceptron.py:605: UserWarning: Got `batch_size` less than 1 or larger than sample size. It is going to be clipped
  warnings.warn(

/home/ryedida/.local/lib/python3.9/site-packages/sklearn/neural_network/_multilayer_perceptron.py:605: UserWarning: Got `batch_size` less than 1 or larger than sample size. It is going to be clipped
  warnings.warn(

computed signature: ([{'alpha': 0.019628224813442792, 'batch_size': 182, 'beta_1': 0.9410202200271762, 'beta_2': 0.9998021557676793, 'epsilon': 1.8662266976518e-08, 'hidden_layer_sizes': 147, 'learning_rate_init': 0.0005627932047415167, 'tol': 0.03690557729213761, 'validation_fraction': 0.8846827852548593}, {'alpha': 0.0019982467392329444, 'batch_size': 200, 'beta_1': 0.919111482530466, 'beta_2': 0.9998488260436156, 'epsilon': 5.981221901152555e-07, 'hidden_layer_sizes': 61, 'learning_rate_init': 2.2310905607443014e-05, 'tol': 1.2046852412030316e-05, 'validation_fraction': 0.8117896445826539}, {'alpha': 0.46659545670218433, 'batch_size': 219, 'beta_1': 0.9889789783750891, 'beta_2': 0.9999896868093284, 'epsilon': 2.4234724484675948e-08, 'hidden_layer_sizes': 167, 'learning_rate_init': 2.972334644335654e-05, 'tol': 0.0036281404040243792, 'validation_fraction': 0.17260651658522078}, {'alpha': 4.656005689076002, 'batch_size': 135, 'beta_1': 0.870503881627747, 'beta_2': 0.9948873266941017, 'epsilon': 2.1023308743480125e-07, 'hidden_layer_sizes': 118, 'learning_rate_init': 0.0018781738757161913, 'tol': 1.1889379831773004e-05, 'validation_fraction': 0.6264327093752792}, {'alpha': 0.04705159350400542, 'batch_size': 158, 'beta_1': 0.9870884262730957, 'beta_2': 0.9999596874382349, 'epsilon': 1.1981845126013875e-08, 'hidden_layer_sizes': 116, 'learning_rate_init': 0.00617340520407431, 'tol': 1.741413418158619e-05, 'validation_fraction': 0.6754299026638921}], [16.063962273407764, 23.274250254613083, 19.80193088400322, 3.463918210725012, 15.210579700922176])
/home/ryedida/.local/lib/python3.9/site-packages/bayesmark/signatures.py:85: RuntimeWarning: Signature diverged on MLP-adam_wine_nll betwen [15.51998549 22.35390307 19.16402613  3.37792524 14.64310022] and [16.06396227 23.27425025 19.80193088  3.46391821 15.2105797 ]
  warnings.warn(

Signature errors:
                          0         1         2         3         4       max
MLP-adam_wine_nll  0.543977  0.920347  0.637905  0.085993  0.567479  0.920347
max                0.543977  0.920347  0.637905  0.085993  0.567479  0.920347
starting sklearn study smoothness MLP-adam wine nll 15 1
with data root: None
suggestion time taken 11.705895 iter 0 next_points [{'alpha': 0.0002941110695619172, 'batch_size': 78, 'beta_1': 0.705757700930988, 'beta_2': 0.9998543036696793, 'epsilon': 3.348253654955979e-08, 'hidden_layer_sizes': 175, 'learning_rate_init': 3.411931457474037e-05, 'tol': 0.0003949406639211588, 'validation_fraction': 0.8738141479101211}]
/home/ryedida/.local/lib/python3.9/site-packages/sklearn/neural_network/_multilayer_perceptron.py:605: UserWarning: Got `batch_size` less than 1 or larger than sample size. It is going to be clipped
  warnings.warn(

function_evaluation time 0.053414 value 23.488453 suggestion {'alpha': 0.0002941110695619172, 'batch_size': 78, 'beta_1': 0.705757700930988, 'beta_2': 0.9998543036696793, 'epsilon': 3.348253654955979e-08, 'hidden_layer_sizes': 175, 'learning_rate_init': 3.411931457474037e-05, 'tol': 0.0003949406639211588, 'validation_fraction': 0.8738141479101211}
observation time 0.000007, current best 23.488453 at iter 0
suggestion time taken 11.516382 iter 1 next_points [{'alpha': 1.1215411243774496, 'batch_size': 130, 'beta_1': 0.8299015025654379, 'beta_2': 0.9931714667238221, 'epsilon': 4.902171554099626e-07, 'hidden_layer_sizes': 70, 'learning_rate_init': 0.0025986321923942715, 'tol': 0.0002447636547116425, 'validation_fraction': 0.1057801380705152}]
/home/ryedida/.local/lib/python3.9/site-packages/sklearn/neural_network/_multilayer_perceptron.py:605: UserWarning: Got `batch_size` less than 1 or larger than sample size. It is going to be clipped
  warnings.warn(

function_evaluation time 0.062024 value 13.620929 suggestion {'alpha': 1.1215411243774496, 'batch_size': 130, 'beta_1': 0.8299015025654379, 'beta_2': 0.9931714667238221, 'epsilon': 4.902171554099626e-07, 'hidden_layer_sizes': 70, 'learning_rate_init': 0.0025986321923942715, 'tol': 0.0002447636547116425, 'validation_fraction': 0.1057801380705152}
observation time 0.000006, current best 13.620929 at iter 1
suggestion time taken 11.442986 iter 2 next_points [{'alpha': 0.0007847772421938593, 'batch_size': 231, 'beta_1': 0.8181588448357546, 'beta_2': 0.9998179320992149, 'epsilon': 1.467423074440549e-07, 'hidden_layer_sizes': 56, 'learning_rate_init': 0.00038695074908164697, 'tol': 0.0007550573324217442, 'validation_fraction': 0.4410750596414919}]
/home/ryedida/.local/lib/python3.9/site-packages/sklearn/neural_network/_multilayer_perceptron.py:605: UserWarning: Got `batch_size` less than 1 or larger than sample size. It is going to be clipped
  warnings.warn(

function_evaluation time 0.055464 value 19.799015 suggestion {'alpha': 0.0007847772421938593, 'batch_size': 231, 'beta_1': 0.8181588448357546, 'beta_2': 0.9998179320992149, 'epsilon': 1.467423074440549e-07, 'hidden_layer_sizes': 56, 'learning_rate_init': 0.00038695074908164697, 'tol': 0.0007550573324217442, 'validation_fraction': 0.4410750596414919}
observation time 0.000006, current best 13.620929 at iter 2
suggestion time taken 11.821837 iter 3 next_points [{'alpha': 0.08026333318887775, 'batch_size': 199, 'beta_1': 0.9865141333590739, 'beta_2': 0.9762492998730735, 'epsilon': 5.973005463766119e-07, 'hidden_layer_sizes': 121, 'learning_rate_init': 7.405536856312434e-05, 'tol': 0.0004251771983340726, 'validation_fraction': 0.138175043763999}]
/home/ryedida/.local/lib/python3.9/site-packages/sklearn/neural_network/_multilayer_perceptron.py:605: UserWarning: Got `batch_size` less than 1 or larger than sample size. It is going to be clipped
  warnings.warn(

function_evaluation time 0.055981 value 21.055585 suggestion {'alpha': 0.08026333318887775, 'batch_size': 199, 'beta_1': 0.9865141333590739, 'beta_2': 0.9762492998730735, 'epsilon': 5.973005463766119e-07, 'hidden_layer_sizes': 121, 'learning_rate_init': 7.405536856312434e-05, 'tol': 0.0004251771983340726, 'validation_fraction': 0.138175043763999}
observation time 0.000005, current best 13.620929 at iter 3
suggestion time taken 11.620472 iter 4 next_points [{'alpha': 3.7254813174853245e-05, 'batch_size': 50, 'beta_1': 0.9181517932753612, 'beta_2': 0.9447320335899827, 'epsilon': 1.1297579646944918e-07, 'hidden_layer_sizes': 75, 'learning_rate_init': 4.394516097172056e-05, 'tol': 0.07405744937676355, 'validation_fraction': 0.6393404519330135}]
function_evaluation time 0.049997 value 23.223990 suggestion {'alpha': 3.7254813174853245e-05, 'batch_size': 50, 'beta_1': 0.9181517932753612, 'beta_2': 0.9447320335899827, 'epsilon': 1.1297579646944918e-07, 'hidden_layer_sizes': 75, 'learning_rate_init': 4.394516097172056e-05, 'tol': 0.07405744937676355, 'validation_fraction': 0.6393404519330135}
observation time 0.000006, current best 13.620929 at iter 4
suggestion time taken 12.023345 iter 5 next_points [{'alpha': 0.4152489769278825, 'batch_size': 238, 'beta_1': 0.9837629057518906, 'beta_2': 0.9998471416901565, 'epsilon': 6.520634491518487e-07, 'hidden_layer_sizes': 69, 'learning_rate_init': 7.019078675423441e-05, 'tol': 0.00179276466062596, 'validation_fraction': 0.11452178542421751}]
/home/ryedida/.local/lib/python3.9/site-packages/sklearn/neural_network/_multilayer_perceptron.py:605: UserWarning: Got `batch_size` less than 1 or larger than sample size. It is going to be clipped
  warnings.warn(

function_evaluation time 0.049815 value 23.457470 suggestion {'alpha': 0.4152489769278825, 'batch_size': 238, 'beta_1': 0.9837629057518906, 'beta_2': 0.9998471416901565, 'epsilon': 6.520634491518487e-07, 'hidden_layer_sizes': 69, 'learning_rate_init': 7.019078675423441e-05, 'tol': 0.00179276466062596, 'validation_fraction': 0.11452178542421751}
observation time 0.000006, current best 13.620929 at iter 5
suggestion time taken 11.721634 iter 6 next_points [{'alpha': 0.00015642239129981249, 'batch_size': 208, 'beta_1': 0.9760230338778993, 'beta_2': 0.9952625330289712, 'epsilon': 8.25371763144277e-08, 'hidden_layer_sizes': 184, 'learning_rate_init': 0.0532844173804394, 'tol': 8.760982863026259e-05, 'validation_fraction': 0.7159959847146056}]
/home/ryedida/.local/lib/python3.9/site-packages/sklearn/neural_network/_multilayer_perceptron.py:605: UserWarning: Got `batch_size` less than 1 or larger than sample size. It is going to be clipped
  warnings.warn(

function_evaluation time 0.093692 value 6.694610 suggestion {'alpha': 0.00015642239129981249, 'batch_size': 208, 'beta_1': 0.9760230338778993, 'beta_2': 0.9952625330289712, 'epsilon': 8.25371763144277e-08, 'hidden_layer_sizes': 184, 'learning_rate_init': 0.0532844173804394, 'tol': 8.760982863026259e-05, 'validation_fraction': 0.7159959847146056}
observation time 0.000006, current best 6.694610 at iter 6
suggestion time taken 12.027512 iter 7 next_points [{'alpha': 0.002765042450860726, 'batch_size': 213, 'beta_1': 0.9860762582757184, 'beta_2': 0.9973250781492095, 'epsilon': 5.659532802248328e-09, 'hidden_layer_sizes': 72, 'learning_rate_init': 0.08386255535032663, 'tol': 0.0004244067930122914, 'validation_fraction': 0.653024205817021}]
/home/ryedida/.local/lib/python3.9/site-packages/sklearn/neural_network/_multilayer_perceptron.py:605: UserWarning: Got `batch_size` less than 1 or larger than sample size. It is going to be clipped
  warnings.warn(

function_evaluation time 0.053640 value 17.966472 suggestion {'alpha': 0.002765042450860726, 'batch_size': 213, 'beta_1': 0.9860762582757184, 'beta_2': 0.9973250781492095, 'epsilon': 5.659532802248328e-09, 'hidden_layer_sizes': 72, 'learning_rate_init': 0.08386255535032663, 'tol': 0.0004244067930122914, 'validation_fraction': 0.653024205817021}
observation time 0.000006, current best 6.694610 at iter 7
suggestion time taken 11.876049 iter 8 next_points [{'alpha': 4.48592193906311, 'batch_size': 178, 'beta_1': 0.9629194006262783, 'beta_2': 0.999993725050852, 'epsilon': 2.7189710563664624e-08, 'hidden_layer_sizes': 197, 'learning_rate_init': 0.01017298205934691, 'tol': 0.005611363654440781, 'validation_fraction': 0.7924778371753712}]
/home/ryedida/.local/lib/python3.9/site-packages/sklearn/neural_network/_multilayer_perceptron.py:605: UserWarning: Got `batch_size` less than 1 or larger than sample size. It is going to be clipped
  warnings.warn(

function_evaluation time 0.132971 value 2.509722 suggestion {'alpha': 4.48592193906311, 'batch_size': 178, 'beta_1': 0.9629194006262783, 'beta_2': 0.999993725050852, 'epsilon': 2.7189710563664624e-08, 'hidden_layer_sizes': 197, 'learning_rate_init': 0.01017298205934691, 'tol': 0.005611363654440781, 'validation_fraction': 0.7924778371753712}
observation time 0.000006, current best 2.509722 at iter 8
suggestion time taken 11.837083 iter 9 next_points [{'alpha': 3.1882899864157785, 'batch_size': 143, 'beta_1': 0.7128829162476856, 'beta_2': 0.965545761493024, 'epsilon': 1.6581935275156044e-09, 'hidden_layer_sizes': 118, 'learning_rate_init': 0.0007294579201394339, 'tol': 0.01205149924229256, 'validation_fraction': 0.6435255383101608}]
/home/ryedida/.local/lib/python3.9/site-packages/sklearn/neural_network/_multilayer_perceptron.py:605: UserWarning: Got `batch_size` less than 1 or larger than sample size. It is going to be clipped
  warnings.warn(

function_evaluation time 0.066172 value 13.227436 suggestion {'alpha': 3.1882899864157785, 'batch_size': 143, 'beta_1': 0.7128829162476856, 'beta_2': 0.965545761493024, 'epsilon': 1.6581935275156044e-09, 'hidden_layer_sizes': 118, 'learning_rate_init': 0.0007294579201394339, 'tol': 0.01205149924229256, 'validation_fraction': 0.6435255383101608}
observation time 0.000005, current best 2.509722 at iter 9
suggestion time taken 12.093586 iter 10 next_points [{'alpha': 8.052339980941312, 'batch_size': 204, 'beta_1': 0.9810542528797523, 'beta_2': 0.9999964073832103, 'epsilon': 3.992396171389582e-09, 'hidden_layer_sizes': 71, 'learning_rate_init': 0.0002963491947430164, 'tol': 7.969064448963225e-05, 'validation_fraction': 0.10267470785462851}]
/home/ryedida/.local/lib/python3.9/site-packages/sklearn/neural_network/_multilayer_perceptron.py:605: UserWarning: Got `batch_size` less than 1 or larger than sample size. It is going to be clipped
  warnings.warn(

function_evaluation time 0.052747 value 21.587167 suggestion {'alpha': 8.052339980941312, 'batch_size': 204, 'beta_1': 0.9810542528797523, 'beta_2': 0.9999964073832103, 'epsilon': 3.992396171389582e-09, 'hidden_layer_sizes': 71, 'learning_rate_init': 0.0002963491947430164, 'tol': 7.969064448963225e-05, 'validation_fraction': 0.10267470785462851}
observation time 0.000006, current best 2.509722 at iter 10
suggestion time taken 12.009712 iter 11 next_points [{'alpha': 3.7632415784712148, 'batch_size': 108, 'beta_1': 0.860250383790914, 'beta_2': 0.999990593692331, 'epsilon': 3.957943960100444e-08, 'hidden_layer_sizes': 132, 'learning_rate_init': 6.868715558300191e-05, 'tol': 0.00031343387572735967, 'validation_fraction': 0.5153719957294347}]
/home/ryedida/.local/lib/python3.9/site-packages/sklearn/neural_network/_multilayer_perceptron.py:605: UserWarning: Got `batch_size` less than 1 or larger than sample size. It is going to be clipped
  warnings.warn(

function_evaluation time 0.052421 value 21.413698 suggestion {'alpha': 3.7632415784712148, 'batch_size': 108, 'beta_1': 0.860250383790914, 'beta_2': 0.999990593692331, 'epsilon': 3.957943960100444e-08, 'hidden_layer_sizes': 132, 'learning_rate_init': 6.868715558300191e-05, 'tol': 0.00031343387572735967, 'validation_fraction': 0.5153719957294347}
observation time 0.000006, current best 2.509722 at iter 11
suggestion time taken 11.859826 iter 12 next_points [{'alpha': 2.23869125840021, 'batch_size': 62, 'beta_1': 0.9755228639944377, 'beta_2': 0.9999934893032338, 'epsilon': 2.400378841361881e-09, 'hidden_layer_sizes': 64, 'learning_rate_init': 0.0002068028627437888, 'tol': 0.059341981195842726, 'validation_fraction': 0.18187907061562333}]
function_evaluation time 0.071342 value 19.967534 suggestion {'alpha': 2.23869125840021, 'batch_size': 62, 'beta_1': 0.9755228639944377, 'beta_2': 0.9999934893032338, 'epsilon': 2.400378841361881e-09, 'hidden_layer_sizes': 64, 'learning_rate_init': 0.0002068028627437888, 'tol': 0.059341981195842726, 'validation_fraction': 0.18187907061562333}
observation time 0.000006, current best 2.509722 at iter 12
suggestion time taken 12.130670 iter 13 next_points [{'alpha': 3.535054616368301, 'batch_size': 182, 'beta_1': 0.8148943851062239, 'beta_2': 0.9999886211372246, 'epsilon': 1.6552842649598184e-07, 'hidden_layer_sizes': 120, 'learning_rate_init': 0.0018060358862494563, 'tol': 0.052442531893999764, 'validation_fraction': 0.7274134841203895}]
/home/ryedida/.local/lib/python3.9/site-packages/sklearn/neural_network/_multilayer_perceptron.py:605: UserWarning: Got `batch_size` less than 1 or larger than sample size. It is going to be clipped
  warnings.warn(

function_evaluation time 0.069632 value 10.615073 suggestion {'alpha': 3.535054616368301, 'batch_size': 182, 'beta_1': 0.8148943851062239, 'beta_2': 0.9999886211372246, 'epsilon': 1.6552842649598184e-07, 'hidden_layer_sizes': 120, 'learning_rate_init': 0.0018060358862494563, 'tol': 0.052442531893999764, 'validation_fraction': 0.7274134841203895}
observation time 0.000006, current best 2.509722 at iter 13
suggestion time taken 11.960594 iter 14 next_points [{'alpha': 3.16690826314819, 'batch_size': 201, 'beta_1': 0.9890248407892954, 'beta_2': 0.9999885235660683, 'epsilon': 5.0234080325245826e-08, 'hidden_layer_sizes': 104, 'learning_rate_init': 0.0006411765989285384, 'tol': 0.0002818732339250618, 'validation_fraction': 0.755555564088673}]
/home/ryedida/.local/lib/python3.9/site-packages/sklearn/neural_network/_multilayer_perceptron.py:605: UserWarning: Got `batch_size` less than 1 or larger than sample size. It is going to be clipped
  warnings.warn(

function_evaluation time 0.067977 value 13.727309 suggestion {'alpha': 3.16690826314819, 'batch_size': 201, 'beta_1': 0.9890248407892954, 'beta_2': 0.9999885235660683, 'epsilon': 5.0234080325245826e-08, 'hidden_layer_sizes': 104, 'learning_rate_init': 0.0006411765989285384, 'tol': 0.0002818732339250618, 'validation_fraction': 0.755555564088673}
observation time 0.000005, current best 2.509722 at iter 14
saving meta data: {'args': {'--uuid': 'bb6103e1d86057f3988cb28a40a9719f', '-db-root': '/home/ryedida/bbo_challenge_starter_kit/output', '--opt-root': '/home/ryedida/bbo_challenge_starter_kit/example_submissions', '--data-root': None, '--db': 'run_20230426_161952', '--opt': 'smoothness', '--data': 'wine', '--classifier': 'MLP-adam', '--metric': 'nll', '--calls': 15, '--suggestions': 1, '--jobs-file': None, '--verbose': False, 'dry_run': False, 'rev': 'a376313', 'opt_rev': 'x.x.x'}, 'signature': ([{'alpha': 0.019628224813442792, 'batch_size': 182, 'beta_1': 0.9410202200271762, 'beta_2': 0.9998021557676793, 'epsilon': 1.8662266976518e-08, 'hidden_layer_sizes': 147, 'learning_rate_init': 0.0005627932047415167, 'tol': 0.03690557729213761, 'validation_fraction': 0.8846827852548593}, {'alpha': 0.0019982467392329444, 'batch_size': 200, 'beta_1': 0.919111482530466, 'beta_2': 0.9998488260436156, 'epsilon': 5.981221901152555e-07, 'hidden_layer_sizes': 61, 'learning_rate_init': 2.2310905607443014e-05, 'tol': 1.2046852412030316e-05, 'validation_fraction': 0.8117896445826539}, {'alpha': 0.46659545670218433, 'batch_size': 219, 'beta_1': 0.9889789783750891, 'beta_2': 0.9999896868093284, 'epsilon': 2.4234724484675948e-08, 'hidden_layer_sizes': 167, 'learning_rate_init': 2.972334644335654e-05, 'tol': 0.0036281404040243792, 'validation_fraction': 0.17260651658522078}, {'alpha': 4.656005689076002, 'batch_size': 135, 'beta_1': 0.870503881627747, 'beta_2': 0.9948873266941017, 'epsilon': 2.1023308743480125e-07, 'hidden_layer_sizes': 118, 'learning_rate_init': 0.0018781738757161913, 'tol': 1.1889379831773004e-05, 'validation_fraction': 0.6264327093752792}, {'alpha': 0.04705159350400542, 'batch_size': 158, 'beta_1': 0.9870884262730957, 'beta_2': 0.9999596874382349, 'epsilon': 1.1981845126013875e-08, 'hidden_layer_sizes': 116, 'learning_rate_init': 0.00617340520407431, 'tol': 1.741413418158619e-05, 'validation_fraction': 0.6754299026638921}], [16.063962273407764, 23.274250254613083, 19.80193088400322, 3.463918210725012, 15.210579700922176])}
saving results
saving timing
saving suggest log
done
