running: {'--uuid': '14a45af9fd0b5e19a661b41f40996c53', '-db-root': '/home/ryedida/bbo_challenge_starter_kit/output', '--opt-root': '/home/ryedida/bbo_challenge_starter_kit/example_submissions', '--data-root': None, '--db': 'run_20230429_190633', '--opt': 'hyperopt', '--data': 'digits', '--classifier': 'MLP-adam', '--metric': 'acc', '--calls': 15, '--suggestions': 1, '--jobs-file': None, '--verbose': False, 'dry_run': False, 'rev': 'a376313', 'opt_rev': '0.2.7'}
cmd: python hyperopt/optimizer.py -c MLP-adam -d digits -o hyperopt -u 14a45af9fd0b5e19a661b41f40996c53 -m acc -n 15 -p 1 -dir /home/ryedida/bbo_challenge_starter_kit/output -b run_20230429_190633
/home/ryedida/.local/lib/python3.9/site-packages/sklearn/neural_network/_multilayer_perceptron.py:605: UserWarning: Got `batch_size` less than 1 or larger than sample size. It is going to be clipped
  warnings.warn(

/home/ryedida/.local/lib/python3.9/site-packages/sklearn/neural_network/_multilayer_perceptron.py:686: ConvergenceWarning: Stochastic Optimizer: Maximum iterations (200) reached and the optimization hasn't converged yet.
  warnings.warn(

computed signature: ([{'alpha': 0.019628224813442792, 'batch_size': 182, 'beta_1': 0.9410202200271762, 'beta_2': 0.9998021557676793, 'epsilon': 1.8662266976518e-08, 'hidden_layer_sizes': 147, 'learning_rate_init': 0.0005627932047415167, 'tol': 0.03690557729213761, 'validation_fraction': 0.8846827852548593}, {'alpha': 0.0019982467392329444, 'batch_size': 200, 'beta_1': 0.919111482530466, 'beta_2': 0.9998488260436156, 'epsilon': 5.981221901152555e-07, 'hidden_layer_sizes': 61, 'learning_rate_init': 2.2310905607443014e-05, 'tol': 1.2046852412030316e-05, 'validation_fraction': 0.8117896445826539}, {'alpha': 0.46659545670218433, 'batch_size': 219, 'beta_1': 0.9889789783750891, 'beta_2': 0.9999896868093284, 'epsilon': 2.4234724484675948e-08, 'hidden_layer_sizes': 167, 'learning_rate_init': 2.972334644335654e-05, 'tol': 0.0036281404040243792, 'validation_fraction': 0.17260651658522078}, {'alpha': 4.656005689076002, 'batch_size': 135, 'beta_1': 0.870503881627747, 'beta_2': 0.9948873266941017, 'epsilon': 2.1023308743480125e-07, 'hidden_layer_sizes': 118, 'learning_rate_init': 0.0018781738757161913, 'tol': 1.1889379831773004e-05, 'validation_fraction': 0.6264327093752792}, {'alpha': 0.04705159350400542, 'batch_size': 158, 'beta_1': 0.9870884262730957, 'beta_2': 0.9999596874382349, 'epsilon': 1.1981845126013875e-08, 'hidden_layer_sizes': 116, 'learning_rate_init': 0.00617340520407431, 'tol': 1.741413418158619e-05, 'validation_fraction': 0.6754299026638921}], [-0.21081107239643826, -0.1295489740611692, -0.27999177313201706, -0.9422522260936896, -0.9332050909794812])
/home/ryedida/.local/lib/python3.9/site-packages/bayesmark/signatures.py:85: RuntimeWarning: Signature diverged on MLP-adam_digits_acc betwen [-0.2181506  -0.12954897 -0.42701514 -0.94997127 -0.93320509] and [-0.21081107 -0.11575494 -0.27999177 -0.94225223 -0.93253861]
  warnings.warn(

Signature errors:
                           0         1         2         3         4       max
MLP-adam_digits_acc  0.00734  0.013794  0.147023  0.007719  0.000666  0.147023
max                  0.00734  0.013794  0.147023  0.007719  0.000666  0.147023
starting sklearn study hyperopt MLP-adam digits acc 15 1
with data root: None
suggestion time taken 0.002357 iter 0 next_points [{'alpha': 0.00035279483439383514, 'batch_size': 14, 'beta_1': 0.578076982965631, 'beta_2': 0.982682147264151, 'epsilon': 2.33424700880614e-09, 'hidden_layer_sizes': 155, 'learning_rate_init': 0.0002468011926788378, 'tol': 0.024518521322614967, 'validation_fraction': 0.4634831465371267}]
function_evaluation time 1.651468 value -0.954080 suggestion {'alpha': 0.00035279483439383514, 'batch_size': 14, 'beta_1': 0.578076982965631, 'beta_2': 0.982682147264151, 'epsilon': 2.33424700880614e-09, 'hidden_layer_sizes': 155, 'learning_rate_init': 0.0002468011926788378, 'tol': 0.024518521322614967, 'validation_fraction': 0.4634831465371267}
observation time 0.000067, current best -0.954080 at iter 0
suggestion time taken 0.002393 iter 1 next_points [{'alpha': 0.012597947509189321, 'batch_size': 55, 'beta_1': 0.7296696323079005, 'beta_2': 0.9126050968642699, 'epsilon': 3.079228255463088e-08, 'hidden_layer_sizes': 146, 'learning_rate_init': 0.00028187378562714643, 'tol': 0.015752088500187632, 'validation_fraction': 0.13272675583581608}]
function_evaluation time 1.330931 value -0.956857 suggestion {'alpha': 0.012597947509189321, 'batch_size': 55, 'beta_1': 0.7296696323079005, 'beta_2': 0.9126050968642699, 'epsilon': 3.079228255463088e-08, 'hidden_layer_sizes': 146, 'learning_rate_init': 0.00028187378562714643, 'tol': 0.015752088500187632, 'validation_fraction': 0.13272675583581608}
observation time 0.000071, current best -0.956857 at iter 1
suggestion time taken 0.002378 iter 2 next_points [{'alpha': 0.21159072206162433, 'batch_size': 124, 'beta_1': 0.9599587000413461, 'beta_2': 0.9084201210528228, 'epsilon': 4.863559331448992e-07, 'hidden_layer_sizes': 59, 'learning_rate_init': 0.03681432783486663, 'tol': 0.03529081103609403, 'validation_fraction': 0.8604175152969482}]
function_evaluation time 0.295580 value -0.738490 suggestion {'alpha': 0.21159072206162433, 'batch_size': 124, 'beta_1': 0.9599587000413461, 'beta_2': 0.9084201210528228, 'epsilon': 4.863559331448992e-07, 'hidden_layer_sizes': 59, 'learning_rate_init': 0.03681432783486663, 'tol': 0.03529081103609403, 'validation_fraction': 0.8604175152969482}
observation time 0.000083, current best -0.956857 at iter 2
suggestion time taken 0.002112 iter 3 next_points [{'alpha': 0.012314750462387166, 'batch_size': 15, 'beta_1': 0.8136791161274057, 'beta_2': 0.9767879481352545, 'epsilon': 9.677644028825628e-09, 'hidden_layer_sizes': 100, 'learning_rate_init': 0.0054543523106045716, 'tol': 0.02558586021921196, 'validation_fraction': 0.651060714835417}]
function_evaluation time 0.789909 value -0.936675 suggestion {'alpha': 0.012314750462387166, 'batch_size': 15, 'beta_1': 0.8136791161274057, 'beta_2': 0.9767879481352545, 'epsilon': 9.677644028825628e-09, 'hidden_layer_sizes': 100, 'learning_rate_init': 0.0054543523106045716, 'tol': 0.02558586021921196, 'validation_fraction': 0.651060714835417}
observation time 0.000071, current best -0.956857 at iter 3
suggestion time taken 0.002430 iter 4 next_points [{'alpha': 2.232491558364145, 'batch_size': 34, 'beta_1': 0.9415537806697569, 'beta_2': 0.9965761333852429, 'epsilon': 1.648548498849964e-08, 'hidden_layer_sizes': 109, 'learning_rate_init': 1.861462173547778e-05, 'tol': 0.0006488641811832364, 'validation_fraction': 0.3373607169741618}]
/home/ryedida/.local/lib/python3.9/site-packages/sklearn/neural_network/_multilayer_perceptron.py:686: ConvergenceWarning: Stochastic Optimizer: Maximum iterations (200) reached and the optimization hasn't converged yet.
  warnings.warn(

function_evaluation time 10.530223 value -0.908162 suggestion {'alpha': 2.232491558364145, 'batch_size': 34, 'beta_1': 0.9415537806697569, 'beta_2': 0.9965761333852429, 'epsilon': 1.648548498849964e-08, 'hidden_layer_sizes': 109, 'learning_rate_init': 1.861462173547778e-05, 'tol': 0.0006488641811832364, 'validation_fraction': 0.3373607169741618}
observation time 0.000071, current best -0.956857 at iter 4
suggestion time taken 0.002156 iter 5 next_points [{'alpha': 0.00019916968982200493, 'batch_size': 49, 'beta_1': 0.8994976944983634, 'beta_2': 0.9728705184532423, 'epsilon': 3.0803184362850763e-08, 'hidden_layer_sizes': 166, 'learning_rate_init': 0.0012546540270242002, 'tol': 1.824927743367377e-05, 'validation_fraction': 0.3263175211078724}]
function_evaluation time 2.194171 value -0.976343 suggestion {'alpha': 0.00019916968982200493, 'batch_size': 49, 'beta_1': 0.8994976944983634, 'beta_2': 0.9728705184532423, 'epsilon': 3.0803184362850763e-08, 'hidden_layer_sizes': 166, 'learning_rate_init': 0.0012546540270242002, 'tol': 1.824927743367377e-05, 'validation_fraction': 0.3263175211078724}
observation time 0.000073, current best -0.976343 at iter 5
suggestion time taken 0.002166 iter 6 next_points [{'alpha': 0.00140720607168383, 'batch_size': 97, 'beta_1': 0.5959710488594445, 'beta_2': 0.9076257773370634, 'epsilon': 1.2282729460345815e-08, 'hidden_layer_sizes': 187, 'learning_rate_init': 0.00022558592482709565, 'tol': 2.155597146727565e-05, 'validation_fraction': 0.5898704111440409}]
function_evaluation time 2.432716 value -0.950602 suggestion {'alpha': 0.00140720607168383, 'batch_size': 97, 'beta_1': 0.5959710488594445, 'beta_2': 0.9076257773370634, 'epsilon': 1.2282729460345815e-08, 'hidden_layer_sizes': 187, 'learning_rate_init': 0.00022558592482709565, 'tol': 2.155597146727565e-05, 'validation_fraction': 0.5898704111440409}
observation time 0.000073, current best -0.976343 at iter 6
suggestion time taken 0.002201 iter 7 next_points [{'alpha': 0.7700898696778721, 'batch_size': 195, 'beta_1': 0.8734944670250363, 'beta_2': 0.9932641936041571, 'epsilon': 2.5467153553827405e-08, 'hidden_layer_sizes': 147, 'learning_rate_init': 0.0040589472943392026, 'tol': 0.00012225470806157495, 'validation_fraction': 0.4290373819155011}]
function_evaluation time 1.194255 value -0.958958 suggestion {'alpha': 0.7700898696778721, 'batch_size': 195, 'beta_1': 0.8734944670250363, 'beta_2': 0.9932641936041571, 'epsilon': 2.5467153553827405e-08, 'hidden_layer_sizes': 147, 'learning_rate_init': 0.0040589472943392026, 'tol': 0.00012225470806157495, 'validation_fraction': 0.4290373819155011}
observation time 0.000076, current best -0.976343 at iter 7
suggestion time taken 0.002152 iter 8 next_points [{'alpha': 2.025994029448174e-05, 'batch_size': 168, 'beta_1': 0.6276828807964298, 'beta_2': 0.9599857321990755, 'epsilon': 1.630630815898678e-08, 'hidden_layer_sizes': 195, 'learning_rate_init': 1.896156646966058e-05, 'tol': 0.00035978673779260724, 'validation_fraction': 0.2098080130342769}]
/home/ryedida/.local/lib/python3.9/site-packages/sklearn/neural_network/_multilayer_perceptron.py:686: ConvergenceWarning: Stochastic Optimizer: Maximum iterations (200) reached and the optimization hasn't converged yet.
  warnings.warn(

function_evaluation time 3.933837 value -0.406485 suggestion {'alpha': 2.025994029448174e-05, 'batch_size': 168, 'beta_1': 0.6276828807964298, 'beta_2': 0.9599857321990755, 'epsilon': 1.630630815898678e-08, 'hidden_layer_sizes': 195, 'learning_rate_init': 1.896156646966058e-05, 'tol': 0.00035978673779260724, 'validation_fraction': 0.2098080130342769}
observation time 0.000074, current best -0.976343 at iter 8
suggestion time taken 0.002135 iter 9 next_points [{'alpha': 9.146605244203624e-05, 'batch_size': 40, 'beta_1': 0.9314637976033903, 'beta_2': 0.9162786406225274, 'epsilon': 3.315851414486123e-08, 'hidden_layer_sizes': 62, 'learning_rate_init': 0.006211141009298516, 'tol': 0.060450524904262344, 'validation_fraction': 0.6727672668523097}]
function_evaluation time 0.354898 value -0.935993 suggestion {'alpha': 9.146605244203624e-05, 'batch_size': 40, 'beta_1': 0.9314637976033903, 'beta_2': 0.9162786406225274, 'epsilon': 3.315851414486123e-08, 'hidden_layer_sizes': 62, 'learning_rate_init': 0.006211141009298516, 'tol': 0.060450524904262344, 'validation_fraction': 0.6727672668523097}
observation time 0.000077, current best -0.976343 at iter 9
suggestion time taken 0.002182 iter 10 next_points [{'alpha': 0.013352729347686007, 'batch_size': 108, 'beta_1': 0.718820456398966, 'beta_2': 0.9749217166693601, 'epsilon': 4.254198618994914e-07, 'hidden_layer_sizes': 88, 'learning_rate_init': 0.025307897704066395, 'tol': 0.014140217189635273, 'validation_fraction': 0.3106667241261844}]
function_evaluation time 0.481851 value -0.949896 suggestion {'alpha': 0.013352729347686007, 'batch_size': 108, 'beta_1': 0.718820456398966, 'beta_2': 0.9749217166693601, 'epsilon': 4.254198618994914e-07, 'hidden_layer_sizes': 88, 'learning_rate_init': 0.025307897704066395, 'tol': 0.014140217189635273, 'validation_fraction': 0.3106667241261844}
observation time 0.000074, current best -0.976343 at iter 10
suggestion time taken 0.002110 iter 11 next_points [{'alpha': 0.3420416025764018, 'batch_size': 102, 'beta_1': 0.8093165235712678, 'beta_2': 0.9377496122266216, 'epsilon': 3.9780218251625285e-08, 'hidden_layer_sizes': 51, 'learning_rate_init': 0.004068736054392005, 'tol': 0.019905021194235394, 'validation_fraction': 0.2551170421709739}]
function_evaluation time 0.371084 value -0.963112 suggestion {'alpha': 0.3420416025764018, 'batch_size': 102, 'beta_1': 0.8093165235712678, 'beta_2': 0.9377496122266216, 'epsilon': 3.9780218251625285e-08, 'hidden_layer_sizes': 51, 'learning_rate_init': 0.004068736054392005, 'tol': 0.019905021194235394, 'validation_fraction': 0.2551170421709739}
observation time 0.000072, current best -0.976343 at iter 11
suggestion time taken 0.002137 iter 12 next_points [{'alpha': 0.0006673851290370606, 'batch_size': 191, 'beta_1': 0.9421679071774789, 'beta_2': 0.9553329862920559, 'epsilon': 6.988712952420565e-08, 'hidden_layer_sizes': 156, 'learning_rate_init': 0.017051464923958783, 'tol': 1.105398517740116e-05, 'validation_fraction': 0.19729914541895824}]
function_evaluation time 0.955666 value -0.965212 suggestion {'alpha': 0.0006673851290370606, 'batch_size': 191, 'beta_1': 0.9421679071774789, 'beta_2': 0.9553329862920559, 'epsilon': 6.988712952420565e-08, 'hidden_layer_sizes': 156, 'learning_rate_init': 0.017051464923958783, 'tol': 1.105398517740116e-05, 'validation_fraction': 0.19729914541895824}
observation time 0.000075, current best -0.976343 at iter 12
suggestion time taken 0.002183 iter 13 next_points [{'alpha': 0.00012574944569929727, 'batch_size': 212, 'beta_1': 0.9680068025319367, 'beta_2': 0.9210422135964738, 'epsilon': 7.482191980893574e-09, 'hidden_layer_sizes': 64, 'learning_rate_init': 0.007087151911172634, 'tol': 3.4821960216426497e-05, 'validation_fraction': 0.27351315515625474}]
function_evaluation time 0.635298 value -0.937386 suggestion {'alpha': 0.00012574944569929727, 'batch_size': 212, 'beta_1': 0.9680068025319367, 'beta_2': 0.9210422135964738, 'epsilon': 7.482191980893574e-09, 'hidden_layer_sizes': 64, 'learning_rate_init': 0.007087151911172634, 'tol': 3.4821960216426497e-05, 'validation_fraction': 0.27351315515625474}
observation time 0.000075, current best -0.976343 at iter 13
suggestion time taken 0.002130 iter 14 next_points [{'alpha': 0.0020139058656111555, 'batch_size': 195, 'beta_1': 0.519625084551971, 'beta_2': 0.9532996557237123, 'epsilon': 8.074864591192695e-09, 'hidden_layer_sizes': 190, 'learning_rate_init': 0.004075215600098047, 'tol': 0.00485907014953711, 'validation_fraction': 0.4079366275077916}]
function_evaluation time 0.726851 value -0.961026 suggestion {'alpha': 0.0020139058656111555, 'batch_size': 195, 'beta_1': 0.519625084551971, 'beta_2': 0.9532996557237123, 'epsilon': 8.074864591192695e-09, 'hidden_layer_sizes': 190, 'learning_rate_init': 0.004075215600098047, 'tol': 0.00485907014953711, 'validation_fraction': 0.4079366275077916}
observation time 0.000075, current best -0.976343 at iter 14
saving meta data: {'args': {'--uuid': '14a45af9fd0b5e19a661b41f40996c53', '-db-root': '/home/ryedida/bbo_challenge_starter_kit/output', '--opt-root': '/home/ryedida/bbo_challenge_starter_kit/example_submissions', '--data-root': None, '--db': 'run_20230429_190633', '--opt': 'hyperopt', '--data': 'digits', '--classifier': 'MLP-adam', '--metric': 'acc', '--calls': 15, '--suggestions': 1, '--jobs-file': None, '--verbose': False, 'dry_run': False, 'rev': 'a376313', 'opt_rev': '0.2.7'}, 'signature': ([{'alpha': 0.019628224813442792, 'batch_size': 182, 'beta_1': 0.9410202200271762, 'beta_2': 0.9998021557676793, 'epsilon': 1.8662266976518e-08, 'hidden_layer_sizes': 147, 'learning_rate_init': 0.0005627932047415167, 'tol': 0.03690557729213761, 'validation_fraction': 0.8846827852548593}, {'alpha': 0.0019982467392329444, 'batch_size': 200, 'beta_1': 0.919111482530466, 'beta_2': 0.9998488260436156, 'epsilon': 5.981221901152555e-07, 'hidden_layer_sizes': 61, 'learning_rate_init': 2.2310905607443014e-05, 'tol': 1.2046852412030316e-05, 'validation_fraction': 0.8117896445826539}, {'alpha': 0.46659545670218433, 'batch_size': 219, 'beta_1': 0.9889789783750891, 'beta_2': 0.9999896868093284, 'epsilon': 2.4234724484675948e-08, 'hidden_layer_sizes': 167, 'learning_rate_init': 2.972334644335654e-05, 'tol': 0.0036281404040243792, 'validation_fraction': 0.17260651658522078}, {'alpha': 4.656005689076002, 'batch_size': 135, 'beta_1': 0.870503881627747, 'beta_2': 0.9948873266941017, 'epsilon': 2.1023308743480125e-07, 'hidden_layer_sizes': 118, 'learning_rate_init': 0.0018781738757161913, 'tol': 1.1889379831773004e-05, 'validation_fraction': 0.6264327093752792}, {'alpha': 0.04705159350400542, 'batch_size': 158, 'beta_1': 0.9870884262730957, 'beta_2': 0.9999596874382349, 'epsilon': 1.1981845126013875e-08, 'hidden_layer_sizes': 116, 'learning_rate_init': 0.00617340520407431, 'tol': 1.741413418158619e-05, 'validation_fraction': 0.6754299026638921}], [-0.21081107239643826, -0.1295489740611692, -0.27999177313201706, -0.9422522260936896, -0.9332050909794812])}
saving results
saving timing
saving suggest log
done
