running: {'--uuid': '23e221f1977b50169d9cc5799c0144ff', '-db-root': '/home/ryedida/bbo_challenge_starter_kit/output', '--opt-root': '/home/ryedida/bbo_challenge_starter_kit/example_submissions', '--data-root': None, '--db': 'run_20230429_190633', '--opt': 'hyperopt', '--data': 'digits', '--classifier': 'MLP-adam', '--metric': 'acc', '--calls': 15, '--suggestions': 1, '--jobs-file': None, '--verbose': False, 'dry_run': False, 'rev': 'a376313', 'opt_rev': '0.2.7'}
cmd: python hyperopt/optimizer.py -c MLP-adam -d digits -o hyperopt -u 23e221f1977b50169d9cc5799c0144ff -m acc -n 15 -p 1 -dir /home/ryedida/bbo_challenge_starter_kit/output -b run_20230429_190633
/home/ryedida/.local/lib/python3.9/site-packages/sklearn/neural_network/_multilayer_perceptron.py:605: UserWarning: Got `batch_size` less than 1 or larger than sample size. It is going to be clipped
  warnings.warn(

/home/ryedida/.local/lib/python3.9/site-packages/sklearn/neural_network/_multilayer_perceptron.py:686: ConvergenceWarning: Stochastic Optimizer: Maximum iterations (200) reached and the optimization hasn't converged yet.
  warnings.warn(

computed signature: ([{'alpha': 0.019628224813442792, 'batch_size': 182, 'beta_1': 0.9410202200271762, 'beta_2': 0.9998021557676793, 'epsilon': 1.8662266976518e-08, 'hidden_layer_sizes': 147, 'learning_rate_init': 0.0005627932047415167, 'tol': 0.03690557729213761, 'validation_fraction': 0.8846827852548593}, {'alpha': 0.0019982467392329444, 'batch_size': 200, 'beta_1': 0.919111482530466, 'beta_2': 0.9998488260436156, 'epsilon': 5.981221901152555e-07, 'hidden_layer_sizes': 61, 'learning_rate_init': 2.2310905607443014e-05, 'tol': 1.2046852412030316e-05, 'validation_fraction': 0.8117896445826539}, {'alpha': 0.46659545670218433, 'batch_size': 219, 'beta_1': 0.9889789783750891, 'beta_2': 0.9999896868093284, 'epsilon': 2.4234724484675948e-08, 'hidden_layer_sizes': 167, 'learning_rate_init': 2.972334644335654e-05, 'tol': 0.0036281404040243792, 'validation_fraction': 0.17260651658522078}, {'alpha': 4.656005689076002, 'batch_size': 135, 'beta_1': 0.870503881627747, 'beta_2': 0.9948873266941017, 'epsilon': 2.1023308743480125e-07, 'hidden_layer_sizes': 118, 'learning_rate_init': 0.0018781738757161913, 'tol': 1.1889379831773004e-05, 'validation_fraction': 0.6264327093752792}, {'alpha': 0.04705159350400542, 'batch_size': 158, 'beta_1': 0.9870884262730957, 'beta_2': 0.9999596874382349, 'epsilon': 1.1981845126013875e-08, 'hidden_layer_sizes': 116, 'learning_rate_init': 0.00617340520407431, 'tol': 1.741413418158619e-05, 'validation_fraction': 0.6754299026638921}], [-0.21081107239643826, -0.1295489740611692, -0.27999177313201706, -0.9422522260936896, -0.9332050909794812])
/home/ryedida/.local/lib/python3.9/site-packages/bayesmark/signatures.py:85: RuntimeWarning: Signature diverged on MLP-adam_digits_acc betwen [-0.2181506  -0.12954897 -0.42701514 -0.94997127 -0.93320509] and [-0.21081107 -0.11575494 -0.27999177 -0.94225223 -0.93253861]
  warnings.warn(

Signature errors:
                           0         1         2         3         4       max
MLP-adam_digits_acc  0.00734  0.013794  0.147023  0.007719  0.000666  0.147023
max                  0.00734  0.013794  0.147023  0.007719  0.000666  0.147023
starting sklearn study hyperopt MLP-adam digits acc 15 1
with data root: None
suggestion time taken 0.002422 iter 0 next_points [{'alpha': 1.0537202785675523, 'batch_size': 40, 'beta_1': 0.8472068356998087, 'beta_2': 0.9625738401915195, 'epsilon': 2.2485645270140155e-07, 'hidden_layer_sizes': 193, 'learning_rate_init': 0.041589376489635836, 'tol': 0.006997033073090776, 'validation_fraction': 0.3138727473754336}]
function_evaluation time 1.394101 value -0.929723 suggestion {'alpha': 1.0537202785675523, 'batch_size': 40, 'beta_1': 0.8472068356998087, 'beta_2': 0.9625738401915195, 'epsilon': 2.2485645270140155e-07, 'hidden_layer_sizes': 193, 'learning_rate_init': 0.041589376489635836, 'tol': 0.006997033073090776, 'validation_fraction': 0.3138727473754336}
observation time 0.000072, current best -0.929723 at iter 0
suggestion time taken 0.002383 iter 1 next_points [{'alpha': 0.0011690070040909543, 'batch_size': 23, 'beta_1': 0.5438451529636001, 'beta_2': 0.9550196658714355, 'epsilon': 1.914708538064083e-09, 'hidden_layer_sizes': 136, 'learning_rate_init': 2.555837987395761e-05, 'tol': 0.015950080835070584, 'validation_fraction': 0.2837667936329676}]
function_evaluation time 3.600186 value -0.839240 suggestion {'alpha': 0.0011690070040909543, 'batch_size': 23, 'beta_1': 0.5438451529636001, 'beta_2': 0.9550196658714355, 'epsilon': 1.914708538064083e-09, 'hidden_layer_sizes': 136, 'learning_rate_init': 2.555837987395761e-05, 'tol': 0.015950080835070584, 'validation_fraction': 0.2837667936329676}
observation time 0.000073, current best -0.929723 at iter 1
suggestion time taken 0.002118 iter 2 next_points [{'alpha': 3.902742364138569e-05, 'batch_size': 135, 'beta_1': 0.61546908979112, 'beta_2': 0.992745326828306, 'epsilon': 1.1321888807294795e-07, 'hidden_layer_sizes': 198, 'learning_rate_init': 0.0005349395057833388, 'tol': 0.00022354781145919665, 'validation_fraction': 0.31474718157348397}]
function_evaluation time 2.013620 value -0.951311 suggestion {'alpha': 3.902742364138569e-05, 'batch_size': 135, 'beta_1': 0.61546908979112, 'beta_2': 0.992745326828306, 'epsilon': 1.1321888807294795e-07, 'hidden_layer_sizes': 198, 'learning_rate_init': 0.0005349395057833388, 'tol': 0.00022354781145919665, 'validation_fraction': 0.31474718157348397}
observation time 0.000074, current best -0.951311 at iter 2
suggestion time taken 0.002117 iter 3 next_points [{'alpha': 0.0037456963295843305, 'batch_size': 75, 'beta_1': 0.8280519382634205, 'beta_2': 0.989941815659569, 'epsilon': 2.8491690419363426e-08, 'hidden_layer_sizes': 189, 'learning_rate_init': 0.00014264106823340305, 'tol': 3.622626950502939e-05, 'validation_fraction': 0.3652510912414479}]
function_evaluation time 3.839136 value -0.961723 suggestion {'alpha': 0.0037456963295843305, 'batch_size': 75, 'beta_1': 0.8280519382634205, 'beta_2': 0.989941815659569, 'epsilon': 2.8491690419363426e-08, 'hidden_layer_sizes': 189, 'learning_rate_init': 0.00014264106823340305, 'tol': 3.622626950502939e-05, 'validation_fraction': 0.3652510912414479}
observation time 0.000075, current best -0.961723 at iter 3
suggestion time taken 0.002452 iter 4 next_points [{'alpha': 4.590065273760165e-05, 'batch_size': 107, 'beta_1': 0.8490436024671638, 'beta_2': 0.927175470558296, 'epsilon': 1.5534542104876992e-08, 'hidden_layer_sizes': 179, 'learning_rate_init': 0.0003621157832127039, 'tol': 0.064968336141235, 'validation_fraction': 0.39448615673532683}]
function_evaluation time 0.652747 value -0.935286 suggestion {'alpha': 4.590065273760165e-05, 'batch_size': 107, 'beta_1': 0.8490436024671638, 'beta_2': 0.927175470558296, 'epsilon': 1.5534542104876992e-08, 'hidden_layer_sizes': 179, 'learning_rate_init': 0.0003621157832127039, 'tol': 0.064968336141235, 'validation_fraction': 0.39448615673532683}
observation time 0.000074, current best -0.961723 at iter 4
suggestion time taken 0.002152 iter 5 next_points [{'alpha': 0.025227511669422328, 'batch_size': 219, 'beta_1': 0.9593897761149395, 'beta_2': 0.9312416117023423, 'epsilon': 6.042486045162789e-09, 'hidden_layer_sizes': 70, 'learning_rate_init': 0.00012699723758775717, 'tol': 1.675120242545839e-05, 'validation_fraction': 0.5855492561981146}]
function_evaluation time 2.509776 value -0.737442 suggestion {'alpha': 0.025227511669422328, 'batch_size': 219, 'beta_1': 0.9593897761149395, 'beta_2': 0.9312416117023423, 'epsilon': 6.042486045162789e-09, 'hidden_layer_sizes': 70, 'learning_rate_init': 0.00012699723758775717, 'tol': 1.675120242545839e-05, 'validation_fraction': 0.5855492561981146}
observation time 0.000093, current best -0.961723 at iter 5
suggestion time taken 0.002338 iter 6 next_points [{'alpha': 3.3086579756186145, 'batch_size': 81, 'beta_1': 0.7067811414295393, 'beta_2': 0.9471668526302972, 'epsilon': 4.630495465981499e-09, 'hidden_layer_sizes': 153, 'learning_rate_init': 0.0014533165644505278, 'tol': 0.022205036793550258, 'validation_fraction': 0.8518790488682204}]
function_evaluation time 0.415508 value -0.879609 suggestion {'alpha': 3.3086579756186145, 'batch_size': 81, 'beta_1': 0.7067811414295393, 'beta_2': 0.9471668526302972, 'epsilon': 4.630495465981499e-09, 'hidden_layer_sizes': 153, 'learning_rate_init': 0.0014533165644505278, 'tol': 0.022205036793550258, 'validation_fraction': 0.8518790488682204}
observation time 0.000073, current best -0.961723 at iter 6
suggestion time taken 0.002233 iter 7 next_points [{'alpha': 0.6348212425897601, 'batch_size': 238, 'beta_1': 0.6835704276006862, 'beta_2': 0.9007507864232565, 'epsilon': 6.628665938710413e-08, 'hidden_layer_sizes': 174, 'learning_rate_init': 0.0016176123287133417, 'tol': 0.0015325920409893531, 'validation_fraction': 0.7467811251078423}]
function_evaluation time 1.084508 value -0.939458 suggestion {'alpha': 0.6348212425897601, 'batch_size': 238, 'beta_1': 0.6835704276006862, 'beta_2': 0.9007507864232565, 'epsilon': 6.628665938710413e-08, 'hidden_layer_sizes': 174, 'learning_rate_init': 0.0016176123287133417, 'tol': 0.0015325920409893531, 'validation_fraction': 0.7467811251078423}
observation time 0.000074, current best -0.961723 at iter 7
suggestion time taken 0.002167 iter 8 next_points [{'alpha': 0.04941933581251807, 'batch_size': 102, 'beta_1': 0.7012107945724556, 'beta_2': 0.9099537382438952, 'epsilon': 1.4506748269774834e-09, 'hidden_layer_sizes': 92, 'learning_rate_init': 0.033740167270046105, 'tol': 0.007398667381120997, 'validation_fraction': 0.5226388305643485}]
function_evaluation time 0.533064 value -0.938773 suggestion {'alpha': 0.04941933581251807, 'batch_size': 102, 'beta_1': 0.7012107945724556, 'beta_2': 0.9099537382438952, 'epsilon': 1.4506748269774834e-09, 'hidden_layer_sizes': 92, 'learning_rate_init': 0.033740167270046105, 'tol': 0.007398667381120997, 'validation_fraction': 0.5226388305643485}
observation time 0.000073, current best -0.961723 at iter 8
suggestion time taken 0.002454 iter 9 next_points [{'alpha': 0.0852938018176579, 'batch_size': 208, 'beta_1': 0.6836061830426853, 'beta_2': 0.9545775226233464, 'epsilon': 6.893645977493889e-09, 'hidden_layer_sizes': 188, 'learning_rate_init': 0.00403283014257518, 'tol': 0.0004399412489694498, 'validation_fraction': 0.6685845968454609}]
function_evaluation time 1.336735 value -0.954789 suggestion {'alpha': 0.0852938018176579, 'batch_size': 208, 'beta_1': 0.6836061830426853, 'beta_2': 0.9545775226233464, 'epsilon': 6.893645977493889e-09, 'hidden_layer_sizes': 188, 'learning_rate_init': 0.00403283014257518, 'tol': 0.0004399412489694498, 'validation_fraction': 0.6685845968454609}
observation time 0.000072, current best -0.961723 at iter 9
suggestion time taken 0.002437 iter 10 next_points [{'alpha': 0.002157904882703572, 'batch_size': 236, 'beta_1': 0.6846853499587168, 'beta_2': 0.9576944834581352, 'epsilon': 3.80319689433408e-07, 'hidden_layer_sizes': 76, 'learning_rate_init': 0.0002406838051580809, 'tol': 0.0007403387543012536, 'validation_fraction': 0.27742034994651765}]
function_evaluation time 2.568228 value -0.943641 suggestion {'alpha': 0.002157904882703572, 'batch_size': 236, 'beta_1': 0.6846853499587168, 'beta_2': 0.9576944834581352, 'epsilon': 3.80319689433408e-07, 'hidden_layer_sizes': 76, 'learning_rate_init': 0.0002406838051580809, 'tol': 0.0007403387543012536, 'validation_fraction': 0.27742034994651765}
observation time 0.000077, current best -0.961723 at iter 10
suggestion time taken 0.002154 iter 11 next_points [{'alpha': 0.0019147730646596267, 'batch_size': 110, 'beta_1': 0.529639394498643, 'beta_2': 0.9240864889661926, 'epsilon': 3.3317879299642333e-09, 'hidden_layer_sizes': 66, 'learning_rate_init': 0.09319057336972641, 'tol': 3.676083827982585e-05, 'validation_fraction': 0.2057927082351181}]
function_evaluation time 0.744061 value -0.637432 suggestion {'alpha': 0.0019147730646596267, 'batch_size': 110, 'beta_1': 0.529639394498643, 'beta_2': 0.9240864889661926, 'epsilon': 3.3317879299642333e-09, 'hidden_layer_sizes': 66, 'learning_rate_init': 0.09319057336972641, 'tol': 3.676083827982585e-05, 'validation_fraction': 0.2057927082351181}
observation time 0.000074, current best -0.961723 at iter 11
suggestion time taken 0.002154 iter 12 next_points [{'alpha': 0.0005472889593458935, 'batch_size': 151, 'beta_1': 0.6363227315638357, 'beta_2': 0.9012035985514407, 'epsilon': 9.466045376448391e-08, 'hidden_layer_sizes': 94, 'learning_rate_init': 0.001529946894856002, 'tol': 0.000301358623150428, 'validation_fraction': 0.8605798535661904}]
function_evaluation time 1.124402 value -0.890733 suggestion {'alpha': 0.0005472889593458935, 'batch_size': 151, 'beta_1': 0.6363227315638357, 'beta_2': 0.9012035985514407, 'epsilon': 9.466045376448391e-08, 'hidden_layer_sizes': 94, 'learning_rate_init': 0.001529946894856002, 'tol': 0.000301358623150428, 'validation_fraction': 0.8605798535661904}
observation time 0.000077, current best -0.961723 at iter 12
suggestion time taken 0.002208 iter 13 next_points [{'alpha': 0.0034397556663809605, 'batch_size': 83, 'beta_1': 0.6089069992343179, 'beta_2': 0.9988629445706435, 'epsilon': 1.8414631483347805e-07, 'hidden_layer_sizes': 94, 'learning_rate_init': 0.0040378322025146855, 'tol': 0.0038666465179545972, 'validation_fraction': 0.5566972431885449}]
function_evaluation time 0.661131 value -0.947135 suggestion {'alpha': 0.0034397556663809605, 'batch_size': 83, 'beta_1': 0.6089069992343179, 'beta_2': 0.9988629445706435, 'epsilon': 1.8414631483347805e-07, 'hidden_layer_sizes': 94, 'learning_rate_init': 0.0040378322025146855, 'tol': 0.0038666465179545972, 'validation_fraction': 0.5566972431885449}
observation time 0.000076, current best -0.961723 at iter 13
suggestion time taken 0.002387 iter 14 next_points [{'alpha': 5.906226270346751, 'batch_size': 65, 'beta_1': 0.5198441964188114, 'beta_2': 0.9072899788978278, 'epsilon': 2.3659040495367936e-08, 'hidden_layer_sizes': 168, 'learning_rate_init': 0.0034414418538540265, 'tol': 0.05187169174676422, 'validation_fraction': 0.638032315087225}]
function_evaluation time 0.439874 value -0.942259 suggestion {'alpha': 5.906226270346751, 'batch_size': 65, 'beta_1': 0.5198441964188114, 'beta_2': 0.9072899788978278, 'epsilon': 2.3659040495367936e-08, 'hidden_layer_sizes': 168, 'learning_rate_init': 0.0034414418538540265, 'tol': 0.05187169174676422, 'validation_fraction': 0.638032315087225}
observation time 0.000090, current best -0.961723 at iter 14
saving meta data: {'args': {'--uuid': '23e221f1977b50169d9cc5799c0144ff', '-db-root': '/home/ryedida/bbo_challenge_starter_kit/output', '--opt-root': '/home/ryedida/bbo_challenge_starter_kit/example_submissions', '--data-root': None, '--db': 'run_20230429_190633', '--opt': 'hyperopt', '--data': 'digits', '--classifier': 'MLP-adam', '--metric': 'acc', '--calls': 15, '--suggestions': 1, '--jobs-file': None, '--verbose': False, 'dry_run': False, 'rev': 'a376313', 'opt_rev': '0.2.7'}, 'signature': ([{'alpha': 0.019628224813442792, 'batch_size': 182, 'beta_1': 0.9410202200271762, 'beta_2': 0.9998021557676793, 'epsilon': 1.8662266976518e-08, 'hidden_layer_sizes': 147, 'learning_rate_init': 0.0005627932047415167, 'tol': 0.03690557729213761, 'validation_fraction': 0.8846827852548593}, {'alpha': 0.0019982467392329444, 'batch_size': 200, 'beta_1': 0.919111482530466, 'beta_2': 0.9998488260436156, 'epsilon': 5.981221901152555e-07, 'hidden_layer_sizes': 61, 'learning_rate_init': 2.2310905607443014e-05, 'tol': 1.2046852412030316e-05, 'validation_fraction': 0.8117896445826539}, {'alpha': 0.46659545670218433, 'batch_size': 219, 'beta_1': 0.9889789783750891, 'beta_2': 0.9999896868093284, 'epsilon': 2.4234724484675948e-08, 'hidden_layer_sizes': 167, 'learning_rate_init': 2.972334644335654e-05, 'tol': 0.0036281404040243792, 'validation_fraction': 0.17260651658522078}, {'alpha': 4.656005689076002, 'batch_size': 135, 'beta_1': 0.870503881627747, 'beta_2': 0.9948873266941017, 'epsilon': 2.1023308743480125e-07, 'hidden_layer_sizes': 118, 'learning_rate_init': 0.0018781738757161913, 'tol': 1.1889379831773004e-05, 'validation_fraction': 0.6264327093752792}, {'alpha': 0.04705159350400542, 'batch_size': 158, 'beta_1': 0.9870884262730957, 'beta_2': 0.9999596874382349, 'epsilon': 1.1981845126013875e-08, 'hidden_layer_sizes': 116, 'learning_rate_init': 0.00617340520407431, 'tol': 1.741413418158619e-05, 'validation_fraction': 0.6754299026638921}], [-0.21081107239643826, -0.1295489740611692, -0.27999177313201706, -0.9422522260936896, -0.9332050909794812])}
saving results
saving timing
saving suggest log
done
