running: {'--uuid': '556da8fbf76053f2a6b5e6de4a0fff04', '-db-root': '/home/ryedida/bbo_challenge_starter_kit/output', '--opt-root': '/home/ryedida/bbo_challenge_starter_kit/example_submissions', '--data-root': None, '--db': 'run_20230429_190633', '--opt': 'random-search', '--data': 'digits', '--classifier': 'MLP-adam', '--metric': 'nll', '--calls': 15, '--suggestions': 1, '--jobs-file': None, '--verbose': False, 'dry_run': False, 'rev': 'a376313', 'opt_rev': '0.0.8'}
cmd: python random-search/optimizer.py -c MLP-adam -d digits -o random-search -u 556da8fbf76053f2a6b5e6de4a0fff04 -m nll -n 15 -p 1 -dir /home/ryedida/bbo_challenge_starter_kit/output -b run_20230429_190633
/home/ryedida/.local/lib/python3.9/site-packages/sklearn/neural_network/_multilayer_perceptron.py:605: UserWarning: Got `batch_size` less than 1 or larger than sample size. It is going to be clipped
  warnings.warn(

/home/ryedida/.local/lib/python3.9/site-packages/sklearn/neural_network/_multilayer_perceptron.py:686: ConvergenceWarning: Stochastic Optimizer: Maximum iterations (200) reached and the optimization hasn't converged yet.
  warnings.warn(

computed signature: ([{'alpha': 0.019628224813442792, 'batch_size': 182, 'beta_1': 0.9410202200271762, 'beta_2': 0.9998021557676793, 'epsilon': 1.8662266976518e-08, 'hidden_layer_sizes': 147, 'learning_rate_init': 0.0005627932047415167, 'tol': 0.03690557729213761, 'validation_fraction': 0.8846827852548593}, {'alpha': 0.0019982467392329444, 'batch_size': 200, 'beta_1': 0.919111482530466, 'beta_2': 0.9998488260436156, 'epsilon': 5.981221901152555e-07, 'hidden_layer_sizes': 61, 'learning_rate_init': 2.2310905607443014e-05, 'tol': 1.2046852412030316e-05, 'validation_fraction': 0.8117896445826539}, {'alpha': 0.46659545670218433, 'batch_size': 219, 'beta_1': 0.9889789783750891, 'beta_2': 0.9999896868093284, 'epsilon': 2.4234724484675948e-08, 'hidden_layer_sizes': 167, 'learning_rate_init': 2.972334644335654e-05, 'tol': 0.0036281404040243792, 'validation_fraction': 0.17260651658522078}, {'alpha': 4.656005689076002, 'batch_size': 135, 'beta_1': 0.870503881627747, 'beta_2': 0.9948873266941017, 'epsilon': 2.1023308743480125e-07, 'hidden_layer_sizes': 118, 'learning_rate_init': 0.0018781738757161913, 'tol': 1.1889379831773004e-05, 'validation_fraction': 0.6264327093752792}, {'alpha': 0.04705159350400542, 'batch_size': 158, 'beta_1': 0.9870884262730957, 'beta_2': 0.9999596874382349, 'epsilon': 1.1981845126013875e-08, 'hidden_layer_sizes': 116, 'learning_rate_init': 0.00617340520407431, 'tol': 1.741413418158619e-05, 'validation_fraction': 0.6754299026638921}], [4.8709522768835765, 9.712622772033223, 5.950791832993735, 0.19438427080405424, 0.251902166999456])
/home/ryedida/.local/lib/python3.9/site-packages/bayesmark/signatures.py:85: RuntimeWarning: Signature diverged on MLP-adam_digits_nll betwen [4.71022664 9.71262277 5.92543888 0.18972466 0.25190217] and [ 4.87095228 10.02890359  5.95079183  0.19438427  0.26094505]
  warnings.warn(

Signature errors:
                            0         1         2        3         4       max
MLP-adam_digits_nll  0.160726  0.316281  0.025353  0.00466  0.009043  0.316281
max                  0.160726  0.316281  0.025353  0.00466  0.009043  0.316281
starting sklearn study random-search MLP-adam digits nll 15 1
with data root: None
suggestion time taken 0.002564 iter 0 next_points [{'alpha': 0.10833872398753017, 'batch_size': 223, 'beta_1': 0.6976898714884311, 'beta_2': 0.996417266970102, 'epsilon': 1.0851943168832945e-08, 'hidden_layer_sizes': 169, 'learning_rate_init': 0.00044971894976064713, 'tol': 7.036709247529602e-05, 'validation_fraction': 0.3694501074291619}]
function_evaluation time 2.523579 value 0.154516 suggestion {'alpha': 0.10833872398753017, 'batch_size': 223, 'beta_1': 0.6976898714884311, 'beta_2': 0.996417266970102, 'epsilon': 1.0851943168832945e-08, 'hidden_layer_sizes': 169, 'learning_rate_init': 0.00044971894976064713, 'tol': 7.036709247529602e-05, 'validation_fraction': 0.3694501074291619}
observation time 0.000007, current best 0.154516 at iter 0
suggestion time taken 0.002464 iter 1 next_points [{'alpha': 0.01030451830100609, 'batch_size': 17, 'beta_1': 0.9804721904091995, 'beta_2': 0.9915540752695979, 'epsilon': 2.255338669182633e-08, 'hidden_layer_sizes': 101, 'learning_rate_init': 0.06012899616766773, 'tol': 0.0020868071908491624, 'validation_fraction': 0.20214684636153174}]
function_evaluation time 3.195353 value 0.790903 suggestion {'alpha': 0.01030451830100609, 'batch_size': 17, 'beta_1': 0.9804721904091995, 'beta_2': 0.9915540752695979, 'epsilon': 2.255338669182633e-08, 'hidden_layer_sizes': 101, 'learning_rate_init': 0.06012899616766773, 'tol': 0.0020868071908491624, 'validation_fraction': 0.20214684636153174}
observation time 0.000006, current best 0.154516 at iter 1
suggestion time taken 0.002546 iter 2 next_points [{'alpha': 0.011966152246805771, 'batch_size': 51, 'beta_1': 0.5275476475428719, 'beta_2': 0.9999952841083322, 'epsilon': 9.312201203439591e-08, 'hidden_layer_sizes': 87, 'learning_rate_init': 2.4389054700445775e-05, 'tol': 1.5895824503250446e-05, 'validation_fraction': 0.13968171392455617}]
function_evaluation time 5.611534 value 2.264414 suggestion {'alpha': 0.011966152246805771, 'batch_size': 51, 'beta_1': 0.5275476475428719, 'beta_2': 0.9999952841083322, 'epsilon': 9.312201203439591e-08, 'hidden_layer_sizes': 87, 'learning_rate_init': 2.4389054700445775e-05, 'tol': 1.5895824503250446e-05, 'validation_fraction': 0.13968171392455617}
observation time 0.000005, current best 0.154516 at iter 2
suggestion time taken 0.002700 iter 3 next_points [{'alpha': 0.743633984305066, 'batch_size': 211, 'beta_1': 0.9885333059270465, 'beta_2': 0.9904921544875683, 'epsilon': 4.243246758433013e-09, 'hidden_layer_sizes': 163, 'learning_rate_init': 0.02467246653266044, 'tol': 4.137715257414479e-05, 'validation_fraction': 0.40572526835993034}]
function_evaluation time 0.899114 value 0.318671 suggestion {'alpha': 0.743633984305066, 'batch_size': 211, 'beta_1': 0.9885333059270465, 'beta_2': 0.9904921544875683, 'epsilon': 4.243246758433013e-09, 'hidden_layer_sizes': 163, 'learning_rate_init': 0.02467246653266044, 'tol': 4.137715257414479e-05, 'validation_fraction': 0.40572526835993034}
observation time 0.000006, current best 0.154516 at iter 3
suggestion time taken 0.002503 iter 4 next_points [{'alpha': 0.10907080730589788, 'batch_size': 81, 'beta_1': 0.9650576538508242, 'beta_2': 0.992788866996505, 'epsilon': 1.6852968624694774e-09, 'hidden_layer_sizes': 54, 'learning_rate_init': 0.0074689599570209745, 'tol': 0.00022550840758357943, 'validation_fraction': 0.7603782170850739}]
function_evaluation time 0.627441 value 0.316451 suggestion {'alpha': 0.10907080730589788, 'batch_size': 81, 'beta_1': 0.9650576538508242, 'beta_2': 0.992788866996505, 'epsilon': 1.6852968624694774e-09, 'hidden_layer_sizes': 54, 'learning_rate_init': 0.0074689599570209745, 'tol': 0.00022550840758357943, 'validation_fraction': 0.7603782170850739}
observation time 0.000006, current best 0.154516 at iter 4
suggestion time taken 0.002727 iter 5 next_points [{'alpha': 0.0005331520751462388, 'batch_size': 91, 'beta_1': 0.8288480278365997, 'beta_2': 0.9442421088614653, 'epsilon': 2.6521156045723173e-09, 'hidden_layer_sizes': 190, 'learning_rate_init': 7.46997951053679e-05, 'tol': 0.022834227339183392, 'validation_fraction': 0.1411321722385938}]
function_evaluation time 1.524154 value 0.328214 suggestion {'alpha': 0.0005331520751462388, 'batch_size': 91, 'beta_1': 0.8288480278365997, 'beta_2': 0.9442421088614653, 'epsilon': 2.6521156045723173e-09, 'hidden_layer_sizes': 190, 'learning_rate_init': 7.46997951053679e-05, 'tol': 0.022834227339183392, 'validation_fraction': 0.1411321722385938}
observation time 0.000005, current best 0.154516 at iter 5
suggestion time taken 0.002446 iter 6 next_points [{'alpha': 0.05054115141337937, 'batch_size': 73, 'beta_1': 0.9476491821835091, 'beta_2': 0.9999916238515557, 'epsilon': 2.866287090517848e-07, 'hidden_layer_sizes': 78, 'learning_rate_init': 0.07972618577587572, 'tol': 0.07110255009256458, 'validation_fraction': 0.8189814383429954}]
function_evaluation time 0.206931 value 9.596600 suggestion {'alpha': 0.05054115141337937, 'batch_size': 73, 'beta_1': 0.9476491821835091, 'beta_2': 0.9999916238515557, 'epsilon': 2.866287090517848e-07, 'hidden_layer_sizes': 78, 'learning_rate_init': 0.07972618577587572, 'tol': 0.07110255009256458, 'validation_fraction': 0.8189814383429954}
observation time 0.000006, current best 0.154516 at iter 6
suggestion time taken 0.002471 iter 7 next_points [{'alpha': 0.00595001035745421, 'batch_size': 132, 'beta_1': 0.8512460355612245, 'beta_2': 0.9999975867741117, 'epsilon': 1.4185234365815498e-08, 'hidden_layer_sizes': 166, 'learning_rate_init': 5.0853245541865685e-05, 'tol': 0.09030609626396129, 'validation_fraction': 0.6241413103303617}]
function_evaluation time 0.311079 value 5.778524 suggestion {'alpha': 0.00595001035745421, 'batch_size': 132, 'beta_1': 0.8512460355612245, 'beta_2': 0.9999975867741117, 'epsilon': 1.4185234365815498e-08, 'hidden_layer_sizes': 166, 'learning_rate_init': 5.0853245541865685e-05, 'tol': 0.09030609626396129, 'validation_fraction': 0.6241413103303617}
observation time 0.000005, current best 0.154516 at iter 7
suggestion time taken 0.002844 iter 8 next_points [{'alpha': 3.28966813956945e-05, 'batch_size': 99, 'beta_1': 0.6740279401582523, 'beta_2': 0.9999920288498528, 'epsilon': 6.443479991187794e-07, 'hidden_layer_sizes': 192, 'learning_rate_init': 2.922125737499032e-05, 'tol': 0.008337418743988714, 'validation_fraction': 0.2764975057083117}]
function_evaluation time 3.519224 value 0.653830 suggestion {'alpha': 3.28966813956945e-05, 'batch_size': 99, 'beta_1': 0.6740279401582523, 'beta_2': 0.9999920288498528, 'epsilon': 6.443479991187794e-07, 'hidden_layer_sizes': 192, 'learning_rate_init': 2.922125737499032e-05, 'tol': 0.008337418743988714, 'validation_fraction': 0.2764975057083117}
observation time 0.000005, current best 0.154516 at iter 8
suggestion time taken 0.002470 iter 9 next_points [{'alpha': 1.583724825347745e-05, 'batch_size': 217, 'beta_1': 0.9167078659078186, 'beta_2': 0.9948468095625066, 'epsilon': 2.066005056347868e-08, 'hidden_layer_sizes': 83, 'learning_rate_init': 0.05636390592629653, 'tol': 6.43907896339256e-05, 'validation_fraction': 0.5877292777587316}]
function_evaluation time 1.056374 value 0.582778 suggestion {'alpha': 1.583724825347745e-05, 'batch_size': 217, 'beta_1': 0.9167078659078186, 'beta_2': 0.9948468095625066, 'epsilon': 2.066005056347868e-08, 'hidden_layer_sizes': 83, 'learning_rate_init': 0.05636390592629653, 'tol': 6.43907896339256e-05, 'validation_fraction': 0.5877292777587316}
observation time 0.000005, current best 0.154516 at iter 9
suggestion time taken 0.002464 iter 10 next_points [{'alpha': 3.903366040520437, 'batch_size': 228, 'beta_1': 0.9665253838546636, 'beta_2': 0.9974342015034457, 'epsilon': 4.923893777390349e-07, 'hidden_layer_sizes': 77, 'learning_rate_init': 0.00010628777965163358, 'tol': 2.7438634318878663e-05, 'validation_fraction': 0.8564250946438253}]
/home/ryedida/.local/lib/python3.9/site-packages/sklearn/neural_network/_multilayer_perceptron.py:605: UserWarning: Got `batch_size` less than 1 or larger than sample size. It is going to be clipped
  warnings.warn(

function_evaluation time 1.063972 value 6.000070 suggestion {'alpha': 3.903366040520437, 'batch_size': 228, 'beta_1': 0.9665253838546636, 'beta_2': 0.9974342015034457, 'epsilon': 4.923893777390349e-07, 'hidden_layer_sizes': 77, 'learning_rate_init': 0.00010628777965163358, 'tol': 2.7438634318878663e-05, 'validation_fraction': 0.8564250946438253}
observation time 0.000006, current best 0.154516 at iter 10
suggestion time taken 0.002407 iter 11 next_points [{'alpha': 0.02064104703686393, 'batch_size': 27, 'beta_1': 0.9744076612153683, 'beta_2': 0.9105452908589229, 'epsilon': 3.572571555900234e-09, 'hidden_layer_sizes': 167, 'learning_rate_init': 0.0021413792036421527, 'tol': 6.027362266772699e-05, 'validation_fraction': 0.20116658138602908}]
function_evaluation time 2.743639 value 0.126732 suggestion {'alpha': 0.02064104703686393, 'batch_size': 27, 'beta_1': 0.9744076612153683, 'beta_2': 0.9105452908589229, 'epsilon': 3.572571555900234e-09, 'hidden_layer_sizes': 167, 'learning_rate_init': 0.0021413792036421527, 'tol': 6.027362266772699e-05, 'validation_fraction': 0.20116658138602908}
observation time 0.000005, current best 0.126732 at iter 11
suggestion time taken 0.002492 iter 12 next_points [{'alpha': 0.08276986988651823, 'batch_size': 186, 'beta_1': 0.9680441087530238, 'beta_2': 0.9999231516568937, 'epsilon': 3.6135744966031217e-07, 'hidden_layer_sizes': 185, 'learning_rate_init': 0.00017159061801116294, 'tol': 0.0003614012329783517, 'validation_fraction': 0.31733290366174655}]
function_evaluation time 2.973327 value 0.217024 suggestion {'alpha': 0.08276986988651823, 'batch_size': 186, 'beta_1': 0.9680441087530238, 'beta_2': 0.9999231516568937, 'epsilon': 3.6135744966031217e-07, 'hidden_layer_sizes': 185, 'learning_rate_init': 0.00017159061801116294, 'tol': 0.0003614012329783517, 'validation_fraction': 0.31733290366174655}
observation time 0.000006, current best 0.126732 at iter 12
suggestion time taken 0.002447 iter 13 next_points [{'alpha': 0.0009725294503234303, 'batch_size': 48, 'beta_1': 0.8645394412287623, 'beta_2': 0.9991309939590367, 'epsilon': 2.9315314059902923e-07, 'hidden_layer_sizes': 68, 'learning_rate_init': 0.022988582150722543, 'tol': 2.6461611892531208e-05, 'validation_fraction': 0.7716968628010888}]
function_evaluation time 0.568364 value 0.330923 suggestion {'alpha': 0.0009725294503234303, 'batch_size': 48, 'beta_1': 0.8645394412287623, 'beta_2': 0.9991309939590367, 'epsilon': 2.9315314059902923e-07, 'hidden_layer_sizes': 68, 'learning_rate_init': 0.022988582150722543, 'tol': 2.6461611892531208e-05, 'validation_fraction': 0.7716968628010888}
observation time 0.000005, current best 0.126732 at iter 13
suggestion time taken 0.002429 iter 14 next_points [{'alpha': 0.00972065258532541, 'batch_size': 28, 'beta_1': 0.927220082433508, 'beta_2': 0.9985780298155743, 'epsilon': 1.073556255723243e-07, 'hidden_layer_sizes': 90, 'learning_rate_init': 0.004236731746944531, 'tol': 8.956565290813122e-05, 'validation_fraction': 0.3550073694996768}]
function_evaluation time 1.243450 value 0.125007 suggestion {'alpha': 0.00972065258532541, 'batch_size': 28, 'beta_1': 0.927220082433508, 'beta_2': 0.9985780298155743, 'epsilon': 1.073556255723243e-07, 'hidden_layer_sizes': 90, 'learning_rate_init': 0.004236731746944531, 'tol': 8.956565290813122e-05, 'validation_fraction': 0.3550073694996768}
observation time 0.000006, current best 0.125007 at iter 14
saving meta data: {'args': {'--uuid': '556da8fbf76053f2a6b5e6de4a0fff04', '-db-root': '/home/ryedida/bbo_challenge_starter_kit/output', '--opt-root': '/home/ryedida/bbo_challenge_starter_kit/example_submissions', '--data-root': None, '--db': 'run_20230429_190633', '--opt': 'random-search', '--data': 'digits', '--classifier': 'MLP-adam', '--metric': 'nll', '--calls': 15, '--suggestions': 1, '--jobs-file': None, '--verbose': False, 'dry_run': False, 'rev': 'a376313', 'opt_rev': '0.0.8'}, 'signature': ([{'alpha': 0.019628224813442792, 'batch_size': 182, 'beta_1': 0.9410202200271762, 'beta_2': 0.9998021557676793, 'epsilon': 1.8662266976518e-08, 'hidden_layer_sizes': 147, 'learning_rate_init': 0.0005627932047415167, 'tol': 0.03690557729213761, 'validation_fraction': 0.8846827852548593}, {'alpha': 0.0019982467392329444, 'batch_size': 200, 'beta_1': 0.919111482530466, 'beta_2': 0.9998488260436156, 'epsilon': 5.981221901152555e-07, 'hidden_layer_sizes': 61, 'learning_rate_init': 2.2310905607443014e-05, 'tol': 1.2046852412030316e-05, 'validation_fraction': 0.8117896445826539}, {'alpha': 0.46659545670218433, 'batch_size': 219, 'beta_1': 0.9889789783750891, 'beta_2': 0.9999896868093284, 'epsilon': 2.4234724484675948e-08, 'hidden_layer_sizes': 167, 'learning_rate_init': 2.972334644335654e-05, 'tol': 0.0036281404040243792, 'validation_fraction': 0.17260651658522078}, {'alpha': 4.656005689076002, 'batch_size': 135, 'beta_1': 0.870503881627747, 'beta_2': 0.9948873266941017, 'epsilon': 2.1023308743480125e-07, 'hidden_layer_sizes': 118, 'learning_rate_init': 0.0018781738757161913, 'tol': 1.1889379831773004e-05, 'validation_fraction': 0.6264327093752792}, {'alpha': 0.04705159350400542, 'batch_size': 158, 'beta_1': 0.9870884262730957, 'beta_2': 0.9999596874382349, 'epsilon': 1.1981845126013875e-08, 'hidden_layer_sizes': 116, 'learning_rate_init': 0.00617340520407431, 'tol': 1.741413418158619e-05, 'validation_fraction': 0.6754299026638921}], [4.8709522768835765, 9.712622772033223, 5.950791832993735, 0.19438427080405424, 0.251902166999456])}
saving results
saving timing
saving suggest log
done
