running: {'--uuid': '766c31da40985aa1a033a2cedd5bffb5', '-db-root': '/home/ryedida/bbo_challenge_starter_kit/output', '--opt-root': '/home/ryedida/bbo_challenge_starter_kit/example_submissions', '--data-root': None, '--db': 'run_20230429_190633', '--opt': 'smoothness', '--data': 'digits', '--classifier': 'MLP-adam', '--metric': 'acc', '--calls': 15, '--suggestions': 1, '--jobs-file': None, '--verbose': False, 'dry_run': False, 'rev': 'a376313', 'opt_rev': 'x.x.x'}
cmd: python smoothness/optimizer.py -c MLP-adam -d digits -o smoothness -u 766c31da40985aa1a033a2cedd5bffb5 -m acc -n 15 -p 1 -dir /home/ryedida/bbo_challenge_starter_kit/output -b run_20230429_190633
/home/ryedida/.local/lib/python3.9/site-packages/sklearn/neural_network/_multilayer_perceptron.py:605: UserWarning: Got `batch_size` less than 1 or larger than sample size. It is going to be clipped
  warnings.warn(

/home/ryedida/.local/lib/python3.9/site-packages/sklearn/neural_network/_multilayer_perceptron.py:686: ConvergenceWarning: Stochastic Optimizer: Maximum iterations (200) reached and the optimization hasn't converged yet.
  warnings.warn(

computed signature: ([{'alpha': 0.019628224813442792, 'batch_size': 182, 'beta_1': 0.9410202200271762, 'beta_2': 0.9998021557676793, 'epsilon': 1.8662266976518e-08, 'hidden_layer_sizes': 147, 'learning_rate_init': 0.0005627932047415167, 'tol': 0.03690557729213761, 'validation_fraction': 0.8846827852548593}, {'alpha': 0.0019982467392329444, 'batch_size': 200, 'beta_1': 0.919111482530466, 'beta_2': 0.9998488260436156, 'epsilon': 5.981221901152555e-07, 'hidden_layer_sizes': 61, 'learning_rate_init': 2.2310905607443014e-05, 'tol': 1.2046852412030316e-05, 'validation_fraction': 0.8117896445826539}, {'alpha': 0.46659545670218433, 'batch_size': 219, 'beta_1': 0.9889789783750891, 'beta_2': 0.9999896868093284, 'epsilon': 2.4234724484675948e-08, 'hidden_layer_sizes': 167, 'learning_rate_init': 2.972334644335654e-05, 'tol': 0.0036281404040243792, 'validation_fraction': 0.17260651658522078}, {'alpha': 4.656005689076002, 'batch_size': 135, 'beta_1': 0.870503881627747, 'beta_2': 0.9948873266941017, 'epsilon': 2.1023308743480125e-07, 'hidden_layer_sizes': 118, 'learning_rate_init': 0.0018781738757161913, 'tol': 1.1889379831773004e-05, 'validation_fraction': 0.6264327093752792}, {'alpha': 0.04705159350400542, 'batch_size': 158, 'beta_1': 0.9870884262730957, 'beta_2': 0.9999596874382349, 'epsilon': 1.1981845126013875e-08, 'hidden_layer_sizes': 116, 'learning_rate_init': 0.00617340520407431, 'tol': 1.741413418158619e-05, 'validation_fraction': 0.6754299026638921}], [-0.21081107239643826, -0.1295489740611692, -0.27999177313201706, -0.9422522260936896, -0.9332050909794812])
/home/ryedida/.local/lib/python3.9/site-packages/bayesmark/signatures.py:85: RuntimeWarning: Signature diverged on MLP-adam_digits_acc betwen [-0.2181506  -0.12954897 -0.42701514 -0.94997127 -0.93320509] and [-0.21081107 -0.11575494 -0.27999177 -0.94225223 -0.93253861]
  warnings.warn(

Signature errors:
                           0         1         2         3         4       max
MLP-adam_digits_acc  0.00734  0.013794  0.147023  0.007719  0.000666  0.147023
max                  0.00734  0.013794  0.147023  0.007719  0.000666  0.147023
starting sklearn study smoothness MLP-adam digits acc 15 1
with data root: None
suggestion time taken 9.463494 iter 0 next_points [{'alpha': 0.10986523801019632, 'batch_size': 30, 'beta_1': 0.9150393358813976, 'beta_2': 0.9842848735022791, 'epsilon': 2.1292724733251924e-08, 'hidden_layer_sizes': 52, 'learning_rate_init': 0.0001626200534904699, 'tol': 0.001947646246588412, 'validation_fraction': 0.744492004412756}]
function_evaluation time 2.928290 value -0.907457 suggestion {'alpha': 0.10986523801019632, 'batch_size': 30, 'beta_1': 0.9150393358813976, 'beta_2': 0.9842848735022791, 'epsilon': 2.1292724733251924e-08, 'hidden_layer_sizes': 52, 'learning_rate_init': 0.0001626200534904699, 'tol': 0.001947646246588412, 'validation_fraction': 0.744492004412756}
observation time 0.000006, current best -0.907457 at iter 0
suggestion time taken 9.256551 iter 1 next_points [{'alpha': 0.0029923719301040135, 'batch_size': 38, 'beta_1': 0.9820414784111037, 'beta_2': 0.9973048646009663, 'epsilon': 2.414387441456819e-07, 'hidden_layer_sizes': 79, 'learning_rate_init': 0.00037274459778286736, 'tol': 6.572099707414718e-05, 'validation_fraction': 0.616464292122091}]
function_evaluation time 2.859351 value -0.931095 suggestion {'alpha': 0.0029923719301040135, 'batch_size': 38, 'beta_1': 0.9820414784111037, 'beta_2': 0.9973048646009663, 'epsilon': 2.414387441456819e-07, 'hidden_layer_sizes': 79, 'learning_rate_init': 0.00037274459778286736, 'tol': 6.572099707414718e-05, 'validation_fraction': 0.616464292122091}
observation time 0.000006, current best -0.931095 at iter 1
suggestion time taken 9.346158 iter 2 next_points [{'alpha': 0.5493715902497143, 'batch_size': 18, 'beta_1': 0.9546836057036742, 'beta_2': 0.9971641985733319, 'epsilon': 6.061672094760819e-09, 'hidden_layer_sizes': 74, 'learning_rate_init': 0.0001579938290143711, 'tol': 0.0003119454711640112, 'validation_fraction': 0.7326035699107373}]
function_evaluation time 5.199085 value -0.933900 suggestion {'alpha': 0.5493715902497143, 'batch_size': 18, 'beta_1': 0.9546836057036742, 'beta_2': 0.9971641985733319, 'epsilon': 6.061672094760819e-09, 'hidden_layer_sizes': 74, 'learning_rate_init': 0.0001579938290143711, 'tol': 0.0003119454711640112, 'validation_fraction': 0.7326035699107373}
observation time 0.000005, current best -0.933900 at iter 2
suggestion time taken 9.595236 iter 3 next_points [{'alpha': 0.00017617579524852498, 'batch_size': 51, 'beta_1': 0.8758677276977679, 'beta_2': 0.9984666164734614, 'epsilon': 1.6976781212241102e-08, 'hidden_layer_sizes': 72, 'learning_rate_init': 0.09407906502811925, 'tol': 0.05356493256503051, 'validation_fraction': 0.7020913125478024}]
function_evaluation time 0.281402 value -0.449528 suggestion {'alpha': 0.00017617579524852498, 'batch_size': 51, 'beta_1': 0.8758677276977679, 'beta_2': 0.9984666164734614, 'epsilon': 1.6976781212241102e-08, 'hidden_layer_sizes': 72, 'learning_rate_init': 0.09407906502811925, 'tol': 0.05356493256503051, 'validation_fraction': 0.7020913125478024}
observation time 0.000006, current best -0.933900 at iter 3
suggestion time taken 9.369062 iter 4 next_points [{'alpha': 0.0008156204195805579, 'batch_size': 15, 'beta_1': 0.8590483935085852, 'beta_2': 0.9999928186186847, 'epsilon': 1.3265815421579598e-09, 'hidden_layer_sizes': 54, 'learning_rate_init': 0.013990779209917748, 'tol': 0.0002184575590506269, 'validation_fraction': 0.40986748363952524}]
function_evaluation time 2.012957 value -0.961031 suggestion {'alpha': 0.0008156204195805579, 'batch_size': 15, 'beta_1': 0.8590483935085852, 'beta_2': 0.9999928186186847, 'epsilon': 1.3265815421579598e-09, 'hidden_layer_sizes': 54, 'learning_rate_init': 0.013990779209917748, 'tol': 0.0002184575590506269, 'validation_fraction': 0.40986748363952524}
observation time 0.000006, current best -0.961031 at iter 4
suggestion time taken 9.339688 iter 5 next_points [{'alpha': 0.00024172649558429154, 'batch_size': 31, 'beta_1': 0.9839006888432634, 'beta_2': 0.9992152062845504, 'epsilon': 1.3964747587328285e-09, 'hidden_layer_sizes': 91, 'learning_rate_init': 0.00017509563986510174, 'tol': 0.05153554354282529, 'validation_fraction': 0.14566784466564714}]
function_evaluation time 1.131731 value -0.885206 suggestion {'alpha': 0.00024172649558429154, 'batch_size': 31, 'beta_1': 0.9839006888432634, 'beta_2': 0.9992152062845504, 'epsilon': 1.3964747587328285e-09, 'hidden_layer_sizes': 91, 'learning_rate_init': 0.00017509563986510174, 'tol': 0.05153554354282529, 'validation_fraction': 0.14566784466564714}
observation time 0.000006, current best -0.961031 at iter 5
suggestion time taken 9.365848 iter 6 next_points [{'alpha': 2.8845716192623306e-05, 'batch_size': 37, 'beta_1': 0.9117677509132656, 'beta_2': 0.9997068791879906, 'epsilon': 2.4640105895122194e-09, 'hidden_layer_sizes': 75, 'learning_rate_init': 4.565728203007897e-05, 'tol': 0.001478377817575762, 'validation_fraction': 0.7426104533875019}]
function_evaluation time 1.628897 value -0.394960 suggestion {'alpha': 2.8845716192623306e-05, 'batch_size': 37, 'beta_1': 0.9117677509132656, 'beta_2': 0.9997068791879906, 'epsilon': 2.4640105895122194e-09, 'hidden_layer_sizes': 75, 'learning_rate_init': 4.565728203007897e-05, 'tol': 0.001478377817575762, 'validation_fraction': 0.7426104533875019}
observation time 0.000006, current best -0.961031 at iter 6
suggestion time taken 9.482418 iter 7 next_points [{'alpha': 3.717900117273347e-05, 'batch_size': 24, 'beta_1': 0.987007023698184, 'beta_2': 0.9999955583108022, 'epsilon': 1.5070061507034262e-07, 'hidden_layer_sizes': 100, 'learning_rate_init': 0.00020345854205929272, 'tol': 7.49812098141028e-05, 'validation_fraction': 0.7480638217353641}]
function_evaluation time 3.599016 value -0.900496 suggestion {'alpha': 3.717900117273347e-05, 'batch_size': 24, 'beta_1': 0.987007023698184, 'beta_2': 0.9999955583108022, 'epsilon': 1.5070061507034262e-07, 'hidden_layer_sizes': 100, 'learning_rate_init': 0.00020345854205929272, 'tol': 7.49812098141028e-05, 'validation_fraction': 0.7480638217353641}
observation time 0.000006, current best -0.961031 at iter 7
suggestion time taken 9.400358 iter 8 next_points [{'alpha': 1.0675093195794034, 'batch_size': 22, 'beta_1': 0.5622896715004316, 'beta_2': 0.9999839007706925, 'epsilon': 1.7301789716857991e-09, 'hidden_layer_sizes': 138, 'learning_rate_init': 0.018306042026341413, 'tol': 0.02083680078840947, 'validation_fraction': 0.11122747413206324}]
function_evaluation time 1.699380 value -0.947125 suggestion {'alpha': 1.0675093195794034, 'batch_size': 22, 'beta_1': 0.5622896715004316, 'beta_2': 0.9999839007706925, 'epsilon': 1.7301789716857991e-09, 'hidden_layer_sizes': 138, 'learning_rate_init': 0.018306042026341413, 'tol': 0.02083680078840947, 'validation_fraction': 0.11122747413206324}
observation time 0.000006, current best -0.961031 at iter 8
suggestion time taken 9.375417 iter 9 next_points [{'alpha': 0.03704397407574598, 'batch_size': 54, 'beta_1': 0.9792130573974017, 'beta_2': 0.9879429781639908, 'epsilon': 1.9302426550791717e-08, 'hidden_layer_sizes': 96, 'learning_rate_init': 0.0014914606144922496, 'tol': 0.0008423885711657692, 'validation_fraction': 0.4675764043692195}]
function_evaluation time 1.764533 value -0.956862 suggestion {'alpha': 0.03704397407574598, 'batch_size': 54, 'beta_1': 0.9792130573974017, 'beta_2': 0.9879429781639908, 'epsilon': 1.9302426550791717e-08, 'hidden_layer_sizes': 96, 'learning_rate_init': 0.0014914606144922496, 'tol': 0.0008423885711657692, 'validation_fraction': 0.4675764043692195}
observation time 0.000006, current best -0.961031 at iter 9
suggestion time taken 9.508587 iter 10 next_points [{'alpha': 0.0025692200830010753, 'batch_size': 30, 'beta_1': 0.979894670212399, 'beta_2': 0.999510541655702, 'epsilon': 1.8803169370351713e-07, 'hidden_layer_sizes': 125, 'learning_rate_init': 0.00014744557861944422, 'tol': 3.577573810011042e-05, 'validation_fraction': 0.5373823930787937}]
function_evaluation time 3.974611 value -0.929711 suggestion {'alpha': 0.0025692200830010753, 'batch_size': 30, 'beta_1': 0.979894670212399, 'beta_2': 0.999510541655702, 'epsilon': 1.8803169370351713e-07, 'hidden_layer_sizes': 125, 'learning_rate_init': 0.00014744557861944422, 'tol': 3.577573810011042e-05, 'validation_fraction': 0.5373823930787937}
observation time 0.000006, current best -0.961031 at iter 10
suggestion time taken 9.587715 iter 11 next_points [{'alpha': 3.0198940185006076e-05, 'batch_size': 33, 'beta_1': 0.9855518196725714, 'beta_2': 0.9864679888645719, 'epsilon': 5.325495792954143e-08, 'hidden_layer_sizes': 69, 'learning_rate_init': 0.0019990828395523115, 'tol': 0.0008700139051024984, 'validation_fraction': 0.5696744652971609}]
function_evaluation time 1.805930 value -0.949206 suggestion {'alpha': 3.0198940185006076e-05, 'batch_size': 33, 'beta_1': 0.9855518196725714, 'beta_2': 0.9864679888645719, 'epsilon': 5.325495792954143e-08, 'hidden_layer_sizes': 69, 'learning_rate_init': 0.0019990828395523115, 'tol': 0.0008700139051024984, 'validation_fraction': 0.5696744652971609}
observation time 0.000006, current best -0.961031 at iter 11
suggestion time taken 9.567694 iter 12 next_points [{'alpha': 6.0934218877138104e-05, 'batch_size': 16, 'beta_1': 0.724529419983022, 'beta_2': 0.9958021393769826, 'epsilon': 1.2919848699512947e-09, 'hidden_layer_sizes': 86, 'learning_rate_init': 0.00028980657246892587, 'tol': 0.00022256100240983123, 'validation_fraction': 0.7086103765593971}]
function_evaluation time 4.251230 value -0.933878 suggestion {'alpha': 6.0934218877138104e-05, 'batch_size': 16, 'beta_1': 0.724529419983022, 'beta_2': 0.9958021393769826, 'epsilon': 1.2919848699512947e-09, 'hidden_layer_sizes': 86, 'learning_rate_init': 0.00028980657246892587, 'tol': 0.00022256100240983123, 'validation_fraction': 0.7086103765593971}
observation time 0.000005, current best -0.961031 at iter 12
suggestion time taken 9.534035 iter 13 next_points [{'alpha': 0.03562718650159572, 'batch_size': 29, 'beta_1': 0.8331966522997102, 'beta_2': 0.9981464511523686, 'epsilon': 2.1450801537586796e-09, 'hidden_layer_sizes': 87, 'learning_rate_init': 2.189382652228197e-05, 'tol': 0.00015086447193894868, 'validation_fraction': 0.6620662338624517}]
/home/ryedida/.local/lib/python3.9/site-packages/sklearn/neural_network/_multilayer_perceptron.py:686: ConvergenceWarning: Stochastic Optimizer: Maximum iterations (200) reached and the optimization hasn't converged yet.
  warnings.warn(

function_evaluation time 5.804636 value -0.674831 suggestion {'alpha': 0.03562718650159572, 'batch_size': 29, 'beta_1': 0.8331966522997102, 'beta_2': 0.9981464511523686, 'epsilon': 2.1450801537586796e-09, 'hidden_layer_sizes': 87, 'learning_rate_init': 2.189382652228197e-05, 'tol': 0.00015086447193894868, 'validation_fraction': 0.6620662338624517}
observation time 0.000005, current best -0.961031 at iter 13
suggestion time taken 9.555466 iter 14 next_points [{'alpha': 2.293253767203255, 'batch_size': 15, 'beta_1': 0.9859866757410718, 'beta_2': 0.9996091585504253, 'epsilon': 5.2911950512451275e-08, 'hidden_layer_sizes': 121, 'learning_rate_init': 0.00024420490947586043, 'tol': 0.0010519612350957898, 'validation_fraction': 0.673322651198969}]
function_evaluation time 4.339070 value -0.941572 suggestion {'alpha': 2.293253767203255, 'batch_size': 15, 'beta_1': 0.9859866757410718, 'beta_2': 0.9996091585504253, 'epsilon': 5.2911950512451275e-08, 'hidden_layer_sizes': 121, 'learning_rate_init': 0.00024420490947586043, 'tol': 0.0010519612350957898, 'validation_fraction': 0.673322651198969}
observation time 0.000006, current best -0.961031 at iter 14
saving meta data: {'args': {'--uuid': '766c31da40985aa1a033a2cedd5bffb5', '-db-root': '/home/ryedida/bbo_challenge_starter_kit/output', '--opt-root': '/home/ryedida/bbo_challenge_starter_kit/example_submissions', '--data-root': None, '--db': 'run_20230429_190633', '--opt': 'smoothness', '--data': 'digits', '--classifier': 'MLP-adam', '--metric': 'acc', '--calls': 15, '--suggestions': 1, '--jobs-file': None, '--verbose': False, 'dry_run': False, 'rev': 'a376313', 'opt_rev': 'x.x.x'}, 'signature': ([{'alpha': 0.019628224813442792, 'batch_size': 182, 'beta_1': 0.9410202200271762, 'beta_2': 0.9998021557676793, 'epsilon': 1.8662266976518e-08, 'hidden_layer_sizes': 147, 'learning_rate_init': 0.0005627932047415167, 'tol': 0.03690557729213761, 'validation_fraction': 0.8846827852548593}, {'alpha': 0.0019982467392329444, 'batch_size': 200, 'beta_1': 0.919111482530466, 'beta_2': 0.9998488260436156, 'epsilon': 5.981221901152555e-07, 'hidden_layer_sizes': 61, 'learning_rate_init': 2.2310905607443014e-05, 'tol': 1.2046852412030316e-05, 'validation_fraction': 0.8117896445826539}, {'alpha': 0.46659545670218433, 'batch_size': 219, 'beta_1': 0.9889789783750891, 'beta_2': 0.9999896868093284, 'epsilon': 2.4234724484675948e-08, 'hidden_layer_sizes': 167, 'learning_rate_init': 2.972334644335654e-05, 'tol': 0.0036281404040243792, 'validation_fraction': 0.17260651658522078}, {'alpha': 4.656005689076002, 'batch_size': 135, 'beta_1': 0.870503881627747, 'beta_2': 0.9948873266941017, 'epsilon': 2.1023308743480125e-07, 'hidden_layer_sizes': 118, 'learning_rate_init': 0.0018781738757161913, 'tol': 1.1889379831773004e-05, 'validation_fraction': 0.6264327093752792}, {'alpha': 0.04705159350400542, 'batch_size': 158, 'beta_1': 0.9870884262730957, 'beta_2': 0.9999596874382349, 'epsilon': 1.1981845126013875e-08, 'hidden_layer_sizes': 116, 'learning_rate_init': 0.00617340520407431, 'tol': 1.741413418158619e-05, 'validation_fraction': 0.6754299026638921}], [-0.21081107239643826, -0.1295489740611692, -0.27999177313201706, -0.9422522260936896, -0.9332050909794812])}
saving results
saving timing
saving suggest log
done
