running: {'--uuid': '4d3617b16e475d5c9069596f69261047', '-db-root': '/home/ryedida/bbo_challenge_starter_kit/output', '--opt-root': '/home/ryedida/bbo_challenge_starter_kit/example_submissions', '--data-root': None, '--db': 'run_20230430_194925', '--opt': 'hebo', '--data': 'wine', '--classifier': 'MLP-adam', '--metric': 'nll', '--calls': 15, '--suggestions': 1, '--jobs-file': None, '--verbose': False, 'dry_run': False, 'rev': 'a376313', 'opt_rev': '0.0.8'}
cmd: python hebo/optimizer.py -c MLP-adam -d wine -o hebo -u 4d3617b16e475d5c9069596f69261047 -m nll -n 15 -p 1 -dir /home/ryedida/bbo_challenge_starter_kit/output -b run_20230430_194925
 /home/ryedida/.local/lib/python3.9/site-packages/sklearn/neural_network/_multilayer_perceptron.py:605: UserWarning:Got `batch_size` less than 1 or larger than sample size. It is going to be clipped

 /home/ryedida/.local/lib/python3.9/site-packages/sklearn/neural_network/_multilayer_perceptron.py:605: UserWarning:Got `batch_size` less than 1 or larger than sample size. It is going to be clipped

 /home/ryedida/.local/lib/python3.9/site-packages/sklearn/neural_network/_multilayer_perceptron.py:605: UserWarning:Got `batch_size` less than 1 or larger than sample size. It is going to be clipped

 /home/ryedida/.local/lib/python3.9/site-packages/sklearn/neural_network/_multilayer_perceptron.py:605: UserWarning:Got `batch_size` less than 1 or larger than sample size. It is going to be clipped

 /home/ryedida/.local/lib/python3.9/site-packages/sklearn/neural_network/_multilayer_perceptron.py:605: UserWarning:Got `batch_size` less than 1 or larger than sample size. It is going to be clipped

computed signature: ([{'alpha': 0.019628224813442792, 'batch_size': 182, 'beta_1': 0.9410202200271762, 'beta_2': 0.9998021557676793, 'epsilon': 1.8662266976518e-08, 'hidden_layer_sizes': 147, 'learning_rate_init': 0.0005627932047415167, 'tol': 0.03690557729213761, 'validation_fraction': 0.8846827852548593}, {'alpha': 0.0019982467392329444, 'batch_size': 200, 'beta_1': 0.919111482530466, 'beta_2': 0.9998488260436156, 'epsilon': 5.981221901152555e-07, 'hidden_layer_sizes': 61, 'learning_rate_init': 2.2310905607443014e-05, 'tol': 1.2046852412030316e-05, 'validation_fraction': 0.8117896445826539}, {'alpha': 0.46659545670218433, 'batch_size': 219, 'beta_1': 0.9889789783750891, 'beta_2': 0.9999896868093284, 'epsilon': 2.4234724484675948e-08, 'hidden_layer_sizes': 167, 'learning_rate_init': 2.972334644335654e-05, 'tol': 0.0036281404040243792, 'validation_fraction': 0.17260651658522078}, {'alpha': 4.656005689076002, 'batch_size': 135, 'beta_1': 0.870503881627747, 'beta_2': 0.9948873266941017, 'epsilon': 2.1023308743480125e-07, 'hidden_layer_sizes': 118, 'learning_rate_init': 0.0018781738757161913, 'tol': 1.1889379831773004e-05, 'validation_fraction': 0.6264327093752792}, {'alpha': 0.04705159350400542, 'batch_size': 158, 'beta_1': 0.9870884262730957, 'beta_2': 0.9999596874382349, 'epsilon': 1.1981845126013875e-08, 'hidden_layer_sizes': 116, 'learning_rate_init': 0.00617340520407431, 'tol': 1.741413418158619e-05, 'validation_fraction': 0.6754299026638921}], [16.063962273407764, 23.274250254613083, 19.80193088400322, 3.463918210725012, 15.210579700922176])
 /home/ryedida/.local/lib/python3.9/site-packages/bayesmark/signatures.py:85: RuntimeWarning:Signature diverged on MLP-adam_wine_nll betwen [15.51998549 22.35390307 19.16402613  3.37792524 14.64310022] and [16.06396227 23.27425025 19.80193088  3.46391821 15.2105797 ]

Signature errors:
                          0         1         2         3         4       max
MLP-adam_wine_nll  0.543977  0.920347  0.637905  0.085993  0.567479  0.920347
max                0.543977  0.920347  0.637905  0.085993  0.567479  0.920347
starting sklearn study hebo MLP-adam wine nll 15 1
with data root: None
suggestion time taken 0.004145 iter 0 next_points [{'hidden_layer_sizes': 50, 'alpha': 9.999999999999979e-06, 'batch_size': 10, 'learning_rate_init': 9.999999999999979e-06, 'tol': 9.999999999999979e-06, 'validation_fraction': 0.09999999999999999, 'beta_1': 0.5, 'beta_2': 0.9, 'epsilon': 9.999999999999999e-10}]
function_evaluation time 0.163468 value 21.625959 suggestion {'hidden_layer_sizes': 50, 'alpha': 9.999999999999979e-06, 'batch_size': 10, 'learning_rate_init': 9.999999999999979e-06, 'tol': 9.999999999999979e-06, 'validation_fraction': 0.09999999999999999, 'beta_1': 0.5, 'beta_2': 0.9, 'epsilon': 9.999999999999999e-10}
 /home/ryedida/bbo_challenge_starter_kit/example_submissions/hebo/optimizer_mace.py:237: FutureWarning:The frame.append method is deprecated and will be removed from pandas in a future version. Use pandas.concat instead.

observation time 0.120257, current best 21.625959 at iter 0
suggestion time taken 0.003366 iter 1 next_points [{'hidden_layer_sizes': 125, 'alpha': 0.00999999999999999, 'batch_size': 130, 'learning_rate_init': 0.000999999999999999, 'tol': 0.000999999999999999, 'validation_fraction': 0.29999999999999993, 'beta_1': 0.7035623639735143, 'beta_2': 0.9486828237087461, 'epsilon': 3.162277660168379e-08}]
 /home/ryedida/.local/lib/python3.9/site-packages/sklearn/neural_network/_multilayer_perceptron.py:605: UserWarning:Got `batch_size` less than 1 or larger than sample size. It is going to be clipped

function_evaluation time 0.106986 value 6.663994 suggestion {'hidden_layer_sizes': 125, 'alpha': 0.00999999999999999, 'batch_size': 130, 'learning_rate_init': 0.000999999999999999, 'tol': 0.000999999999999999, 'validation_fraction': 0.29999999999999993, 'beta_1': 0.7035623639735143, 'beta_2': 0.9486828237087461, 'epsilon': 3.162277660168379e-08}
 /home/ryedida/bbo_challenge_starter_kit/example_submissions/hebo/optimizer_mace.py:237: FutureWarning:The frame.append method is deprecated and will be removed from pandas in a future version. Use pandas.concat instead.

observation time 0.001736, current best 6.663994 at iter 1
suggestion time taken 0.003361 iter 2 next_points [{'hidden_layer_sizes': 162, 'alpha': 0.0003162277660168373, 'batch_size': 70, 'learning_rate_init': 9.999999999999979e-05, 'tol': 0.01, 'validation_fraction': 0.5196152422706632, 'beta_1': 0.5931114414566264, 'beta_2': 0.9740030159223957, 'epsilon': 1.778279410038923e-07}]
 /home/ryedida/.local/lib/python3.9/site-packages/sklearn/neural_network/_multilayer_perceptron.py:605: UserWarning:Got `batch_size` less than 1 or larger than sample size. It is going to be clipped

function_evaluation time 0.059579 value 19.489488 suggestion {'hidden_layer_sizes': 162, 'alpha': 0.0003162277660168373, 'batch_size': 70, 'learning_rate_init': 9.999999999999979e-05, 'tol': 0.01, 'validation_fraction': 0.5196152422706632, 'beta_1': 0.5931114414566264, 'beta_2': 0.9740030159223957, 'epsilon': 1.778279410038923e-07}
 /home/ryedida/bbo_challenge_starter_kit/example_submissions/hebo/optimizer_mace.py:237: FutureWarning:The frame.append method is deprecated and will be removed from pandas in a future version. Use pandas.concat instead.

observation time 0.001734, current best 6.663994 at iter 2
suggestion time taken 0.003286 iter 3 next_points [{'hidden_layer_sizes': 88, 'alpha': 0.31622776601683794, 'batch_size': 190, 'learning_rate_init': 0.01, 'tol': 9.999999999999979e-05, 'validation_fraction': 0.1732050807568877, 'beta_1': 0.8345817757019256, 'beta_2': 0.9240208554669486, 'epsilon': 5.623413251903491e-09}]
 /home/ryedida/.local/lib/python3.9/site-packages/sklearn/neural_network/_multilayer_perceptron.py:605: UserWarning:Got `batch_size` less than 1 or larger than sample size. It is going to be clipped

function_evaluation time 0.098893 value 7.509007 suggestion {'hidden_layer_sizes': 88, 'alpha': 0.31622776601683794, 'batch_size': 190, 'learning_rate_init': 0.01, 'tol': 9.999999999999979e-05, 'validation_fraction': 0.1732050807568877, 'beta_1': 0.8345817757019256, 'beta_2': 0.9240208554669486, 'epsilon': 5.623413251903491e-09}
 /home/ryedida/bbo_challenge_starter_kit/example_submissions/hebo/optimizer_mace.py:237: FutureWarning:The frame.append method is deprecated and will be removed from pandas in a future version. Use pandas.concat instead.

observation time 0.001745, current best 6.663994 at iter 3
 /home/ryedida/.local/lib/python3.9/site-packages/GPy/core/__init__.py:80: FutureWarning:In the future `np.bool` will be defined as the corresponding NumPy scalar.

 /home/ryedida/.local/lib/python3.9/site-packages/GPy/core/__init__.py:80: FutureWarning:In the future `np.bool` will be defined as the corresponding NumPy scalar.

Failure in optimizer suggest. Falling back to random search.
module 'numpy' has no attribute 'bool'.
`np.bool` was a deprecated alias for the builtin `bool`. To avoid this error in existing code, use `bool` by itself. Doing this will not modify any behavior and is safe. If you specifically wanted the numpy scalar type, use `np.bool_` here.
The aliases was originally deprecated in NumPy 1.20; for more details and guidance see the original release note at:
    https://numpy.org/devdocs/release/1.20.0-notes.html#deprecations
Traceback (most recent call last):
  File "/home/ryedida/bbo_challenge_starter_kit/example_submissions/hebo/optimizer_mace.py", line 145, in suggest
    model.fit(X, Xe, y)
  File "/home/ryedida/bbo_challenge_starter_kit/example_submissions/hebo/bo/models/gp/gpy_wgp.py", line 89, in fit
    self.gp.optimize_restarts(max_iters = self.num_epochs, messages = self.verbose, num_restarts = 10)
  File "/home/ryedida/.local/lib/python3.9/site-packages/paramz/model.py", line 182, in optimize_restarts
    raise e
  File "/home/ryedida/.local/lib/python3.9/site-packages/paramz/model.py", line 171, in optimize_restarts
    self.randomize()
  File "/home/ryedida/.local/lib/python3.9/site-packages/GPy/core/__init__.py", line 80, in randomize
    unfixlist = np.ones((self.size,),dtype=np.bool)
  File "/home/ryedida/.local/lib/python3.9/site-packages/numpy/__init__.py", line 305, in __getattr__
    raise AttributeError(__former_attrs__[attr])
AttributeError: module 'numpy' has no attribute 'bool'.
`np.bool` was a deprecated alias for the builtin `bool`. To avoid this error in existing code, use `bool` by itself. Doing this will not modify any behavior and is safe. If you specifically wanted the numpy scalar type, use `np.bool_` here.
The aliases was originally deprecated in NumPy 1.20; for more details and guidance see the original release note at:
    https://numpy.org/devdocs/release/1.20.0-notes.html#deprecations

During handling of the above exception, another exception occurred:

Traceback (most recent call last):
  File "/home/ryedida/.local/lib/python3.9/site-packages/bayesmark/experiment.py", line 126, in run_study
    next_points = optimizer.suggest(n_suggestions)
  File "/home/ryedida/bbo_challenge_starter_kit/example_submissions/hebo/optimizer_mace.py", line 155, in suggest
    model.fit(X, Xe, y)
  File "/home/ryedida/bbo_challenge_starter_kit/example_submissions/hebo/bo/models/gp/gpy_wgp.py", line 89, in fit
    self.gp.optimize_restarts(max_iters = self.num_epochs, messages = self.verbose, num_restarts = 10)
  File "/home/ryedida/.local/lib/python3.9/site-packages/paramz/model.py", line 182, in optimize_restarts
    raise e
  File "/home/ryedida/.local/lib/python3.9/site-packages/paramz/model.py", line 171, in optimize_restarts
    self.randomize()
  File "/home/ryedida/.local/lib/python3.9/site-packages/GPy/core/__init__.py", line 80, in randomize
    unfixlist = np.ones((self.size,),dtype=np.bool)
  File "/home/ryedida/.local/lib/python3.9/site-packages/numpy/__init__.py", line 305, in __getattr__
    raise AttributeError(__former_attrs__[attr])
AttributeError: module 'numpy' has no attribute 'bool'.
`np.bool` was a deprecated alias for the builtin `bool`. To avoid this error in existing code, use `bool` by itself. Doing this will not modify any behavior and is safe. If you specifically wanted the numpy scalar type, use `np.bool_` here.
The aliases was originally deprecated in NumPy 1.20; for more details and guidance see the original release note at:
    https://numpy.org/devdocs/release/1.20.0-notes.html#deprecations
suggestion time taken 0.464298 iter 4 next_points [{'alpha': 0.2790230727505433, 'batch_size': 229, 'beta_1': 0.9320635320830801, 'beta_2': 0.9035015316850392, 'epsilon': 2.3001556536613697e-09, 'hidden_layer_sizes': 127, 'learning_rate_init': 4.896416384231207e-05, 'tol': 7.86767290578924e-05, 'validation_fraction': 0.8647996144248239}]
 /home/ryedida/.local/lib/python3.9/site-packages/sklearn/neural_network/_multilayer_perceptron.py:605: UserWarning:Got `batch_size` less than 1 or larger than sample size. It is going to be clipped

function_evaluation time 0.049245 value 19.159372 suggestion {'alpha': 0.2790230727505433, 'batch_size': 229, 'beta_1': 0.9320635320830801, 'beta_2': 0.9035015316850392, 'epsilon': 2.3001556536613697e-09, 'hidden_layer_sizes': 127, 'learning_rate_init': 4.896416384231207e-05, 'tol': 7.86767290578924e-05, 'validation_fraction': 0.8647996144248239}
 /home/ryedida/bbo_challenge_starter_kit/example_submissions/hebo/optimizer_mace.py:237: FutureWarning:The frame.append method is deprecated and will be removed from pandas in a future version. Use pandas.concat instead.

observation time 0.002223, current best 6.663994 at iter 4
 /home/ryedida/.local/lib/python3.9/site-packages/GPy/core/__init__.py:80: FutureWarning:In the future `np.bool` will be defined as the corresponding NumPy scalar.

 /home/ryedida/.local/lib/python3.9/site-packages/GPy/core/__init__.py:80: FutureWarning:In the future `np.bool` will be defined as the corresponding NumPy scalar.

Failure in optimizer suggest. Falling back to random search.
module 'numpy' has no attribute 'bool'.
`np.bool` was a deprecated alias for the builtin `bool`. To avoid this error in existing code, use `bool` by itself. Doing this will not modify any behavior and is safe. If you specifically wanted the numpy scalar type, use `np.bool_` here.
The aliases was originally deprecated in NumPy 1.20; for more details and guidance see the original release note at:
    https://numpy.org/devdocs/release/1.20.0-notes.html#deprecations
Traceback (most recent call last):
  File "/home/ryedida/bbo_challenge_starter_kit/example_submissions/hebo/optimizer_mace.py", line 145, in suggest
    model.fit(X, Xe, y)
  File "/home/ryedida/bbo_challenge_starter_kit/example_submissions/hebo/bo/models/gp/gpy_wgp.py", line 89, in fit
    self.gp.optimize_restarts(max_iters = self.num_epochs, messages = self.verbose, num_restarts = 10)
  File "/home/ryedida/.local/lib/python3.9/site-packages/paramz/model.py", line 182, in optimize_restarts
    raise e
  File "/home/ryedida/.local/lib/python3.9/site-packages/paramz/model.py", line 171, in optimize_restarts
    self.randomize()
  File "/home/ryedida/.local/lib/python3.9/site-packages/GPy/core/__init__.py", line 80, in randomize
    unfixlist = np.ones((self.size,),dtype=np.bool)
  File "/home/ryedida/.local/lib/python3.9/site-packages/numpy/__init__.py", line 305, in __getattr__
    raise AttributeError(__former_attrs__[attr])
AttributeError: module 'numpy' has no attribute 'bool'.
`np.bool` was a deprecated alias for the builtin `bool`. To avoid this error in existing code, use `bool` by itself. Doing this will not modify any behavior and is safe. If you specifically wanted the numpy scalar type, use `np.bool_` here.
The aliases was originally deprecated in NumPy 1.20; for more details and guidance see the original release note at:
    https://numpy.org/devdocs/release/1.20.0-notes.html#deprecations

During handling of the above exception, another exception occurred:

Traceback (most recent call last):
  File "/home/ryedida/.local/lib/python3.9/site-packages/bayesmark/experiment.py", line 126, in run_study
    next_points = optimizer.suggest(n_suggestions)
  File "/home/ryedida/bbo_challenge_starter_kit/example_submissions/hebo/optimizer_mace.py", line 155, in suggest
    model.fit(X, Xe, y)
  File "/home/ryedida/bbo_challenge_starter_kit/example_submissions/hebo/bo/models/gp/gpy_wgp.py", line 89, in fit
    self.gp.optimize_restarts(max_iters = self.num_epochs, messages = self.verbose, num_restarts = 10)
  File "/home/ryedida/.local/lib/python3.9/site-packages/paramz/model.py", line 182, in optimize_restarts
    raise e
  File "/home/ryedida/.local/lib/python3.9/site-packages/paramz/model.py", line 171, in optimize_restarts
    self.randomize()
  File "/home/ryedida/.local/lib/python3.9/site-packages/GPy/core/__init__.py", line 80, in randomize
    unfixlist = np.ones((self.size,),dtype=np.bool)
  File "/home/ryedida/.local/lib/python3.9/site-packages/numpy/__init__.py", line 305, in __getattr__
    raise AttributeError(__former_attrs__[attr])
AttributeError: module 'numpy' has no attribute 'bool'.
`np.bool` was a deprecated alias for the builtin `bool`. To avoid this error in existing code, use `bool` by itself. Doing this will not modify any behavior and is safe. If you specifically wanted the numpy scalar type, use `np.bool_` here.
The aliases was originally deprecated in NumPy 1.20; for more details and guidance see the original release note at:
    https://numpy.org/devdocs/release/1.20.0-notes.html#deprecations
suggestion time taken 0.514769 iter 5 next_points [{'alpha': 8.548055316133948e-05, 'batch_size': 174, 'beta_1': 0.5416415009722435, 'beta_2': 0.9996483056211691, 'epsilon': 7.358075808065904e-08, 'hidden_layer_sizes': 119, 'learning_rate_init': 1.7947787565731454e-05, 'tol': 6.924951245870668e-05, 'validation_fraction': 0.46399626332519184}]
 /home/ryedida/.local/lib/python3.9/site-packages/sklearn/neural_network/_multilayer_perceptron.py:605: UserWarning:Got `batch_size` less than 1 or larger than sample size. It is going to be clipped

function_evaluation time 0.048896 value 19.155337 suggestion {'alpha': 8.548055316133948e-05, 'batch_size': 174, 'beta_1': 0.5416415009722435, 'beta_2': 0.9996483056211691, 'epsilon': 7.358075808065904e-08, 'hidden_layer_sizes': 119, 'learning_rate_init': 1.7947787565731454e-05, 'tol': 6.924951245870668e-05, 'validation_fraction': 0.46399626332519184}
 /home/ryedida/bbo_challenge_starter_kit/example_submissions/hebo/optimizer_mace.py:237: FutureWarning:The frame.append method is deprecated and will be removed from pandas in a future version. Use pandas.concat instead.

observation time 0.002515, current best 6.663994 at iter 5
 /home/ryedida/.local/lib/python3.9/site-packages/GPy/core/__init__.py:80: FutureWarning:In the future `np.bool` will be defined as the corresponding NumPy scalar.

 /home/ryedida/.local/lib/python3.9/site-packages/GPy/core/__init__.py:80: FutureWarning:In the future `np.bool` will be defined as the corresponding NumPy scalar.

Failure in optimizer suggest. Falling back to random search.
module 'numpy' has no attribute 'bool'.
`np.bool` was a deprecated alias for the builtin `bool`. To avoid this error in existing code, use `bool` by itself. Doing this will not modify any behavior and is safe. If you specifically wanted the numpy scalar type, use `np.bool_` here.
The aliases was originally deprecated in NumPy 1.20; for more details and guidance see the original release note at:
    https://numpy.org/devdocs/release/1.20.0-notes.html#deprecations
Traceback (most recent call last):
  File "/home/ryedida/bbo_challenge_starter_kit/example_submissions/hebo/optimizer_mace.py", line 145, in suggest
    model.fit(X, Xe, y)
  File "/home/ryedida/bbo_challenge_starter_kit/example_submissions/hebo/bo/models/gp/gpy_wgp.py", line 89, in fit
    self.gp.optimize_restarts(max_iters = self.num_epochs, messages = self.verbose, num_restarts = 10)
  File "/home/ryedida/.local/lib/python3.9/site-packages/paramz/model.py", line 182, in optimize_restarts
    raise e
  File "/home/ryedida/.local/lib/python3.9/site-packages/paramz/model.py", line 171, in optimize_restarts
    self.randomize()
  File "/home/ryedida/.local/lib/python3.9/site-packages/GPy/core/__init__.py", line 80, in randomize
    unfixlist = np.ones((self.size,),dtype=np.bool)
  File "/home/ryedida/.local/lib/python3.9/site-packages/numpy/__init__.py", line 305, in __getattr__
    raise AttributeError(__former_attrs__[attr])
AttributeError: module 'numpy' has no attribute 'bool'.
`np.bool` was a deprecated alias for the builtin `bool`. To avoid this error in existing code, use `bool` by itself. Doing this will not modify any behavior and is safe. If you specifically wanted the numpy scalar type, use `np.bool_` here.
The aliases was originally deprecated in NumPy 1.20; for more details and guidance see the original release note at:
    https://numpy.org/devdocs/release/1.20.0-notes.html#deprecations

During handling of the above exception, another exception occurred:

Traceback (most recent call last):
  File "/home/ryedida/.local/lib/python3.9/site-packages/bayesmark/experiment.py", line 126, in run_study
    next_points = optimizer.suggest(n_suggestions)
  File "/home/ryedida/bbo_challenge_starter_kit/example_submissions/hebo/optimizer_mace.py", line 155, in suggest
    model.fit(X, Xe, y)
  File "/home/ryedida/bbo_challenge_starter_kit/example_submissions/hebo/bo/models/gp/gpy_wgp.py", line 89, in fit
    self.gp.optimize_restarts(max_iters = self.num_epochs, messages = self.verbose, num_restarts = 10)
  File "/home/ryedida/.local/lib/python3.9/site-packages/paramz/model.py", line 182, in optimize_restarts
    raise e
  File "/home/ryedida/.local/lib/python3.9/site-packages/paramz/model.py", line 171, in optimize_restarts
    self.randomize()
  File "/home/ryedida/.local/lib/python3.9/site-packages/GPy/core/__init__.py", line 80, in randomize
    unfixlist = np.ones((self.size,),dtype=np.bool)
  File "/home/ryedida/.local/lib/python3.9/site-packages/numpy/__init__.py", line 305, in __getattr__
    raise AttributeError(__former_attrs__[attr])
AttributeError: module 'numpy' has no attribute 'bool'.
`np.bool` was a deprecated alias for the builtin `bool`. To avoid this error in existing code, use `bool` by itself. Doing this will not modify any behavior and is safe. If you specifically wanted the numpy scalar type, use `np.bool_` here.
The aliases was originally deprecated in NumPy 1.20; for more details and guidance see the original release note at:
    https://numpy.org/devdocs/release/1.20.0-notes.html#deprecations
suggestion time taken 0.367337 iter 6 next_points [{'alpha': 0.04003040337652838, 'batch_size': 190, 'beta_1': 0.8221306001610953, 'beta_2': 0.9999961381200143, 'epsilon': 1.4181048382514597e-09, 'hidden_layer_sizes': 191, 'learning_rate_init': 0.08553365929597098, 'tol': 0.0002007461457155488, 'validation_fraction': 0.24893852255425383}]
 /home/ryedida/.local/lib/python3.9/site-packages/sklearn/neural_network/_multilayer_perceptron.py:605: UserWarning:Got `batch_size` less than 1 or larger than sample size. It is going to be clipped

function_evaluation time 0.084504 value 12.793177 suggestion {'alpha': 0.04003040337652838, 'batch_size': 190, 'beta_1': 0.8221306001610953, 'beta_2': 0.9999961381200143, 'epsilon': 1.4181048382514597e-09, 'hidden_layer_sizes': 191, 'learning_rate_init': 0.08553365929597098, 'tol': 0.0002007461457155488, 'validation_fraction': 0.24893852255425383}
 /home/ryedida/bbo_challenge_starter_kit/example_submissions/hebo/optimizer_mace.py:237: FutureWarning:The frame.append method is deprecated and will be removed from pandas in a future version. Use pandas.concat instead.

observation time 0.002241, current best 6.663994 at iter 6
 /home/ryedida/.local/lib/python3.9/site-packages/GPy/core/__init__.py:80: FutureWarning:In the future `np.bool` will be defined as the corresponding NumPy scalar.

 /home/ryedida/.local/lib/python3.9/site-packages/GPy/core/__init__.py:80: FutureWarning:In the future `np.bool` will be defined as the corresponding NumPy scalar.

Failure in optimizer suggest. Falling back to random search.
module 'numpy' has no attribute 'bool'.
`np.bool` was a deprecated alias for the builtin `bool`. To avoid this error in existing code, use `bool` by itself. Doing this will not modify any behavior and is safe. If you specifically wanted the numpy scalar type, use `np.bool_` here.
The aliases was originally deprecated in NumPy 1.20; for more details and guidance see the original release note at:
    https://numpy.org/devdocs/release/1.20.0-notes.html#deprecations
Traceback (most recent call last):
  File "/home/ryedida/bbo_challenge_starter_kit/example_submissions/hebo/optimizer_mace.py", line 145, in suggest
    model.fit(X, Xe, y)
  File "/home/ryedida/bbo_challenge_starter_kit/example_submissions/hebo/bo/models/gp/gpy_wgp.py", line 89, in fit
    self.gp.optimize_restarts(max_iters = self.num_epochs, messages = self.verbose, num_restarts = 10)
  File "/home/ryedida/.local/lib/python3.9/site-packages/paramz/model.py", line 182, in optimize_restarts
    raise e
  File "/home/ryedida/.local/lib/python3.9/site-packages/paramz/model.py", line 171, in optimize_restarts
    self.randomize()
  File "/home/ryedida/.local/lib/python3.9/site-packages/GPy/core/__init__.py", line 80, in randomize
    unfixlist = np.ones((self.size,),dtype=np.bool)
  File "/home/ryedida/.local/lib/python3.9/site-packages/numpy/__init__.py", line 305, in __getattr__
    raise AttributeError(__former_attrs__[attr])
AttributeError: module 'numpy' has no attribute 'bool'.
`np.bool` was a deprecated alias for the builtin `bool`. To avoid this error in existing code, use `bool` by itself. Doing this will not modify any behavior and is safe. If you specifically wanted the numpy scalar type, use `np.bool_` here.
The aliases was originally deprecated in NumPy 1.20; for more details and guidance see the original release note at:
    https://numpy.org/devdocs/release/1.20.0-notes.html#deprecations

During handling of the above exception, another exception occurred:

Traceback (most recent call last):
  File "/home/ryedida/.local/lib/python3.9/site-packages/bayesmark/experiment.py", line 126, in run_study
    next_points = optimizer.suggest(n_suggestions)
  File "/home/ryedida/bbo_challenge_starter_kit/example_submissions/hebo/optimizer_mace.py", line 155, in suggest
    model.fit(X, Xe, y)
  File "/home/ryedida/bbo_challenge_starter_kit/example_submissions/hebo/bo/models/gp/gpy_wgp.py", line 89, in fit
    self.gp.optimize_restarts(max_iters = self.num_epochs, messages = self.verbose, num_restarts = 10)
  File "/home/ryedida/.local/lib/python3.9/site-packages/paramz/model.py", line 182, in optimize_restarts
    raise e
  File "/home/ryedida/.local/lib/python3.9/site-packages/paramz/model.py", line 171, in optimize_restarts
    self.randomize()
  File "/home/ryedida/.local/lib/python3.9/site-packages/GPy/core/__init__.py", line 80, in randomize
    unfixlist = np.ones((self.size,),dtype=np.bool)
  File "/home/ryedida/.local/lib/python3.9/site-packages/numpy/__init__.py", line 305, in __getattr__
    raise AttributeError(__former_attrs__[attr])
AttributeError: module 'numpy' has no attribute 'bool'.
`np.bool` was a deprecated alias for the builtin `bool`. To avoid this error in existing code, use `bool` by itself. Doing this will not modify any behavior and is safe. If you specifically wanted the numpy scalar type, use `np.bool_` here.
The aliases was originally deprecated in NumPy 1.20; for more details and guidance see the original release note at:
    https://numpy.org/devdocs/release/1.20.0-notes.html#deprecations
suggestion time taken 0.515184 iter 7 next_points [{'alpha': 2.69840384747474e-05, 'batch_size': 128, 'beta_1': 0.954711753517051, 'beta_2': 0.9278760053674281, 'epsilon': 2.4281718568548662e-08, 'hidden_layer_sizes': 86, 'learning_rate_init': 0.062321170653386694, 'tol': 6.40139281233975e-05, 'validation_fraction': 0.17652257953941788}]
 /home/ryedida/.local/lib/python3.9/site-packages/sklearn/neural_network/_multilayer_perceptron.py:605: UserWarning:Got `batch_size` less than 1 or larger than sample size. It is going to be clipped

function_evaluation time 0.084452 value 7.972374 suggestion {'alpha': 2.69840384747474e-05, 'batch_size': 128, 'beta_1': 0.954711753517051, 'beta_2': 0.9278760053674281, 'epsilon': 2.4281718568548662e-08, 'hidden_layer_sizes': 86, 'learning_rate_init': 0.062321170653386694, 'tol': 6.40139281233975e-05, 'validation_fraction': 0.17652257953941788}
 /home/ryedida/bbo_challenge_starter_kit/example_submissions/hebo/optimizer_mace.py:237: FutureWarning:The frame.append method is deprecated and will be removed from pandas in a future version. Use pandas.concat instead.

observation time 0.002249, current best 6.663994 at iter 7
 /home/ryedida/.local/lib/python3.9/site-packages/GPy/core/__init__.py:80: FutureWarning:In the future `np.bool` will be defined as the corresponding NumPy scalar.

 /home/ryedida/.local/lib/python3.9/site-packages/GPy/core/__init__.py:80: FutureWarning:In the future `np.bool` will be defined as the corresponding NumPy scalar.

Failure in optimizer suggest. Falling back to random search.
module 'numpy' has no attribute 'bool'.
`np.bool` was a deprecated alias for the builtin `bool`. To avoid this error in existing code, use `bool` by itself. Doing this will not modify any behavior and is safe. If you specifically wanted the numpy scalar type, use `np.bool_` here.
The aliases was originally deprecated in NumPy 1.20; for more details and guidance see the original release note at:
    https://numpy.org/devdocs/release/1.20.0-notes.html#deprecations
Traceback (most recent call last):
  File "/home/ryedida/bbo_challenge_starter_kit/example_submissions/hebo/optimizer_mace.py", line 145, in suggest
    model.fit(X, Xe, y)
  File "/home/ryedida/bbo_challenge_starter_kit/example_submissions/hebo/bo/models/gp/gpy_wgp.py", line 89, in fit
    self.gp.optimize_restarts(max_iters = self.num_epochs, messages = self.verbose, num_restarts = 10)
  File "/home/ryedida/.local/lib/python3.9/site-packages/paramz/model.py", line 182, in optimize_restarts
    raise e
  File "/home/ryedida/.local/lib/python3.9/site-packages/paramz/model.py", line 171, in optimize_restarts
    self.randomize()
  File "/home/ryedida/.local/lib/python3.9/site-packages/GPy/core/__init__.py", line 80, in randomize
    unfixlist = np.ones((self.size,),dtype=np.bool)
  File "/home/ryedida/.local/lib/python3.9/site-packages/numpy/__init__.py", line 305, in __getattr__
    raise AttributeError(__former_attrs__[attr])
AttributeError: module 'numpy' has no attribute 'bool'.
`np.bool` was a deprecated alias for the builtin `bool`. To avoid this error in existing code, use `bool` by itself. Doing this will not modify any behavior and is safe. If you specifically wanted the numpy scalar type, use `np.bool_` here.
The aliases was originally deprecated in NumPy 1.20; for more details and guidance see the original release note at:
    https://numpy.org/devdocs/release/1.20.0-notes.html#deprecations

During handling of the above exception, another exception occurred:

Traceback (most recent call last):
  File "/home/ryedida/.local/lib/python3.9/site-packages/bayesmark/experiment.py", line 126, in run_study
    next_points = optimizer.suggest(n_suggestions)
  File "/home/ryedida/bbo_challenge_starter_kit/example_submissions/hebo/optimizer_mace.py", line 155, in suggest
    model.fit(X, Xe, y)
  File "/home/ryedida/bbo_challenge_starter_kit/example_submissions/hebo/bo/models/gp/gpy_wgp.py", line 89, in fit
    self.gp.optimize_restarts(max_iters = self.num_epochs, messages = self.verbose, num_restarts = 10)
  File "/home/ryedida/.local/lib/python3.9/site-packages/paramz/model.py", line 182, in optimize_restarts
    raise e
  File "/home/ryedida/.local/lib/python3.9/site-packages/paramz/model.py", line 171, in optimize_restarts
    self.randomize()
  File "/home/ryedida/.local/lib/python3.9/site-packages/GPy/core/__init__.py", line 80, in randomize
    unfixlist = np.ones((self.size,),dtype=np.bool)
  File "/home/ryedida/.local/lib/python3.9/site-packages/numpy/__init__.py", line 305, in __getattr__
    raise AttributeError(__former_attrs__[attr])
AttributeError: module 'numpy' has no attribute 'bool'.
`np.bool` was a deprecated alias for the builtin `bool`. To avoid this error in existing code, use `bool` by itself. Doing this will not modify any behavior and is safe. If you specifically wanted the numpy scalar type, use `np.bool_` here.
The aliases was originally deprecated in NumPy 1.20; for more details and guidance see the original release note at:
    https://numpy.org/devdocs/release/1.20.0-notes.html#deprecations
suggestion time taken 0.394495 iter 8 next_points [{'alpha': 0.0013886358644589337, 'batch_size': 30, 'beta_1': 0.8920290024272229, 'beta_2': 0.9999975948884875, 'epsilon': 3.829465533355534e-09, 'hidden_layer_sizes': 89, 'learning_rate_init': 0.03235084724970945, 'tol': 0.00014284856803509425, 'validation_fraction': 0.8593738659920872}]
 /home/ryedida/.local/lib/python3.9/site-packages/sklearn/neural_network/_multilayer_perceptron.py:605: UserWarning:Got `batch_size` less than 1 or larger than sample size. It is going to be clipped

function_evaluation time 0.118237 value 9.515941 suggestion {'alpha': 0.0013886358644589337, 'batch_size': 30, 'beta_1': 0.8920290024272229, 'beta_2': 0.9999975948884875, 'epsilon': 3.829465533355534e-09, 'hidden_layer_sizes': 89, 'learning_rate_init': 0.03235084724970945, 'tol': 0.00014284856803509425, 'validation_fraction': 0.8593738659920872}
 /home/ryedida/bbo_challenge_starter_kit/example_submissions/hebo/optimizer_mace.py:237: FutureWarning:The frame.append method is deprecated and will be removed from pandas in a future version. Use pandas.concat instead.

observation time 0.002271, current best 6.663994 at iter 8
 /home/ryedida/.local/lib/python3.9/site-packages/GPy/core/__init__.py:80: FutureWarning:In the future `np.bool` will be defined as the corresponding NumPy scalar.

 /home/ryedida/.local/lib/python3.9/site-packages/GPy/core/__init__.py:80: FutureWarning:In the future `np.bool` will be defined as the corresponding NumPy scalar.

Failure in optimizer suggest. Falling back to random search.
module 'numpy' has no attribute 'bool'.
`np.bool` was a deprecated alias for the builtin `bool`. To avoid this error in existing code, use `bool` by itself. Doing this will not modify any behavior and is safe. If you specifically wanted the numpy scalar type, use `np.bool_` here.
The aliases was originally deprecated in NumPy 1.20; for more details and guidance see the original release note at:
    https://numpy.org/devdocs/release/1.20.0-notes.html#deprecations
Traceback (most recent call last):
  File "/home/ryedida/bbo_challenge_starter_kit/example_submissions/hebo/optimizer_mace.py", line 145, in suggest
    model.fit(X, Xe, y)
  File "/home/ryedida/bbo_challenge_starter_kit/example_submissions/hebo/bo/models/gp/gpy_wgp.py", line 89, in fit
    self.gp.optimize_restarts(max_iters = self.num_epochs, messages = self.verbose, num_restarts = 10)
  File "/home/ryedida/.local/lib/python3.9/site-packages/paramz/model.py", line 182, in optimize_restarts
    raise e
  File "/home/ryedida/.local/lib/python3.9/site-packages/paramz/model.py", line 171, in optimize_restarts
    self.randomize()
  File "/home/ryedida/.local/lib/python3.9/site-packages/GPy/core/__init__.py", line 80, in randomize
    unfixlist = np.ones((self.size,),dtype=np.bool)
  File "/home/ryedida/.local/lib/python3.9/site-packages/numpy/__init__.py", line 305, in __getattr__
    raise AttributeError(__former_attrs__[attr])
AttributeError: module 'numpy' has no attribute 'bool'.
`np.bool` was a deprecated alias for the builtin `bool`. To avoid this error in existing code, use `bool` by itself. Doing this will not modify any behavior and is safe. If you specifically wanted the numpy scalar type, use `np.bool_` here.
The aliases was originally deprecated in NumPy 1.20; for more details and guidance see the original release note at:
    https://numpy.org/devdocs/release/1.20.0-notes.html#deprecations

During handling of the above exception, another exception occurred:

Traceback (most recent call last):
  File "/home/ryedida/.local/lib/python3.9/site-packages/bayesmark/experiment.py", line 126, in run_study
    next_points = optimizer.suggest(n_suggestions)
  File "/home/ryedida/bbo_challenge_starter_kit/example_submissions/hebo/optimizer_mace.py", line 155, in suggest
    model.fit(X, Xe, y)
  File "/home/ryedida/bbo_challenge_starter_kit/example_submissions/hebo/bo/models/gp/gpy_wgp.py", line 89, in fit
    self.gp.optimize_restarts(max_iters = self.num_epochs, messages = self.verbose, num_restarts = 10)
  File "/home/ryedida/.local/lib/python3.9/site-packages/paramz/model.py", line 182, in optimize_restarts
    raise e
  File "/home/ryedida/.local/lib/python3.9/site-packages/paramz/model.py", line 171, in optimize_restarts
    self.randomize()
  File "/home/ryedida/.local/lib/python3.9/site-packages/GPy/core/__init__.py", line 80, in randomize
    unfixlist = np.ones((self.size,),dtype=np.bool)
  File "/home/ryedida/.local/lib/python3.9/site-packages/numpy/__init__.py", line 305, in __getattr__
    raise AttributeError(__former_attrs__[attr])
AttributeError: module 'numpy' has no attribute 'bool'.
`np.bool` was a deprecated alias for the builtin `bool`. To avoid this error in existing code, use `bool` by itself. Doing this will not modify any behavior and is safe. If you specifically wanted the numpy scalar type, use `np.bool_` here.
The aliases was originally deprecated in NumPy 1.20; for more details and guidance see the original release note at:
    https://numpy.org/devdocs/release/1.20.0-notes.html#deprecations
suggestion time taken 0.555512 iter 9 next_points [{'alpha': 0.0007976726238503539, 'batch_size': 173, 'beta_1': 0.9243292498213245, 'beta_2': 0.9996132825393281, 'epsilon': 1.3992080480539352e-09, 'hidden_layer_sizes': 125, 'learning_rate_init': 0.0011174479895323863, 'tol': 8.861929227944866e-05, 'validation_fraction': 0.8867005079249998}]
 /home/ryedida/.local/lib/python3.9/site-packages/sklearn/neural_network/_multilayer_perceptron.py:605: UserWarning:Got `batch_size` less than 1 or larger than sample size. It is going to be clipped

function_evaluation time 0.081686 value 13.492125 suggestion {'alpha': 0.0007976726238503539, 'batch_size': 173, 'beta_1': 0.9243292498213245, 'beta_2': 0.9996132825393281, 'epsilon': 1.3992080480539352e-09, 'hidden_layer_sizes': 125, 'learning_rate_init': 0.0011174479895323863, 'tol': 8.861929227944866e-05, 'validation_fraction': 0.8867005079249998}
 /home/ryedida/bbo_challenge_starter_kit/example_submissions/hebo/optimizer_mace.py:237: FutureWarning:The frame.append method is deprecated and will be removed from pandas in a future version. Use pandas.concat instead.

observation time 0.002410, current best 6.663994 at iter 9
 /home/ryedida/.local/lib/python3.9/site-packages/GPy/core/__init__.py:80: FutureWarning:In the future `np.bool` will be defined as the corresponding NumPy scalar.

 /home/ryedida/.local/lib/python3.9/site-packages/GPy/core/__init__.py:80: FutureWarning:In the future `np.bool` will be defined as the corresponding NumPy scalar.

Failure in optimizer suggest. Falling back to random search.
module 'numpy' has no attribute 'bool'.
`np.bool` was a deprecated alias for the builtin `bool`. To avoid this error in existing code, use `bool` by itself. Doing this will not modify any behavior and is safe. If you specifically wanted the numpy scalar type, use `np.bool_` here.
The aliases was originally deprecated in NumPy 1.20; for more details and guidance see the original release note at:
    https://numpy.org/devdocs/release/1.20.0-notes.html#deprecations
Traceback (most recent call last):
  File "/home/ryedida/bbo_challenge_starter_kit/example_submissions/hebo/optimizer_mace.py", line 145, in suggest
    model.fit(X, Xe, y)
  File "/home/ryedida/bbo_challenge_starter_kit/example_submissions/hebo/bo/models/gp/gpy_wgp.py", line 89, in fit
    self.gp.optimize_restarts(max_iters = self.num_epochs, messages = self.verbose, num_restarts = 10)
  File "/home/ryedida/.local/lib/python3.9/site-packages/paramz/model.py", line 182, in optimize_restarts
    raise e
  File "/home/ryedida/.local/lib/python3.9/site-packages/paramz/model.py", line 171, in optimize_restarts
    self.randomize()
  File "/home/ryedida/.local/lib/python3.9/site-packages/GPy/core/__init__.py", line 80, in randomize
    unfixlist = np.ones((self.size,),dtype=np.bool)
  File "/home/ryedida/.local/lib/python3.9/site-packages/numpy/__init__.py", line 305, in __getattr__
    raise AttributeError(__former_attrs__[attr])
AttributeError: module 'numpy' has no attribute 'bool'.
`np.bool` was a deprecated alias for the builtin `bool`. To avoid this error in existing code, use `bool` by itself. Doing this will not modify any behavior and is safe. If you specifically wanted the numpy scalar type, use `np.bool_` here.
The aliases was originally deprecated in NumPy 1.20; for more details and guidance see the original release note at:
    https://numpy.org/devdocs/release/1.20.0-notes.html#deprecations

During handling of the above exception, another exception occurred:

Traceback (most recent call last):
  File "/home/ryedida/.local/lib/python3.9/site-packages/bayesmark/experiment.py", line 126, in run_study
    next_points = optimizer.suggest(n_suggestions)
  File "/home/ryedida/bbo_challenge_starter_kit/example_submissions/hebo/optimizer_mace.py", line 155, in suggest
    model.fit(X, Xe, y)
  File "/home/ryedida/bbo_challenge_starter_kit/example_submissions/hebo/bo/models/gp/gpy_wgp.py", line 89, in fit
    self.gp.optimize_restarts(max_iters = self.num_epochs, messages = self.verbose, num_restarts = 10)
  File "/home/ryedida/.local/lib/python3.9/site-packages/paramz/model.py", line 182, in optimize_restarts
    raise e
  File "/home/ryedida/.local/lib/python3.9/site-packages/paramz/model.py", line 171, in optimize_restarts
    self.randomize()
  File "/home/ryedida/.local/lib/python3.9/site-packages/GPy/core/__init__.py", line 80, in randomize
    unfixlist = np.ones((self.size,),dtype=np.bool)
  File "/home/ryedida/.local/lib/python3.9/site-packages/numpy/__init__.py", line 305, in __getattr__
    raise AttributeError(__former_attrs__[attr])
AttributeError: module 'numpy' has no attribute 'bool'.
`np.bool` was a deprecated alias for the builtin `bool`. To avoid this error in existing code, use `bool` by itself. Doing this will not modify any behavior and is safe. If you specifically wanted the numpy scalar type, use `np.bool_` here.
The aliases was originally deprecated in NumPy 1.20; for more details and guidance see the original release note at:
    https://numpy.org/devdocs/release/1.20.0-notes.html#deprecations
suggestion time taken 0.436839 iter 10 next_points [{'alpha': 0.002666973752875397, 'batch_size': 139, 'beta_1': 0.8859796938966471, 'beta_2': 0.999811412815456, 'epsilon': 8.631415630888421e-09, 'hidden_layer_sizes': 86, 'learning_rate_init': 2.4965926466906372e-05, 'tol': 3.427928155902891e-05, 'validation_fraction': 0.15158494649709725}]
 /home/ryedida/.local/lib/python3.9/site-packages/sklearn/neural_network/_multilayer_perceptron.py:605: UserWarning:Got `batch_size` less than 1 or larger than sample size. It is going to be clipped

function_evaluation time 0.047978 value 18.135653 suggestion {'alpha': 0.002666973752875397, 'batch_size': 139, 'beta_1': 0.8859796938966471, 'beta_2': 0.999811412815456, 'epsilon': 8.631415630888421e-09, 'hidden_layer_sizes': 86, 'learning_rate_init': 2.4965926466906372e-05, 'tol': 3.427928155902891e-05, 'validation_fraction': 0.15158494649709725}
 /home/ryedida/bbo_challenge_starter_kit/example_submissions/hebo/optimizer_mace.py:237: FutureWarning:The frame.append method is deprecated and will be removed from pandas in a future version. Use pandas.concat instead.

observation time 0.002496, current best 6.663994 at iter 10
 /home/ryedida/.local/lib/python3.9/site-packages/GPy/core/__init__.py:80: FutureWarning:In the future `np.bool` will be defined as the corresponding NumPy scalar.

 /home/ryedida/.local/lib/python3.9/site-packages/GPy/core/__init__.py:80: FutureWarning:In the future `np.bool` will be defined as the corresponding NumPy scalar.

Failure in optimizer suggest. Falling back to random search.
module 'numpy' has no attribute 'bool'.
`np.bool` was a deprecated alias for the builtin `bool`. To avoid this error in existing code, use `bool` by itself. Doing this will not modify any behavior and is safe. If you specifically wanted the numpy scalar type, use `np.bool_` here.
The aliases was originally deprecated in NumPy 1.20; for more details and guidance see the original release note at:
    https://numpy.org/devdocs/release/1.20.0-notes.html#deprecations
Traceback (most recent call last):
  File "/home/ryedida/bbo_challenge_starter_kit/example_submissions/hebo/optimizer_mace.py", line 145, in suggest
    model.fit(X, Xe, y)
  File "/home/ryedida/bbo_challenge_starter_kit/example_submissions/hebo/bo/models/gp/gpy_wgp.py", line 89, in fit
    self.gp.optimize_restarts(max_iters = self.num_epochs, messages = self.verbose, num_restarts = 10)
  File "/home/ryedida/.local/lib/python3.9/site-packages/paramz/model.py", line 182, in optimize_restarts
    raise e
  File "/home/ryedida/.local/lib/python3.9/site-packages/paramz/model.py", line 171, in optimize_restarts
    self.randomize()
  File "/home/ryedida/.local/lib/python3.9/site-packages/GPy/core/__init__.py", line 80, in randomize
    unfixlist = np.ones((self.size,),dtype=np.bool)
  File "/home/ryedida/.local/lib/python3.9/site-packages/numpy/__init__.py", line 305, in __getattr__
    raise AttributeError(__former_attrs__[attr])
AttributeError: module 'numpy' has no attribute 'bool'.
`np.bool` was a deprecated alias for the builtin `bool`. To avoid this error in existing code, use `bool` by itself. Doing this will not modify any behavior and is safe. If you specifically wanted the numpy scalar type, use `np.bool_` here.
The aliases was originally deprecated in NumPy 1.20; for more details and guidance see the original release note at:
    https://numpy.org/devdocs/release/1.20.0-notes.html#deprecations

During handling of the above exception, another exception occurred:

Traceback (most recent call last):
  File "/home/ryedida/.local/lib/python3.9/site-packages/bayesmark/experiment.py", line 126, in run_study
    next_points = optimizer.suggest(n_suggestions)
  File "/home/ryedida/bbo_challenge_starter_kit/example_submissions/hebo/optimizer_mace.py", line 155, in suggest
    model.fit(X, Xe, y)
  File "/home/ryedida/bbo_challenge_starter_kit/example_submissions/hebo/bo/models/gp/gpy_wgp.py", line 89, in fit
    self.gp.optimize_restarts(max_iters = self.num_epochs, messages = self.verbose, num_restarts = 10)
  File "/home/ryedida/.local/lib/python3.9/site-packages/paramz/model.py", line 182, in optimize_restarts
    raise e
  File "/home/ryedida/.local/lib/python3.9/site-packages/paramz/model.py", line 171, in optimize_restarts
    self.randomize()
  File "/home/ryedida/.local/lib/python3.9/site-packages/GPy/core/__init__.py", line 80, in randomize
    unfixlist = np.ones((self.size,),dtype=np.bool)
  File "/home/ryedida/.local/lib/python3.9/site-packages/numpy/__init__.py", line 305, in __getattr__
    raise AttributeError(__former_attrs__[attr])
AttributeError: module 'numpy' has no attribute 'bool'.
`np.bool` was a deprecated alias for the builtin `bool`. To avoid this error in existing code, use `bool` by itself. Doing this will not modify any behavior and is safe. If you specifically wanted the numpy scalar type, use `np.bool_` here.
The aliases was originally deprecated in NumPy 1.20; for more details and guidance see the original release note at:
    https://numpy.org/devdocs/release/1.20.0-notes.html#deprecations
suggestion time taken 0.426453 iter 11 next_points [{'alpha': 0.00032346812069620546, 'batch_size': 96, 'beta_1': 0.9755915088631852, 'beta_2': 0.9999968451688667, 'epsilon': 4.812400255314544e-08, 'hidden_layer_sizes': 171, 'learning_rate_init': 0.0022801019428154716, 'tol': 3.7326616750247e-05, 'validation_fraction': 0.6435512367549305}]
 /home/ryedida/.local/lib/python3.9/site-packages/sklearn/neural_network/_multilayer_perceptron.py:605: UserWarning:Got `batch_size` less than 1 or larger than sample size. It is going to be clipped

function_evaluation time 0.109537 value 9.262446 suggestion {'alpha': 0.00032346812069620546, 'batch_size': 96, 'beta_1': 0.9755915088631852, 'beta_2': 0.9999968451688667, 'epsilon': 4.812400255314544e-08, 'hidden_layer_sizes': 171, 'learning_rate_init': 0.0022801019428154716, 'tol': 3.7326616750247e-05, 'validation_fraction': 0.6435512367549305}
 /home/ryedida/bbo_challenge_starter_kit/example_submissions/hebo/optimizer_mace.py:237: FutureWarning:The frame.append method is deprecated and will be removed from pandas in a future version. Use pandas.concat instead.

observation time 0.002269, current best 6.663994 at iter 11
 /home/ryedida/.local/lib/python3.9/site-packages/GPy/core/__init__.py:80: FutureWarning:In the future `np.bool` will be defined as the corresponding NumPy scalar.

 /home/ryedida/.local/lib/python3.9/site-packages/GPy/core/__init__.py:80: FutureWarning:In the future `np.bool` will be defined as the corresponding NumPy scalar.

Failure in optimizer suggest. Falling back to random search.
module 'numpy' has no attribute 'bool'.
`np.bool` was a deprecated alias for the builtin `bool`. To avoid this error in existing code, use `bool` by itself. Doing this will not modify any behavior and is safe. If you specifically wanted the numpy scalar type, use `np.bool_` here.
The aliases was originally deprecated in NumPy 1.20; for more details and guidance see the original release note at:
    https://numpy.org/devdocs/release/1.20.0-notes.html#deprecations
Traceback (most recent call last):
  File "/home/ryedida/bbo_challenge_starter_kit/example_submissions/hebo/optimizer_mace.py", line 145, in suggest
    model.fit(X, Xe, y)
  File "/home/ryedida/bbo_challenge_starter_kit/example_submissions/hebo/bo/models/gp/gpy_wgp.py", line 89, in fit
    self.gp.optimize_restarts(max_iters = self.num_epochs, messages = self.verbose, num_restarts = 10)
  File "/home/ryedida/.local/lib/python3.9/site-packages/paramz/model.py", line 182, in optimize_restarts
    raise e
  File "/home/ryedida/.local/lib/python3.9/site-packages/paramz/model.py", line 171, in optimize_restarts
    self.randomize()
  File "/home/ryedida/.local/lib/python3.9/site-packages/GPy/core/__init__.py", line 80, in randomize
    unfixlist = np.ones((self.size,),dtype=np.bool)
  File "/home/ryedida/.local/lib/python3.9/site-packages/numpy/__init__.py", line 305, in __getattr__
    raise AttributeError(__former_attrs__[attr])
AttributeError: module 'numpy' has no attribute 'bool'.
`np.bool` was a deprecated alias for the builtin `bool`. To avoid this error in existing code, use `bool` by itself. Doing this will not modify any behavior and is safe. If you specifically wanted the numpy scalar type, use `np.bool_` here.
The aliases was originally deprecated in NumPy 1.20; for more details and guidance see the original release note at:
    https://numpy.org/devdocs/release/1.20.0-notes.html#deprecations

During handling of the above exception, another exception occurred:

Traceback (most recent call last):
  File "/home/ryedida/.local/lib/python3.9/site-packages/bayesmark/experiment.py", line 126, in run_study
    next_points = optimizer.suggest(n_suggestions)
  File "/home/ryedida/bbo_challenge_starter_kit/example_submissions/hebo/optimizer_mace.py", line 155, in suggest
    model.fit(X, Xe, y)
  File "/home/ryedida/bbo_challenge_starter_kit/example_submissions/hebo/bo/models/gp/gpy_wgp.py", line 89, in fit
    self.gp.optimize_restarts(max_iters = self.num_epochs, messages = self.verbose, num_restarts = 10)
  File "/home/ryedida/.local/lib/python3.9/site-packages/paramz/model.py", line 182, in optimize_restarts
    raise e
  File "/home/ryedida/.local/lib/python3.9/site-packages/paramz/model.py", line 171, in optimize_restarts
    self.randomize()
  File "/home/ryedida/.local/lib/python3.9/site-packages/GPy/core/__init__.py", line 80, in randomize
    unfixlist = np.ones((self.size,),dtype=np.bool)
  File "/home/ryedida/.local/lib/python3.9/site-packages/numpy/__init__.py", line 305, in __getattr__
    raise AttributeError(__former_attrs__[attr])
AttributeError: module 'numpy' has no attribute 'bool'.
`np.bool` was a deprecated alias for the builtin `bool`. To avoid this error in existing code, use `bool` by itself. Doing this will not modify any behavior and is safe. If you specifically wanted the numpy scalar type, use `np.bool_` here.
The aliases was originally deprecated in NumPy 1.20; for more details and guidance see the original release note at:
    https://numpy.org/devdocs/release/1.20.0-notes.html#deprecations
suggestion time taken 0.457728 iter 12 next_points [{'alpha': 0.004087105499276569, 'batch_size': 215, 'beta_1': 0.8948709012529019, 'beta_2': 0.9999898044699788, 'epsilon': 4.22986073848362e-09, 'hidden_layer_sizes': 196, 'learning_rate_init': 1.2389832236804429e-05, 'tol': 0.01308609821662673, 'validation_fraction': 0.7042787533299598}]
 /home/ryedida/.local/lib/python3.9/site-packages/sklearn/neural_network/_multilayer_perceptron.py:605: UserWarning:Got `batch_size` less than 1 or larger than sample size. It is going to be clipped

function_evaluation time 0.053271 value 17.647917 suggestion {'alpha': 0.004087105499276569, 'batch_size': 215, 'beta_1': 0.8948709012529019, 'beta_2': 0.9999898044699788, 'epsilon': 4.22986073848362e-09, 'hidden_layer_sizes': 196, 'learning_rate_init': 1.2389832236804429e-05, 'tol': 0.01308609821662673, 'validation_fraction': 0.7042787533299598}
 /home/ryedida/bbo_challenge_starter_kit/example_submissions/hebo/optimizer_mace.py:237: FutureWarning:The frame.append method is deprecated and will be removed from pandas in a future version. Use pandas.concat instead.

observation time 0.002403, current best 6.663994 at iter 12
 /home/ryedida/.local/lib/python3.9/site-packages/GPy/core/__init__.py:80: FutureWarning:In the future `np.bool` will be defined as the corresponding NumPy scalar.

 /home/ryedida/.local/lib/python3.9/site-packages/GPy/core/__init__.py:80: FutureWarning:In the future `np.bool` will be defined as the corresponding NumPy scalar.

Failure in optimizer suggest. Falling back to random search.
module 'numpy' has no attribute 'bool'.
`np.bool` was a deprecated alias for the builtin `bool`. To avoid this error in existing code, use `bool` by itself. Doing this will not modify any behavior and is safe. If you specifically wanted the numpy scalar type, use `np.bool_` here.
The aliases was originally deprecated in NumPy 1.20; for more details and guidance see the original release note at:
    https://numpy.org/devdocs/release/1.20.0-notes.html#deprecations
Traceback (most recent call last):
  File "/home/ryedida/bbo_challenge_starter_kit/example_submissions/hebo/optimizer_mace.py", line 145, in suggest
    model.fit(X, Xe, y)
  File "/home/ryedida/bbo_challenge_starter_kit/example_submissions/hebo/bo/models/gp/gpy_wgp.py", line 89, in fit
    self.gp.optimize_restarts(max_iters = self.num_epochs, messages = self.verbose, num_restarts = 10)
  File "/home/ryedida/.local/lib/python3.9/site-packages/paramz/model.py", line 182, in optimize_restarts
    raise e
  File "/home/ryedida/.local/lib/python3.9/site-packages/paramz/model.py", line 171, in optimize_restarts
    self.randomize()
  File "/home/ryedida/.local/lib/python3.9/site-packages/GPy/core/__init__.py", line 80, in randomize
    unfixlist = np.ones((self.size,),dtype=np.bool)
  File "/home/ryedida/.local/lib/python3.9/site-packages/numpy/__init__.py", line 305, in __getattr__
    raise AttributeError(__former_attrs__[attr])
AttributeError: module 'numpy' has no attribute 'bool'.
`np.bool` was a deprecated alias for the builtin `bool`. To avoid this error in existing code, use `bool` by itself. Doing this will not modify any behavior and is safe. If you specifically wanted the numpy scalar type, use `np.bool_` here.
The aliases was originally deprecated in NumPy 1.20; for more details and guidance see the original release note at:
    https://numpy.org/devdocs/release/1.20.0-notes.html#deprecations

During handling of the above exception, another exception occurred:

Traceback (most recent call last):
  File "/home/ryedida/.local/lib/python3.9/site-packages/bayesmark/experiment.py", line 126, in run_study
    next_points = optimizer.suggest(n_suggestions)
  File "/home/ryedida/bbo_challenge_starter_kit/example_submissions/hebo/optimizer_mace.py", line 155, in suggest
    model.fit(X, Xe, y)
  File "/home/ryedida/bbo_challenge_starter_kit/example_submissions/hebo/bo/models/gp/gpy_wgp.py", line 89, in fit
    self.gp.optimize_restarts(max_iters = self.num_epochs, messages = self.verbose, num_restarts = 10)
  File "/home/ryedida/.local/lib/python3.9/site-packages/paramz/model.py", line 182, in optimize_restarts
    raise e
  File "/home/ryedida/.local/lib/python3.9/site-packages/paramz/model.py", line 171, in optimize_restarts
    self.randomize()
  File "/home/ryedida/.local/lib/python3.9/site-packages/GPy/core/__init__.py", line 80, in randomize
    unfixlist = np.ones((self.size,),dtype=np.bool)
  File "/home/ryedida/.local/lib/python3.9/site-packages/numpy/__init__.py", line 305, in __getattr__
    raise AttributeError(__former_attrs__[attr])
AttributeError: module 'numpy' has no attribute 'bool'.
`np.bool` was a deprecated alias for the builtin `bool`. To avoid this error in existing code, use `bool` by itself. Doing this will not modify any behavior and is safe. If you specifically wanted the numpy scalar type, use `np.bool_` here.
The aliases was originally deprecated in NumPy 1.20; for more details and guidance see the original release note at:
    https://numpy.org/devdocs/release/1.20.0-notes.html#deprecations
suggestion time taken 0.492961 iter 13 next_points [{'alpha': 0.002143184399028497, 'batch_size': 74, 'beta_1': 0.8413732258399049, 'beta_2': 0.9998979459373765, 'epsilon': 3.169247812994766e-07, 'hidden_layer_sizes': 95, 'learning_rate_init': 0.00027586726542664936, 'tol': 0.0001900215281985725, 'validation_fraction': 0.5064002380715253}]
 /home/ryedida/.local/lib/python3.9/site-packages/sklearn/neural_network/_multilayer_perceptron.py:605: UserWarning:Got `batch_size` less than 1 or larger than sample size. It is going to be clipped

function_evaluation time 0.050634 value 21.286171 suggestion {'alpha': 0.002143184399028497, 'batch_size': 74, 'beta_1': 0.8413732258399049, 'beta_2': 0.9998979459373765, 'epsilon': 3.169247812994766e-07, 'hidden_layer_sizes': 95, 'learning_rate_init': 0.00027586726542664936, 'tol': 0.0001900215281985725, 'validation_fraction': 0.5064002380715253}
 /home/ryedida/bbo_challenge_starter_kit/example_submissions/hebo/optimizer_mace.py:237: FutureWarning:The frame.append method is deprecated and will be removed from pandas in a future version. Use pandas.concat instead.

observation time 0.002451, current best 6.663994 at iter 13
 /home/ryedida/.local/lib/python3.9/site-packages/GPy/core/__init__.py:80: FutureWarning:In the future `np.bool` will be defined as the corresponding NumPy scalar.

 /home/ryedida/.local/lib/python3.9/site-packages/GPy/core/__init__.py:80: FutureWarning:In the future `np.bool` will be defined as the corresponding NumPy scalar.

Failure in optimizer suggest. Falling back to random search.
module 'numpy' has no attribute 'bool'.
`np.bool` was a deprecated alias for the builtin `bool`. To avoid this error in existing code, use `bool` by itself. Doing this will not modify any behavior and is safe. If you specifically wanted the numpy scalar type, use `np.bool_` here.
The aliases was originally deprecated in NumPy 1.20; for more details and guidance see the original release note at:
    https://numpy.org/devdocs/release/1.20.0-notes.html#deprecations
Traceback (most recent call last):
  File "/home/ryedida/bbo_challenge_starter_kit/example_submissions/hebo/optimizer_mace.py", line 145, in suggest
    model.fit(X, Xe, y)
  File "/home/ryedida/bbo_challenge_starter_kit/example_submissions/hebo/bo/models/gp/gpy_wgp.py", line 89, in fit
    self.gp.optimize_restarts(max_iters = self.num_epochs, messages = self.verbose, num_restarts = 10)
  File "/home/ryedida/.local/lib/python3.9/site-packages/paramz/model.py", line 182, in optimize_restarts
    raise e
  File "/home/ryedida/.local/lib/python3.9/site-packages/paramz/model.py", line 171, in optimize_restarts
    self.randomize()
  File "/home/ryedida/.local/lib/python3.9/site-packages/GPy/core/__init__.py", line 80, in randomize
    unfixlist = np.ones((self.size,),dtype=np.bool)
  File "/home/ryedida/.local/lib/python3.9/site-packages/numpy/__init__.py", line 305, in __getattr__
    raise AttributeError(__former_attrs__[attr])
AttributeError: module 'numpy' has no attribute 'bool'.
`np.bool` was a deprecated alias for the builtin `bool`. To avoid this error in existing code, use `bool` by itself. Doing this will not modify any behavior and is safe. If you specifically wanted the numpy scalar type, use `np.bool_` here.
The aliases was originally deprecated in NumPy 1.20; for more details and guidance see the original release note at:
    https://numpy.org/devdocs/release/1.20.0-notes.html#deprecations

During handling of the above exception, another exception occurred:

Traceback (most recent call last):
  File "/home/ryedida/.local/lib/python3.9/site-packages/bayesmark/experiment.py", line 126, in run_study
    next_points = optimizer.suggest(n_suggestions)
  File "/home/ryedida/bbo_challenge_starter_kit/example_submissions/hebo/optimizer_mace.py", line 155, in suggest
    model.fit(X, Xe, y)
  File "/home/ryedida/bbo_challenge_starter_kit/example_submissions/hebo/bo/models/gp/gpy_wgp.py", line 89, in fit
    self.gp.optimize_restarts(max_iters = self.num_epochs, messages = self.verbose, num_restarts = 10)
  File "/home/ryedida/.local/lib/python3.9/site-packages/paramz/model.py", line 182, in optimize_restarts
    raise e
  File "/home/ryedida/.local/lib/python3.9/site-packages/paramz/model.py", line 171, in optimize_restarts
    self.randomize()
  File "/home/ryedida/.local/lib/python3.9/site-packages/GPy/core/__init__.py", line 80, in randomize
    unfixlist = np.ones((self.size,),dtype=np.bool)
  File "/home/ryedida/.local/lib/python3.9/site-packages/numpy/__init__.py", line 305, in __getattr__
    raise AttributeError(__former_attrs__[attr])
AttributeError: module 'numpy' has no attribute 'bool'.
`np.bool` was a deprecated alias for the builtin `bool`. To avoid this error in existing code, use `bool` by itself. Doing this will not modify any behavior and is safe. If you specifically wanted the numpy scalar type, use `np.bool_` here.
The aliases was originally deprecated in NumPy 1.20; for more details and guidance see the original release note at:
    https://numpy.org/devdocs/release/1.20.0-notes.html#deprecations
suggestion time taken 0.432192 iter 14 next_points [{'alpha': 0.010791620110098536, 'batch_size': 199, 'beta_1': 0.5050336040136233, 'beta_2': 0.9987394735381806, 'epsilon': 1.15314869516059e-09, 'hidden_layer_sizes': 172, 'learning_rate_init': 0.0024138902562670793, 'tol': 0.0010994726938345707, 'validation_fraction': 0.6298995820261452}]
 /home/ryedida/.local/lib/python3.9/site-packages/sklearn/neural_network/_multilayer_perceptron.py:605: UserWarning:Got `batch_size` less than 1 or larger than sample size. It is going to be clipped

function_evaluation time 0.113133 value 4.241690 suggestion {'alpha': 0.010791620110098536, 'batch_size': 199, 'beta_1': 0.5050336040136233, 'beta_2': 0.9987394735381806, 'epsilon': 1.15314869516059e-09, 'hidden_layer_sizes': 172, 'learning_rate_init': 0.0024138902562670793, 'tol': 0.0010994726938345707, 'validation_fraction': 0.6298995820261452}
 /home/ryedida/bbo_challenge_starter_kit/example_submissions/hebo/optimizer_mace.py:237: FutureWarning:The frame.append method is deprecated and will be removed from pandas in a future version. Use pandas.concat instead.

observation time 0.002247, current best 4.241690 at iter 14
saving meta data: {'args': {'--uuid': '4d3617b16e475d5c9069596f69261047', '-db-root': '/home/ryedida/bbo_challenge_starter_kit/output', '--opt-root': '/home/ryedida/bbo_challenge_starter_kit/example_submissions', '--data-root': None, '--db': 'run_20230430_194925', '--opt': 'hebo', '--data': 'wine', '--classifier': 'MLP-adam', '--metric': 'nll', '--calls': 15, '--suggestions': 1, '--jobs-file': None, '--verbose': False, 'dry_run': False, 'rev': 'a376313', 'opt_rev': '0.0.8'}, 'signature': ([{'alpha': 0.019628224813442792, 'batch_size': 182, 'beta_1': 0.9410202200271762, 'beta_2': 0.9998021557676793, 'epsilon': 1.8662266976518e-08, 'hidden_layer_sizes': 147, 'learning_rate_init': 0.0005627932047415167, 'tol': 0.03690557729213761, 'validation_fraction': 0.8846827852548593}, {'alpha': 0.0019982467392329444, 'batch_size': 200, 'beta_1': 0.919111482530466, 'beta_2': 0.9998488260436156, 'epsilon': 5.981221901152555e-07, 'hidden_layer_sizes': 61, 'learning_rate_init': 2.2310905607443014e-05, 'tol': 1.2046852412030316e-05, 'validation_fraction': 0.8117896445826539}, {'alpha': 0.46659545670218433, 'batch_size': 219, 'beta_1': 0.9889789783750891, 'beta_2': 0.9999896868093284, 'epsilon': 2.4234724484675948e-08, 'hidden_layer_sizes': 167, 'learning_rate_init': 2.972334644335654e-05, 'tol': 0.0036281404040243792, 'validation_fraction': 0.17260651658522078}, {'alpha': 4.656005689076002, 'batch_size': 135, 'beta_1': 0.870503881627747, 'beta_2': 0.9948873266941017, 'epsilon': 2.1023308743480125e-07, 'hidden_layer_sizes': 118, 'learning_rate_init': 0.0018781738757161913, 'tol': 1.1889379831773004e-05, 'validation_fraction': 0.6264327093752792}, {'alpha': 0.04705159350400542, 'batch_size': 158, 'beta_1': 0.9870884262730957, 'beta_2': 0.9999596874382349, 'epsilon': 1.1981845126013875e-08, 'hidden_layer_sizes': 116, 'learning_rate_init': 0.00617340520407431, 'tol': 1.741413418158619e-05, 'validation_fraction': 0.6754299026638921}], [16.063962273407764, 23.274250254613083, 19.80193088400322, 3.463918210725012, 15.210579700922176])}
saving results
saving timing
saving suggest log
done
