running: {'--uuid': '699a5bfd428e56cd9f7555da0a0f7015', '-db-root': '/home/ryedida/bbo_challenge_starter_kit/output', '--opt-root': '/home/ryedida/bbo_challenge_starter_kit/example_submissions', '--data-root': None, '--db': 'run_20230430_194925', '--opt': 'hebo', '--data': 'wine', '--classifier': 'MLP-adam', '--metric': 'acc', '--calls': 15, '--suggestions': 1, '--jobs-file': None, '--verbose': False, 'dry_run': False, 'rev': 'a376313', 'opt_rev': '0.0.8'}
cmd: python hebo/optimizer.py -c MLP-adam -d wine -o hebo -u 699a5bfd428e56cd9f7555da0a0f7015 -m acc -n 15 -p 1 -dir /home/ryedida/bbo_challenge_starter_kit/output -b run_20230430_194925
 /home/ryedida/.local/lib/python3.9/site-packages/sklearn/neural_network/_multilayer_perceptron.py:605: UserWarning:Got `batch_size` less than 1 or larger than sample size. It is going to be clipped

 /home/ryedida/.local/lib/python3.9/site-packages/sklearn/neural_network/_multilayer_perceptron.py:605: UserWarning:Got `batch_size` less than 1 or larger than sample size. It is going to be clipped

 /home/ryedida/.local/lib/python3.9/site-packages/sklearn/neural_network/_multilayer_perceptron.py:605: UserWarning:Got `batch_size` less than 1 or larger than sample size. It is going to be clipped

 /home/ryedida/.local/lib/python3.9/site-packages/sklearn/neural_network/_multilayer_perceptron.py:605: UserWarning:Got `batch_size` less than 1 or larger than sample size. It is going to be clipped

 /home/ryedida/.local/lib/python3.9/site-packages/sklearn/neural_network/_multilayer_perceptron.py:605: UserWarning:Got `batch_size` less than 1 or larger than sample size. It is going to be clipped

computed signature: ([{'alpha': 0.019628224813442792, 'batch_size': 182, 'beta_1': 0.9410202200271762, 'beta_2': 0.9998021557676793, 'epsilon': 1.8662266976518e-08, 'hidden_layer_sizes': 147, 'learning_rate_init': 0.0005627932047415167, 'tol': 0.03690557729213761, 'validation_fraction': 0.8846827852548593}, {'alpha': 0.0019982467392329444, 'batch_size': 200, 'beta_1': 0.919111482530466, 'beta_2': 0.9998488260436156, 'epsilon': 5.981221901152555e-07, 'hidden_layer_sizes': 61, 'learning_rate_init': 2.2310905607443014e-05, 'tol': 1.2046852412030316e-05, 'validation_fraction': 0.8117896445826539}, {'alpha': 0.46659545670218433, 'batch_size': 219, 'beta_1': 0.9889789783750891, 'beta_2': 0.9999896868093284, 'epsilon': 2.4234724484675948e-08, 'hidden_layer_sizes': 167, 'learning_rate_init': 2.972334644335654e-05, 'tol': 0.0036281404040243792, 'validation_fraction': 0.17260651658522078}, {'alpha': 4.656005689076002, 'batch_size': 135, 'beta_1': 0.870503881627747, 'beta_2': 0.9948873266941017, 'epsilon': 2.1023308743480125e-07, 'hidden_layer_sizes': 118, 'learning_rate_init': 0.0018781738757161913, 'tol': 1.1889379831773004e-05, 'validation_fraction': 0.6264327093752792}, {'alpha': 0.04705159350400542, 'batch_size': 158, 'beta_1': 0.9870884262730957, 'beta_2': 0.9999596874382349, 'epsilon': 1.1981845126013875e-08, 'hidden_layer_sizes': 116, 'learning_rate_init': 0.00617340520407431, 'tol': 1.741413418158619e-05, 'validation_fraction': 0.6754299026638921}], [-0.4359605911330049, -0.3169950738916256, -0.3312807881773399, -0.6620689655172413, -0.5017241379310344])
Signature errors:
                     0    1    2    3    4  max
MLP-adam_wine_acc  0.0  0.0  0.0  0.0  0.0  0.0
max                0.0  0.0  0.0  0.0  0.0  0.0
starting sklearn study hebo MLP-adam wine acc 15 1
with data root: None
suggestion time taken 0.005317 iter 0 next_points [{'hidden_layer_sizes': 50, 'alpha': 9.999999999999979e-06, 'batch_size': 10, 'learning_rate_init': 9.999999999999979e-06, 'tol': 9.999999999999979e-06, 'validation_fraction': 0.09999999999999999, 'beta_1': 0.5, 'beta_2': 0.9, 'epsilon': 9.999999999999999e-10}]
function_evaluation time 0.140324 value -0.309852 suggestion {'hidden_layer_sizes': 50, 'alpha': 9.999999999999979e-06, 'batch_size': 10, 'learning_rate_init': 9.999999999999979e-06, 'tol': 9.999999999999979e-06, 'validation_fraction': 0.09999999999999999, 'beta_1': 0.5, 'beta_2': 0.9, 'epsilon': 9.999999999999999e-10}
 /home/ryedida/bbo_challenge_starter_kit/example_submissions/hebo/optimizer_mace.py:237: FutureWarning:The frame.append method is deprecated and will be removed from pandas in a future version. Use pandas.concat instead.

observation time 0.123060, current best -0.309852 at iter 0
suggestion time taken 0.003380 iter 1 next_points [{'hidden_layer_sizes': 125, 'alpha': 0.00999999999999999, 'batch_size': 130, 'learning_rate_init': 0.000999999999999999, 'tol': 0.000999999999999999, 'validation_fraction': 0.29999999999999993, 'beta_1': 0.7035623639735143, 'beta_2': 0.9486828237087461, 'epsilon': 3.162277660168379e-08}]
 /home/ryedida/.local/lib/python3.9/site-packages/sklearn/neural_network/_multilayer_perceptron.py:605: UserWarning:Got `batch_size` less than 1 or larger than sample size. It is going to be clipped

function_evaluation time 0.097359 value -0.604926 suggestion {'hidden_layer_sizes': 125, 'alpha': 0.00999999999999999, 'batch_size': 130, 'learning_rate_init': 0.000999999999999999, 'tol': 0.000999999999999999, 'validation_fraction': 0.29999999999999993, 'beta_1': 0.7035623639735143, 'beta_2': 0.9486828237087461, 'epsilon': 3.162277660168379e-08}
 /home/ryedida/bbo_challenge_starter_kit/example_submissions/hebo/optimizer_mace.py:237: FutureWarning:The frame.append method is deprecated and will be removed from pandas in a future version. Use pandas.concat instead.

observation time 0.001764, current best -0.604926 at iter 1
suggestion time taken 0.003421 iter 2 next_points [{'hidden_layer_sizes': 162, 'alpha': 0.0003162277660168373, 'batch_size': 70, 'learning_rate_init': 9.999999999999979e-05, 'tol': 0.01, 'validation_fraction': 0.5196152422706632, 'beta_1': 0.5931114414566264, 'beta_2': 0.9740030159223957, 'epsilon': 1.778279410038923e-07}]
 /home/ryedida/.local/lib/python3.9/site-packages/sklearn/neural_network/_multilayer_perceptron.py:605: UserWarning:Got `batch_size` less than 1 or larger than sample size. It is going to be clipped

function_evaluation time 0.050206 value -0.409360 suggestion {'hidden_layer_sizes': 162, 'alpha': 0.0003162277660168373, 'batch_size': 70, 'learning_rate_init': 9.999999999999979e-05, 'tol': 0.01, 'validation_fraction': 0.5196152422706632, 'beta_1': 0.5931114414566264, 'beta_2': 0.9740030159223957, 'epsilon': 1.778279410038923e-07}
 /home/ryedida/bbo_challenge_starter_kit/example_submissions/hebo/optimizer_mace.py:237: FutureWarning:The frame.append method is deprecated and will be removed from pandas in a future version. Use pandas.concat instead.

observation time 0.001701, current best -0.604926 at iter 2
suggestion time taken 0.003702 iter 3 next_points [{'hidden_layer_sizes': 88, 'alpha': 0.31622776601683794, 'batch_size': 190, 'learning_rate_init': 0.01, 'tol': 9.999999999999979e-05, 'validation_fraction': 0.1732050807568877, 'beta_1': 0.8345817757019256, 'beta_2': 0.9240208554669486, 'epsilon': 5.623413251903491e-09}]
 /home/ryedida/.local/lib/python3.9/site-packages/sklearn/neural_network/_multilayer_perceptron.py:605: UserWarning:Got `batch_size` less than 1 or larger than sample size. It is going to be clipped

function_evaluation time 0.083405 value -0.562315 suggestion {'hidden_layer_sizes': 88, 'alpha': 0.31622776601683794, 'batch_size': 190, 'learning_rate_init': 0.01, 'tol': 9.999999999999979e-05, 'validation_fraction': 0.1732050807568877, 'beta_1': 0.8345817757019256, 'beta_2': 0.9240208554669486, 'epsilon': 5.623413251903491e-09}
 /home/ryedida/bbo_challenge_starter_kit/example_submissions/hebo/optimizer_mace.py:237: FutureWarning:The frame.append method is deprecated and will be removed from pandas in a future version. Use pandas.concat instead.

observation time 0.001714, current best -0.604926 at iter 3
 /home/ryedida/.local/lib/python3.9/site-packages/GPy/core/__init__.py:80: FutureWarning:In the future `np.bool` will be defined as the corresponding NumPy scalar.

 /home/ryedida/.local/lib/python3.9/site-packages/GPy/core/__init__.py:80: FutureWarning:In the future `np.bool` will be defined as the corresponding NumPy scalar.

Failure in optimizer suggest. Falling back to random search.
module 'numpy' has no attribute 'bool'.
`np.bool` was a deprecated alias for the builtin `bool`. To avoid this error in existing code, use `bool` by itself. Doing this will not modify any behavior and is safe. If you specifically wanted the numpy scalar type, use `np.bool_` here.
The aliases was originally deprecated in NumPy 1.20; for more details and guidance see the original release note at:
    https://numpy.org/devdocs/release/1.20.0-notes.html#deprecations
Traceback (most recent call last):
  File "/home/ryedida/bbo_challenge_starter_kit/example_submissions/hebo/optimizer_mace.py", line 145, in suggest
    model.fit(X, Xe, y)
  File "/home/ryedida/bbo_challenge_starter_kit/example_submissions/hebo/bo/models/gp/gpy_wgp.py", line 89, in fit
    self.gp.optimize_restarts(max_iters = self.num_epochs, messages = self.verbose, num_restarts = 10)
  File "/home/ryedida/.local/lib/python3.9/site-packages/paramz/model.py", line 182, in optimize_restarts
    raise e
  File "/home/ryedida/.local/lib/python3.9/site-packages/paramz/model.py", line 171, in optimize_restarts
    self.randomize()
  File "/home/ryedida/.local/lib/python3.9/site-packages/GPy/core/__init__.py", line 80, in randomize
    unfixlist = np.ones((self.size,),dtype=np.bool)
  File "/home/ryedida/.local/lib/python3.9/site-packages/numpy/__init__.py", line 305, in __getattr__
    raise AttributeError(__former_attrs__[attr])
AttributeError: module 'numpy' has no attribute 'bool'.
`np.bool` was a deprecated alias for the builtin `bool`. To avoid this error in existing code, use `bool` by itself. Doing this will not modify any behavior and is safe. If you specifically wanted the numpy scalar type, use `np.bool_` here.
The aliases was originally deprecated in NumPy 1.20; for more details and guidance see the original release note at:
    https://numpy.org/devdocs/release/1.20.0-notes.html#deprecations

During handling of the above exception, another exception occurred:

Traceback (most recent call last):
  File "/home/ryedida/.local/lib/python3.9/site-packages/bayesmark/experiment.py", line 126, in run_study
    next_points = optimizer.suggest(n_suggestions)
  File "/home/ryedida/bbo_challenge_starter_kit/example_submissions/hebo/optimizer_mace.py", line 155, in suggest
    model.fit(X, Xe, y)
  File "/home/ryedida/bbo_challenge_starter_kit/example_submissions/hebo/bo/models/gp/gpy_wgp.py", line 89, in fit
    self.gp.optimize_restarts(max_iters = self.num_epochs, messages = self.verbose, num_restarts = 10)
  File "/home/ryedida/.local/lib/python3.9/site-packages/paramz/model.py", line 182, in optimize_restarts
    raise e
  File "/home/ryedida/.local/lib/python3.9/site-packages/paramz/model.py", line 171, in optimize_restarts
    self.randomize()
  File "/home/ryedida/.local/lib/python3.9/site-packages/GPy/core/__init__.py", line 80, in randomize
    unfixlist = np.ones((self.size,),dtype=np.bool)
  File "/home/ryedida/.local/lib/python3.9/site-packages/numpy/__init__.py", line 305, in __getattr__
    raise AttributeError(__former_attrs__[attr])
AttributeError: module 'numpy' has no attribute 'bool'.
`np.bool` was a deprecated alias for the builtin `bool`. To avoid this error in existing code, use `bool` by itself. Doing this will not modify any behavior and is safe. If you specifically wanted the numpy scalar type, use `np.bool_` here.
The aliases was originally deprecated in NumPy 1.20; for more details and guidance see the original release note at:
    https://numpy.org/devdocs/release/1.20.0-notes.html#deprecations
suggestion time taken 0.541820 iter 4 next_points [{'alpha': 0.08088584006454931, 'batch_size': 92, 'beta_1': 0.9863434174060197, 'beta_2': 0.9998781198299385, 'epsilon': 6.860219052908846e-07, 'hidden_layer_sizes': 179, 'learning_rate_init': 0.0001683521449905542, 'tol': 0.0673173215695045, 'validation_fraction': 0.4563060526832039}]
 /home/ryedida/.local/lib/python3.9/site-packages/sklearn/neural_network/_multilayer_perceptron.py:605: UserWarning:Got `batch_size` less than 1 or larger than sample size. It is going to be clipped

function_evaluation time 0.050575 value -0.337931 suggestion {'alpha': 0.08088584006454931, 'batch_size': 92, 'beta_1': 0.9863434174060197, 'beta_2': 0.9998781198299385, 'epsilon': 6.860219052908846e-07, 'hidden_layer_sizes': 179, 'learning_rate_init': 0.0001683521449905542, 'tol': 0.0673173215695045, 'validation_fraction': 0.4563060526832039}
 /home/ryedida/bbo_challenge_starter_kit/example_submissions/hebo/optimizer_mace.py:237: FutureWarning:The frame.append method is deprecated and will be removed from pandas in a future version. Use pandas.concat instead.

observation time 0.002267, current best -0.604926 at iter 4
 /home/ryedida/.local/lib/python3.9/site-packages/GPy/core/__init__.py:80: FutureWarning:In the future `np.bool` will be defined as the corresponding NumPy scalar.

 /home/ryedida/.local/lib/python3.9/site-packages/GPy/core/__init__.py:80: FutureWarning:In the future `np.bool` will be defined as the corresponding NumPy scalar.

Failure in optimizer suggest. Falling back to random search.
module 'numpy' has no attribute 'bool'.
`np.bool` was a deprecated alias for the builtin `bool`. To avoid this error in existing code, use `bool` by itself. Doing this will not modify any behavior and is safe. If you specifically wanted the numpy scalar type, use `np.bool_` here.
The aliases was originally deprecated in NumPy 1.20; for more details and guidance see the original release note at:
    https://numpy.org/devdocs/release/1.20.0-notes.html#deprecations
Traceback (most recent call last):
  File "/home/ryedida/bbo_challenge_starter_kit/example_submissions/hebo/optimizer_mace.py", line 145, in suggest
    model.fit(X, Xe, y)
  File "/home/ryedida/bbo_challenge_starter_kit/example_submissions/hebo/bo/models/gp/gpy_wgp.py", line 89, in fit
    self.gp.optimize_restarts(max_iters = self.num_epochs, messages = self.verbose, num_restarts = 10)
  File "/home/ryedida/.local/lib/python3.9/site-packages/paramz/model.py", line 182, in optimize_restarts
    raise e
  File "/home/ryedida/.local/lib/python3.9/site-packages/paramz/model.py", line 171, in optimize_restarts
    self.randomize()
  File "/home/ryedida/.local/lib/python3.9/site-packages/GPy/core/__init__.py", line 80, in randomize
    unfixlist = np.ones((self.size,),dtype=np.bool)
  File "/home/ryedida/.local/lib/python3.9/site-packages/numpy/__init__.py", line 305, in __getattr__
    raise AttributeError(__former_attrs__[attr])
AttributeError: module 'numpy' has no attribute 'bool'.
`np.bool` was a deprecated alias for the builtin `bool`. To avoid this error in existing code, use `bool` by itself. Doing this will not modify any behavior and is safe. If you specifically wanted the numpy scalar type, use `np.bool_` here.
The aliases was originally deprecated in NumPy 1.20; for more details and guidance see the original release note at:
    https://numpy.org/devdocs/release/1.20.0-notes.html#deprecations

During handling of the above exception, another exception occurred:

Traceback (most recent call last):
  File "/home/ryedida/.local/lib/python3.9/site-packages/bayesmark/experiment.py", line 126, in run_study
    next_points = optimizer.suggest(n_suggestions)
  File "/home/ryedida/bbo_challenge_starter_kit/example_submissions/hebo/optimizer_mace.py", line 155, in suggest
    model.fit(X, Xe, y)
  File "/home/ryedida/bbo_challenge_starter_kit/example_submissions/hebo/bo/models/gp/gpy_wgp.py", line 89, in fit
    self.gp.optimize_restarts(max_iters = self.num_epochs, messages = self.verbose, num_restarts = 10)
  File "/home/ryedida/.local/lib/python3.9/site-packages/paramz/model.py", line 182, in optimize_restarts
    raise e
  File "/home/ryedida/.local/lib/python3.9/site-packages/paramz/model.py", line 171, in optimize_restarts
    self.randomize()
  File "/home/ryedida/.local/lib/python3.9/site-packages/GPy/core/__init__.py", line 80, in randomize
    unfixlist = np.ones((self.size,),dtype=np.bool)
  File "/home/ryedida/.local/lib/python3.9/site-packages/numpy/__init__.py", line 305, in __getattr__
    raise AttributeError(__former_attrs__[attr])
AttributeError: module 'numpy' has no attribute 'bool'.
`np.bool` was a deprecated alias for the builtin `bool`. To avoid this error in existing code, use `bool` by itself. Doing this will not modify any behavior and is safe. If you specifically wanted the numpy scalar type, use `np.bool_` here.
The aliases was originally deprecated in NumPy 1.20; for more details and guidance see the original release note at:
    https://numpy.org/devdocs/release/1.20.0-notes.html#deprecations
suggestion time taken 0.371535 iter 5 next_points [{'alpha': 0.0015956376557976978, 'batch_size': 61, 'beta_1': 0.7368178740538361, 'beta_2': 0.9999744168032965, 'epsilon': 2.966907950903334e-09, 'hidden_layer_sizes': 69, 'learning_rate_init': 0.0003360734849427713, 'tol': 2.5857288121627458e-05, 'validation_fraction': 0.4382279263388944}]
function_evaluation time 0.057155 value -0.380788 suggestion {'alpha': 0.0015956376557976978, 'batch_size': 61, 'beta_1': 0.7368178740538361, 'beta_2': 0.9999744168032965, 'epsilon': 2.966907950903334e-09, 'hidden_layer_sizes': 69, 'learning_rate_init': 0.0003360734849427713, 'tol': 2.5857288121627458e-05, 'validation_fraction': 0.4382279263388944}
 /home/ryedida/bbo_challenge_starter_kit/example_submissions/hebo/optimizer_mace.py:237: FutureWarning:The frame.append method is deprecated and will be removed from pandas in a future version. Use pandas.concat instead.

observation time 0.002192, current best -0.604926 at iter 5
 /home/ryedida/.local/lib/python3.9/site-packages/GPy/core/__init__.py:80: FutureWarning:In the future `np.bool` will be defined as the corresponding NumPy scalar.

 /home/ryedida/.local/lib/python3.9/site-packages/GPy/core/__init__.py:80: FutureWarning:In the future `np.bool` will be defined as the corresponding NumPy scalar.

Failure in optimizer suggest. Falling back to random search.
module 'numpy' has no attribute 'bool'.
`np.bool` was a deprecated alias for the builtin `bool`. To avoid this error in existing code, use `bool` by itself. Doing this will not modify any behavior and is safe. If you specifically wanted the numpy scalar type, use `np.bool_` here.
The aliases was originally deprecated in NumPy 1.20; for more details and guidance see the original release note at:
    https://numpy.org/devdocs/release/1.20.0-notes.html#deprecations
Traceback (most recent call last):
  File "/home/ryedida/bbo_challenge_starter_kit/example_submissions/hebo/optimizer_mace.py", line 145, in suggest
    model.fit(X, Xe, y)
  File "/home/ryedida/bbo_challenge_starter_kit/example_submissions/hebo/bo/models/gp/gpy_wgp.py", line 89, in fit
    self.gp.optimize_restarts(max_iters = self.num_epochs, messages = self.verbose, num_restarts = 10)
  File "/home/ryedida/.local/lib/python3.9/site-packages/paramz/model.py", line 182, in optimize_restarts
    raise e
  File "/home/ryedida/.local/lib/python3.9/site-packages/paramz/model.py", line 171, in optimize_restarts
    self.randomize()
  File "/home/ryedida/.local/lib/python3.9/site-packages/GPy/core/__init__.py", line 80, in randomize
    unfixlist = np.ones((self.size,),dtype=np.bool)
  File "/home/ryedida/.local/lib/python3.9/site-packages/numpy/__init__.py", line 305, in __getattr__
    raise AttributeError(__former_attrs__[attr])
AttributeError: module 'numpy' has no attribute 'bool'.
`np.bool` was a deprecated alias for the builtin `bool`. To avoid this error in existing code, use `bool` by itself. Doing this will not modify any behavior and is safe. If you specifically wanted the numpy scalar type, use `np.bool_` here.
The aliases was originally deprecated in NumPy 1.20; for more details and guidance see the original release note at:
    https://numpy.org/devdocs/release/1.20.0-notes.html#deprecations

During handling of the above exception, another exception occurred:

Traceback (most recent call last):
  File "/home/ryedida/.local/lib/python3.9/site-packages/bayesmark/experiment.py", line 126, in run_study
    next_points = optimizer.suggest(n_suggestions)
  File "/home/ryedida/bbo_challenge_starter_kit/example_submissions/hebo/optimizer_mace.py", line 155, in suggest
    model.fit(X, Xe, y)
  File "/home/ryedida/bbo_challenge_starter_kit/example_submissions/hebo/bo/models/gp/gpy_wgp.py", line 89, in fit
    self.gp.optimize_restarts(max_iters = self.num_epochs, messages = self.verbose, num_restarts = 10)
  File "/home/ryedida/.local/lib/python3.9/site-packages/paramz/model.py", line 182, in optimize_restarts
    raise e
  File "/home/ryedida/.local/lib/python3.9/site-packages/paramz/model.py", line 171, in optimize_restarts
    self.randomize()
  File "/home/ryedida/.local/lib/python3.9/site-packages/GPy/core/__init__.py", line 80, in randomize
    unfixlist = np.ones((self.size,),dtype=np.bool)
  File "/home/ryedida/.local/lib/python3.9/site-packages/numpy/__init__.py", line 305, in __getattr__
    raise AttributeError(__former_attrs__[attr])
AttributeError: module 'numpy' has no attribute 'bool'.
`np.bool` was a deprecated alias for the builtin `bool`. To avoid this error in existing code, use `bool` by itself. Doing this will not modify any behavior and is safe. If you specifically wanted the numpy scalar type, use `np.bool_` here.
The aliases was originally deprecated in NumPy 1.20; for more details and guidance see the original release note at:
    https://numpy.org/devdocs/release/1.20.0-notes.html#deprecations
suggestion time taken 0.433229 iter 6 next_points [{'alpha': 0.00019855670232053443, 'batch_size': 105, 'beta_1': 0.9822268520153709, 'beta_2': 0.9985815148894701, 'epsilon': 6.525488039232264e-07, 'hidden_layer_sizes': 182, 'learning_rate_init': 1.4007798333159333e-05, 'tol': 0.00014543549328216684, 'validation_fraction': 0.5902829984671164}]
 /home/ryedida/.local/lib/python3.9/site-packages/sklearn/neural_network/_multilayer_perceptron.py:605: UserWarning:Got `batch_size` less than 1 or larger than sample size. It is going to be clipped

function_evaluation time 0.049733 value -0.323645 suggestion {'alpha': 0.00019855670232053443, 'batch_size': 105, 'beta_1': 0.9822268520153709, 'beta_2': 0.9985815148894701, 'epsilon': 6.525488039232264e-07, 'hidden_layer_sizes': 182, 'learning_rate_init': 1.4007798333159333e-05, 'tol': 0.00014543549328216684, 'validation_fraction': 0.5902829984671164}
 /home/ryedida/bbo_challenge_starter_kit/example_submissions/hebo/optimizer_mace.py:237: FutureWarning:The frame.append method is deprecated and will be removed from pandas in a future version. Use pandas.concat instead.

observation time 0.002509, current best -0.604926 at iter 6
 /home/ryedida/.local/lib/python3.9/site-packages/GPy/core/__init__.py:80: FutureWarning:In the future `np.bool` will be defined as the corresponding NumPy scalar.

 /home/ryedida/.local/lib/python3.9/site-packages/GPy/core/__init__.py:80: FutureWarning:In the future `np.bool` will be defined as the corresponding NumPy scalar.

Failure in optimizer suggest. Falling back to random search.
module 'numpy' has no attribute 'bool'.
`np.bool` was a deprecated alias for the builtin `bool`. To avoid this error in existing code, use `bool` by itself. Doing this will not modify any behavior and is safe. If you specifically wanted the numpy scalar type, use `np.bool_` here.
The aliases was originally deprecated in NumPy 1.20; for more details and guidance see the original release note at:
    https://numpy.org/devdocs/release/1.20.0-notes.html#deprecations
Traceback (most recent call last):
  File "/home/ryedida/bbo_challenge_starter_kit/example_submissions/hebo/optimizer_mace.py", line 145, in suggest
    model.fit(X, Xe, y)
  File "/home/ryedida/bbo_challenge_starter_kit/example_submissions/hebo/bo/models/gp/gpy_wgp.py", line 89, in fit
    self.gp.optimize_restarts(max_iters = self.num_epochs, messages = self.verbose, num_restarts = 10)
  File "/home/ryedida/.local/lib/python3.9/site-packages/paramz/model.py", line 182, in optimize_restarts
    raise e
  File "/home/ryedida/.local/lib/python3.9/site-packages/paramz/model.py", line 171, in optimize_restarts
    self.randomize()
  File "/home/ryedida/.local/lib/python3.9/site-packages/GPy/core/__init__.py", line 80, in randomize
    unfixlist = np.ones((self.size,),dtype=np.bool)
  File "/home/ryedida/.local/lib/python3.9/site-packages/numpy/__init__.py", line 305, in __getattr__
    raise AttributeError(__former_attrs__[attr])
AttributeError: module 'numpy' has no attribute 'bool'.
`np.bool` was a deprecated alias for the builtin `bool`. To avoid this error in existing code, use `bool` by itself. Doing this will not modify any behavior and is safe. If you specifically wanted the numpy scalar type, use `np.bool_` here.
The aliases was originally deprecated in NumPy 1.20; for more details and guidance see the original release note at:
    https://numpy.org/devdocs/release/1.20.0-notes.html#deprecations

During handling of the above exception, another exception occurred:

Traceback (most recent call last):
  File "/home/ryedida/.local/lib/python3.9/site-packages/bayesmark/experiment.py", line 126, in run_study
    next_points = optimizer.suggest(n_suggestions)
  File "/home/ryedida/bbo_challenge_starter_kit/example_submissions/hebo/optimizer_mace.py", line 155, in suggest
    model.fit(X, Xe, y)
  File "/home/ryedida/bbo_challenge_starter_kit/example_submissions/hebo/bo/models/gp/gpy_wgp.py", line 89, in fit
    self.gp.optimize_restarts(max_iters = self.num_epochs, messages = self.verbose, num_restarts = 10)
  File "/home/ryedida/.local/lib/python3.9/site-packages/paramz/model.py", line 182, in optimize_restarts
    raise e
  File "/home/ryedida/.local/lib/python3.9/site-packages/paramz/model.py", line 171, in optimize_restarts
    self.randomize()
  File "/home/ryedida/.local/lib/python3.9/site-packages/GPy/core/__init__.py", line 80, in randomize
    unfixlist = np.ones((self.size,),dtype=np.bool)
  File "/home/ryedida/.local/lib/python3.9/site-packages/numpy/__init__.py", line 305, in __getattr__
    raise AttributeError(__former_attrs__[attr])
AttributeError: module 'numpy' has no attribute 'bool'.
`np.bool` was a deprecated alias for the builtin `bool`. To avoid this error in existing code, use `bool` by itself. Doing this will not modify any behavior and is safe. If you specifically wanted the numpy scalar type, use `np.bool_` here.
The aliases was originally deprecated in NumPy 1.20; for more details and guidance see the original release note at:
    https://numpy.org/devdocs/release/1.20.0-notes.html#deprecations
suggestion time taken 0.421569 iter 7 next_points [{'alpha': 0.018275271487020187, 'batch_size': 216, 'beta_1': 0.5684118604185495, 'beta_2': 0.9999985211354806, 'epsilon': 2.876082474213158e-09, 'hidden_layer_sizes': 83, 'learning_rate_init': 0.012066553331845448, 'tol': 0.01679162447065253, 'validation_fraction': 0.7744718142719115}]
 /home/ryedida/.local/lib/python3.9/site-packages/sklearn/neural_network/_multilayer_perceptron.py:605: UserWarning:Got `batch_size` less than 1 or larger than sample size. It is going to be clipped

function_evaluation time 0.066379 value -0.529064 suggestion {'alpha': 0.018275271487020187, 'batch_size': 216, 'beta_1': 0.5684118604185495, 'beta_2': 0.9999985211354806, 'epsilon': 2.876082474213158e-09, 'hidden_layer_sizes': 83, 'learning_rate_init': 0.012066553331845448, 'tol': 0.01679162447065253, 'validation_fraction': 0.7744718142719115}
 /home/ryedida/bbo_challenge_starter_kit/example_submissions/hebo/optimizer_mace.py:237: FutureWarning:The frame.append method is deprecated and will be removed from pandas in a future version. Use pandas.concat instead.

observation time 0.002224, current best -0.604926 at iter 7
 /home/ryedida/.local/lib/python3.9/site-packages/GPy/core/__init__.py:80: FutureWarning:In the future `np.bool` will be defined as the corresponding NumPy scalar.

 /home/ryedida/.local/lib/python3.9/site-packages/GPy/core/__init__.py:80: FutureWarning:In the future `np.bool` will be defined as the corresponding NumPy scalar.

Failure in optimizer suggest. Falling back to random search.
module 'numpy' has no attribute 'bool'.
`np.bool` was a deprecated alias for the builtin `bool`. To avoid this error in existing code, use `bool` by itself. Doing this will not modify any behavior and is safe. If you specifically wanted the numpy scalar type, use `np.bool_` here.
The aliases was originally deprecated in NumPy 1.20; for more details and guidance see the original release note at:
    https://numpy.org/devdocs/release/1.20.0-notes.html#deprecations
Traceback (most recent call last):
  File "/home/ryedida/bbo_challenge_starter_kit/example_submissions/hebo/optimizer_mace.py", line 145, in suggest
    model.fit(X, Xe, y)
  File "/home/ryedida/bbo_challenge_starter_kit/example_submissions/hebo/bo/models/gp/gpy_wgp.py", line 89, in fit
    self.gp.optimize_restarts(max_iters = self.num_epochs, messages = self.verbose, num_restarts = 10)
  File "/home/ryedida/.local/lib/python3.9/site-packages/paramz/model.py", line 182, in optimize_restarts
    raise e
  File "/home/ryedida/.local/lib/python3.9/site-packages/paramz/model.py", line 171, in optimize_restarts
    self.randomize()
  File "/home/ryedida/.local/lib/python3.9/site-packages/GPy/core/__init__.py", line 80, in randomize
    unfixlist = np.ones((self.size,),dtype=np.bool)
  File "/home/ryedida/.local/lib/python3.9/site-packages/numpy/__init__.py", line 305, in __getattr__
    raise AttributeError(__former_attrs__[attr])
AttributeError: module 'numpy' has no attribute 'bool'.
`np.bool` was a deprecated alias for the builtin `bool`. To avoid this error in existing code, use `bool` by itself. Doing this will not modify any behavior and is safe. If you specifically wanted the numpy scalar type, use `np.bool_` here.
The aliases was originally deprecated in NumPy 1.20; for more details and guidance see the original release note at:
    https://numpy.org/devdocs/release/1.20.0-notes.html#deprecations

During handling of the above exception, another exception occurred:

Traceback (most recent call last):
  File "/home/ryedida/.local/lib/python3.9/site-packages/bayesmark/experiment.py", line 126, in run_study
    next_points = optimizer.suggest(n_suggestions)
  File "/home/ryedida/bbo_challenge_starter_kit/example_submissions/hebo/optimizer_mace.py", line 155, in suggest
    model.fit(X, Xe, y)
  File "/home/ryedida/bbo_challenge_starter_kit/example_submissions/hebo/bo/models/gp/gpy_wgp.py", line 89, in fit
    self.gp.optimize_restarts(max_iters = self.num_epochs, messages = self.verbose, num_restarts = 10)
  File "/home/ryedida/.local/lib/python3.9/site-packages/paramz/model.py", line 182, in optimize_restarts
    raise e
  File "/home/ryedida/.local/lib/python3.9/site-packages/paramz/model.py", line 171, in optimize_restarts
    self.randomize()
  File "/home/ryedida/.local/lib/python3.9/site-packages/GPy/core/__init__.py", line 80, in randomize
    unfixlist = np.ones((self.size,),dtype=np.bool)
  File "/home/ryedida/.local/lib/python3.9/site-packages/numpy/__init__.py", line 305, in __getattr__
    raise AttributeError(__former_attrs__[attr])
AttributeError: module 'numpy' has no attribute 'bool'.
`np.bool` was a deprecated alias for the builtin `bool`. To avoid this error in existing code, use `bool` by itself. Doing this will not modify any behavior and is safe. If you specifically wanted the numpy scalar type, use `np.bool_` here.
The aliases was originally deprecated in NumPy 1.20; for more details and guidance see the original release note at:
    https://numpy.org/devdocs/release/1.20.0-notes.html#deprecations
suggestion time taken 0.414486 iter 8 next_points [{'alpha': 0.017144875755699552, 'batch_size': 136, 'beta_1': 0.9801022191655325, 'beta_2': 0.9255053517598193, 'epsilon': 8.497218458124029e-08, 'hidden_layer_sizes': 94, 'learning_rate_init': 0.0020045640638565463, 'tol': 0.001266436602923577, 'validation_fraction': 0.183226137747477}]
 /home/ryedida/.local/lib/python3.9/site-packages/sklearn/neural_network/_multilayer_perceptron.py:605: UserWarning:Got `batch_size` less than 1 or larger than sample size. It is going to be clipped

function_evaluation time 0.066553 value -0.494581 suggestion {'alpha': 0.017144875755699552, 'batch_size': 136, 'beta_1': 0.9801022191655325, 'beta_2': 0.9255053517598193, 'epsilon': 8.497218458124029e-08, 'hidden_layer_sizes': 94, 'learning_rate_init': 0.0020045640638565463, 'tol': 0.001266436602923577, 'validation_fraction': 0.183226137747477}
 /home/ryedida/bbo_challenge_starter_kit/example_submissions/hebo/optimizer_mace.py:237: FutureWarning:The frame.append method is deprecated and will be removed from pandas in a future version. Use pandas.concat instead.

observation time 0.002225, current best -0.604926 at iter 8
 /home/ryedida/.local/lib/python3.9/site-packages/GPy/core/__init__.py:80: FutureWarning:In the future `np.bool` will be defined as the corresponding NumPy scalar.

 /home/ryedida/.local/lib/python3.9/site-packages/GPy/core/__init__.py:80: FutureWarning:In the future `np.bool` will be defined as the corresponding NumPy scalar.

Failure in optimizer suggest. Falling back to random search.
module 'numpy' has no attribute 'bool'.
`np.bool` was a deprecated alias for the builtin `bool`. To avoid this error in existing code, use `bool` by itself. Doing this will not modify any behavior and is safe. If you specifically wanted the numpy scalar type, use `np.bool_` here.
The aliases was originally deprecated in NumPy 1.20; for more details and guidance see the original release note at:
    https://numpy.org/devdocs/release/1.20.0-notes.html#deprecations
Traceback (most recent call last):
  File "/home/ryedida/bbo_challenge_starter_kit/example_submissions/hebo/optimizer_mace.py", line 145, in suggest
    model.fit(X, Xe, y)
  File "/home/ryedida/bbo_challenge_starter_kit/example_submissions/hebo/bo/models/gp/gpy_wgp.py", line 89, in fit
    self.gp.optimize_restarts(max_iters = self.num_epochs, messages = self.verbose, num_restarts = 10)
  File "/home/ryedida/.local/lib/python3.9/site-packages/paramz/model.py", line 182, in optimize_restarts
    raise e
  File "/home/ryedida/.local/lib/python3.9/site-packages/paramz/model.py", line 171, in optimize_restarts
    self.randomize()
  File "/home/ryedida/.local/lib/python3.9/site-packages/GPy/core/__init__.py", line 80, in randomize
    unfixlist = np.ones((self.size,),dtype=np.bool)
  File "/home/ryedida/.local/lib/python3.9/site-packages/numpy/__init__.py", line 305, in __getattr__
    raise AttributeError(__former_attrs__[attr])
AttributeError: module 'numpy' has no attribute 'bool'.
`np.bool` was a deprecated alias for the builtin `bool`. To avoid this error in existing code, use `bool` by itself. Doing this will not modify any behavior and is safe. If you specifically wanted the numpy scalar type, use `np.bool_` here.
The aliases was originally deprecated in NumPy 1.20; for more details and guidance see the original release note at:
    https://numpy.org/devdocs/release/1.20.0-notes.html#deprecations

During handling of the above exception, another exception occurred:

Traceback (most recent call last):
  File "/home/ryedida/.local/lib/python3.9/site-packages/bayesmark/experiment.py", line 126, in run_study
    next_points = optimizer.suggest(n_suggestions)
  File "/home/ryedida/bbo_challenge_starter_kit/example_submissions/hebo/optimizer_mace.py", line 155, in suggest
    model.fit(X, Xe, y)
  File "/home/ryedida/bbo_challenge_starter_kit/example_submissions/hebo/bo/models/gp/gpy_wgp.py", line 89, in fit
    self.gp.optimize_restarts(max_iters = self.num_epochs, messages = self.verbose, num_restarts = 10)
  File "/home/ryedida/.local/lib/python3.9/site-packages/paramz/model.py", line 182, in optimize_restarts
    raise e
  File "/home/ryedida/.local/lib/python3.9/site-packages/paramz/model.py", line 171, in optimize_restarts
    self.randomize()
  File "/home/ryedida/.local/lib/python3.9/site-packages/GPy/core/__init__.py", line 80, in randomize
    unfixlist = np.ones((self.size,),dtype=np.bool)
  File "/home/ryedida/.local/lib/python3.9/site-packages/numpy/__init__.py", line 305, in __getattr__
    raise AttributeError(__former_attrs__[attr])
AttributeError: module 'numpy' has no attribute 'bool'.
`np.bool` was a deprecated alias for the builtin `bool`. To avoid this error in existing code, use `bool` by itself. Doing this will not modify any behavior and is safe. If you specifically wanted the numpy scalar type, use `np.bool_` here.
The aliases was originally deprecated in NumPy 1.20; for more details and guidance see the original release note at:
    https://numpy.org/devdocs/release/1.20.0-notes.html#deprecations
suggestion time taken 0.387142 iter 9 next_points [{'alpha': 3.682481375102402e-05, 'batch_size': 70, 'beta_1': 0.9752545273863298, 'beta_2': 0.9998093558342486, 'epsilon': 1.6917159382829663e-08, 'hidden_layer_sizes': 200, 'learning_rate_init': 0.00026194833080176567, 'tol': 0.0043150592504817955, 'validation_fraction': 0.550316433746027}]
 /home/ryedida/.local/lib/python3.9/site-packages/sklearn/neural_network/_multilayer_perceptron.py:605: UserWarning:Got `batch_size` less than 1 or larger than sample size. It is going to be clipped

function_evaluation time 0.071636 value -0.541379 suggestion {'alpha': 3.682481375102402e-05, 'batch_size': 70, 'beta_1': 0.9752545273863298, 'beta_2': 0.9998093558342486, 'epsilon': 1.6917159382829663e-08, 'hidden_layer_sizes': 200, 'learning_rate_init': 0.00026194833080176567, 'tol': 0.0043150592504817955, 'validation_fraction': 0.550316433746027}
 /home/ryedida/bbo_challenge_starter_kit/example_submissions/hebo/optimizer_mace.py:237: FutureWarning:The frame.append method is deprecated and will be removed from pandas in a future version. Use pandas.concat instead.

observation time 0.002269, current best -0.604926 at iter 9
 /home/ryedida/.local/lib/python3.9/site-packages/GPy/core/__init__.py:80: FutureWarning:In the future `np.bool` will be defined as the corresponding NumPy scalar.

 /home/ryedida/.local/lib/python3.9/site-packages/GPy/core/__init__.py:80: FutureWarning:In the future `np.bool` will be defined as the corresponding NumPy scalar.

Failure in optimizer suggest. Falling back to random search.
module 'numpy' has no attribute 'bool'.
`np.bool` was a deprecated alias for the builtin `bool`. To avoid this error in existing code, use `bool` by itself. Doing this will not modify any behavior and is safe. If you specifically wanted the numpy scalar type, use `np.bool_` here.
The aliases was originally deprecated in NumPy 1.20; for more details and guidance see the original release note at:
    https://numpy.org/devdocs/release/1.20.0-notes.html#deprecations
Traceback (most recent call last):
  File "/home/ryedida/bbo_challenge_starter_kit/example_submissions/hebo/optimizer_mace.py", line 145, in suggest
    model.fit(X, Xe, y)
  File "/home/ryedida/bbo_challenge_starter_kit/example_submissions/hebo/bo/models/gp/gpy_wgp.py", line 89, in fit
    self.gp.optimize_restarts(max_iters = self.num_epochs, messages = self.verbose, num_restarts = 10)
  File "/home/ryedida/.local/lib/python3.9/site-packages/paramz/model.py", line 182, in optimize_restarts
    raise e
  File "/home/ryedida/.local/lib/python3.9/site-packages/paramz/model.py", line 171, in optimize_restarts
    self.randomize()
  File "/home/ryedida/.local/lib/python3.9/site-packages/GPy/core/__init__.py", line 80, in randomize
    unfixlist = np.ones((self.size,),dtype=np.bool)
  File "/home/ryedida/.local/lib/python3.9/site-packages/numpy/__init__.py", line 305, in __getattr__
    raise AttributeError(__former_attrs__[attr])
AttributeError: module 'numpy' has no attribute 'bool'.
`np.bool` was a deprecated alias for the builtin `bool`. To avoid this error in existing code, use `bool` by itself. Doing this will not modify any behavior and is safe. If you specifically wanted the numpy scalar type, use `np.bool_` here.
The aliases was originally deprecated in NumPy 1.20; for more details and guidance see the original release note at:
    https://numpy.org/devdocs/release/1.20.0-notes.html#deprecations

During handling of the above exception, another exception occurred:

Traceback (most recent call last):
  File "/home/ryedida/.local/lib/python3.9/site-packages/bayesmark/experiment.py", line 126, in run_study
    next_points = optimizer.suggest(n_suggestions)
  File "/home/ryedida/bbo_challenge_starter_kit/example_submissions/hebo/optimizer_mace.py", line 155, in suggest
    model.fit(X, Xe, y)
  File "/home/ryedida/bbo_challenge_starter_kit/example_submissions/hebo/bo/models/gp/gpy_wgp.py", line 89, in fit
    self.gp.optimize_restarts(max_iters = self.num_epochs, messages = self.verbose, num_restarts = 10)
  File "/home/ryedida/.local/lib/python3.9/site-packages/paramz/model.py", line 182, in optimize_restarts
    raise e
  File "/home/ryedida/.local/lib/python3.9/site-packages/paramz/model.py", line 171, in optimize_restarts
    self.randomize()
  File "/home/ryedida/.local/lib/python3.9/site-packages/GPy/core/__init__.py", line 80, in randomize
    unfixlist = np.ones((self.size,),dtype=np.bool)
  File "/home/ryedida/.local/lib/python3.9/site-packages/numpy/__init__.py", line 305, in __getattr__
    raise AttributeError(__former_attrs__[attr])
AttributeError: module 'numpy' has no attribute 'bool'.
`np.bool` was a deprecated alias for the builtin `bool`. To avoid this error in existing code, use `bool` by itself. Doing this will not modify any behavior and is safe. If you specifically wanted the numpy scalar type, use `np.bool_` here.
The aliases was originally deprecated in NumPy 1.20; for more details and guidance see the original release note at:
    https://numpy.org/devdocs/release/1.20.0-notes.html#deprecations
suggestion time taken 0.343160 iter 10 next_points [{'alpha': 0.23055453831433198, 'batch_size': 39, 'beta_1': 0.9464982773158493, 'beta_2': 0.9873616782909632, 'epsilon': 6.8545216507466005e-09, 'hidden_layer_sizes': 114, 'learning_rate_init': 5.4732601223963536e-05, 'tol': 0.016340234214233435, 'validation_fraction': 0.11580019182826337}]
function_evaluation time 0.067473 value -0.324138 suggestion {'alpha': 0.23055453831433198, 'batch_size': 39, 'beta_1': 0.9464982773158493, 'beta_2': 0.9873616782909632, 'epsilon': 6.8545216507466005e-09, 'hidden_layer_sizes': 114, 'learning_rate_init': 5.4732601223963536e-05, 'tol': 0.016340234214233435, 'validation_fraction': 0.11580019182826337}
 /home/ryedida/bbo_challenge_starter_kit/example_submissions/hebo/optimizer_mace.py:237: FutureWarning:The frame.append method is deprecated and will be removed from pandas in a future version. Use pandas.concat instead.

observation time 0.002223, current best -0.604926 at iter 10
 /home/ryedida/.local/lib/python3.9/site-packages/GPy/core/__init__.py:80: FutureWarning:In the future `np.bool` will be defined as the corresponding NumPy scalar.

 /home/ryedida/.local/lib/python3.9/site-packages/GPy/core/__init__.py:80: FutureWarning:In the future `np.bool` will be defined as the corresponding NumPy scalar.

Failure in optimizer suggest. Falling back to random search.
module 'numpy' has no attribute 'bool'.
`np.bool` was a deprecated alias for the builtin `bool`. To avoid this error in existing code, use `bool` by itself. Doing this will not modify any behavior and is safe. If you specifically wanted the numpy scalar type, use `np.bool_` here.
The aliases was originally deprecated in NumPy 1.20; for more details and guidance see the original release note at:
    https://numpy.org/devdocs/release/1.20.0-notes.html#deprecations
Traceback (most recent call last):
  File "/home/ryedida/bbo_challenge_starter_kit/example_submissions/hebo/optimizer_mace.py", line 145, in suggest
    model.fit(X, Xe, y)
  File "/home/ryedida/bbo_challenge_starter_kit/example_submissions/hebo/bo/models/gp/gpy_wgp.py", line 89, in fit
    self.gp.optimize_restarts(max_iters = self.num_epochs, messages = self.verbose, num_restarts = 10)
  File "/home/ryedida/.local/lib/python3.9/site-packages/paramz/model.py", line 182, in optimize_restarts
    raise e
  File "/home/ryedida/.local/lib/python3.9/site-packages/paramz/model.py", line 171, in optimize_restarts
    self.randomize()
  File "/home/ryedida/.local/lib/python3.9/site-packages/GPy/core/__init__.py", line 80, in randomize
    unfixlist = np.ones((self.size,),dtype=np.bool)
  File "/home/ryedida/.local/lib/python3.9/site-packages/numpy/__init__.py", line 305, in __getattr__
    raise AttributeError(__former_attrs__[attr])
AttributeError: module 'numpy' has no attribute 'bool'.
`np.bool` was a deprecated alias for the builtin `bool`. To avoid this error in existing code, use `bool` by itself. Doing this will not modify any behavior and is safe. If you specifically wanted the numpy scalar type, use `np.bool_` here.
The aliases was originally deprecated in NumPy 1.20; for more details and guidance see the original release note at:
    https://numpy.org/devdocs/release/1.20.0-notes.html#deprecations

During handling of the above exception, another exception occurred:

Traceback (most recent call last):
  File "/home/ryedida/.local/lib/python3.9/site-packages/bayesmark/experiment.py", line 126, in run_study
    next_points = optimizer.suggest(n_suggestions)
  File "/home/ryedida/bbo_challenge_starter_kit/example_submissions/hebo/optimizer_mace.py", line 155, in suggest
    model.fit(X, Xe, y)
  File "/home/ryedida/bbo_challenge_starter_kit/example_submissions/hebo/bo/models/gp/gpy_wgp.py", line 89, in fit
    self.gp.optimize_restarts(max_iters = self.num_epochs, messages = self.verbose, num_restarts = 10)
  File "/home/ryedida/.local/lib/python3.9/site-packages/paramz/model.py", line 182, in optimize_restarts
    raise e
  File "/home/ryedida/.local/lib/python3.9/site-packages/paramz/model.py", line 171, in optimize_restarts
    self.randomize()
  File "/home/ryedida/.local/lib/python3.9/site-packages/GPy/core/__init__.py", line 80, in randomize
    unfixlist = np.ones((self.size,),dtype=np.bool)
  File "/home/ryedida/.local/lib/python3.9/site-packages/numpy/__init__.py", line 305, in __getattr__
    raise AttributeError(__former_attrs__[attr])
AttributeError: module 'numpy' has no attribute 'bool'.
`np.bool` was a deprecated alias for the builtin `bool`. To avoid this error in existing code, use `bool` by itself. Doing this will not modify any behavior and is safe. If you specifically wanted the numpy scalar type, use `np.bool_` here.
The aliases was originally deprecated in NumPy 1.20; for more details and guidance see the original release note at:
    https://numpy.org/devdocs/release/1.20.0-notes.html#deprecations
suggestion time taken 0.315740 iter 11 next_points [{'alpha': 0.7208548830819714, 'batch_size': 56, 'beta_1': 0.9860913385869862, 'beta_2': 0.9983652375262678, 'epsilon': 2.142509297366065e-08, 'hidden_layer_sizes': 136, 'learning_rate_init': 6.703886097235539e-05, 'tol': 0.0007084808462228297, 'validation_fraction': 0.746406092439074}]
 /home/ryedida/.local/lib/python3.9/site-packages/sklearn/neural_network/_multilayer_perceptron.py:605: UserWarning:Got `batch_size` less than 1 or larger than sample size. It is going to be clipped

function_evaluation time 0.065681 value -0.502709 suggestion {'alpha': 0.7208548830819714, 'batch_size': 56, 'beta_1': 0.9860913385869862, 'beta_2': 0.9983652375262678, 'epsilon': 2.142509297366065e-08, 'hidden_layer_sizes': 136, 'learning_rate_init': 6.703886097235539e-05, 'tol': 0.0007084808462228297, 'validation_fraction': 0.746406092439074}
 /home/ryedida/bbo_challenge_starter_kit/example_submissions/hebo/optimizer_mace.py:237: FutureWarning:The frame.append method is deprecated and will be removed from pandas in a future version. Use pandas.concat instead.

observation time 0.002259, current best -0.604926 at iter 11
 /home/ryedida/.local/lib/python3.9/site-packages/GPy/core/__init__.py:80: FutureWarning:In the future `np.bool` will be defined as the corresponding NumPy scalar.

 /home/ryedida/.local/lib/python3.9/site-packages/GPy/core/__init__.py:80: FutureWarning:In the future `np.bool` will be defined as the corresponding NumPy scalar.

Failure in optimizer suggest. Falling back to random search.
module 'numpy' has no attribute 'bool'.
`np.bool` was a deprecated alias for the builtin `bool`. To avoid this error in existing code, use `bool` by itself. Doing this will not modify any behavior and is safe. If you specifically wanted the numpy scalar type, use `np.bool_` here.
The aliases was originally deprecated in NumPy 1.20; for more details and guidance see the original release note at:
    https://numpy.org/devdocs/release/1.20.0-notes.html#deprecations
Traceback (most recent call last):
  File "/home/ryedida/bbo_challenge_starter_kit/example_submissions/hebo/optimizer_mace.py", line 145, in suggest
    model.fit(X, Xe, y)
  File "/home/ryedida/bbo_challenge_starter_kit/example_submissions/hebo/bo/models/gp/gpy_wgp.py", line 89, in fit
    self.gp.optimize_restarts(max_iters = self.num_epochs, messages = self.verbose, num_restarts = 10)
  File "/home/ryedida/.local/lib/python3.9/site-packages/paramz/model.py", line 182, in optimize_restarts
    raise e
  File "/home/ryedida/.local/lib/python3.9/site-packages/paramz/model.py", line 171, in optimize_restarts
    self.randomize()
  File "/home/ryedida/.local/lib/python3.9/site-packages/GPy/core/__init__.py", line 80, in randomize
    unfixlist = np.ones((self.size,),dtype=np.bool)
  File "/home/ryedida/.local/lib/python3.9/site-packages/numpy/__init__.py", line 305, in __getattr__
    raise AttributeError(__former_attrs__[attr])
AttributeError: module 'numpy' has no attribute 'bool'.
`np.bool` was a deprecated alias for the builtin `bool`. To avoid this error in existing code, use `bool` by itself. Doing this will not modify any behavior and is safe. If you specifically wanted the numpy scalar type, use `np.bool_` here.
The aliases was originally deprecated in NumPy 1.20; for more details and guidance see the original release note at:
    https://numpy.org/devdocs/release/1.20.0-notes.html#deprecations

During handling of the above exception, another exception occurred:

Traceback (most recent call last):
  File "/home/ryedida/.local/lib/python3.9/site-packages/bayesmark/experiment.py", line 126, in run_study
    next_points = optimizer.suggest(n_suggestions)
  File "/home/ryedida/bbo_challenge_starter_kit/example_submissions/hebo/optimizer_mace.py", line 155, in suggest
    model.fit(X, Xe, y)
  File "/home/ryedida/bbo_challenge_starter_kit/example_submissions/hebo/bo/models/gp/gpy_wgp.py", line 89, in fit
    self.gp.optimize_restarts(max_iters = self.num_epochs, messages = self.verbose, num_restarts = 10)
  File "/home/ryedida/.local/lib/python3.9/site-packages/paramz/model.py", line 182, in optimize_restarts
    raise e
  File "/home/ryedida/.local/lib/python3.9/site-packages/paramz/model.py", line 171, in optimize_restarts
    self.randomize()
  File "/home/ryedida/.local/lib/python3.9/site-packages/GPy/core/__init__.py", line 80, in randomize
    unfixlist = np.ones((self.size,),dtype=np.bool)
  File "/home/ryedida/.local/lib/python3.9/site-packages/numpy/__init__.py", line 305, in __getattr__
    raise AttributeError(__former_attrs__[attr])
AttributeError: module 'numpy' has no attribute 'bool'.
`np.bool` was a deprecated alias for the builtin `bool`. To avoid this error in existing code, use `bool` by itself. Doing this will not modify any behavior and is safe. If you specifically wanted the numpy scalar type, use `np.bool_` here.
The aliases was originally deprecated in NumPy 1.20; for more details and guidance see the original release note at:
    https://numpy.org/devdocs/release/1.20.0-notes.html#deprecations
suggestion time taken 0.421850 iter 12 next_points [{'alpha': 0.3996684457208305, 'batch_size': 179, 'beta_1': 0.9134261992348532, 'beta_2': 0.9616420955086966, 'epsilon': 9.037030718183522e-07, 'hidden_layer_sizes': 119, 'learning_rate_init': 0.00010854122460029157, 'tol': 0.0025732895406251014, 'validation_fraction': 0.8661934931119314}]
 /home/ryedida/.local/lib/python3.9/site-packages/sklearn/neural_network/_multilayer_perceptron.py:605: UserWarning:Got `batch_size` less than 1 or larger than sample size. It is going to be clipped

function_evaluation time 0.045107 value -0.359360 suggestion {'alpha': 0.3996684457208305, 'batch_size': 179, 'beta_1': 0.9134261992348532, 'beta_2': 0.9616420955086966, 'epsilon': 9.037030718183522e-07, 'hidden_layer_sizes': 119, 'learning_rate_init': 0.00010854122460029157, 'tol': 0.0025732895406251014, 'validation_fraction': 0.8661934931119314}
 /home/ryedida/bbo_challenge_starter_kit/example_submissions/hebo/optimizer_mace.py:237: FutureWarning:The frame.append method is deprecated and will be removed from pandas in a future version. Use pandas.concat instead.

observation time 0.002265, current best -0.604926 at iter 12
 /home/ryedida/.local/lib/python3.9/site-packages/GPy/core/__init__.py:80: FutureWarning:In the future `np.bool` will be defined as the corresponding NumPy scalar.

 /home/ryedida/.local/lib/python3.9/site-packages/GPy/core/__init__.py:80: FutureWarning:In the future `np.bool` will be defined as the corresponding NumPy scalar.

Failure in optimizer suggest. Falling back to random search.
module 'numpy' has no attribute 'bool'.
`np.bool` was a deprecated alias for the builtin `bool`. To avoid this error in existing code, use `bool` by itself. Doing this will not modify any behavior and is safe. If you specifically wanted the numpy scalar type, use `np.bool_` here.
The aliases was originally deprecated in NumPy 1.20; for more details and guidance see the original release note at:
    https://numpy.org/devdocs/release/1.20.0-notes.html#deprecations
Traceback (most recent call last):
  File "/home/ryedida/bbo_challenge_starter_kit/example_submissions/hebo/optimizer_mace.py", line 145, in suggest
    model.fit(X, Xe, y)
  File "/home/ryedida/bbo_challenge_starter_kit/example_submissions/hebo/bo/models/gp/gpy_wgp.py", line 89, in fit
    self.gp.optimize_restarts(max_iters = self.num_epochs, messages = self.verbose, num_restarts = 10)
  File "/home/ryedida/.local/lib/python3.9/site-packages/paramz/model.py", line 182, in optimize_restarts
    raise e
  File "/home/ryedida/.local/lib/python3.9/site-packages/paramz/model.py", line 171, in optimize_restarts
    self.randomize()
  File "/home/ryedida/.local/lib/python3.9/site-packages/GPy/core/__init__.py", line 80, in randomize
    unfixlist = np.ones((self.size,),dtype=np.bool)
  File "/home/ryedida/.local/lib/python3.9/site-packages/numpy/__init__.py", line 305, in __getattr__
    raise AttributeError(__former_attrs__[attr])
AttributeError: module 'numpy' has no attribute 'bool'.
`np.bool` was a deprecated alias for the builtin `bool`. To avoid this error in existing code, use `bool` by itself. Doing this will not modify any behavior and is safe. If you specifically wanted the numpy scalar type, use `np.bool_` here.
The aliases was originally deprecated in NumPy 1.20; for more details and guidance see the original release note at:
    https://numpy.org/devdocs/release/1.20.0-notes.html#deprecations

During handling of the above exception, another exception occurred:

Traceback (most recent call last):
  File "/home/ryedida/.local/lib/python3.9/site-packages/bayesmark/experiment.py", line 126, in run_study
    next_points = optimizer.suggest(n_suggestions)
  File "/home/ryedida/bbo_challenge_starter_kit/example_submissions/hebo/optimizer_mace.py", line 155, in suggest
    model.fit(X, Xe, y)
  File "/home/ryedida/bbo_challenge_starter_kit/example_submissions/hebo/bo/models/gp/gpy_wgp.py", line 89, in fit
    self.gp.optimize_restarts(max_iters = self.num_epochs, messages = self.verbose, num_restarts = 10)
  File "/home/ryedida/.local/lib/python3.9/site-packages/paramz/model.py", line 182, in optimize_restarts
    raise e
  File "/home/ryedida/.local/lib/python3.9/site-packages/paramz/model.py", line 171, in optimize_restarts
    self.randomize()
  File "/home/ryedida/.local/lib/python3.9/site-packages/GPy/core/__init__.py", line 80, in randomize
    unfixlist = np.ones((self.size,),dtype=np.bool)
  File "/home/ryedida/.local/lib/python3.9/site-packages/numpy/__init__.py", line 305, in __getattr__
    raise AttributeError(__former_attrs__[attr])
AttributeError: module 'numpy' has no attribute 'bool'.
`np.bool` was a deprecated alias for the builtin `bool`. To avoid this error in existing code, use `bool` by itself. Doing this will not modify any behavior and is safe. If you specifically wanted the numpy scalar type, use `np.bool_` here.
The aliases was originally deprecated in NumPy 1.20; for more details and guidance see the original release note at:
    https://numpy.org/devdocs/release/1.20.0-notes.html#deprecations
suggestion time taken 0.412979 iter 13 next_points [{'alpha': 0.019989388522261894, 'batch_size': 160, 'beta_1': 0.9267177867702853, 'beta_2': 0.9999852183760558, 'epsilon': 1.4734022439504402e-09, 'hidden_layer_sizes': 102, 'learning_rate_init': 0.002368098202458932, 'tol': 0.0003472224617703534, 'validation_fraction': 0.7428781581933572}]
 /home/ryedida/.local/lib/python3.9/site-packages/sklearn/neural_network/_multilayer_perceptron.py:605: UserWarning:Got `batch_size` less than 1 or larger than sample size. It is going to be clipped

function_evaluation time 0.133064 value -0.607635 suggestion {'alpha': 0.019989388522261894, 'batch_size': 160, 'beta_1': 0.9267177867702853, 'beta_2': 0.9999852183760558, 'epsilon': 1.4734022439504402e-09, 'hidden_layer_sizes': 102, 'learning_rate_init': 0.002368098202458932, 'tol': 0.0003472224617703534, 'validation_fraction': 0.7428781581933572}
 /home/ryedida/bbo_challenge_starter_kit/example_submissions/hebo/optimizer_mace.py:237: FutureWarning:The frame.append method is deprecated and will be removed from pandas in a future version. Use pandas.concat instead.

observation time 0.002223, current best -0.607635 at iter 13
 /home/ryedida/.local/lib/python3.9/site-packages/GPy/core/__init__.py:80: FutureWarning:In the future `np.bool` will be defined as the corresponding NumPy scalar.

 /home/ryedida/.local/lib/python3.9/site-packages/GPy/core/__init__.py:80: FutureWarning:In the future `np.bool` will be defined as the corresponding NumPy scalar.

Failure in optimizer suggest. Falling back to random search.
module 'numpy' has no attribute 'bool'.
`np.bool` was a deprecated alias for the builtin `bool`. To avoid this error in existing code, use `bool` by itself. Doing this will not modify any behavior and is safe. If you specifically wanted the numpy scalar type, use `np.bool_` here.
The aliases was originally deprecated in NumPy 1.20; for more details and guidance see the original release note at:
    https://numpy.org/devdocs/release/1.20.0-notes.html#deprecations
Traceback (most recent call last):
  File "/home/ryedida/bbo_challenge_starter_kit/example_submissions/hebo/optimizer_mace.py", line 145, in suggest
    model.fit(X, Xe, y)
  File "/home/ryedida/bbo_challenge_starter_kit/example_submissions/hebo/bo/models/gp/gpy_wgp.py", line 89, in fit
    self.gp.optimize_restarts(max_iters = self.num_epochs, messages = self.verbose, num_restarts = 10)
  File "/home/ryedida/.local/lib/python3.9/site-packages/paramz/model.py", line 182, in optimize_restarts
    raise e
  File "/home/ryedida/.local/lib/python3.9/site-packages/paramz/model.py", line 171, in optimize_restarts
    self.randomize()
  File "/home/ryedida/.local/lib/python3.9/site-packages/GPy/core/__init__.py", line 80, in randomize
    unfixlist = np.ones((self.size,),dtype=np.bool)
  File "/home/ryedida/.local/lib/python3.9/site-packages/numpy/__init__.py", line 305, in __getattr__
    raise AttributeError(__former_attrs__[attr])
AttributeError: module 'numpy' has no attribute 'bool'.
`np.bool` was a deprecated alias for the builtin `bool`. To avoid this error in existing code, use `bool` by itself. Doing this will not modify any behavior and is safe. If you specifically wanted the numpy scalar type, use `np.bool_` here.
The aliases was originally deprecated in NumPy 1.20; for more details and guidance see the original release note at:
    https://numpy.org/devdocs/release/1.20.0-notes.html#deprecations

During handling of the above exception, another exception occurred:

Traceback (most recent call last):
  File "/home/ryedida/.local/lib/python3.9/site-packages/bayesmark/experiment.py", line 126, in run_study
    next_points = optimizer.suggest(n_suggestions)
  File "/home/ryedida/bbo_challenge_starter_kit/example_submissions/hebo/optimizer_mace.py", line 155, in suggest
    model.fit(X, Xe, y)
  File "/home/ryedida/bbo_challenge_starter_kit/example_submissions/hebo/bo/models/gp/gpy_wgp.py", line 89, in fit
    self.gp.optimize_restarts(max_iters = self.num_epochs, messages = self.verbose, num_restarts = 10)
  File "/home/ryedida/.local/lib/python3.9/site-packages/paramz/model.py", line 182, in optimize_restarts
    raise e
  File "/home/ryedida/.local/lib/python3.9/site-packages/paramz/model.py", line 171, in optimize_restarts
    self.randomize()
  File "/home/ryedida/.local/lib/python3.9/site-packages/GPy/core/__init__.py", line 80, in randomize
    unfixlist = np.ones((self.size,),dtype=np.bool)
  File "/home/ryedida/.local/lib/python3.9/site-packages/numpy/__init__.py", line 305, in __getattr__
    raise AttributeError(__former_attrs__[attr])
AttributeError: module 'numpy' has no attribute 'bool'.
`np.bool` was a deprecated alias for the builtin `bool`. To avoid this error in existing code, use `bool` by itself. Doing this will not modify any behavior and is safe. If you specifically wanted the numpy scalar type, use `np.bool_` here.
The aliases was originally deprecated in NumPy 1.20; for more details and guidance see the original release note at:
    https://numpy.org/devdocs/release/1.20.0-notes.html#deprecations
suggestion time taken 0.405000 iter 14 next_points [{'alpha': 0.01816197204865272, 'batch_size': 234, 'beta_1': 0.699586385523523, 'beta_2': 0.9999875869356156, 'epsilon': 8.955366432171644e-09, 'hidden_layer_sizes': 163, 'learning_rate_init': 0.00029043302914555174, 'tol': 0.00017202291623765557, 'validation_fraction': 0.8356904622615069}]
 /home/ryedida/.local/lib/python3.9/site-packages/sklearn/neural_network/_multilayer_perceptron.py:605: UserWarning:Got `batch_size` less than 1 or larger than sample size. It is going to be clipped

function_evaluation time 0.052491 value -0.394581 suggestion {'alpha': 0.01816197204865272, 'batch_size': 234, 'beta_1': 0.699586385523523, 'beta_2': 0.9999875869356156, 'epsilon': 8.955366432171644e-09, 'hidden_layer_sizes': 163, 'learning_rate_init': 0.00029043302914555174, 'tol': 0.00017202291623765557, 'validation_fraction': 0.8356904622615069}
 /home/ryedida/bbo_challenge_starter_kit/example_submissions/hebo/optimizer_mace.py:237: FutureWarning:The frame.append method is deprecated and will be removed from pandas in a future version. Use pandas.concat instead.

observation time 0.002240, current best -0.607635 at iter 14
saving meta data: {'args': {'--uuid': '699a5bfd428e56cd9f7555da0a0f7015', '-db-root': '/home/ryedida/bbo_challenge_starter_kit/output', '--opt-root': '/home/ryedida/bbo_challenge_starter_kit/example_submissions', '--data-root': None, '--db': 'run_20230430_194925', '--opt': 'hebo', '--data': 'wine', '--classifier': 'MLP-adam', '--metric': 'acc', '--calls': 15, '--suggestions': 1, '--jobs-file': None, '--verbose': False, 'dry_run': False, 'rev': 'a376313', 'opt_rev': '0.0.8'}, 'signature': ([{'alpha': 0.019628224813442792, 'batch_size': 182, 'beta_1': 0.9410202200271762, 'beta_2': 0.9998021557676793, 'epsilon': 1.8662266976518e-08, 'hidden_layer_sizes': 147, 'learning_rate_init': 0.0005627932047415167, 'tol': 0.03690557729213761, 'validation_fraction': 0.8846827852548593}, {'alpha': 0.0019982467392329444, 'batch_size': 200, 'beta_1': 0.919111482530466, 'beta_2': 0.9998488260436156, 'epsilon': 5.981221901152555e-07, 'hidden_layer_sizes': 61, 'learning_rate_init': 2.2310905607443014e-05, 'tol': 1.2046852412030316e-05, 'validation_fraction': 0.8117896445826539}, {'alpha': 0.46659545670218433, 'batch_size': 219, 'beta_1': 0.9889789783750891, 'beta_2': 0.9999896868093284, 'epsilon': 2.4234724484675948e-08, 'hidden_layer_sizes': 167, 'learning_rate_init': 2.972334644335654e-05, 'tol': 0.0036281404040243792, 'validation_fraction': 0.17260651658522078}, {'alpha': 4.656005689076002, 'batch_size': 135, 'beta_1': 0.870503881627747, 'beta_2': 0.9948873266941017, 'epsilon': 2.1023308743480125e-07, 'hidden_layer_sizes': 118, 'learning_rate_init': 0.0018781738757161913, 'tol': 1.1889379831773004e-05, 'validation_fraction': 0.6264327093752792}, {'alpha': 0.04705159350400542, 'batch_size': 158, 'beta_1': 0.9870884262730957, 'beta_2': 0.9999596874382349, 'epsilon': 1.1981845126013875e-08, 'hidden_layer_sizes': 116, 'learning_rate_init': 0.00617340520407431, 'tol': 1.741413418158619e-05, 'validation_fraction': 0.6754299026638921}], [-0.4359605911330049, -0.3169950738916256, -0.3312807881773399, -0.6620689655172413, -0.5017241379310344])}
saving results
saving timing
saving suggest log
done
