running: {'--uuid': 'f5253826fb4055d3988c5a789afc4605', '-db-root': '/home/ryedida/bbo_challenge_starter_kit/output', '--opt-root': '/home/ryedida/bbo_challenge_starter_kit/example_submissions', '--data-root': None, '--db': 'run_20230430_194925', '--opt': 'smoothness', '--data': 'wine', '--classifier': 'MLP-adam', '--metric': 'acc', '--calls': 15, '--suggestions': 1, '--jobs-file': None, '--verbose': False, 'dry_run': False, 'rev': 'a376313', 'opt_rev': 'x.x.x'}
cmd: python smoothness/optimizer.py -c MLP-adam -d wine -o smoothness -u f5253826fb4055d3988c5a789afc4605 -m acc -n 15 -p 1 -dir /home/ryedida/bbo_challenge_starter_kit/output -b run_20230430_194925
/home/ryedida/.local/lib/python3.9/site-packages/sklearn/neural_network/_multilayer_perceptron.py:605: UserWarning: Got `batch_size` less than 1 or larger than sample size. It is going to be clipped
  warnings.warn(

/home/ryedida/.local/lib/python3.9/site-packages/sklearn/neural_network/_multilayer_perceptron.py:605: UserWarning: Got `batch_size` less than 1 or larger than sample size. It is going to be clipped
  warnings.warn(

/home/ryedida/.local/lib/python3.9/site-packages/sklearn/neural_network/_multilayer_perceptron.py:605: UserWarning: Got `batch_size` less than 1 or larger than sample size. It is going to be clipped
  warnings.warn(

/home/ryedida/.local/lib/python3.9/site-packages/sklearn/neural_network/_multilayer_perceptron.py:605: UserWarning: Got `batch_size` less than 1 or larger than sample size. It is going to be clipped
  warnings.warn(

/home/ryedida/.local/lib/python3.9/site-packages/sklearn/neural_network/_multilayer_perceptron.py:605: UserWarning: Got `batch_size` less than 1 or larger than sample size. It is going to be clipped
  warnings.warn(

computed signature: ([{'alpha': 0.019628224813442792, 'batch_size': 182, 'beta_1': 0.9410202200271762, 'beta_2': 0.9998021557676793, 'epsilon': 1.8662266976518e-08, 'hidden_layer_sizes': 147, 'learning_rate_init': 0.0005627932047415167, 'tol': 0.03690557729213761, 'validation_fraction': 0.8846827852548593}, {'alpha': 0.0019982467392329444, 'batch_size': 200, 'beta_1': 0.919111482530466, 'beta_2': 0.9998488260436156, 'epsilon': 5.981221901152555e-07, 'hidden_layer_sizes': 61, 'learning_rate_init': 2.2310905607443014e-05, 'tol': 1.2046852412030316e-05, 'validation_fraction': 0.8117896445826539}, {'alpha': 0.46659545670218433, 'batch_size': 219, 'beta_1': 0.9889789783750891, 'beta_2': 0.9999896868093284, 'epsilon': 2.4234724484675948e-08, 'hidden_layer_sizes': 167, 'learning_rate_init': 2.972334644335654e-05, 'tol': 0.0036281404040243792, 'validation_fraction': 0.17260651658522078}, {'alpha': 4.656005689076002, 'batch_size': 135, 'beta_1': 0.870503881627747, 'beta_2': 0.9948873266941017, 'epsilon': 2.1023308743480125e-07, 'hidden_layer_sizes': 118, 'learning_rate_init': 0.0018781738757161913, 'tol': 1.1889379831773004e-05, 'validation_fraction': 0.6264327093752792}, {'alpha': 0.04705159350400542, 'batch_size': 158, 'beta_1': 0.9870884262730957, 'beta_2': 0.9999596874382349, 'epsilon': 1.1981845126013875e-08, 'hidden_layer_sizes': 116, 'learning_rate_init': 0.00617340520407431, 'tol': 1.741413418158619e-05, 'validation_fraction': 0.6754299026638921}], [-0.4359605911330049, -0.3169950738916256, -0.3312807881773399, -0.6620689655172413, -0.5017241379310344])
Signature errors:
                     0    1    2    3    4  max
MLP-adam_wine_acc  0.0  0.0  0.0  0.0  0.0  0.0
max                0.0  0.0  0.0  0.0  0.0  0.0
starting sklearn study smoothness MLP-adam wine acc 15 1
with data root: None
suggestion time taken 9.514516 iter 0 next_points [{'alpha': 0.01693390468694934, 'batch_size': 24, 'beta_1': 0.980845914760933, 'beta_2': 0.9999982074094351, 'epsilon': 2.6564741016867232e-08, 'hidden_layer_sizes': 56, 'learning_rate_init': 0.0025339003463817128, 'tol': 3.06200821247184e-05, 'validation_fraction': 0.4417140585223476}]
function_evaluation time 0.188651 value -0.633990 suggestion {'alpha': 0.01693390468694934, 'batch_size': 24, 'beta_1': 0.980845914760933, 'beta_2': 0.9999982074094351, 'epsilon': 2.6564741016867232e-08, 'hidden_layer_sizes': 56, 'learning_rate_init': 0.0025339003463817128, 'tol': 3.06200821247184e-05, 'validation_fraction': 0.4417140585223476}
observation time 0.000006, current best -0.633990 at iter 0
suggestion time taken 9.318803 iter 1 next_points [{'alpha': 0.07826580581950629, 'batch_size': 24, 'beta_1': 0.8854034982273732, 'beta_2': 0.9357887931119273, 'epsilon': 3.1830414282271524e-07, 'hidden_layer_sizes': 67, 'learning_rate_init': 0.0004882851676937397, 'tol': 0.0003577524834846415, 'validation_fraction': 0.3318488380773354}]
function_evaluation time 0.105670 value -0.496798 suggestion {'alpha': 0.07826580581950629, 'batch_size': 24, 'beta_1': 0.8854034982273732, 'beta_2': 0.9357887931119273, 'epsilon': 3.1830414282271524e-07, 'hidden_layer_sizes': 67, 'learning_rate_init': 0.0004882851676937397, 'tol': 0.0003577524834846415, 'validation_fraction': 0.3318488380773354}
observation time 0.000006, current best -0.633990 at iter 1
suggestion time taken 9.383572 iter 2 next_points [{'alpha': 0.09889116909031578, 'batch_size': 27, 'beta_1': 0.7364512276380943, 'beta_2': 0.9670200497448465, 'epsilon': 2.808756135677028e-08, 'hidden_layer_sizes': 51, 'learning_rate_init': 0.008253415767763709, 'tol': 0.004910215790216273, 'validation_fraction': 0.6330631370556503}]
function_evaluation time 0.165335 value -0.824877 suggestion {'alpha': 0.09889116909031578, 'batch_size': 27, 'beta_1': 0.7364512276380943, 'beta_2': 0.9670200497448465, 'epsilon': 2.808756135677028e-08, 'hidden_layer_sizes': 51, 'learning_rate_init': 0.008253415767763709, 'tol': 0.004910215790216273, 'validation_fraction': 0.6330631370556503}
observation time 0.000006, current best -0.824877 at iter 2
suggestion time taken 9.606923 iter 3 next_points [{'alpha': 1.9780216700880093e-05, 'batch_size': 25, 'beta_1': 0.9476157730113821, 'beta_2': 0.9995053646937796, 'epsilon': 1.9975962775425564e-08, 'hidden_layer_sizes': 132, 'learning_rate_init': 0.002268052390813564, 'tol': 0.003420917428998277, 'validation_fraction': 0.2825590109486212}]
function_evaluation time 0.227144 value -0.824138 suggestion {'alpha': 1.9780216700880093e-05, 'batch_size': 25, 'beta_1': 0.9476157730113821, 'beta_2': 0.9995053646937796, 'epsilon': 1.9975962775425564e-08, 'hidden_layer_sizes': 132, 'learning_rate_init': 0.002268052390813564, 'tol': 0.003420917428998277, 'validation_fraction': 0.2825590109486212}
observation time 0.000006, current best -0.824877 at iter 3
suggestion time taken 9.429744 iter 4 next_points [{'alpha': 0.0005494472408862475, 'batch_size': 11, 'beta_1': 0.9611913974562403, 'beta_2': 0.9999247537314082, 'epsilon': 3.786623999394671e-09, 'hidden_layer_sizes': 61, 'learning_rate_init': 2.0351699343802248e-05, 'tol': 0.0001486302769238112, 'validation_fraction': 0.6322086081752637}]
function_evaluation time 0.074366 value -0.372414 suggestion {'alpha': 0.0005494472408862475, 'batch_size': 11, 'beta_1': 0.9611913974562403, 'beta_2': 0.9999247537314082, 'epsilon': 3.786623999394671e-09, 'hidden_layer_sizes': 61, 'learning_rate_init': 2.0351699343802248e-05, 'tol': 0.0001486302769238112, 'validation_fraction': 0.6322086081752637}
observation time 0.000006, current best -0.824877 at iter 4
suggestion time taken 9.311415 iter 5 next_points [{'alpha': 0.17695822499351366, 'batch_size': 18, 'beta_1': 0.8212322547528743, 'beta_2': 0.9997649971070093, 'epsilon': 1.689674810718873e-08, 'hidden_layer_sizes': 134, 'learning_rate_init': 0.0002122160336754189, 'tol': 1.8841922647294935e-05, 'validation_fraction': 0.7125168877785677}]
function_evaluation time 0.132908 value -0.374138 suggestion {'alpha': 0.17695822499351366, 'batch_size': 18, 'beta_1': 0.8212322547528743, 'beta_2': 0.9997649971070093, 'epsilon': 1.689674810718873e-08, 'hidden_layer_sizes': 134, 'learning_rate_init': 0.0002122160336754189, 'tol': 1.8841922647294935e-05, 'validation_fraction': 0.7125168877785677}
observation time 0.000005, current best -0.824877 at iter 5
suggestion time taken 9.279647 iter 6 next_points [{'alpha': 2.9781891029142202, 'batch_size': 19, 'beta_1': 0.6142595176932, 'beta_2': 0.9886454564883412, 'epsilon': 3.6928771431146488e-09, 'hidden_layer_sizes': 118, 'learning_rate_init': 0.0077313002839898125, 'tol': 0.034811814297869, 'validation_fraction': 0.6308503408340025}]
function_evaluation time 0.127040 value -0.684975 suggestion {'alpha': 2.9781891029142202, 'batch_size': 19, 'beta_1': 0.6142595176932, 'beta_2': 0.9886454564883412, 'epsilon': 3.6928771431146488e-09, 'hidden_layer_sizes': 118, 'learning_rate_init': 0.0077313002839898125, 'tol': 0.034811814297869, 'validation_fraction': 0.6308503408340025}
observation time 0.000005, current best -0.824877 at iter 6
suggestion time taken 9.311544 iter 7 next_points [{'alpha': 0.060582869330002946, 'batch_size': 37, 'beta_1': 0.9647739813995497, 'beta_2': 0.982251850361729, 'epsilon': 1.645250730218254e-07, 'hidden_layer_sizes': 62, 'learning_rate_init': 0.004885651709046752, 'tol': 0.01868286411885839, 'validation_fraction': 0.8617570022954867}]
/home/ryedida/.local/lib/python3.9/site-packages/sklearn/neural_network/_multilayer_perceptron.py:605: UserWarning: Got `batch_size` less than 1 or larger than sample size. It is going to be clipped
  warnings.warn(

function_evaluation time 0.060912 value -0.471921 suggestion {'alpha': 0.060582869330002946, 'batch_size': 37, 'beta_1': 0.9647739813995497, 'beta_2': 0.982251850361729, 'epsilon': 1.645250730218254e-07, 'hidden_layer_sizes': 62, 'learning_rate_init': 0.004885651709046752, 'tol': 0.01868286411885839, 'validation_fraction': 0.8617570022954867}
observation time 0.000005, current best -0.824877 at iter 7
suggestion time taken 9.287732 iter 8 next_points [{'alpha': 0.00017134934235815563, 'batch_size': 24, 'beta_1': 0.9446468834544132, 'beta_2': 0.9941459083195262, 'epsilon': 1.6941936970418394e-09, 'hidden_layer_sizes': 192, 'learning_rate_init': 0.00039734174716308434, 'tol': 0.001787859407572191, 'validation_fraction': 0.10718532047070525}]
function_evaluation time 0.206577 value -0.668966 suggestion {'alpha': 0.00017134934235815563, 'batch_size': 24, 'beta_1': 0.9446468834544132, 'beta_2': 0.9941459083195262, 'epsilon': 1.6941936970418394e-09, 'hidden_layer_sizes': 192, 'learning_rate_init': 0.00039734174716308434, 'tol': 0.001787859407572191, 'validation_fraction': 0.10718532047070525}
observation time 0.000006, current best -0.824877 at iter 8
suggestion time taken 9.284037 iter 9 next_points [{'alpha': 0.1969277003115284, 'batch_size': 36, 'beta_1': 0.7835693436797441, 'beta_2': 0.9999890091139971, 'epsilon': 2.884487107912375e-09, 'hidden_layer_sizes': 80, 'learning_rate_init': 3.466640506716523e-05, 'tol': 0.0017689175756870194, 'validation_fraction': 0.24000233434436966}]
function_evaluation time 0.066643 value -0.373153 suggestion {'alpha': 0.1969277003115284, 'batch_size': 36, 'beta_1': 0.7835693436797441, 'beta_2': 0.9999890091139971, 'epsilon': 2.884487107912375e-09, 'hidden_layer_sizes': 80, 'learning_rate_init': 3.466640506716523e-05, 'tol': 0.0017689175756870194, 'validation_fraction': 0.24000233434436966}
observation time 0.000006, current best -0.824877 at iter 9
suggestion time taken 9.305128 iter 10 next_points [{'alpha': 3.511098844149721e-05, 'batch_size': 19, 'beta_1': 0.9677598332936175, 'beta_2': 0.9999983221326937, 'epsilon': 2.7730973409495057e-07, 'hidden_layer_sizes': 119, 'learning_rate_init': 0.0005522144929788741, 'tol': 0.0026074547974586884, 'validation_fraction': 0.8529829851071163}]
function_evaluation time 0.067883 value -0.373645 suggestion {'alpha': 3.511098844149721e-05, 'batch_size': 19, 'beta_1': 0.9677598332936175, 'beta_2': 0.9999983221326937, 'epsilon': 2.7730973409495057e-07, 'hidden_layer_sizes': 119, 'learning_rate_init': 0.0005522144929788741, 'tol': 0.0026074547974586884, 'validation_fraction': 0.8529829851071163}
observation time 0.000006, current best -0.824877 at iter 10
suggestion time taken 9.328273 iter 11 next_points [{'alpha': 0.08147460447205342, 'batch_size': 22, 'beta_1': 0.9783469934000536, 'beta_2': 0.9992865757244561, 'epsilon': 5.0213699417610706e-09, 'hidden_layer_sizes': 110, 'learning_rate_init': 1.3000145596618452e-05, 'tol': 1.70339964741512e-05, 'validation_fraction': 0.4144544806051418}]
function_evaluation time 0.068992 value -0.280788 suggestion {'alpha': 0.08147460447205342, 'batch_size': 22, 'beta_1': 0.9783469934000536, 'beta_2': 0.9992865757244561, 'epsilon': 5.0213699417610706e-09, 'hidden_layer_sizes': 110, 'learning_rate_init': 1.3000145596618452e-05, 'tol': 1.70339964741512e-05, 'validation_fraction': 0.4144544806051418}
observation time 0.000006, current best -0.824877 at iter 11
suggestion time taken 9.375860 iter 12 next_points [{'alpha': 0.00020031543284547293, 'batch_size': 24, 'beta_1': 0.7220186275718864, 'beta_2': 0.9999926294498112, 'epsilon': 9.352881158361938e-09, 'hidden_layer_sizes': 83, 'learning_rate_init': 0.0003969312235738369, 'tol': 0.001294366373348614, 'validation_fraction': 0.6021372098960474}]
function_evaluation time 0.113877 value -0.502217 suggestion {'alpha': 0.00020031543284547293, 'batch_size': 24, 'beta_1': 0.7220186275718864, 'beta_2': 0.9999926294498112, 'epsilon': 9.352881158361938e-09, 'hidden_layer_sizes': 83, 'learning_rate_init': 0.0003969312235738369, 'tol': 0.001294366373348614, 'validation_fraction': 0.6021372098960474}
observation time 0.000006, current best -0.824877 at iter 12
suggestion time taken 9.344358 iter 13 next_points [{'alpha': 0.4222064164857021, 'batch_size': 46, 'beta_1': 0.8526565212502891, 'beta_2': 0.998731589013815, 'epsilon': 3.201082823960734e-08, 'hidden_layer_sizes': 56, 'learning_rate_init': 1.767873669736152e-05, 'tol': 0.00022073609600982506, 'validation_fraction': 0.6783053530695823}]
/home/ryedida/.local/lib/python3.9/site-packages/sklearn/neural_network/_multilayer_perceptron.py:605: UserWarning: Got `batch_size` less than 1 or larger than sample size. It is going to be clipped
  warnings.warn(

function_evaluation time 0.047033 value -0.337931 suggestion {'alpha': 0.4222064164857021, 'batch_size': 46, 'beta_1': 0.8526565212502891, 'beta_2': 0.998731589013815, 'epsilon': 3.201082823960734e-08, 'hidden_layer_sizes': 56, 'learning_rate_init': 1.767873669736152e-05, 'tol': 0.00022073609600982506, 'validation_fraction': 0.6783053530695823}
observation time 0.000005, current best -0.824877 at iter 13
suggestion time taken 9.440240 iter 14 next_points [{'alpha': 0.02819075738738628, 'batch_size': 22, 'beta_1': 0.6216062219618328, 'beta_2': 0.9652176860852025, 'epsilon': 1.4599018234477356e-07, 'hidden_layer_sizes': 76, 'learning_rate_init': 0.00012770880118819075, 'tol': 0.020436424895964755, 'validation_fraction': 0.7447280297798173}]
function_evaluation time 0.055664 value -0.324138 suggestion {'alpha': 0.02819075738738628, 'batch_size': 22, 'beta_1': 0.6216062219618328, 'beta_2': 0.9652176860852025, 'epsilon': 1.4599018234477356e-07, 'hidden_layer_sizes': 76, 'learning_rate_init': 0.00012770880118819075, 'tol': 0.020436424895964755, 'validation_fraction': 0.7447280297798173}
observation time 0.000006, current best -0.824877 at iter 14
saving meta data: {'args': {'--uuid': 'f5253826fb4055d3988c5a789afc4605', '-db-root': '/home/ryedida/bbo_challenge_starter_kit/output', '--opt-root': '/home/ryedida/bbo_challenge_starter_kit/example_submissions', '--data-root': None, '--db': 'run_20230430_194925', '--opt': 'smoothness', '--data': 'wine', '--classifier': 'MLP-adam', '--metric': 'acc', '--calls': 15, '--suggestions': 1, '--jobs-file': None, '--verbose': False, 'dry_run': False, 'rev': 'a376313', 'opt_rev': 'x.x.x'}, 'signature': ([{'alpha': 0.019628224813442792, 'batch_size': 182, 'beta_1': 0.9410202200271762, 'beta_2': 0.9998021557676793, 'epsilon': 1.8662266976518e-08, 'hidden_layer_sizes': 147, 'learning_rate_init': 0.0005627932047415167, 'tol': 0.03690557729213761, 'validation_fraction': 0.8846827852548593}, {'alpha': 0.0019982467392329444, 'batch_size': 200, 'beta_1': 0.919111482530466, 'beta_2': 0.9998488260436156, 'epsilon': 5.981221901152555e-07, 'hidden_layer_sizes': 61, 'learning_rate_init': 2.2310905607443014e-05, 'tol': 1.2046852412030316e-05, 'validation_fraction': 0.8117896445826539}, {'alpha': 0.46659545670218433, 'batch_size': 219, 'beta_1': 0.9889789783750891, 'beta_2': 0.9999896868093284, 'epsilon': 2.4234724484675948e-08, 'hidden_layer_sizes': 167, 'learning_rate_init': 2.972334644335654e-05, 'tol': 0.0036281404040243792, 'validation_fraction': 0.17260651658522078}, {'alpha': 4.656005689076002, 'batch_size': 135, 'beta_1': 0.870503881627747, 'beta_2': 0.9948873266941017, 'epsilon': 2.1023308743480125e-07, 'hidden_layer_sizes': 118, 'learning_rate_init': 0.0018781738757161913, 'tol': 1.1889379831773004e-05, 'validation_fraction': 0.6264327093752792}, {'alpha': 0.04705159350400542, 'batch_size': 158, 'beta_1': 0.9870884262730957, 'beta_2': 0.9999596874382349, 'epsilon': 1.1981845126013875e-08, 'hidden_layer_sizes': 116, 'learning_rate_init': 0.00617340520407431, 'tol': 1.741413418158619e-05, 'validation_fraction': 0.6754299026638921}], [-0.4359605911330049, -0.3169950738916256, -0.3312807881773399, -0.6620689655172413, -0.5017241379310344])}
saving results
saving timing
saving suggest log
done
