running: {'--uuid': '1a58a5e80b1b5e02a78959465a181f68', '-db-root': '/home/ryedida/bbo_challenge_starter_kit/output', '--opt-root': '/home/ryedida/bbo_challenge_starter_kit/example_submissions', '--data-root': None, '--db': 'run_20230407_081712', '--opt': 'skopt', '--data': 'digits', '--classifier': 'MLP-adam', '--metric': 'acc', '--calls': 15, '--suggestions': 1, '--jobs-file': None, '--verbose': False, 'dry_run': False, 'rev': 'a376313', 'opt_rev': '0.9.0'}
cmd: python skopt/optimizer.py -c MLP-adam -d digits -o skopt -u 1a58a5e80b1b5e02a78959465a181f68 -m acc -n 15 -p 1 -dir /home/ryedida/bbo_challenge_starter_kit/output -b run_20230407_081712
/home/ryedida/.local/lib/python3.9/site-packages/sklearn/neural_network/_multilayer_perceptron.py:605: UserWarning: Got `batch_size` less than 1 or larger than sample size. It is going to be clipped
  warnings.warn(

/home/ryedida/.local/lib/python3.9/site-packages/sklearn/neural_network/_multilayer_perceptron.py:686: ConvergenceWarning: Stochastic Optimizer: Maximum iterations (200) reached and the optimization hasn't converged yet.
  warnings.warn(

computed signature: ([{'alpha': 0.019628224813442792, 'batch_size': 182, 'beta_1': 0.9410202200271762, 'beta_2': 0.9998021557676793, 'epsilon': 1.8662266976518e-08, 'hidden_layer_sizes': 147, 'learning_rate_init': 0.0005627932047415167, 'tol': 0.03690557729213761, 'validation_fraction': 0.8846827852548593}, {'alpha': 0.0019982467392329444, 'batch_size': 200, 'beta_1': 0.919111482530466, 'beta_2': 0.9998488260436156, 'epsilon': 5.981221901152555e-07, 'hidden_layer_sizes': 61, 'learning_rate_init': 2.2310905607443014e-05, 'tol': 1.2046852412030316e-05, 'validation_fraction': 0.8117896445826539}, {'alpha': 0.46659545670218433, 'batch_size': 219, 'beta_1': 0.9889789783750891, 'beta_2': 0.9999896868093284, 'epsilon': 2.4234724484675948e-08, 'hidden_layer_sizes': 167, 'learning_rate_init': 2.972334644335654e-05, 'tol': 0.0036281404040243792, 'validation_fraction': 0.17260651658522078}, {'alpha': 4.656005689076002, 'batch_size': 135, 'beta_1': 0.870503881627747, 'beta_2': 0.9948873266941017, 'epsilon': 2.1023308743480125e-07, 'hidden_layer_sizes': 118, 'learning_rate_init': 0.0018781738757161913, 'tol': 1.1889379831773004e-05, 'validation_fraction': 0.6264327093752792}, {'alpha': 0.04705159350400542, 'batch_size': 158, 'beta_1': 0.9870884262730957, 'beta_2': 0.9999596874382349, 'epsilon': 1.1981845126013875e-08, 'hidden_layer_sizes': 116, 'learning_rate_init': 0.00617340520407431, 'tol': 1.741413418158619e-05, 'validation_fraction': 0.6754299026638921}], [-0.21081107239643826, -0.1295489740611692, -0.27999177313201706, -0.9422522260936896, -0.9332050909794812])
/home/ryedida/.local/lib/python3.9/site-packages/bayesmark/signatures.py:85: RuntimeWarning: Signature diverged on MLP-adam_digits_acc betwen [-0.2181506  -0.12954897 -0.42701514 -0.94997127 -0.93320509] and [-0.21081107 -0.11575494 -0.27999177 -0.94225223 -0.93253861]
  warnings.warn(

Signature errors:
                           0         1         2         3         4       max
MLP-adam_digits_acc  0.00734  0.013794  0.147023  0.007719  0.000666  0.147023
max                  0.00734  0.013794  0.147023  0.007719  0.000666  0.147023
starting sklearn study skopt MLP-adam digits acc 15 1
with data root: None
Failure in optimizer suggest. Falling back to random search.
module 'numpy' has no attribute 'int'.
`np.int` was a deprecated alias for the builtin `int`. To avoid this error in existing code, use `int` by itself. Doing this will not modify any behavior and is safe. When replacing `np.int`, you may wish to use e.g. `np.int64` or `np.int32` to specify the precision. If you wish to review your current use, check the release note link for additional information.
The aliases was originally deprecated in NumPy 1.20; for more details and guidance see the original release note at:
    https://numpy.org/devdocs/release/1.20.0-notes.html#deprecations
Traceback (most recent call last):
  File "/home/ryedida/.local/lib/python3.9/site-packages/bayesmark/experiment.py", line 126, in run_study
    next_points = optimizer.suggest(n_suggestions)
  File "/home/ryedida/bbo_challenge_starter_kit/example_submissions/skopt/optimizer.py", line 116, in suggest
    next_guess = self.skopt.ask(n_points=n_suggestions)
  File "/home/ryedida/.local/lib/python3.9/site-packages/skopt/optimizer/optimizer.py", line 395, in ask
    x = opt.ask()
  File "/home/ryedida/.local/lib/python3.9/site-packages/skopt/optimizer/optimizer.py", line 367, in ask
    return self._ask()
  File "/home/ryedida/.local/lib/python3.9/site-packages/skopt/optimizer/optimizer.py", line 434, in _ask
    return self.space.rvs(random_state=self.rng)[0]
  File "/home/ryedida/.local/lib/python3.9/site-packages/skopt/space/space.py", line 900, in rvs
    columns.append(dim.rvs(n_samples=n_samples, random_state=rng))
  File "/home/ryedida/.local/lib/python3.9/site-packages/skopt/space/space.py", line 158, in rvs
    return self.inverse_transform(samples)
  File "/home/ryedida/.local/lib/python3.9/site-packages/skopt/space/space.py", line 528, in inverse_transform
    inv_transform = super(Integer, self).inverse_transform(Xt)
  File "/home/ryedida/.local/lib/python3.9/site-packages/skopt/space/space.py", line 168, in inverse_transform
    return self.transformer.inverse_transform(Xt)
  File "/home/ryedida/.local/lib/python3.9/site-packages/skopt/space/transformers.py", line 309, in inverse_transform
    X = transformer.inverse_transform(X)
  File "/home/ryedida/.local/lib/python3.9/site-packages/skopt/space/transformers.py", line 275, in inverse_transform
    return np.round(X_orig).astype(np.int)
  File "/home/ryedida/.local/lib/python3.9/site-packages/numpy/__init__.py", line 305, in __getattr__
    raise AttributeError(__former_attrs__[attr])
AttributeError: module 'numpy' has no attribute 'int'.
`np.int` was a deprecated alias for the builtin `int`. To avoid this error in existing code, use `int` by itself. Doing this will not modify any behavior and is safe. When replacing `np.int`, you may wish to use e.g. `np.int64` or `np.int32` to specify the precision. If you wish to review your current use, check the release note link for additional information.
The aliases was originally deprecated in NumPy 1.20; for more details and guidance see the original release note at:
    https://numpy.org/devdocs/release/1.20.0-notes.html#deprecations
suggestion time taken 0.004135 iter 0 next_points [{'alpha': 0.0002418386620196121, 'batch_size': 179, 'beta_1': 0.8188692864140101, 'beta_2': 0.9046972448317383, 'epsilon': 3.165343398664818e-07, 'hidden_layer_sizes': 134, 'learning_rate_init': 0.0037388632088962547, 'tol': 0.0010142642242911145, 'validation_fraction': 0.49371241106191227}]
function_evaluation time 0.984774 value -0.962427 suggestion {'alpha': 0.0002418386620196121, 'batch_size': 179, 'beta_1': 0.8188692864140101, 'beta_2': 0.9046972448317383, 'epsilon': 3.165343398664818e-07, 'hidden_layer_sizes': 134, 'learning_rate_init': 0.0037388632088962547, 'tol': 0.0010142642242911145, 'validation_fraction': 0.49371241106191227}
observation time 0.000160, current best -0.962427 at iter 0
Failure in optimizer suggest. Falling back to random search.
module 'numpy' has no attribute 'int'.
`np.int` was a deprecated alias for the builtin `int`. To avoid this error in existing code, use `int` by itself. Doing this will not modify any behavior and is safe. When replacing `np.int`, you may wish to use e.g. `np.int64` or `np.int32` to specify the precision. If you wish to review your current use, check the release note link for additional information.
The aliases was originally deprecated in NumPy 1.20; for more details and guidance see the original release note at:
    https://numpy.org/devdocs/release/1.20.0-notes.html#deprecations
Traceback (most recent call last):
  File "/home/ryedida/.local/lib/python3.9/site-packages/bayesmark/experiment.py", line 126, in run_study
    next_points = optimizer.suggest(n_suggestions)
  File "/home/ryedida/bbo_challenge_starter_kit/example_submissions/skopt/optimizer.py", line 116, in suggest
    next_guess = self.skopt.ask(n_points=n_suggestions)
  File "/home/ryedida/.local/lib/python3.9/site-packages/skopt/optimizer/optimizer.py", line 395, in ask
    x = opt.ask()
  File "/home/ryedida/.local/lib/python3.9/site-packages/skopt/optimizer/optimizer.py", line 367, in ask
    return self._ask()
  File "/home/ryedida/.local/lib/python3.9/site-packages/skopt/optimizer/optimizer.py", line 434, in _ask
    return self.space.rvs(random_state=self.rng)[0]
  File "/home/ryedida/.local/lib/python3.9/site-packages/skopt/space/space.py", line 900, in rvs
    columns.append(dim.rvs(n_samples=n_samples, random_state=rng))
  File "/home/ryedida/.local/lib/python3.9/site-packages/skopt/space/space.py", line 158, in rvs
    return self.inverse_transform(samples)
  File "/home/ryedida/.local/lib/python3.9/site-packages/skopt/space/space.py", line 528, in inverse_transform
    inv_transform = super(Integer, self).inverse_transform(Xt)
  File "/home/ryedida/.local/lib/python3.9/site-packages/skopt/space/space.py", line 168, in inverse_transform
    return self.transformer.inverse_transform(Xt)
  File "/home/ryedida/.local/lib/python3.9/site-packages/skopt/space/transformers.py", line 309, in inverse_transform
    X = transformer.inverse_transform(X)
  File "/home/ryedida/.local/lib/python3.9/site-packages/skopt/space/transformers.py", line 275, in inverse_transform
    return np.round(X_orig).astype(np.int)
  File "/home/ryedida/.local/lib/python3.9/site-packages/numpy/__init__.py", line 305, in __getattr__
    raise AttributeError(__former_attrs__[attr])
AttributeError: module 'numpy' has no attribute 'int'.
`np.int` was a deprecated alias for the builtin `int`. To avoid this error in existing code, use `int` by itself. Doing this will not modify any behavior and is safe. When replacing `np.int`, you may wish to use e.g. `np.int64` or `np.int32` to specify the precision. If you wish to review your current use, check the release note link for additional information.
The aliases was originally deprecated in NumPy 1.20; for more details and guidance see the original release note at:
    https://numpy.org/devdocs/release/1.20.0-notes.html#deprecations
suggestion time taken 0.003170 iter 1 next_points [{'alpha': 0.04775470795896769, 'batch_size': 27, 'beta_1': 0.565801348565964, 'beta_2': 0.992055681579855, 'epsilon': 7.28962973314036e-07, 'hidden_layer_sizes': 142, 'learning_rate_init': 0.0016658582801217766, 'tol': 0.0011750914683129549, 'validation_fraction': 0.2976705146687051}]
function_evaluation time 3.114732 value -0.972859 suggestion {'alpha': 0.04775470795896769, 'batch_size': 27, 'beta_1': 0.565801348565964, 'beta_2': 0.992055681579855, 'epsilon': 7.28962973314036e-07, 'hidden_layer_sizes': 142, 'learning_rate_init': 0.0016658582801217766, 'tol': 0.0011750914683129549, 'validation_fraction': 0.2976705146687051}
observation time 0.000150, current best -0.972859 at iter 1
Failure in optimizer suggest. Falling back to random search.
module 'numpy' has no attribute 'int'.
`np.int` was a deprecated alias for the builtin `int`. To avoid this error in existing code, use `int` by itself. Doing this will not modify any behavior and is safe. When replacing `np.int`, you may wish to use e.g. `np.int64` or `np.int32` to specify the precision. If you wish to review your current use, check the release note link for additional information.
The aliases was originally deprecated in NumPy 1.20; for more details and guidance see the original release note at:
    https://numpy.org/devdocs/release/1.20.0-notes.html#deprecations
Traceback (most recent call last):
  File "/home/ryedida/.local/lib/python3.9/site-packages/bayesmark/experiment.py", line 126, in run_study
    next_points = optimizer.suggest(n_suggestions)
  File "/home/ryedida/bbo_challenge_starter_kit/example_submissions/skopt/optimizer.py", line 116, in suggest
    next_guess = self.skopt.ask(n_points=n_suggestions)
  File "/home/ryedida/.local/lib/python3.9/site-packages/skopt/optimizer/optimizer.py", line 395, in ask
    x = opt.ask()
  File "/home/ryedida/.local/lib/python3.9/site-packages/skopt/optimizer/optimizer.py", line 367, in ask
    return self._ask()
  File "/home/ryedida/.local/lib/python3.9/site-packages/skopt/optimizer/optimizer.py", line 434, in _ask
    return self.space.rvs(random_state=self.rng)[0]
  File "/home/ryedida/.local/lib/python3.9/site-packages/skopt/space/space.py", line 900, in rvs
    columns.append(dim.rvs(n_samples=n_samples, random_state=rng))
  File "/home/ryedida/.local/lib/python3.9/site-packages/skopt/space/space.py", line 158, in rvs
    return self.inverse_transform(samples)
  File "/home/ryedida/.local/lib/python3.9/site-packages/skopt/space/space.py", line 528, in inverse_transform
    inv_transform = super(Integer, self).inverse_transform(Xt)
  File "/home/ryedida/.local/lib/python3.9/site-packages/skopt/space/space.py", line 168, in inverse_transform
    return self.transformer.inverse_transform(Xt)
  File "/home/ryedida/.local/lib/python3.9/site-packages/skopt/space/transformers.py", line 309, in inverse_transform
    X = transformer.inverse_transform(X)
  File "/home/ryedida/.local/lib/python3.9/site-packages/skopt/space/transformers.py", line 275, in inverse_transform
    return np.round(X_orig).astype(np.int)
  File "/home/ryedida/.local/lib/python3.9/site-packages/numpy/__init__.py", line 305, in __getattr__
    raise AttributeError(__former_attrs__[attr])
AttributeError: module 'numpy' has no attribute 'int'.
`np.int` was a deprecated alias for the builtin `int`. To avoid this error in existing code, use `int` by itself. Doing this will not modify any behavior and is safe. When replacing `np.int`, you may wish to use e.g. `np.int64` or `np.int32` to specify the precision. If you wish to review your current use, check the release note link for additional information.
The aliases was originally deprecated in NumPy 1.20; for more details and guidance see the original release note at:
    https://numpy.org/devdocs/release/1.20.0-notes.html#deprecations
suggestion time taken 0.003206 iter 2 next_points [{'alpha': 1.5353499939587558, 'batch_size': 184, 'beta_1': 0.885363591691403, 'beta_2': 0.999967476812171, 'epsilon': 4.396599877207155e-09, 'hidden_layer_sizes': 89, 'learning_rate_init': 0.00845247346515134, 'tol': 2.9719918074480392e-05, 'validation_fraction': 0.5690874622684358}]
function_evaluation time 0.947020 value -0.954772 suggestion {'alpha': 1.5353499939587558, 'batch_size': 184, 'beta_1': 0.885363591691403, 'beta_2': 0.999967476812171, 'epsilon': 4.396599877207155e-09, 'hidden_layer_sizes': 89, 'learning_rate_init': 0.00845247346515134, 'tol': 2.9719918074480392e-05, 'validation_fraction': 0.5690874622684358}
observation time 0.000135, current best -0.972859 at iter 2
Failure in optimizer suggest. Falling back to random search.
module 'numpy' has no attribute 'int'.
`np.int` was a deprecated alias for the builtin `int`. To avoid this error in existing code, use `int` by itself. Doing this will not modify any behavior and is safe. When replacing `np.int`, you may wish to use e.g. `np.int64` or `np.int32` to specify the precision. If you wish to review your current use, check the release note link for additional information.
The aliases was originally deprecated in NumPy 1.20; for more details and guidance see the original release note at:
    https://numpy.org/devdocs/release/1.20.0-notes.html#deprecations
Traceback (most recent call last):
  File "/home/ryedida/.local/lib/python3.9/site-packages/bayesmark/experiment.py", line 126, in run_study
    next_points = optimizer.suggest(n_suggestions)
  File "/home/ryedida/bbo_challenge_starter_kit/example_submissions/skopt/optimizer.py", line 116, in suggest
    next_guess = self.skopt.ask(n_points=n_suggestions)
  File "/home/ryedida/.local/lib/python3.9/site-packages/skopt/optimizer/optimizer.py", line 395, in ask
    x = opt.ask()
  File "/home/ryedida/.local/lib/python3.9/site-packages/skopt/optimizer/optimizer.py", line 367, in ask
    return self._ask()
  File "/home/ryedida/.local/lib/python3.9/site-packages/skopt/optimizer/optimizer.py", line 434, in _ask
    return self.space.rvs(random_state=self.rng)[0]
  File "/home/ryedida/.local/lib/python3.9/site-packages/skopt/space/space.py", line 900, in rvs
    columns.append(dim.rvs(n_samples=n_samples, random_state=rng))
  File "/home/ryedida/.local/lib/python3.9/site-packages/skopt/space/space.py", line 158, in rvs
    return self.inverse_transform(samples)
  File "/home/ryedida/.local/lib/python3.9/site-packages/skopt/space/space.py", line 528, in inverse_transform
    inv_transform = super(Integer, self).inverse_transform(Xt)
  File "/home/ryedida/.local/lib/python3.9/site-packages/skopt/space/space.py", line 168, in inverse_transform
    return self.transformer.inverse_transform(Xt)
  File "/home/ryedida/.local/lib/python3.9/site-packages/skopt/space/transformers.py", line 309, in inverse_transform
    X = transformer.inverse_transform(X)
  File "/home/ryedida/.local/lib/python3.9/site-packages/skopt/space/transformers.py", line 275, in inverse_transform
    return np.round(X_orig).astype(np.int)
  File "/home/ryedida/.local/lib/python3.9/site-packages/numpy/__init__.py", line 305, in __getattr__
    raise AttributeError(__former_attrs__[attr])
AttributeError: module 'numpy' has no attribute 'int'.
`np.int` was a deprecated alias for the builtin `int`. To avoid this error in existing code, use `int` by itself. Doing this will not modify any behavior and is safe. When replacing `np.int`, you may wish to use e.g. `np.int64` or `np.int32` to specify the precision. If you wish to review your current use, check the release note link for additional information.
The aliases was originally deprecated in NumPy 1.20; for more details and guidance see the original release note at:
    https://numpy.org/devdocs/release/1.20.0-notes.html#deprecations
suggestion time taken 0.003413 iter 3 next_points [{'alpha': 0.3029889832534767, 'batch_size': 227, 'beta_1': 0.8878215153719864, 'beta_2': 0.9999972385794045, 'epsilon': 8.436362028678424e-08, 'hidden_layer_sizes': 181, 'learning_rate_init': 0.00643258905182378, 'tol': 0.002390323459415576, 'validation_fraction': 0.7854298379778539}]
function_evaluation time 0.628369 value -0.931819 suggestion {'alpha': 0.3029889832534767, 'batch_size': 227, 'beta_1': 0.8878215153719864, 'beta_2': 0.9999972385794045, 'epsilon': 8.436362028678424e-08, 'hidden_layer_sizes': 181, 'learning_rate_init': 0.00643258905182378, 'tol': 0.002390323459415576, 'validation_fraction': 0.7854298379778539}
observation time 0.000151, current best -0.972859 at iter 3
Failure in optimizer suggest. Falling back to random search.
module 'numpy' has no attribute 'int'.
`np.int` was a deprecated alias for the builtin `int`. To avoid this error in existing code, use `int` by itself. Doing this will not modify any behavior and is safe. When replacing `np.int`, you may wish to use e.g. `np.int64` or `np.int32` to specify the precision. If you wish to review your current use, check the release note link for additional information.
The aliases was originally deprecated in NumPy 1.20; for more details and guidance see the original release note at:
    https://numpy.org/devdocs/release/1.20.0-notes.html#deprecations
Traceback (most recent call last):
  File "/home/ryedida/.local/lib/python3.9/site-packages/bayesmark/experiment.py", line 126, in run_study
    next_points = optimizer.suggest(n_suggestions)
  File "/home/ryedida/bbo_challenge_starter_kit/example_submissions/skopt/optimizer.py", line 116, in suggest
    next_guess = self.skopt.ask(n_points=n_suggestions)
  File "/home/ryedida/.local/lib/python3.9/site-packages/skopt/optimizer/optimizer.py", line 395, in ask
    x = opt.ask()
  File "/home/ryedida/.local/lib/python3.9/site-packages/skopt/optimizer/optimizer.py", line 367, in ask
    return self._ask()
  File "/home/ryedida/.local/lib/python3.9/site-packages/skopt/optimizer/optimizer.py", line 434, in _ask
    return self.space.rvs(random_state=self.rng)[0]
  File "/home/ryedida/.local/lib/python3.9/site-packages/skopt/space/space.py", line 900, in rvs
    columns.append(dim.rvs(n_samples=n_samples, random_state=rng))
  File "/home/ryedida/.local/lib/python3.9/site-packages/skopt/space/space.py", line 158, in rvs
    return self.inverse_transform(samples)
  File "/home/ryedida/.local/lib/python3.9/site-packages/skopt/space/space.py", line 528, in inverse_transform
    inv_transform = super(Integer, self).inverse_transform(Xt)
  File "/home/ryedida/.local/lib/python3.9/site-packages/skopt/space/space.py", line 168, in inverse_transform
    return self.transformer.inverse_transform(Xt)
  File "/home/ryedida/.local/lib/python3.9/site-packages/skopt/space/transformers.py", line 309, in inverse_transform
    X = transformer.inverse_transform(X)
  File "/home/ryedida/.local/lib/python3.9/site-packages/skopt/space/transformers.py", line 275, in inverse_transform
    return np.round(X_orig).astype(np.int)
  File "/home/ryedida/.local/lib/python3.9/site-packages/numpy/__init__.py", line 305, in __getattr__
    raise AttributeError(__former_attrs__[attr])
AttributeError: module 'numpy' has no attribute 'int'.
`np.int` was a deprecated alias for the builtin `int`. To avoid this error in existing code, use `int` by itself. Doing this will not modify any behavior and is safe. When replacing `np.int`, you may wish to use e.g. `np.int64` or `np.int32` to specify the precision. If you wish to review your current use, check the release note link for additional information.
The aliases was originally deprecated in NumPy 1.20; for more details and guidance see the original release note at:
    https://numpy.org/devdocs/release/1.20.0-notes.html#deprecations
suggestion time taken 0.003362 iter 4 next_points [{'alpha': 0.0017103221302106344, 'batch_size': 159, 'beta_1': 0.9666933822034522, 'beta_2': 0.9992934096066007, 'epsilon': 7.036748466536063e-08, 'hidden_layer_sizes': 91, 'learning_rate_init': 0.0001494034626620982, 'tol': 0.00029906789619962864, 'validation_fraction': 0.3011395697736725}]
function_evaluation time 3.444225 value -0.882436 suggestion {'alpha': 0.0017103221302106344, 'batch_size': 159, 'beta_1': 0.9666933822034522, 'beta_2': 0.9992934096066007, 'epsilon': 7.036748466536063e-08, 'hidden_layer_sizes': 91, 'learning_rate_init': 0.0001494034626620982, 'tol': 0.00029906789619962864, 'validation_fraction': 0.3011395697736725}
Failure in optimizer observe. Ignoring these observations.
module 'numpy' has no attribute 'int'.
`np.int` was a deprecated alias for the builtin `int`. To avoid this error in existing code, use `int` by itself. Doing this will not modify any behavior and is safe. When replacing `np.int`, you may wish to use e.g. `np.int64` or `np.int32` to specify the precision. If you wish to review your current use, check the release note link for additional information.
The aliases was originally deprecated in NumPy 1.20; for more details and guidance see the original release note at:
    https://numpy.org/devdocs/release/1.20.0-notes.html#deprecations
Traceback (most recent call last):
  File "/home/ryedida/.local/lib/python3.9/site-packages/bayesmark/experiment.py", line 172, in run_study
    optimizer.observe(next_points, eval_list)
  File "/home/ryedida/bbo_challenge_starter_kit/example_submissions/skopt/optimizer.py", line 146, in observe
    self.skopt.tell(xx, yy)
  File "/home/ryedida/.local/lib/python3.9/site-packages/skopt/optimizer/optimizer.py", line 493, in tell
    return self._tell(x, y, fit=fit)
  File "/home/ryedida/.local/lib/python3.9/site-packages/skopt/optimizer/optimizer.py", line 536, in _tell
    est.fit(self.space.transform(self.Xi), self.yi)
  File "/home/ryedida/.local/lib/python3.9/site-packages/skopt/space/space.py", line 969, in transform
    columns[j] = self.dimensions[j].transform(columns[j])
  File "/home/ryedida/.local/lib/python3.9/site-packages/skopt/space/space.py", line 162, in transform
    return self.transformer.transform(X)
  File "/home/ryedida/.local/lib/python3.9/site-packages/skopt/space/transformers.py", line 304, in transform
    X = transformer.transform(X)
  File "/home/ryedida/.local/lib/python3.9/site-packages/skopt/space/transformers.py", line 262, in transform
    return (np.round(X).astype(np.int) - self.low) /\
  File "/home/ryedida/.local/lib/python3.9/site-packages/numpy/__init__.py", line 305, in __getattr__
    raise AttributeError(__former_attrs__[attr])
AttributeError: module 'numpy' has no attribute 'int'.
`np.int` was a deprecated alias for the builtin `int`. To avoid this error in existing code, use `int` by itself. Doing this will not modify any behavior and is safe. When replacing `np.int`, you may wish to use e.g. `np.int64` or `np.int32` to specify the precision. If you wish to review your current use, check the release note link for additional information.
The aliases was originally deprecated in NumPy 1.20; for more details and guidance see the original release note at:
    https://numpy.org/devdocs/release/1.20.0-notes.html#deprecations
observation time 0.000826, current best -0.972859 at iter 4
Failure in optimizer suggest. Falling back to random search.
module 'numpy' has no attribute 'int'.
`np.int` was a deprecated alias for the builtin `int`. To avoid this error in existing code, use `int` by itself. Doing this will not modify any behavior and is safe. When replacing `np.int`, you may wish to use e.g. `np.int64` or `np.int32` to specify the precision. If you wish to review your current use, check the release note link for additional information.
The aliases was originally deprecated in NumPy 1.20; for more details and guidance see the original release note at:
    https://numpy.org/devdocs/release/1.20.0-notes.html#deprecations
Traceback (most recent call last):
  File "/home/ryedida/.local/lib/python3.9/site-packages/bayesmark/experiment.py", line 126, in run_study
    next_points = optimizer.suggest(n_suggestions)
  File "/home/ryedida/bbo_challenge_starter_kit/example_submissions/skopt/optimizer.py", line 116, in suggest
    next_guess = self.skopt.ask(n_points=n_suggestions)
  File "/home/ryedida/.local/lib/python3.9/site-packages/skopt/optimizer/optimizer.py", line 390, in ask
    opt = self.copy(random_state=self.rng.randint(0,
  File "/home/ryedida/.local/lib/python3.9/site-packages/skopt/optimizer/optimizer.py", line 331, in copy
    optimizer._tell(self.Xi, self.yi)
  File "/home/ryedida/.local/lib/python3.9/site-packages/skopt/optimizer/optimizer.py", line 536, in _tell
    est.fit(self.space.transform(self.Xi), self.yi)
  File "/home/ryedida/.local/lib/python3.9/site-packages/skopt/space/space.py", line 969, in transform
    columns[j] = self.dimensions[j].transform(columns[j])
  File "/home/ryedida/.local/lib/python3.9/site-packages/skopt/space/space.py", line 162, in transform
    return self.transformer.transform(X)
  File "/home/ryedida/.local/lib/python3.9/site-packages/skopt/space/transformers.py", line 304, in transform
    X = transformer.transform(X)
  File "/home/ryedida/.local/lib/python3.9/site-packages/skopt/space/transformers.py", line 262, in transform
    return (np.round(X).astype(np.int) - self.low) /\
  File "/home/ryedida/.local/lib/python3.9/site-packages/numpy/__init__.py", line 305, in __getattr__
    raise AttributeError(__former_attrs__[attr])
AttributeError: module 'numpy' has no attribute 'int'.
`np.int` was a deprecated alias for the builtin `int`. To avoid this error in existing code, use `int` by itself. Doing this will not modify any behavior and is safe. When replacing `np.int`, you may wish to use e.g. `np.int64` or `np.int32` to specify the precision. If you wish to review your current use, check the release note link for additional information.
The aliases was originally deprecated in NumPy 1.20; for more details and guidance see the original release note at:
    https://numpy.org/devdocs/release/1.20.0-notes.html#deprecations
suggestion time taken 0.003047 iter 5 next_points [{'alpha': 1.3182403216070042, 'batch_size': 61, 'beta_1': 0.9800008244050004, 'beta_2': 0.9376571321023586, 'epsilon': 8.531365696101256e-07, 'hidden_layer_sizes': 65, 'learning_rate_init': 2.2135529311404285e-05, 'tol': 0.0020685617911222007, 'validation_fraction': 0.4154880183916845}]
/home/ryedida/.local/lib/python3.9/site-packages/sklearn/neural_network/_multilayer_perceptron.py:686: ConvergenceWarning: Stochastic Optimizer: Maximum iterations (200) reached and the optimization hasn't converged yet.
  warnings.warn(

function_evaluation time 2.583477 value -0.257842 suggestion {'alpha': 1.3182403216070042, 'batch_size': 61, 'beta_1': 0.9800008244050004, 'beta_2': 0.9376571321023586, 'epsilon': 8.531365696101256e-07, 'hidden_layer_sizes': 65, 'learning_rate_init': 2.2135529311404285e-05, 'tol': 0.0020685617911222007, 'validation_fraction': 0.4154880183916845}
Failure in optimizer observe. Ignoring these observations.
module 'numpy' has no attribute 'int'.
`np.int` was a deprecated alias for the builtin `int`. To avoid this error in existing code, use `int` by itself. Doing this will not modify any behavior and is safe. When replacing `np.int`, you may wish to use e.g. `np.int64` or `np.int32` to specify the precision. If you wish to review your current use, check the release note link for additional information.
The aliases was originally deprecated in NumPy 1.20; for more details and guidance see the original release note at:
    https://numpy.org/devdocs/release/1.20.0-notes.html#deprecations
Traceback (most recent call last):
  File "/home/ryedida/.local/lib/python3.9/site-packages/bayesmark/experiment.py", line 172, in run_study
    optimizer.observe(next_points, eval_list)
  File "/home/ryedida/bbo_challenge_starter_kit/example_submissions/skopt/optimizer.py", line 146, in observe
    self.skopt.tell(xx, yy)
  File "/home/ryedida/.local/lib/python3.9/site-packages/skopt/optimizer/optimizer.py", line 493, in tell
    return self._tell(x, y, fit=fit)
  File "/home/ryedida/.local/lib/python3.9/site-packages/skopt/optimizer/optimizer.py", line 536, in _tell
    est.fit(self.space.transform(self.Xi), self.yi)
  File "/home/ryedida/.local/lib/python3.9/site-packages/skopt/space/space.py", line 969, in transform
    columns[j] = self.dimensions[j].transform(columns[j])
  File "/home/ryedida/.local/lib/python3.9/site-packages/skopt/space/space.py", line 162, in transform
    return self.transformer.transform(X)
  File "/home/ryedida/.local/lib/python3.9/site-packages/skopt/space/transformers.py", line 304, in transform
    X = transformer.transform(X)
  File "/home/ryedida/.local/lib/python3.9/site-packages/skopt/space/transformers.py", line 262, in transform
    return (np.round(X).astype(np.int) - self.low) /\
  File "/home/ryedida/.local/lib/python3.9/site-packages/numpy/__init__.py", line 305, in __getattr__
    raise AttributeError(__former_attrs__[attr])
AttributeError: module 'numpy' has no attribute 'int'.
`np.int` was a deprecated alias for the builtin `int`. To avoid this error in existing code, use `int` by itself. Doing this will not modify any behavior and is safe. When replacing `np.int`, you may wish to use e.g. `np.int64` or `np.int32` to specify the precision. If you wish to review your current use, check the release note link for additional information.
The aliases was originally deprecated in NumPy 1.20; for more details and guidance see the original release note at:
    https://numpy.org/devdocs/release/1.20.0-notes.html#deprecations
observation time 0.000790, current best -0.972859 at iter 5
Failure in optimizer suggest. Falling back to random search.
module 'numpy' has no attribute 'int'.
`np.int` was a deprecated alias for the builtin `int`. To avoid this error in existing code, use `int` by itself. Doing this will not modify any behavior and is safe. When replacing `np.int`, you may wish to use e.g. `np.int64` or `np.int32` to specify the precision. If you wish to review your current use, check the release note link for additional information.
The aliases was originally deprecated in NumPy 1.20; for more details and guidance see the original release note at:
    https://numpy.org/devdocs/release/1.20.0-notes.html#deprecations
Traceback (most recent call last):
  File "/home/ryedida/.local/lib/python3.9/site-packages/bayesmark/experiment.py", line 126, in run_study
    next_points = optimizer.suggest(n_suggestions)
  File "/home/ryedida/bbo_challenge_starter_kit/example_submissions/skopt/optimizer.py", line 116, in suggest
    next_guess = self.skopt.ask(n_points=n_suggestions)
  File "/home/ryedida/.local/lib/python3.9/site-packages/skopt/optimizer/optimizer.py", line 390, in ask
    opt = self.copy(random_state=self.rng.randint(0,
  File "/home/ryedida/.local/lib/python3.9/site-packages/skopt/optimizer/optimizer.py", line 331, in copy
    optimizer._tell(self.Xi, self.yi)
  File "/home/ryedida/.local/lib/python3.9/site-packages/skopt/optimizer/optimizer.py", line 536, in _tell
    est.fit(self.space.transform(self.Xi), self.yi)
  File "/home/ryedida/.local/lib/python3.9/site-packages/skopt/space/space.py", line 969, in transform
    columns[j] = self.dimensions[j].transform(columns[j])
  File "/home/ryedida/.local/lib/python3.9/site-packages/skopt/space/space.py", line 162, in transform
    return self.transformer.transform(X)
  File "/home/ryedida/.local/lib/python3.9/site-packages/skopt/space/transformers.py", line 304, in transform
    X = transformer.transform(X)
  File "/home/ryedida/.local/lib/python3.9/site-packages/skopt/space/transformers.py", line 262, in transform
    return (np.round(X).astype(np.int) - self.low) /\
  File "/home/ryedida/.local/lib/python3.9/site-packages/numpy/__init__.py", line 305, in __getattr__
    raise AttributeError(__former_attrs__[attr])
AttributeError: module 'numpy' has no attribute 'int'.
`np.int` was a deprecated alias for the builtin `int`. To avoid this error in existing code, use `int` by itself. Doing this will not modify any behavior and is safe. When replacing `np.int`, you may wish to use e.g. `np.int64` or `np.int32` to specify the precision. If you wish to review your current use, check the release note link for additional information.
The aliases was originally deprecated in NumPy 1.20; for more details and guidance see the original release note at:
    https://numpy.org/devdocs/release/1.20.0-notes.html#deprecations
suggestion time taken 0.003294 iter 6 next_points [{'alpha': 0.047716572706225945, 'batch_size': 210, 'beta_1': 0.9441832755863282, 'beta_2': 0.9999925360915898, 'epsilon': 6.690519869888642e-09, 'hidden_layer_sizes': 199, 'learning_rate_init': 0.0011422935818977626, 'tol': 4.493400908415751e-05, 'validation_fraction': 0.7369226190433411}]
function_evaluation time 1.404913 value -0.930418 suggestion {'alpha': 0.047716572706225945, 'batch_size': 210, 'beta_1': 0.9441832755863282, 'beta_2': 0.9999925360915898, 'epsilon': 6.690519869888642e-09, 'hidden_layer_sizes': 199, 'learning_rate_init': 0.0011422935818977626, 'tol': 4.493400908415751e-05, 'validation_fraction': 0.7369226190433411}
Failure in optimizer observe. Ignoring these observations.
module 'numpy' has no attribute 'int'.
`np.int` was a deprecated alias for the builtin `int`. To avoid this error in existing code, use `int` by itself. Doing this will not modify any behavior and is safe. When replacing `np.int`, you may wish to use e.g. `np.int64` or `np.int32` to specify the precision. If you wish to review your current use, check the release note link for additional information.
The aliases was originally deprecated in NumPy 1.20; for more details and guidance see the original release note at:
    https://numpy.org/devdocs/release/1.20.0-notes.html#deprecations
Traceback (most recent call last):
  File "/home/ryedida/.local/lib/python3.9/site-packages/bayesmark/experiment.py", line 172, in run_study
    optimizer.observe(next_points, eval_list)
  File "/home/ryedida/bbo_challenge_starter_kit/example_submissions/skopt/optimizer.py", line 146, in observe
    self.skopt.tell(xx, yy)
  File "/home/ryedida/.local/lib/python3.9/site-packages/skopt/optimizer/optimizer.py", line 493, in tell
    return self._tell(x, y, fit=fit)
  File "/home/ryedida/.local/lib/python3.9/site-packages/skopt/optimizer/optimizer.py", line 536, in _tell
    est.fit(self.space.transform(self.Xi), self.yi)
  File "/home/ryedida/.local/lib/python3.9/site-packages/skopt/space/space.py", line 969, in transform
    columns[j] = self.dimensions[j].transform(columns[j])
  File "/home/ryedida/.local/lib/python3.9/site-packages/skopt/space/space.py", line 162, in transform
    return self.transformer.transform(X)
  File "/home/ryedida/.local/lib/python3.9/site-packages/skopt/space/transformers.py", line 304, in transform
    X = transformer.transform(X)
  File "/home/ryedida/.local/lib/python3.9/site-packages/skopt/space/transformers.py", line 262, in transform
    return (np.round(X).astype(np.int) - self.low) /\
  File "/home/ryedida/.local/lib/python3.9/site-packages/numpy/__init__.py", line 305, in __getattr__
    raise AttributeError(__former_attrs__[attr])
AttributeError: module 'numpy' has no attribute 'int'.
`np.int` was a deprecated alias for the builtin `int`. To avoid this error in existing code, use `int` by itself. Doing this will not modify any behavior and is safe. When replacing `np.int`, you may wish to use e.g. `np.int64` or `np.int32` to specify the precision. If you wish to review your current use, check the release note link for additional information.
The aliases was originally deprecated in NumPy 1.20; for more details and guidance see the original release note at:
    https://numpy.org/devdocs/release/1.20.0-notes.html#deprecations
observation time 0.000830, current best -0.972859 at iter 6
Failure in optimizer suggest. Falling back to random search.
module 'numpy' has no attribute 'int'.
`np.int` was a deprecated alias for the builtin `int`. To avoid this error in existing code, use `int` by itself. Doing this will not modify any behavior and is safe. When replacing `np.int`, you may wish to use e.g. `np.int64` or `np.int32` to specify the precision. If you wish to review your current use, check the release note link for additional information.
The aliases was originally deprecated in NumPy 1.20; for more details and guidance see the original release note at:
    https://numpy.org/devdocs/release/1.20.0-notes.html#deprecations
Traceback (most recent call last):
  File "/home/ryedida/.local/lib/python3.9/site-packages/bayesmark/experiment.py", line 126, in run_study
    next_points = optimizer.suggest(n_suggestions)
  File "/home/ryedida/bbo_challenge_starter_kit/example_submissions/skopt/optimizer.py", line 116, in suggest
    next_guess = self.skopt.ask(n_points=n_suggestions)
  File "/home/ryedida/.local/lib/python3.9/site-packages/skopt/optimizer/optimizer.py", line 390, in ask
    opt = self.copy(random_state=self.rng.randint(0,
  File "/home/ryedida/.local/lib/python3.9/site-packages/skopt/optimizer/optimizer.py", line 331, in copy
    optimizer._tell(self.Xi, self.yi)
  File "/home/ryedida/.local/lib/python3.9/site-packages/skopt/optimizer/optimizer.py", line 536, in _tell
    est.fit(self.space.transform(self.Xi), self.yi)
  File "/home/ryedida/.local/lib/python3.9/site-packages/skopt/space/space.py", line 969, in transform
    columns[j] = self.dimensions[j].transform(columns[j])
  File "/home/ryedida/.local/lib/python3.9/site-packages/skopt/space/space.py", line 162, in transform
    return self.transformer.transform(X)
  File "/home/ryedida/.local/lib/python3.9/site-packages/skopt/space/transformers.py", line 304, in transform
    X = transformer.transform(X)
  File "/home/ryedida/.local/lib/python3.9/site-packages/skopt/space/transformers.py", line 262, in transform
    return (np.round(X).astype(np.int) - self.low) /\
  File "/home/ryedida/.local/lib/python3.9/site-packages/numpy/__init__.py", line 305, in __getattr__
    raise AttributeError(__former_attrs__[attr])
AttributeError: module 'numpy' has no attribute 'int'.
`np.int` was a deprecated alias for the builtin `int`. To avoid this error in existing code, use `int` by itself. Doing this will not modify any behavior and is safe. When replacing `np.int`, you may wish to use e.g. `np.int64` or `np.int32` to specify the precision. If you wish to review your current use, check the release note link for additional information.
The aliases was originally deprecated in NumPy 1.20; for more details and guidance see the original release note at:
    https://numpy.org/devdocs/release/1.20.0-notes.html#deprecations
suggestion time taken 0.003101 iter 7 next_points [{'alpha': 2.785280711735566, 'batch_size': 223, 'beta_1': 0.9547820534852006, 'beta_2': 0.9824908247469334, 'epsilon': 2.9030060418703495e-07, 'hidden_layer_sizes': 68, 'learning_rate_init': 1.8258477817332572e-05, 'tol': 0.008063040324992957, 'validation_fraction': 0.8920654142795619}]
/home/ryedida/.local/lib/python3.9/site-packages/sklearn/neural_network/_multilayer_perceptron.py:605: UserWarning: Got `batch_size` less than 1 or larger than sample size. It is going to be clipped
  warnings.warn(

function_evaluation time 0.130386 value -0.104404 suggestion {'alpha': 2.785280711735566, 'batch_size': 223, 'beta_1': 0.9547820534852006, 'beta_2': 0.9824908247469334, 'epsilon': 2.9030060418703495e-07, 'hidden_layer_sizes': 68, 'learning_rate_init': 1.8258477817332572e-05, 'tol': 0.008063040324992957, 'validation_fraction': 0.8920654142795619}
Failure in optimizer observe. Ignoring these observations.
module 'numpy' has no attribute 'int'.
`np.int` was a deprecated alias for the builtin `int`. To avoid this error in existing code, use `int` by itself. Doing this will not modify any behavior and is safe. When replacing `np.int`, you may wish to use e.g. `np.int64` or `np.int32` to specify the precision. If you wish to review your current use, check the release note link for additional information.
The aliases was originally deprecated in NumPy 1.20; for more details and guidance see the original release note at:
    https://numpy.org/devdocs/release/1.20.0-notes.html#deprecations
Traceback (most recent call last):
  File "/home/ryedida/.local/lib/python3.9/site-packages/bayesmark/experiment.py", line 172, in run_study
    optimizer.observe(next_points, eval_list)
  File "/home/ryedida/bbo_challenge_starter_kit/example_submissions/skopt/optimizer.py", line 146, in observe
    self.skopt.tell(xx, yy)
  File "/home/ryedida/.local/lib/python3.9/site-packages/skopt/optimizer/optimizer.py", line 493, in tell
    return self._tell(x, y, fit=fit)
  File "/home/ryedida/.local/lib/python3.9/site-packages/skopt/optimizer/optimizer.py", line 536, in _tell
    est.fit(self.space.transform(self.Xi), self.yi)
  File "/home/ryedida/.local/lib/python3.9/site-packages/skopt/space/space.py", line 969, in transform
    columns[j] = self.dimensions[j].transform(columns[j])
  File "/home/ryedida/.local/lib/python3.9/site-packages/skopt/space/space.py", line 162, in transform
    return self.transformer.transform(X)
  File "/home/ryedida/.local/lib/python3.9/site-packages/skopt/space/transformers.py", line 304, in transform
    X = transformer.transform(X)
  File "/home/ryedida/.local/lib/python3.9/site-packages/skopt/space/transformers.py", line 262, in transform
    return (np.round(X).astype(np.int) - self.low) /\
  File "/home/ryedida/.local/lib/python3.9/site-packages/numpy/__init__.py", line 305, in __getattr__
    raise AttributeError(__former_attrs__[attr])
AttributeError: module 'numpy' has no attribute 'int'.
`np.int` was a deprecated alias for the builtin `int`. To avoid this error in existing code, use `int` by itself. Doing this will not modify any behavior and is safe. When replacing `np.int`, you may wish to use e.g. `np.int64` or `np.int32` to specify the precision. If you wish to review your current use, check the release note link for additional information.
The aliases was originally deprecated in NumPy 1.20; for more details and guidance see the original release note at:
    https://numpy.org/devdocs/release/1.20.0-notes.html#deprecations
observation time 0.000798, current best -0.972859 at iter 7
Failure in optimizer suggest. Falling back to random search.
module 'numpy' has no attribute 'int'.
`np.int` was a deprecated alias for the builtin `int`. To avoid this error in existing code, use `int` by itself. Doing this will not modify any behavior and is safe. When replacing `np.int`, you may wish to use e.g. `np.int64` or `np.int32` to specify the precision. If you wish to review your current use, check the release note link for additional information.
The aliases was originally deprecated in NumPy 1.20; for more details and guidance see the original release note at:
    https://numpy.org/devdocs/release/1.20.0-notes.html#deprecations
Traceback (most recent call last):
  File "/home/ryedida/.local/lib/python3.9/site-packages/bayesmark/experiment.py", line 126, in run_study
    next_points = optimizer.suggest(n_suggestions)
  File "/home/ryedida/bbo_challenge_starter_kit/example_submissions/skopt/optimizer.py", line 116, in suggest
    next_guess = self.skopt.ask(n_points=n_suggestions)
  File "/home/ryedida/.local/lib/python3.9/site-packages/skopt/optimizer/optimizer.py", line 390, in ask
    opt = self.copy(random_state=self.rng.randint(0,
  File "/home/ryedida/.local/lib/python3.9/site-packages/skopt/optimizer/optimizer.py", line 331, in copy
    optimizer._tell(self.Xi, self.yi)
  File "/home/ryedida/.local/lib/python3.9/site-packages/skopt/optimizer/optimizer.py", line 536, in _tell
    est.fit(self.space.transform(self.Xi), self.yi)
  File "/home/ryedida/.local/lib/python3.9/site-packages/skopt/space/space.py", line 969, in transform
    columns[j] = self.dimensions[j].transform(columns[j])
  File "/home/ryedida/.local/lib/python3.9/site-packages/skopt/space/space.py", line 162, in transform
    return self.transformer.transform(X)
  File "/home/ryedida/.local/lib/python3.9/site-packages/skopt/space/transformers.py", line 304, in transform
    X = transformer.transform(X)
  File "/home/ryedida/.local/lib/python3.9/site-packages/skopt/space/transformers.py", line 262, in transform
    return (np.round(X).astype(np.int) - self.low) /\
  File "/home/ryedida/.local/lib/python3.9/site-packages/numpy/__init__.py", line 305, in __getattr__
    raise AttributeError(__former_attrs__[attr])
AttributeError: module 'numpy' has no attribute 'int'.
`np.int` was a deprecated alias for the builtin `int`. To avoid this error in existing code, use `int` by itself. Doing this will not modify any behavior and is safe. When replacing `np.int`, you may wish to use e.g. `np.int64` or `np.int32` to specify the precision. If you wish to review your current use, check the release note link for additional information.
The aliases was originally deprecated in NumPy 1.20; for more details and guidance see the original release note at:
    https://numpy.org/devdocs/release/1.20.0-notes.html#deprecations
suggestion time taken 0.003386 iter 8 next_points [{'alpha': 0.00011090354492385188, 'batch_size': 183, 'beta_1': 0.9817079243111283, 'beta_2': 0.9998097542339989, 'epsilon': 1.004511652057975e-08, 'hidden_layer_sizes': 183, 'learning_rate_init': 0.025309502196377644, 'tol': 0.00014239777632947604, 'validation_fraction': 0.5200331366140739}]
function_evaluation time 1.117446 value -0.911605 suggestion {'alpha': 0.00011090354492385188, 'batch_size': 183, 'beta_1': 0.9817079243111283, 'beta_2': 0.9998097542339989, 'epsilon': 1.004511652057975e-08, 'hidden_layer_sizes': 183, 'learning_rate_init': 0.025309502196377644, 'tol': 0.00014239777632947604, 'validation_fraction': 0.5200331366140739}
Failure in optimizer observe. Ignoring these observations.
module 'numpy' has no attribute 'int'.
`np.int` was a deprecated alias for the builtin `int`. To avoid this error in existing code, use `int` by itself. Doing this will not modify any behavior and is safe. When replacing `np.int`, you may wish to use e.g. `np.int64` or `np.int32` to specify the precision. If you wish to review your current use, check the release note link for additional information.
The aliases was originally deprecated in NumPy 1.20; for more details and guidance see the original release note at:
    https://numpy.org/devdocs/release/1.20.0-notes.html#deprecations
Traceback (most recent call last):
  File "/home/ryedida/.local/lib/python3.9/site-packages/bayesmark/experiment.py", line 172, in run_study
    optimizer.observe(next_points, eval_list)
  File "/home/ryedida/bbo_challenge_starter_kit/example_submissions/skopt/optimizer.py", line 146, in observe
    self.skopt.tell(xx, yy)
  File "/home/ryedida/.local/lib/python3.9/site-packages/skopt/optimizer/optimizer.py", line 493, in tell
    return self._tell(x, y, fit=fit)
  File "/home/ryedida/.local/lib/python3.9/site-packages/skopt/optimizer/optimizer.py", line 536, in _tell
    est.fit(self.space.transform(self.Xi), self.yi)
  File "/home/ryedida/.local/lib/python3.9/site-packages/skopt/space/space.py", line 969, in transform
    columns[j] = self.dimensions[j].transform(columns[j])
  File "/home/ryedida/.local/lib/python3.9/site-packages/skopt/space/space.py", line 162, in transform
    return self.transformer.transform(X)
  File "/home/ryedida/.local/lib/python3.9/site-packages/skopt/space/transformers.py", line 304, in transform
    X = transformer.transform(X)
  File "/home/ryedida/.local/lib/python3.9/site-packages/skopt/space/transformers.py", line 262, in transform
    return (np.round(X).astype(np.int) - self.low) /\
  File "/home/ryedida/.local/lib/python3.9/site-packages/numpy/__init__.py", line 305, in __getattr__
    raise AttributeError(__former_attrs__[attr])
AttributeError: module 'numpy' has no attribute 'int'.
`np.int` was a deprecated alias for the builtin `int`. To avoid this error in existing code, use `int` by itself. Doing this will not modify any behavior and is safe. When replacing `np.int`, you may wish to use e.g. `np.int64` or `np.int32` to specify the precision. If you wish to review your current use, check the release note link for additional information.
The aliases was originally deprecated in NumPy 1.20; for more details and guidance see the original release note at:
    https://numpy.org/devdocs/release/1.20.0-notes.html#deprecations
observation time 0.000827, current best -0.972859 at iter 8
Failure in optimizer suggest. Falling back to random search.
module 'numpy' has no attribute 'int'.
`np.int` was a deprecated alias for the builtin `int`. To avoid this error in existing code, use `int` by itself. Doing this will not modify any behavior and is safe. When replacing `np.int`, you may wish to use e.g. `np.int64` or `np.int32` to specify the precision. If you wish to review your current use, check the release note link for additional information.
The aliases was originally deprecated in NumPy 1.20; for more details and guidance see the original release note at:
    https://numpy.org/devdocs/release/1.20.0-notes.html#deprecations
Traceback (most recent call last):
  File "/home/ryedida/.local/lib/python3.9/site-packages/bayesmark/experiment.py", line 126, in run_study
    next_points = optimizer.suggest(n_suggestions)
  File "/home/ryedida/bbo_challenge_starter_kit/example_submissions/skopt/optimizer.py", line 116, in suggest
    next_guess = self.skopt.ask(n_points=n_suggestions)
  File "/home/ryedida/.local/lib/python3.9/site-packages/skopt/optimizer/optimizer.py", line 390, in ask
    opt = self.copy(random_state=self.rng.randint(0,
  File "/home/ryedida/.local/lib/python3.9/site-packages/skopt/optimizer/optimizer.py", line 331, in copy
    optimizer._tell(self.Xi, self.yi)
  File "/home/ryedida/.local/lib/python3.9/site-packages/skopt/optimizer/optimizer.py", line 536, in _tell
    est.fit(self.space.transform(self.Xi), self.yi)
  File "/home/ryedida/.local/lib/python3.9/site-packages/skopt/space/space.py", line 969, in transform
    columns[j] = self.dimensions[j].transform(columns[j])
  File "/home/ryedida/.local/lib/python3.9/site-packages/skopt/space/space.py", line 162, in transform
    return self.transformer.transform(X)
  File "/home/ryedida/.local/lib/python3.9/site-packages/skopt/space/transformers.py", line 304, in transform
    X = transformer.transform(X)
  File "/home/ryedida/.local/lib/python3.9/site-packages/skopt/space/transformers.py", line 262, in transform
    return (np.round(X).astype(np.int) - self.low) /\
  File "/home/ryedida/.local/lib/python3.9/site-packages/numpy/__init__.py", line 305, in __getattr__
    raise AttributeError(__former_attrs__[attr])
AttributeError: module 'numpy' has no attribute 'int'.
`np.int` was a deprecated alias for the builtin `int`. To avoid this error in existing code, use `int` by itself. Doing this will not modify any behavior and is safe. When replacing `np.int`, you may wish to use e.g. `np.int64` or `np.int32` to specify the precision. If you wish to review your current use, check the release note link for additional information.
The aliases was originally deprecated in NumPy 1.20; for more details and guidance see the original release note at:
    https://numpy.org/devdocs/release/1.20.0-notes.html#deprecations
suggestion time taken 0.003013 iter 9 next_points [{'alpha': 0.07818037337611905, 'batch_size': 199, 'beta_1': 0.9891550324117648, 'beta_2': 0.990148170134365, 'epsilon': 1.0212546833468134e-09, 'hidden_layer_sizes': 172, 'learning_rate_init': 4.4364011338715344e-05, 'tol': 8.048806443920005e-05, 'validation_fraction': 0.4357732538385094}]
function_evaluation time 3.675616 value -0.738824 suggestion {'alpha': 0.07818037337611905, 'batch_size': 199, 'beta_1': 0.9891550324117648, 'beta_2': 0.990148170134365, 'epsilon': 1.0212546833468134e-09, 'hidden_layer_sizes': 172, 'learning_rate_init': 4.4364011338715344e-05, 'tol': 8.048806443920005e-05, 'validation_fraction': 0.4357732538385094}
Failure in optimizer observe. Ignoring these observations.
module 'numpy' has no attribute 'int'.
`np.int` was a deprecated alias for the builtin `int`. To avoid this error in existing code, use `int` by itself. Doing this will not modify any behavior and is safe. When replacing `np.int`, you may wish to use e.g. `np.int64` or `np.int32` to specify the precision. If you wish to review your current use, check the release note link for additional information.
The aliases was originally deprecated in NumPy 1.20; for more details and guidance see the original release note at:
    https://numpy.org/devdocs/release/1.20.0-notes.html#deprecations
Traceback (most recent call last):
  File "/home/ryedida/.local/lib/python3.9/site-packages/bayesmark/experiment.py", line 172, in run_study
    optimizer.observe(next_points, eval_list)
  File "/home/ryedida/bbo_challenge_starter_kit/example_submissions/skopt/optimizer.py", line 146, in observe
    self.skopt.tell(xx, yy)
  File "/home/ryedida/.local/lib/python3.9/site-packages/skopt/optimizer/optimizer.py", line 493, in tell
    return self._tell(x, y, fit=fit)
  File "/home/ryedida/.local/lib/python3.9/site-packages/skopt/optimizer/optimizer.py", line 536, in _tell
    est.fit(self.space.transform(self.Xi), self.yi)
  File "/home/ryedida/.local/lib/python3.9/site-packages/skopt/space/space.py", line 969, in transform
    columns[j] = self.dimensions[j].transform(columns[j])
  File "/home/ryedida/.local/lib/python3.9/site-packages/skopt/space/space.py", line 162, in transform
    return self.transformer.transform(X)
  File "/home/ryedida/.local/lib/python3.9/site-packages/skopt/space/transformers.py", line 304, in transform
    X = transformer.transform(X)
  File "/home/ryedida/.local/lib/python3.9/site-packages/skopt/space/transformers.py", line 262, in transform
    return (np.round(X).astype(np.int) - self.low) /\
  File "/home/ryedida/.local/lib/python3.9/site-packages/numpy/__init__.py", line 305, in __getattr__
    raise AttributeError(__former_attrs__[attr])
AttributeError: module 'numpy' has no attribute 'int'.
`np.int` was a deprecated alias for the builtin `int`. To avoid this error in existing code, use `int` by itself. Doing this will not modify any behavior and is safe. When replacing `np.int`, you may wish to use e.g. `np.int64` or `np.int32` to specify the precision. If you wish to review your current use, check the release note link for additional information.
The aliases was originally deprecated in NumPy 1.20; for more details and guidance see the original release note at:
    https://numpy.org/devdocs/release/1.20.0-notes.html#deprecations
observation time 0.000827, current best -0.972859 at iter 9
Failure in optimizer suggest. Falling back to random search.
module 'numpy' has no attribute 'int'.
`np.int` was a deprecated alias for the builtin `int`. To avoid this error in existing code, use `int` by itself. Doing this will not modify any behavior and is safe. When replacing `np.int`, you may wish to use e.g. `np.int64` or `np.int32` to specify the precision. If you wish to review your current use, check the release note link for additional information.
The aliases was originally deprecated in NumPy 1.20; for more details and guidance see the original release note at:
    https://numpy.org/devdocs/release/1.20.0-notes.html#deprecations
Traceback (most recent call last):
  File "/home/ryedida/.local/lib/python3.9/site-packages/bayesmark/experiment.py", line 126, in run_study
    next_points = optimizer.suggest(n_suggestions)
  File "/home/ryedida/bbo_challenge_starter_kit/example_submissions/skopt/optimizer.py", line 116, in suggest
    next_guess = self.skopt.ask(n_points=n_suggestions)
  File "/home/ryedida/.local/lib/python3.9/site-packages/skopt/optimizer/optimizer.py", line 390, in ask
    opt = self.copy(random_state=self.rng.randint(0,
  File "/home/ryedida/.local/lib/python3.9/site-packages/skopt/optimizer/optimizer.py", line 331, in copy
    optimizer._tell(self.Xi, self.yi)
  File "/home/ryedida/.local/lib/python3.9/site-packages/skopt/optimizer/optimizer.py", line 536, in _tell
    est.fit(self.space.transform(self.Xi), self.yi)
  File "/home/ryedida/.local/lib/python3.9/site-packages/skopt/space/space.py", line 969, in transform
    columns[j] = self.dimensions[j].transform(columns[j])
  File "/home/ryedida/.local/lib/python3.9/site-packages/skopt/space/space.py", line 162, in transform
    return self.transformer.transform(X)
  File "/home/ryedida/.local/lib/python3.9/site-packages/skopt/space/transformers.py", line 304, in transform
    X = transformer.transform(X)
  File "/home/ryedida/.local/lib/python3.9/site-packages/skopt/space/transformers.py", line 262, in transform
    return (np.round(X).astype(np.int) - self.low) /\
  File "/home/ryedida/.local/lib/python3.9/site-packages/numpy/__init__.py", line 305, in __getattr__
    raise AttributeError(__former_attrs__[attr])
AttributeError: module 'numpy' has no attribute 'int'.
`np.int` was a deprecated alias for the builtin `int`. To avoid this error in existing code, use `int` by itself. Doing this will not modify any behavior and is safe. When replacing `np.int`, you may wish to use e.g. `np.int64` or `np.int32` to specify the precision. If you wish to review your current use, check the release note link for additional information.
The aliases was originally deprecated in NumPy 1.20; for more details and guidance see the original release note at:
    https://numpy.org/devdocs/release/1.20.0-notes.html#deprecations
suggestion time taken 0.003326 iter 10 next_points [{'alpha': 0.0018965859441726332, 'batch_size': 198, 'beta_1': 0.957505549378997, 'beta_2': 0.9590682792767048, 'epsilon': 8.534276756225407e-07, 'hidden_layer_sizes': 119, 'learning_rate_init': 0.0005899526143605537, 'tol': 0.0231110784959562, 'validation_fraction': 0.44997257921631634}]
function_evaluation time 0.617507 value -0.892826 suggestion {'alpha': 0.0018965859441726332, 'batch_size': 198, 'beta_1': 0.957505549378997, 'beta_2': 0.9590682792767048, 'epsilon': 8.534276756225407e-07, 'hidden_layer_sizes': 119, 'learning_rate_init': 0.0005899526143605537, 'tol': 0.0231110784959562, 'validation_fraction': 0.44997257921631634}
Failure in optimizer observe. Ignoring these observations.
module 'numpy' has no attribute 'int'.
`np.int` was a deprecated alias for the builtin `int`. To avoid this error in existing code, use `int` by itself. Doing this will not modify any behavior and is safe. When replacing `np.int`, you may wish to use e.g. `np.int64` or `np.int32` to specify the precision. If you wish to review your current use, check the release note link for additional information.
The aliases was originally deprecated in NumPy 1.20; for more details and guidance see the original release note at:
    https://numpy.org/devdocs/release/1.20.0-notes.html#deprecations
Traceback (most recent call last):
  File "/home/ryedida/.local/lib/python3.9/site-packages/bayesmark/experiment.py", line 172, in run_study
    optimizer.observe(next_points, eval_list)
  File "/home/ryedida/bbo_challenge_starter_kit/example_submissions/skopt/optimizer.py", line 146, in observe
    self.skopt.tell(xx, yy)
  File "/home/ryedida/.local/lib/python3.9/site-packages/skopt/optimizer/optimizer.py", line 493, in tell
    return self._tell(x, y, fit=fit)
  File "/home/ryedida/.local/lib/python3.9/site-packages/skopt/optimizer/optimizer.py", line 536, in _tell
    est.fit(self.space.transform(self.Xi), self.yi)
  File "/home/ryedida/.local/lib/python3.9/site-packages/skopt/space/space.py", line 969, in transform
    columns[j] = self.dimensions[j].transform(columns[j])
  File "/home/ryedida/.local/lib/python3.9/site-packages/skopt/space/space.py", line 162, in transform
    return self.transformer.transform(X)
  File "/home/ryedida/.local/lib/python3.9/site-packages/skopt/space/transformers.py", line 304, in transform
    X = transformer.transform(X)
  File "/home/ryedida/.local/lib/python3.9/site-packages/skopt/space/transformers.py", line 262, in transform
    return (np.round(X).astype(np.int) - self.low) /\
  File "/home/ryedida/.local/lib/python3.9/site-packages/numpy/__init__.py", line 305, in __getattr__
    raise AttributeError(__former_attrs__[attr])
AttributeError: module 'numpy' has no attribute 'int'.
`np.int` was a deprecated alias for the builtin `int`. To avoid this error in existing code, use `int` by itself. Doing this will not modify any behavior and is safe. When replacing `np.int`, you may wish to use e.g. `np.int64` or `np.int32` to specify the precision. If you wish to review your current use, check the release note link for additional information.
The aliases was originally deprecated in NumPy 1.20; for more details and guidance see the original release note at:
    https://numpy.org/devdocs/release/1.20.0-notes.html#deprecations
observation time 0.000803, current best -0.972859 at iter 10
Failure in optimizer suggest. Falling back to random search.
module 'numpy' has no attribute 'int'.
`np.int` was a deprecated alias for the builtin `int`. To avoid this error in existing code, use `int` by itself. Doing this will not modify any behavior and is safe. When replacing `np.int`, you may wish to use e.g. `np.int64` or `np.int32` to specify the precision. If you wish to review your current use, check the release note link for additional information.
The aliases was originally deprecated in NumPy 1.20; for more details and guidance see the original release note at:
    https://numpy.org/devdocs/release/1.20.0-notes.html#deprecations
Traceback (most recent call last):
  File "/home/ryedida/.local/lib/python3.9/site-packages/bayesmark/experiment.py", line 126, in run_study
    next_points = optimizer.suggest(n_suggestions)
  File "/home/ryedida/bbo_challenge_starter_kit/example_submissions/skopt/optimizer.py", line 116, in suggest
    next_guess = self.skopt.ask(n_points=n_suggestions)
  File "/home/ryedida/.local/lib/python3.9/site-packages/skopt/optimizer/optimizer.py", line 390, in ask
    opt = self.copy(random_state=self.rng.randint(0,
  File "/home/ryedida/.local/lib/python3.9/site-packages/skopt/optimizer/optimizer.py", line 331, in copy
    optimizer._tell(self.Xi, self.yi)
  File "/home/ryedida/.local/lib/python3.9/site-packages/skopt/optimizer/optimizer.py", line 536, in _tell
    est.fit(self.space.transform(self.Xi), self.yi)
  File "/home/ryedida/.local/lib/python3.9/site-packages/skopt/space/space.py", line 969, in transform
    columns[j] = self.dimensions[j].transform(columns[j])
  File "/home/ryedida/.local/lib/python3.9/site-packages/skopt/space/space.py", line 162, in transform
    return self.transformer.transform(X)
  File "/home/ryedida/.local/lib/python3.9/site-packages/skopt/space/transformers.py", line 304, in transform
    X = transformer.transform(X)
  File "/home/ryedida/.local/lib/python3.9/site-packages/skopt/space/transformers.py", line 262, in transform
    return (np.round(X).astype(np.int) - self.low) /\
  File "/home/ryedida/.local/lib/python3.9/site-packages/numpy/__init__.py", line 305, in __getattr__
    raise AttributeError(__former_attrs__[attr])
AttributeError: module 'numpy' has no attribute 'int'.
`np.int` was a deprecated alias for the builtin `int`. To avoid this error in existing code, use `int` by itself. Doing this will not modify any behavior and is safe. When replacing `np.int`, you may wish to use e.g. `np.int64` or `np.int32` to specify the precision. If you wish to review your current use, check the release note link for additional information.
The aliases was originally deprecated in NumPy 1.20; for more details and guidance see the original release note at:
    https://numpy.org/devdocs/release/1.20.0-notes.html#deprecations
suggestion time taken 0.003072 iter 11 next_points [{'alpha': 0.004143606479010379, 'batch_size': 234, 'beta_1': 0.8615038107513769, 'beta_2': 0.9963807914221897, 'epsilon': 7.376980397153917e-09, 'hidden_layer_sizes': 78, 'learning_rate_init': 0.009105253875758765, 'tol': 0.024384909867043374, 'validation_fraction': 0.5046702052485617}]
function_evaluation time 0.307293 value -0.940863 suggestion {'alpha': 0.004143606479010379, 'batch_size': 234, 'beta_1': 0.8615038107513769, 'beta_2': 0.9963807914221897, 'epsilon': 7.376980397153917e-09, 'hidden_layer_sizes': 78, 'learning_rate_init': 0.009105253875758765, 'tol': 0.024384909867043374, 'validation_fraction': 0.5046702052485617}
Failure in optimizer observe. Ignoring these observations.
module 'numpy' has no attribute 'int'.
`np.int` was a deprecated alias for the builtin `int`. To avoid this error in existing code, use `int` by itself. Doing this will not modify any behavior and is safe. When replacing `np.int`, you may wish to use e.g. `np.int64` or `np.int32` to specify the precision. If you wish to review your current use, check the release note link for additional information.
The aliases was originally deprecated in NumPy 1.20; for more details and guidance see the original release note at:
    https://numpy.org/devdocs/release/1.20.0-notes.html#deprecations
Traceback (most recent call last):
  File "/home/ryedida/.local/lib/python3.9/site-packages/bayesmark/experiment.py", line 172, in run_study
    optimizer.observe(next_points, eval_list)
  File "/home/ryedida/bbo_challenge_starter_kit/example_submissions/skopt/optimizer.py", line 146, in observe
    self.skopt.tell(xx, yy)
  File "/home/ryedida/.local/lib/python3.9/site-packages/skopt/optimizer/optimizer.py", line 493, in tell
    return self._tell(x, y, fit=fit)
  File "/home/ryedida/.local/lib/python3.9/site-packages/skopt/optimizer/optimizer.py", line 536, in _tell
    est.fit(self.space.transform(self.Xi), self.yi)
  File "/home/ryedida/.local/lib/python3.9/site-packages/skopt/space/space.py", line 969, in transform
    columns[j] = self.dimensions[j].transform(columns[j])
  File "/home/ryedida/.local/lib/python3.9/site-packages/skopt/space/space.py", line 162, in transform
    return self.transformer.transform(X)
  File "/home/ryedida/.local/lib/python3.9/site-packages/skopt/space/transformers.py", line 304, in transform
    X = transformer.transform(X)
  File "/home/ryedida/.local/lib/python3.9/site-packages/skopt/space/transformers.py", line 262, in transform
    return (np.round(X).astype(np.int) - self.low) /\
  File "/home/ryedida/.local/lib/python3.9/site-packages/numpy/__init__.py", line 305, in __getattr__
    raise AttributeError(__former_attrs__[attr])
AttributeError: module 'numpy' has no attribute 'int'.
`np.int` was a deprecated alias for the builtin `int`. To avoid this error in existing code, use `int` by itself. Doing this will not modify any behavior and is safe. When replacing `np.int`, you may wish to use e.g. `np.int64` or `np.int32` to specify the precision. If you wish to review your current use, check the release note link for additional information.
The aliases was originally deprecated in NumPy 1.20; for more details and guidance see the original release note at:
    https://numpy.org/devdocs/release/1.20.0-notes.html#deprecations
observation time 0.000824, current best -0.972859 at iter 11
Failure in optimizer suggest. Falling back to random search.
module 'numpy' has no attribute 'int'.
`np.int` was a deprecated alias for the builtin `int`. To avoid this error in existing code, use `int` by itself. Doing this will not modify any behavior and is safe. When replacing `np.int`, you may wish to use e.g. `np.int64` or `np.int32` to specify the precision. If you wish to review your current use, check the release note link for additional information.
The aliases was originally deprecated in NumPy 1.20; for more details and guidance see the original release note at:
    https://numpy.org/devdocs/release/1.20.0-notes.html#deprecations
Traceback (most recent call last):
  File "/home/ryedida/.local/lib/python3.9/site-packages/bayesmark/experiment.py", line 126, in run_study
    next_points = optimizer.suggest(n_suggestions)
  File "/home/ryedida/bbo_challenge_starter_kit/example_submissions/skopt/optimizer.py", line 116, in suggest
    next_guess = self.skopt.ask(n_points=n_suggestions)
  File "/home/ryedida/.local/lib/python3.9/site-packages/skopt/optimizer/optimizer.py", line 390, in ask
    opt = self.copy(random_state=self.rng.randint(0,
  File "/home/ryedida/.local/lib/python3.9/site-packages/skopt/optimizer/optimizer.py", line 331, in copy
    optimizer._tell(self.Xi, self.yi)
  File "/home/ryedida/.local/lib/python3.9/site-packages/skopt/optimizer/optimizer.py", line 536, in _tell
    est.fit(self.space.transform(self.Xi), self.yi)
  File "/home/ryedida/.local/lib/python3.9/site-packages/skopt/space/space.py", line 969, in transform
    columns[j] = self.dimensions[j].transform(columns[j])
  File "/home/ryedida/.local/lib/python3.9/site-packages/skopt/space/space.py", line 162, in transform
    return self.transformer.transform(X)
  File "/home/ryedida/.local/lib/python3.9/site-packages/skopt/space/transformers.py", line 304, in transform
    X = transformer.transform(X)
  File "/home/ryedida/.local/lib/python3.9/site-packages/skopt/space/transformers.py", line 262, in transform
    return (np.round(X).astype(np.int) - self.low) /\
  File "/home/ryedida/.local/lib/python3.9/site-packages/numpy/__init__.py", line 305, in __getattr__
    raise AttributeError(__former_attrs__[attr])
AttributeError: module 'numpy' has no attribute 'int'.
`np.int` was a deprecated alias for the builtin `int`. To avoid this error in existing code, use `int` by itself. Doing this will not modify any behavior and is safe. When replacing `np.int`, you may wish to use e.g. `np.int64` or `np.int32` to specify the precision. If you wish to review your current use, check the release note link for additional information.
The aliases was originally deprecated in NumPy 1.20; for more details and guidance see the original release note at:
    https://numpy.org/devdocs/release/1.20.0-notes.html#deprecations
suggestion time taken 0.003308 iter 12 next_points [{'alpha': 0.9154772163273096, 'batch_size': 64, 'beta_1': 0.989108156946118, 'beta_2': 0.9999545084748511, 'epsilon': 7.355284984104185e-08, 'hidden_layer_sizes': 120, 'learning_rate_init': 0.00047929481751074905, 'tol': 0.012297004322087001, 'validation_fraction': 0.7413709099263514}]
function_evaluation time 0.726661 value -0.883815 suggestion {'alpha': 0.9154772163273096, 'batch_size': 64, 'beta_1': 0.989108156946118, 'beta_2': 0.9999545084748511, 'epsilon': 7.355284984104185e-08, 'hidden_layer_sizes': 120, 'learning_rate_init': 0.00047929481751074905, 'tol': 0.012297004322087001, 'validation_fraction': 0.7413709099263514}
Failure in optimizer observe. Ignoring these observations.
module 'numpy' has no attribute 'int'.
`np.int` was a deprecated alias for the builtin `int`. To avoid this error in existing code, use `int` by itself. Doing this will not modify any behavior and is safe. When replacing `np.int`, you may wish to use e.g. `np.int64` or `np.int32` to specify the precision. If you wish to review your current use, check the release note link for additional information.
The aliases was originally deprecated in NumPy 1.20; for more details and guidance see the original release note at:
    https://numpy.org/devdocs/release/1.20.0-notes.html#deprecations
Traceback (most recent call last):
  File "/home/ryedida/.local/lib/python3.9/site-packages/bayesmark/experiment.py", line 172, in run_study
    optimizer.observe(next_points, eval_list)
  File "/home/ryedida/bbo_challenge_starter_kit/example_submissions/skopt/optimizer.py", line 146, in observe
    self.skopt.tell(xx, yy)
  File "/home/ryedida/.local/lib/python3.9/site-packages/skopt/optimizer/optimizer.py", line 493, in tell
    return self._tell(x, y, fit=fit)
  File "/home/ryedida/.local/lib/python3.9/site-packages/skopt/optimizer/optimizer.py", line 536, in _tell
    est.fit(self.space.transform(self.Xi), self.yi)
  File "/home/ryedida/.local/lib/python3.9/site-packages/skopt/space/space.py", line 969, in transform
    columns[j] = self.dimensions[j].transform(columns[j])
  File "/home/ryedida/.local/lib/python3.9/site-packages/skopt/space/space.py", line 162, in transform
    return self.transformer.transform(X)
  File "/home/ryedida/.local/lib/python3.9/site-packages/skopt/space/transformers.py", line 304, in transform
    X = transformer.transform(X)
  File "/home/ryedida/.local/lib/python3.9/site-packages/skopt/space/transformers.py", line 262, in transform
    return (np.round(X).astype(np.int) - self.low) /\
  File "/home/ryedida/.local/lib/python3.9/site-packages/numpy/__init__.py", line 305, in __getattr__
    raise AttributeError(__former_attrs__[attr])
AttributeError: module 'numpy' has no attribute 'int'.
`np.int` was a deprecated alias for the builtin `int`. To avoid this error in existing code, use `int` by itself. Doing this will not modify any behavior and is safe. When replacing `np.int`, you may wish to use e.g. `np.int64` or `np.int32` to specify the precision. If you wish to review your current use, check the release note link for additional information.
The aliases was originally deprecated in NumPy 1.20; for more details and guidance see the original release note at:
    https://numpy.org/devdocs/release/1.20.0-notes.html#deprecations
observation time 0.001391, current best -0.972859 at iter 12
Failure in optimizer suggest. Falling back to random search.
module 'numpy' has no attribute 'int'.
`np.int` was a deprecated alias for the builtin `int`. To avoid this error in existing code, use `int` by itself. Doing this will not modify any behavior and is safe. When replacing `np.int`, you may wish to use e.g. `np.int64` or `np.int32` to specify the precision. If you wish to review your current use, check the release note link for additional information.
The aliases was originally deprecated in NumPy 1.20; for more details and guidance see the original release note at:
    https://numpy.org/devdocs/release/1.20.0-notes.html#deprecations
Traceback (most recent call last):
  File "/home/ryedida/.local/lib/python3.9/site-packages/bayesmark/experiment.py", line 126, in run_study
    next_points = optimizer.suggest(n_suggestions)
  File "/home/ryedida/bbo_challenge_starter_kit/example_submissions/skopt/optimizer.py", line 116, in suggest
    next_guess = self.skopt.ask(n_points=n_suggestions)
  File "/home/ryedida/.local/lib/python3.9/site-packages/skopt/optimizer/optimizer.py", line 390, in ask
    opt = self.copy(random_state=self.rng.randint(0,
  File "/home/ryedida/.local/lib/python3.9/site-packages/skopt/optimizer/optimizer.py", line 331, in copy
    optimizer._tell(self.Xi, self.yi)
  File "/home/ryedida/.local/lib/python3.9/site-packages/skopt/optimizer/optimizer.py", line 536, in _tell
    est.fit(self.space.transform(self.Xi), self.yi)
  File "/home/ryedida/.local/lib/python3.9/site-packages/skopt/space/space.py", line 969, in transform
    columns[j] = self.dimensions[j].transform(columns[j])
  File "/home/ryedida/.local/lib/python3.9/site-packages/skopt/space/space.py", line 162, in transform
    return self.transformer.transform(X)
  File "/home/ryedida/.local/lib/python3.9/site-packages/skopt/space/transformers.py", line 304, in transform
    X = transformer.transform(X)
  File "/home/ryedida/.local/lib/python3.9/site-packages/skopt/space/transformers.py", line 262, in transform
    return (np.round(X).astype(np.int) - self.low) /\
  File "/home/ryedida/.local/lib/python3.9/site-packages/numpy/__init__.py", line 305, in __getattr__
    raise AttributeError(__former_attrs__[attr])
AttributeError: module 'numpy' has no attribute 'int'.
`np.int` was a deprecated alias for the builtin `int`. To avoid this error in existing code, use `int` by itself. Doing this will not modify any behavior and is safe. When replacing `np.int`, you may wish to use e.g. `np.int64` or `np.int32` to specify the precision. If you wish to review your current use, check the release note link for additional information.
The aliases was originally deprecated in NumPy 1.20; for more details and guidance see the original release note at:
    https://numpy.org/devdocs/release/1.20.0-notes.html#deprecations
suggestion time taken 0.003150 iter 13 next_points [{'alpha': 0.0011550514321158909, 'batch_size': 245, 'beta_1': 0.9304024157699747, 'beta_2': 0.9925721345522402, 'epsilon': 2.436123036626367e-09, 'hidden_layer_sizes': 161, 'learning_rate_init': 0.03519253315851261, 'tol': 3.114528814663287e-05, 'validation_fraction': 0.6598244907143845}]
function_evaluation time 0.930762 value -0.924884 suggestion {'alpha': 0.0011550514321158909, 'batch_size': 245, 'beta_1': 0.9304024157699747, 'beta_2': 0.9925721345522402, 'epsilon': 2.436123036626367e-09, 'hidden_layer_sizes': 161, 'learning_rate_init': 0.03519253315851261, 'tol': 3.114528814663287e-05, 'validation_fraction': 0.6598244907143845}
Failure in optimizer observe. Ignoring these observations.
module 'numpy' has no attribute 'int'.
`np.int` was a deprecated alias for the builtin `int`. To avoid this error in existing code, use `int` by itself. Doing this will not modify any behavior and is safe. When replacing `np.int`, you may wish to use e.g. `np.int64` or `np.int32` to specify the precision. If you wish to review your current use, check the release note link for additional information.
The aliases was originally deprecated in NumPy 1.20; for more details and guidance see the original release note at:
    https://numpy.org/devdocs/release/1.20.0-notes.html#deprecations
Traceback (most recent call last):
  File "/home/ryedida/.local/lib/python3.9/site-packages/bayesmark/experiment.py", line 172, in run_study
    optimizer.observe(next_points, eval_list)
  File "/home/ryedida/bbo_challenge_starter_kit/example_submissions/skopt/optimizer.py", line 146, in observe
    self.skopt.tell(xx, yy)
  File "/home/ryedida/.local/lib/python3.9/site-packages/skopt/optimizer/optimizer.py", line 493, in tell
    return self._tell(x, y, fit=fit)
  File "/home/ryedida/.local/lib/python3.9/site-packages/skopt/optimizer/optimizer.py", line 536, in _tell
    est.fit(self.space.transform(self.Xi), self.yi)
  File "/home/ryedida/.local/lib/python3.9/site-packages/skopt/space/space.py", line 969, in transform
    columns[j] = self.dimensions[j].transform(columns[j])
  File "/home/ryedida/.local/lib/python3.9/site-packages/skopt/space/space.py", line 162, in transform
    return self.transformer.transform(X)
  File "/home/ryedida/.local/lib/python3.9/site-packages/skopt/space/transformers.py", line 304, in transform
    X = transformer.transform(X)
  File "/home/ryedida/.local/lib/python3.9/site-packages/skopt/space/transformers.py", line 262, in transform
    return (np.round(X).astype(np.int) - self.low) /\
  File "/home/ryedida/.local/lib/python3.9/site-packages/numpy/__init__.py", line 305, in __getattr__
    raise AttributeError(__former_attrs__[attr])
AttributeError: module 'numpy' has no attribute 'int'.
`np.int` was a deprecated alias for the builtin `int`. To avoid this error in existing code, use `int` by itself. Doing this will not modify any behavior and is safe. When replacing `np.int`, you may wish to use e.g. `np.int64` or `np.int32` to specify the precision. If you wish to review your current use, check the release note link for additional information.
The aliases was originally deprecated in NumPy 1.20; for more details and guidance see the original release note at:
    https://numpy.org/devdocs/release/1.20.0-notes.html#deprecations
observation time 0.000771, current best -0.972859 at iter 13
Failure in optimizer suggest. Falling back to random search.
module 'numpy' has no attribute 'int'.
`np.int` was a deprecated alias for the builtin `int`. To avoid this error in existing code, use `int` by itself. Doing this will not modify any behavior and is safe. When replacing `np.int`, you may wish to use e.g. `np.int64` or `np.int32` to specify the precision. If you wish to review your current use, check the release note link for additional information.
The aliases was originally deprecated in NumPy 1.20; for more details and guidance see the original release note at:
    https://numpy.org/devdocs/release/1.20.0-notes.html#deprecations
Traceback (most recent call last):
  File "/home/ryedida/.local/lib/python3.9/site-packages/bayesmark/experiment.py", line 126, in run_study
    next_points = optimizer.suggest(n_suggestions)
  File "/home/ryedida/bbo_challenge_starter_kit/example_submissions/skopt/optimizer.py", line 116, in suggest
    next_guess = self.skopt.ask(n_points=n_suggestions)
  File "/home/ryedida/.local/lib/python3.9/site-packages/skopt/optimizer/optimizer.py", line 390, in ask
    opt = self.copy(random_state=self.rng.randint(0,
  File "/home/ryedida/.local/lib/python3.9/site-packages/skopt/optimizer/optimizer.py", line 331, in copy
    optimizer._tell(self.Xi, self.yi)
  File "/home/ryedida/.local/lib/python3.9/site-packages/skopt/optimizer/optimizer.py", line 536, in _tell
    est.fit(self.space.transform(self.Xi), self.yi)
  File "/home/ryedida/.local/lib/python3.9/site-packages/skopt/space/space.py", line 969, in transform
    columns[j] = self.dimensions[j].transform(columns[j])
  File "/home/ryedida/.local/lib/python3.9/site-packages/skopt/space/space.py", line 162, in transform
    return self.transformer.transform(X)
  File "/home/ryedida/.local/lib/python3.9/site-packages/skopt/space/transformers.py", line 304, in transform
    X = transformer.transform(X)
  File "/home/ryedida/.local/lib/python3.9/site-packages/skopt/space/transformers.py", line 262, in transform
    return (np.round(X).astype(np.int) - self.low) /\
  File "/home/ryedida/.local/lib/python3.9/site-packages/numpy/__init__.py", line 305, in __getattr__
    raise AttributeError(__former_attrs__[attr])
AttributeError: module 'numpy' has no attribute 'int'.
`np.int` was a deprecated alias for the builtin `int`. To avoid this error in existing code, use `int` by itself. Doing this will not modify any behavior and is safe. When replacing `np.int`, you may wish to use e.g. `np.int64` or `np.int32` to specify the precision. If you wish to review your current use, check the release note link for additional information.
The aliases was originally deprecated in NumPy 1.20; for more details and guidance see the original release note at:
    https://numpy.org/devdocs/release/1.20.0-notes.html#deprecations
suggestion time taken 0.002997 iter 14 next_points [{'alpha': 1.9858728775296823, 'batch_size': 210, 'beta_1': 0.8936502295572482, 'beta_2': 0.9998701597250761, 'epsilon': 5.429450778152627e-09, 'hidden_layer_sizes': 135, 'learning_rate_init': 0.00746559649213686, 'tol': 0.0005534691429003523, 'validation_fraction': 0.3602621352738756}]
function_evaluation time 0.861635 value -0.957542 suggestion {'alpha': 1.9858728775296823, 'batch_size': 210, 'beta_1': 0.8936502295572482, 'beta_2': 0.9998701597250761, 'epsilon': 5.429450778152627e-09, 'hidden_layer_sizes': 135, 'learning_rate_init': 0.00746559649213686, 'tol': 0.0005534691429003523, 'validation_fraction': 0.3602621352738756}
Failure in optimizer observe. Ignoring these observations.
module 'numpy' has no attribute 'int'.
`np.int` was a deprecated alias for the builtin `int`. To avoid this error in existing code, use `int` by itself. Doing this will not modify any behavior and is safe. When replacing `np.int`, you may wish to use e.g. `np.int64` or `np.int32` to specify the precision. If you wish to review your current use, check the release note link for additional information.
The aliases was originally deprecated in NumPy 1.20; for more details and guidance see the original release note at:
    https://numpy.org/devdocs/release/1.20.0-notes.html#deprecations
Traceback (most recent call last):
  File "/home/ryedida/.local/lib/python3.9/site-packages/bayesmark/experiment.py", line 172, in run_study
    optimizer.observe(next_points, eval_list)
  File "/home/ryedida/bbo_challenge_starter_kit/example_submissions/skopt/optimizer.py", line 146, in observe
    self.skopt.tell(xx, yy)
  File "/home/ryedida/.local/lib/python3.9/site-packages/skopt/optimizer/optimizer.py", line 493, in tell
    return self._tell(x, y, fit=fit)
  File "/home/ryedida/.local/lib/python3.9/site-packages/skopt/optimizer/optimizer.py", line 536, in _tell
    est.fit(self.space.transform(self.Xi), self.yi)
  File "/home/ryedida/.local/lib/python3.9/site-packages/skopt/space/space.py", line 969, in transform
    columns[j] = self.dimensions[j].transform(columns[j])
  File "/home/ryedida/.local/lib/python3.9/site-packages/skopt/space/space.py", line 162, in transform
    return self.transformer.transform(X)
  File "/home/ryedida/.local/lib/python3.9/site-packages/skopt/space/transformers.py", line 304, in transform
    X = transformer.transform(X)
  File "/home/ryedida/.local/lib/python3.9/site-packages/skopt/space/transformers.py", line 262, in transform
    return (np.round(X).astype(np.int) - self.low) /\
  File "/home/ryedida/.local/lib/python3.9/site-packages/numpy/__init__.py", line 305, in __getattr__
    raise AttributeError(__former_attrs__[attr])
AttributeError: module 'numpy' has no attribute 'int'.
`np.int` was a deprecated alias for the builtin `int`. To avoid this error in existing code, use `int` by itself. Doing this will not modify any behavior and is safe. When replacing `np.int`, you may wish to use e.g. `np.int64` or `np.int32` to specify the precision. If you wish to review your current use, check the release note link for additional information.
The aliases was originally deprecated in NumPy 1.20; for more details and guidance see the original release note at:
    https://numpy.org/devdocs/release/1.20.0-notes.html#deprecations
observation time 0.000818, current best -0.972859 at iter 14
saving meta data: {'args': {'--uuid': '1a58a5e80b1b5e02a78959465a181f68', '-db-root': '/home/ryedida/bbo_challenge_starter_kit/output', '--opt-root': '/home/ryedida/bbo_challenge_starter_kit/example_submissions', '--data-root': None, '--db': 'run_20230407_081712', '--opt': 'skopt', '--data': 'digits', '--classifier': 'MLP-adam', '--metric': 'acc', '--calls': 15, '--suggestions': 1, '--jobs-file': None, '--verbose': False, 'dry_run': False, 'rev': 'a376313', 'opt_rev': '0.9.0'}, 'signature': ([{'alpha': 0.019628224813442792, 'batch_size': 182, 'beta_1': 0.9410202200271762, 'beta_2': 0.9998021557676793, 'epsilon': 1.8662266976518e-08, 'hidden_layer_sizes': 147, 'learning_rate_init': 0.0005627932047415167, 'tol': 0.03690557729213761, 'validation_fraction': 0.8846827852548593}, {'alpha': 0.0019982467392329444, 'batch_size': 200, 'beta_1': 0.919111482530466, 'beta_2': 0.9998488260436156, 'epsilon': 5.981221901152555e-07, 'hidden_layer_sizes': 61, 'learning_rate_init': 2.2310905607443014e-05, 'tol': 1.2046852412030316e-05, 'validation_fraction': 0.8117896445826539}, {'alpha': 0.46659545670218433, 'batch_size': 219, 'beta_1': 0.9889789783750891, 'beta_2': 0.9999896868093284, 'epsilon': 2.4234724484675948e-08, 'hidden_layer_sizes': 167, 'learning_rate_init': 2.972334644335654e-05, 'tol': 0.0036281404040243792, 'validation_fraction': 0.17260651658522078}, {'alpha': 4.656005689076002, 'batch_size': 135, 'beta_1': 0.870503881627747, 'beta_2': 0.9948873266941017, 'epsilon': 2.1023308743480125e-07, 'hidden_layer_sizes': 118, 'learning_rate_init': 0.0018781738757161913, 'tol': 1.1889379831773004e-05, 'validation_fraction': 0.6264327093752792}, {'alpha': 0.04705159350400542, 'batch_size': 158, 'beta_1': 0.9870884262730957, 'beta_2': 0.9999596874382349, 'epsilon': 1.1981845126013875e-08, 'hidden_layer_sizes': 116, 'learning_rate_init': 0.00617340520407431, 'tol': 1.741413418158619e-05, 'validation_fraction': 0.6754299026638921}], [-0.21081107239643826, -0.1295489740611692, -0.27999177313201706, -0.9422522260936896, -0.9332050909794812])}
saving results
saving timing
saving suggest log
done
