running: {'--uuid': '219c1d2ba02e52ad922c0502c9b21537', '-db-root': '/home/ryedida/bbo_challenge_starter_kit/output', '--opt-root': '/home/ryedida/bbo_challenge_starter_kit/example_submissions', '--data-root': None, '--db': 'run_20230407_081712', '--opt': 'hyperopt', '--data': 'digits', '--classifier': 'MLP-adam', '--metric': 'nll', '--calls': 15, '--suggestions': 1, '--jobs-file': None, '--verbose': False, 'dry_run': False, 'rev': 'a376313', 'opt_rev': '0.2.7'}
cmd: python hyperopt/optimizer.py -c MLP-adam -d digits -o hyperopt -u 219c1d2ba02e52ad922c0502c9b21537 -m nll -n 15 -p 1 -dir /home/ryedida/bbo_challenge_starter_kit/output -b run_20230407_081712
/home/ryedida/.local/lib/python3.9/site-packages/sklearn/neural_network/_multilayer_perceptron.py:605: UserWarning: Got `batch_size` less than 1 or larger than sample size. It is going to be clipped
  warnings.warn(

/home/ryedida/.local/lib/python3.9/site-packages/sklearn/neural_network/_multilayer_perceptron.py:686: ConvergenceWarning: Stochastic Optimizer: Maximum iterations (200) reached and the optimization hasn't converged yet.
  warnings.warn(

computed signature: ([{'alpha': 0.019628224813442792, 'batch_size': 182, 'beta_1': 0.9410202200271762, 'beta_2': 0.9998021557676793, 'epsilon': 1.8662266976518e-08, 'hidden_layer_sizes': 147, 'learning_rate_init': 0.0005627932047415167, 'tol': 0.03690557729213761, 'validation_fraction': 0.8846827852548593}, {'alpha': 0.0019982467392329444, 'batch_size': 200, 'beta_1': 0.919111482530466, 'beta_2': 0.9998488260436156, 'epsilon': 5.981221901152555e-07, 'hidden_layer_sizes': 61, 'learning_rate_init': 2.2310905607443014e-05, 'tol': 1.2046852412030316e-05, 'validation_fraction': 0.8117896445826539}, {'alpha': 0.46659545670218433, 'batch_size': 219, 'beta_1': 0.9889789783750891, 'beta_2': 0.9999896868093284, 'epsilon': 2.4234724484675948e-08, 'hidden_layer_sizes': 167, 'learning_rate_init': 2.972334644335654e-05, 'tol': 0.0036281404040243792, 'validation_fraction': 0.17260651658522078}, {'alpha': 4.656005689076002, 'batch_size': 135, 'beta_1': 0.870503881627747, 'beta_2': 0.9948873266941017, 'epsilon': 2.1023308743480125e-07, 'hidden_layer_sizes': 118, 'learning_rate_init': 0.0018781738757161913, 'tol': 1.1889379831773004e-05, 'validation_fraction': 0.6264327093752792}, {'alpha': 0.04705159350400542, 'batch_size': 158, 'beta_1': 0.9870884262730957, 'beta_2': 0.9999596874382349, 'epsilon': 1.1981845126013875e-08, 'hidden_layer_sizes': 116, 'learning_rate_init': 0.00617340520407431, 'tol': 1.741413418158619e-05, 'validation_fraction': 0.6754299026638921}], [4.8709522768835765, 9.712622772033223, 5.950791832993735, 0.19438427080405424, 0.251902166999456])
/home/ryedida/.local/lib/python3.9/site-packages/bayesmark/signatures.py:85: RuntimeWarning: Signature diverged on MLP-adam_digits_nll betwen [4.71022664 9.71262277 5.92543888 0.18972466 0.25190217] and [ 4.87095228 10.02890359  5.95079183  0.19438427  0.26094505]
  warnings.warn(

Signature errors:
                            0         1         2        3         4       max
MLP-adam_digits_nll  0.160726  0.316281  0.025353  0.00466  0.009043  0.316281
max                  0.160726  0.316281  0.025353  0.00466  0.009043  0.316281
starting sklearn study hyperopt MLP-adam digits nll 15 1
with data root: None
suggestion time taken 0.002221 iter 0 next_points [{'alpha': 0.0016911130651610948, 'batch_size': 231, 'beta_1': 0.5849295722944534, 'beta_2': 0.9433278125504664, 'epsilon': 4.809614812469756e-07, 'hidden_layer_sizes': 169, 'learning_rate_init': 0.024028156142382025, 'tol': 8.012141453409646e-05, 'validation_fraction': 0.4621648992656628}]
function_evaluation time 0.892700 value 0.143342 suggestion {'alpha': 0.0016911130651610948, 'batch_size': 231, 'beta_1': 0.5849295722944534, 'beta_2': 0.9433278125504664, 'epsilon': 4.809614812469756e-07, 'hidden_layer_sizes': 169, 'learning_rate_init': 0.024028156142382025, 'tol': 8.012141453409646e-05, 'validation_fraction': 0.4621648992656628}
observation time 0.000063, current best 0.143342 at iter 0
suggestion time taken 0.002136 iter 1 next_points [{'alpha': 7.195262713563445, 'batch_size': 115, 'beta_1': 0.6362746386238299, 'beta_2': 0.9785500502153496, 'epsilon': 8.803151849599742e-07, 'hidden_layer_sizes': 74, 'learning_rate_init': 0.08803535997916011, 'tol': 0.00026043543969568773, 'validation_fraction': 0.38386669548890134}]
function_evaluation time 0.322570 value 1.860258 suggestion {'alpha': 7.195262713563445, 'batch_size': 115, 'beta_1': 0.6362746386238299, 'beta_2': 0.9785500502153496, 'epsilon': 8.803151849599742e-07, 'hidden_layer_sizes': 74, 'learning_rate_init': 0.08803535997916011, 'tol': 0.00026043543969568773, 'validation_fraction': 0.38386669548890134}
observation time 0.000064, current best 0.143342 at iter 1
suggestion time taken 0.002095 iter 2 next_points [{'alpha': 3.149942577546352e-05, 'batch_size': 231, 'beta_1': 0.8922422471244968, 'beta_2': 0.9103703434237669, 'epsilon': 3.5815529697219213e-07, 'hidden_layer_sizes': 200, 'learning_rate_init': 0.01869548912478367, 'tol': 0.023948902324790557, 'validation_fraction': 0.5906064991870222}]
function_evaluation time 0.502755 value 0.327456 suggestion {'alpha': 3.149942577546352e-05, 'batch_size': 231, 'beta_1': 0.8922422471244968, 'beta_2': 0.9103703434237669, 'epsilon': 3.5815529697219213e-07, 'hidden_layer_sizes': 200, 'learning_rate_init': 0.01869548912478367, 'tol': 0.023948902324790557, 'validation_fraction': 0.5906064991870222}
observation time 0.000060, current best 0.143342 at iter 2
suggestion time taken 0.002105 iter 3 next_points [{'alpha': 0.001771715856788918, 'batch_size': 135, 'beta_1': 0.7757205363670893, 'beta_2': 0.988089550331551, 'epsilon': 3.4322699184917104e-07, 'hidden_layer_sizes': 147, 'learning_rate_init': 0.0008319898371149906, 'tol': 0.008490926408584348, 'validation_fraction': 0.39118942712381904}]
function_evaluation time 0.820199 value 0.171066 suggestion {'alpha': 0.001771715856788918, 'batch_size': 135, 'beta_1': 0.7757205363670893, 'beta_2': 0.988089550331551, 'epsilon': 3.4322699184917104e-07, 'hidden_layer_sizes': 147, 'learning_rate_init': 0.0008319898371149906, 'tol': 0.008490926408584348, 'validation_fraction': 0.39118942712381904}
observation time 0.000058, current best 0.143342 at iter 3
suggestion time taken 0.002050 iter 4 next_points [{'alpha': 0.02072088558663251, 'batch_size': 155, 'beta_1': 0.8424564456578583, 'beta_2': 0.920580573128406, 'epsilon': 1.0460080314279868e-09, 'hidden_layer_sizes': 76, 'learning_rate_init': 0.0024009923969284972, 'tol': 0.016160798490168275, 'validation_fraction': 0.6282509431229699}]
function_evaluation time 0.365685 value 0.274223 suggestion {'alpha': 0.02072088558663251, 'batch_size': 155, 'beta_1': 0.8424564456578583, 'beta_2': 0.920580573128406, 'epsilon': 1.0460080314279868e-09, 'hidden_layer_sizes': 76, 'learning_rate_init': 0.0024009923969284972, 'tol': 0.016160798490168275, 'validation_fraction': 0.6282509431229699}
observation time 0.000061, current best 0.143342 at iter 4
suggestion time taken 0.002135 iter 5 next_points [{'alpha': 0.0008060826118058969, 'batch_size': 116, 'beta_1': 0.5007188729182713, 'beta_2': 0.9770869848717445, 'epsilon': 3.269255268269355e-08, 'hidden_layer_sizes': 122, 'learning_rate_init': 0.024464668101570393, 'tol': 0.06485706713726476, 'validation_fraction': 0.19882672020080336}]
function_evaluation time 0.457505 value 0.138656 suggestion {'alpha': 0.0008060826118058969, 'batch_size': 116, 'beta_1': 0.5007188729182713, 'beta_2': 0.9770869848717445, 'epsilon': 3.269255268269355e-08, 'hidden_layer_sizes': 122, 'learning_rate_init': 0.024464668101570393, 'tol': 0.06485706713726476, 'validation_fraction': 0.19882672020080336}
observation time 0.000057, current best 0.138656 at iter 5
suggestion time taken 0.002107 iter 6 next_points [{'alpha': 0.6120749769353966, 'batch_size': 62, 'beta_1': 0.6370697915067098, 'beta_2': 0.9771701563464944, 'epsilon': 1.0204944186516787e-08, 'hidden_layer_sizes': 174, 'learning_rate_init': 9.078177363139199e-05, 'tol': 8.73118631720242e-05, 'validation_fraction': 0.36809783408699576}]
function_evaluation time 4.635489 value 0.166204 suggestion {'alpha': 0.6120749769353966, 'batch_size': 62, 'beta_1': 0.6370697915067098, 'beta_2': 0.9771701563464944, 'epsilon': 1.0204944186516787e-08, 'hidden_layer_sizes': 174, 'learning_rate_init': 9.078177363139199e-05, 'tol': 8.73118631720242e-05, 'validation_fraction': 0.36809783408699576}
observation time 0.000064, current best 0.138656 at iter 6
suggestion time taken 0.002346 iter 7 next_points [{'alpha': 0.002689235900486893, 'batch_size': 49, 'beta_1': 0.5413910255518645, 'beta_2': 0.9803569310725118, 'epsilon': 2.5698948766068748e-08, 'hidden_layer_sizes': 138, 'learning_rate_init': 0.004743727853475731, 'tol': 0.0012720370887751738, 'validation_fraction': 0.10575182006796273}]
function_evaluation time 1.476456 value 0.121585 suggestion {'alpha': 0.002689235900486893, 'batch_size': 49, 'beta_1': 0.5413910255518645, 'beta_2': 0.9803569310725118, 'epsilon': 2.5698948766068748e-08, 'hidden_layer_sizes': 138, 'learning_rate_init': 0.004743727853475731, 'tol': 0.0012720370887751738, 'validation_fraction': 0.10575182006796273}
observation time 0.000064, current best 0.121585 at iter 7
suggestion time taken 0.002120 iter 8 next_points [{'alpha': 0.8745148838054606, 'batch_size': 192, 'beta_1': 0.6598149435232494, 'beta_2': 0.9512313954077639, 'epsilon': 6.47234395008529e-09, 'hidden_layer_sizes': 162, 'learning_rate_init': 1.0253070739564946e-05, 'tol': 0.02900432261861672, 'validation_fraction': 0.19007266215028443}]
function_evaluation time 0.449629 value 7.713073 suggestion {'alpha': 0.8745148838054606, 'batch_size': 192, 'beta_1': 0.6598149435232494, 'beta_2': 0.9512313954077639, 'epsilon': 6.47234395008529e-09, 'hidden_layer_sizes': 162, 'learning_rate_init': 1.0253070739564946e-05, 'tol': 0.02900432261861672, 'validation_fraction': 0.19007266215028443}
observation time 0.000059, current best 0.121585 at iter 8
suggestion time taken 0.002075 iter 9 next_points [{'alpha': 0.0007342449251976561, 'batch_size': 183, 'beta_1': 0.5957710601363304, 'beta_2': 0.9144743767444155, 'epsilon': 6.672134844642737e-09, 'hidden_layer_sizes': 153, 'learning_rate_init': 0.00031421443542205344, 'tol': 0.026804410447199556, 'validation_fraction': 0.4258324109669771}]
function_evaluation time 0.722805 value 0.334751 suggestion {'alpha': 0.0007342449251976561, 'batch_size': 183, 'beta_1': 0.5957710601363304, 'beta_2': 0.9144743767444155, 'epsilon': 6.672134844642737e-09, 'hidden_layer_sizes': 153, 'learning_rate_init': 0.00031421443542205344, 'tol': 0.026804410447199556, 'validation_fraction': 0.4258324109669771}
observation time 0.000067, current best 0.121585 at iter 9
suggestion time taken 0.002113 iter 10 next_points [{'alpha': 0.06364436322664017, 'batch_size': 200, 'beta_1': 0.7074833515674687, 'beta_2': 0.9738773792844817, 'epsilon': 6.552630574289665e-07, 'hidden_layer_sizes': 161, 'learning_rate_init': 0.0007139268298435879, 'tol': 1.8200833430221272e-05, 'validation_fraction': 0.8522532436972985}]
function_evaluation time 1.853661 value 0.342882 suggestion {'alpha': 0.06364436322664017, 'batch_size': 200, 'beta_1': 0.7074833515674687, 'beta_2': 0.9738773792844817, 'epsilon': 6.552630574289665e-07, 'hidden_layer_sizes': 161, 'learning_rate_init': 0.0007139268298435879, 'tol': 1.8200833430221272e-05, 'validation_fraction': 0.8522532436972985}
observation time 0.000068, current best 0.121585 at iter 10
suggestion time taken 0.002346 iter 11 next_points [{'alpha': 1.723723362035016, 'batch_size': 246, 'beta_1': 0.9600741558756537, 'beta_2': 0.9643545034624484, 'epsilon': 2.477833716908867e-08, 'hidden_layer_sizes': 141, 'learning_rate_init': 2.3088009928949586e-05, 'tol': 0.01641236096153879, 'validation_fraction': 0.14214236603884553}]
function_evaluation time 0.372854 value 7.237396 suggestion {'alpha': 1.723723362035016, 'batch_size': 246, 'beta_1': 0.9600741558756537, 'beta_2': 0.9643545034624484, 'epsilon': 2.477833716908867e-08, 'hidden_layer_sizes': 141, 'learning_rate_init': 2.3088009928949586e-05, 'tol': 0.01641236096153879, 'validation_fraction': 0.14214236603884553}
observation time 0.000065, current best 0.121585 at iter 11
suggestion time taken 0.002159 iter 12 next_points [{'alpha': 0.03907149417022309, 'batch_size': 137, 'beta_1': 0.5705875461299983, 'beta_2': 0.9160580033853618, 'epsilon': 5.3842588813411816e-08, 'hidden_layer_sizes': 110, 'learning_rate_init': 0.0003655698663025708, 'tol': 0.010335446781869099, 'validation_fraction': 0.37698914504606823}]
function_evaluation time 1.027408 value 0.214647 suggestion {'alpha': 0.03907149417022309, 'batch_size': 137, 'beta_1': 0.5705875461299983, 'beta_2': 0.9160580033853618, 'epsilon': 5.3842588813411816e-08, 'hidden_layer_sizes': 110, 'learning_rate_init': 0.0003655698663025708, 'tol': 0.010335446781869099, 'validation_fraction': 0.37698914504606823}
observation time 0.000061, current best 0.121585 at iter 12
suggestion time taken 0.002057 iter 13 next_points [{'alpha': 0.3382575096891436, 'batch_size': 241, 'beta_1': 0.9166496938132928, 'beta_2': 0.9078557614662733, 'epsilon': 1.1364527509647422e-08, 'hidden_layer_sizes': 139, 'learning_rate_init': 0.082405227035368, 'tol': 0.0001503063036707854, 'validation_fraction': 0.14472358291682763}]
function_evaluation time 1.032126 value 0.544472 suggestion {'alpha': 0.3382575096891436, 'batch_size': 241, 'beta_1': 0.9166496938132928, 'beta_2': 0.9078557614662733, 'epsilon': 1.1364527509647422e-08, 'hidden_layer_sizes': 139, 'learning_rate_init': 0.082405227035368, 'tol': 0.0001503063036707854, 'validation_fraction': 0.14472358291682763}
observation time 0.000064, current best 0.121585 at iter 13
suggestion time taken 0.002137 iter 14 next_points [{'alpha': 2.5270940051503503, 'batch_size': 148, 'beta_1': 0.5851269277132047, 'beta_2': 0.9660928203366803, 'epsilon': 1.247782116586914e-09, 'hidden_layer_sizes': 88, 'learning_rate_init': 0.0004035052415443275, 'tol': 0.06408821874913291, 'validation_fraction': 0.7428645778060258}]
function_evaluation time 0.183908 value 3.188618 suggestion {'alpha': 2.5270940051503503, 'batch_size': 148, 'beta_1': 0.5851269277132047, 'beta_2': 0.9660928203366803, 'epsilon': 1.247782116586914e-09, 'hidden_layer_sizes': 88, 'learning_rate_init': 0.0004035052415443275, 'tol': 0.06408821874913291, 'validation_fraction': 0.7428645778060258}
observation time 0.000063, current best 0.121585 at iter 14
saving meta data: {'args': {'--uuid': '219c1d2ba02e52ad922c0502c9b21537', '-db-root': '/home/ryedida/bbo_challenge_starter_kit/output', '--opt-root': '/home/ryedida/bbo_challenge_starter_kit/example_submissions', '--data-root': None, '--db': 'run_20230407_081712', '--opt': 'hyperopt', '--data': 'digits', '--classifier': 'MLP-adam', '--metric': 'nll', '--calls': 15, '--suggestions': 1, '--jobs-file': None, '--verbose': False, 'dry_run': False, 'rev': 'a376313', 'opt_rev': '0.2.7'}, 'signature': ([{'alpha': 0.019628224813442792, 'batch_size': 182, 'beta_1': 0.9410202200271762, 'beta_2': 0.9998021557676793, 'epsilon': 1.8662266976518e-08, 'hidden_layer_sizes': 147, 'learning_rate_init': 0.0005627932047415167, 'tol': 0.03690557729213761, 'validation_fraction': 0.8846827852548593}, {'alpha': 0.0019982467392329444, 'batch_size': 200, 'beta_1': 0.919111482530466, 'beta_2': 0.9998488260436156, 'epsilon': 5.981221901152555e-07, 'hidden_layer_sizes': 61, 'learning_rate_init': 2.2310905607443014e-05, 'tol': 1.2046852412030316e-05, 'validation_fraction': 0.8117896445826539}, {'alpha': 0.46659545670218433, 'batch_size': 219, 'beta_1': 0.9889789783750891, 'beta_2': 0.9999896868093284, 'epsilon': 2.4234724484675948e-08, 'hidden_layer_sizes': 167, 'learning_rate_init': 2.972334644335654e-05, 'tol': 0.0036281404040243792, 'validation_fraction': 0.17260651658522078}, {'alpha': 4.656005689076002, 'batch_size': 135, 'beta_1': 0.870503881627747, 'beta_2': 0.9948873266941017, 'epsilon': 2.1023308743480125e-07, 'hidden_layer_sizes': 118, 'learning_rate_init': 0.0018781738757161913, 'tol': 1.1889379831773004e-05, 'validation_fraction': 0.6264327093752792}, {'alpha': 0.04705159350400542, 'batch_size': 158, 'beta_1': 0.9870884262730957, 'beta_2': 0.9999596874382349, 'epsilon': 1.1981845126013875e-08, 'hidden_layer_sizes': 116, 'learning_rate_init': 0.00617340520407431, 'tol': 1.741413418158619e-05, 'validation_fraction': 0.6754299026638921}], [4.8709522768835765, 9.712622772033223, 5.950791832993735, 0.19438427080405424, 0.251902166999456])}
saving results
saving timing
saving suggest log
done
