running: {'--uuid': '360b4ac866fe54d3bdb07920873194c3', '-db-root': '/home/ryedida/bbo_challenge_starter_kit/output', '--opt-root': '/home/ryedida/bbo_challenge_starter_kit/example_submissions', '--data-root': None, '--db': 'run_20230407_081712', '--opt': 'opentuner', '--data': 'digits', '--classifier': 'MLP-adam', '--metric': 'nll', '--calls': 15, '--suggestions': 1, '--jobs-file': None, '--verbose': False, 'dry_run': False, 'rev': 'a376313', 'opt_rev': '0.8.8'}
cmd: python opentuner/optimizer.py -c MLP-adam -d digits -o opentuner -u 360b4ac866fe54d3bdb07920873194c3 -m nll -n 15 -p 1 -dir /home/ryedida/bbo_challenge_starter_kit/output -b run_20230407_081712
/home/ryedida/.local/lib/python3.9/site-packages/sklearn/neural_network/_multilayer_perceptron.py:605: UserWarning: Got `batch_size` less than 1 or larger than sample size. It is going to be clipped
  warnings.warn(

/home/ryedida/.local/lib/python3.9/site-packages/sklearn/neural_network/_multilayer_perceptron.py:686: ConvergenceWarning: Stochastic Optimizer: Maximum iterations (200) reached and the optimization hasn't converged yet.
  warnings.warn(

computed signature: ([{'alpha': 0.019628224813442792, 'batch_size': 182, 'beta_1': 0.9410202200271762, 'beta_2': 0.9998021557676793, 'epsilon': 1.8662266976518e-08, 'hidden_layer_sizes': 147, 'learning_rate_init': 0.0005627932047415167, 'tol': 0.03690557729213761, 'validation_fraction': 0.8846827852548593}, {'alpha': 0.0019982467392329444, 'batch_size': 200, 'beta_1': 0.919111482530466, 'beta_2': 0.9998488260436156, 'epsilon': 5.981221901152555e-07, 'hidden_layer_sizes': 61, 'learning_rate_init': 2.2310905607443014e-05, 'tol': 1.2046852412030316e-05, 'validation_fraction': 0.8117896445826539}, {'alpha': 0.46659545670218433, 'batch_size': 219, 'beta_1': 0.9889789783750891, 'beta_2': 0.9999896868093284, 'epsilon': 2.4234724484675948e-08, 'hidden_layer_sizes': 167, 'learning_rate_init': 2.972334644335654e-05, 'tol': 0.0036281404040243792, 'validation_fraction': 0.17260651658522078}, {'alpha': 4.656005689076002, 'batch_size': 135, 'beta_1': 0.870503881627747, 'beta_2': 0.9948873266941017, 'epsilon': 2.1023308743480125e-07, 'hidden_layer_sizes': 118, 'learning_rate_init': 0.0018781738757161913, 'tol': 1.1889379831773004e-05, 'validation_fraction': 0.6264327093752792}, {'alpha': 0.04705159350400542, 'batch_size': 158, 'beta_1': 0.9870884262730957, 'beta_2': 0.9999596874382349, 'epsilon': 1.1981845126013875e-08, 'hidden_layer_sizes': 116, 'learning_rate_init': 0.00617340520407431, 'tol': 1.741413418158619e-05, 'validation_fraction': 0.6754299026638921}], [4.8709522768835765, 9.712622772033223, 5.950791832993735, 0.19438427080405424, 0.251902166999456])
/home/ryedida/.local/lib/python3.9/site-packages/bayesmark/signatures.py:85: RuntimeWarning: Signature diverged on MLP-adam_digits_nll betwen [4.71022664 9.71262277 5.92543888 0.18972466 0.25190217] and [ 4.87095228 10.02890359  5.95079183  0.19438427  0.26094505]
  warnings.warn(

Signature errors:
                            0         1         2        3         4       max
MLP-adam_digits_nll  0.160726  0.316281  0.025353  0.00466  0.009043  0.316281
max                  0.160726  0.316281  0.025353  0.00466  0.009043  0.316281
starting sklearn study opentuner MLP-adam digits nll 15 1
with data root: None
suggestion time taken 0.016889 iter 0 next_points [{'hidden_layer_sizes': 178, 'alpha': 8.90319582424687, 'batch_size': 143, 'learning_rate_init': 0.07960973584428037, 'tol': 0.021967852679086453, 'validation_fraction': 0.39048381066670224, 'beta_1': 0.6739877747646386, 'beta_2': 0.9624526884616744, 'epsilon': 3.774354998825326e-07}]
function_evaluation time 0.568483 value 2.955141 suggestion {'hidden_layer_sizes': 178, 'alpha': 8.90319582424687, 'batch_size': 143, 'learning_rate_init': 0.07960973584428037, 'tol': 0.021967852679086453, 'validation_fraction': 0.39048381066670224, 'beta_1': 0.6739877747646386, 'beta_2': 0.9624526884616744, 'epsilon': 3.774354998825326e-07}
observation time 0.004109, current best 2.955141 at iter 0
suggestion time taken 0.047204 iter 1 next_points [{'beta_1': 0.8901577823776542, 'batch_size': 220, 'beta_2': 0.9693202789943721, 'epsilon': 5.193163224501041e-08, 'alpha': 0.10889865791459312, 'learning_rate_init': 0.004691046329802596, 'hidden_layer_sizes': 171, 'tol': 0.028684317626094847, 'validation_fraction': 0.5568872649066582}]
function_evaluation time 0.401219 value 0.182913 suggestion {'beta_1': 0.8901577823776542, 'batch_size': 220, 'beta_2': 0.9693202789943721, 'epsilon': 5.193163224501041e-08, 'alpha': 0.10889865791459312, 'learning_rate_init': 0.004691046329802596, 'hidden_layer_sizes': 171, 'tol': 0.028684317626094847, 'validation_fraction': 0.5568872649066582}
observation time 0.001837, current best 0.182913 at iter 1
suggestion time taken 0.022569 iter 2 next_points [{'beta_1': 0.5181454904995144, 'batch_size': 96, 'beta_2': 0.9604380913379251, 'epsilon': 4.7260412597335724e-07, 'alpha': 7.350251606940624, 'learning_rate_init': 0.09023430952723992, 'hidden_layer_sizes': 88, 'tol': 0.01086953599073508, 'validation_fraction': 0.6571353344805776}]
function_evaluation time 0.288989 value 2.867298 suggestion {'beta_1': 0.5181454904995144, 'batch_size': 96, 'beta_2': 0.9604380913379251, 'epsilon': 4.7260412597335724e-07, 'alpha': 7.350251606940624, 'learning_rate_init': 0.09023430952723992, 'hidden_layer_sizes': 88, 'tol': 0.01086953599073508, 'validation_fraction': 0.6571353344805776}
observation time 0.001751, current best 0.182913 at iter 2
suggestion time taken 0.006957 iter 3 next_points [{'beta_1': 0.9616158727057347, 'batch_size': 220, 'beta_2': 0.9693202789943721, 'epsilon': 5.193163224501041e-08, 'alpha': 0.09319946957287432, 'learning_rate_init': 0.011594804842032392, 'hidden_layer_sizes': 138, 'tol': 0.028684317626094847, 'validation_fraction': 0.5568872649066582}]
function_evaluation time 0.386351 value 0.275609 suggestion {'beta_1': 0.9616158727057347, 'batch_size': 220, 'beta_2': 0.9693202789943721, 'epsilon': 5.193163224501041e-08, 'alpha': 0.09319946957287432, 'learning_rate_init': 0.011594804842032392, 'hidden_layer_sizes': 138, 'tol': 0.028684317626094847, 'validation_fraction': 0.5568872649066582}
observation time 0.001981, current best 0.182913 at iter 3
suggestion time taken 0.005121 iter 4 next_points [{'beta_1': 0.5556836272998646, 'batch_size': 77, 'beta_2': 0.9604993267968641, 'epsilon': 9.423853665485305e-07, 'alpha': 1.6769367132492046, 'learning_rate_init': 0.013190392533543194, 'hidden_layer_sizes': 100, 'tol': 0.040927014784629394, 'validation_fraction': 0.8251001559238532}]
function_evaluation time 0.276184 value 0.266882 suggestion {'beta_1': 0.5556836272998646, 'batch_size': 77, 'beta_2': 0.9604993267968641, 'epsilon': 9.423853665485305e-07, 'alpha': 1.6769367132492046, 'learning_rate_init': 0.013190392533543194, 'hidden_layer_sizes': 100, 'tol': 0.040927014784629394, 'validation_fraction': 0.8251001559238532}
observation time 0.001791, current best 0.182913 at iter 4
suggestion time taken 0.006777 iter 5 next_points [{'beta_1': 0.5196503264219307, 'batch_size': 220, 'beta_2': 0.9693202789943721, 'epsilon': 5.193163224501041e-08, 'alpha': 0.10889865791459312, 'learning_rate_init': 0.004691046329802596, 'hidden_layer_sizes': 171, 'tol': 0.028684317626094847, 'validation_fraction': 0.6180979097146566}]
function_evaluation time 0.343076 value 0.222834 suggestion {'beta_1': 0.5196503264219307, 'batch_size': 220, 'beta_2': 0.9693202789943721, 'epsilon': 5.193163224501041e-08, 'alpha': 0.10889865791459312, 'learning_rate_init': 0.004691046329802596, 'hidden_layer_sizes': 171, 'tol': 0.028684317626094847, 'validation_fraction': 0.6180979097146566}
observation time 0.001827, current best 0.182913 at iter 5
suggestion time taken 0.007274 iter 6 next_points [{'beta_1': 0.8901577823776542, 'batch_size': 220, 'beta_2': 0.9693202789943721, 'epsilon': 5.193163224501041e-08, 'alpha': 0.10889865791459312, 'learning_rate_init': 0.004691046329802596, 'hidden_layer_sizes': 171, 'tol': 0.028684317626094847, 'validation_fraction': 0.8844272967543153}]
/home/ryedida/.local/lib/python3.9/site-packages/sklearn/neural_network/_multilayer_perceptron.py:605: UserWarning: Got `batch_size` less than 1 or larger than sample size. It is going to be clipped
  warnings.warn(

function_evaluation time 0.304256 value 0.549553 suggestion {'beta_1': 0.8901577823776542, 'batch_size': 220, 'beta_2': 0.9693202789943721, 'epsilon': 5.193163224501041e-08, 'alpha': 0.10889865791459312, 'learning_rate_init': 0.004691046329802596, 'hidden_layer_sizes': 171, 'tol': 0.028684317626094847, 'validation_fraction': 0.8844272967543153}
observation time 0.001785, current best 0.182913 at iter 6
suggestion time taken 0.005112 iter 7 next_points [{'beta_1': 0.7295984562296722, 'batch_size': 230, 'beta_2': 0.9922001893451549, 'epsilon': 1.48436401309875e-07, 'alpha': 0.28771818106258035, 'learning_rate_init': 0.0502681623455467, 'hidden_layer_sizes': 191, 'tol': 0.043363367985885075, 'validation_fraction': 0.6926610829583559}]
function_evaluation time 0.413377 value 0.900500 suggestion {'beta_1': 0.7295984562296722, 'batch_size': 230, 'beta_2': 0.9922001893451549, 'epsilon': 1.48436401309875e-07, 'alpha': 0.28771818106258035, 'learning_rate_init': 0.0502681623455467, 'hidden_layer_sizes': 191, 'tol': 0.043363367985885075, 'validation_fraction': 0.6926610829583559}
observation time 0.001885, current best 0.182913 at iter 7
suggestion time taken 0.005161 iter 8 next_points [{'beta_1': 0.8649087781566838, 'batch_size': 76, 'beta_2': 0.9274413252133193, 'epsilon': 1.0443996029645519e-08, 'alpha': 0.5290030634837587, 'learning_rate_init': 0.07171496024980877, 'hidden_layer_sizes': 78, 'tol': 0.09050765724316305, 'validation_fraction': 0.35544630597069204}]
function_evaluation time 0.555864 value 0.398476 suggestion {'beta_1': 0.8649087781566838, 'batch_size': 76, 'beta_2': 0.9274413252133193, 'epsilon': 1.0443996029645519e-08, 'alpha': 0.5290030634837587, 'learning_rate_init': 0.07171496024980877, 'hidden_layer_sizes': 78, 'tol': 0.09050765724316305, 'validation_fraction': 0.35544630597069204}
observation time 0.001761, current best 0.182913 at iter 8
suggestion time taken 0.007005 iter 9 next_points [{'beta_1': 0.8901577823776542, 'batch_size': 220, 'beta_2': 0.9693202789943721, 'epsilon': 5.193163224501041e-08, 'alpha': 0.10889865791459312, 'learning_rate_init': 0.022301137613047018, 'hidden_layer_sizes': 171, 'tol': 0.04968277952551408, 'validation_fraction': 0.5568872649066582}]
function_evaluation time 0.383480 value 0.175455 suggestion {'beta_1': 0.8901577823776542, 'batch_size': 220, 'beta_2': 0.9693202789943721, 'epsilon': 5.193163224501041e-08, 'alpha': 0.10889865791459312, 'learning_rate_init': 0.022301137613047018, 'hidden_layer_sizes': 171, 'tol': 0.04968277952551408, 'validation_fraction': 0.5568872649066582}
observation time 0.001728, current best 0.175455 at iter 9
suggestion time taken 0.006673 iter 10 next_points [{'beta_1': 0.8901577823776542, 'batch_size': 70, 'beta_2': 0.9693202789943721, 'epsilon': 5.193163224501041e-08, 'alpha': 0.10889865791459312, 'learning_rate_init': 0.022301137613047018, 'hidden_layer_sizes': 171, 'tol': 0.04968277952551408, 'validation_fraction': 0.5568872649066582}]
function_evaluation time 0.496441 value 0.171073 suggestion {'beta_1': 0.8901577823776542, 'batch_size': 70, 'beta_2': 0.9693202789943721, 'epsilon': 5.193163224501041e-08, 'alpha': 0.10889865791459312, 'learning_rate_init': 0.022301137613047018, 'hidden_layer_sizes': 171, 'tol': 0.04968277952551408, 'validation_fraction': 0.5568872649066582}
observation time 0.001952, current best 0.171073 at iter 10
suggestion time taken 0.006616 iter 11 next_points [{'beta_1': 0.8901577823776542, 'batch_size': 70, 'beta_2': 0.9693202789943721, 'epsilon': 5.193163224501041e-08, 'alpha': 0.10889865791459312, 'learning_rate_init': 0.022301137613047018, 'hidden_layer_sizes': 171, 'tol': 0.04968277952551408, 'validation_fraction': 0.6037509775936337}]
function_evaluation time 0.459801 value 0.172362 suggestion {'beta_1': 0.8901577823776542, 'batch_size': 70, 'beta_2': 0.9693202789943721, 'epsilon': 5.193163224501041e-08, 'alpha': 0.10889865791459312, 'learning_rate_init': 0.022301137613047018, 'hidden_layer_sizes': 171, 'tol': 0.04968277952551408, 'validation_fraction': 0.6037509775936337}
observation time 0.001794, current best 0.171073 at iter 11
suggestion time taken 0.007026 iter 12 next_points [{'beta_1': 0.8901577823776542, 'batch_size': 70, 'beta_2': 0.9693202789943721, 'epsilon': 5.193163224501041e-08, 'alpha': 0.10889865791459312, 'learning_rate_init': 0.022301137613047018, 'hidden_layer_sizes': 117, 'tol': 0.04968277952551408, 'validation_fraction': 0.5568872649066582}]
function_evaluation time 0.417102 value 0.191911 suggestion {'beta_1': 0.8901577823776542, 'batch_size': 70, 'beta_2': 0.9693202789943721, 'epsilon': 5.193163224501041e-08, 'alpha': 0.10889865791459312, 'learning_rate_init': 0.022301137613047018, 'hidden_layer_sizes': 117, 'tol': 0.04968277952551408, 'validation_fraction': 0.5568872649066582}
observation time 0.001910, current best 0.171073 at iter 12
suggestion time taken 0.006826 iter 13 next_points [{'beta_1': 0.7892392941369634, 'batch_size': 70, 'beta_2': 0.9693202789943721, 'epsilon': 3.560924857812131e-08, 'alpha': 0.10889865791459312, 'learning_rate_init': 0.022301137613047018, 'hidden_layer_sizes': 171, 'tol': 0.04968277952551408, 'validation_fraction': 0.5568872649066582}]
function_evaluation time 0.467866 value 0.182282 suggestion {'beta_1': 0.7892392941369634, 'batch_size': 70, 'beta_2': 0.9693202789943721, 'epsilon': 3.560924857812131e-08, 'alpha': 0.10889865791459312, 'learning_rate_init': 0.022301137613047018, 'hidden_layer_sizes': 171, 'tol': 0.04968277952551408, 'validation_fraction': 0.5568872649066582}
observation time 0.001754, current best 0.171073 at iter 13
suggestion time taken 0.006573 iter 14 next_points [{'beta_1': 0.8901577823776542, 'batch_size': 55, 'beta_2': 0.9293441695869514, 'epsilon': 5.193163224501041e-08, 'alpha': 0.10889865791459312, 'learning_rate_init': 0.022301137613047018, 'hidden_layer_sizes': 171, 'tol': 0.04968277952551408, 'validation_fraction': 0.5568872649066582}]
function_evaluation time 0.557075 value 0.234525 suggestion {'beta_1': 0.8901577823776542, 'batch_size': 55, 'beta_2': 0.9293441695869514, 'epsilon': 5.193163224501041e-08, 'alpha': 0.10889865791459312, 'learning_rate_init': 0.022301137613047018, 'hidden_layer_sizes': 171, 'tol': 0.04968277952551408, 'validation_fraction': 0.5568872649066582}
observation time 0.002123, current best 0.171073 at iter 14
saving meta data: {'args': {'--uuid': '360b4ac866fe54d3bdb07920873194c3', '-db-root': '/home/ryedida/bbo_challenge_starter_kit/output', '--opt-root': '/home/ryedida/bbo_challenge_starter_kit/example_submissions', '--data-root': None, '--db': 'run_20230407_081712', '--opt': 'opentuner', '--data': 'digits', '--classifier': 'MLP-adam', '--metric': 'nll', '--calls': 15, '--suggestions': 1, '--jobs-file': None, '--verbose': False, 'dry_run': False, 'rev': 'a376313', 'opt_rev': '0.8.8'}, 'signature': ([{'alpha': 0.019628224813442792, 'batch_size': 182, 'beta_1': 0.9410202200271762, 'beta_2': 0.9998021557676793, 'epsilon': 1.8662266976518e-08, 'hidden_layer_sizes': 147, 'learning_rate_init': 0.0005627932047415167, 'tol': 0.03690557729213761, 'validation_fraction': 0.8846827852548593}, {'alpha': 0.0019982467392329444, 'batch_size': 200, 'beta_1': 0.919111482530466, 'beta_2': 0.9998488260436156, 'epsilon': 5.981221901152555e-07, 'hidden_layer_sizes': 61, 'learning_rate_init': 2.2310905607443014e-05, 'tol': 1.2046852412030316e-05, 'validation_fraction': 0.8117896445826539}, {'alpha': 0.46659545670218433, 'batch_size': 219, 'beta_1': 0.9889789783750891, 'beta_2': 0.9999896868093284, 'epsilon': 2.4234724484675948e-08, 'hidden_layer_sizes': 167, 'learning_rate_init': 2.972334644335654e-05, 'tol': 0.0036281404040243792, 'validation_fraction': 0.17260651658522078}, {'alpha': 4.656005689076002, 'batch_size': 135, 'beta_1': 0.870503881627747, 'beta_2': 0.9948873266941017, 'epsilon': 2.1023308743480125e-07, 'hidden_layer_sizes': 118, 'learning_rate_init': 0.0018781738757161913, 'tol': 1.1889379831773004e-05, 'validation_fraction': 0.6264327093752792}, {'alpha': 0.04705159350400542, 'batch_size': 158, 'beta_1': 0.9870884262730957, 'beta_2': 0.9999596874382349, 'epsilon': 1.1981845126013875e-08, 'hidden_layer_sizes': 116, 'learning_rate_init': 0.00617340520407431, 'tol': 1.741413418158619e-05, 'validation_fraction': 0.6754299026638921}], [4.8709522768835765, 9.712622772033223, 5.950791832993735, 0.19438427080405424, 0.251902166999456])}
saving results
saving timing
saving suggest log
done
