running: {'--uuid': '69fad268319b5e779fa3d9e79ba5d183', '-db-root': '/home/ryedida/bbo_challenge_starter_kit/output', '--opt-root': '/home/ryedida/bbo_challenge_starter_kit/example_submissions', '--data-root': None, '--db': 'run_20230407_081712', '--opt': 'turbo', '--data': 'digits', '--classifier': 'MLP-adam', '--metric': 'nll', '--calls': 15, '--suggestions': 1, '--jobs-file': None, '--verbose': False, 'dry_run': False, 'rev': 'a376313', 'opt_rev': '0.0.1'}
cmd: python turbo/optimizer.py -c MLP-adam -d digits -o turbo -u 69fad268319b5e779fa3d9e79ba5d183 -m nll -n 15 -p 1 -dir /home/ryedida/bbo_challenge_starter_kit/output -b run_20230407_081712
/home/ryedida/.local/lib/python3.9/site-packages/sklearn/neural_network/_multilayer_perceptron.py:605: UserWarning: Got `batch_size` less than 1 or larger than sample size. It is going to be clipped
  warnings.warn(

/home/ryedida/.local/lib/python3.9/site-packages/sklearn/neural_network/_multilayer_perceptron.py:686: ConvergenceWarning: Stochastic Optimizer: Maximum iterations (200) reached and the optimization hasn't converged yet.
  warnings.warn(

computed signature: ([{'alpha': 0.019628224813442792, 'batch_size': 182, 'beta_1': 0.9410202200271762, 'beta_2': 0.9998021557676793, 'epsilon': 1.8662266976518e-08, 'hidden_layer_sizes': 147, 'learning_rate_init': 0.0005627932047415167, 'tol': 0.03690557729213761, 'validation_fraction': 0.8846827852548593}, {'alpha': 0.0019982467392329444, 'batch_size': 200, 'beta_1': 0.919111482530466, 'beta_2': 0.9998488260436156, 'epsilon': 5.981221901152555e-07, 'hidden_layer_sizes': 61, 'learning_rate_init': 2.2310905607443014e-05, 'tol': 1.2046852412030316e-05, 'validation_fraction': 0.8117896445826539}, {'alpha': 0.46659545670218433, 'batch_size': 219, 'beta_1': 0.9889789783750891, 'beta_2': 0.9999896868093284, 'epsilon': 2.4234724484675948e-08, 'hidden_layer_sizes': 167, 'learning_rate_init': 2.972334644335654e-05, 'tol': 0.0036281404040243792, 'validation_fraction': 0.17260651658522078}, {'alpha': 4.656005689076002, 'batch_size': 135, 'beta_1': 0.870503881627747, 'beta_2': 0.9948873266941017, 'epsilon': 2.1023308743480125e-07, 'hidden_layer_sizes': 118, 'learning_rate_init': 0.0018781738757161913, 'tol': 1.1889379831773004e-05, 'validation_fraction': 0.6264327093752792}, {'alpha': 0.04705159350400542, 'batch_size': 158, 'beta_1': 0.9870884262730957, 'beta_2': 0.9999596874382349, 'epsilon': 1.1981845126013875e-08, 'hidden_layer_sizes': 116, 'learning_rate_init': 0.00617340520407431, 'tol': 1.741413418158619e-05, 'validation_fraction': 0.6754299026638921}], [4.8709522768835765, 9.712622772033223, 5.950791832993735, 0.19438427080405424, 0.251902166999456])
/home/ryedida/.local/lib/python3.9/site-packages/bayesmark/signatures.py:85: RuntimeWarning: Signature diverged on MLP-adam_digits_nll betwen [4.71022664 9.71262277 5.92543888 0.18972466 0.25190217] and [ 4.87095228 10.02890359  5.95079183  0.19438427  0.26094505]
  warnings.warn(

Signature errors:
                            0         1         2        3         4       max
MLP-adam_digits_nll  0.160726  0.316281  0.025353  0.00466  0.009043  0.316281
max                  0.160726  0.316281  0.025353  0.00466  0.009043  0.316281
starting sklearn study turbo MLP-adam digits nll 15 1
with data root: None
suggestion time taken 0.002205 iter 0 next_points [{'alpha': 3.1240877061851227, 'batch_size': 222, 'beta_1': 0.9810943481380336, 'beta_2': 0.9971490283542627, 'epsilon': 2.1427516595004183e-09, 'hidden_layer_sizes': 102, 'learning_rate_init': 6.219058281048176e-05, 'tol': 0.0019833765919247213, 'validation_fraction': 0.7270195138939237}]
function_evaluation time 0.716783 value 9.077518 suggestion {'alpha': 3.1240877061851227, 'batch_size': 222, 'beta_1': 0.9810943481380336, 'beta_2': 0.9971490283542627, 'epsilon': 2.1427516595004183e-09, 'hidden_layer_sizes': 102, 'learning_rate_init': 6.219058281048176e-05, 'tol': 0.0019833765919247213, 'validation_fraction': 0.7270195138939237}
observation time 0.001340, current best 9.077518 at iter 0
suggestion time taken 0.001740 iter 1 next_points [{'alpha': 0.004420164434978228, 'batch_size': 16, 'beta_1': 0.7091837935737267, 'beta_2': 0.9247668221893511, 'epsilon': 6.04913251408194e-08, 'hidden_layer_sizes': 61, 'learning_rate_init': 3.78325823764921e-05, 'tol': 0.04899631073906037, 'validation_fraction': 0.2692232684058768}]
function_evaluation time 1.026449 value 3.060600 suggestion {'alpha': 0.004420164434978228, 'batch_size': 16, 'beta_1': 0.7091837935737267, 'beta_2': 0.9247668221893511, 'epsilon': 6.04913251408194e-08, 'hidden_layer_sizes': 61, 'learning_rate_init': 3.78325823764921e-05, 'tol': 0.04899631073906037, 'validation_fraction': 0.2692232684058768}
observation time 0.001439, current best 3.060600 at iter 1
suggestion time taken 0.002099 iter 2 next_points [{'alpha': 0.028199858038102054, 'batch_size': 200, 'beta_1': 0.7313853150525708, 'beta_2': 0.9999989250152802, 'epsilon': 1.5090745852625392e-09, 'hidden_layer_sizes': 105, 'learning_rate_init': 0.001627151386311475, 'tol': 0.006240895561527763, 'validation_fraction': 0.5906769841408155}]
function_evaluation time 0.572925 value 0.245219 suggestion {'alpha': 0.028199858038102054, 'batch_size': 200, 'beta_1': 0.7313853150525708, 'beta_2': 0.9999989250152802, 'epsilon': 1.5090745852625392e-09, 'hidden_layer_sizes': 105, 'learning_rate_init': 0.001627151386311475, 'tol': 0.006240895561527763, 'validation_fraction': 0.5906769841408155}
observation time 0.001412, current best 0.245219 at iter 2
suggestion time taken 0.001751 iter 3 next_points [{'alpha': 0.11950336885603928, 'batch_size': 92, 'beta_1': 0.8503717457859692, 'beta_2': 0.9999941965284173, 'epsilon': 7.491085376230308e-09, 'hidden_layer_sizes': 159, 'learning_rate_init': 0.004493201040636555, 'tol': 5.569963337925758e-05, 'validation_fraction': 0.524722682954414}]
function_evaluation time 1.269506 value 0.157698 suggestion {'alpha': 0.11950336885603928, 'batch_size': 92, 'beta_1': 0.8503717457859692, 'beta_2': 0.9999941965284173, 'epsilon': 7.491085376230308e-09, 'hidden_layer_sizes': 159, 'learning_rate_init': 0.004493201040636555, 'tol': 5.569963337925758e-05, 'validation_fraction': 0.524722682954414}
observation time 0.001361, current best 0.157698 at iter 3
suggestion time taken 0.001770 iter 4 next_points [{'alpha': 1.1609735778448846, 'batch_size': 136, 'beta_1': 0.9551980557444748, 'beta_2': 0.9983904891373521, 'epsilon': 1.3778847692127265e-08, 'hidden_layer_sizes': 121, 'learning_rate_init': 0.007244569682009154, 'tol': 0.002069297041277878, 'validation_fraction': 0.30824139980272675}]
function_evaluation time 1.002206 value 0.132618 suggestion {'alpha': 1.1609735778448846, 'batch_size': 136, 'beta_1': 0.9551980557444748, 'beta_2': 0.9983904891373521, 'epsilon': 1.3778847692127265e-08, 'hidden_layer_sizes': 121, 'learning_rate_init': 0.007244569682009154, 'tol': 0.002069297041277878, 'validation_fraction': 0.30824139980272675}
observation time 0.001404, current best 0.132618 at iter 4
suggestion time taken 0.001750 iter 5 next_points [{'alpha': 0.008745970510285866, 'batch_size': 133, 'beta_1': 0.9595935216023738, 'beta_2': 0.9999675369109822, 'epsilon': 3.8167625919205995e-08, 'hidden_layer_sizes': 189, 'learning_rate_init': 0.0902123619481404, 'tol': 2.6179025481881665e-05, 'validation_fraction': 0.13630997663962008}]
function_evaluation time 0.899968 value 6.056874 suggestion {'alpha': 0.008745970510285866, 'batch_size': 133, 'beta_1': 0.9595935216023738, 'beta_2': 0.9999675369109822, 'epsilon': 3.8167625919205995e-08, 'hidden_layer_sizes': 189, 'learning_rate_init': 0.0902123619481404, 'tol': 2.6179025481881665e-05, 'validation_fraction': 0.13630997663962008}
observation time 0.001380, current best 0.132618 at iter 5
suggestion time taken 0.001745 iter 6 next_points [{'alpha': 3.96375241305967e-05, 'batch_size': 192, 'beta_1': 0.8324757889845248, 'beta_2': 0.9991625704390211, 'epsilon': 3.465944116577488e-08, 'hidden_layer_sizes': 123, 'learning_rate_init': 1.3107943714212302e-05, 'tol': 7.053242232583757e-05, 'validation_fraction': 0.8490248742463822}]
function_evaluation time 0.205977 value 12.323553 suggestion {'alpha': 3.96375241305967e-05, 'batch_size': 192, 'beta_1': 0.8324757889845248, 'beta_2': 0.9991625704390211, 'epsilon': 3.465944116577488e-08, 'hidden_layer_sizes': 123, 'learning_rate_init': 1.3107943714212302e-05, 'tol': 7.053242232583757e-05, 'validation_fraction': 0.8490248742463822}
observation time 0.001408, current best 0.132618 at iter 6
suggestion time taken 0.001732 iter 7 next_points [{'alpha': 0.0005731998776496273, 'batch_size': 114, 'beta_1': 0.8986054819367716, 'beta_2': 0.9998323467582807, 'epsilon': 9.163285196311879e-08, 'hidden_layer_sizes': 153, 'learning_rate_init': 0.0001892550764037182, 'tol': 0.01224988308742298, 'validation_fraction': 0.10405488645401788}]
function_evaluation time 1.768306 value 0.282962 suggestion {'alpha': 0.0005731998776496273, 'batch_size': 114, 'beta_1': 0.8986054819367716, 'beta_2': 0.9998323467582807, 'epsilon': 9.163285196311879e-08, 'hidden_layer_sizes': 153, 'learning_rate_init': 0.0001892550764037182, 'tol': 0.01224988308742298, 'validation_fraction': 0.10405488645401788}
observation time 0.001328, current best 0.132618 at iter 7
suggestion time taken 0.001783 iter 8 next_points [{'alpha': 0.002876798409591554, 'batch_size': 154, 'beta_1': 0.9477891855800349, 'beta_2': 0.9996359221311949, 'epsilon': 6.516093715417236e-07, 'hidden_layer_sizes': 81, 'learning_rate_init': 0.02360095218759509, 'tol': 0.06442520622708321, 'validation_fraction': 0.20509119350894062}]
function_evaluation time 0.394412 value 0.187319 suggestion {'alpha': 0.002876798409591554, 'batch_size': 154, 'beta_1': 0.9477891855800349, 'beta_2': 0.9996359221311949, 'epsilon': 6.516093715417236e-07, 'hidden_layer_sizes': 81, 'learning_rate_init': 0.02360095218759509, 'tol': 0.06442520622708321, 'validation_fraction': 0.20509119350894062}
observation time 0.001368, current best 0.132618 at iter 8
suggestion time taken 0.001735 iter 9 next_points [{'alpha': 0.5425685431169864, 'batch_size': 174, 'beta_1': 0.972743736040903, 'beta_2': 0.9999196251917667, 'epsilon': 2.510510421243822e-07, 'hidden_layer_sizes': 134, 'learning_rate_init': 0.00012805236993726734, 'tol': 0.030159218254637146, 'validation_fraction': 0.8979324416486647}]
/home/ryedida/.local/lib/python3.9/site-packages/sklearn/neural_network/_multilayer_perceptron.py:605: UserWarning: Got `batch_size` less than 1 or larger than sample size. It is going to be clipped
  warnings.warn(

function_evaluation time 0.152995 value 7.944545 suggestion {'alpha': 0.5425685431169864, 'batch_size': 174, 'beta_1': 0.972743736040903, 'beta_2': 0.9999196251917667, 'epsilon': 2.510510421243822e-07, 'hidden_layer_sizes': 134, 'learning_rate_init': 0.00012805236993726734, 'tol': 0.030159218254637146, 'validation_fraction': 0.8979324416486647}
observation time 0.001353, current best 0.132618 at iter 9
suggestion time taken 0.001742 iter 10 next_points [{'alpha': 0.0003345112118878373, 'batch_size': 250, 'beta_1': 0.542719929281197, 'beta_2': 0.9992715264300915, 'epsilon': 8.635797467795712e-07, 'hidden_layer_sizes': 170, 'learning_rate_init': 0.017080029406884613, 'tol': 0.021627296607967434, 'validation_fraction': 0.7424240689402174}]
function_evaluation time 0.314788 value 0.254636 suggestion {'alpha': 0.0003345112118878373, 'batch_size': 250, 'beta_1': 0.542719929281197, 'beta_2': 0.9992715264300915, 'epsilon': 8.635797467795712e-07, 'hidden_layer_sizes': 170, 'learning_rate_init': 0.017080029406884613, 'tol': 0.021627296607967434, 'validation_fraction': 0.7424240689402174}
observation time 0.001375, current best 0.132618 at iter 10
suggestion time taken 0.001728 iter 11 next_points [{'alpha': 0.2605146760679616, 'batch_size': 60, 'beta_1': 0.9860488247427701, 'beta_2': 0.9740300297455052, 'epsilon': 4.3456237462444336e-07, 'hidden_layer_sizes': 162, 'learning_rate_init': 0.0023135771021786967, 'tol': 2.964621630675053e-05, 'validation_fraction': 0.4191452759609695}]
function_evaluation time 1.289122 value 0.155593 suggestion {'alpha': 0.2605146760679616, 'batch_size': 60, 'beta_1': 0.9860488247427701, 'beta_2': 0.9740300297455052, 'epsilon': 4.3456237462444336e-07, 'hidden_layer_sizes': 162, 'learning_rate_init': 0.0023135771021786967, 'tol': 2.964621630675053e-05, 'validation_fraction': 0.4191452759609695}
observation time 0.001371, current best 0.132618 at iter 11
suggestion time taken 0.001765 iter 12 next_points [{'alpha': 0.6648119935137924, 'batch_size': 34, 'beta_1': 0.6367479805789108, 'beta_2': 0.9999893448835124, 'epsilon': 1.7576907699066602e-07, 'hidden_layer_sizes': 144, 'learning_rate_init': 0.00110039549123468, 'tol': 0.0001379188608605135, 'validation_fraction': 0.8155698988955585}]
function_evaluation time 2.108085 value 0.255693 suggestion {'alpha': 0.6648119935137924, 'batch_size': 34, 'beta_1': 0.6367479805789108, 'beta_2': 0.9999893448835124, 'epsilon': 1.7576907699066602e-07, 'hidden_layer_sizes': 144, 'learning_rate_init': 0.00110039549123468, 'tol': 0.0001379188608605135, 'validation_fraction': 0.8155698988955585}
observation time 0.001333, current best 0.132618 at iter 12
suggestion time taken 0.001917 iter 13 next_points [{'alpha': 0.0016198809464238958, 'batch_size': 227, 'beta_1': 0.9237304095502487, 'beta_2': 0.9554327244119729, 'epsilon': 1.9492101053042523e-08, 'hidden_layer_sizes': 67, 'learning_rate_init': 0.0005830919088517987, 'tol': 0.00047962263533709627, 'validation_fraction': 0.6802959926739327}]
function_evaluation time 1.851348 value 0.242689 suggestion {'alpha': 0.0016198809464238958, 'batch_size': 227, 'beta_1': 0.9237304095502487, 'beta_2': 0.9554327244119729, 'epsilon': 1.9492101053042523e-08, 'hidden_layer_sizes': 67, 'learning_rate_init': 0.0005830919088517987, 'tol': 0.00047962263533709627, 'validation_fraction': 0.6802959926739327}
observation time 0.001344, current best 0.132618 at iter 13
suggestion time taken 0.001791 iter 14 next_points [{'alpha': 0.031053540346808545, 'batch_size': 43, 'beta_1': 0.9885874778065259, 'beta_2': 0.9941243709089107, 'epsilon': 3.7099130334196177e-09, 'hidden_layer_sizes': 84, 'learning_rate_init': 1.7260109203466932e-05, 'tol': 0.003658332754413956, 'validation_fraction': 0.4034591195854341}]
function_evaluation time 4.593076 value 3.701603 suggestion {'alpha': 0.031053540346808545, 'batch_size': 43, 'beta_1': 0.9885874778065259, 'beta_2': 0.9941243709089107, 'epsilon': 3.7099130334196177e-09, 'hidden_layer_sizes': 84, 'learning_rate_init': 1.7260109203466932e-05, 'tol': 0.003658332754413956, 'validation_fraction': 0.4034591195854341}
observation time 0.001338, current best 0.132618 at iter 14
saving meta data: {'args': {'--uuid': '69fad268319b5e779fa3d9e79ba5d183', '-db-root': '/home/ryedida/bbo_challenge_starter_kit/output', '--opt-root': '/home/ryedida/bbo_challenge_starter_kit/example_submissions', '--data-root': None, '--db': 'run_20230407_081712', '--opt': 'turbo', '--data': 'digits', '--classifier': 'MLP-adam', '--metric': 'nll', '--calls': 15, '--suggestions': 1, '--jobs-file': None, '--verbose': False, 'dry_run': False, 'rev': 'a376313', 'opt_rev': '0.0.1'}, 'signature': ([{'alpha': 0.019628224813442792, 'batch_size': 182, 'beta_1': 0.9410202200271762, 'beta_2': 0.9998021557676793, 'epsilon': 1.8662266976518e-08, 'hidden_layer_sizes': 147, 'learning_rate_init': 0.0005627932047415167, 'tol': 0.03690557729213761, 'validation_fraction': 0.8846827852548593}, {'alpha': 0.0019982467392329444, 'batch_size': 200, 'beta_1': 0.919111482530466, 'beta_2': 0.9998488260436156, 'epsilon': 5.981221901152555e-07, 'hidden_layer_sizes': 61, 'learning_rate_init': 2.2310905607443014e-05, 'tol': 1.2046852412030316e-05, 'validation_fraction': 0.8117896445826539}, {'alpha': 0.46659545670218433, 'batch_size': 219, 'beta_1': 0.9889789783750891, 'beta_2': 0.9999896868093284, 'epsilon': 2.4234724484675948e-08, 'hidden_layer_sizes': 167, 'learning_rate_init': 2.972334644335654e-05, 'tol': 0.0036281404040243792, 'validation_fraction': 0.17260651658522078}, {'alpha': 4.656005689076002, 'batch_size': 135, 'beta_1': 0.870503881627747, 'beta_2': 0.9948873266941017, 'epsilon': 2.1023308743480125e-07, 'hidden_layer_sizes': 118, 'learning_rate_init': 0.0018781738757161913, 'tol': 1.1889379831773004e-05, 'validation_fraction': 0.6264327093752792}, {'alpha': 0.04705159350400542, 'batch_size': 158, 'beta_1': 0.9870884262730957, 'beta_2': 0.9999596874382349, 'epsilon': 1.1981845126013875e-08, 'hidden_layer_sizes': 116, 'learning_rate_init': 0.00617340520407431, 'tol': 1.741413418158619e-05, 'validation_fraction': 0.6754299026638921}], [4.8709522768835765, 9.712622772033223, 5.950791832993735, 0.19438427080405424, 0.251902166999456])}
saving results
saving timing
saving suggest log
done
