running: {'--uuid': '6cdc32316e205d808bb8c0a25248f4ef', '-db-root': '/home/ryedida/bbo_challenge_starter_kit/output', '--opt-root': '/home/ryedida/bbo_challenge_starter_kit/example_submissions', '--data-root': None, '--db': 'run_20230407_081712', '--opt': 'random-search', '--data': 'digits', '--classifier': 'MLP-adam', '--metric': 'nll', '--calls': 15, '--suggestions': 1, '--jobs-file': None, '--verbose': False, 'dry_run': False, 'rev': 'a376313', 'opt_rev': '0.0.8'}
cmd: python random-search/optimizer.py -c MLP-adam -d digits -o random-search -u 6cdc32316e205d808bb8c0a25248f4ef -m nll -n 15 -p 1 -dir /home/ryedida/bbo_challenge_starter_kit/output -b run_20230407_081712
/home/ryedida/.local/lib/python3.9/site-packages/sklearn/neural_network/_multilayer_perceptron.py:605: UserWarning: Got `batch_size` less than 1 or larger than sample size. It is going to be clipped
  warnings.warn(

/home/ryedida/.local/lib/python3.9/site-packages/sklearn/neural_network/_multilayer_perceptron.py:686: ConvergenceWarning: Stochastic Optimizer: Maximum iterations (200) reached and the optimization hasn't converged yet.
  warnings.warn(

computed signature: ([{'alpha': 0.019628224813442792, 'batch_size': 182, 'beta_1': 0.9410202200271762, 'beta_2': 0.9998021557676793, 'epsilon': 1.8662266976518e-08, 'hidden_layer_sizes': 147, 'learning_rate_init': 0.0005627932047415167, 'tol': 0.03690557729213761, 'validation_fraction': 0.8846827852548593}, {'alpha': 0.0019982467392329444, 'batch_size': 200, 'beta_1': 0.919111482530466, 'beta_2': 0.9998488260436156, 'epsilon': 5.981221901152555e-07, 'hidden_layer_sizes': 61, 'learning_rate_init': 2.2310905607443014e-05, 'tol': 1.2046852412030316e-05, 'validation_fraction': 0.8117896445826539}, {'alpha': 0.46659545670218433, 'batch_size': 219, 'beta_1': 0.9889789783750891, 'beta_2': 0.9999896868093284, 'epsilon': 2.4234724484675948e-08, 'hidden_layer_sizes': 167, 'learning_rate_init': 2.972334644335654e-05, 'tol': 0.0036281404040243792, 'validation_fraction': 0.17260651658522078}, {'alpha': 4.656005689076002, 'batch_size': 135, 'beta_1': 0.870503881627747, 'beta_2': 0.9948873266941017, 'epsilon': 2.1023308743480125e-07, 'hidden_layer_sizes': 118, 'learning_rate_init': 0.0018781738757161913, 'tol': 1.1889379831773004e-05, 'validation_fraction': 0.6264327093752792}, {'alpha': 0.04705159350400542, 'batch_size': 158, 'beta_1': 0.9870884262730957, 'beta_2': 0.9999596874382349, 'epsilon': 1.1981845126013875e-08, 'hidden_layer_sizes': 116, 'learning_rate_init': 0.00617340520407431, 'tol': 1.741413418158619e-05, 'validation_fraction': 0.6754299026638921}], [4.8709522768835765, 9.712622772033223, 5.950791832993735, 0.19438427080405424, 0.251902166999456])
/home/ryedida/.local/lib/python3.9/site-packages/bayesmark/signatures.py:85: RuntimeWarning: Signature diverged on MLP-adam_digits_nll betwen [4.71022664 9.71262277 5.92543888 0.18972466 0.25190217] and [ 4.87095228 10.02890359  5.95079183  0.19438427  0.26094505]
  warnings.warn(

Signature errors:
                            0         1         2        3         4       max
MLP-adam_digits_nll  0.160726  0.316281  0.025353  0.00466  0.009043  0.316281
max                  0.160726  0.316281  0.025353  0.00466  0.009043  0.316281
starting sklearn study random-search MLP-adam digits nll 15 1
with data root: None
suggestion time taken 0.002962 iter 0 next_points [{'alpha': 0.011547009391077378, 'batch_size': 197, 'beta_1': 0.8736358923882841, 'beta_2': 0.9999979713718121, 'epsilon': 1.2017796208508264e-08, 'hidden_layer_sizes': 120, 'learning_rate_init': 0.002668600084737749, 'tol': 0.06557449175030505, 'validation_fraction': 0.879176666635985}]
/home/ryedida/.local/lib/python3.9/site-packages/sklearn/neural_network/_multilayer_perceptron.py:605: UserWarning: Got `batch_size` less than 1 or larger than sample size. It is going to be clipped
  warnings.warn(

function_evaluation time 0.249402 value 0.605664 suggestion {'alpha': 0.011547009391077378, 'batch_size': 197, 'beta_1': 0.8736358923882841, 'beta_2': 0.9999979713718121, 'epsilon': 1.2017796208508264e-08, 'hidden_layer_sizes': 120, 'learning_rate_init': 0.002668600084737749, 'tol': 0.06557449175030505, 'validation_fraction': 0.879176666635985}
observation time 0.000005, current best 0.605664 at iter 0
suggestion time taken 0.002553 iter 1 next_points [{'alpha': 0.005013007872016332, 'batch_size': 249, 'beta_1': 0.9651064284003072, 'beta_2': 0.9447223905735048, 'epsilon': 3.600371936865188e-09, 'hidden_layer_sizes': 74, 'learning_rate_init': 0.015856800660876174, 'tol': 0.00024128236768527746, 'validation_fraction': 0.3589805953039193}]
function_evaluation time 0.821120 value 0.336823 suggestion {'alpha': 0.005013007872016332, 'batch_size': 249, 'beta_1': 0.9651064284003072, 'beta_2': 0.9447223905735048, 'epsilon': 3.600371936865188e-09, 'hidden_layer_sizes': 74, 'learning_rate_init': 0.015856800660876174, 'tol': 0.00024128236768527746, 'validation_fraction': 0.3589805953039193}
observation time 0.000004, current best 0.336823 at iter 1
suggestion time taken 0.002810 iter 2 next_points [{'alpha': 2.0944360800812273e-05, 'batch_size': 24, 'beta_1': 0.9760955899500422, 'beta_2': 0.9997795595521001, 'epsilon': 4.9124875215795766e-08, 'hidden_layer_sizes': 112, 'learning_rate_init': 5.518714023515832e-05, 'tol': 0.005672788898950655, 'validation_fraction': 0.5126240494784212}]
function_evaluation time 3.351648 value 0.435517 suggestion {'alpha': 2.0944360800812273e-05, 'batch_size': 24, 'beta_1': 0.9760955899500422, 'beta_2': 0.9997795595521001, 'epsilon': 4.9124875215795766e-08, 'hidden_layer_sizes': 112, 'learning_rate_init': 5.518714023515832e-05, 'tol': 0.005672788898950655, 'validation_fraction': 0.5126240494784212}
observation time 0.000005, current best 0.336823 at iter 2
suggestion time taken 0.002553 iter 3 next_points [{'alpha': 0.4443574863918538, 'batch_size': 169, 'beta_1': 0.7476690080898335, 'beta_2': 0.9216330302413664, 'epsilon': 9.351098746410152e-08, 'hidden_layer_sizes': 195, 'learning_rate_init': 0.0004330182089367381, 'tol': 0.0002754482422388405, 'validation_fraction': 0.18341493132564193}]
function_evaluation time 1.690547 value 0.138537 suggestion {'alpha': 0.4443574863918538, 'batch_size': 169, 'beta_1': 0.7476690080898335, 'beta_2': 0.9216330302413664, 'epsilon': 9.351098746410152e-08, 'hidden_layer_sizes': 195, 'learning_rate_init': 0.0004330182089367381, 'tol': 0.0002754482422388405, 'validation_fraction': 0.18341493132564193}
observation time 0.000004, current best 0.138537 at iter 3
suggestion time taken 0.002550 iter 4 next_points [{'alpha': 0.0073871487893544825, 'batch_size': 227, 'beta_1': 0.6692362642686925, 'beta_2': 0.9997568867286976, 'epsilon': 3.6859942921192515e-07, 'hidden_layer_sizes': 170, 'learning_rate_init': 8.35307431675965e-05, 'tol': 0.08693945857580701, 'validation_fraction': 0.772852214154625}]
function_evaluation time 0.259897 value 6.647585 suggestion {'alpha': 0.0073871487893544825, 'batch_size': 227, 'beta_1': 0.6692362642686925, 'beta_2': 0.9997568867286976, 'epsilon': 3.6859942921192515e-07, 'hidden_layer_sizes': 170, 'learning_rate_init': 8.35307431675965e-05, 'tol': 0.08693945857580701, 'validation_fraction': 0.772852214154625}
observation time 0.000005, current best 0.138537 at iter 4
suggestion time taken 0.002589 iter 5 next_points [{'alpha': 0.003100666944106238, 'batch_size': 178, 'beta_1': 0.6525758823324679, 'beta_2': 0.9661380009403829, 'epsilon': 3.6192522145238988e-09, 'hidden_layer_sizes': 187, 'learning_rate_init': 0.003461975680954116, 'tol': 0.00016212461354697262, 'validation_fraction': 0.8350324301771769}]
function_evaluation time 0.872745 value 0.286981 suggestion {'alpha': 0.003100666944106238, 'batch_size': 178, 'beta_1': 0.6525758823324679, 'beta_2': 0.9661380009403829, 'epsilon': 3.6192522145238988e-09, 'hidden_layer_sizes': 187, 'learning_rate_init': 0.003461975680954116, 'tol': 0.00016212461354697262, 'validation_fraction': 0.8350324301771769}
observation time 0.000005, current best 0.138537 at iter 5
suggestion time taken 0.002598 iter 6 next_points [{'alpha': 0.024613119416340198, 'batch_size': 37, 'beta_1': 0.7906700221600331, 'beta_2': 0.9999532133291426, 'epsilon': 1.7059571052350202e-09, 'hidden_layer_sizes': 141, 'learning_rate_init': 0.031428985854749264, 'tol': 0.031099799794669977, 'validation_fraction': 0.6809822321542321}]
function_evaluation time 0.512581 value 0.234063 suggestion {'alpha': 0.024613119416340198, 'batch_size': 37, 'beta_1': 0.7906700221600331, 'beta_2': 0.9999532133291426, 'epsilon': 1.7059571052350202e-09, 'hidden_layer_sizes': 141, 'learning_rate_init': 0.031428985854749264, 'tol': 0.031099799794669977, 'validation_fraction': 0.6809822321542321}
observation time 0.000005, current best 0.138537 at iter 6
suggestion time taken 0.002561 iter 7 next_points [{'alpha': 6.550814447730281, 'batch_size': 64, 'beta_1': 0.9843300885474376, 'beta_2': 0.999995052531401, 'epsilon': 9.623869947294651e-07, 'hidden_layer_sizes': 185, 'learning_rate_init': 0.0007569962106473602, 'tol': 0.001028919718160173, 'validation_fraction': 0.6695937482081582}]
function_evaluation time 1.506429 value 0.199236 suggestion {'alpha': 6.550814447730281, 'batch_size': 64, 'beta_1': 0.9843300885474376, 'beta_2': 0.999995052531401, 'epsilon': 9.623869947294651e-07, 'hidden_layer_sizes': 185, 'learning_rate_init': 0.0007569962106473602, 'tol': 0.001028919718160173, 'validation_fraction': 0.6695937482081582}
observation time 0.000005, current best 0.138537 at iter 7
suggestion time taken 0.002584 iter 8 next_points [{'alpha': 0.004107694142470567, 'batch_size': 239, 'beta_1': 0.9638131026869019, 'beta_2': 0.9987070868818672, 'epsilon': 8.819988514333492e-08, 'hidden_layer_sizes': 83, 'learning_rate_init': 0.0005066366854261419, 'tol': 0.0005261309278036094, 'validation_fraction': 0.28118814824462923}]
function_evaluation time 1.870116 value 0.218515 suggestion {'alpha': 0.004107694142470567, 'batch_size': 239, 'beta_1': 0.9638131026869019, 'beta_2': 0.9987070868818672, 'epsilon': 8.819988514333492e-08, 'hidden_layer_sizes': 83, 'learning_rate_init': 0.0005066366854261419, 'tol': 0.0005261309278036094, 'validation_fraction': 0.28118814824462923}
observation time 0.000005, current best 0.138537 at iter 8
suggestion time taken 0.002840 iter 9 next_points [{'alpha': 0.00036652377124964255, 'batch_size': 120, 'beta_1': 0.8740812267772142, 'beta_2': 0.9973671165470513, 'epsilon': 1.2913300715778948e-09, 'hidden_layer_sizes': 105, 'learning_rate_init': 1.0063537750014963e-05, 'tol': 0.000782345928469734, 'validation_fraction': 0.8332484734526682}]
function_evaluation time 0.632785 value 13.599720 suggestion {'alpha': 0.00036652377124964255, 'batch_size': 120, 'beta_1': 0.8740812267772142, 'beta_2': 0.9973671165470513, 'epsilon': 1.2913300715778948e-09, 'hidden_layer_sizes': 105, 'learning_rate_init': 1.0063537750014963e-05, 'tol': 0.000782345928469734, 'validation_fraction': 0.8332484734526682}
observation time 0.000005, current best 0.138537 at iter 9
suggestion time taken 0.002630 iter 10 next_points [{'alpha': 0.00021768228377905957, 'batch_size': 185, 'beta_1': 0.5071966288528891, 'beta_2': 0.9310031185797519, 'epsilon': 3.3079456494735103e-07, 'hidden_layer_sizes': 128, 'learning_rate_init': 0.0003372537044313802, 'tol': 1.810950421994728e-05, 'validation_fraction': 0.7260742448131245}]
function_evaluation time 2.094652 value 0.261225 suggestion {'alpha': 0.00021768228377905957, 'batch_size': 185, 'beta_1': 0.5071966288528891, 'beta_2': 0.9310031185797519, 'epsilon': 3.3079456494735103e-07, 'hidden_layer_sizes': 128, 'learning_rate_init': 0.0003372537044313802, 'tol': 1.810950421994728e-05, 'validation_fraction': 0.7260742448131245}
observation time 0.000004, current best 0.138537 at iter 10
suggestion time taken 0.002757 iter 11 next_points [{'alpha': 0.00035509763282397683, 'batch_size': 237, 'beta_1': 0.9133616262819308, 'beta_2': 0.9998744769361934, 'epsilon': 4.863482812130773e-07, 'hidden_layer_sizes': 71, 'learning_rate_init': 7.002874462514037e-05, 'tol': 0.006065724270262759, 'validation_fraction': 0.2978934121552169}]
function_evaluation time 0.794641 value 10.623105 suggestion {'alpha': 0.00035509763282397683, 'batch_size': 237, 'beta_1': 0.9133616262819308, 'beta_2': 0.9998744769361934, 'epsilon': 4.863482812130773e-07, 'hidden_layer_sizes': 71, 'learning_rate_init': 7.002874462514037e-05, 'tol': 0.006065724270262759, 'validation_fraction': 0.2978934121552169}
observation time 0.000005, current best 0.138537 at iter 11
suggestion time taken 0.002540 iter 12 next_points [{'alpha': 0.6497938205539123, 'batch_size': 175, 'beta_1': 0.6579835094774249, 'beta_2': 0.9984669752887215, 'epsilon': 1.3820511595177435e-07, 'hidden_layer_sizes': 124, 'learning_rate_init': 6.974157590573575e-05, 'tol': 0.00033719597118905955, 'validation_fraction': 0.11181789611337334}]
function_evaluation time 2.684856 value 2.255002 suggestion {'alpha': 0.6497938205539123, 'batch_size': 175, 'beta_1': 0.6579835094774249, 'beta_2': 0.9984669752887215, 'epsilon': 1.3820511595177435e-07, 'hidden_layer_sizes': 124, 'learning_rate_init': 6.974157590573575e-05, 'tol': 0.00033719597118905955, 'validation_fraction': 0.11181789611337334}
observation time 0.000005, current best 0.138537 at iter 12
suggestion time taken 0.002798 iter 13 next_points [{'alpha': 0.7960325671439469, 'batch_size': 136, 'beta_1': 0.6853443984442319, 'beta_2': 0.9948982985137612, 'epsilon': 3.622136245922516e-07, 'hidden_layer_sizes': 56, 'learning_rate_init': 0.0003969067523422952, 'tol': 1.2078399456132123e-05, 'validation_fraction': 0.46018211204848725}]
function_evaluation time 2.278319 value 0.254651 suggestion {'alpha': 0.7960325671439469, 'batch_size': 136, 'beta_1': 0.6853443984442319, 'beta_2': 0.9948982985137612, 'epsilon': 3.622136245922516e-07, 'hidden_layer_sizes': 56, 'learning_rate_init': 0.0003969067523422952, 'tol': 1.2078399456132123e-05, 'validation_fraction': 0.46018211204848725}
observation time 0.000004, current best 0.138537 at iter 13
suggestion time taken 0.002527 iter 14 next_points [{'alpha': 4.8606296863200855, 'batch_size': 20, 'beta_1': 0.8240856849102808, 'beta_2': 0.9994125289049387, 'epsilon': 4.7964986323280014e-09, 'hidden_layer_sizes': 110, 'learning_rate_init': 0.0007475521993608026, 'tol': 0.0010416677947152249, 'validation_fraction': 0.2885543823470877}]
function_evaluation time 2.779771 value 0.270215 suggestion {'alpha': 4.8606296863200855, 'batch_size': 20, 'beta_1': 0.8240856849102808, 'beta_2': 0.9994125289049387, 'epsilon': 4.7964986323280014e-09, 'hidden_layer_sizes': 110, 'learning_rate_init': 0.0007475521993608026, 'tol': 0.0010416677947152249, 'validation_fraction': 0.2885543823470877}
observation time 0.000005, current best 0.138537 at iter 14
saving meta data: {'args': {'--uuid': '6cdc32316e205d808bb8c0a25248f4ef', '-db-root': '/home/ryedida/bbo_challenge_starter_kit/output', '--opt-root': '/home/ryedida/bbo_challenge_starter_kit/example_submissions', '--data-root': None, '--db': 'run_20230407_081712', '--opt': 'random-search', '--data': 'digits', '--classifier': 'MLP-adam', '--metric': 'nll', '--calls': 15, '--suggestions': 1, '--jobs-file': None, '--verbose': False, 'dry_run': False, 'rev': 'a376313', 'opt_rev': '0.0.8'}, 'signature': ([{'alpha': 0.019628224813442792, 'batch_size': 182, 'beta_1': 0.9410202200271762, 'beta_2': 0.9998021557676793, 'epsilon': 1.8662266976518e-08, 'hidden_layer_sizes': 147, 'learning_rate_init': 0.0005627932047415167, 'tol': 0.03690557729213761, 'validation_fraction': 0.8846827852548593}, {'alpha': 0.0019982467392329444, 'batch_size': 200, 'beta_1': 0.919111482530466, 'beta_2': 0.9998488260436156, 'epsilon': 5.981221901152555e-07, 'hidden_layer_sizes': 61, 'learning_rate_init': 2.2310905607443014e-05, 'tol': 1.2046852412030316e-05, 'validation_fraction': 0.8117896445826539}, {'alpha': 0.46659545670218433, 'batch_size': 219, 'beta_1': 0.9889789783750891, 'beta_2': 0.9999896868093284, 'epsilon': 2.4234724484675948e-08, 'hidden_layer_sizes': 167, 'learning_rate_init': 2.972334644335654e-05, 'tol': 0.0036281404040243792, 'validation_fraction': 0.17260651658522078}, {'alpha': 4.656005689076002, 'batch_size': 135, 'beta_1': 0.870503881627747, 'beta_2': 0.9948873266941017, 'epsilon': 2.1023308743480125e-07, 'hidden_layer_sizes': 118, 'learning_rate_init': 0.0018781738757161913, 'tol': 1.1889379831773004e-05, 'validation_fraction': 0.6264327093752792}, {'alpha': 0.04705159350400542, 'batch_size': 158, 'beta_1': 0.9870884262730957, 'beta_2': 0.9999596874382349, 'epsilon': 1.1981845126013875e-08, 'hidden_layer_sizes': 116, 'learning_rate_init': 0.00617340520407431, 'tol': 1.741413418158619e-05, 'validation_fraction': 0.6754299026638921}], [4.8709522768835765, 9.712622772033223, 5.950791832993735, 0.19438427080405424, 0.251902166999456])}
saving results
saving timing
saving suggest log
done
