running: {'--uuid': 'e52669bfbc1857eca7602a2f1f1afd5d', '-db-root': '/home/ryedida/bbo_challenge_starter_kit/output', '--opt-root': '/home/ryedida/bbo_challenge_starter_kit/example_submissions', '--data-root': None, '--db': 'run_20230407_081712', '--opt': 'random-search', '--data': 'digits', '--classifier': 'MLP-adam', '--metric': 'nll', '--calls': 15, '--suggestions': 1, '--jobs-file': None, '--verbose': False, 'dry_run': False, 'rev': 'a376313', 'opt_rev': '0.0.8'}
cmd: python random-search/optimizer.py -c MLP-adam -d digits -o random-search -u e52669bfbc1857eca7602a2f1f1afd5d -m nll -n 15 -p 1 -dir /home/ryedida/bbo_challenge_starter_kit/output -b run_20230407_081712
/home/ryedida/.local/lib/python3.9/site-packages/sklearn/neural_network/_multilayer_perceptron.py:605: UserWarning: Got `batch_size` less than 1 or larger than sample size. It is going to be clipped
  warnings.warn(

/home/ryedida/.local/lib/python3.9/site-packages/sklearn/neural_network/_multilayer_perceptron.py:686: ConvergenceWarning: Stochastic Optimizer: Maximum iterations (200) reached and the optimization hasn't converged yet.
  warnings.warn(

computed signature: ([{'alpha': 0.019628224813442792, 'batch_size': 182, 'beta_1': 0.9410202200271762, 'beta_2': 0.9998021557676793, 'epsilon': 1.8662266976518e-08, 'hidden_layer_sizes': 147, 'learning_rate_init': 0.0005627932047415167, 'tol': 0.03690557729213761, 'validation_fraction': 0.8846827852548593}, {'alpha': 0.0019982467392329444, 'batch_size': 200, 'beta_1': 0.919111482530466, 'beta_2': 0.9998488260436156, 'epsilon': 5.981221901152555e-07, 'hidden_layer_sizes': 61, 'learning_rate_init': 2.2310905607443014e-05, 'tol': 1.2046852412030316e-05, 'validation_fraction': 0.8117896445826539}, {'alpha': 0.46659545670218433, 'batch_size': 219, 'beta_1': 0.9889789783750891, 'beta_2': 0.9999896868093284, 'epsilon': 2.4234724484675948e-08, 'hidden_layer_sizes': 167, 'learning_rate_init': 2.972334644335654e-05, 'tol': 0.0036281404040243792, 'validation_fraction': 0.17260651658522078}, {'alpha': 4.656005689076002, 'batch_size': 135, 'beta_1': 0.870503881627747, 'beta_2': 0.9948873266941017, 'epsilon': 2.1023308743480125e-07, 'hidden_layer_sizes': 118, 'learning_rate_init': 0.0018781738757161913, 'tol': 1.1889379831773004e-05, 'validation_fraction': 0.6264327093752792}, {'alpha': 0.04705159350400542, 'batch_size': 158, 'beta_1': 0.9870884262730957, 'beta_2': 0.9999596874382349, 'epsilon': 1.1981845126013875e-08, 'hidden_layer_sizes': 116, 'learning_rate_init': 0.00617340520407431, 'tol': 1.741413418158619e-05, 'validation_fraction': 0.6754299026638921}], [4.8709522768835765, 9.712622772033223, 5.950791832993735, 0.19438427080405424, 0.251902166999456])
/home/ryedida/.local/lib/python3.9/site-packages/bayesmark/signatures.py:85: RuntimeWarning: Signature diverged on MLP-adam_digits_nll betwen [4.71022664 9.71262277 5.92543888 0.18972466 0.25190217] and [ 4.87095228 10.02890359  5.95079183  0.19438427  0.26094505]
  warnings.warn(

Signature errors:
                            0         1         2        3         4       max
MLP-adam_digits_nll  0.160726  0.316281  0.025353  0.00466  0.009043  0.316281
max                  0.160726  0.316281  0.025353  0.00466  0.009043  0.316281
starting sklearn study random-search MLP-adam digits nll 15 1
with data root: None
suggestion time taken 0.002812 iter 0 next_points [{'alpha': 0.26009017483973645, 'batch_size': 208, 'beta_1': 0.9814163069447008, 'beta_2': 0.9999985842015539, 'epsilon': 1.7824974963966106e-07, 'hidden_layer_sizes': 190, 'learning_rate_init': 0.0005575702770516511, 'tol': 0.00014999274339092705, 'validation_fraction': 0.11568351970467204}]
function_evaluation time 1.957927 value 0.163308 suggestion {'alpha': 0.26009017483973645, 'batch_size': 208, 'beta_1': 0.9814163069447008, 'beta_2': 0.9999985842015539, 'epsilon': 1.7824974963966106e-07, 'hidden_layer_sizes': 190, 'learning_rate_init': 0.0005575702770516511, 'tol': 0.00014999274339092705, 'validation_fraction': 0.11568351970467204}
observation time 0.000005, current best 0.163308 at iter 0
suggestion time taken 0.002474 iter 1 next_points [{'alpha': 0.00019529090974069059, 'batch_size': 68, 'beta_1': 0.9483911861934223, 'beta_2': 0.9867959911348557, 'epsilon': 4.387853766575286e-07, 'hidden_layer_sizes': 155, 'learning_rate_init': 0.0001753346737520264, 'tol': 0.041970353450734375, 'validation_fraction': 0.14514797468816368}]
function_evaluation time 1.108261 value 0.292797 suggestion {'alpha': 0.00019529090974069059, 'batch_size': 68, 'beta_1': 0.9483911861934223, 'beta_2': 0.9867959911348557, 'epsilon': 4.387853766575286e-07, 'hidden_layer_sizes': 155, 'learning_rate_init': 0.0001753346737520264, 'tol': 0.041970353450734375, 'validation_fraction': 0.14514797468816368}
observation time 0.000004, current best 0.163308 at iter 1
suggestion time taken 0.002481 iter 2 next_points [{'alpha': 0.0012913367530518064, 'batch_size': 224, 'beta_1': 0.9840330071952086, 'beta_2': 0.9999191966795408, 'epsilon': 2.901612510753771e-08, 'hidden_layer_sizes': 101, 'learning_rate_init': 0.0006061463464389583, 'tol': 0.0016171634313016225, 'validation_fraction': 0.2265038788471738}]
function_evaluation time 1.391390 value 0.217031 suggestion {'alpha': 0.0012913367530518064, 'batch_size': 224, 'beta_1': 0.9840330071952086, 'beta_2': 0.9999191966795408, 'epsilon': 2.901612510753771e-08, 'hidden_layer_sizes': 101, 'learning_rate_init': 0.0006061463464389583, 'tol': 0.0016171634313016225, 'validation_fraction': 0.2265038788471738}
observation time 0.000004, current best 0.163308 at iter 2
suggestion time taken 0.002720 iter 3 next_points [{'alpha': 0.0033285800025843445, 'batch_size': 128, 'beta_1': 0.923513485448914, 'beta_2': 0.9997650054638842, 'epsilon': 1.0998309039198818e-07, 'hidden_layer_sizes': 68, 'learning_rate_init': 3.696132193428095e-05, 'tol': 0.023357436199494472, 'validation_fraction': 0.4907769188970931}]
function_evaluation time 0.254506 value 9.447164 suggestion {'alpha': 0.0033285800025843445, 'batch_size': 128, 'beta_1': 0.923513485448914, 'beta_2': 0.9997650054638842, 'epsilon': 1.0998309039198818e-07, 'hidden_layer_sizes': 68, 'learning_rate_init': 3.696132193428095e-05, 'tol': 0.023357436199494472, 'validation_fraction': 0.4907769188970931}
observation time 0.000004, current best 0.163308 at iter 3
suggestion time taken 0.002382 iter 4 next_points [{'alpha': 0.8637164381552106, 'batch_size': 88, 'beta_1': 0.9060319191695771, 'beta_2': 0.9999916844464395, 'epsilon': 7.519678541928188e-09, 'hidden_layer_sizes': 53, 'learning_rate_init': 0.02337093686236516, 'tol': 2.6960497920300947e-05, 'validation_fraction': 0.557463690538683}]
function_evaluation time 0.961276 value 0.162536 suggestion {'alpha': 0.8637164381552106, 'batch_size': 88, 'beta_1': 0.9060319191695771, 'beta_2': 0.9999916844464395, 'epsilon': 7.519678541928188e-09, 'hidden_layer_sizes': 53, 'learning_rate_init': 0.02337093686236516, 'tol': 2.6960497920300947e-05, 'validation_fraction': 0.557463690538683}
observation time 0.000004, current best 0.162536 at iter 4
suggestion time taken 0.002404 iter 5 next_points [{'alpha': 0.005837711217787448, 'batch_size': 69, 'beta_1': 0.9867430024381222, 'beta_2': 0.9832090299511886, 'epsilon': 9.39503320301649e-09, 'hidden_layer_sizes': 172, 'learning_rate_init': 0.007894673823066398, 'tol': 0.006032416972773895, 'validation_fraction': 0.337175873959843}]
function_evaluation time 1.187295 value 0.199825 suggestion {'alpha': 0.005837711217787448, 'batch_size': 69, 'beta_1': 0.9867430024381222, 'beta_2': 0.9832090299511886, 'epsilon': 9.39503320301649e-09, 'hidden_layer_sizes': 172, 'learning_rate_init': 0.007894673823066398, 'tol': 0.006032416972773895, 'validation_fraction': 0.337175873959843}
observation time 0.000004, current best 0.162536 at iter 5
suggestion time taken 0.002617 iter 6 next_points [{'alpha': 0.0003579920120693771, 'batch_size': 104, 'beta_1': 0.9898691959930943, 'beta_2': 0.9998689603882329, 'epsilon': 2.4292831687894964e-09, 'hidden_layer_sizes': 101, 'learning_rate_init': 0.0007780826930941409, 'tol': 5.859623956975998e-05, 'validation_fraction': 0.3734793082276458}]
function_evaluation time 1.837179 value 0.162290 suggestion {'alpha': 0.0003579920120693771, 'batch_size': 104, 'beta_1': 0.9898691959930943, 'beta_2': 0.9998689603882329, 'epsilon': 2.4292831687894964e-09, 'hidden_layer_sizes': 101, 'learning_rate_init': 0.0007780826930941409, 'tol': 5.859623956975998e-05, 'validation_fraction': 0.3734793082276458}
observation time 0.000004, current best 0.162290 at iter 6
suggestion time taken 0.002457 iter 7 next_points [{'alpha': 0.07766374029735877, 'batch_size': 224, 'beta_1': 0.6813222274703437, 'beta_2': 0.9999928441648869, 'epsilon': 1.1124545952690676e-07, 'hidden_layer_sizes': 104, 'learning_rate_init': 2.934276978525535e-05, 'tol': 3.182396321399155e-05, 'validation_fraction': 0.7222761105784722}]
function_evaluation time 0.952377 value 7.587252 suggestion {'alpha': 0.07766374029735877, 'batch_size': 224, 'beta_1': 0.6813222274703437, 'beta_2': 0.9999928441648869, 'epsilon': 1.1124545952690676e-07, 'hidden_layer_sizes': 104, 'learning_rate_init': 2.934276978525535e-05, 'tol': 3.182396321399155e-05, 'validation_fraction': 0.7222761105784722}
observation time 0.000004, current best 0.162290 at iter 7
suggestion time taken 0.002485 iter 8 next_points [{'alpha': 7.18918702283314e-05, 'batch_size': 39, 'beta_1': 0.9790801890975815, 'beta_2': 0.9999540398053651, 'epsilon': 9.684598324168187e-08, 'hidden_layer_sizes': 132, 'learning_rate_init': 0.010686547792089251, 'tol': 0.002083371081811352, 'validation_fraction': 0.8477645975316661}]
function_evaluation time 0.577610 value 0.477063 suggestion {'alpha': 7.18918702283314e-05, 'batch_size': 39, 'beta_1': 0.9790801890975815, 'beta_2': 0.9999540398053651, 'epsilon': 9.684598324168187e-08, 'hidden_layer_sizes': 132, 'learning_rate_init': 0.010686547792089251, 'tol': 0.002083371081811352, 'validation_fraction': 0.8477645975316661}
observation time 0.000004, current best 0.162290 at iter 8
suggestion time taken 0.002487 iter 9 next_points [{'alpha': 5.774228520899886e-05, 'batch_size': 79, 'beta_1': 0.8514089806631577, 'beta_2': 0.9931628106847143, 'epsilon': 1.1471042660941541e-07, 'hidden_layer_sizes': 182, 'learning_rate_init': 0.0005911940112315492, 'tol': 0.04034230865607888, 'validation_fraction': 0.3589801691619094}]
function_evaluation time 0.719714 value 0.228702 suggestion {'alpha': 5.774228520899886e-05, 'batch_size': 79, 'beta_1': 0.8514089806631577, 'beta_2': 0.9931628106847143, 'epsilon': 1.1471042660941541e-07, 'hidden_layer_sizes': 182, 'learning_rate_init': 0.0005911940112315492, 'tol': 0.04034230865607888, 'validation_fraction': 0.3589801691619094}
observation time 0.000004, current best 0.162290 at iter 9
suggestion time taken 0.002386 iter 10 next_points [{'alpha': 2.6630702513313663e-05, 'batch_size': 108, 'beta_1': 0.9346427657576317, 'beta_2': 0.9982053298159974, 'epsilon': 7.082057249481012e-07, 'hidden_layer_sizes': 196, 'learning_rate_init': 0.03915483866841338, 'tol': 0.00011724626725566317, 'validation_fraction': 0.11392197865512281}]
function_evaluation time 1.433127 value 0.285845 suggestion {'alpha': 2.6630702513313663e-05, 'batch_size': 108, 'beta_1': 0.9346427657576317, 'beta_2': 0.9982053298159974, 'epsilon': 7.082057249481012e-07, 'hidden_layer_sizes': 196, 'learning_rate_init': 0.03915483866841338, 'tol': 0.00011724626725566317, 'validation_fraction': 0.11392197865512281}
observation time 0.000005, current best 0.162290 at iter 10
suggestion time taken 0.002379 iter 11 next_points [{'alpha': 3.757930610265478e-05, 'batch_size': 236, 'beta_1': 0.8986403415994092, 'beta_2': 0.999849359177708, 'epsilon': 4.223682530284884e-07, 'hidden_layer_sizes': 83, 'learning_rate_init': 0.0005561195772848784, 'tol': 0.03789341480068252, 'validation_fraction': 0.5135047310756293}]
function_evaluation time 0.404635 value 1.460711 suggestion {'alpha': 3.757930610265478e-05, 'batch_size': 236, 'beta_1': 0.8986403415994092, 'beta_2': 0.999849359177708, 'epsilon': 4.223682530284884e-07, 'hidden_layer_sizes': 83, 'learning_rate_init': 0.0005561195772848784, 'tol': 0.03789341480068252, 'validation_fraction': 0.5135047310756293}
observation time 0.000003, current best 0.162290 at iter 11
suggestion time taken 0.002425 iter 12 next_points [{'alpha': 0.0015167974287342049, 'batch_size': 239, 'beta_1': 0.8963118992984958, 'beta_2': 0.9999535704024028, 'epsilon': 6.911844535313919e-08, 'hidden_layer_sizes': 71, 'learning_rate_init': 0.0001316423968751578, 'tol': 0.00991569856276079, 'validation_fraction': 0.1464481677209872}]
function_evaluation time 1.091062 value 5.831935 suggestion {'alpha': 0.0015167974287342049, 'batch_size': 239, 'beta_1': 0.8963118992984958, 'beta_2': 0.9999535704024028, 'epsilon': 6.911844535313919e-08, 'hidden_layer_sizes': 71, 'learning_rate_init': 0.0001316423968751578, 'tol': 0.00991569856276079, 'validation_fraction': 0.1464481677209872}
observation time 0.000003, current best 0.162290 at iter 12
suggestion time taken 0.002425 iter 13 next_points [{'alpha': 4.546669017670247e-05, 'batch_size': 162, 'beta_1': 0.5626363316276697, 'beta_2': 0.9996385609677915, 'epsilon': 1.0632218238938646e-08, 'hidden_layer_sizes': 116, 'learning_rate_init': 0.0008177149134136865, 'tol': 0.0001486286336581279, 'validation_fraction': 0.5548105782724281}]
function_evaluation time 1.539784 value 0.202263 suggestion {'alpha': 4.546669017670247e-05, 'batch_size': 162, 'beta_1': 0.5626363316276697, 'beta_2': 0.9996385609677915, 'epsilon': 1.0632218238938646e-08, 'hidden_layer_sizes': 116, 'learning_rate_init': 0.0008177149134136865, 'tol': 0.0001486286336581279, 'validation_fraction': 0.5548105782724281}
observation time 0.000003, current best 0.162290 at iter 13
suggestion time taken 0.002337 iter 14 next_points [{'alpha': 0.04721137800106188, 'batch_size': 173, 'beta_1': 0.5813208872004553, 'beta_2': 0.9967686891759183, 'epsilon': 2.8445286773321227e-09, 'hidden_layer_sizes': 171, 'learning_rate_init': 0.004231137495357347, 'tol': 0.00011512959846994288, 'validation_fraction': 0.49973507726928984}]
function_evaluation time 1.180069 value 0.130961 suggestion {'alpha': 0.04721137800106188, 'batch_size': 173, 'beta_1': 0.5813208872004553, 'beta_2': 0.9967686891759183, 'epsilon': 2.8445286773321227e-09, 'hidden_layer_sizes': 171, 'learning_rate_init': 0.004231137495357347, 'tol': 0.00011512959846994288, 'validation_fraction': 0.49973507726928984}
observation time 0.000004, current best 0.130961 at iter 14
saving meta data: {'args': {'--uuid': 'e52669bfbc1857eca7602a2f1f1afd5d', '-db-root': '/home/ryedida/bbo_challenge_starter_kit/output', '--opt-root': '/home/ryedida/bbo_challenge_starter_kit/example_submissions', '--data-root': None, '--db': 'run_20230407_081712', '--opt': 'random-search', '--data': 'digits', '--classifier': 'MLP-adam', '--metric': 'nll', '--calls': 15, '--suggestions': 1, '--jobs-file': None, '--verbose': False, 'dry_run': False, 'rev': 'a376313', 'opt_rev': '0.0.8'}, 'signature': ([{'alpha': 0.019628224813442792, 'batch_size': 182, 'beta_1': 0.9410202200271762, 'beta_2': 0.9998021557676793, 'epsilon': 1.8662266976518e-08, 'hidden_layer_sizes': 147, 'learning_rate_init': 0.0005627932047415167, 'tol': 0.03690557729213761, 'validation_fraction': 0.8846827852548593}, {'alpha': 0.0019982467392329444, 'batch_size': 200, 'beta_1': 0.919111482530466, 'beta_2': 0.9998488260436156, 'epsilon': 5.981221901152555e-07, 'hidden_layer_sizes': 61, 'learning_rate_init': 2.2310905607443014e-05, 'tol': 1.2046852412030316e-05, 'validation_fraction': 0.8117896445826539}, {'alpha': 0.46659545670218433, 'batch_size': 219, 'beta_1': 0.9889789783750891, 'beta_2': 0.9999896868093284, 'epsilon': 2.4234724484675948e-08, 'hidden_layer_sizes': 167, 'learning_rate_init': 2.972334644335654e-05, 'tol': 0.0036281404040243792, 'validation_fraction': 0.17260651658522078}, {'alpha': 4.656005689076002, 'batch_size': 135, 'beta_1': 0.870503881627747, 'beta_2': 0.9948873266941017, 'epsilon': 2.1023308743480125e-07, 'hidden_layer_sizes': 118, 'learning_rate_init': 0.0018781738757161913, 'tol': 1.1889379831773004e-05, 'validation_fraction': 0.6264327093752792}, {'alpha': 0.04705159350400542, 'batch_size': 158, 'beta_1': 0.9870884262730957, 'beta_2': 0.9999596874382349, 'epsilon': 1.1981845126013875e-08, 'hidden_layer_sizes': 116, 'learning_rate_init': 0.00617340520407431, 'tol': 1.741413418158619e-05, 'validation_fraction': 0.6754299026638921}], [4.8709522768835765, 9.712622772033223, 5.950791832993735, 0.19438427080405424, 0.251902166999456])}
saving results
saving timing
saving suggest log
done
