running: {'--uuid': 'ef4a9b3e9e00519797ec0338264af13d', '-db-root': '/home/ryedida/bbo_challenge_starter_kit/output', '--opt-root': '/home/ryedida/bbo_challenge_starter_kit/example_submissions', '--data-root': None, '--db': 'run_20230407_081712', '--opt': 'random-search', '--data': 'digits', '--classifier': 'MLP-adam', '--metric': 'nll', '--calls': 15, '--suggestions': 1, '--jobs-file': None, '--verbose': False, 'dry_run': False, 'rev': 'a376313', 'opt_rev': '0.0.8'}
cmd: python random-search/optimizer.py -c MLP-adam -d digits -o random-search -u ef4a9b3e9e00519797ec0338264af13d -m nll -n 15 -p 1 -dir /home/ryedida/bbo_challenge_starter_kit/output -b run_20230407_081712
/home/ryedida/.local/lib/python3.9/site-packages/sklearn/neural_network/_multilayer_perceptron.py:605: UserWarning: Got `batch_size` less than 1 or larger than sample size. It is going to be clipped
  warnings.warn(

/home/ryedida/.local/lib/python3.9/site-packages/sklearn/neural_network/_multilayer_perceptron.py:686: ConvergenceWarning: Stochastic Optimizer: Maximum iterations (200) reached and the optimization hasn't converged yet.
  warnings.warn(

computed signature: ([{'alpha': 0.019628224813442792, 'batch_size': 182, 'beta_1': 0.9410202200271762, 'beta_2': 0.9998021557676793, 'epsilon': 1.8662266976518e-08, 'hidden_layer_sizes': 147, 'learning_rate_init': 0.0005627932047415167, 'tol': 0.03690557729213761, 'validation_fraction': 0.8846827852548593}, {'alpha': 0.0019982467392329444, 'batch_size': 200, 'beta_1': 0.919111482530466, 'beta_2': 0.9998488260436156, 'epsilon': 5.981221901152555e-07, 'hidden_layer_sizes': 61, 'learning_rate_init': 2.2310905607443014e-05, 'tol': 1.2046852412030316e-05, 'validation_fraction': 0.8117896445826539}, {'alpha': 0.46659545670218433, 'batch_size': 219, 'beta_1': 0.9889789783750891, 'beta_2': 0.9999896868093284, 'epsilon': 2.4234724484675948e-08, 'hidden_layer_sizes': 167, 'learning_rate_init': 2.972334644335654e-05, 'tol': 0.0036281404040243792, 'validation_fraction': 0.17260651658522078}, {'alpha': 4.656005689076002, 'batch_size': 135, 'beta_1': 0.870503881627747, 'beta_2': 0.9948873266941017, 'epsilon': 2.1023308743480125e-07, 'hidden_layer_sizes': 118, 'learning_rate_init': 0.0018781738757161913, 'tol': 1.1889379831773004e-05, 'validation_fraction': 0.6264327093752792}, {'alpha': 0.04705159350400542, 'batch_size': 158, 'beta_1': 0.9870884262730957, 'beta_2': 0.9999596874382349, 'epsilon': 1.1981845126013875e-08, 'hidden_layer_sizes': 116, 'learning_rate_init': 0.00617340520407431, 'tol': 1.741413418158619e-05, 'validation_fraction': 0.6754299026638921}], [4.8709522768835765, 9.712622772033223, 5.950791832993735, 0.19438427080405424, 0.251902166999456])
/home/ryedida/.local/lib/python3.9/site-packages/bayesmark/signatures.py:85: RuntimeWarning: Signature diverged on MLP-adam_digits_nll betwen [4.71022664 9.71262277 5.92543888 0.18972466 0.25190217] and [ 4.87095228 10.02890359  5.95079183  0.19438427  0.26094505]
  warnings.warn(

Signature errors:
                            0         1         2        3         4       max
MLP-adam_digits_nll  0.160726  0.316281  0.025353  0.00466  0.009043  0.316281
max                  0.160726  0.316281  0.025353  0.00466  0.009043  0.316281
starting sklearn study random-search MLP-adam digits nll 15 1
with data root: None
suggestion time taken 0.002598 iter 0 next_points [{'alpha': 0.029911799806758718, 'batch_size': 81, 'beta_1': 0.9441965124708824, 'beta_2': 0.9993023156268573, 'epsilon': 7.591260881844943e-08, 'hidden_layer_sizes': 187, 'learning_rate_init': 0.0026801853526575705, 'tol': 0.00014714214773217882, 'validation_fraction': 0.32589133588125685}]
function_evaluation time 1.446290 value 0.122174 suggestion {'alpha': 0.029911799806758718, 'batch_size': 81, 'beta_1': 0.9441965124708824, 'beta_2': 0.9993023156268573, 'epsilon': 7.591260881844943e-08, 'hidden_layer_sizes': 187, 'learning_rate_init': 0.0026801853526575705, 'tol': 0.00014714214773217882, 'validation_fraction': 0.32589133588125685}
observation time 0.000005, current best 0.122174 at iter 0
suggestion time taken 0.002493 iter 1 next_points [{'alpha': 0.2120618028700741, 'batch_size': 248, 'beta_1': 0.9454589355459194, 'beta_2': 0.9715183352733932, 'epsilon': 2.5856885582541775e-08, 'hidden_layer_sizes': 157, 'learning_rate_init': 0.015957000648406817, 'tol': 6.224666783667972e-05, 'validation_fraction': 0.6440856647257204}]
function_evaluation time 0.739455 value 0.275703 suggestion {'alpha': 0.2120618028700741, 'batch_size': 248, 'beta_1': 0.9454589355459194, 'beta_2': 0.9715183352733932, 'epsilon': 2.5856885582541775e-08, 'hidden_layer_sizes': 157, 'learning_rate_init': 0.015957000648406817, 'tol': 6.224666783667972e-05, 'validation_fraction': 0.6440856647257204}
observation time 0.000005, current best 0.122174 at iter 1
suggestion time taken 0.002458 iter 2 next_points [{'alpha': 0.00012771767988447886, 'batch_size': 246, 'beta_1': 0.9586072490890007, 'beta_2': 0.9998555192304052, 'epsilon': 3.280850923937774e-07, 'hidden_layer_sizes': 51, 'learning_rate_init': 0.013961605380736583, 'tol': 0.006298909315275684, 'validation_fraction': 0.6995827644373621}]
function_evaluation time 0.434743 value 0.366600 suggestion {'alpha': 0.00012771767988447886, 'batch_size': 246, 'beta_1': 0.9586072490890007, 'beta_2': 0.9998555192304052, 'epsilon': 3.280850923937774e-07, 'hidden_layer_sizes': 51, 'learning_rate_init': 0.013961605380736583, 'tol': 0.006298909315275684, 'validation_fraction': 0.6995827644373621}
observation time 0.000004, current best 0.122174 at iter 2
suggestion time taken 0.002435 iter 3 next_points [{'alpha': 1.0413323855931993, 'batch_size': 246, 'beta_1': 0.9285365551559446, 'beta_2': 0.9998975549862344, 'epsilon': 6.1962929883941726e-09, 'hidden_layer_sizes': 123, 'learning_rate_init': 3.2727382166169e-05, 'tol': 0.00536649869618858, 'validation_fraction': 0.6133715689956769}]
function_evaluation time 0.220264 value 8.101340 suggestion {'alpha': 1.0413323855931993, 'batch_size': 246, 'beta_1': 0.9285365551559446, 'beta_2': 0.9998975549862344, 'epsilon': 6.1962929883941726e-09, 'hidden_layer_sizes': 123, 'learning_rate_init': 3.2727382166169e-05, 'tol': 0.00536649869618858, 'validation_fraction': 0.6133715689956769}
observation time 0.000004, current best 0.122174 at iter 3
suggestion time taken 0.002489 iter 4 next_points [{'alpha': 1.090006156451896e-05, 'batch_size': 236, 'beta_1': 0.9581427352791121, 'beta_2': 0.9939397925807117, 'epsilon': 7.787904516265966e-08, 'hidden_layer_sizes': 149, 'learning_rate_init': 0.0016709909698251109, 'tol': 0.004960517716762594, 'validation_fraction': 0.4883754161029541}]
function_evaluation time 0.891489 value 0.186138 suggestion {'alpha': 1.090006156451896e-05, 'batch_size': 236, 'beta_1': 0.9581427352791121, 'beta_2': 0.9939397925807117, 'epsilon': 7.787904516265966e-08, 'hidden_layer_sizes': 149, 'learning_rate_init': 0.0016709909698251109, 'tol': 0.004960517716762594, 'validation_fraction': 0.4883754161029541}
observation time 0.000003, current best 0.122174 at iter 4
suggestion time taken 0.002706 iter 5 next_points [{'alpha': 0.2306884818845884, 'batch_size': 178, 'beta_1': 0.6566929086217665, 'beta_2': 0.98177704594134, 'epsilon': 5.5461483956554924e-08, 'hidden_layer_sizes': 139, 'learning_rate_init': 8.76895582137228e-05, 'tol': 4.124139735404044e-05, 'validation_fraction': 0.7891975835679267}]
/home/ryedida/.local/lib/python3.9/site-packages/sklearn/neural_network/_multilayer_perceptron.py:686: ConvergenceWarning: Stochastic Optimizer: Maximum iterations (200) reached and the optimization hasn't converged yet.
  warnings.warn(

function_evaluation time 2.666198 value 2.113353 suggestion {'alpha': 0.2306884818845884, 'batch_size': 178, 'beta_1': 0.6566929086217665, 'beta_2': 0.98177704594134, 'epsilon': 5.5461483956554924e-08, 'hidden_layer_sizes': 139, 'learning_rate_init': 8.76895582137228e-05, 'tol': 4.124139735404044e-05, 'validation_fraction': 0.7891975835679267}
observation time 0.000005, current best 0.122174 at iter 5
suggestion time taken 0.002501 iter 6 next_points [{'alpha': 0.7290623833142978, 'batch_size': 96, 'beta_1': 0.9360804968688377, 'beta_2': 0.9896216538661946, 'epsilon': 4.28015992693733e-09, 'hidden_layer_sizes': 149, 'learning_rate_init': 0.00012366604469780192, 'tol': 0.00040448742232270717, 'validation_fraction': 0.8720075410005388}]
function_evaluation time 1.505406 value 3.573872 suggestion {'alpha': 0.7290623833142978, 'batch_size': 96, 'beta_1': 0.9360804968688377, 'beta_2': 0.9896216538661946, 'epsilon': 4.28015992693733e-09, 'hidden_layer_sizes': 149, 'learning_rate_init': 0.00012366604469780192, 'tol': 0.00040448742232270717, 'validation_fraction': 0.8720075410005388}
observation time 0.000004, current best 0.122174 at iter 6
suggestion time taken 0.002446 iter 7 next_points [{'alpha': 0.00621811524610619, 'batch_size': 77, 'beta_1': 0.9111242895623182, 'beta_2': 0.9999928435151425, 'epsilon': 1.6961231909120837e-09, 'hidden_layer_sizes': 68, 'learning_rate_init': 0.006987804756241324, 'tol': 0.00031823754909891436, 'validation_fraction': 0.46932366861850466}]
function_evaluation time 0.820231 value 0.218807 suggestion {'alpha': 0.00621811524610619, 'batch_size': 77, 'beta_1': 0.9111242895623182, 'beta_2': 0.9999928435151425, 'epsilon': 1.6961231909120837e-09, 'hidden_layer_sizes': 68, 'learning_rate_init': 0.006987804756241324, 'tol': 0.00031823754909891436, 'validation_fraction': 0.46932366861850466}
observation time 0.000004, current best 0.122174 at iter 7
suggestion time taken 0.002403 iter 8 next_points [{'alpha': 8.520351095033242e-05, 'batch_size': 221, 'beta_1': 0.7009025764257572, 'beta_2': 0.9890229093729039, 'epsilon': 7.734472947693575e-07, 'hidden_layer_sizes': 54, 'learning_rate_init': 0.06650648106202892, 'tol': 0.004138041149913991, 'validation_fraction': 0.12314174137521866}]
function_evaluation time 0.577754 value 0.400592 suggestion {'alpha': 8.520351095033242e-05, 'batch_size': 221, 'beta_1': 0.7009025764257572, 'beta_2': 0.9890229093729039, 'epsilon': 7.734472947693575e-07, 'hidden_layer_sizes': 54, 'learning_rate_init': 0.06650648106202892, 'tol': 0.004138041149913991, 'validation_fraction': 0.12314174137521866}
observation time 0.000004, current best 0.122174 at iter 8
suggestion time taken 0.002489 iter 9 next_points [{'alpha': 0.903189268106614, 'batch_size': 184, 'beta_1': 0.9813400638411515, 'beta_2': 0.999827916127462, 'epsilon': 7.567797228653197e-07, 'hidden_layer_sizes': 172, 'learning_rate_init': 0.05181426053783288, 'tol': 0.00019246269819647106, 'validation_fraction': 0.20638024838280516}]
function_evaluation time 1.077691 value 0.347344 suggestion {'alpha': 0.903189268106614, 'batch_size': 184, 'beta_1': 0.9813400638411515, 'beta_2': 0.999827916127462, 'epsilon': 7.567797228653197e-07, 'hidden_layer_sizes': 172, 'learning_rate_init': 0.05181426053783288, 'tol': 0.00019246269819647106, 'validation_fraction': 0.20638024838280516}
observation time 0.000004, current best 0.122174 at iter 9
suggestion time taken 0.002541 iter 10 next_points [{'alpha': 0.00014935941948271831, 'batch_size': 245, 'beta_1': 0.5238130296114009, 'beta_2': 0.9993406043678832, 'epsilon': 1.3487700501602785e-08, 'hidden_layer_sizes': 124, 'learning_rate_init': 0.020892959489042896, 'tol': 0.003226147842607812, 'validation_fraction': 0.39579132286573826}]
function_evaluation time 0.669100 value 0.137761 suggestion {'alpha': 0.00014935941948271831, 'batch_size': 245, 'beta_1': 0.5238130296114009, 'beta_2': 0.9993406043678832, 'epsilon': 1.3487700501602785e-08, 'hidden_layer_sizes': 124, 'learning_rate_init': 0.020892959489042896, 'tol': 0.003226147842607812, 'validation_fraction': 0.39579132286573826}
observation time 0.000004, current best 0.122174 at iter 10
suggestion time taken 0.002486 iter 11 next_points [{'alpha': 1.4425551890802134e-05, 'batch_size': 71, 'beta_1': 0.9824534536871905, 'beta_2': 0.9999966626650593, 'epsilon': 3.0330431662923876e-07, 'hidden_layer_sizes': 195, 'learning_rate_init': 0.008820811682413554, 'tol': 0.0008775060484141594, 'validation_fraction': 0.26021318847708425}]
function_evaluation time 1.394634 value 0.154285 suggestion {'alpha': 1.4425551890802134e-05, 'batch_size': 71, 'beta_1': 0.9824534536871905, 'beta_2': 0.9999966626650593, 'epsilon': 3.0330431662923876e-07, 'hidden_layer_sizes': 195, 'learning_rate_init': 0.008820811682413554, 'tol': 0.0008775060484141594, 'validation_fraction': 0.26021318847708425}
observation time 0.000004, current best 0.122174 at iter 11
suggestion time taken 0.002503 iter 12 next_points [{'alpha': 0.2839588937640548, 'batch_size': 204, 'beta_1': 0.9288514336615216, 'beta_2': 0.9991940206463883, 'epsilon': 1.0045647633425223e-07, 'hidden_layer_sizes': 188, 'learning_rate_init': 0.0023364813523162214, 'tol': 0.006887785778054871, 'validation_fraction': 0.6029190747207156}]
function_evaluation time 0.621454 value 0.152886 suggestion {'alpha': 0.2839588937640548, 'batch_size': 204, 'beta_1': 0.9288514336615216, 'beta_2': 0.9991940206463883, 'epsilon': 1.0045647633425223e-07, 'hidden_layer_sizes': 188, 'learning_rate_init': 0.0023364813523162214, 'tol': 0.006887785778054871, 'validation_fraction': 0.6029190747207156}
observation time 0.000004, current best 0.122174 at iter 12
suggestion time taken 0.002695 iter 13 next_points [{'alpha': 0.0027264779810973424, 'batch_size': 89, 'beta_1': 0.9669637357457256, 'beta_2': 0.9258837549362081, 'epsilon': 6.3935768173445174e-09, 'hidden_layer_sizes': 184, 'learning_rate_init': 0.05775128233630215, 'tol': 0.0025054965856778676, 'validation_fraction': 0.1914750910964184}]
function_evaluation time 2.154319 value 1.321693 suggestion {'alpha': 0.0027264779810973424, 'batch_size': 89, 'beta_1': 0.9669637357457256, 'beta_2': 0.9258837549362081, 'epsilon': 6.3935768173445174e-09, 'hidden_layer_sizes': 184, 'learning_rate_init': 0.05775128233630215, 'tol': 0.0025054965856778676, 'validation_fraction': 0.1914750910964184}
observation time 0.000004, current best 0.122174 at iter 13
suggestion time taken 0.002451 iter 14 next_points [{'alpha': 0.00010669688510219665, 'batch_size': 162, 'beta_1': 0.9152232289541448, 'beta_2': 0.9929957354324168, 'epsilon': 9.524629471387178e-08, 'hidden_layer_sizes': 154, 'learning_rate_init': 0.08871990396519606, 'tol': 0.011739106367762295, 'validation_fraction': 0.8756956568004722}]
function_evaluation time 0.408067 value 6.041088 suggestion {'alpha': 0.00010669688510219665, 'batch_size': 162, 'beta_1': 0.9152232289541448, 'beta_2': 0.9929957354324168, 'epsilon': 9.524629471387178e-08, 'hidden_layer_sizes': 154, 'learning_rate_init': 0.08871990396519606, 'tol': 0.011739106367762295, 'validation_fraction': 0.8756956568004722}
observation time 0.000004, current best 0.122174 at iter 14
saving meta data: {'args': {'--uuid': 'ef4a9b3e9e00519797ec0338264af13d', '-db-root': '/home/ryedida/bbo_challenge_starter_kit/output', '--opt-root': '/home/ryedida/bbo_challenge_starter_kit/example_submissions', '--data-root': None, '--db': 'run_20230407_081712', '--opt': 'random-search', '--data': 'digits', '--classifier': 'MLP-adam', '--metric': 'nll', '--calls': 15, '--suggestions': 1, '--jobs-file': None, '--verbose': False, 'dry_run': False, 'rev': 'a376313', 'opt_rev': '0.0.8'}, 'signature': ([{'alpha': 0.019628224813442792, 'batch_size': 182, 'beta_1': 0.9410202200271762, 'beta_2': 0.9998021557676793, 'epsilon': 1.8662266976518e-08, 'hidden_layer_sizes': 147, 'learning_rate_init': 0.0005627932047415167, 'tol': 0.03690557729213761, 'validation_fraction': 0.8846827852548593}, {'alpha': 0.0019982467392329444, 'batch_size': 200, 'beta_1': 0.919111482530466, 'beta_2': 0.9998488260436156, 'epsilon': 5.981221901152555e-07, 'hidden_layer_sizes': 61, 'learning_rate_init': 2.2310905607443014e-05, 'tol': 1.2046852412030316e-05, 'validation_fraction': 0.8117896445826539}, {'alpha': 0.46659545670218433, 'batch_size': 219, 'beta_1': 0.9889789783750891, 'beta_2': 0.9999896868093284, 'epsilon': 2.4234724484675948e-08, 'hidden_layer_sizes': 167, 'learning_rate_init': 2.972334644335654e-05, 'tol': 0.0036281404040243792, 'validation_fraction': 0.17260651658522078}, {'alpha': 4.656005689076002, 'batch_size': 135, 'beta_1': 0.870503881627747, 'beta_2': 0.9948873266941017, 'epsilon': 2.1023308743480125e-07, 'hidden_layer_sizes': 118, 'learning_rate_init': 0.0018781738757161913, 'tol': 1.1889379831773004e-05, 'validation_fraction': 0.6264327093752792}, {'alpha': 0.04705159350400542, 'batch_size': 158, 'beta_1': 0.9870884262730957, 'beta_2': 0.9999596874382349, 'epsilon': 1.1981845126013875e-08, 'hidden_layer_sizes': 116, 'learning_rate_init': 0.00617340520407431, 'tol': 1.741413418158619e-05, 'validation_fraction': 0.6754299026638921}], [4.8709522768835765, 9.712622772033223, 5.950791832993735, 0.19438427080405424, 0.251902166999456])}
saving results
saving timing
saving suggest log
done
