running: {'--uuid': 'f85be397eb3f578ea39c175c0c5db10f', '-db-root': '/home/ryedida/bbo_challenge_starter_kit/output', '--opt-root': '/home/ryedida/bbo_challenge_starter_kit/example_submissions', '--data-root': None, '--db': 'run_20230407_081712', '--opt': 'opentuner', '--data': 'digits', '--classifier': 'MLP-adam', '--metric': 'nll', '--calls': 15, '--suggestions': 1, '--jobs-file': None, '--verbose': False, 'dry_run': False, 'rev': 'a376313', 'opt_rev': '0.8.8'}
cmd: python opentuner/optimizer.py -c MLP-adam -d digits -o opentuner -u f85be397eb3f578ea39c175c0c5db10f -m nll -n 15 -p 1 -dir /home/ryedida/bbo_challenge_starter_kit/output -b run_20230407_081712
/home/ryedida/.local/lib/python3.9/site-packages/sklearn/neural_network/_multilayer_perceptron.py:605: UserWarning: Got `batch_size` less than 1 or larger than sample size. It is going to be clipped
  warnings.warn(

/home/ryedida/.local/lib/python3.9/site-packages/sklearn/neural_network/_multilayer_perceptron.py:686: ConvergenceWarning: Stochastic Optimizer: Maximum iterations (200) reached and the optimization hasn't converged yet.
  warnings.warn(

computed signature: ([{'alpha': 0.019628224813442792, 'batch_size': 182, 'beta_1': 0.9410202200271762, 'beta_2': 0.9998021557676793, 'epsilon': 1.8662266976518e-08, 'hidden_layer_sizes': 147, 'learning_rate_init': 0.0005627932047415167, 'tol': 0.03690557729213761, 'validation_fraction': 0.8846827852548593}, {'alpha': 0.0019982467392329444, 'batch_size': 200, 'beta_1': 0.919111482530466, 'beta_2': 0.9998488260436156, 'epsilon': 5.981221901152555e-07, 'hidden_layer_sizes': 61, 'learning_rate_init': 2.2310905607443014e-05, 'tol': 1.2046852412030316e-05, 'validation_fraction': 0.8117896445826539}, {'alpha': 0.46659545670218433, 'batch_size': 219, 'beta_1': 0.9889789783750891, 'beta_2': 0.9999896868093284, 'epsilon': 2.4234724484675948e-08, 'hidden_layer_sizes': 167, 'learning_rate_init': 2.972334644335654e-05, 'tol': 0.0036281404040243792, 'validation_fraction': 0.17260651658522078}, {'alpha': 4.656005689076002, 'batch_size': 135, 'beta_1': 0.870503881627747, 'beta_2': 0.9948873266941017, 'epsilon': 2.1023308743480125e-07, 'hidden_layer_sizes': 118, 'learning_rate_init': 0.0018781738757161913, 'tol': 1.1889379831773004e-05, 'validation_fraction': 0.6264327093752792}, {'alpha': 0.04705159350400542, 'batch_size': 158, 'beta_1': 0.9870884262730957, 'beta_2': 0.9999596874382349, 'epsilon': 1.1981845126013875e-08, 'hidden_layer_sizes': 116, 'learning_rate_init': 0.00617340520407431, 'tol': 1.741413418158619e-05, 'validation_fraction': 0.6754299026638921}], [4.8709522768835765, 9.712622772033223, 5.950791832993735, 0.19438427080405424, 0.251902166999456])
/home/ryedida/.local/lib/python3.9/site-packages/bayesmark/signatures.py:85: RuntimeWarning: Signature diverged on MLP-adam_digits_nll betwen [4.71022664 9.71262277 5.92543888 0.18972466 0.25190217] and [ 4.87095228 10.02890359  5.95079183  0.19438427  0.26094505]
  warnings.warn(

Signature errors:
                            0         1         2        3         4       max
MLP-adam_digits_nll  0.160726  0.316281  0.025353  0.00466  0.009043  0.316281
max                  0.160726  0.316281  0.025353  0.00466  0.009043  0.316281
starting sklearn study opentuner MLP-adam digits nll 15 1
with data root: None
suggestion time taken 0.016230 iter 0 next_points [{'hidden_layer_sizes': 108, 'alpha': 1.4837832580795545, 'batch_size': 172, 'learning_rate_init': 0.0901595448507863, 'tol': 0.08794181584073228, 'validation_fraction': 0.7242383400296919, 'beta_1': 0.9289819741456522, 'beta_2': 0.9780369392528339, 'epsilon': 5.097390704261452e-07}]
function_evaluation time 0.306900 value 7.233116 suggestion {'hidden_layer_sizes': 108, 'alpha': 1.4837832580795545, 'batch_size': 172, 'learning_rate_init': 0.0901595448507863, 'tol': 0.08794181584073228, 'validation_fraction': 0.7242383400296919, 'beta_1': 0.9289819741456522, 'beta_2': 0.9780369392528339, 'epsilon': 5.097390704261452e-07}
observation time 0.004385, current best 7.233116 at iter 0
suggestion time taken 0.046433 iter 1 next_points [{'hidden_layer_sizes': 188, 'learning_rate_init': 0.06590190585749937, 'alpha': 2.029673277455306, 'epsilon': 9.317400479219296e-07, 'tol': 0.06691776015630817, 'validation_fraction': 0.4881356165351328, 'beta_2': 0.9214075329372708, 'beta_1': 0.8449253325146608, 'batch_size': 211}]
function_evaluation time 0.551455 value 0.268312 suggestion {'hidden_layer_sizes': 188, 'learning_rate_init': 0.06590190585749937, 'alpha': 2.029673277455306, 'epsilon': 9.317400479219296e-07, 'tol': 0.06691776015630817, 'validation_fraction': 0.4881356165351328, 'beta_2': 0.9214075329372708, 'beta_1': 0.8449253325146608, 'batch_size': 211}
observation time 0.001818, current best 0.268312 at iter 1
suggestion time taken 0.007150 iter 2 next_points [{'hidden_layer_sizes': 197, 'learning_rate_init': 0.06590190585749937, 'alpha': 2.029673277455306, 'epsilon': 8.61839670435709e-07, 'tol': 0.07664289492432556, 'validation_fraction': 0.5545931388201666, 'beta_2': 0.9057953415739917, 'beta_1': 0.8449253325146608, 'batch_size': 187}]
function_evaluation time 0.464688 value 0.346888 suggestion {'hidden_layer_sizes': 197, 'learning_rate_init': 0.06590190585749937, 'alpha': 2.029673277455306, 'epsilon': 8.61839670435709e-07, 'tol': 0.07664289492432556, 'validation_fraction': 0.5545931388201666, 'beta_2': 0.9057953415739917, 'beta_1': 0.8449253325146608, 'batch_size': 187}
observation time 0.002863, current best 0.268312 at iter 2
suggestion time taken 0.021409 iter 3 next_points [{'batch_size': 230, 'validation_fraction': 0.2603303341713836, 'learning_rate_init': 0.031878705687878144, 'beta_1': 0.6811442011180422, 'epsilon': 9.350915114730563e-07, 'hidden_layer_sizes': 86, 'alpha': 0.21902151618554394, 'tol': 0.07296422747738533, 'beta_2': 0.9866264647069078}]
function_evaluation time 0.324550 value 0.152465 suggestion {'batch_size': 230, 'validation_fraction': 0.2603303341713836, 'learning_rate_init': 0.031878705687878144, 'beta_1': 0.6811442011180422, 'epsilon': 9.350915114730563e-07, 'hidden_layer_sizes': 86, 'alpha': 0.21902151618554394, 'tol': 0.07296422747738533, 'beta_2': 0.9866264647069078}
observation time 0.001994, current best 0.152465 at iter 3
suggestion time taken 0.005213 iter 4 next_points [{'hidden_layer_sizes': 65, 'learning_rate_init': 0.06140529139451217, 'alpha': 5.750434465129774, 'epsilon': 4.669589662217766e-08, 'tol': 0.03292981777813913, 'validation_fraction': 0.3842328878847142, 'beta_2': 0.9394845542584809, 'beta_1': 0.7394856745387741, 'batch_size': 94}]
function_evaluation time 0.526346 value 0.311832 suggestion {'hidden_layer_sizes': 65, 'learning_rate_init': 0.06140529139451217, 'alpha': 5.750434465129774, 'epsilon': 4.669589662217766e-08, 'tol': 0.03292981777813913, 'validation_fraction': 0.3842328878847142, 'beta_2': 0.9394845542584809, 'beta_1': 0.7394856745387741, 'batch_size': 94}
observation time 0.001817, current best 0.152465 at iter 4
suggestion time taken 0.005965 iter 5 next_points [{'batch_size': 26, 'validation_fraction': 0.7212643938172854, 'learning_rate_init': 0.039679912414883826, 'beta_1': 0.7277851710529645, 'epsilon': 3.638144044412661e-08, 'hidden_layer_sizes': 107, 'alpha': 8.754049131281995, 'tol': 0.07186442823729682, 'beta_2': 0.9830793457136852}]
function_evaluation time 0.553212 value 0.659266 suggestion {'batch_size': 26, 'validation_fraction': 0.7212643938172854, 'learning_rate_init': 0.039679912414883826, 'beta_1': 0.7277851710529645, 'epsilon': 3.638144044412661e-08, 'hidden_layer_sizes': 107, 'alpha': 8.754049131281995, 'tol': 0.07186442823729682, 'beta_2': 0.9830793457136852}
observation time 0.002007, current best 0.152465 at iter 5
suggestion time taken 0.007370 iter 6 next_points [{'batch_size': 230, 'validation_fraction': 0.2603303341713836, 'learning_rate_init': 0.031878705687878144, 'beta_1': 0.6811442011180422, 'epsilon': 9.350915114730563e-07, 'hidden_layer_sizes': 86, 'alpha': 4.638312109346085, 'tol': 0.07296422747738533, 'beta_2': 0.9866264647069078}]
function_evaluation time 0.332052 value 0.166126 suggestion {'batch_size': 230, 'validation_fraction': 0.2603303341713836, 'learning_rate_init': 0.031878705687878144, 'beta_1': 0.6811442011180422, 'epsilon': 9.350915114730563e-07, 'hidden_layer_sizes': 86, 'alpha': 4.638312109346085, 'tol': 0.07296422747738533, 'beta_2': 0.9866264647069078}
observation time 0.002052, current best 0.152465 at iter 6
suggestion time taken 0.006066 iter 7 next_points [{'batch_size': 159, 'validation_fraction': 0.45209998678362573, 'learning_rate_init': 0.06334353208065095, 'beta_1': 0.9568037303022714, 'epsilon': 4.154935688010776e-07, 'hidden_layer_sizes': 158, 'alpha': 5.848944229753768, 'tol': 0.08080515711924689, 'beta_2': 0.9411705835748843}]
function_evaluation time 0.411506 value 0.305486 suggestion {'batch_size': 159, 'validation_fraction': 0.45209998678362573, 'learning_rate_init': 0.06334353208065095, 'beta_1': 0.9568037303022714, 'epsilon': 4.154935688010776e-07, 'hidden_layer_sizes': 158, 'alpha': 5.848944229753768, 'tol': 0.08080515711924689, 'beta_2': 0.9411705835748843}
observation time 0.001997, current best 0.152465 at iter 7
suggestion time taken 0.005166 iter 8 next_points [{'hidden_layer_sizes': 131, 'learning_rate_init': 0.02405620828470083, 'alpha': 0.34525869789921465, 'epsilon': 6.958910150953079e-08, 'tol': 0.06880330401009054, 'validation_fraction': 0.8316487058698268, 'beta_2': 0.9469958224209769, 'beta_1': 0.7916778874241465, 'batch_size': 132}]
function_evaluation time 0.268467 value 0.419000 suggestion {'hidden_layer_sizes': 131, 'learning_rate_init': 0.02405620828470083, 'alpha': 0.34525869789921465, 'epsilon': 6.958910150953079e-08, 'tol': 0.06880330401009054, 'validation_fraction': 0.8316487058698268, 'beta_2': 0.9469958224209769, 'beta_1': 0.7916778874241465, 'batch_size': 132}
observation time 0.001801, current best 0.152465 at iter 8
suggestion time taken 0.007090 iter 9 next_points [{'batch_size': 230, 'validation_fraction': 0.2603303341713836, 'learning_rate_init': 0.031878705687878144, 'beta_1': 0.6811442011180422, 'epsilon': 3.771210825015127e-07, 'hidden_layer_sizes': 86, 'alpha': 0.2638744282517222, 'tol': 0.07296422747738533, 'beta_2': 0.9866264647069078}]
function_evaluation time 0.324298 value 0.151949 suggestion {'batch_size': 230, 'validation_fraction': 0.2603303341713836, 'learning_rate_init': 0.031878705687878144, 'beta_1': 0.6811442011180422, 'epsilon': 3.771210825015127e-07, 'hidden_layer_sizes': 86, 'alpha': 0.2638744282517222, 'tol': 0.07296422747738533, 'beta_2': 0.9866264647069078}
observation time 0.001797, current best 0.151949 at iter 9
suggestion time taken 0.007338 iter 10 next_points [{'batch_size': 230, 'validation_fraction': 0.2603303341713836, 'learning_rate_init': 0.044076464761142846, 'beta_1': 0.82314849964435, 'epsilon': 3.771210825015127e-07, 'hidden_layer_sizes': 86, 'alpha': 0.2638744282517222, 'tol': 0.07296422747738533, 'beta_2': 0.9866264647069078}]
function_evaluation time 0.367504 value 0.225506 suggestion {'batch_size': 230, 'validation_fraction': 0.2603303341713836, 'learning_rate_init': 0.044076464761142846, 'beta_1': 0.82314849964435, 'epsilon': 3.771210825015127e-07, 'hidden_layer_sizes': 86, 'alpha': 0.2638744282517222, 'tol': 0.07296422747738533, 'beta_2': 0.9866264647069078}
observation time 0.002235, current best 0.151949 at iter 10
suggestion time taken 0.007082 iter 11 next_points [{'batch_size': 230, 'validation_fraction': 0.2603303341713836, 'learning_rate_init': 0.031878705687878144, 'beta_1': 0.6811442011180422, 'epsilon': 3.771210825015127e-07, 'hidden_layer_sizes': 86, 'alpha': 1.3372622858177232, 'tol': 0.07296422747738533, 'beta_2': 0.9866264647069078}]
function_evaluation time 0.328739 value 0.182406 suggestion {'batch_size': 230, 'validation_fraction': 0.2603303341713836, 'learning_rate_init': 0.031878705687878144, 'beta_1': 0.6811442011180422, 'epsilon': 3.771210825015127e-07, 'hidden_layer_sizes': 86, 'alpha': 1.3372622858177232, 'tol': 0.07296422747738533, 'beta_2': 0.9866264647069078}
observation time 0.001812, current best 0.151949 at iter 11
suggestion time taken 0.006963 iter 12 next_points [{'batch_size': 230, 'validation_fraction': 0.1514756652682027, 'learning_rate_init': 0.031878705687878144, 'beta_1': 0.6811442011180422, 'epsilon': 3.771210825015127e-07, 'hidden_layer_sizes': 86, 'alpha': 0.2638744282517222, 'tol': 0.06734181181099756, 'beta_2': 0.9866264647069078}]
function_evaluation time 0.352724 value 0.162040 suggestion {'batch_size': 230, 'validation_fraction': 0.1514756652682027, 'learning_rate_init': 0.031878705687878144, 'beta_1': 0.6811442011180422, 'epsilon': 3.771210825015127e-07, 'hidden_layer_sizes': 86, 'alpha': 0.2638744282517222, 'tol': 0.06734181181099756, 'beta_2': 0.9866264647069078}
observation time 0.001949, current best 0.151949 at iter 12
suggestion time taken 0.006962 iter 13 next_points [{'batch_size': 230, 'validation_fraction': 0.2603303341713836, 'learning_rate_init': 0.031878705687878144, 'beta_1': 0.6811442011180422, 'epsilon': 3.771210825015127e-07, 'hidden_layer_sizes': 86, 'alpha': 0.2638744282517222, 'tol': 0.05351703666820467, 'beta_2': 0.9866264647069078}]
function_evaluation time 0.327411 value 0.165434 suggestion {'batch_size': 230, 'validation_fraction': 0.2603303341713836, 'learning_rate_init': 0.031878705687878144, 'beta_1': 0.6811442011180422, 'epsilon': 3.771210825015127e-07, 'hidden_layer_sizes': 86, 'alpha': 0.2638744282517222, 'tol': 0.05351703666820467, 'beta_2': 0.9866264647069078}
observation time 0.001781, current best 0.151949 at iter 13
suggestion time taken 0.005130 iter 14 next_points [{'hidden_layer_sizes': 198, 'learning_rate_init': 0.004950608199963669, 'alpha': 0.10180811612988887, 'epsilon': 2.0136943615409086e-07, 'tol': 0.03822863643171275, 'validation_fraction': 0.2451729527225135, 'beta_2': 0.9002034176270953, 'beta_1': 0.6695443650344057, 'batch_size': 71}]
function_evaluation time 0.795174 value 0.122296 suggestion {'hidden_layer_sizes': 198, 'learning_rate_init': 0.004950608199963669, 'alpha': 0.10180811612988887, 'epsilon': 2.0136943615409086e-07, 'tol': 0.03822863643171275, 'validation_fraction': 0.2451729527225135, 'beta_2': 0.9002034176270953, 'beta_1': 0.6695443650344057, 'batch_size': 71}
observation time 0.001827, current best 0.122296 at iter 14
saving meta data: {'args': {'--uuid': 'f85be397eb3f578ea39c175c0c5db10f', '-db-root': '/home/ryedida/bbo_challenge_starter_kit/output', '--opt-root': '/home/ryedida/bbo_challenge_starter_kit/example_submissions', '--data-root': None, '--db': 'run_20230407_081712', '--opt': 'opentuner', '--data': 'digits', '--classifier': 'MLP-adam', '--metric': 'nll', '--calls': 15, '--suggestions': 1, '--jobs-file': None, '--verbose': False, 'dry_run': False, 'rev': 'a376313', 'opt_rev': '0.8.8'}, 'signature': ([{'alpha': 0.019628224813442792, 'batch_size': 182, 'beta_1': 0.9410202200271762, 'beta_2': 0.9998021557676793, 'epsilon': 1.8662266976518e-08, 'hidden_layer_sizes': 147, 'learning_rate_init': 0.0005627932047415167, 'tol': 0.03690557729213761, 'validation_fraction': 0.8846827852548593}, {'alpha': 0.0019982467392329444, 'batch_size': 200, 'beta_1': 0.919111482530466, 'beta_2': 0.9998488260436156, 'epsilon': 5.981221901152555e-07, 'hidden_layer_sizes': 61, 'learning_rate_init': 2.2310905607443014e-05, 'tol': 1.2046852412030316e-05, 'validation_fraction': 0.8117896445826539}, {'alpha': 0.46659545670218433, 'batch_size': 219, 'beta_1': 0.9889789783750891, 'beta_2': 0.9999896868093284, 'epsilon': 2.4234724484675948e-08, 'hidden_layer_sizes': 167, 'learning_rate_init': 2.972334644335654e-05, 'tol': 0.0036281404040243792, 'validation_fraction': 0.17260651658522078}, {'alpha': 4.656005689076002, 'batch_size': 135, 'beta_1': 0.870503881627747, 'beta_2': 0.9948873266941017, 'epsilon': 2.1023308743480125e-07, 'hidden_layer_sizes': 118, 'learning_rate_init': 0.0018781738757161913, 'tol': 1.1889379831773004e-05, 'validation_fraction': 0.6264327093752792}, {'alpha': 0.04705159350400542, 'batch_size': 158, 'beta_1': 0.9870884262730957, 'beta_2': 0.9999596874382349, 'epsilon': 1.1981845126013875e-08, 'hidden_layer_sizes': 116, 'learning_rate_init': 0.00617340520407431, 'tol': 1.741413418158619e-05, 'validation_fraction': 0.6754299026638921}], [4.8709522768835765, 9.712622772033223, 5.950791832993735, 0.19438427080405424, 0.251902166999456])}
saving results
saving timing
saving suggest log
done
