running: {'--uuid': '2a0c09cd8fb55284aa08caa6c4433f49', '-db-root': '/home/ryedida/bbo_challenge_starter_kit/output', '--opt-root': '/home/ryedida/bbo_challenge_starter_kit/example_submissions', '--data-root': None, '--db': 'run_20230422_030001', '--opt': 'random-search', '--data': 'breast', '--classifier': 'MLP-adam', '--metric': 'acc', '--calls': 15, '--suggestions': 1, '--jobs-file': None, '--verbose': False, 'dry_run': False, 'rev': 'a376313', 'opt_rev': '0.0.8'}
cmd: python random-search/optimizer.py -c MLP-adam -d breast -o random-search -u 2a0c09cd8fb55284aa08caa6c4433f49 -m acc -n 15 -p 1 -dir /home/ryedida/bbo_challenge_starter_kit/output -b run_20230422_030001
/home/ryedida/.local/lib/python3.9/site-packages/sklearn/neural_network/_multilayer_perceptron.py:605: UserWarning: Got `batch_size` less than 1 or larger than sample size. It is going to be clipped
  warnings.warn(

/home/ryedida/.local/lib/python3.9/site-packages/sklearn/neural_network/_multilayer_perceptron.py:605: UserWarning: Got `batch_size` less than 1 or larger than sample size. It is going to be clipped
  warnings.warn(

/home/ryedida/.local/lib/python3.9/site-packages/sklearn/neural_network/_multilayer_perceptron.py:605: UserWarning: Got `batch_size` less than 1 or larger than sample size. It is going to be clipped
  warnings.warn(

computed signature: ([{'alpha': 0.019628224813442792, 'batch_size': 182, 'beta_1': 0.9410202200271762, 'beta_2': 0.9998021557676793, 'epsilon': 1.8662266976518e-08, 'hidden_layer_sizes': 147, 'learning_rate_init': 0.0005627932047415167, 'tol': 0.03690557729213761, 'validation_fraction': 0.8846827852548593}, {'alpha': 0.0019982467392329444, 'batch_size': 200, 'beta_1': 0.919111482530466, 'beta_2': 0.9998488260436156, 'epsilon': 5.981221901152555e-07, 'hidden_layer_sizes': 61, 'learning_rate_init': 2.2310905607443014e-05, 'tol': 1.2046852412030316e-05, 'validation_fraction': 0.8117896445826539}, {'alpha': 0.46659545670218433, 'batch_size': 219, 'beta_1': 0.9889789783750891, 'beta_2': 0.9999896868093284, 'epsilon': 2.4234724484675948e-08, 'hidden_layer_sizes': 167, 'learning_rate_init': 2.972334644335654e-05, 'tol': 0.0036281404040243792, 'validation_fraction': 0.17260651658522078}, {'alpha': 4.656005689076002, 'batch_size': 135, 'beta_1': 0.870503881627747, 'beta_2': 0.9948873266941017, 'epsilon': 2.1023308743480125e-07, 'hidden_layer_sizes': 118, 'learning_rate_init': 0.0018781738757161913, 'tol': 1.1889379831773004e-05, 'validation_fraction': 0.6264327093752792}, {'alpha': 0.04705159350400542, 'batch_size': 158, 'beta_1': 0.9870884262730957, 'beta_2': 0.9999596874382349, 'epsilon': 1.1981845126013875e-08, 'hidden_layer_sizes': 116, 'learning_rate_init': 0.00617340520407431, 'tol': 1.741413418158619e-05, 'validation_fraction': 0.6754299026638921}], [-0.676923076923077, -0.567032967032967, -0.545054945054945, -0.7824175824175824, -0.843956043956044])
/home/ryedida/.local/lib/python3.9/site-packages/bayesmark/signatures.py:85: RuntimeWarning: Signature diverged on MLP-adam_breast_acc betwen [-0.80659341 -0.56703297 -0.66593407 -0.87912088 -0.85934066] and [-0.67692308 -0.41758242 -0.54505495 -0.78241758 -0.84395604]
  warnings.warn(

Signature errors:
                           0         1         2         3         4       max
MLP-adam_breast_acc  0.12967  0.149451  0.120879  0.096703  0.015385  0.149451
max                  0.12967  0.149451  0.120879  0.096703  0.015385  0.149451
starting sklearn study random-search MLP-adam breast acc 15 1
with data root: None
suggestion time taken 0.002751 iter 0 next_points [{'alpha': 2.176873949320452, 'batch_size': 126, 'beta_1': 0.9418042863436523, 'beta_2': 0.9999525761335386, 'epsilon': 8.086383722012833e-09, 'hidden_layer_sizes': 191, 'learning_rate_init': 1.121902221249106e-05, 'tol': 0.09510426042218607, 'validation_fraction': 0.3339220542192256}]
function_evaluation time 0.151907 value -0.432967 suggestion {'alpha': 2.176873949320452, 'batch_size': 126, 'beta_1': 0.9418042863436523, 'beta_2': 0.9999525761335386, 'epsilon': 8.086383722012833e-09, 'hidden_layer_sizes': 191, 'learning_rate_init': 1.121902221249106e-05, 'tol': 0.09510426042218607, 'validation_fraction': 0.3339220542192256}
observation time 0.000006, current best -0.432967 at iter 0
suggestion time taken 0.002483 iter 1 next_points [{'alpha': 0.0868372408173842, 'batch_size': 237, 'beta_1': 0.8746046909953024, 'beta_2': 0.9999967734226787, 'epsilon': 2.2239047737124973e-07, 'hidden_layer_sizes': 101, 'learning_rate_init': 0.001841701175770939, 'tol': 0.0027030919795834347, 'validation_fraction': 0.7933206729910403}]
/home/ryedida/.local/lib/python3.9/site-packages/sklearn/neural_network/_multilayer_perceptron.py:605: UserWarning: Got `batch_size` less than 1 or larger than sample size. It is going to be clipped
  warnings.warn(

function_evaluation time 0.181957 value -0.841758 suggestion {'alpha': 0.0868372408173842, 'batch_size': 237, 'beta_1': 0.8746046909953024, 'beta_2': 0.9999967734226787, 'epsilon': 2.2239047737124973e-07, 'hidden_layer_sizes': 101, 'learning_rate_init': 0.001841701175770939, 'tol': 0.0027030919795834347, 'validation_fraction': 0.7933206729910403}
observation time 0.000004, current best -0.841758 at iter 1
suggestion time taken 0.002742 iter 2 next_points [{'alpha': 0.061169080592272856, 'batch_size': 234, 'beta_1': 0.9876190916328986, 'beta_2': 0.9999957812127009, 'epsilon': 9.430433776351316e-08, 'hidden_layer_sizes': 96, 'learning_rate_init': 0.005069295062697261, 'tol': 0.00013147478618714018, 'validation_fraction': 0.4472821169496121}]
function_evaluation time 0.191430 value -0.896703 suggestion {'alpha': 0.061169080592272856, 'batch_size': 234, 'beta_1': 0.9876190916328986, 'beta_2': 0.9999957812127009, 'epsilon': 9.430433776351316e-08, 'hidden_layer_sizes': 96, 'learning_rate_init': 0.005069295062697261, 'tol': 0.00013147478618714018, 'validation_fraction': 0.4472821169496121}
observation time 0.000005, current best -0.896703 at iter 2
suggestion time taken 0.002488 iter 3 next_points [{'alpha': 0.028019922346311427, 'batch_size': 216, 'beta_1': 0.9763637223248024, 'beta_2': 0.9999965265718662, 'epsilon': 1.8695180076656377e-07, 'hidden_layer_sizes': 68, 'learning_rate_init': 0.0001075596062067483, 'tol': 0.000711766486530596, 'validation_fraction': 0.8981546272623702}]
/home/ryedida/.local/lib/python3.9/site-packages/sklearn/neural_network/_multilayer_perceptron.py:605: UserWarning: Got `batch_size` less than 1 or larger than sample size. It is going to be clipped
  warnings.warn(

function_evaluation time 0.098580 value -0.540659 suggestion {'alpha': 0.028019922346311427, 'batch_size': 216, 'beta_1': 0.9763637223248024, 'beta_2': 0.9999965265718662, 'epsilon': 1.8695180076656377e-07, 'hidden_layer_sizes': 68, 'learning_rate_init': 0.0001075596062067483, 'tol': 0.000711766486530596, 'validation_fraction': 0.8981546272623702}
observation time 0.000004, current best -0.896703 at iter 3
suggestion time taken 0.002540 iter 4 next_points [{'alpha': 0.33535921642066263, 'batch_size': 51, 'beta_1': 0.9638857975040792, 'beta_2': 0.9999989696652372, 'epsilon': 1.9413467609194572e-07, 'hidden_layer_sizes': 129, 'learning_rate_init': 2.064791864836824e-05, 'tol': 0.03913253537945742, 'validation_fraction': 0.5089010668154474}]
function_evaluation time 0.158264 value -0.503297 suggestion {'alpha': 0.33535921642066263, 'batch_size': 51, 'beta_1': 0.9638857975040792, 'beta_2': 0.9999989696652372, 'epsilon': 1.9413467609194572e-07, 'hidden_layer_sizes': 129, 'learning_rate_init': 2.064791864836824e-05, 'tol': 0.03913253537945742, 'validation_fraction': 0.5089010668154474}
observation time 0.000004, current best -0.896703 at iter 4
suggestion time taken 0.002704 iter 5 next_points [{'alpha': 4.046785686425275e-05, 'batch_size': 224, 'beta_1': 0.6550005055253333, 'beta_2': 0.9999948857657543, 'epsilon': 6.645017562810247e-08, 'hidden_layer_sizes': 148, 'learning_rate_init': 0.05107777556358516, 'tol': 0.006287439177738784, 'validation_fraction': 0.3805179779585106}]
function_evaluation time 0.217341 value -0.841758 suggestion {'alpha': 4.046785686425275e-05, 'batch_size': 224, 'beta_1': 0.6550005055253333, 'beta_2': 0.9999948857657543, 'epsilon': 6.645017562810247e-08, 'hidden_layer_sizes': 148, 'learning_rate_init': 0.05107777556358516, 'tol': 0.006287439177738784, 'validation_fraction': 0.3805179779585106}
observation time 0.000003, current best -0.896703 at iter 5
suggestion time taken 0.002773 iter 6 next_points [{'alpha': 9.427098869984025, 'batch_size': 168, 'beta_1': 0.9630613707131968, 'beta_2': 0.9998549287586217, 'epsilon': 1.6427988430168104e-08, 'hidden_layer_sizes': 85, 'learning_rate_init': 0.011643075852052692, 'tol': 0.001382623413293259, 'validation_fraction': 0.8182838102809636}]
/home/ryedida/.local/lib/python3.9/site-packages/sklearn/neural_network/_multilayer_perceptron.py:605: UserWarning: Got `batch_size` less than 1 or larger than sample size. It is going to be clipped
  warnings.warn(

function_evaluation time 0.187361 value -0.881319 suggestion {'alpha': 9.427098869984025, 'batch_size': 168, 'beta_1': 0.9630613707131968, 'beta_2': 0.9998549287586217, 'epsilon': 1.6427988430168104e-08, 'hidden_layer_sizes': 85, 'learning_rate_init': 0.011643075852052692, 'tol': 0.001382623413293259, 'validation_fraction': 0.8182838102809636}
observation time 0.000005, current best -0.896703 at iter 6
suggestion time taken 0.002490 iter 7 next_points [{'alpha': 0.001856525133848573, 'batch_size': 18, 'beta_1': 0.9449281397531627, 'beta_2': 0.9998429989969468, 'epsilon': 1.3356824126491965e-09, 'hidden_layer_sizes': 56, 'learning_rate_init': 0.009552197465172899, 'tol': 0.08253123338655051, 'validation_fraction': 0.2732594993016725}]
function_evaluation time 0.225334 value -0.903297 suggestion {'alpha': 0.001856525133848573, 'batch_size': 18, 'beta_1': 0.9449281397531627, 'beta_2': 0.9998429989969468, 'epsilon': 1.3356824126491965e-09, 'hidden_layer_sizes': 56, 'learning_rate_init': 0.009552197465172899, 'tol': 0.08253123338655051, 'validation_fraction': 0.2732594993016725}
observation time 0.000005, current best -0.903297 at iter 7
suggestion time taken 0.002481 iter 8 next_points [{'alpha': 0.0013320660651706495, 'batch_size': 102, 'beta_1': 0.7446691204706798, 'beta_2': 0.9999923184436488, 'epsilon': 1.0195453405182524e-09, 'hidden_layer_sizes': 147, 'learning_rate_init': 5.572070374683744e-05, 'tol': 0.0010782697413911793, 'validation_fraction': 0.5924556268432329}]
function_evaluation time 0.143615 value -0.560440 suggestion {'alpha': 0.0013320660651706495, 'batch_size': 102, 'beta_1': 0.7446691204706798, 'beta_2': 0.9999923184436488, 'epsilon': 1.0195453405182524e-09, 'hidden_layer_sizes': 147, 'learning_rate_init': 5.572070374683744e-05, 'tol': 0.0010782697413911793, 'validation_fraction': 0.5924556268432329}
observation time 0.000004, current best -0.903297 at iter 8
suggestion time taken 0.002381 iter 9 next_points [{'alpha': 0.007373647426143846, 'batch_size': 91, 'beta_1': 0.6791019520314606, 'beta_2': 0.9999959861517779, 'epsilon': 2.3486043288426333e-09, 'hidden_layer_sizes': 111, 'learning_rate_init': 0.00681245744035433, 'tol': 7.123454241304787e-05, 'validation_fraction': 0.4049575267548825}]
function_evaluation time 0.276124 value -0.909890 suggestion {'alpha': 0.007373647426143846, 'batch_size': 91, 'beta_1': 0.6791019520314606, 'beta_2': 0.9999959861517779, 'epsilon': 2.3486043288426333e-09, 'hidden_layer_sizes': 111, 'learning_rate_init': 0.00681245744035433, 'tol': 7.123454241304787e-05, 'validation_fraction': 0.4049575267548825}
observation time 0.000004, current best -0.909890 at iter 9
suggestion time taken 0.002456 iter 10 next_points [{'alpha': 5.296415426572519e-05, 'batch_size': 125, 'beta_1': 0.9895518021795275, 'beta_2': 0.9999954042394368, 'epsilon': 6.6013575945599984e-09, 'hidden_layer_sizes': 99, 'learning_rate_init': 0.0001739563580221506, 'tol': 0.02110583215775872, 'validation_fraction': 0.78910748741514}]
/home/ryedida/.local/lib/python3.9/site-packages/sklearn/neural_network/_multilayer_perceptron.py:605: UserWarning: Got `batch_size` less than 1 or larger than sample size. It is going to be clipped
  warnings.warn(

function_evaluation time 0.097898 value -0.527473 suggestion {'alpha': 5.296415426572519e-05, 'batch_size': 125, 'beta_1': 0.9895518021795275, 'beta_2': 0.9999954042394368, 'epsilon': 6.6013575945599984e-09, 'hidden_layer_sizes': 99, 'learning_rate_init': 0.0001739563580221506, 'tol': 0.02110583215775872, 'validation_fraction': 0.78910748741514}
observation time 0.000003, current best -0.909890 at iter 10
suggestion time taken 0.002465 iter 11 next_points [{'alpha': 0.2564484311249446, 'batch_size': 169, 'beta_1': 0.714886668155192, 'beta_2': 0.9999980002731613, 'epsilon': 3.595470975599583e-09, 'hidden_layer_sizes': 179, 'learning_rate_init': 0.00010858589510723313, 'tol': 0.0017737656314426502, 'validation_fraction': 0.30410373719305783}]
function_evaluation time 0.380982 value -0.784615 suggestion {'alpha': 0.2564484311249446, 'batch_size': 169, 'beta_1': 0.714886668155192, 'beta_2': 0.9999980002731613, 'epsilon': 3.595470975599583e-09, 'hidden_layer_sizes': 179, 'learning_rate_init': 0.00010858589510723313, 'tol': 0.0017737656314426502, 'validation_fraction': 0.30410373719305783}
observation time 0.000004, current best -0.909890 at iter 11
suggestion time taken 0.002701 iter 12 next_points [{'alpha': 1.9899675197263247e-05, 'batch_size': 101, 'beta_1': 0.9436747518382865, 'beta_2': 0.9965407930665118, 'epsilon': 1.0005690908354734e-09, 'hidden_layer_sizes': 156, 'learning_rate_init': 0.00017482153141604702, 'tol': 0.00048678161453188484, 'validation_fraction': 0.8500851392451161}]
/home/ryedida/.local/lib/python3.9/site-packages/sklearn/neural_network/_multilayer_perceptron.py:605: UserWarning: Got `batch_size` less than 1 or larger than sample size. It is going to be clipped
  warnings.warn(

function_evaluation time 0.107657 value -0.593407 suggestion {'alpha': 1.9899675197263247e-05, 'batch_size': 101, 'beta_1': 0.9436747518382865, 'beta_2': 0.9965407930665118, 'epsilon': 1.0005690908354734e-09, 'hidden_layer_sizes': 156, 'learning_rate_init': 0.00017482153141604702, 'tol': 0.00048678161453188484, 'validation_fraction': 0.8500851392451161}
observation time 0.000005, current best -0.909890 at iter 12
suggestion time taken 0.002501 iter 13 next_points [{'alpha': 0.2930810716974992, 'batch_size': 76, 'beta_1': 0.9848747720523879, 'beta_2': 0.9984862480714399, 'epsilon': 2.3878526759073077e-09, 'hidden_layer_sizes': 66, 'learning_rate_init': 0.0666729164728861, 'tol': 0.004000348158886659, 'validation_fraction': 0.16962763655598287}]
function_evaluation time 0.143420 value -0.802198 suggestion {'alpha': 0.2930810716974992, 'batch_size': 76, 'beta_1': 0.9848747720523879, 'beta_2': 0.9984862480714399, 'epsilon': 2.3878526759073077e-09, 'hidden_layer_sizes': 66, 'learning_rate_init': 0.0666729164728861, 'tol': 0.004000348158886659, 'validation_fraction': 0.16962763655598287}
observation time 0.000005, current best -0.909890 at iter 13
suggestion time taken 0.002492 iter 14 next_points [{'alpha': 5.442479907574103e-05, 'batch_size': 85, 'beta_1': 0.7458840209168298, 'beta_2': 0.9999936891181294, 'epsilon': 2.5795985384257795e-09, 'hidden_layer_sizes': 85, 'learning_rate_init': 0.00013203446752893948, 'tol': 0.0001490934511310819, 'validation_fraction': 0.2194357483200306}]
function_evaluation time 0.159188 value -0.575824 suggestion {'alpha': 5.442479907574103e-05, 'batch_size': 85, 'beta_1': 0.7458840209168298, 'beta_2': 0.9999936891181294, 'epsilon': 2.5795985384257795e-09, 'hidden_layer_sizes': 85, 'learning_rate_init': 0.00013203446752893948, 'tol': 0.0001490934511310819, 'validation_fraction': 0.2194357483200306}
observation time 0.000005, current best -0.909890 at iter 14
saving meta data: {'args': {'--uuid': '2a0c09cd8fb55284aa08caa6c4433f49', '-db-root': '/home/ryedida/bbo_challenge_starter_kit/output', '--opt-root': '/home/ryedida/bbo_challenge_starter_kit/example_submissions', '--data-root': None, '--db': 'run_20230422_030001', '--opt': 'random-search', '--data': 'breast', '--classifier': 'MLP-adam', '--metric': 'acc', '--calls': 15, '--suggestions': 1, '--jobs-file': None, '--verbose': False, 'dry_run': False, 'rev': 'a376313', 'opt_rev': '0.0.8'}, 'signature': ([{'alpha': 0.019628224813442792, 'batch_size': 182, 'beta_1': 0.9410202200271762, 'beta_2': 0.9998021557676793, 'epsilon': 1.8662266976518e-08, 'hidden_layer_sizes': 147, 'learning_rate_init': 0.0005627932047415167, 'tol': 0.03690557729213761, 'validation_fraction': 0.8846827852548593}, {'alpha': 0.0019982467392329444, 'batch_size': 200, 'beta_1': 0.919111482530466, 'beta_2': 0.9998488260436156, 'epsilon': 5.981221901152555e-07, 'hidden_layer_sizes': 61, 'learning_rate_init': 2.2310905607443014e-05, 'tol': 1.2046852412030316e-05, 'validation_fraction': 0.8117896445826539}, {'alpha': 0.46659545670218433, 'batch_size': 219, 'beta_1': 0.9889789783750891, 'beta_2': 0.9999896868093284, 'epsilon': 2.4234724484675948e-08, 'hidden_layer_sizes': 167, 'learning_rate_init': 2.972334644335654e-05, 'tol': 0.0036281404040243792, 'validation_fraction': 0.17260651658522078}, {'alpha': 4.656005689076002, 'batch_size': 135, 'beta_1': 0.870503881627747, 'beta_2': 0.9948873266941017, 'epsilon': 2.1023308743480125e-07, 'hidden_layer_sizes': 118, 'learning_rate_init': 0.0018781738757161913, 'tol': 1.1889379831773004e-05, 'validation_fraction': 0.6264327093752792}, {'alpha': 0.04705159350400542, 'batch_size': 158, 'beta_1': 0.9870884262730957, 'beta_2': 0.9999596874382349, 'epsilon': 1.1981845126013875e-08, 'hidden_layer_sizes': 116, 'learning_rate_init': 0.00617340520407431, 'tol': 1.741413418158619e-05, 'validation_fraction': 0.6754299026638921}], [-0.676923076923077, -0.567032967032967, -0.545054945054945, -0.7824175824175824, -0.843956043956044])}
saving results
saving timing
saving suggest log
done
