running: {'--uuid': '4ec04e79c3275d5abfd99e1d6f165747', '-db-root': '/home/ryedida/bbo_challenge_starter_kit/output', '--opt-root': '/home/ryedida/bbo_challenge_starter_kit/example_submissions', '--data-root': None, '--db': 'run_20230422_030001', '--opt': 'random-search', '--data': 'breast', '--classifier': 'MLP-adam', '--metric': 'nll', '--calls': 15, '--suggestions': 1, '--jobs-file': None, '--verbose': False, 'dry_run': False, 'rev': 'a376313', 'opt_rev': '0.0.8'}
cmd: python random-search/optimizer.py -c MLP-adam -d breast -o random-search -u 4ec04e79c3275d5abfd99e1d6f165747 -m nll -n 15 -p 1 -dir /home/ryedida/bbo_challenge_starter_kit/output -b run_20230422_030001
/home/ryedida/.local/lib/python3.9/site-packages/sklearn/neural_network/_multilayer_perceptron.py:605: UserWarning: Got `batch_size` less than 1 or larger than sample size. It is going to be clipped
  warnings.warn(

/home/ryedida/.local/lib/python3.9/site-packages/sklearn/neural_network/_multilayer_perceptron.py:605: UserWarning: Got `batch_size` less than 1 or larger than sample size. It is going to be clipped
  warnings.warn(

/home/ryedida/.local/lib/python3.9/site-packages/sklearn/neural_network/_multilayer_perceptron.py:605: UserWarning: Got `batch_size` less than 1 or larger than sample size. It is going to be clipped
  warnings.warn(

computed signature: ([{'alpha': 0.019628224813442792, 'batch_size': 182, 'beta_1': 0.9410202200271762, 'beta_2': 0.9998021557676793, 'epsilon': 1.8662266976518e-08, 'hidden_layer_sizes': 147, 'learning_rate_init': 0.0005627932047415167, 'tol': 0.03690557729213761, 'validation_fraction': 0.8846827852548593}, {'alpha': 0.0019982467392329444, 'batch_size': 200, 'beta_1': 0.919111482530466, 'beta_2': 0.9998488260436156, 'epsilon': 5.981221901152555e-07, 'hidden_layer_sizes': 61, 'learning_rate_init': 2.2310905607443014e-05, 'tol': 1.2046852412030316e-05, 'validation_fraction': 0.8117896445826539}, {'alpha': 0.46659545670218433, 'batch_size': 219, 'beta_1': 0.9889789783750891, 'beta_2': 0.9999896868093284, 'epsilon': 2.4234724484675948e-08, 'hidden_layer_sizes': 167, 'learning_rate_init': 2.972334644335654e-05, 'tol': 0.0036281404040243792, 'validation_fraction': 0.17260651658522078}, {'alpha': 4.656005689076002, 'batch_size': 135, 'beta_1': 0.870503881627747, 'beta_2': 0.9948873266941017, 'epsilon': 2.1023308743480125e-07, 'hidden_layer_sizes': 118, 'learning_rate_init': 0.0018781738757161913, 'tol': 1.1889379831773004e-05, 'validation_fraction': 0.6264327093752792}, {'alpha': 0.04705159350400542, 'batch_size': 158, 'beta_1': 0.9870884262730957, 'beta_2': 0.9999596874382349, 'epsilon': 1.1981845126013875e-08, 'hidden_layer_sizes': 116, 'learning_rate_init': 0.00617340520407431, 'tol': 1.741413418158619e-05, 'validation_fraction': 0.6754299026638921}], [8.104566516477803, 14.643876498263253, 12.332285721418042, 5.2697835894868685, 3.490431081639362])
/home/ryedida/.local/lib/python3.9/site-packages/bayesmark/signatures.py:85: RuntimeWarning: Signature diverged on MLP-adam_breast_nll betwen [ 4.58589285 14.6438765   8.74044796  0.67466158  3.06872636] and [ 8.10456652 20.07092365 12.33228572  5.26978359  3.49043108]
  warnings.warn(

Signature errors:
                            0         1         2         3         4       max
MLP-adam_breast_nll  3.518674  5.427047  3.591838  4.595122  0.421705  5.427047
max                  3.518674  5.427047  3.591838  4.595122  0.421705  5.427047
starting sklearn study random-search MLP-adam breast nll 15 1
with data root: None
suggestion time taken 0.002486 iter 0 next_points [{'alpha': 0.016267071921244006, 'batch_size': 145, 'beta_1': 0.6906968105778495, 'beta_2': 0.9999958621833664, 'epsilon': 1.3462233936076103e-07, 'hidden_layer_sizes': 164, 'learning_rate_init': 1.4792206395844138e-05, 'tol': 0.02850293821146057, 'validation_fraction': 0.8378796743990263}]
/home/ryedida/.local/lib/python3.9/site-packages/sklearn/neural_network/_multilayer_perceptron.py:605: UserWarning: Got `batch_size` less than 1 or larger than sample size. It is going to be clipped
  warnings.warn(

function_evaluation time 0.101917 value 14.194703 suggestion {'alpha': 0.016267071921244006, 'batch_size': 145, 'beta_1': 0.6906968105778495, 'beta_2': 0.9999958621833664, 'epsilon': 1.3462233936076103e-07, 'hidden_layer_sizes': 164, 'learning_rate_init': 1.4792206395844138e-05, 'tol': 0.02850293821146057, 'validation_fraction': 0.8378796743990263}
observation time 0.000005, current best 14.194703 at iter 0
suggestion time taken 0.002722 iter 1 next_points [{'alpha': 5.685962040478188, 'batch_size': 154, 'beta_1': 0.7774157616375486, 'beta_2': 0.9999982945898923, 'epsilon': 2.868948524921808e-07, 'hidden_layer_sizes': 105, 'learning_rate_init': 1.5245750931625115e-05, 'tol': 0.008703197818386946, 'validation_fraction': 0.24490722177214888}]
function_evaluation time 0.131918 value 16.217564 suggestion {'alpha': 5.685962040478188, 'batch_size': 154, 'beta_1': 0.7774157616375486, 'beta_2': 0.9999982945898923, 'epsilon': 2.868948524921808e-07, 'hidden_layer_sizes': 105, 'learning_rate_init': 1.5245750931625115e-05, 'tol': 0.008703197818386946, 'validation_fraction': 0.24490722177214888}
observation time 0.000005, current best 14.194703 at iter 1
suggestion time taken 0.002455 iter 2 next_points [{'alpha': 0.006904182399698969, 'batch_size': 90, 'beta_1': 0.9267053836152822, 'beta_2': 0.9998201950524321, 'epsilon': 2.407617801653796e-07, 'hidden_layer_sizes': 158, 'learning_rate_init': 3.146472175520918e-05, 'tol': 0.004690121031484566, 'validation_fraction': 0.6438303548229165}]
function_evaluation time 0.189230 value 11.366835 suggestion {'alpha': 0.006904182399698969, 'batch_size': 90, 'beta_1': 0.9267053836152822, 'beta_2': 0.9998201950524321, 'epsilon': 2.407617801653796e-07, 'hidden_layer_sizes': 158, 'learning_rate_init': 3.146472175520918e-05, 'tol': 0.004690121031484566, 'validation_fraction': 0.6438303548229165}
observation time 0.000004, current best 11.366835 at iter 2
suggestion time taken 0.002454 iter 3 next_points [{'alpha': 1.4685860583220942, 'batch_size': 191, 'beta_1': 0.9282714067738475, 'beta_2': 0.9999886572551389, 'epsilon': 1.4327618223446887e-07, 'hidden_layer_sizes': 186, 'learning_rate_init': 0.008671048561996986, 'tol': 0.001487730516143985, 'validation_fraction': 0.16530428154792395}]
function_evaluation time 0.320811 value 1.250191 suggestion {'alpha': 1.4685860583220942, 'batch_size': 191, 'beta_1': 0.9282714067738475, 'beta_2': 0.9999886572551389, 'epsilon': 1.4327618223446887e-07, 'hidden_layer_sizes': 186, 'learning_rate_init': 0.008671048561996986, 'tol': 0.001487730516143985, 'validation_fraction': 0.16530428154792395}
observation time 0.000003, current best 1.250191 at iter 3
suggestion time taken 0.002421 iter 4 next_points [{'alpha': 0.00021664915510381897, 'batch_size': 95, 'beta_1': 0.9802328265365616, 'beta_2': 0.9609761948047859, 'epsilon': 2.4650842375064213e-07, 'hidden_layer_sizes': 90, 'learning_rate_init': 0.007580066302840827, 'tol': 0.00019418803893936535, 'validation_fraction': 0.7793164348350664}]
function_evaluation time 0.182169 value 0.903637 suggestion {'alpha': 0.00021664915510381897, 'batch_size': 95, 'beta_1': 0.9802328265365616, 'beta_2': 0.9609761948047859, 'epsilon': 2.4650842375064213e-07, 'hidden_layer_sizes': 90, 'learning_rate_init': 0.007580066302840827, 'tol': 0.00019418803893936535, 'validation_fraction': 0.7793164348350664}
observation time 0.000005, current best 0.903637 at iter 4
suggestion time taken 0.002418 iter 5 next_points [{'alpha': 0.04656186427071413, 'batch_size': 182, 'beta_1': 0.5517491859983269, 'beta_2': 0.9993554907837063, 'epsilon': 7.234576254438329e-07, 'hidden_layer_sizes': 173, 'learning_rate_init': 9.932080648302525e-05, 'tol': 0.008249065108295671, 'validation_fraction': 0.17484098976851123}]
function_evaluation time 0.214566 value 20.616135 suggestion {'alpha': 0.04656186427071413, 'batch_size': 182, 'beta_1': 0.5517491859983269, 'beta_2': 0.9993554907837063, 'epsilon': 7.234576254438329e-07, 'hidden_layer_sizes': 173, 'learning_rate_init': 9.932080648302525e-05, 'tol': 0.008249065108295671, 'validation_fraction': 0.17484098976851123}
observation time 0.000004, current best 0.903637 at iter 5
suggestion time taken 0.002389 iter 6 next_points [{'alpha': 0.08447145617082971, 'batch_size': 125, 'beta_1': 0.9786319755727673, 'beta_2': 0.9998460703300971, 'epsilon': 1.803017977137887e-08, 'hidden_layer_sizes': 113, 'learning_rate_init': 0.004573449792815785, 'tol': 0.0008876007774874192, 'validation_fraction': 0.7439061891496193}]
/home/ryedida/.local/lib/python3.9/site-packages/sklearn/neural_network/_multilayer_perceptron.py:605: UserWarning: Got `batch_size` less than 1 or larger than sample size. It is going to be clipped
  warnings.warn(

function_evaluation time 0.232193 value 2.480537 suggestion {'alpha': 0.08447145617082971, 'batch_size': 125, 'beta_1': 0.9786319755727673, 'beta_2': 0.9998460703300971, 'epsilon': 1.803017977137887e-08, 'hidden_layer_sizes': 113, 'learning_rate_init': 0.004573449792815785, 'tol': 0.0008876007774874192, 'validation_fraction': 0.7439061891496193}
observation time 0.000004, current best 0.903637 at iter 6
suggestion time taken 0.002458 iter 7 next_points [{'alpha': 5.013379816999672e-05, 'batch_size': 72, 'beta_1': 0.9485444280082451, 'beta_2': 0.9993755792217712, 'epsilon': 1.1668855855236247e-08, 'hidden_layer_sizes': 144, 'learning_rate_init': 0.0007663417705481106, 'tol': 1.3623938372806289e-05, 'validation_fraction': 0.3997519601526951}]
function_evaluation time 0.480455 value 0.404241 suggestion {'alpha': 5.013379816999672e-05, 'batch_size': 72, 'beta_1': 0.9485444280082451, 'beta_2': 0.9993755792217712, 'epsilon': 1.1668855855236247e-08, 'hidden_layer_sizes': 144, 'learning_rate_init': 0.0007663417705481106, 'tol': 1.3623938372806289e-05, 'validation_fraction': 0.3997519601526951}
observation time 0.000004, current best 0.404241 at iter 7
suggestion time taken 0.002432 iter 8 next_points [{'alpha': 0.00040888650518917593, 'batch_size': 244, 'beta_1': 0.8573192812802816, 'beta_2': 0.9998135850600689, 'epsilon': 1.41076035962126e-09, 'hidden_layer_sizes': 135, 'learning_rate_init': 0.003012346718031351, 'tol': 0.05327263744998177, 'validation_fraction': 0.7353467576532029}]
/home/ryedida/.local/lib/python3.9/site-packages/sklearn/neural_network/_multilayer_perceptron.py:605: UserWarning: Got `batch_size` less than 1 or larger than sample size. It is going to be clipped
  warnings.warn(

function_evaluation time 0.149918 value 1.707197 suggestion {'alpha': 0.00040888650518917593, 'batch_size': 244, 'beta_1': 0.8573192812802816, 'beta_2': 0.9998135850600689, 'epsilon': 1.41076035962126e-09, 'hidden_layer_sizes': 135, 'learning_rate_init': 0.003012346718031351, 'tol': 0.05327263744998177, 'validation_fraction': 0.7353467576532029}
observation time 0.000003, current best 0.404241 at iter 8
suggestion time taken 0.002374 iter 9 next_points [{'alpha': 6.992592485466999e-05, 'batch_size': 234, 'beta_1': 0.9353743921257739, 'beta_2': 0.9897539567161936, 'epsilon': 9.376472387557509e-09, 'hidden_layer_sizes': 131, 'learning_rate_init': 8.061321698497053e-05, 'tol': 0.0014132795598715878, 'validation_fraction': 0.29150646066656627}]
function_evaluation time 0.250055 value 13.622859 suggestion {'alpha': 6.992592485466999e-05, 'batch_size': 234, 'beta_1': 0.9353743921257739, 'beta_2': 0.9897539567161936, 'epsilon': 9.376472387557509e-09, 'hidden_layer_sizes': 131, 'learning_rate_init': 8.061321698497053e-05, 'tol': 0.0014132795598715878, 'validation_fraction': 0.29150646066656627}
observation time 0.000004, current best 0.404241 at iter 9
suggestion time taken 0.002478 iter 10 next_points [{'alpha': 6.144226870321297e-05, 'batch_size': 11, 'beta_1': 0.9899280550355833, 'beta_2': 0.999633921053482, 'epsilon': 3.4334834798138114e-09, 'hidden_layer_sizes': 158, 'learning_rate_init': 0.012455633331868199, 'tol': 7.480318136590216e-05, 'validation_fraction': 0.39449368793872236}]
function_evaluation time 0.906416 value 0.930041 suggestion {'alpha': 6.144226870321297e-05, 'batch_size': 11, 'beta_1': 0.9899280550355833, 'beta_2': 0.999633921053482, 'epsilon': 3.4334834798138114e-09, 'hidden_layer_sizes': 158, 'learning_rate_init': 0.012455633331868199, 'tol': 7.480318136590216e-05, 'validation_fraction': 0.39449368793872236}
observation time 0.000004, current best 0.404241 at iter 10
suggestion time taken 0.002453 iter 11 next_points [{'alpha': 2.6936296771746653, 'batch_size': 100, 'beta_1': 0.9155769688847041, 'beta_2': 0.9816709595449785, 'epsilon': 2.6391727045019893e-09, 'hidden_layer_sizes': 146, 'learning_rate_init': 0.01508185766648786, 'tol': 0.009236719448987303, 'validation_fraction': 0.518586866399999}]
function_evaluation time 0.230798 value 0.888979 suggestion {'alpha': 2.6936296771746653, 'batch_size': 100, 'beta_1': 0.9155769688847041, 'beta_2': 0.9816709595449785, 'epsilon': 2.6391727045019893e-09, 'hidden_layer_sizes': 146, 'learning_rate_init': 0.01508185766648786, 'tol': 0.009236719448987303, 'validation_fraction': 0.518586866399999}
observation time 0.000004, current best 0.404241 at iter 11
suggestion time taken 0.002410 iter 12 next_points [{'alpha': 0.40388870203331934, 'batch_size': 153, 'beta_1': 0.5355200801411947, 'beta_2': 0.998225974811018, 'epsilon': 6.323391801084275e-08, 'hidden_layer_sizes': 123, 'learning_rate_init': 1.3580905693938494e-05, 'tol': 0.003945785198663149, 'validation_fraction': 0.5984018823307824}]
function_evaluation time 0.164891 value 14.119013 suggestion {'alpha': 0.40388870203331934, 'batch_size': 153, 'beta_1': 0.5355200801411947, 'beta_2': 0.998225974811018, 'epsilon': 6.323391801084275e-08, 'hidden_layer_sizes': 123, 'learning_rate_init': 1.3580905693938494e-05, 'tol': 0.003945785198663149, 'validation_fraction': 0.5984018823307824}
observation time 0.000003, current best 0.404241 at iter 12
suggestion time taken 0.002422 iter 13 next_points [{'alpha': 1.0018016312502214, 'batch_size': 197, 'beta_1': 0.8239634794689844, 'beta_2': 0.9983754691447525, 'epsilon': 1.5564001509792325e-08, 'hidden_layer_sizes': 69, 'learning_rate_init': 0.00042424888197167035, 'tol': 0.02083589474366372, 'validation_fraction': 0.8922483007304757}]
/home/ryedida/.local/lib/python3.9/site-packages/sklearn/neural_network/_multilayer_perceptron.py:605: UserWarning: Got `batch_size` less than 1 or larger than sample size. It is going to be clipped
  warnings.warn(

function_evaluation time 0.085912 value 17.093835 suggestion {'alpha': 1.0018016312502214, 'batch_size': 197, 'beta_1': 0.8239634794689844, 'beta_2': 0.9983754691447525, 'epsilon': 1.5564001509792325e-08, 'hidden_layer_sizes': 69, 'learning_rate_init': 0.00042424888197167035, 'tol': 0.02083589474366372, 'validation_fraction': 0.8922483007304757}
observation time 0.000004, current best 0.404241 at iter 13
suggestion time taken 0.002674 iter 14 next_points [{'alpha': 3.4866677335200875e-05, 'batch_size': 119, 'beta_1': 0.9591111867407022, 'beta_2': 0.9985358586668132, 'epsilon': 5.4827521609566303e-08, 'hidden_layer_sizes': 115, 'learning_rate_init': 0.019708988901282882, 'tol': 0.013091286000396813, 'validation_fraction': 0.11322446582520974}]
function_evaluation time 0.257847 value 1.329145 suggestion {'alpha': 3.4866677335200875e-05, 'batch_size': 119, 'beta_1': 0.9591111867407022, 'beta_2': 0.9985358586668132, 'epsilon': 5.4827521609566303e-08, 'hidden_layer_sizes': 115, 'learning_rate_init': 0.019708988901282882, 'tol': 0.013091286000396813, 'validation_fraction': 0.11322446582520974}
observation time 0.000005, current best 0.404241 at iter 14
saving meta data: {'args': {'--uuid': '4ec04e79c3275d5abfd99e1d6f165747', '-db-root': '/home/ryedida/bbo_challenge_starter_kit/output', '--opt-root': '/home/ryedida/bbo_challenge_starter_kit/example_submissions', '--data-root': None, '--db': 'run_20230422_030001', '--opt': 'random-search', '--data': 'breast', '--classifier': 'MLP-adam', '--metric': 'nll', '--calls': 15, '--suggestions': 1, '--jobs-file': None, '--verbose': False, 'dry_run': False, 'rev': 'a376313', 'opt_rev': '0.0.8'}, 'signature': ([{'alpha': 0.019628224813442792, 'batch_size': 182, 'beta_1': 0.9410202200271762, 'beta_2': 0.9998021557676793, 'epsilon': 1.8662266976518e-08, 'hidden_layer_sizes': 147, 'learning_rate_init': 0.0005627932047415167, 'tol': 0.03690557729213761, 'validation_fraction': 0.8846827852548593}, {'alpha': 0.0019982467392329444, 'batch_size': 200, 'beta_1': 0.919111482530466, 'beta_2': 0.9998488260436156, 'epsilon': 5.981221901152555e-07, 'hidden_layer_sizes': 61, 'learning_rate_init': 2.2310905607443014e-05, 'tol': 1.2046852412030316e-05, 'validation_fraction': 0.8117896445826539}, {'alpha': 0.46659545670218433, 'batch_size': 219, 'beta_1': 0.9889789783750891, 'beta_2': 0.9999896868093284, 'epsilon': 2.4234724484675948e-08, 'hidden_layer_sizes': 167, 'learning_rate_init': 2.972334644335654e-05, 'tol': 0.0036281404040243792, 'validation_fraction': 0.17260651658522078}, {'alpha': 4.656005689076002, 'batch_size': 135, 'beta_1': 0.870503881627747, 'beta_2': 0.9948873266941017, 'epsilon': 2.1023308743480125e-07, 'hidden_layer_sizes': 118, 'learning_rate_init': 0.0018781738757161913, 'tol': 1.1889379831773004e-05, 'validation_fraction': 0.6264327093752792}, {'alpha': 0.04705159350400542, 'batch_size': 158, 'beta_1': 0.9870884262730957, 'beta_2': 0.9999596874382349, 'epsilon': 1.1981845126013875e-08, 'hidden_layer_sizes': 116, 'learning_rate_init': 0.00617340520407431, 'tol': 1.741413418158619e-05, 'validation_fraction': 0.6754299026638921}], [8.104566516477803, 14.643876498263253, 12.332285721418042, 5.2697835894868685, 3.490431081639362])}
saving results
saving timing
saving suggest log
done
