running: {'--uuid': '9845ff0796685ad382d019aee8df0dc8', '-db-root': '/home/ryedida/bbo_challenge_starter_kit/output', '--opt-root': '/home/ryedida/bbo_challenge_starter_kit/example_submissions', '--data-root': None, '--db': 'run_20230425_055340', '--opt': 'hyperopt', '--data': 'diabetes', '--classifier': 'MLP-adam', '--metric': 'mse', '--calls': 15, '--suggestions': 1, '--jobs-file': None, '--verbose': False, 'dry_run': False, 'rev': 'a376313', 'opt_rev': '0.2.7'}
cmd: python hyperopt/optimizer.py -c MLP-adam -d diabetes -o hyperopt -u 9845ff0796685ad382d019aee8df0dc8 -m mse -n 15 -p 1 -dir /home/ryedida/bbo_challenge_starter_kit/output -b run_20230425_055340
/home/ryedida/.local/lib/python3.9/site-packages/sklearn/neural_network/_multilayer_perceptron.py:605: UserWarning: Got `batch_size` less than 1 or larger than sample size. It is going to be clipped
  warnings.warn(

/home/ryedida/.local/lib/python3.9/site-packages/sklearn/neural_network/_multilayer_perceptron.py:605: UserWarning: Got `batch_size` less than 1 or larger than sample size. It is going to be clipped
  warnings.warn(

/home/ryedida/.local/lib/python3.9/site-packages/sklearn/neural_network/_multilayer_perceptron.py:605: UserWarning: Got `batch_size` less than 1 or larger than sample size. It is going to be clipped
  warnings.warn(

/home/ryedida/.local/lib/python3.9/site-packages/sklearn/neural_network/_multilayer_perceptron.py:686: ConvergenceWarning: Stochastic Optimizer: Maximum iterations (200) reached and the optimization hasn't converged yet.
  warnings.warn(

/home/ryedida/.local/lib/python3.9/site-packages/sklearn/neural_network/_multilayer_perceptron.py:605: UserWarning: Got `batch_size` less than 1 or larger than sample size. It is going to be clipped
  warnings.warn(

/home/ryedida/.local/lib/python3.9/site-packages/sklearn/neural_network/_multilayer_perceptron.py:686: ConvergenceWarning: Stochastic Optimizer: Maximum iterations (200) reached and the optimization hasn't converged yet.
  warnings.warn(

computed signature: ([{'alpha': 0.019628224813442792, 'batch_size': 182, 'beta_1': 0.9410202200271762, 'beta_2': 0.9998021557676793, 'epsilon': 1.8662266976518e-08, 'hidden_layer_sizes': 147, 'learning_rate_init': 0.0005627932047415167, 'tol': 0.03690557729213761, 'validation_fraction': 0.8846827852548593}, {'alpha': 0.0019982467392329444, 'batch_size': 200, 'beta_1': 0.919111482530466, 'beta_2': 0.9998488260436156, 'epsilon': 5.981221901152555e-07, 'hidden_layer_sizes': 61, 'learning_rate_init': 2.2310905607443014e-05, 'tol': 1.2046852412030316e-05, 'validation_fraction': 0.8117896445826539}, {'alpha': 0.46659545670218433, 'batch_size': 219, 'beta_1': 0.9889789783750891, 'beta_2': 0.9999896868093284, 'epsilon': 2.4234724484675948e-08, 'hidden_layer_sizes': 167, 'learning_rate_init': 2.972334644335654e-05, 'tol': 0.0036281404040243792, 'validation_fraction': 0.17260651658522078}, {'alpha': 4.656005689076002, 'batch_size': 135, 'beta_1': 0.870503881627747, 'beta_2': 0.9948873266941017, 'epsilon': 2.1023308743480125e-07, 'hidden_layer_sizes': 118, 'learning_rate_init': 0.0018781738757161913, 'tol': 1.1889379831773004e-05, 'validation_fraction': 0.6264327093752792}, {'alpha': 0.04705159350400542, 'batch_size': 158, 'beta_1': 0.9870884262730957, 'beta_2': 0.9999596874382349, 'epsilon': 1.1981845126013875e-08, 'hidden_layer_sizes': 116, 'learning_rate_init': 0.00617340520407431, 'tol': 1.741413418158619e-05, 'validation_fraction': 0.6754299026638921}], [29083.993548572587, 29062.423277324073, 29075.78987471409, 24626.32866834337, 9584.226858493177])
Signature errors:
                              0         1         2         3         4       max
MLP-adam_diabetes_mse  0.000007  0.000008  0.000003  0.003558  0.004952  0.004952
max                    0.000007  0.000008  0.000003  0.003558  0.004952  0.004952
starting sklearn study hyperopt MLP-adam diabetes mse 15 1
with data root: None
suggestion time taken 0.002369 iter 0 next_points [{'alpha': 0.031035945043318528, 'batch_size': 32, 'beta_1': 0.5505553355291395, 'beta_2': 0.9408980917370777, 'epsilon': 1.2301313548782834e-08, 'hidden_layer_sizes': 71, 'learning_rate_init': 0.00011595944189395909, 'tol': 1.3947930388874858e-05, 'validation_fraction': 0.15758488422427055}]
/home/ryedida/.local/lib/python3.9/site-packages/sklearn/neural_network/_multilayer_perceptron.py:686: ConvergenceWarning: Stochastic Optimizer: Maximum iterations (200) reached and the optimization hasn't converged yet.
  warnings.warn(

function_evaluation time 1.423111 value 28407.201021 suggestion {'alpha': 0.031035945043318528, 'batch_size': 32, 'beta_1': 0.5505553355291395, 'beta_2': 0.9408980917370777, 'epsilon': 1.2301313548782834e-08, 'hidden_layer_sizes': 71, 'learning_rate_init': 0.00011595944189395909, 'tol': 1.3947930388874858e-05, 'validation_fraction': 0.15758488422427055}
observation time 0.000070, current best 28407.201021 at iter 0
suggestion time taken 0.002403 iter 1 next_points [{'alpha': 0.8549709162783826, 'batch_size': 65, 'beta_1': 0.5241882386745546, 'beta_2': 0.9271157469162236, 'epsilon': 3.728072980790123e-08, 'hidden_layer_sizes': 137, 'learning_rate_init': 0.04203827294867138, 'tol': 2.2968746396733863e-05, 'validation_fraction': 0.526982730817659}]
function_evaluation time 0.451559 value 3097.332132 suggestion {'alpha': 0.8549709162783826, 'batch_size': 65, 'beta_1': 0.5241882386745546, 'beta_2': 0.9271157469162236, 'epsilon': 3.728072980790123e-08, 'hidden_layer_sizes': 137, 'learning_rate_init': 0.04203827294867138, 'tol': 2.2968746396733863e-05, 'validation_fraction': 0.526982730817659}
observation time 0.000070, current best 3097.332132 at iter 1
suggestion time taken 0.002139 iter 2 next_points [{'alpha': 8.122740885677102e-05, 'batch_size': 121, 'beta_1': 0.9163616056632274, 'beta_2': 0.9295011114933591, 'epsilon': 6.534970517196337e-07, 'hidden_layer_sizes': 94, 'learning_rate_init': 0.00522403405389343, 'tol': 2.0749382174999334e-05, 'validation_fraction': 0.14392461249188765}]
/home/ryedida/.local/lib/python3.9/site-packages/sklearn/neural_network/_multilayer_perceptron.py:686: ConvergenceWarning: Stochastic Optimizer: Maximum iterations (200) reached and the optimization hasn't converged yet.
  warnings.warn(

function_evaluation time 1.054991 value 4069.643794 suggestion {'alpha': 8.122740885677102e-05, 'batch_size': 121, 'beta_1': 0.9163616056632274, 'beta_2': 0.9295011114933591, 'epsilon': 6.534970517196337e-07, 'hidden_layer_sizes': 94, 'learning_rate_init': 0.00522403405389343, 'tol': 2.0749382174999334e-05, 'validation_fraction': 0.14392461249188765}
observation time 0.000068, current best 3097.332132 at iter 2
suggestion time taken 0.002122 iter 3 next_points [{'alpha': 0.007861239219539273, 'batch_size': 188, 'beta_1': 0.9734820289716002, 'beta_2': 0.9689471909161088, 'epsilon': 2.002224681794157e-07, 'hidden_layer_sizes': 192, 'learning_rate_init': 0.0030081019204183327, 'tol': 0.00012724750361994038, 'validation_fraction': 0.16612417897747184}]
/home/ryedida/.local/lib/python3.9/site-packages/sklearn/neural_network/_multilayer_perceptron.py:686: ConvergenceWarning: Stochastic Optimizer: Maximum iterations (200) reached and the optimization hasn't converged yet.
  warnings.warn(

function_evaluation time 1.365808 value 5362.533902 suggestion {'alpha': 0.007861239219539273, 'batch_size': 188, 'beta_1': 0.9734820289716002, 'beta_2': 0.9689471909161088, 'epsilon': 2.002224681794157e-07, 'hidden_layer_sizes': 192, 'learning_rate_init': 0.0030081019204183327, 'tol': 0.00012724750361994038, 'validation_fraction': 0.16612417897747184}
observation time 0.000084, current best 3097.332132 at iter 3
suggestion time taken 0.002315 iter 4 next_points [{'alpha': 9.388657350711052, 'batch_size': 180, 'beta_1': 0.7437807341328204, 'beta_2': 0.935469424723138, 'epsilon': 3.9575379844792367e-07, 'hidden_layer_sizes': 117, 'learning_rate_init': 2.8043511696021474e-05, 'tol': 0.09860616512193232, 'validation_fraction': 0.47797762577470065}]
function_evaluation time 0.060446 value 29095.061242 suggestion {'alpha': 9.388657350711052, 'batch_size': 180, 'beta_1': 0.7437807341328204, 'beta_2': 0.935469424723138, 'epsilon': 3.9575379844792367e-07, 'hidden_layer_sizes': 117, 'learning_rate_init': 2.8043511696021474e-05, 'tol': 0.09860616512193232, 'validation_fraction': 0.47797762577470065}
observation time 0.000061, current best 3097.332132 at iter 4
suggestion time taken 0.002120 iter 5 next_points [{'alpha': 0.00012283282940596046, 'batch_size': 49, 'beta_1': 0.5766446842630486, 'beta_2': 0.9164859400599564, 'epsilon': 1.6534439638368097e-09, 'hidden_layer_sizes': 192, 'learning_rate_init': 0.0001605895573835503, 'tol': 7.443584582829834e-05, 'validation_fraction': 0.1561607904812103}]
/home/ryedida/.local/lib/python3.9/site-packages/sklearn/neural_network/_multilayer_perceptron.py:686: ConvergenceWarning: Stochastic Optimizer: Maximum iterations (200) reached and the optimization hasn't converged yet.
  warnings.warn(

function_evaluation time 2.036699 value 27867.943683 suggestion {'alpha': 0.00012283282940596046, 'batch_size': 49, 'beta_1': 0.5766446842630486, 'beta_2': 0.9164859400599564, 'epsilon': 1.6534439638368097e-09, 'hidden_layer_sizes': 192, 'learning_rate_init': 0.0001605895573835503, 'tol': 7.443584582829834e-05, 'validation_fraction': 0.1561607904812103}
observation time 0.000075, current best 3097.332132 at iter 5
suggestion time taken 0.002368 iter 6 next_points [{'alpha': 0.00030463501618767657, 'batch_size': 227, 'beta_1': 0.9583654640834104, 'beta_2': 0.9153688395969731, 'epsilon': 2.992016423007197e-07, 'hidden_layer_sizes': 168, 'learning_rate_init': 0.05543519777977284, 'tol': 2.943151790153411e-05, 'validation_fraction': 0.6823910227429976}]
/home/ryedida/.local/lib/python3.9/site-packages/sklearn/neural_network/_multilayer_perceptron.py:605: UserWarning: Got `batch_size` less than 1 or larger than sample size. It is going to be clipped
  warnings.warn(

function_evaluation time 0.180028 value 4258.639439 suggestion {'alpha': 0.00030463501618767657, 'batch_size': 227, 'beta_1': 0.9583654640834104, 'beta_2': 0.9153688395969731, 'epsilon': 2.992016423007197e-07, 'hidden_layer_sizes': 168, 'learning_rate_init': 0.05543519777977284, 'tol': 2.943151790153411e-05, 'validation_fraction': 0.6823910227429976}
observation time 0.000072, current best 3097.332132 at iter 6
suggestion time taken 0.002219 iter 7 next_points [{'alpha': 0.00018649132858450634, 'batch_size': 222, 'beta_1': 0.7345689568219497, 'beta_2': 0.9835484467371777, 'epsilon': 1.9446302939407703e-09, 'hidden_layer_sizes': 160, 'learning_rate_init': 0.0004730209180518754, 'tol': 4.0721020965966856e-05, 'validation_fraction': 0.5709528560434196}]
/home/ryedida/.local/lib/python3.9/site-packages/sklearn/neural_network/_multilayer_perceptron.py:605: UserWarning: Got `batch_size` less than 1 or larger than sample size. It is going to be clipped
  warnings.warn(

/home/ryedida/.local/lib/python3.9/site-packages/sklearn/neural_network/_multilayer_perceptron.py:686: ConvergenceWarning: Stochastic Optimizer: Maximum iterations (200) reached and the optimization hasn't converged yet.
  warnings.warn(

function_evaluation time 0.878660 value 28468.512675 suggestion {'alpha': 0.00018649132858450634, 'batch_size': 222, 'beta_1': 0.7345689568219497, 'beta_2': 0.9835484467371777, 'epsilon': 1.9446302939407703e-09, 'hidden_layer_sizes': 160, 'learning_rate_init': 0.0004730209180518754, 'tol': 4.0721020965966856e-05, 'validation_fraction': 0.5709528560434196}
observation time 0.000068, current best 3097.332132 at iter 7
suggestion time taken 0.002116 iter 8 next_points [{'alpha': 0.16888315881730373, 'batch_size': 197, 'beta_1': 0.64999238141979, 'beta_2': 0.9115016590694627, 'epsilon': 1.0843764303988756e-08, 'hidden_layer_sizes': 108, 'learning_rate_init': 0.023050442294888913, 'tol': 1.1088094384105193e-05, 'validation_fraction': 0.44926029228572867}]
/home/ryedida/.local/lib/python3.9/site-packages/sklearn/neural_network/_multilayer_perceptron.py:605: UserWarning: Got `batch_size` less than 1 or larger than sample size. It is going to be clipped
  warnings.warn(

function_evaluation time 0.670494 value 2956.182166 suggestion {'alpha': 0.16888315881730373, 'batch_size': 197, 'beta_1': 0.64999238141979, 'beta_2': 0.9115016590694627, 'epsilon': 1.0843764303988756e-08, 'hidden_layer_sizes': 108, 'learning_rate_init': 0.023050442294888913, 'tol': 1.1088094384105193e-05, 'validation_fraction': 0.44926029228572867}
observation time 0.000069, current best 2956.182166 at iter 8
suggestion time taken 0.002119 iter 9 next_points [{'alpha': 0.002317530689446959, 'batch_size': 47, 'beta_1': 0.9332313183583438, 'beta_2': 0.9413751956900545, 'epsilon': 5.1681252485920275e-09, 'hidden_layer_sizes': 139, 'learning_rate_init': 6.119543164357422e-05, 'tol': 2.6867503529954486e-05, 'validation_fraction': 0.11941099027657041}]
/home/ryedida/.local/lib/python3.9/site-packages/sklearn/neural_network/_multilayer_perceptron.py:686: ConvergenceWarning: Stochastic Optimizer: Maximum iterations (200) reached and the optimization hasn't converged yet.
  warnings.warn(

function_evaluation time 1.508467 value 28734.468018 suggestion {'alpha': 0.002317530689446959, 'batch_size': 47, 'beta_1': 0.9332313183583438, 'beta_2': 0.9413751956900545, 'epsilon': 5.1681252485920275e-09, 'hidden_layer_sizes': 139, 'learning_rate_init': 6.119543164357422e-05, 'tol': 2.6867503529954486e-05, 'validation_fraction': 0.11941099027657041}
observation time 0.000066, current best 2956.182166 at iter 9
suggestion time taken 0.002063 iter 10 next_points [{'alpha': 0.0012096382829879105, 'batch_size': 184, 'beta_1': 0.731457109504402, 'beta_2': 0.9666520827776004, 'epsilon': 2.4157817262307553e-08, 'hidden_layer_sizes': 115, 'learning_rate_init': 8.236841106940949e-05, 'tol': 0.0025694643689815376, 'validation_fraction': 0.1744792434264035}]
function_evaluation time 0.076231 value 29105.589381 suggestion {'alpha': 0.0012096382829879105, 'batch_size': 184, 'beta_1': 0.731457109504402, 'beta_2': 0.9666520827776004, 'epsilon': 2.4157817262307553e-08, 'hidden_layer_sizes': 115, 'learning_rate_init': 8.236841106940949e-05, 'tol': 0.0025694643689815376, 'validation_fraction': 0.1744792434264035}
observation time 0.000074, current best 2956.182166 at iter 10
suggestion time taken 0.002117 iter 11 next_points [{'alpha': 0.01050283111538277, 'batch_size': 122, 'beta_1': 0.7706265787810681, 'beta_2': 0.9133256687506305, 'epsilon': 3.0602542265604723e-09, 'hidden_layer_sizes': 197, 'learning_rate_init': 0.002352908471183422, 'tol': 0.0015439855025713629, 'validation_fraction': 0.30234433786165504}]
/home/ryedida/.local/lib/python3.9/site-packages/sklearn/neural_network/_multilayer_perceptron.py:686: ConvergenceWarning: Stochastic Optimizer: Maximum iterations (200) reached and the optimization hasn't converged yet.
  warnings.warn(

function_evaluation time 1.347600 value 8233.342178 suggestion {'alpha': 0.01050283111538277, 'batch_size': 122, 'beta_1': 0.7706265787810681, 'beta_2': 0.9133256687506305, 'epsilon': 3.0602542265604723e-09, 'hidden_layer_sizes': 197, 'learning_rate_init': 0.002352908471183422, 'tol': 0.0015439855025713629, 'validation_fraction': 0.30234433786165504}
observation time 0.000073, current best 2956.182166 at iter 11
suggestion time taken 0.002359 iter 12 next_points [{'alpha': 0.0005313086770966731, 'batch_size': 134, 'beta_1': 0.5277819482591133, 'beta_2': 0.9540288518043651, 'epsilon': 1.0389453975324233e-07, 'hidden_layer_sizes': 70, 'learning_rate_init': 0.008436690861184211, 'tol': 0.004346370644007957, 'validation_fraction': 0.4014698775207433}]
function_evaluation time 0.597731 value 3818.700122 suggestion {'alpha': 0.0005313086770966731, 'batch_size': 134, 'beta_1': 0.5277819482591133, 'beta_2': 0.9540288518043651, 'epsilon': 1.0389453975324233e-07, 'hidden_layer_sizes': 70, 'learning_rate_init': 0.008436690861184211, 'tol': 0.004346370644007957, 'validation_fraction': 0.4014698775207433}
observation time 0.000068, current best 2956.182166 at iter 12
suggestion time taken 0.002142 iter 13 next_points [{'alpha': 0.0002992420251264736, 'batch_size': 16, 'beta_1': 0.8999203212972624, 'beta_2': 0.9619064061596547, 'epsilon': 1.8378219368851235e-08, 'hidden_layer_sizes': 72, 'learning_rate_init': 4.5199939975532305e-05, 'tol': 0.0006096681174282671, 'validation_fraction': 0.5179832515920854}]
function_evaluation time 0.141034 value 29085.636468 suggestion {'alpha': 0.0002992420251264736, 'batch_size': 16, 'beta_1': 0.8999203212972624, 'beta_2': 0.9619064061596547, 'epsilon': 1.8378219368851235e-08, 'hidden_layer_sizes': 72, 'learning_rate_init': 4.5199939975532305e-05, 'tol': 0.0006096681174282671, 'validation_fraction': 0.5179832515920854}
observation time 0.000068, current best 2956.182166 at iter 13
suggestion time taken 0.002160 iter 14 next_points [{'alpha': 4.245062282005405e-05, 'batch_size': 223, 'beta_1': 0.9456656665583985, 'beta_2': 0.9411940067624008, 'epsilon': 3.081380712747054e-09, 'hidden_layer_sizes': 189, 'learning_rate_init': 5.5100092565558304e-05, 'tol': 0.0014088657409947168, 'validation_fraction': 0.12038401413455767}]
function_evaluation time 0.094538 value 29124.130087 suggestion {'alpha': 4.245062282005405e-05, 'batch_size': 223, 'beta_1': 0.9456656665583985, 'beta_2': 0.9411940067624008, 'epsilon': 3.081380712747054e-09, 'hidden_layer_sizes': 189, 'learning_rate_init': 5.5100092565558304e-05, 'tol': 0.0014088657409947168, 'validation_fraction': 0.12038401413455767}
observation time 0.000067, current best 2956.182166 at iter 14
saving meta data: {'args': {'--uuid': '9845ff0796685ad382d019aee8df0dc8', '-db-root': '/home/ryedida/bbo_challenge_starter_kit/output', '--opt-root': '/home/ryedida/bbo_challenge_starter_kit/example_submissions', '--data-root': None, '--db': 'run_20230425_055340', '--opt': 'hyperopt', '--data': 'diabetes', '--classifier': 'MLP-adam', '--metric': 'mse', '--calls': 15, '--suggestions': 1, '--jobs-file': None, '--verbose': False, 'dry_run': False, 'rev': 'a376313', 'opt_rev': '0.2.7'}, 'signature': ([{'alpha': 0.019628224813442792, 'batch_size': 182, 'beta_1': 0.9410202200271762, 'beta_2': 0.9998021557676793, 'epsilon': 1.8662266976518e-08, 'hidden_layer_sizes': 147, 'learning_rate_init': 0.0005627932047415167, 'tol': 0.03690557729213761, 'validation_fraction': 0.8846827852548593}, {'alpha': 0.0019982467392329444, 'batch_size': 200, 'beta_1': 0.919111482530466, 'beta_2': 0.9998488260436156, 'epsilon': 5.981221901152555e-07, 'hidden_layer_sizes': 61, 'learning_rate_init': 2.2310905607443014e-05, 'tol': 1.2046852412030316e-05, 'validation_fraction': 0.8117896445826539}, {'alpha': 0.46659545670218433, 'batch_size': 219, 'beta_1': 0.9889789783750891, 'beta_2': 0.9999896868093284, 'epsilon': 2.4234724484675948e-08, 'hidden_layer_sizes': 167, 'learning_rate_init': 2.972334644335654e-05, 'tol': 0.0036281404040243792, 'validation_fraction': 0.17260651658522078}, {'alpha': 4.656005689076002, 'batch_size': 135, 'beta_1': 0.870503881627747, 'beta_2': 0.9948873266941017, 'epsilon': 2.1023308743480125e-07, 'hidden_layer_sizes': 118, 'learning_rate_init': 0.0018781738757161913, 'tol': 1.1889379831773004e-05, 'validation_fraction': 0.6264327093752792}, {'alpha': 0.04705159350400542, 'batch_size': 158, 'beta_1': 0.9870884262730957, 'beta_2': 0.9999596874382349, 'epsilon': 1.1981845126013875e-08, 'hidden_layer_sizes': 116, 'learning_rate_init': 0.00617340520407431, 'tol': 1.741413418158619e-05, 'validation_fraction': 0.6754299026638921}], [29083.993548572587, 29062.423277324073, 29075.78987471409, 24626.32866834337, 9584.226858493177])}
saving results
saving timing
saving suggest log
done
