running: {'--uuid': 'afcc701885bd595e90f4d05922936f8b', '-db-root': '/home/ryedida/bbo_challenge_starter_kit/output', '--opt-root': '/home/ryedida/bbo_challenge_starter_kit/example_submissions', '--data-root': None, '--db': 'run_20230426_161952', '--opt': 'hebo', '--data': 'wine', '--classifier': 'MLP-adam', '--metric': 'acc', '--calls': 15, '--suggestions': 1, '--jobs-file': None, '--verbose': False, 'dry_run': False, 'rev': 'a376313', 'opt_rev': '0.0.8'}
cmd: python hebo/optimizer.py -c MLP-adam -d wine -o hebo -u afcc701885bd595e90f4d05922936f8b -m acc -n 15 -p 1 -dir /home/ryedida/bbo_challenge_starter_kit/output -b run_20230426_161952
 /home/ryedida/.local/lib/python3.9/site-packages/sklearn/neural_network/_multilayer_perceptron.py:605: UserWarning:Got `batch_size` less than 1 or larger than sample size. It is going to be clipped

 /home/ryedida/.local/lib/python3.9/site-packages/sklearn/neural_network/_multilayer_perceptron.py:605: UserWarning:Got `batch_size` less than 1 or larger than sample size. It is going to be clipped

 /home/ryedida/.local/lib/python3.9/site-packages/sklearn/neural_network/_multilayer_perceptron.py:605: UserWarning:Got `batch_size` less than 1 or larger than sample size. It is going to be clipped

 /home/ryedida/.local/lib/python3.9/site-packages/sklearn/neural_network/_multilayer_perceptron.py:605: UserWarning:Got `batch_size` less than 1 or larger than sample size. It is going to be clipped

 /home/ryedida/.local/lib/python3.9/site-packages/sklearn/neural_network/_multilayer_perceptron.py:605: UserWarning:Got `batch_size` less than 1 or larger than sample size. It is going to be clipped

computed signature: ([{'alpha': 0.019628224813442792, 'batch_size': 182, 'beta_1': 0.9410202200271762, 'beta_2': 0.9998021557676793, 'epsilon': 1.8662266976518e-08, 'hidden_layer_sizes': 147, 'learning_rate_init': 0.0005627932047415167, 'tol': 0.03690557729213761, 'validation_fraction': 0.8846827852548593}, {'alpha': 0.0019982467392329444, 'batch_size': 200, 'beta_1': 0.919111482530466, 'beta_2': 0.9998488260436156, 'epsilon': 5.981221901152555e-07, 'hidden_layer_sizes': 61, 'learning_rate_init': 2.2310905607443014e-05, 'tol': 1.2046852412030316e-05, 'validation_fraction': 0.8117896445826539}, {'alpha': 0.46659545670218433, 'batch_size': 219, 'beta_1': 0.9889789783750891, 'beta_2': 0.9999896868093284, 'epsilon': 2.4234724484675948e-08, 'hidden_layer_sizes': 167, 'learning_rate_init': 2.972334644335654e-05, 'tol': 0.0036281404040243792, 'validation_fraction': 0.17260651658522078}, {'alpha': 4.656005689076002, 'batch_size': 135, 'beta_1': 0.870503881627747, 'beta_2': 0.9948873266941017, 'epsilon': 2.1023308743480125e-07, 'hidden_layer_sizes': 118, 'learning_rate_init': 0.0018781738757161913, 'tol': 1.1889379831773004e-05, 'validation_fraction': 0.6264327093752792}, {'alpha': 0.04705159350400542, 'batch_size': 158, 'beta_1': 0.9870884262730957, 'beta_2': 0.9999596874382349, 'epsilon': 1.1981845126013875e-08, 'hidden_layer_sizes': 116, 'learning_rate_init': 0.00617340520407431, 'tol': 1.741413418158619e-05, 'validation_fraction': 0.6754299026638921}], [-0.4359605911330049, -0.3169950738916256, -0.3312807881773399, -0.6620689655172413, -0.5017241379310344])
Signature errors:
                     0    1    2    3    4  max
MLP-adam_wine_acc  0.0  0.0  0.0  0.0  0.0  0.0
max                0.0  0.0  0.0  0.0  0.0  0.0
starting sklearn study hebo MLP-adam wine acc 15 1
with data root: None
suggestion time taken 0.004800 iter 0 next_points [{'hidden_layer_sizes': 50, 'alpha': 9.999999999999979e-06, 'batch_size': 10, 'learning_rate_init': 9.999999999999979e-06, 'tol': 9.999999999999979e-06, 'validation_fraction': 0.09999999999999999, 'beta_1': 0.5, 'beta_2': 0.9, 'epsilon': 9.999999999999999e-10}]
function_evaluation time 0.140206 value -0.330788 suggestion {'hidden_layer_sizes': 50, 'alpha': 9.999999999999979e-06, 'batch_size': 10, 'learning_rate_init': 9.999999999999979e-06, 'tol': 9.999999999999979e-06, 'validation_fraction': 0.09999999999999999, 'beta_1': 0.5, 'beta_2': 0.9, 'epsilon': 9.999999999999999e-10}
 /home/ryedida/bbo_challenge_starter_kit/example_submissions/hebo/optimizer_mace.py:237: FutureWarning:The frame.append method is deprecated and will be removed from pandas in a future version. Use pandas.concat instead.

observation time 0.120683, current best -0.330788 at iter 0
suggestion time taken 0.003379 iter 1 next_points [{'hidden_layer_sizes': 125, 'alpha': 0.00999999999999999, 'batch_size': 130, 'learning_rate_init': 0.000999999999999999, 'tol': 0.000999999999999999, 'validation_fraction': 0.29999999999999993, 'beta_1': 0.7035623639735143, 'beta_2': 0.9486828237087461, 'epsilon': 3.162277660168379e-08}]
 /home/ryedida/.local/lib/python3.9/site-packages/sklearn/neural_network/_multilayer_perceptron.py:605: UserWarning:Got `batch_size` less than 1 or larger than sample size. It is going to be clipped

function_evaluation time 0.096560 value -0.553941 suggestion {'hidden_layer_sizes': 125, 'alpha': 0.00999999999999999, 'batch_size': 130, 'learning_rate_init': 0.000999999999999999, 'tol': 0.000999999999999999, 'validation_fraction': 0.29999999999999993, 'beta_1': 0.7035623639735143, 'beta_2': 0.9486828237087461, 'epsilon': 3.162277660168379e-08}
 /home/ryedida/bbo_challenge_starter_kit/example_submissions/hebo/optimizer_mace.py:237: FutureWarning:The frame.append method is deprecated and will be removed from pandas in a future version. Use pandas.concat instead.

observation time 0.001730, current best -0.553941 at iter 1
suggestion time taken 0.003327 iter 2 next_points [{'hidden_layer_sizes': 162, 'alpha': 0.0003162277660168373, 'batch_size': 70, 'learning_rate_init': 9.999999999999979e-05, 'tol': 0.01, 'validation_fraction': 0.5196152422706632, 'beta_1': 0.5931114414566264, 'beta_2': 0.9740030159223957, 'epsilon': 1.778279410038923e-07}]
 /home/ryedida/.local/lib/python3.9/site-packages/sklearn/neural_network/_multilayer_perceptron.py:605: UserWarning:Got `batch_size` less than 1 or larger than sample size. It is going to be clipped

function_evaluation time 0.062904 value -0.367488 suggestion {'hidden_layer_sizes': 162, 'alpha': 0.0003162277660168373, 'batch_size': 70, 'learning_rate_init': 9.999999999999979e-05, 'tol': 0.01, 'validation_fraction': 0.5196152422706632, 'beta_1': 0.5931114414566264, 'beta_2': 0.9740030159223957, 'epsilon': 1.778279410038923e-07}
 /home/ryedida/bbo_challenge_starter_kit/example_submissions/hebo/optimizer_mace.py:237: FutureWarning:The frame.append method is deprecated and will be removed from pandas in a future version. Use pandas.concat instead.

observation time 0.001902, current best -0.553941 at iter 2
suggestion time taken 0.003427 iter 3 next_points [{'hidden_layer_sizes': 88, 'alpha': 0.31622776601683794, 'batch_size': 190, 'learning_rate_init': 0.01, 'tol': 9.999999999999979e-05, 'validation_fraction': 0.1732050807568877, 'beta_1': 0.8345817757019256, 'beta_2': 0.9240208554669486, 'epsilon': 5.623413251903491e-09}]
 /home/ryedida/.local/lib/python3.9/site-packages/sklearn/neural_network/_multilayer_perceptron.py:605: UserWarning:Got `batch_size` less than 1 or larger than sample size. It is going to be clipped

function_evaluation time 0.093007 value -0.512562 suggestion {'hidden_layer_sizes': 88, 'alpha': 0.31622776601683794, 'batch_size': 190, 'learning_rate_init': 0.01, 'tol': 9.999999999999979e-05, 'validation_fraction': 0.1732050807568877, 'beta_1': 0.8345817757019256, 'beta_2': 0.9240208554669486, 'epsilon': 5.623413251903491e-09}
 /home/ryedida/bbo_challenge_starter_kit/example_submissions/hebo/optimizer_mace.py:237: FutureWarning:The frame.append method is deprecated and will be removed from pandas in a future version. Use pandas.concat instead.

observation time 0.001708, current best -0.553941 at iter 3
 /home/ryedida/.local/lib/python3.9/site-packages/GPy/core/__init__.py:80: FutureWarning:In the future `np.bool` will be defined as the corresponding NumPy scalar.

 /home/ryedida/.local/lib/python3.9/site-packages/GPy/core/__init__.py:80: FutureWarning:In the future `np.bool` will be defined as the corresponding NumPy scalar.

Failure in optimizer suggest. Falling back to random search.
module 'numpy' has no attribute 'bool'.
`np.bool` was a deprecated alias for the builtin `bool`. To avoid this error in existing code, use `bool` by itself. Doing this will not modify any behavior and is safe. If you specifically wanted the numpy scalar type, use `np.bool_` here.
The aliases was originally deprecated in NumPy 1.20; for more details and guidance see the original release note at:
    https://numpy.org/devdocs/release/1.20.0-notes.html#deprecations
Traceback (most recent call last):
  File "/home/ryedida/bbo_challenge_starter_kit/example_submissions/hebo/optimizer_mace.py", line 145, in suggest
    model.fit(X, Xe, y)
  File "/home/ryedida/bbo_challenge_starter_kit/example_submissions/hebo/bo/models/gp/gpy_wgp.py", line 89, in fit
    self.gp.optimize_restarts(max_iters = self.num_epochs, messages = self.verbose, num_restarts = 10)
  File "/home/ryedida/.local/lib/python3.9/site-packages/paramz/model.py", line 182, in optimize_restarts
    raise e
  File "/home/ryedida/.local/lib/python3.9/site-packages/paramz/model.py", line 171, in optimize_restarts
    self.randomize()
  File "/home/ryedida/.local/lib/python3.9/site-packages/GPy/core/__init__.py", line 80, in randomize
    unfixlist = np.ones((self.size,),dtype=np.bool)
  File "/home/ryedida/.local/lib/python3.9/site-packages/numpy/__init__.py", line 305, in __getattr__
    raise AttributeError(__former_attrs__[attr])
AttributeError: module 'numpy' has no attribute 'bool'.
`np.bool` was a deprecated alias for the builtin `bool`. To avoid this error in existing code, use `bool` by itself. Doing this will not modify any behavior and is safe. If you specifically wanted the numpy scalar type, use `np.bool_` here.
The aliases was originally deprecated in NumPy 1.20; for more details and guidance see the original release note at:
    https://numpy.org/devdocs/release/1.20.0-notes.html#deprecations

During handling of the above exception, another exception occurred:

Traceback (most recent call last):
  File "/home/ryedida/.local/lib/python3.9/site-packages/bayesmark/experiment.py", line 126, in run_study
    next_points = optimizer.suggest(n_suggestions)
  File "/home/ryedida/bbo_challenge_starter_kit/example_submissions/hebo/optimizer_mace.py", line 155, in suggest
    model.fit(X, Xe, y)
  File "/home/ryedida/bbo_challenge_starter_kit/example_submissions/hebo/bo/models/gp/gpy_wgp.py", line 89, in fit
    self.gp.optimize_restarts(max_iters = self.num_epochs, messages = self.verbose, num_restarts = 10)
  File "/home/ryedida/.local/lib/python3.9/site-packages/paramz/model.py", line 182, in optimize_restarts
    raise e
  File "/home/ryedida/.local/lib/python3.9/site-packages/paramz/model.py", line 171, in optimize_restarts
    self.randomize()
  File "/home/ryedida/.local/lib/python3.9/site-packages/GPy/core/__init__.py", line 80, in randomize
    unfixlist = np.ones((self.size,),dtype=np.bool)
  File "/home/ryedida/.local/lib/python3.9/site-packages/numpy/__init__.py", line 305, in __getattr__
    raise AttributeError(__former_attrs__[attr])
AttributeError: module 'numpy' has no attribute 'bool'.
`np.bool` was a deprecated alias for the builtin `bool`. To avoid this error in existing code, use `bool` by itself. Doing this will not modify any behavior and is safe. If you specifically wanted the numpy scalar type, use `np.bool_` here.
The aliases was originally deprecated in NumPy 1.20; for more details and guidance see the original release note at:
    https://numpy.org/devdocs/release/1.20.0-notes.html#deprecations
suggestion time taken 0.218146 iter 4 next_points [{'alpha': 0.00022240087643494855, 'batch_size': 93, 'beta_1': 0.9871796753976279, 'beta_2': 0.9999685503571457, 'epsilon': 5.5980822922539476e-08, 'hidden_layer_sizes': 159, 'learning_rate_init': 0.04266647106959364, 'tol': 0.003107105339201171, 'validation_fraction': 0.1767344971020498}]
function_evaluation time 0.077056 value -0.534483 suggestion {'alpha': 0.00022240087643494855, 'batch_size': 93, 'beta_1': 0.9871796753976279, 'beta_2': 0.9999685503571457, 'epsilon': 5.5980822922539476e-08, 'hidden_layer_sizes': 159, 'learning_rate_init': 0.04266647106959364, 'tol': 0.003107105339201171, 'validation_fraction': 0.1767344971020498}
 /home/ryedida/bbo_challenge_starter_kit/example_submissions/hebo/optimizer_mace.py:237: FutureWarning:The frame.append method is deprecated and will be removed from pandas in a future version. Use pandas.concat instead.

observation time 0.002499, current best -0.553941 at iter 4
 /home/ryedida/.local/lib/python3.9/site-packages/GPy/core/__init__.py:80: FutureWarning:In the future `np.bool` will be defined as the corresponding NumPy scalar.

 /home/ryedida/.local/lib/python3.9/site-packages/GPy/core/__init__.py:80: FutureWarning:In the future `np.bool` will be defined as the corresponding NumPy scalar.

Failure in optimizer suggest. Falling back to random search.
module 'numpy' has no attribute 'bool'.
`np.bool` was a deprecated alias for the builtin `bool`. To avoid this error in existing code, use `bool` by itself. Doing this will not modify any behavior and is safe. If you specifically wanted the numpy scalar type, use `np.bool_` here.
The aliases was originally deprecated in NumPy 1.20; for more details and guidance see the original release note at:
    https://numpy.org/devdocs/release/1.20.0-notes.html#deprecations
Traceback (most recent call last):
  File "/home/ryedida/bbo_challenge_starter_kit/example_submissions/hebo/optimizer_mace.py", line 145, in suggest
    model.fit(X, Xe, y)
  File "/home/ryedida/bbo_challenge_starter_kit/example_submissions/hebo/bo/models/gp/gpy_wgp.py", line 89, in fit
    self.gp.optimize_restarts(max_iters = self.num_epochs, messages = self.verbose, num_restarts = 10)
  File "/home/ryedida/.local/lib/python3.9/site-packages/paramz/model.py", line 182, in optimize_restarts
    raise e
  File "/home/ryedida/.local/lib/python3.9/site-packages/paramz/model.py", line 171, in optimize_restarts
    self.randomize()
  File "/home/ryedida/.local/lib/python3.9/site-packages/GPy/core/__init__.py", line 80, in randomize
    unfixlist = np.ones((self.size,),dtype=np.bool)
  File "/home/ryedida/.local/lib/python3.9/site-packages/numpy/__init__.py", line 305, in __getattr__
    raise AttributeError(__former_attrs__[attr])
AttributeError: module 'numpy' has no attribute 'bool'.
`np.bool` was a deprecated alias for the builtin `bool`. To avoid this error in existing code, use `bool` by itself. Doing this will not modify any behavior and is safe. If you specifically wanted the numpy scalar type, use `np.bool_` here.
The aliases was originally deprecated in NumPy 1.20; for more details and guidance see the original release note at:
    https://numpy.org/devdocs/release/1.20.0-notes.html#deprecations

During handling of the above exception, another exception occurred:

Traceback (most recent call last):
  File "/home/ryedida/.local/lib/python3.9/site-packages/bayesmark/experiment.py", line 126, in run_study
    next_points = optimizer.suggest(n_suggestions)
  File "/home/ryedida/bbo_challenge_starter_kit/example_submissions/hebo/optimizer_mace.py", line 155, in suggest
    model.fit(X, Xe, y)
  File "/home/ryedida/bbo_challenge_starter_kit/example_submissions/hebo/bo/models/gp/gpy_wgp.py", line 89, in fit
    self.gp.optimize_restarts(max_iters = self.num_epochs, messages = self.verbose, num_restarts = 10)
  File "/home/ryedida/.local/lib/python3.9/site-packages/paramz/model.py", line 182, in optimize_restarts
    raise e
  File "/home/ryedida/.local/lib/python3.9/site-packages/paramz/model.py", line 171, in optimize_restarts
    self.randomize()
  File "/home/ryedida/.local/lib/python3.9/site-packages/GPy/core/__init__.py", line 80, in randomize
    unfixlist = np.ones((self.size,),dtype=np.bool)
  File "/home/ryedida/.local/lib/python3.9/site-packages/numpy/__init__.py", line 305, in __getattr__
    raise AttributeError(__former_attrs__[attr])
AttributeError: module 'numpy' has no attribute 'bool'.
`np.bool` was a deprecated alias for the builtin `bool`. To avoid this error in existing code, use `bool` by itself. Doing this will not modify any behavior and is safe. If you specifically wanted the numpy scalar type, use `np.bool_` here.
The aliases was originally deprecated in NumPy 1.20; for more details and guidance see the original release note at:
    https://numpy.org/devdocs/release/1.20.0-notes.html#deprecations
suggestion time taken 0.352519 iter 5 next_points [{'alpha': 0.005512631480156992, 'batch_size': 41, 'beta_1': 0.955177552468727, 'beta_2': 0.9999813733756011, 'epsilon': 1.2157157299983324e-08, 'hidden_layer_sizes': 61, 'learning_rate_init': 0.0017432835367931494, 'tol': 0.0122194511360487, 'validation_fraction': 0.8179181921665967}]
 /home/ryedida/.local/lib/python3.9/site-packages/sklearn/neural_network/_multilayer_perceptron.py:605: UserWarning:Got `batch_size` less than 1 or larger than sample size. It is going to be clipped

function_evaluation time 0.080132 value -0.437931 suggestion {'alpha': 0.005512631480156992, 'batch_size': 41, 'beta_1': 0.955177552468727, 'beta_2': 0.9999813733756011, 'epsilon': 1.2157157299983324e-08, 'hidden_layer_sizes': 61, 'learning_rate_init': 0.0017432835367931494, 'tol': 0.0122194511360487, 'validation_fraction': 0.8179181921665967}
 /home/ryedida/bbo_challenge_starter_kit/example_submissions/hebo/optimizer_mace.py:237: FutureWarning:The frame.append method is deprecated and will be removed from pandas in a future version. Use pandas.concat instead.

observation time 0.002238, current best -0.553941 at iter 5
 /home/ryedida/.local/lib/python3.9/site-packages/GPy/core/__init__.py:80: FutureWarning:In the future `np.bool` will be defined as the corresponding NumPy scalar.

 /home/ryedida/.local/lib/python3.9/site-packages/GPy/core/__init__.py:80: FutureWarning:In the future `np.bool` will be defined as the corresponding NumPy scalar.

Failure in optimizer suggest. Falling back to random search.
module 'numpy' has no attribute 'bool'.
`np.bool` was a deprecated alias for the builtin `bool`. To avoid this error in existing code, use `bool` by itself. Doing this will not modify any behavior and is safe. If you specifically wanted the numpy scalar type, use `np.bool_` here.
The aliases was originally deprecated in NumPy 1.20; for more details and guidance see the original release note at:
    https://numpy.org/devdocs/release/1.20.0-notes.html#deprecations
Traceback (most recent call last):
  File "/home/ryedida/bbo_challenge_starter_kit/example_submissions/hebo/optimizer_mace.py", line 145, in suggest
    model.fit(X, Xe, y)
  File "/home/ryedida/bbo_challenge_starter_kit/example_submissions/hebo/bo/models/gp/gpy_wgp.py", line 89, in fit
    self.gp.optimize_restarts(max_iters = self.num_epochs, messages = self.verbose, num_restarts = 10)
  File "/home/ryedida/.local/lib/python3.9/site-packages/paramz/model.py", line 182, in optimize_restarts
    raise e
  File "/home/ryedida/.local/lib/python3.9/site-packages/paramz/model.py", line 171, in optimize_restarts
    self.randomize()
  File "/home/ryedida/.local/lib/python3.9/site-packages/GPy/core/__init__.py", line 80, in randomize
    unfixlist = np.ones((self.size,),dtype=np.bool)
  File "/home/ryedida/.local/lib/python3.9/site-packages/numpy/__init__.py", line 305, in __getattr__
    raise AttributeError(__former_attrs__[attr])
AttributeError: module 'numpy' has no attribute 'bool'.
`np.bool` was a deprecated alias for the builtin `bool`. To avoid this error in existing code, use `bool` by itself. Doing this will not modify any behavior and is safe. If you specifically wanted the numpy scalar type, use `np.bool_` here.
The aliases was originally deprecated in NumPy 1.20; for more details and guidance see the original release note at:
    https://numpy.org/devdocs/release/1.20.0-notes.html#deprecations

During handling of the above exception, another exception occurred:

Traceback (most recent call last):
  File "/home/ryedida/.local/lib/python3.9/site-packages/bayesmark/experiment.py", line 126, in run_study
    next_points = optimizer.suggest(n_suggestions)
  File "/home/ryedida/bbo_challenge_starter_kit/example_submissions/hebo/optimizer_mace.py", line 155, in suggest
    model.fit(X, Xe, y)
  File "/home/ryedida/bbo_challenge_starter_kit/example_submissions/hebo/bo/models/gp/gpy_wgp.py", line 89, in fit
    self.gp.optimize_restarts(max_iters = self.num_epochs, messages = self.verbose, num_restarts = 10)
  File "/home/ryedida/.local/lib/python3.9/site-packages/paramz/model.py", line 182, in optimize_restarts
    raise e
  File "/home/ryedida/.local/lib/python3.9/site-packages/paramz/model.py", line 171, in optimize_restarts
    self.randomize()
  File "/home/ryedida/.local/lib/python3.9/site-packages/GPy/core/__init__.py", line 80, in randomize
    unfixlist = np.ones((self.size,),dtype=np.bool)
  File "/home/ryedida/.local/lib/python3.9/site-packages/numpy/__init__.py", line 305, in __getattr__
    raise AttributeError(__former_attrs__[attr])
AttributeError: module 'numpy' has no attribute 'bool'.
`np.bool` was a deprecated alias for the builtin `bool`. To avoid this error in existing code, use `bool` by itself. Doing this will not modify any behavior and is safe. If you specifically wanted the numpy scalar type, use `np.bool_` here.
The aliases was originally deprecated in NumPy 1.20; for more details and guidance see the original release note at:
    https://numpy.org/devdocs/release/1.20.0-notes.html#deprecations
suggestion time taken 0.276673 iter 6 next_points [{'alpha': 0.21702599863777244, 'batch_size': 122, 'beta_1': 0.8738387995932776, 'beta_2': 0.999982620093026, 'epsilon': 1.5968902213739751e-09, 'hidden_layer_sizes': 87, 'learning_rate_init': 0.0001983028403839411, 'tol': 0.028887605176808988, 'validation_fraction': 0.23236973451549536}]
 /home/ryedida/.local/lib/python3.9/site-packages/sklearn/neural_network/_multilayer_perceptron.py:605: UserWarning:Got `batch_size` less than 1 or larger than sample size. It is going to be clipped

function_evaluation time 0.044477 value -0.338424 suggestion {'alpha': 0.21702599863777244, 'batch_size': 122, 'beta_1': 0.8738387995932776, 'beta_2': 0.999982620093026, 'epsilon': 1.5968902213739751e-09, 'hidden_layer_sizes': 87, 'learning_rate_init': 0.0001983028403839411, 'tol': 0.028887605176808988, 'validation_fraction': 0.23236973451549536}
 /home/ryedida/bbo_challenge_starter_kit/example_submissions/hebo/optimizer_mace.py:237: FutureWarning:The frame.append method is deprecated and will be removed from pandas in a future version. Use pandas.concat instead.

observation time 0.002493, current best -0.553941 at iter 6
 /home/ryedida/.local/lib/python3.9/site-packages/GPy/core/__init__.py:80: FutureWarning:In the future `np.bool` will be defined as the corresponding NumPy scalar.

 /home/ryedida/.local/lib/python3.9/site-packages/GPy/core/__init__.py:80: FutureWarning:In the future `np.bool` will be defined as the corresponding NumPy scalar.

Failure in optimizer suggest. Falling back to random search.
module 'numpy' has no attribute 'bool'.
`np.bool` was a deprecated alias for the builtin `bool`. To avoid this error in existing code, use `bool` by itself. Doing this will not modify any behavior and is safe. If you specifically wanted the numpy scalar type, use `np.bool_` here.
The aliases was originally deprecated in NumPy 1.20; for more details and guidance see the original release note at:
    https://numpy.org/devdocs/release/1.20.0-notes.html#deprecations
Traceback (most recent call last):
  File "/home/ryedida/bbo_challenge_starter_kit/example_submissions/hebo/optimizer_mace.py", line 145, in suggest
    model.fit(X, Xe, y)
  File "/home/ryedida/bbo_challenge_starter_kit/example_submissions/hebo/bo/models/gp/gpy_wgp.py", line 89, in fit
    self.gp.optimize_restarts(max_iters = self.num_epochs, messages = self.verbose, num_restarts = 10)
  File "/home/ryedida/.local/lib/python3.9/site-packages/paramz/model.py", line 182, in optimize_restarts
    raise e
  File "/home/ryedida/.local/lib/python3.9/site-packages/paramz/model.py", line 171, in optimize_restarts
    self.randomize()
  File "/home/ryedida/.local/lib/python3.9/site-packages/GPy/core/__init__.py", line 80, in randomize
    unfixlist = np.ones((self.size,),dtype=np.bool)
  File "/home/ryedida/.local/lib/python3.9/site-packages/numpy/__init__.py", line 305, in __getattr__
    raise AttributeError(__former_attrs__[attr])
AttributeError: module 'numpy' has no attribute 'bool'.
`np.bool` was a deprecated alias for the builtin `bool`. To avoid this error in existing code, use `bool` by itself. Doing this will not modify any behavior and is safe. If you specifically wanted the numpy scalar type, use `np.bool_` here.
The aliases was originally deprecated in NumPy 1.20; for more details and guidance see the original release note at:
    https://numpy.org/devdocs/release/1.20.0-notes.html#deprecations

During handling of the above exception, another exception occurred:

Traceback (most recent call last):
  File "/home/ryedida/.local/lib/python3.9/site-packages/bayesmark/experiment.py", line 126, in run_study
    next_points = optimizer.suggest(n_suggestions)
  File "/home/ryedida/bbo_challenge_starter_kit/example_submissions/hebo/optimizer_mace.py", line 155, in suggest
    model.fit(X, Xe, y)
  File "/home/ryedida/bbo_challenge_starter_kit/example_submissions/hebo/bo/models/gp/gpy_wgp.py", line 89, in fit
    self.gp.optimize_restarts(max_iters = self.num_epochs, messages = self.verbose, num_restarts = 10)
  File "/home/ryedida/.local/lib/python3.9/site-packages/paramz/model.py", line 182, in optimize_restarts
    raise e
  File "/home/ryedida/.local/lib/python3.9/site-packages/paramz/model.py", line 171, in optimize_restarts
    self.randomize()
  File "/home/ryedida/.local/lib/python3.9/site-packages/GPy/core/__init__.py", line 80, in randomize
    unfixlist = np.ones((self.size,),dtype=np.bool)
  File "/home/ryedida/.local/lib/python3.9/site-packages/numpy/__init__.py", line 305, in __getattr__
    raise AttributeError(__former_attrs__[attr])
AttributeError: module 'numpy' has no attribute 'bool'.
`np.bool` was a deprecated alias for the builtin `bool`. To avoid this error in existing code, use `bool` by itself. Doing this will not modify any behavior and is safe. If you specifically wanted the numpy scalar type, use `np.bool_` here.
The aliases was originally deprecated in NumPy 1.20; for more details and guidance see the original release note at:
    https://numpy.org/devdocs/release/1.20.0-notes.html#deprecations
suggestion time taken 0.316399 iter 7 next_points [{'alpha': 4.315899430644042e-05, 'batch_size': 36, 'beta_1': 0.7762622603704356, 'beta_2': 0.9858924892590879, 'epsilon': 1.2026384102665489e-09, 'hidden_layer_sizes': 93, 'learning_rate_init': 0.0005313613472218897, 'tol': 0.0022308379086224974, 'validation_fraction': 0.49393361660524243}]
function_evaluation time 0.115122 value -0.515271 suggestion {'alpha': 4.315899430644042e-05, 'batch_size': 36, 'beta_1': 0.7762622603704356, 'beta_2': 0.9858924892590879, 'epsilon': 1.2026384102665489e-09, 'hidden_layer_sizes': 93, 'learning_rate_init': 0.0005313613472218897, 'tol': 0.0022308379086224974, 'validation_fraction': 0.49393361660524243}
 /home/ryedida/bbo_challenge_starter_kit/example_submissions/hebo/optimizer_mace.py:237: FutureWarning:The frame.append method is deprecated and will be removed from pandas in a future version. Use pandas.concat instead.

observation time 0.002258, current best -0.553941 at iter 7
 /home/ryedida/.local/lib/python3.9/site-packages/GPy/core/__init__.py:80: FutureWarning:In the future `np.bool` will be defined as the corresponding NumPy scalar.

 /home/ryedida/.local/lib/python3.9/site-packages/GPy/core/__init__.py:80: FutureWarning:In the future `np.bool` will be defined as the corresponding NumPy scalar.

Failure in optimizer suggest. Falling back to random search.
module 'numpy' has no attribute 'bool'.
`np.bool` was a deprecated alias for the builtin `bool`. To avoid this error in existing code, use `bool` by itself. Doing this will not modify any behavior and is safe. If you specifically wanted the numpy scalar type, use `np.bool_` here.
The aliases was originally deprecated in NumPy 1.20; for more details and guidance see the original release note at:
    https://numpy.org/devdocs/release/1.20.0-notes.html#deprecations
Traceback (most recent call last):
  File "/home/ryedida/bbo_challenge_starter_kit/example_submissions/hebo/optimizer_mace.py", line 145, in suggest
    model.fit(X, Xe, y)
  File "/home/ryedida/bbo_challenge_starter_kit/example_submissions/hebo/bo/models/gp/gpy_wgp.py", line 89, in fit
    self.gp.optimize_restarts(max_iters = self.num_epochs, messages = self.verbose, num_restarts = 10)
  File "/home/ryedida/.local/lib/python3.9/site-packages/paramz/model.py", line 182, in optimize_restarts
    raise e
  File "/home/ryedida/.local/lib/python3.9/site-packages/paramz/model.py", line 171, in optimize_restarts
    self.randomize()
  File "/home/ryedida/.local/lib/python3.9/site-packages/GPy/core/__init__.py", line 80, in randomize
    unfixlist = np.ones((self.size,),dtype=np.bool)
  File "/home/ryedida/.local/lib/python3.9/site-packages/numpy/__init__.py", line 305, in __getattr__
    raise AttributeError(__former_attrs__[attr])
AttributeError: module 'numpy' has no attribute 'bool'.
`np.bool` was a deprecated alias for the builtin `bool`. To avoid this error in existing code, use `bool` by itself. Doing this will not modify any behavior and is safe. If you specifically wanted the numpy scalar type, use `np.bool_` here.
The aliases was originally deprecated in NumPy 1.20; for more details and guidance see the original release note at:
    https://numpy.org/devdocs/release/1.20.0-notes.html#deprecations

During handling of the above exception, another exception occurred:

Traceback (most recent call last):
  File "/home/ryedida/.local/lib/python3.9/site-packages/bayesmark/experiment.py", line 126, in run_study
    next_points = optimizer.suggest(n_suggestions)
  File "/home/ryedida/bbo_challenge_starter_kit/example_submissions/hebo/optimizer_mace.py", line 155, in suggest
    model.fit(X, Xe, y)
  File "/home/ryedida/bbo_challenge_starter_kit/example_submissions/hebo/bo/models/gp/gpy_wgp.py", line 89, in fit
    self.gp.optimize_restarts(max_iters = self.num_epochs, messages = self.verbose, num_restarts = 10)
  File "/home/ryedida/.local/lib/python3.9/site-packages/paramz/model.py", line 182, in optimize_restarts
    raise e
  File "/home/ryedida/.local/lib/python3.9/site-packages/paramz/model.py", line 171, in optimize_restarts
    self.randomize()
  File "/home/ryedida/.local/lib/python3.9/site-packages/GPy/core/__init__.py", line 80, in randomize
    unfixlist = np.ones((self.size,),dtype=np.bool)
  File "/home/ryedida/.local/lib/python3.9/site-packages/numpy/__init__.py", line 305, in __getattr__
    raise AttributeError(__former_attrs__[attr])
AttributeError: module 'numpy' has no attribute 'bool'.
`np.bool` was a deprecated alias for the builtin `bool`. To avoid this error in existing code, use `bool` by itself. Doing this will not modify any behavior and is safe. If you specifically wanted the numpy scalar type, use `np.bool_` here.
The aliases was originally deprecated in NumPy 1.20; for more details and guidance see the original release note at:
    https://numpy.org/devdocs/release/1.20.0-notes.html#deprecations
suggestion time taken 0.398703 iter 8 next_points [{'alpha': 1.3065280309282388, 'batch_size': 119, 'beta_1': 0.8836015846754838, 'beta_2': 0.9999981457592281, 'epsilon': 2.5327193541526677e-08, 'hidden_layer_sizes': 149, 'learning_rate_init': 0.0071877587542159335, 'tol': 0.02413903272077091, 'validation_fraction': 0.2955678518589831}]
 /home/ryedida/.local/lib/python3.9/site-packages/sklearn/neural_network/_multilayer_perceptron.py:605: UserWarning:Got `batch_size` less than 1 or larger than sample size. It is going to be clipped

function_evaluation time 0.090518 value -0.682266 suggestion {'alpha': 1.3065280309282388, 'batch_size': 119, 'beta_1': 0.8836015846754838, 'beta_2': 0.9999981457592281, 'epsilon': 2.5327193541526677e-08, 'hidden_layer_sizes': 149, 'learning_rate_init': 0.0071877587542159335, 'tol': 0.02413903272077091, 'validation_fraction': 0.2955678518589831}
 /home/ryedida/bbo_challenge_starter_kit/example_submissions/hebo/optimizer_mace.py:237: FutureWarning:The frame.append method is deprecated and will be removed from pandas in a future version. Use pandas.concat instead.

observation time 0.002419, current best -0.682266 at iter 8
 /home/ryedida/.local/lib/python3.9/site-packages/GPy/core/__init__.py:80: FutureWarning:In the future `np.bool` will be defined as the corresponding NumPy scalar.

 /home/ryedida/.local/lib/python3.9/site-packages/GPy/core/__init__.py:80: FutureWarning:In the future `np.bool` will be defined as the corresponding NumPy scalar.

Failure in optimizer suggest. Falling back to random search.
module 'numpy' has no attribute 'bool'.
`np.bool` was a deprecated alias for the builtin `bool`. To avoid this error in existing code, use `bool` by itself. Doing this will not modify any behavior and is safe. If you specifically wanted the numpy scalar type, use `np.bool_` here.
The aliases was originally deprecated in NumPy 1.20; for more details and guidance see the original release note at:
    https://numpy.org/devdocs/release/1.20.0-notes.html#deprecations
Traceback (most recent call last):
  File "/home/ryedida/bbo_challenge_starter_kit/example_submissions/hebo/optimizer_mace.py", line 145, in suggest
    model.fit(X, Xe, y)
  File "/home/ryedida/bbo_challenge_starter_kit/example_submissions/hebo/bo/models/gp/gpy_wgp.py", line 89, in fit
    self.gp.optimize_restarts(max_iters = self.num_epochs, messages = self.verbose, num_restarts = 10)
  File "/home/ryedida/.local/lib/python3.9/site-packages/paramz/model.py", line 182, in optimize_restarts
    raise e
  File "/home/ryedida/.local/lib/python3.9/site-packages/paramz/model.py", line 171, in optimize_restarts
    self.randomize()
  File "/home/ryedida/.local/lib/python3.9/site-packages/GPy/core/__init__.py", line 80, in randomize
    unfixlist = np.ones((self.size,),dtype=np.bool)
  File "/home/ryedida/.local/lib/python3.9/site-packages/numpy/__init__.py", line 305, in __getattr__
    raise AttributeError(__former_attrs__[attr])
AttributeError: module 'numpy' has no attribute 'bool'.
`np.bool` was a deprecated alias for the builtin `bool`. To avoid this error in existing code, use `bool` by itself. Doing this will not modify any behavior and is safe. If you specifically wanted the numpy scalar type, use `np.bool_` here.
The aliases was originally deprecated in NumPy 1.20; for more details and guidance see the original release note at:
    https://numpy.org/devdocs/release/1.20.0-notes.html#deprecations

During handling of the above exception, another exception occurred:

Traceback (most recent call last):
  File "/home/ryedida/.local/lib/python3.9/site-packages/bayesmark/experiment.py", line 126, in run_study
    next_points = optimizer.suggest(n_suggestions)
  File "/home/ryedida/bbo_challenge_starter_kit/example_submissions/hebo/optimizer_mace.py", line 155, in suggest
    model.fit(X, Xe, y)
  File "/home/ryedida/bbo_challenge_starter_kit/example_submissions/hebo/bo/models/gp/gpy_wgp.py", line 89, in fit
    self.gp.optimize_restarts(max_iters = self.num_epochs, messages = self.verbose, num_restarts = 10)
  File "/home/ryedida/.local/lib/python3.9/site-packages/paramz/model.py", line 182, in optimize_restarts
    raise e
  File "/home/ryedida/.local/lib/python3.9/site-packages/paramz/model.py", line 171, in optimize_restarts
    self.randomize()
  File "/home/ryedida/.local/lib/python3.9/site-packages/GPy/core/__init__.py", line 80, in randomize
    unfixlist = np.ones((self.size,),dtype=np.bool)
  File "/home/ryedida/.local/lib/python3.9/site-packages/numpy/__init__.py", line 305, in __getattr__
    raise AttributeError(__former_attrs__[attr])
AttributeError: module 'numpy' has no attribute 'bool'.
`np.bool` was a deprecated alias for the builtin `bool`. To avoid this error in existing code, use `bool` by itself. Doing this will not modify any behavior and is safe. If you specifically wanted the numpy scalar type, use `np.bool_` here.
The aliases was originally deprecated in NumPy 1.20; for more details and guidance see the original release note at:
    https://numpy.org/devdocs/release/1.20.0-notes.html#deprecations
suggestion time taken 0.533083 iter 9 next_points [{'alpha': 0.7491203737714596, 'batch_size': 25, 'beta_1': 0.9396164073504435, 'beta_2': 0.9999976358871436, 'epsilon': 1.4968062266983278e-08, 'hidden_layer_sizes': 101, 'learning_rate_init': 0.002387698416991581, 'tol': 0.00020967518744577135, 'validation_fraction': 0.8285941010280924}]
 /home/ryedida/.local/lib/python3.9/site-packages/sklearn/neural_network/_multilayer_perceptron.py:605: UserWarning:Got `batch_size` less than 1 or larger than sample size. It is going to be clipped

function_evaluation time 0.066662 value -0.498522 suggestion {'alpha': 0.7491203737714596, 'batch_size': 25, 'beta_1': 0.9396164073504435, 'beta_2': 0.9999976358871436, 'epsilon': 1.4968062266983278e-08, 'hidden_layer_sizes': 101, 'learning_rate_init': 0.002387698416991581, 'tol': 0.00020967518744577135, 'validation_fraction': 0.8285941010280924}
 /home/ryedida/bbo_challenge_starter_kit/example_submissions/hebo/optimizer_mace.py:237: FutureWarning:The frame.append method is deprecated and will be removed from pandas in a future version. Use pandas.concat instead.

observation time 0.002224, current best -0.682266 at iter 9
 /home/ryedida/.local/lib/python3.9/site-packages/GPy/core/__init__.py:80: FutureWarning:In the future `np.bool` will be defined as the corresponding NumPy scalar.

 /home/ryedida/.local/lib/python3.9/site-packages/GPy/core/__init__.py:80: FutureWarning:In the future `np.bool` will be defined as the corresponding NumPy scalar.

Failure in optimizer suggest. Falling back to random search.
module 'numpy' has no attribute 'bool'.
`np.bool` was a deprecated alias for the builtin `bool`. To avoid this error in existing code, use `bool` by itself. Doing this will not modify any behavior and is safe. If you specifically wanted the numpy scalar type, use `np.bool_` here.
The aliases was originally deprecated in NumPy 1.20; for more details and guidance see the original release note at:
    https://numpy.org/devdocs/release/1.20.0-notes.html#deprecations
Traceback (most recent call last):
  File "/home/ryedida/bbo_challenge_starter_kit/example_submissions/hebo/optimizer_mace.py", line 145, in suggest
    model.fit(X, Xe, y)
  File "/home/ryedida/bbo_challenge_starter_kit/example_submissions/hebo/bo/models/gp/gpy_wgp.py", line 89, in fit
    self.gp.optimize_restarts(max_iters = self.num_epochs, messages = self.verbose, num_restarts = 10)
  File "/home/ryedida/.local/lib/python3.9/site-packages/paramz/model.py", line 182, in optimize_restarts
    raise e
  File "/home/ryedida/.local/lib/python3.9/site-packages/paramz/model.py", line 171, in optimize_restarts
    self.randomize()
  File "/home/ryedida/.local/lib/python3.9/site-packages/GPy/core/__init__.py", line 80, in randomize
    unfixlist = np.ones((self.size,),dtype=np.bool)
  File "/home/ryedida/.local/lib/python3.9/site-packages/numpy/__init__.py", line 305, in __getattr__
    raise AttributeError(__former_attrs__[attr])
AttributeError: module 'numpy' has no attribute 'bool'.
`np.bool` was a deprecated alias for the builtin `bool`. To avoid this error in existing code, use `bool` by itself. Doing this will not modify any behavior and is safe. If you specifically wanted the numpy scalar type, use `np.bool_` here.
The aliases was originally deprecated in NumPy 1.20; for more details and guidance see the original release note at:
    https://numpy.org/devdocs/release/1.20.0-notes.html#deprecations

During handling of the above exception, another exception occurred:

Traceback (most recent call last):
  File "/home/ryedida/.local/lib/python3.9/site-packages/bayesmark/experiment.py", line 126, in run_study
    next_points = optimizer.suggest(n_suggestions)
  File "/home/ryedida/bbo_challenge_starter_kit/example_submissions/hebo/optimizer_mace.py", line 155, in suggest
    model.fit(X, Xe, y)
  File "/home/ryedida/bbo_challenge_starter_kit/example_submissions/hebo/bo/models/gp/gpy_wgp.py", line 89, in fit
    self.gp.optimize_restarts(max_iters = self.num_epochs, messages = self.verbose, num_restarts = 10)
  File "/home/ryedida/.local/lib/python3.9/site-packages/paramz/model.py", line 182, in optimize_restarts
    raise e
  File "/home/ryedida/.local/lib/python3.9/site-packages/paramz/model.py", line 171, in optimize_restarts
    self.randomize()
  File "/home/ryedida/.local/lib/python3.9/site-packages/GPy/core/__init__.py", line 80, in randomize
    unfixlist = np.ones((self.size,),dtype=np.bool)
  File "/home/ryedida/.local/lib/python3.9/site-packages/numpy/__init__.py", line 305, in __getattr__
    raise AttributeError(__former_attrs__[attr])
AttributeError: module 'numpy' has no attribute 'bool'.
`np.bool` was a deprecated alias for the builtin `bool`. To avoid this error in existing code, use `bool` by itself. Doing this will not modify any behavior and is safe. If you specifically wanted the numpy scalar type, use `np.bool_` here.
The aliases was originally deprecated in NumPy 1.20; for more details and guidance see the original release note at:
    https://numpy.org/devdocs/release/1.20.0-notes.html#deprecations
suggestion time taken 0.365286 iter 10 next_points [{'alpha': 0.41222575957935265, 'batch_size': 118, 'beta_1': 0.9633548413706284, 'beta_2': 0.9997444468220202, 'epsilon': 9.242221630960262e-09, 'hidden_layer_sizes': 155, 'learning_rate_init': 0.0012792682855706815, 'tol': 0.0032352428066626695, 'validation_fraction': 0.7982029504664826}]
 /home/ryedida/.local/lib/python3.9/site-packages/sklearn/neural_network/_multilayer_perceptron.py:605: UserWarning:Got `batch_size` less than 1 or larger than sample size. It is going to be clipped

function_evaluation time 0.066741 value -0.529557 suggestion {'alpha': 0.41222575957935265, 'batch_size': 118, 'beta_1': 0.9633548413706284, 'beta_2': 0.9997444468220202, 'epsilon': 9.242221630960262e-09, 'hidden_layer_sizes': 155, 'learning_rate_init': 0.0012792682855706815, 'tol': 0.0032352428066626695, 'validation_fraction': 0.7982029504664826}
 /home/ryedida/bbo_challenge_starter_kit/example_submissions/hebo/optimizer_mace.py:237: FutureWarning:The frame.append method is deprecated and will be removed from pandas in a future version. Use pandas.concat instead.

observation time 0.002211, current best -0.682266 at iter 10
 /home/ryedida/.local/lib/python3.9/site-packages/GPy/core/__init__.py:80: FutureWarning:In the future `np.bool` will be defined as the corresponding NumPy scalar.

 /home/ryedida/.local/lib/python3.9/site-packages/GPy/core/__init__.py:80: FutureWarning:In the future `np.bool` will be defined as the corresponding NumPy scalar.

Failure in optimizer suggest. Falling back to random search.
module 'numpy' has no attribute 'bool'.
`np.bool` was a deprecated alias for the builtin `bool`. To avoid this error in existing code, use `bool` by itself. Doing this will not modify any behavior and is safe. If you specifically wanted the numpy scalar type, use `np.bool_` here.
The aliases was originally deprecated in NumPy 1.20; for more details and guidance see the original release note at:
    https://numpy.org/devdocs/release/1.20.0-notes.html#deprecations
Traceback (most recent call last):
  File "/home/ryedida/bbo_challenge_starter_kit/example_submissions/hebo/optimizer_mace.py", line 145, in suggest
    model.fit(X, Xe, y)
  File "/home/ryedida/bbo_challenge_starter_kit/example_submissions/hebo/bo/models/gp/gpy_wgp.py", line 89, in fit
    self.gp.optimize_restarts(max_iters = self.num_epochs, messages = self.verbose, num_restarts = 10)
  File "/home/ryedida/.local/lib/python3.9/site-packages/paramz/model.py", line 182, in optimize_restarts
    raise e
  File "/home/ryedida/.local/lib/python3.9/site-packages/paramz/model.py", line 171, in optimize_restarts
    self.randomize()
  File "/home/ryedida/.local/lib/python3.9/site-packages/GPy/core/__init__.py", line 80, in randomize
    unfixlist = np.ones((self.size,),dtype=np.bool)
  File "/home/ryedida/.local/lib/python3.9/site-packages/numpy/__init__.py", line 305, in __getattr__
    raise AttributeError(__former_attrs__[attr])
AttributeError: module 'numpy' has no attribute 'bool'.
`np.bool` was a deprecated alias for the builtin `bool`. To avoid this error in existing code, use `bool` by itself. Doing this will not modify any behavior and is safe. If you specifically wanted the numpy scalar type, use `np.bool_` here.
The aliases was originally deprecated in NumPy 1.20; for more details and guidance see the original release note at:
    https://numpy.org/devdocs/release/1.20.0-notes.html#deprecations

During handling of the above exception, another exception occurred:

Traceback (most recent call last):
  File "/home/ryedida/.local/lib/python3.9/site-packages/bayesmark/experiment.py", line 126, in run_study
    next_points = optimizer.suggest(n_suggestions)
  File "/home/ryedida/bbo_challenge_starter_kit/example_submissions/hebo/optimizer_mace.py", line 155, in suggest
    model.fit(X, Xe, y)
  File "/home/ryedida/bbo_challenge_starter_kit/example_submissions/hebo/bo/models/gp/gpy_wgp.py", line 89, in fit
    self.gp.optimize_restarts(max_iters = self.num_epochs, messages = self.verbose, num_restarts = 10)
  File "/home/ryedida/.local/lib/python3.9/site-packages/paramz/model.py", line 182, in optimize_restarts
    raise e
  File "/home/ryedida/.local/lib/python3.9/site-packages/paramz/model.py", line 171, in optimize_restarts
    self.randomize()
  File "/home/ryedida/.local/lib/python3.9/site-packages/GPy/core/__init__.py", line 80, in randomize
    unfixlist = np.ones((self.size,),dtype=np.bool)
  File "/home/ryedida/.local/lib/python3.9/site-packages/numpy/__init__.py", line 305, in __getattr__
    raise AttributeError(__former_attrs__[attr])
AttributeError: module 'numpy' has no attribute 'bool'.
`np.bool` was a deprecated alias for the builtin `bool`. To avoid this error in existing code, use `bool` by itself. Doing this will not modify any behavior and is safe. If you specifically wanted the numpy scalar type, use `np.bool_` here.
The aliases was originally deprecated in NumPy 1.20; for more details and guidance see the original release note at:
    https://numpy.org/devdocs/release/1.20.0-notes.html#deprecations
suggestion time taken 0.459796 iter 11 next_points [{'alpha': 7.172146989707276, 'batch_size': 150, 'beta_1': 0.7555201204944902, 'beta_2': 0.9999986985299066, 'epsilon': 3.0300893699685534e-08, 'hidden_layer_sizes': 102, 'learning_rate_init': 0.012472183227436597, 'tol': 1.7664933699648657e-05, 'validation_fraction': 0.8184111602385639}]
 /home/ryedida/.local/lib/python3.9/site-packages/sklearn/neural_network/_multilayer_perceptron.py:605: UserWarning:Got `batch_size` less than 1 or larger than sample size. It is going to be clipped

function_evaluation time 0.097722 value -0.640640 suggestion {'alpha': 7.172146989707276, 'batch_size': 150, 'beta_1': 0.7555201204944902, 'beta_2': 0.9999986985299066, 'epsilon': 3.0300893699685534e-08, 'hidden_layer_sizes': 102, 'learning_rate_init': 0.012472183227436597, 'tol': 1.7664933699648657e-05, 'validation_fraction': 0.8184111602385639}
 /home/ryedida/bbo_challenge_starter_kit/example_submissions/hebo/optimizer_mace.py:237: FutureWarning:The frame.append method is deprecated and will be removed from pandas in a future version. Use pandas.concat instead.

observation time 0.002197, current best -0.682266 at iter 11
 /home/ryedida/.local/lib/python3.9/site-packages/GPy/core/__init__.py:80: FutureWarning:In the future `np.bool` will be defined as the corresponding NumPy scalar.

 /home/ryedida/.local/lib/python3.9/site-packages/GPy/core/__init__.py:80: FutureWarning:In the future `np.bool` will be defined as the corresponding NumPy scalar.

Failure in optimizer suggest. Falling back to random search.
module 'numpy' has no attribute 'bool'.
`np.bool` was a deprecated alias for the builtin `bool`. To avoid this error in existing code, use `bool` by itself. Doing this will not modify any behavior and is safe. If you specifically wanted the numpy scalar type, use `np.bool_` here.
The aliases was originally deprecated in NumPy 1.20; for more details and guidance see the original release note at:
    https://numpy.org/devdocs/release/1.20.0-notes.html#deprecations
Traceback (most recent call last):
  File "/home/ryedida/bbo_challenge_starter_kit/example_submissions/hebo/optimizer_mace.py", line 145, in suggest
    model.fit(X, Xe, y)
  File "/home/ryedida/bbo_challenge_starter_kit/example_submissions/hebo/bo/models/gp/gpy_wgp.py", line 89, in fit
    self.gp.optimize_restarts(max_iters = self.num_epochs, messages = self.verbose, num_restarts = 10)
  File "/home/ryedida/.local/lib/python3.9/site-packages/paramz/model.py", line 182, in optimize_restarts
    raise e
  File "/home/ryedida/.local/lib/python3.9/site-packages/paramz/model.py", line 171, in optimize_restarts
    self.randomize()
  File "/home/ryedida/.local/lib/python3.9/site-packages/GPy/core/__init__.py", line 80, in randomize
    unfixlist = np.ones((self.size,),dtype=np.bool)
  File "/home/ryedida/.local/lib/python3.9/site-packages/numpy/__init__.py", line 305, in __getattr__
    raise AttributeError(__former_attrs__[attr])
AttributeError: module 'numpy' has no attribute 'bool'.
`np.bool` was a deprecated alias for the builtin `bool`. To avoid this error in existing code, use `bool` by itself. Doing this will not modify any behavior and is safe. If you specifically wanted the numpy scalar type, use `np.bool_` here.
The aliases was originally deprecated in NumPy 1.20; for more details and guidance see the original release note at:
    https://numpy.org/devdocs/release/1.20.0-notes.html#deprecations

During handling of the above exception, another exception occurred:

Traceback (most recent call last):
  File "/home/ryedida/.local/lib/python3.9/site-packages/bayesmark/experiment.py", line 126, in run_study
    next_points = optimizer.suggest(n_suggestions)
  File "/home/ryedida/bbo_challenge_starter_kit/example_submissions/hebo/optimizer_mace.py", line 155, in suggest
    model.fit(X, Xe, y)
  File "/home/ryedida/bbo_challenge_starter_kit/example_submissions/hebo/bo/models/gp/gpy_wgp.py", line 89, in fit
    self.gp.optimize_restarts(max_iters = self.num_epochs, messages = self.verbose, num_restarts = 10)
  File "/home/ryedida/.local/lib/python3.9/site-packages/paramz/model.py", line 182, in optimize_restarts
    raise e
  File "/home/ryedida/.local/lib/python3.9/site-packages/paramz/model.py", line 171, in optimize_restarts
    self.randomize()
  File "/home/ryedida/.local/lib/python3.9/site-packages/GPy/core/__init__.py", line 80, in randomize
    unfixlist = np.ones((self.size,),dtype=np.bool)
  File "/home/ryedida/.local/lib/python3.9/site-packages/numpy/__init__.py", line 305, in __getattr__
    raise AttributeError(__former_attrs__[attr])
AttributeError: module 'numpy' has no attribute 'bool'.
`np.bool` was a deprecated alias for the builtin `bool`. To avoid this error in existing code, use `bool` by itself. Doing this will not modify any behavior and is safe. If you specifically wanted the numpy scalar type, use `np.bool_` here.
The aliases was originally deprecated in NumPy 1.20; for more details and guidance see the original release note at:
    https://numpy.org/devdocs/release/1.20.0-notes.html#deprecations
suggestion time taken 0.428191 iter 12 next_points [{'alpha': 0.0006390326882292422, 'batch_size': 203, 'beta_1': 0.944661157257953, 'beta_2': 0.9999954002587035, 'epsilon': 3.137327710749132e-07, 'hidden_layer_sizes': 112, 'learning_rate_init': 0.08373158341077169, 'tol': 1.165728294172144e-05, 'validation_fraction': 0.7709262149515153}]
 /home/ryedida/.local/lib/python3.9/site-packages/sklearn/neural_network/_multilayer_perceptron.py:605: UserWarning:Got `batch_size` less than 1 or larger than sample size. It is going to be clipped

function_evaluation time 0.072830 value -0.536453 suggestion {'alpha': 0.0006390326882292422, 'batch_size': 203, 'beta_1': 0.944661157257953, 'beta_2': 0.9999954002587035, 'epsilon': 3.137327710749132e-07, 'hidden_layer_sizes': 112, 'learning_rate_init': 0.08373158341077169, 'tol': 1.165728294172144e-05, 'validation_fraction': 0.7709262149515153}
 /home/ryedida/bbo_challenge_starter_kit/example_submissions/hebo/optimizer_mace.py:237: FutureWarning:The frame.append method is deprecated and will be removed from pandas in a future version. Use pandas.concat instead.

observation time 0.002236, current best -0.682266 at iter 12
 /home/ryedida/.local/lib/python3.9/site-packages/GPy/core/__init__.py:80: FutureWarning:In the future `np.bool` will be defined as the corresponding NumPy scalar.

 /home/ryedida/.local/lib/python3.9/site-packages/GPy/core/__init__.py:80: FutureWarning:In the future `np.bool` will be defined as the corresponding NumPy scalar.

Failure in optimizer suggest. Falling back to random search.
module 'numpy' has no attribute 'bool'.
`np.bool` was a deprecated alias for the builtin `bool`. To avoid this error in existing code, use `bool` by itself. Doing this will not modify any behavior and is safe. If you specifically wanted the numpy scalar type, use `np.bool_` here.
The aliases was originally deprecated in NumPy 1.20; for more details and guidance see the original release note at:
    https://numpy.org/devdocs/release/1.20.0-notes.html#deprecations
Traceback (most recent call last):
  File "/home/ryedida/bbo_challenge_starter_kit/example_submissions/hebo/optimizer_mace.py", line 145, in suggest
    model.fit(X, Xe, y)
  File "/home/ryedida/bbo_challenge_starter_kit/example_submissions/hebo/bo/models/gp/gpy_wgp.py", line 89, in fit
    self.gp.optimize_restarts(max_iters = self.num_epochs, messages = self.verbose, num_restarts = 10)
  File "/home/ryedida/.local/lib/python3.9/site-packages/paramz/model.py", line 182, in optimize_restarts
    raise e
  File "/home/ryedida/.local/lib/python3.9/site-packages/paramz/model.py", line 171, in optimize_restarts
    self.randomize()
  File "/home/ryedida/.local/lib/python3.9/site-packages/GPy/core/__init__.py", line 80, in randomize
    unfixlist = np.ones((self.size,),dtype=np.bool)
  File "/home/ryedida/.local/lib/python3.9/site-packages/numpy/__init__.py", line 305, in __getattr__
    raise AttributeError(__former_attrs__[attr])
AttributeError: module 'numpy' has no attribute 'bool'.
`np.bool` was a deprecated alias for the builtin `bool`. To avoid this error in existing code, use `bool` by itself. Doing this will not modify any behavior and is safe. If you specifically wanted the numpy scalar type, use `np.bool_` here.
The aliases was originally deprecated in NumPy 1.20; for more details and guidance see the original release note at:
    https://numpy.org/devdocs/release/1.20.0-notes.html#deprecations

During handling of the above exception, another exception occurred:

Traceback (most recent call last):
  File "/home/ryedida/.local/lib/python3.9/site-packages/bayesmark/experiment.py", line 126, in run_study
    next_points = optimizer.suggest(n_suggestions)
  File "/home/ryedida/bbo_challenge_starter_kit/example_submissions/hebo/optimizer_mace.py", line 155, in suggest
    model.fit(X, Xe, y)
  File "/home/ryedida/bbo_challenge_starter_kit/example_submissions/hebo/bo/models/gp/gpy_wgp.py", line 89, in fit
    self.gp.optimize_restarts(max_iters = self.num_epochs, messages = self.verbose, num_restarts = 10)
  File "/home/ryedida/.local/lib/python3.9/site-packages/paramz/model.py", line 182, in optimize_restarts
    raise e
  File "/home/ryedida/.local/lib/python3.9/site-packages/paramz/model.py", line 171, in optimize_restarts
    self.randomize()
  File "/home/ryedida/.local/lib/python3.9/site-packages/GPy/core/__init__.py", line 80, in randomize
    unfixlist = np.ones((self.size,),dtype=np.bool)
  File "/home/ryedida/.local/lib/python3.9/site-packages/numpy/__init__.py", line 305, in __getattr__
    raise AttributeError(__former_attrs__[attr])
AttributeError: module 'numpy' has no attribute 'bool'.
`np.bool` was a deprecated alias for the builtin `bool`. To avoid this error in existing code, use `bool` by itself. Doing this will not modify any behavior and is safe. If you specifically wanted the numpy scalar type, use `np.bool_` here.
The aliases was originally deprecated in NumPy 1.20; for more details and guidance see the original release note at:
    https://numpy.org/devdocs/release/1.20.0-notes.html#deprecations
suggestion time taken 0.428870 iter 13 next_points [{'alpha': 0.031423078465831214, 'batch_size': 130, 'beta_1': 0.8577217630226615, 'beta_2': 0.9994203649365415, 'epsilon': 9.531508778065303e-08, 'hidden_layer_sizes': 180, 'learning_rate_init': 0.019668048287009764, 'tol': 3.093293242248647e-05, 'validation_fraction': 0.27770358861125793}]
 /home/ryedida/.local/lib/python3.9/site-packages/sklearn/neural_network/_multilayer_perceptron.py:605: UserWarning:Got `batch_size` less than 1 or larger than sample size. It is going to be clipped

function_evaluation time 0.124332 value -0.622167 suggestion {'alpha': 0.031423078465831214, 'batch_size': 130, 'beta_1': 0.8577217630226615, 'beta_2': 0.9994203649365415, 'epsilon': 9.531508778065303e-08, 'hidden_layer_sizes': 180, 'learning_rate_init': 0.019668048287009764, 'tol': 3.093293242248647e-05, 'validation_fraction': 0.27770358861125793}
 /home/ryedida/bbo_challenge_starter_kit/example_submissions/hebo/optimizer_mace.py:237: FutureWarning:The frame.append method is deprecated and will be removed from pandas in a future version. Use pandas.concat instead.

observation time 0.002209, current best -0.682266 at iter 13
 /home/ryedida/.local/lib/python3.9/site-packages/GPy/core/__init__.py:80: FutureWarning:In the future `np.bool` will be defined as the corresponding NumPy scalar.

 /home/ryedida/.local/lib/python3.9/site-packages/GPy/core/__init__.py:80: FutureWarning:In the future `np.bool` will be defined as the corresponding NumPy scalar.

Failure in optimizer suggest. Falling back to random search.
module 'numpy' has no attribute 'bool'.
`np.bool` was a deprecated alias for the builtin `bool`. To avoid this error in existing code, use `bool` by itself. Doing this will not modify any behavior and is safe. If you specifically wanted the numpy scalar type, use `np.bool_` here.
The aliases was originally deprecated in NumPy 1.20; for more details and guidance see the original release note at:
    https://numpy.org/devdocs/release/1.20.0-notes.html#deprecations
Traceback (most recent call last):
  File "/home/ryedida/bbo_challenge_starter_kit/example_submissions/hebo/optimizer_mace.py", line 145, in suggest
    model.fit(X, Xe, y)
  File "/home/ryedida/bbo_challenge_starter_kit/example_submissions/hebo/bo/models/gp/gpy_wgp.py", line 89, in fit
    self.gp.optimize_restarts(max_iters = self.num_epochs, messages = self.verbose, num_restarts = 10)
  File "/home/ryedida/.local/lib/python3.9/site-packages/paramz/model.py", line 182, in optimize_restarts
    raise e
  File "/home/ryedida/.local/lib/python3.9/site-packages/paramz/model.py", line 171, in optimize_restarts
    self.randomize()
  File "/home/ryedida/.local/lib/python3.9/site-packages/GPy/core/__init__.py", line 80, in randomize
    unfixlist = np.ones((self.size,),dtype=np.bool)
  File "/home/ryedida/.local/lib/python3.9/site-packages/numpy/__init__.py", line 305, in __getattr__
    raise AttributeError(__former_attrs__[attr])
AttributeError: module 'numpy' has no attribute 'bool'.
`np.bool` was a deprecated alias for the builtin `bool`. To avoid this error in existing code, use `bool` by itself. Doing this will not modify any behavior and is safe. If you specifically wanted the numpy scalar type, use `np.bool_` here.
The aliases was originally deprecated in NumPy 1.20; for more details and guidance see the original release note at:
    https://numpy.org/devdocs/release/1.20.0-notes.html#deprecations

During handling of the above exception, another exception occurred:

Traceback (most recent call last):
  File "/home/ryedida/.local/lib/python3.9/site-packages/bayesmark/experiment.py", line 126, in run_study
    next_points = optimizer.suggest(n_suggestions)
  File "/home/ryedida/bbo_challenge_starter_kit/example_submissions/hebo/optimizer_mace.py", line 155, in suggest
    model.fit(X, Xe, y)
  File "/home/ryedida/bbo_challenge_starter_kit/example_submissions/hebo/bo/models/gp/gpy_wgp.py", line 89, in fit
    self.gp.optimize_restarts(max_iters = self.num_epochs, messages = self.verbose, num_restarts = 10)
  File "/home/ryedida/.local/lib/python3.9/site-packages/paramz/model.py", line 182, in optimize_restarts
    raise e
  File "/home/ryedida/.local/lib/python3.9/site-packages/paramz/model.py", line 171, in optimize_restarts
    self.randomize()
  File "/home/ryedida/.local/lib/python3.9/site-packages/GPy/core/__init__.py", line 80, in randomize
    unfixlist = np.ones((self.size,),dtype=np.bool)
  File "/home/ryedida/.local/lib/python3.9/site-packages/numpy/__init__.py", line 305, in __getattr__
    raise AttributeError(__former_attrs__[attr])
AttributeError: module 'numpy' has no attribute 'bool'.
`np.bool` was a deprecated alias for the builtin `bool`. To avoid this error in existing code, use `bool` by itself. Doing this will not modify any behavior and is safe. If you specifically wanted the numpy scalar type, use `np.bool_` here.
The aliases was originally deprecated in NumPy 1.20; for more details and guidance see the original release note at:
    https://numpy.org/devdocs/release/1.20.0-notes.html#deprecations
suggestion time taken 0.374840 iter 14 next_points [{'alpha': 1.054789141500345, 'batch_size': 151, 'beta_1': 0.9632129314863838, 'beta_2': 0.9999840970217632, 'epsilon': 3.056125942095117e-09, 'hidden_layer_sizes': 178, 'learning_rate_init': 0.0378293013435893, 'tol': 2.2152949915232134e-05, 'validation_fraction': 0.1643672539793732}]
 /home/ryedida/.local/lib/python3.9/site-packages/sklearn/neural_network/_multilayer_perceptron.py:605: UserWarning:Got `batch_size` less than 1 or larger than sample size. It is going to be clipped

function_evaluation time 0.116941 value -0.618227 suggestion {'alpha': 1.054789141500345, 'batch_size': 151, 'beta_1': 0.9632129314863838, 'beta_2': 0.9999840970217632, 'epsilon': 3.056125942095117e-09, 'hidden_layer_sizes': 178, 'learning_rate_init': 0.0378293013435893, 'tol': 2.2152949915232134e-05, 'validation_fraction': 0.1643672539793732}
 /home/ryedida/bbo_challenge_starter_kit/example_submissions/hebo/optimizer_mace.py:237: FutureWarning:The frame.append method is deprecated and will be removed from pandas in a future version. Use pandas.concat instead.

observation time 0.002236, current best -0.682266 at iter 14
saving meta data: {'args': {'--uuid': 'afcc701885bd595e90f4d05922936f8b', '-db-root': '/home/ryedida/bbo_challenge_starter_kit/output', '--opt-root': '/home/ryedida/bbo_challenge_starter_kit/example_submissions', '--data-root': None, '--db': 'run_20230426_161952', '--opt': 'hebo', '--data': 'wine', '--classifier': 'MLP-adam', '--metric': 'acc', '--calls': 15, '--suggestions': 1, '--jobs-file': None, '--verbose': False, 'dry_run': False, 'rev': 'a376313', 'opt_rev': '0.0.8'}, 'signature': ([{'alpha': 0.019628224813442792, 'batch_size': 182, 'beta_1': 0.9410202200271762, 'beta_2': 0.9998021557676793, 'epsilon': 1.8662266976518e-08, 'hidden_layer_sizes': 147, 'learning_rate_init': 0.0005627932047415167, 'tol': 0.03690557729213761, 'validation_fraction': 0.8846827852548593}, {'alpha': 0.0019982467392329444, 'batch_size': 200, 'beta_1': 0.919111482530466, 'beta_2': 0.9998488260436156, 'epsilon': 5.981221901152555e-07, 'hidden_layer_sizes': 61, 'learning_rate_init': 2.2310905607443014e-05, 'tol': 1.2046852412030316e-05, 'validation_fraction': 0.8117896445826539}, {'alpha': 0.46659545670218433, 'batch_size': 219, 'beta_1': 0.9889789783750891, 'beta_2': 0.9999896868093284, 'epsilon': 2.4234724484675948e-08, 'hidden_layer_sizes': 167, 'learning_rate_init': 2.972334644335654e-05, 'tol': 0.0036281404040243792, 'validation_fraction': 0.17260651658522078}, {'alpha': 4.656005689076002, 'batch_size': 135, 'beta_1': 0.870503881627747, 'beta_2': 0.9948873266941017, 'epsilon': 2.1023308743480125e-07, 'hidden_layer_sizes': 118, 'learning_rate_init': 0.0018781738757161913, 'tol': 1.1889379831773004e-05, 'validation_fraction': 0.6264327093752792}, {'alpha': 0.04705159350400542, 'batch_size': 158, 'beta_1': 0.9870884262730957, 'beta_2': 0.9999596874382349, 'epsilon': 1.1981845126013875e-08, 'hidden_layer_sizes': 116, 'learning_rate_init': 0.00617340520407431, 'tol': 1.741413418158619e-05, 'validation_fraction': 0.6754299026638921}], [-0.4359605911330049, -0.3169950738916256, -0.3312807881773399, -0.6620689655172413, -0.5017241379310344])}
saving results
saving timing
saving suggest log
done
