running: {'--uuid': '5d05079aa02a5757bd5076c113798ff2', '-db-root': '/home/ryedida/bbo_challenge_starter_kit/output', '--opt-root': '/home/ryedida/bbo_challenge_starter_kit/example_submissions', '--data-root': None, '--db': 'run_20230407_021241', '--opt': 'opentuner', '--data': 'breast', '--classifier': 'MLP-adam', '--metric': 'acc', '--calls': 15, '--suggestions': 1, '--jobs-file': None, '--verbose': False, 'dry_run': False, 'rev': 'a376313', 'opt_rev': '0.8.8'}
cmd: python opentuner/optimizer.py -c MLP-adam -d breast -o opentuner -u 5d05079aa02a5757bd5076c113798ff2 -m acc -n 15 -p 1 -dir /home/ryedida/bbo_challenge_starter_kit/output -b run_20230407_021241
/home/ryedida/.local/lib/python3.9/site-packages/sklearn/neural_network/_multilayer_perceptron.py:605: UserWarning: Got `batch_size` less than 1 or larger than sample size. It is going to be clipped
  warnings.warn(

/home/ryedida/.local/lib/python3.9/site-packages/sklearn/neural_network/_multilayer_perceptron.py:605: UserWarning: Got `batch_size` less than 1 or larger than sample size. It is going to be clipped
  warnings.warn(

/home/ryedida/.local/lib/python3.9/site-packages/sklearn/neural_network/_multilayer_perceptron.py:605: UserWarning: Got `batch_size` less than 1 or larger than sample size. It is going to be clipped
  warnings.warn(

computed signature: ([{'alpha': 0.019628224813442792, 'batch_size': 182, 'beta_1': 0.9410202200271762, 'beta_2': 0.9998021557676793, 'epsilon': 1.8662266976518e-08, 'hidden_layer_sizes': 147, 'learning_rate_init': 0.0005627932047415167, 'tol': 0.03690557729213761, 'validation_fraction': 0.8846827852548593}, {'alpha': 0.0019982467392329444, 'batch_size': 200, 'beta_1': 0.919111482530466, 'beta_2': 0.9998488260436156, 'epsilon': 5.981221901152555e-07, 'hidden_layer_sizes': 61, 'learning_rate_init': 2.2310905607443014e-05, 'tol': 1.2046852412030316e-05, 'validation_fraction': 0.8117896445826539}, {'alpha': 0.46659545670218433, 'batch_size': 219, 'beta_1': 0.9889789783750891, 'beta_2': 0.9999896868093284, 'epsilon': 2.4234724484675948e-08, 'hidden_layer_sizes': 167, 'learning_rate_init': 2.972334644335654e-05, 'tol': 0.0036281404040243792, 'validation_fraction': 0.17260651658522078}, {'alpha': 4.656005689076002, 'batch_size': 135, 'beta_1': 0.870503881627747, 'beta_2': 0.9948873266941017, 'epsilon': 2.1023308743480125e-07, 'hidden_layer_sizes': 118, 'learning_rate_init': 0.0018781738757161913, 'tol': 1.1889379831773004e-05, 'validation_fraction': 0.6264327093752792}, {'alpha': 0.04705159350400542, 'batch_size': 158, 'beta_1': 0.9870884262730957, 'beta_2': 0.9999596874382349, 'epsilon': 1.1981845126013875e-08, 'hidden_layer_sizes': 116, 'learning_rate_init': 0.00617340520407431, 'tol': 1.741413418158619e-05, 'validation_fraction': 0.6754299026638921}], [-0.676923076923077, -0.567032967032967, -0.545054945054945, -0.7824175824175824, -0.843956043956044])
/home/ryedida/.local/lib/python3.9/site-packages/bayesmark/signatures.py:85: RuntimeWarning: Signature diverged on MLP-adam_breast_acc betwen [-0.80659341 -0.56703297 -0.66593407 -0.87912088 -0.85934066] and [-0.67692308 -0.41758242 -0.54505495 -0.78241758 -0.84395604]
  warnings.warn(

Signature errors:
                           0         1         2         3         4       max
MLP-adam_breast_acc  0.12967  0.149451  0.120879  0.096703  0.015385  0.149451
max                  0.12967  0.149451  0.120879  0.096703  0.015385  0.149451
starting sklearn study opentuner MLP-adam breast acc 15 1
with data root: None
suggestion time taken 0.016720 iter 0 next_points [{'hidden_layer_sizes': 84, 'alpha': 3.2445820889188313, 'batch_size': 48, 'learning_rate_init': 0.06246163402940679, 'tol': 0.031036912751219493, 'validation_fraction': 0.1860108438993199, 'beta_1': 0.5425903505134787, 'beta_2': 0.9957523496431425, 'epsilon': 2.0243642420755725e-07}]
function_evaluation time 0.157649 value -0.892308 suggestion {'hidden_layer_sizes': 84, 'alpha': 3.2445820889188313, 'batch_size': 48, 'learning_rate_init': 0.06246163402940679, 'tol': 0.031036912751219493, 'validation_fraction': 0.1860108438993199, 'beta_1': 0.5425903505134787, 'beta_2': 0.9957523496431425, 'epsilon': 2.0243642420755725e-07}
observation time 0.004233, current best -0.892308 at iter 0
suggestion time taken 0.007006 iter 1 next_points [{'hidden_layer_sizes': 84, 'alpha': 3.2445820889188313, 'batch_size': 48, 'learning_rate_init': 0.06246163402940679, 'tol': 0.031036912751219493, 'validation_fraction': 0.1860108438993199, 'beta_1': 0.6617755164302348, 'beta_2': 0.9957523496431425, 'epsilon': 2.0243642420755725e-07}]
function_evaluation time 0.172786 value -0.912088 suggestion {'hidden_layer_sizes': 84, 'alpha': 3.2445820889188313, 'batch_size': 48, 'learning_rate_init': 0.06246163402940679, 'tol': 0.031036912751219493, 'validation_fraction': 0.1860108438993199, 'beta_1': 0.6617755164302348, 'beta_2': 0.9957523496431425, 'epsilon': 2.0243642420755725e-07}
observation time 0.001759, current best -0.912088 at iter 1
suggestion time taken 0.048204 iter 2 next_points [{'beta_1': 0.9008139140147386, 'alpha': 0.11003016567776862, 'epsilon': 6.648226615063303e-07, 'hidden_layer_sizes': 156, 'validation_fraction': 0.1914169278127793, 'tol': 0.0044797990241302495, 'beta_2': 0.9773470240361791, 'batch_size': 38, 'learning_rate_init': 0.027804209746343723}]
function_evaluation time 0.430743 value -0.905495 suggestion {'beta_1': 0.9008139140147386, 'alpha': 0.11003016567776862, 'epsilon': 6.648226615063303e-07, 'hidden_layer_sizes': 156, 'validation_fraction': 0.1914169278127793, 'tol': 0.0044797990241302495, 'beta_2': 0.9773470240361791, 'batch_size': 38, 'learning_rate_init': 0.027804209746343723}
observation time 0.001824, current best -0.912088 at iter 2
suggestion time taken 0.021631 iter 3 next_points [{'beta_1': 0.7603579135927909, 'alpha': 1.4795862407801614, 'epsilon': 4.709849407430179e-07, 'hidden_layer_sizes': 131, 'validation_fraction': 0.20757153595490527, 'tol': 0.06298723916569997, 'beta_2': 0.9748138755927012, 'batch_size': 124, 'learning_rate_init': 0.007394765995190223}]
function_evaluation time 0.180359 value -0.894505 suggestion {'beta_1': 0.7603579135927909, 'alpha': 1.4795862407801614, 'epsilon': 4.709849407430179e-07, 'hidden_layer_sizes': 131, 'validation_fraction': 0.20757153595490527, 'tol': 0.06298723916569997, 'beta_2': 0.9748138755927012, 'batch_size': 124, 'learning_rate_init': 0.007394765995190223}
observation time 0.001955, current best -0.912088 at iter 3
suggestion time taken 0.006960 iter 4 next_points [{'hidden_layer_sizes': 51, 'alpha': 3.2445820889188313, 'batch_size': 47, 'learning_rate_init': 0.06246163402940679, 'tol': 0.020090859281056406, 'validation_fraction': 0.1860108438993199, 'beta_1': 0.6617755164302348, 'beta_2': 0.9957835732412423, 'epsilon': 2.0243642420755725e-07}]
function_evaluation time 0.157615 value -0.907692 suggestion {'hidden_layer_sizes': 51, 'alpha': 3.2445820889188313, 'batch_size': 47, 'learning_rate_init': 0.06246163402940679, 'tol': 0.020090859281056406, 'validation_fraction': 0.1860108438993199, 'beta_1': 0.6617755164302348, 'beta_2': 0.9957835732412423, 'epsilon': 2.0243642420755725e-07}
observation time 0.001805, current best -0.912088 at iter 4
suggestion time taken 0.006677 iter 5 next_points [{'hidden_layer_sizes': 84, 'alpha': 3.2445820889188313, 'batch_size': 111, 'learning_rate_init': 0.06246163402940679, 'tol': 0.031036912751219493, 'validation_fraction': 0.5871852419167999, 'beta_1': 0.6617755164302348, 'beta_2': 0.9957523496431425, 'epsilon': 2.0243642420755725e-07}]
function_evaluation time 0.153314 value -0.887912 suggestion {'hidden_layer_sizes': 84, 'alpha': 3.2445820889188313, 'batch_size': 111, 'learning_rate_init': 0.06246163402940679, 'tol': 0.031036912751219493, 'validation_fraction': 0.5871852419167999, 'beta_1': 0.6617755164302348, 'beta_2': 0.9957523496431425, 'epsilon': 2.0243642420755725e-07}
observation time 0.001940, current best -0.912088 at iter 5
suggestion time taken 0.006953 iter 6 next_points [{'hidden_layer_sizes': 84, 'alpha': 1.6599820456944134, 'batch_size': 48, 'learning_rate_init': 0.06246163402940679, 'tol': 0.031036912751219493, 'validation_fraction': 0.1860108438993199, 'beta_1': 0.6617755164302348, 'beta_2': 0.9957523496431425, 'epsilon': 2.0243642420755725e-07}]
function_evaluation time 0.150315 value -0.898901 suggestion {'hidden_layer_sizes': 84, 'alpha': 1.6599820456944134, 'batch_size': 48, 'learning_rate_init': 0.06246163402940679, 'tol': 0.031036912751219493, 'validation_fraction': 0.1860108438993199, 'beta_1': 0.6617755164302348, 'beta_2': 0.9957523496431425, 'epsilon': 2.0243642420755725e-07}
observation time 0.001915, current best -0.912088 at iter 6
suggestion time taken 0.007090 iter 7 next_points [{'hidden_layer_sizes': 90, 'alpha': 3.2445820889188313, 'batch_size': 90, 'learning_rate_init': 0.06246163402940679, 'tol': 0.031036912751219493, 'validation_fraction': 0.15972173173367324, 'beta_1': 0.6649100667484924, 'beta_2': 0.9957523496431425, 'epsilon': 1.6774515923575938e-07}]
function_evaluation time 0.139446 value -0.901099 suggestion {'hidden_layer_sizes': 90, 'alpha': 3.2445820889188313, 'batch_size': 90, 'learning_rate_init': 0.06246163402940679, 'tol': 0.031036912751219493, 'validation_fraction': 0.15972173173367324, 'beta_1': 0.6649100667484924, 'beta_2': 0.9957523496431425, 'epsilon': 1.6774515923575938e-07}
observation time 0.002074, current best -0.912088 at iter 7
suggestion time taken 0.007271 iter 8 next_points [{'hidden_layer_sizes': 84, 'alpha': 3.001006936497212, 'batch_size': 43, 'learning_rate_init': 0.06246163402940679, 'tol': 0.031957676781471926, 'validation_fraction': 0.1860108438993199, 'beta_1': 0.6617755164302348, 'beta_2': 0.9755692438433744, 'epsilon': 2.0243642420755725e-07}]
function_evaluation time 0.164900 value -0.898901 suggestion {'hidden_layer_sizes': 84, 'alpha': 3.001006936497212, 'batch_size': 43, 'learning_rate_init': 0.06246163402940679, 'tol': 0.031957676781471926, 'validation_fraction': 0.1860108438993199, 'beta_1': 0.6617755164302348, 'beta_2': 0.9755692438433744, 'epsilon': 2.0243642420755725e-07}
observation time 0.001921, current best -0.912088 at iter 8
suggestion time taken 0.007144 iter 9 next_points [{'hidden_layer_sizes': 84, 'alpha': 3.2445820889188313, 'batch_size': 48, 'learning_rate_init': 0.06246163402940679, 'tol': 0.031036912751219493, 'validation_fraction': 0.1860108438993199, 'beta_1': 0.6617755164302348, 'beta_2': 0.9957523496431425, 'epsilon': 9.419678103367014e-07}]
function_evaluation time 0.163767 value -0.905495 suggestion {'hidden_layer_sizes': 84, 'alpha': 3.2445820889188313, 'batch_size': 48, 'learning_rate_init': 0.06246163402940679, 'tol': 0.031036912751219493, 'validation_fraction': 0.1860108438993199, 'beta_1': 0.6617755164302348, 'beta_2': 0.9957523496431425, 'epsilon': 9.419678103367014e-07}
observation time 0.002002, current best -0.912088 at iter 9
suggestion time taken 0.006996 iter 10 next_points [{'hidden_layer_sizes': 84, 'alpha': 3.2445820889188313, 'batch_size': 48, 'learning_rate_init': 0.06704559895574806, 'tol': 0.031036912751219493, 'validation_fraction': 0.1860108438993199, 'beta_1': 0.6617755164302348, 'beta_2': 0.9957523496431425, 'epsilon': 2.0243642420755725e-07}]
function_evaluation time 0.154453 value -0.912088 suggestion {'hidden_layer_sizes': 84, 'alpha': 3.2445820889188313, 'batch_size': 48, 'learning_rate_init': 0.06704559895574806, 'tol': 0.031036912751219493, 'validation_fraction': 0.1860108438993199, 'beta_1': 0.6617755164302348, 'beta_2': 0.9957523496431425, 'epsilon': 2.0243642420755725e-07}
observation time 0.001858, current best -0.912088 at iter 10
suggestion time taken 0.007334 iter 11 next_points [{'hidden_layer_sizes': 60, 'alpha': 3.2445820889188313, 'batch_size': 48, 'learning_rate_init': 0.06246163402940679, 'tol': 0.037849676950700566, 'validation_fraction': 0.12539744759021568, 'beta_1': 0.6737352976157627, 'beta_2': 0.9957523496431425, 'epsilon': 6.069426020158152e-08}]
function_evaluation time 0.149959 value -0.890110 suggestion {'hidden_layer_sizes': 60, 'alpha': 3.2445820889188313, 'batch_size': 48, 'learning_rate_init': 0.06246163402940679, 'tol': 0.037849676950700566, 'validation_fraction': 0.12539744759021568, 'beta_1': 0.6737352976157627, 'beta_2': 0.9957523496431425, 'epsilon': 6.069426020158152e-08}
observation time 0.002068, current best -0.912088 at iter 11
suggestion time taken 0.005203 iter 12 next_points [{'beta_1': 0.5799486483814013, 'alpha': 0.03335769884613476, 'epsilon': 6.52170197018288e-08, 'hidden_layer_sizes': 98, 'validation_fraction': 0.3893807444718891, 'tol': 0.06033430207628381, 'beta_2': 0.9022106823028294, 'batch_size': 47, 'learning_rate_init': 0.09777062026462706}]
function_evaluation time 0.198538 value -0.896703 suggestion {'beta_1': 0.5799486483814013, 'alpha': 0.03335769884613476, 'epsilon': 6.52170197018288e-08, 'hidden_layer_sizes': 98, 'validation_fraction': 0.3893807444718891, 'tol': 0.06033430207628381, 'beta_2': 0.9022106823028294, 'batch_size': 47, 'learning_rate_init': 0.09777062026462706}
observation time 0.001827, current best -0.912088 at iter 12
suggestion time taken 0.006029 iter 13 next_points [{'beta_1': 0.9102769437225038, 'alpha': 0.04513686361586904, 'epsilon': 1.0260311772137812e-09, 'hidden_layer_sizes': 114, 'validation_fraction': 0.5478989078295327, 'tol': 0.03719338604488314, 'beta_2': 0.9209193059360196, 'batch_size': 96, 'learning_rate_init': 0.08651548397834367}]
function_evaluation time 0.162291 value -0.854945 suggestion {'beta_1': 0.9102769437225038, 'alpha': 0.04513686361586904, 'epsilon': 1.0260311772137812e-09, 'hidden_layer_sizes': 114, 'validation_fraction': 0.5478989078295327, 'tol': 0.03719338604488314, 'beta_2': 0.9209193059360196, 'batch_size': 96, 'learning_rate_init': 0.08651548397834367}
observation time 0.001804, current best -0.912088 at iter 13
suggestion time taken 0.006854 iter 14 next_points [{'hidden_layer_sizes': 84, 'alpha': 3.2445820889188313, 'batch_size': 48, 'learning_rate_init': 0.06246163402940679, 'tol': 0.031036912751219493, 'validation_fraction': 0.2050177602101865, 'beta_1': 0.6617755164302348, 'beta_2': 0.9957523496431425, 'epsilon': 2.0243642420755725e-07}]
function_evaluation time 0.190043 value -0.914286 suggestion {'hidden_layer_sizes': 84, 'alpha': 3.2445820889188313, 'batch_size': 48, 'learning_rate_init': 0.06246163402940679, 'tol': 0.031036912751219493, 'validation_fraction': 0.2050177602101865, 'beta_1': 0.6617755164302348, 'beta_2': 0.9957523496431425, 'epsilon': 2.0243642420755725e-07}
observation time 0.002175, current best -0.914286 at iter 14
saving meta data: {'args': {'--uuid': '5d05079aa02a5757bd5076c113798ff2', '-db-root': '/home/ryedida/bbo_challenge_starter_kit/output', '--opt-root': '/home/ryedida/bbo_challenge_starter_kit/example_submissions', '--data-root': None, '--db': 'run_20230407_021241', '--opt': 'opentuner', '--data': 'breast', '--classifier': 'MLP-adam', '--metric': 'acc', '--calls': 15, '--suggestions': 1, '--jobs-file': None, '--verbose': False, 'dry_run': False, 'rev': 'a376313', 'opt_rev': '0.8.8'}, 'signature': ([{'alpha': 0.019628224813442792, 'batch_size': 182, 'beta_1': 0.9410202200271762, 'beta_2': 0.9998021557676793, 'epsilon': 1.8662266976518e-08, 'hidden_layer_sizes': 147, 'learning_rate_init': 0.0005627932047415167, 'tol': 0.03690557729213761, 'validation_fraction': 0.8846827852548593}, {'alpha': 0.0019982467392329444, 'batch_size': 200, 'beta_1': 0.919111482530466, 'beta_2': 0.9998488260436156, 'epsilon': 5.981221901152555e-07, 'hidden_layer_sizes': 61, 'learning_rate_init': 2.2310905607443014e-05, 'tol': 1.2046852412030316e-05, 'validation_fraction': 0.8117896445826539}, {'alpha': 0.46659545670218433, 'batch_size': 219, 'beta_1': 0.9889789783750891, 'beta_2': 0.9999896868093284, 'epsilon': 2.4234724484675948e-08, 'hidden_layer_sizes': 167, 'learning_rate_init': 2.972334644335654e-05, 'tol': 0.0036281404040243792, 'validation_fraction': 0.17260651658522078}, {'alpha': 4.656005689076002, 'batch_size': 135, 'beta_1': 0.870503881627747, 'beta_2': 0.9948873266941017, 'epsilon': 2.1023308743480125e-07, 'hidden_layer_sizes': 118, 'learning_rate_init': 0.0018781738757161913, 'tol': 1.1889379831773004e-05, 'validation_fraction': 0.6264327093752792}, {'alpha': 0.04705159350400542, 'batch_size': 158, 'beta_1': 0.9870884262730957, 'beta_2': 0.9999596874382349, 'epsilon': 1.1981845126013875e-08, 'hidden_layer_sizes': 116, 'learning_rate_init': 0.00617340520407431, 'tol': 1.741413418158619e-05, 'validation_fraction': 0.6754299026638921}], [-0.676923076923077, -0.567032967032967, -0.545054945054945, -0.7824175824175824, -0.843956043956044])}
saving results
saving timing
saving suggest log
done
