running: {'--uuid': '820950878df65e6e8f071cad2cb62772', '-db-root': '/home/ryedida/bbo_challenge_starter_kit/output', '--opt-root': '/home/ryedida/bbo_challenge_starter_kit/example_submissions', '--data-root': None, '--db': 'run_20230430_194925', '--opt': 'opentuner', '--data': 'wine', '--classifier': 'MLP-adam', '--metric': 'nll', '--calls': 15, '--suggestions': 1, '--jobs-file': None, '--verbose': False, 'dry_run': False, 'rev': 'a376313', 'opt_rev': '0.8.8'}
cmd: python opentuner/optimizer.py -c MLP-adam -d wine -o opentuner -u 820950878df65e6e8f071cad2cb62772 -m nll -n 15 -p 1 -dir /home/ryedida/bbo_challenge_starter_kit/output -b run_20230430_194925
/home/ryedida/.local/lib/python3.9/site-packages/sklearn/neural_network/_multilayer_perceptron.py:605: UserWarning: Got `batch_size` less than 1 or larger than sample size. It is going to be clipped
  warnings.warn(

/home/ryedida/.local/lib/python3.9/site-packages/sklearn/neural_network/_multilayer_perceptron.py:605: UserWarning: Got `batch_size` less than 1 or larger than sample size. It is going to be clipped
  warnings.warn(

/home/ryedida/.local/lib/python3.9/site-packages/sklearn/neural_network/_multilayer_perceptron.py:605: UserWarning: Got `batch_size` less than 1 or larger than sample size. It is going to be clipped
  warnings.warn(

/home/ryedida/.local/lib/python3.9/site-packages/sklearn/neural_network/_multilayer_perceptron.py:605: UserWarning: Got `batch_size` less than 1 or larger than sample size. It is going to be clipped
  warnings.warn(

/home/ryedida/.local/lib/python3.9/site-packages/sklearn/neural_network/_multilayer_perceptron.py:605: UserWarning: Got `batch_size` less than 1 or larger than sample size. It is going to be clipped
  warnings.warn(

computed signature: ([{'alpha': 0.019628224813442792, 'batch_size': 182, 'beta_1': 0.9410202200271762, 'beta_2': 0.9998021557676793, 'epsilon': 1.8662266976518e-08, 'hidden_layer_sizes': 147, 'learning_rate_init': 0.0005627932047415167, 'tol': 0.03690557729213761, 'validation_fraction': 0.8846827852548593}, {'alpha': 0.0019982467392329444, 'batch_size': 200, 'beta_1': 0.919111482530466, 'beta_2': 0.9998488260436156, 'epsilon': 5.981221901152555e-07, 'hidden_layer_sizes': 61, 'learning_rate_init': 2.2310905607443014e-05, 'tol': 1.2046852412030316e-05, 'validation_fraction': 0.8117896445826539}, {'alpha': 0.46659545670218433, 'batch_size': 219, 'beta_1': 0.9889789783750891, 'beta_2': 0.9999896868093284, 'epsilon': 2.4234724484675948e-08, 'hidden_layer_sizes': 167, 'learning_rate_init': 2.972334644335654e-05, 'tol': 0.0036281404040243792, 'validation_fraction': 0.17260651658522078}, {'alpha': 4.656005689076002, 'batch_size': 135, 'beta_1': 0.870503881627747, 'beta_2': 0.9948873266941017, 'epsilon': 2.1023308743480125e-07, 'hidden_layer_sizes': 118, 'learning_rate_init': 0.0018781738757161913, 'tol': 1.1889379831773004e-05, 'validation_fraction': 0.6264327093752792}, {'alpha': 0.04705159350400542, 'batch_size': 158, 'beta_1': 0.9870884262730957, 'beta_2': 0.9999596874382349, 'epsilon': 1.1981845126013875e-08, 'hidden_layer_sizes': 116, 'learning_rate_init': 0.00617340520407431, 'tol': 1.741413418158619e-05, 'validation_fraction': 0.6754299026638921}], [16.063962273407764, 23.274250254613083, 19.80193088400322, 3.463918210725012, 15.210579700922176])
/home/ryedida/.local/lib/python3.9/site-packages/bayesmark/signatures.py:85: RuntimeWarning: Signature diverged on MLP-adam_wine_nll betwen [15.51998549 22.35390307 19.16402613  3.37792524 14.64310022] and [16.06396227 23.27425025 19.80193088  3.46391821 15.2105797 ]
  warnings.warn(

Signature errors:
                          0         1         2         3         4       max
MLP-adam_wine_nll  0.543977  0.920347  0.637905  0.085993  0.567479  0.920347
max                0.543977  0.920347  0.637905  0.085993  0.567479  0.920347
starting sklearn study opentuner MLP-adam wine nll 15 1
with data root: None
suggestion time taken 0.056366 iter 0 next_points [{'hidden_layer_sizes': 145, 'alpha': 1.6811557229722194, 'batch_size': 201, 'learning_rate_init': 0.02481864304343089, 'tol': 0.08690608444567853, 'validation_fraction': 0.13235119453301813, 'beta_1': 0.6099698561470073, 'beta_2': 0.9857816796001129, 'epsilon': 2.027476481430691e-07}]
/home/ryedida/.local/lib/python3.9/site-packages/sklearn/neural_network/_multilayer_perceptron.py:605: UserWarning: Got `batch_size` less than 1 or larger than sample size. It is going to be clipped
  warnings.warn(

function_evaluation time 0.071652 value 18.557967 suggestion {'hidden_layer_sizes': 145, 'alpha': 1.6811557229722194, 'batch_size': 201, 'learning_rate_init': 0.02481864304343089, 'tol': 0.08690608444567853, 'validation_fraction': 0.13235119453301813, 'beta_1': 0.6099698561470073, 'beta_2': 0.9857816796001129, 'epsilon': 2.027476481430691e-07}
observation time 0.004290, current best 18.557967 at iter 0
suggestion time taken 0.007998 iter 1 next_points [{'hidden_layer_sizes': 154, 'alpha': 1.729344105145906, 'batch_size': 201, 'learning_rate_init': 0.02181284200315885, 'tol': 0.08690608444567853, 'validation_fraction': 0.13235119453301813, 'beta_1': 0.6099698561470073, 'beta_2': 0.9856609125983071, 'epsilon': 2.520292151924887e-07}]
/home/ryedida/.local/lib/python3.9/site-packages/sklearn/neural_network/_multilayer_perceptron.py:605: UserWarning: Got `batch_size` less than 1 or larger than sample size. It is going to be clipped
  warnings.warn(

function_evaluation time 0.085388 value 3.653762 suggestion {'hidden_layer_sizes': 154, 'alpha': 1.729344105145906, 'batch_size': 201, 'learning_rate_init': 0.02181284200315885, 'tol': 0.08690608444567853, 'validation_fraction': 0.13235119453301813, 'beta_1': 0.6099698561470073, 'beta_2': 0.9856609125983071, 'epsilon': 2.520292151924887e-07}
observation time 0.001893, current best 3.653762 at iter 1
suggestion time taken 0.021699 iter 2 next_points [{'hidden_layer_sizes': 117, 'learning_rate_init': 0.0735693196099431, 'validation_fraction': 0.17648600951258075, 'beta_1': 0.6384571631682889, 'alpha': 0.13252407358875623, 'beta_2': 0.9966024038292278, 'tol': 0.03162359541709175, 'epsilon': 7.300551221941964e-08, 'batch_size': 215}]
/home/ryedida/.local/lib/python3.9/site-packages/sklearn/neural_network/_multilayer_perceptron.py:605: UserWarning: Got `batch_size` less than 1 or larger than sample size. It is going to be clipped
  warnings.warn(

function_evaluation time 0.095296 value 7.836112 suggestion {'hidden_layer_sizes': 117, 'learning_rate_init': 0.0735693196099431, 'validation_fraction': 0.17648600951258075, 'beta_1': 0.6384571631682889, 'alpha': 0.13252407358875623, 'beta_2': 0.9966024038292278, 'tol': 0.03162359541709175, 'epsilon': 7.300551221941964e-08, 'batch_size': 215}
observation time 0.001858, current best 3.653762 at iter 2
suggestion time taken 0.006996 iter 3 next_points [{'hidden_layer_sizes': 154, 'alpha': 1.729344105145906, 'batch_size': 201, 'learning_rate_init': 0.02181284200315885, 'tol': 0.0546452597081814, 'validation_fraction': 0.13235119453301813, 'beta_1': 0.6099698561470073, 'beta_2': 0.9856609125983071, 'epsilon': 2.520292151924887e-07}]
/home/ryedida/.local/lib/python3.9/site-packages/sklearn/neural_network/_multilayer_perceptron.py:605: UserWarning: Got `batch_size` less than 1 or larger than sample size. It is going to be clipped
  warnings.warn(

function_evaluation time 0.082284 value 7.832301 suggestion {'hidden_layer_sizes': 154, 'alpha': 1.729344105145906, 'batch_size': 201, 'learning_rate_init': 0.02181284200315885, 'tol': 0.0546452597081814, 'validation_fraction': 0.13235119453301813, 'beta_1': 0.6099698561470073, 'beta_2': 0.9856609125983071, 'epsilon': 2.520292151924887e-07}
observation time 0.002074, current best 3.653762 at iter 3
suggestion time taken 0.005139 iter 4 next_points [{'hidden_layer_sizes': 96, 'alpha': 5.568836620157957, 'batch_size': 192, 'learning_rate_init': 0.08994113843019706, 'tol': 0.005477819972463594, 'validation_fraction': 0.1623200074222007, 'beta_1': 0.5216068302362373, 'beta_2': 0.9365153803272241, 'epsilon': 9.977276199951414e-07}]
/home/ryedida/.local/lib/python3.9/site-packages/sklearn/neural_network/_multilayer_perceptron.py:605: UserWarning: Got `batch_size` less than 1 or larger than sample size. It is going to be clipped
  warnings.warn(

function_evaluation time 0.090319 value 4.701129 suggestion {'hidden_layer_sizes': 96, 'alpha': 5.568836620157957, 'batch_size': 192, 'learning_rate_init': 0.08994113843019706, 'tol': 0.005477819972463594, 'validation_fraction': 0.1623200074222007, 'beta_1': 0.5216068302362373, 'beta_2': 0.9365153803272241, 'epsilon': 9.977276199951414e-07}
observation time 0.001881, current best 3.653762 at iter 4
suggestion time taken 0.007038 iter 5 next_points [{'hidden_layer_sizes': 154, 'alpha': 2.477556907702983, 'batch_size': 201, 'learning_rate_init': 0.02181284200315885, 'tol': 0.08690608444567853, 'validation_fraction': 0.16407463403379519, 'beta_1': 0.5611448041611744, 'beta_2': 0.9679969043858738, 'epsilon': 2.520292151924887e-07}]
/home/ryedida/.local/lib/python3.9/site-packages/sklearn/neural_network/_multilayer_perceptron.py:605: UserWarning: Got `batch_size` less than 1 or larger than sample size. It is going to be clipped
  warnings.warn(

function_evaluation time 0.080197 value 9.780699 suggestion {'hidden_layer_sizes': 154, 'alpha': 2.477556907702983, 'batch_size': 201, 'learning_rate_init': 0.02181284200315885, 'tol': 0.08690608444567853, 'validation_fraction': 0.16407463403379519, 'beta_1': 0.5611448041611744, 'beta_2': 0.9679969043858738, 'epsilon': 2.520292151924887e-07}
observation time 0.002136, current best 3.653762 at iter 5
suggestion time taken 0.007310 iter 6 next_points [{'hidden_layer_sizes': 159, 'alpha': 1.729344105145906, 'batch_size': 201, 'learning_rate_init': 0.02181284200315885, 'tol': 0.06886589666877578, 'validation_fraction': 0.13235119453301813, 'beta_1': 0.6446338719885554, 'beta_2': 0.9856609125983071, 'epsilon': 2.520292151924887e-07}]
/home/ryedida/.local/lib/python3.9/site-packages/sklearn/neural_network/_multilayer_perceptron.py:605: UserWarning: Got `batch_size` less than 1 or larger than sample size. It is going to be clipped
  warnings.warn(

function_evaluation time 0.080134 value 14.604133 suggestion {'hidden_layer_sizes': 159, 'alpha': 1.729344105145906, 'batch_size': 201, 'learning_rate_init': 0.02181284200315885, 'tol': 0.06886589666877578, 'validation_fraction': 0.13235119453301813, 'beta_1': 0.6446338719885554, 'beta_2': 0.9856609125983071, 'epsilon': 2.520292151924887e-07}
observation time 0.001863, current best 3.653762 at iter 6
suggestion time taken 0.005214 iter 7 next_points [{'hidden_layer_sizes': 50, 'alpha': 4.1461672026113465, 'batch_size': 201, 'learning_rate_init': 0.003875858164079805, 'tol': 0.026635291046956656, 'validation_fraction': 0.545041179333537, 'beta_1': 0.7484549895030154, 'beta_2': 0.9777669820692686, 'epsilon': 3.6495406977085545e-07}]
/home/ryedida/.local/lib/python3.9/site-packages/sklearn/neural_network/_multilayer_perceptron.py:605: UserWarning: Got `batch_size` less than 1 or larger than sample size. It is going to be clipped
  warnings.warn(

function_evaluation time 0.060387 value 13.397438 suggestion {'hidden_layer_sizes': 50, 'alpha': 4.1461672026113465, 'batch_size': 201, 'learning_rate_init': 0.003875858164079805, 'tol': 0.026635291046956656, 'validation_fraction': 0.545041179333537, 'beta_1': 0.7484549895030154, 'beta_2': 0.9777669820692686, 'epsilon': 3.6495406977085545e-07}
observation time 0.001890, current best 3.653762 at iter 7
suggestion time taken 0.005161 iter 8 next_points [{'hidden_layer_sizes': 136, 'alpha': 8.126192832549089, 'batch_size': 182, 'learning_rate_init': 0.05248003268178197, 'tol': 0.08627525132870965, 'validation_fraction': 0.8082570900350484, 'beta_1': 0.6085820165223146, 'beta_2': 0.9036891970509044, 'epsilon': 8.013784219834386e-07}]
/home/ryedida/.local/lib/python3.9/site-packages/sklearn/neural_network/_multilayer_perceptron.py:605: UserWarning: Got `batch_size` less than 1 or larger than sample size. It is going to be clipped
  warnings.warn(

function_evaluation time 0.061643 value 9.679331 suggestion {'hidden_layer_sizes': 136, 'alpha': 8.126192832549089, 'batch_size': 182, 'learning_rate_init': 0.05248003268178197, 'tol': 0.08627525132870965, 'validation_fraction': 0.8082570900350484, 'beta_1': 0.6085820165223146, 'beta_2': 0.9036891970509044, 'epsilon': 8.013784219834386e-07}
observation time 0.002043, current best 3.653762 at iter 8
suggestion time taken 0.006794 iter 9 next_points [{'hidden_layer_sizes': 154, 'alpha': 1.729344105145906, 'batch_size': 185, 'learning_rate_init': 0.02181284200315885, 'tol': 0.08690608444567853, 'validation_fraction': 0.13235119453301813, 'beta_1': 0.6647564532732959, 'beta_2': 0.9848769527695753, 'epsilon': 2.520292151924887e-07}]
/home/ryedida/.local/lib/python3.9/site-packages/sklearn/neural_network/_multilayer_perceptron.py:605: UserWarning: Got `batch_size` less than 1 or larger than sample size. It is going to be clipped
  warnings.warn(

function_evaluation time 0.077655 value 6.910516 suggestion {'hidden_layer_sizes': 154, 'alpha': 1.729344105145906, 'batch_size': 185, 'learning_rate_init': 0.02181284200315885, 'tol': 0.08690608444567853, 'validation_fraction': 0.13235119453301813, 'beta_1': 0.6647564532732959, 'beta_2': 0.9848769527695753, 'epsilon': 2.520292151924887e-07}
observation time 0.001888, current best 3.653762 at iter 9
suggestion time taken 0.005210 iter 10 next_points [{'hidden_layer_sizes': 180, 'alpha': 2.2559961595885123, 'batch_size': 233, 'learning_rate_init': 0.016555922615788022, 'tol': 0.09949518421883667, 'validation_fraction': 0.3065476117233697, 'beta_1': 0.774531226559616, 'beta_2': 0.9121430155711672, 'epsilon': 6.610570993434328e-08}]
/home/ryedida/.local/lib/python3.9/site-packages/sklearn/neural_network/_multilayer_perceptron.py:605: UserWarning: Got `batch_size` less than 1 or larger than sample size. It is going to be clipped
  warnings.warn(

function_evaluation time 0.078308 value 8.911806 suggestion {'hidden_layer_sizes': 180, 'alpha': 2.2559961595885123, 'batch_size': 233, 'learning_rate_init': 0.016555922615788022, 'tol': 0.09949518421883667, 'validation_fraction': 0.3065476117233697, 'beta_1': 0.774531226559616, 'beta_2': 0.9121430155711672, 'epsilon': 6.610570993434328e-08}
observation time 0.001855, current best 3.653762 at iter 10
suggestion time taken 0.008425 iter 11 next_points [{'hidden_layer_sizes': 154, 'alpha': 1.729344105145906, 'batch_size': 201, 'learning_rate_init': 0.02625254226706779, 'tol': 0.08690608444567853, 'validation_fraction': 0.13235119453301813, 'beta_1': 0.6099698561470073, 'beta_2': 0.9856609125983071, 'epsilon': 2.520292151924887e-07}]
/home/ryedida/.local/lib/python3.9/site-packages/sklearn/neural_network/_multilayer_perceptron.py:605: UserWarning: Got `batch_size` less than 1 or larger than sample size. It is going to be clipped
  warnings.warn(

function_evaluation time 0.070475 value 15.275011 suggestion {'hidden_layer_sizes': 154, 'alpha': 1.729344105145906, 'batch_size': 201, 'learning_rate_init': 0.02625254226706779, 'tol': 0.08690608444567853, 'validation_fraction': 0.13235119453301813, 'beta_1': 0.6099698561470073, 'beta_2': 0.9856609125983071, 'epsilon': 2.520292151924887e-07}
observation time 0.001880, current best 3.653762 at iter 11
suggestion time taken 0.006497 iter 12 next_points [{'hidden_layer_sizes': 110, 'learning_rate_init': 0.07818035944731443, 'validation_fraction': 0.40464629341165026, 'beta_1': 0.5670226409444684, 'alpha': 8.08595550706846, 'beta_2': 0.9421542822647726, 'tol': 0.049261120390377826, 'epsilon': 3.4885721858554555e-07, 'batch_size': 242}]
/home/ryedida/.local/lib/python3.9/site-packages/sklearn/neural_network/_multilayer_perceptron.py:605: UserWarning: Got `batch_size` less than 1 or larger than sample size. It is going to be clipped
  warnings.warn(

function_evaluation time 0.082835 value 5.721265 suggestion {'hidden_layer_sizes': 110, 'learning_rate_init': 0.07818035944731443, 'validation_fraction': 0.40464629341165026, 'beta_1': 0.5670226409444684, 'alpha': 8.08595550706846, 'beta_2': 0.9421542822647726, 'tol': 0.049261120390377826, 'epsilon': 3.4885721858554555e-07, 'batch_size': 242}
observation time 0.001901, current best 3.653762 at iter 12
suggestion time taken 0.006976 iter 13 next_points [{'hidden_layer_sizes': 154, 'alpha': 1.729344105145906, 'batch_size': 201, 'learning_rate_init': 0.02181284200315885, 'tol': 0.08690608444567853, 'validation_fraction': 0.8070628272797465, 'beta_1': 0.6099698561470073, 'beta_2': 0.9856609125983071, 'epsilon': 2.520292151924887e-07}]
/home/ryedida/.local/lib/python3.9/site-packages/sklearn/neural_network/_multilayer_perceptron.py:605: UserWarning: Got `batch_size` less than 1 or larger than sample size. It is going to be clipped
  warnings.warn(

function_evaluation time 0.081081 value 4.936285 suggestion {'hidden_layer_sizes': 154, 'alpha': 1.729344105145906, 'batch_size': 201, 'learning_rate_init': 0.02181284200315885, 'tol': 0.08690608444567853, 'validation_fraction': 0.8070628272797465, 'beta_1': 0.6099698561470073, 'beta_2': 0.9856609125983071, 'epsilon': 2.520292151924887e-07}
observation time 0.001863, current best 3.653762 at iter 13
suggestion time taken 0.005203 iter 14 next_points [{'hidden_layer_sizes': 135, 'alpha': 3.54567911149817, 'batch_size': 235, 'learning_rate_init': 0.052675410562109386, 'tol': 0.09724910720671225, 'validation_fraction': 0.5549558642038736, 'beta_1': 0.9659901704821294, 'beta_2': 0.9194452307072636, 'epsilon': 2.692750290805558e-07}]
/home/ryedida/.local/lib/python3.9/site-packages/sklearn/neural_network/_multilayer_perceptron.py:605: UserWarning: Got `batch_size` less than 1 or larger than sample size. It is going to be clipped
  warnings.warn(

function_evaluation time 0.071709 value 13.381150 suggestion {'hidden_layer_sizes': 135, 'alpha': 3.54567911149817, 'batch_size': 235, 'learning_rate_init': 0.052675410562109386, 'tol': 0.09724910720671225, 'validation_fraction': 0.5549558642038736, 'beta_1': 0.9659901704821294, 'beta_2': 0.9194452307072636, 'epsilon': 2.692750290805558e-07}
observation time 0.001906, current best 3.653762 at iter 14
saving meta data: {'args': {'--uuid': '820950878df65e6e8f071cad2cb62772', '-db-root': '/home/ryedida/bbo_challenge_starter_kit/output', '--opt-root': '/home/ryedida/bbo_challenge_starter_kit/example_submissions', '--data-root': None, '--db': 'run_20230430_194925', '--opt': 'opentuner', '--data': 'wine', '--classifier': 'MLP-adam', '--metric': 'nll', '--calls': 15, '--suggestions': 1, '--jobs-file': None, '--verbose': False, 'dry_run': False, 'rev': 'a376313', 'opt_rev': '0.8.8'}, 'signature': ([{'alpha': 0.019628224813442792, 'batch_size': 182, 'beta_1': 0.9410202200271762, 'beta_2': 0.9998021557676793, 'epsilon': 1.8662266976518e-08, 'hidden_layer_sizes': 147, 'learning_rate_init': 0.0005627932047415167, 'tol': 0.03690557729213761, 'validation_fraction': 0.8846827852548593}, {'alpha': 0.0019982467392329444, 'batch_size': 200, 'beta_1': 0.919111482530466, 'beta_2': 0.9998488260436156, 'epsilon': 5.981221901152555e-07, 'hidden_layer_sizes': 61, 'learning_rate_init': 2.2310905607443014e-05, 'tol': 1.2046852412030316e-05, 'validation_fraction': 0.8117896445826539}, {'alpha': 0.46659545670218433, 'batch_size': 219, 'beta_1': 0.9889789783750891, 'beta_2': 0.9999896868093284, 'epsilon': 2.4234724484675948e-08, 'hidden_layer_sizes': 167, 'learning_rate_init': 2.972334644335654e-05, 'tol': 0.0036281404040243792, 'validation_fraction': 0.17260651658522078}, {'alpha': 4.656005689076002, 'batch_size': 135, 'beta_1': 0.870503881627747, 'beta_2': 0.9948873266941017, 'epsilon': 2.1023308743480125e-07, 'hidden_layer_sizes': 118, 'learning_rate_init': 0.0018781738757161913, 'tol': 1.1889379831773004e-05, 'validation_fraction': 0.6264327093752792}, {'alpha': 0.04705159350400542, 'batch_size': 158, 'beta_1': 0.9870884262730957, 'beta_2': 0.9999596874382349, 'epsilon': 1.1981845126013875e-08, 'hidden_layer_sizes': 116, 'learning_rate_init': 0.00617340520407431, 'tol': 1.741413418158619e-05, 'validation_fraction': 0.6754299026638921}], [16.063962273407764, 23.274250254613083, 19.80193088400322, 3.463918210725012, 15.210579700922176])}
saving results
saving timing
saving suggest log
done
