running: {'--uuid': '1e747543622f5f6d882322c477f7dae8', '-db-root': '/home/ryedida/bbo_challenge_starter_kit/output', '--opt-root': '/home/ryedida/bbo_challenge_starter_kit/example_submissions', '--data-root': None, '--db': 'run_20230430_001614', '--opt': 'turbo', '--data': 'digits', '--classifier': 'MLP-adam', '--metric': 'nll', '--calls': 15, '--suggestions': 1, '--jobs-file': None, '--verbose': False, 'dry_run': False, 'rev': 'a376313', 'opt_rev': '0.0.1'}
cmd: python turbo/optimizer.py -c MLP-adam -d digits -o turbo -u 1e747543622f5f6d882322c477f7dae8 -m nll -n 15 -p 1 -dir /home/ryedida/bbo_challenge_starter_kit/output -b run_20230430_001614
/home/ryedida/.local/lib/python3.9/site-packages/sklearn/neural_network/_multilayer_perceptron.py:605: UserWarning: Got `batch_size` less than 1 or larger than sample size. It is going to be clipped
  warnings.warn(

/home/ryedida/.local/lib/python3.9/site-packages/sklearn/neural_network/_multilayer_perceptron.py:686: ConvergenceWarning: Stochastic Optimizer: Maximum iterations (200) reached and the optimization hasn't converged yet.
  warnings.warn(

computed signature: ([{'alpha': 0.019628224813442792, 'batch_size': 182, 'beta_1': 0.9410202200271762, 'beta_2': 0.9998021557676793, 'epsilon': 1.8662266976518e-08, 'hidden_layer_sizes': 147, 'learning_rate_init': 0.0005627932047415167, 'tol': 0.03690557729213761, 'validation_fraction': 0.8846827852548593}, {'alpha': 0.0019982467392329444, 'batch_size': 200, 'beta_1': 0.919111482530466, 'beta_2': 0.9998488260436156, 'epsilon': 5.981221901152555e-07, 'hidden_layer_sizes': 61, 'learning_rate_init': 2.2310905607443014e-05, 'tol': 1.2046852412030316e-05, 'validation_fraction': 0.8117896445826539}, {'alpha': 0.46659545670218433, 'batch_size': 219, 'beta_1': 0.9889789783750891, 'beta_2': 0.9999896868093284, 'epsilon': 2.4234724484675948e-08, 'hidden_layer_sizes': 167, 'learning_rate_init': 2.972334644335654e-05, 'tol': 0.0036281404040243792, 'validation_fraction': 0.17260651658522078}, {'alpha': 4.656005689076002, 'batch_size': 135, 'beta_1': 0.870503881627747, 'beta_2': 0.9948873266941017, 'epsilon': 2.1023308743480125e-07, 'hidden_layer_sizes': 118, 'learning_rate_init': 0.0018781738757161913, 'tol': 1.1889379831773004e-05, 'validation_fraction': 0.6264327093752792}, {'alpha': 0.04705159350400542, 'batch_size': 158, 'beta_1': 0.9870884262730957, 'beta_2': 0.9999596874382349, 'epsilon': 1.1981845126013875e-08, 'hidden_layer_sizes': 116, 'learning_rate_init': 0.00617340520407431, 'tol': 1.741413418158619e-05, 'validation_fraction': 0.6754299026638921}], [4.8709522768835765, 9.712622772033223, 5.950791832993735, 0.19438427080405424, 0.251902166999456])
/home/ryedida/.local/lib/python3.9/site-packages/bayesmark/signatures.py:85: RuntimeWarning: Signature diverged on MLP-adam_digits_nll betwen [4.71022664 9.71262277 5.92543888 0.18972466 0.25190217] and [ 4.87095228 10.02890359  5.95079183  0.19438427  0.26094505]
  warnings.warn(

Signature errors:
                            0         1         2        3         4       max
MLP-adam_digits_nll  0.160726  0.316281  0.025353  0.00466  0.009043  0.316281
max                  0.160726  0.316281  0.025353  0.00466  0.009043  0.316281
starting sklearn study turbo MLP-adam digits nll 15 1
with data root: None
suggestion time taken 0.002216 iter 0 next_points [{'alpha': 6.950784815691566, 'batch_size': 166, 'beta_1': 0.9872255191289184, 'beta_2': 0.9971648927654878, 'epsilon': 2.8537674144910917e-07, 'hidden_layer_sizes': 78, 'learning_rate_init': 0.0019199644759844848, 'tol': 0.00013928627377209356, 'validation_fraction': 0.116508560456582}]
function_evaluation time 0.875194 value 0.221261 suggestion {'alpha': 6.950784815691566, 'batch_size': 166, 'beta_1': 0.9872255191289184, 'beta_2': 0.9971648927654878, 'epsilon': 2.8537674144910917e-07, 'hidden_layer_sizes': 78, 'learning_rate_init': 0.0019199644759844848, 'tol': 0.00013928627377209356, 'validation_fraction': 0.116508560456582}
observation time 0.001410, current best 0.221261 at iter 0
suggestion time taken 0.001756 iter 1 next_points [{'alpha': 3.906895980405773e-05, 'batch_size': 208, 'beta_1': 0.5911435646820359, 'beta_2': 0.993718868829621, 'epsilon': 3.9789948832709843e-07, 'hidden_layer_sizes': 116, 'learning_rate_init': 0.08777973883799974, 'tol': 0.008522262072137047, 'validation_fraction': 0.30859260072207395}]
function_evaluation time 0.512919 value 1.278268 suggestion {'alpha': 3.906895980405773e-05, 'batch_size': 208, 'beta_1': 0.5911435646820359, 'beta_2': 0.993718868829621, 'epsilon': 3.9789948832709843e-07, 'hidden_layer_sizes': 116, 'learning_rate_init': 0.08777973883799974, 'tol': 0.008522262072137047, 'validation_fraction': 0.30859260072207395}
observation time 0.001432, current best 0.221261 at iter 1
suggestion time taken 0.001725 iter 2 next_points [{'alpha': 0.0009041021510148356, 'batch_size': 61, 'beta_1': 0.7265713634980823, 'beta_2': 0.9991792131174059, 'epsilon': 3.3268946525156015e-09, 'hidden_layer_sizes': 143, 'learning_rate_init': 0.039862493464204965, 'tol': 4.6613057413666516e-05, 'validation_fraction': 0.7740673899591055}]
function_evaluation time 0.685813 value 0.338471 suggestion {'alpha': 0.0009041021510148356, 'batch_size': 61, 'beta_1': 0.7265713634980823, 'beta_2': 0.9991792131174059, 'epsilon': 3.3268946525156015e-09, 'hidden_layer_sizes': 143, 'learning_rate_init': 0.039862493464204965, 'tol': 4.6613057413666516e-05, 'validation_fraction': 0.7740673899591055}
observation time 0.001402, current best 0.221261 at iter 2
suggestion time taken 0.001707 iter 3 next_points [{'alpha': 1.444805914444849, 'batch_size': 228, 'beta_1': 0.9657249283962468, 'beta_2': 0.9999693211526507, 'epsilon': 5.767036111915919e-08, 'hidden_layer_sizes': 105, 'learning_rate_init': 1.4683008605236944e-05, 'tol': 0.02301795861417616, 'validation_fraction': 0.2996814791735776}]
function_evaluation time 0.299951 value 9.711252 suggestion {'alpha': 1.444805914444849, 'batch_size': 228, 'beta_1': 0.9657249283962468, 'beta_2': 0.9999693211526507, 'epsilon': 5.767036111915919e-08, 'hidden_layer_sizes': 105, 'learning_rate_init': 1.4683008605236944e-05, 'tol': 0.02301795861417616, 'validation_fraction': 0.2996814791735776}
observation time 0.001383, current best 0.221261 at iter 3
suggestion time taken 0.001734 iter 4 next_points [{'alpha': 2.425513868293681, 'batch_size': 26, 'beta_1': 0.8805167625073042, 'beta_2': 0.9205851955082708, 'epsilon': 1.665298815873568e-08, 'hidden_layer_sizes': 186, 'learning_rate_init': 0.00048728028286783705, 'tol': 0.0010258409187740996, 'validation_fraction': 0.6807891899579076}]
function_evaluation time 1.929563 value 0.216937 suggestion {'alpha': 2.425513868293681, 'batch_size': 26, 'beta_1': 0.8805167625073042, 'beta_2': 0.9205851955082708, 'epsilon': 1.665298815873568e-08, 'hidden_layer_sizes': 186, 'learning_rate_init': 0.00048728028286783705, 'tol': 0.0010258409187740996, 'validation_fraction': 0.6807891899579076}
observation time 0.001576, current best 0.216937 at iter 4
suggestion time taken 0.001781 iter 5 next_points [{'alpha': 0.009689673529196913, 'batch_size': 37, 'beta_1': 0.8724673209143935, 'beta_2': 0.9999844665833908, 'epsilon': 1.1977843802292736e-09, 'hidden_layer_sizes': 180, 'learning_rate_init': 0.0011838070179050933, 'tol': 0.0007632870237157462, 'validation_fraction': 0.8476401883353972}]
function_evaluation time 1.907922 value 0.360737 suggestion {'alpha': 0.009689673529196913, 'batch_size': 37, 'beta_1': 0.8724673209143935, 'beta_2': 0.9999844665833908, 'epsilon': 1.1977843802292736e-09, 'hidden_layer_sizes': 180, 'learning_rate_init': 0.0011838070179050933, 'tol': 0.0007632870237157462, 'validation_fraction': 0.8476401883353972}
observation time 0.001381, current best 0.216937 at iter 5
suggestion time taken 0.002008 iter 6 next_points [{'alpha': 0.0033636121447587542, 'batch_size': 138, 'beta_1': 0.5069015345504884, 'beta_2': 0.999994257222479, 'epsilon': 4.2355876514904035e-08, 'hidden_layer_sizes': 65, 'learning_rate_init': 0.004544507128206791, 'tol': 8.575001112362392e-05, 'validation_fraction': 0.3607135824587462}]
function_evaluation time 1.039534 value 0.135684 suggestion {'alpha': 0.0033636121447587542, 'batch_size': 138, 'beta_1': 0.5069015345504884, 'beta_2': 0.999994257222479, 'epsilon': 4.2355876514904035e-08, 'hidden_layer_sizes': 65, 'learning_rate_init': 0.004544507128206791, 'tol': 8.575001112362392e-05, 'validation_fraction': 0.3607135824587462}
observation time 0.001380, current best 0.135684 at iter 6
suggestion time taken 0.001745 iter 7 next_points [{'alpha': 0.059041344715928305, 'batch_size': 131, 'beta_1': 0.989343492850633, 'beta_2': 0.9610980148974325, 'epsilon': 6.979953339136859e-09, 'hidden_layer_sizes': 71, 'learning_rate_init': 0.008592980544943809, 'tol': 0.0037241438038070115, 'validation_fraction': 0.7264790320754748}]
function_evaluation time 0.493628 value 0.466582 suggestion {'alpha': 0.059041344715928305, 'batch_size': 131, 'beta_1': 0.989343492850633, 'beta_2': 0.9610980148974325, 'epsilon': 6.979953339136859e-09, 'hidden_layer_sizes': 71, 'learning_rate_init': 0.008592980544943809, 'tol': 0.0037241438038070115, 'validation_fraction': 0.7264790320754748}
observation time 0.001342, current best 0.135684 at iter 7
suggestion time taken 0.001767 iter 8 next_points [{'alpha': 0.027737486655777358, 'batch_size': 221, 'beta_1': 0.924309297321324, 'beta_2': 0.9999984399284125, 'epsilon': 4.519898133247065e-09, 'hidden_layer_sizes': 195, 'learning_rate_init': 0.010240108419258678, 'tol': 0.0020768920234592084, 'validation_fraction': 0.7911357324121117}]
function_evaluation time 0.608400 value 0.276101 suggestion {'alpha': 0.027737486655777358, 'batch_size': 221, 'beta_1': 0.924309297321324, 'beta_2': 0.9999984399284125, 'epsilon': 4.519898133247065e-09, 'hidden_layer_sizes': 195, 'learning_rate_init': 0.010240108419258678, 'tol': 0.0020768920234592084, 'validation_fraction': 0.7911357324121117}
observation time 0.001382, current best 0.135684 at iter 8
suggestion time taken 0.001744 iter 9 next_points [{'alpha': 0.0006655397034513318, 'batch_size': 102, 'beta_1': 0.8102869479157779, 'beta_2': 0.9785194208660879, 'epsilon': 1.9932269520225278e-07, 'hidden_layer_sizes': 56, 'learning_rate_init': 5.995301924624182e-05, 'tol': 0.04795517243750281, 'validation_fraction': 0.17313004088319967}]
function_evaluation time 0.344961 value 7.720148 suggestion {'alpha': 0.0006655397034513318, 'batch_size': 102, 'beta_1': 0.8102869479157779, 'beta_2': 0.9785194208660879, 'epsilon': 1.9932269520225278e-07, 'hidden_layer_sizes': 56, 'learning_rate_init': 5.995301924624182e-05, 'tol': 0.04795517243750281, 'validation_fraction': 0.17313004088319967}
observation time 0.001403, current best 0.135684 at iter 9
suggestion time taken 0.001763 iter 10 next_points [{'alpha': 0.002019952459765905, 'batch_size': 52, 'beta_1': 0.9816008646768488, 'beta_2': 0.999932033714372, 'epsilon': 1.3833962843419563e-07, 'hidden_layer_sizes': 128, 'learning_rate_init': 0.00042917051014378283, 'tol': 3.7690945644669185e-05, 'validation_fraction': 0.8883040698731673}]
function_evaluation time 1.552252 value 0.509816 suggestion {'alpha': 0.002019952459765905, 'batch_size': 52, 'beta_1': 0.9816008646768488, 'beta_2': 0.999932033714372, 'epsilon': 1.3833962843419563e-07, 'hidden_layer_sizes': 128, 'learning_rate_init': 0.00042917051014378283, 'tol': 3.7690945644669185e-05, 'validation_fraction': 0.8883040698731673}
observation time 0.001381, current best 0.135684 at iter 10
suggestion time taken 0.002011 iter 11 next_points [{'alpha': 1.3415589359358033e-05, 'batch_size': 123, 'beta_1': 0.974510469184674, 'beta_2': 0.9997923320264106, 'epsilon': 2.1105131561325853e-09, 'hidden_layer_sizes': 163, 'learning_rate_init': 0.00020575826230648163, 'tol': 0.06914769055484397, 'validation_fraction': 0.8515508572970051}]
function_evaluation time 0.208420 value 3.748533 suggestion {'alpha': 1.3415589359358033e-05, 'batch_size': 123, 'beta_1': 0.974510469184674, 'beta_2': 0.9997923320264106, 'epsilon': 2.1105131561325853e-09, 'hidden_layer_sizes': 163, 'learning_rate_init': 0.00020575826230648163, 'tol': 0.06914769055484397, 'validation_fraction': 0.8515508572970051}
observation time 0.001399, current best 0.135684 at iter 11
suggestion time taken 0.001708 iter 12 next_points [{'alpha': 0.0002340848572000968, 'batch_size': 82, 'beta_1': 0.904103752123305, 'beta_2': 0.9855629687382007, 'epsilon': 2.5620735048025448e-08, 'hidden_layer_sizes': 136, 'learning_rate_init': 3.05180969430323e-05, 'tol': 0.0004290649476965313, 'validation_fraction': 0.14843588032400937}]
function_evaluation time 5.573139 value 0.325905 suggestion {'alpha': 0.0002340848572000968, 'batch_size': 82, 'beta_1': 0.904103752123305, 'beta_2': 0.9855629687382007, 'epsilon': 2.5620735048025448e-08, 'hidden_layer_sizes': 136, 'learning_rate_init': 3.05180969430323e-05, 'tol': 0.0004290649476965313, 'validation_fraction': 0.14843588032400937}
observation time 0.001374, current best 0.135684 at iter 12
suggestion time taken 0.001738 iter 13 next_points [{'alpha': 0.00010934467508262813, 'batch_size': 181, 'beta_1': 0.7773913298742315, 'beta_2': 0.9999978191062401, 'epsilon': 1.4691833162870553e-09, 'hidden_layer_sizes': 112, 'learning_rate_init': 0.02661354619792265, 'tol': 1.7168320763259194e-05, 'validation_fraction': 0.6164440034806602}]
function_evaluation time 0.696560 value 0.219481 suggestion {'alpha': 0.00010934467508262813, 'batch_size': 181, 'beta_1': 0.7773913298742315, 'beta_2': 0.9999978191062401, 'epsilon': 1.4691833162870553e-09, 'hidden_layer_sizes': 112, 'learning_rate_init': 0.02661354619792265, 'tol': 1.7168320763259194e-05, 'validation_fraction': 0.6164440034806602}
observation time 0.001369, current best 0.135684 at iter 13
suggestion time taken 0.001750 iter 14 next_points [{'alpha': 0.5654541117034168, 'batch_size': 90, 'beta_1': 0.7243418158074401, 'beta_2': 0.9979781780490302, 'epsilon': 1.166906438328972e-08, 'hidden_layer_sizes': 172, 'learning_rate_init': 2.2603763769093947e-05, 'tol': 0.014227129250663665, 'validation_fraction': 0.5566016332044978}]
function_evaluation time 0.395034 value 6.665899 suggestion {'alpha': 0.5654541117034168, 'batch_size': 90, 'beta_1': 0.7243418158074401, 'beta_2': 0.9979781780490302, 'epsilon': 1.166906438328972e-08, 'hidden_layer_sizes': 172, 'learning_rate_init': 2.2603763769093947e-05, 'tol': 0.014227129250663665, 'validation_fraction': 0.5566016332044978}
observation time 0.001368, current best 0.135684 at iter 14
saving meta data: {'args': {'--uuid': '1e747543622f5f6d882322c477f7dae8', '-db-root': '/home/ryedida/bbo_challenge_starter_kit/output', '--opt-root': '/home/ryedida/bbo_challenge_starter_kit/example_submissions', '--data-root': None, '--db': 'run_20230430_001614', '--opt': 'turbo', '--data': 'digits', '--classifier': 'MLP-adam', '--metric': 'nll', '--calls': 15, '--suggestions': 1, '--jobs-file': None, '--verbose': False, 'dry_run': False, 'rev': 'a376313', 'opt_rev': '0.0.1'}, 'signature': ([{'alpha': 0.019628224813442792, 'batch_size': 182, 'beta_1': 0.9410202200271762, 'beta_2': 0.9998021557676793, 'epsilon': 1.8662266976518e-08, 'hidden_layer_sizes': 147, 'learning_rate_init': 0.0005627932047415167, 'tol': 0.03690557729213761, 'validation_fraction': 0.8846827852548593}, {'alpha': 0.0019982467392329444, 'batch_size': 200, 'beta_1': 0.919111482530466, 'beta_2': 0.9998488260436156, 'epsilon': 5.981221901152555e-07, 'hidden_layer_sizes': 61, 'learning_rate_init': 2.2310905607443014e-05, 'tol': 1.2046852412030316e-05, 'validation_fraction': 0.8117896445826539}, {'alpha': 0.46659545670218433, 'batch_size': 219, 'beta_1': 0.9889789783750891, 'beta_2': 0.9999896868093284, 'epsilon': 2.4234724484675948e-08, 'hidden_layer_sizes': 167, 'learning_rate_init': 2.972334644335654e-05, 'tol': 0.0036281404040243792, 'validation_fraction': 0.17260651658522078}, {'alpha': 4.656005689076002, 'batch_size': 135, 'beta_1': 0.870503881627747, 'beta_2': 0.9948873266941017, 'epsilon': 2.1023308743480125e-07, 'hidden_layer_sizes': 118, 'learning_rate_init': 0.0018781738757161913, 'tol': 1.1889379831773004e-05, 'validation_fraction': 0.6264327093752792}, {'alpha': 0.04705159350400542, 'batch_size': 158, 'beta_1': 0.9870884262730957, 'beta_2': 0.9999596874382349, 'epsilon': 1.1981845126013875e-08, 'hidden_layer_sizes': 116, 'learning_rate_init': 0.00617340520407431, 'tol': 1.741413418158619e-05, 'validation_fraction': 0.6754299026638921}], [4.8709522768835765, 9.712622772033223, 5.950791832993735, 0.19438427080405424, 0.251902166999456])}
saving results
saving timing
saving suggest log
done
