running: {'--uuid': '981e40b229eb5e33b9a7c1b59002e4c1', '-db-root': '/home/ryedida/bbo_challenge_starter_kit/output', '--opt-root': '/home/ryedida/bbo_challenge_starter_kit/example_submissions', '--data-root': None, '--db': 'run_20230430_001614', '--opt': 'hebo', '--data': 'digits', '--classifier': 'MLP-adam', '--metric': 'acc', '--calls': 15, '--suggestions': 1, '--jobs-file': None, '--verbose': False, 'dry_run': False, 'rev': 'a376313', 'opt_rev': '0.0.8'}
cmd: python hebo/optimizer.py -c MLP-adam -d digits -o hebo -u 981e40b229eb5e33b9a7c1b59002e4c1 -m acc -n 15 -p 1 -dir /home/ryedida/bbo_challenge_starter_kit/output -b run_20230430_001614
 /home/ryedida/.local/lib/python3.9/site-packages/sklearn/neural_network/_multilayer_perceptron.py:605: UserWarning:Got `batch_size` less than 1 or larger than sample size. It is going to be clipped

 /home/ryedida/.local/lib/python3.9/site-packages/sklearn/neural_network/_multilayer_perceptron.py:686: ConvergenceWarning:Stochastic Optimizer: Maximum iterations (200) reached and the optimization hasn't converged yet.

computed signature: ([{'alpha': 0.019628224813442792, 'batch_size': 182, 'beta_1': 0.9410202200271762, 'beta_2': 0.9998021557676793, 'epsilon': 1.8662266976518e-08, 'hidden_layer_sizes': 147, 'learning_rate_init': 0.0005627932047415167, 'tol': 0.03690557729213761, 'validation_fraction': 0.8846827852548593}, {'alpha': 0.0019982467392329444, 'batch_size': 200, 'beta_1': 0.919111482530466, 'beta_2': 0.9998488260436156, 'epsilon': 5.981221901152555e-07, 'hidden_layer_sizes': 61, 'learning_rate_init': 2.2310905607443014e-05, 'tol': 1.2046852412030316e-05, 'validation_fraction': 0.8117896445826539}, {'alpha': 0.46659545670218433, 'batch_size': 219, 'beta_1': 0.9889789783750891, 'beta_2': 0.9999896868093284, 'epsilon': 2.4234724484675948e-08, 'hidden_layer_sizes': 167, 'learning_rate_init': 2.972334644335654e-05, 'tol': 0.0036281404040243792, 'validation_fraction': 0.17260651658522078}, {'alpha': 4.656005689076002, 'batch_size': 135, 'beta_1': 0.870503881627747, 'beta_2': 0.9948873266941017, 'epsilon': 2.1023308743480125e-07, 'hidden_layer_sizes': 118, 'learning_rate_init': 0.0018781738757161913, 'tol': 1.1889379831773004e-05, 'validation_fraction': 0.6264327093752792}, {'alpha': 0.04705159350400542, 'batch_size': 158, 'beta_1': 0.9870884262730957, 'beta_2': 0.9999596874382349, 'epsilon': 1.1981845126013875e-08, 'hidden_layer_sizes': 116, 'learning_rate_init': 0.00617340520407431, 'tol': 1.741413418158619e-05, 'validation_fraction': 0.6754299026638921}], [-0.21081107239643826, -0.1295489740611692, -0.27999177313201706, -0.9422522260936896, -0.9332050909794812])
 /home/ryedida/.local/lib/python3.9/site-packages/bayesmark/signatures.py:85: RuntimeWarning:Signature diverged on MLP-adam_digits_acc betwen [-0.2181506  -0.12954897 -0.42701514 -0.94997127 -0.93320509] and [-0.21081107 -0.11575494 -0.27999177 -0.94225223 -0.93253861]

Signature errors:
                           0         1         2         3         4       max
MLP-adam_digits_acc  0.00734  0.013794  0.147023  0.007719  0.000666  0.147023
max                  0.00734  0.013794  0.147023  0.007719  0.000666  0.147023
starting sklearn study hebo MLP-adam digits acc 15 1
with data root: None
suggestion time taken 0.004602 iter 0 next_points [{'hidden_layer_sizes': 50, 'alpha': 9.999999999999979e-06, 'batch_size': 10, 'learning_rate_init': 9.999999999999979e-06, 'tol': 9.999999999999979e-06, 'validation_fraction': 0.09999999999999999, 'beta_1': 0.5, 'beta_2': 0.9, 'epsilon': 9.999999999999999e-10}]
function_evaluation time 7.792738 value -0.393135 suggestion {'hidden_layer_sizes': 50, 'alpha': 9.999999999999979e-06, 'batch_size': 10, 'learning_rate_init': 9.999999999999979e-06, 'tol': 9.999999999999979e-06, 'validation_fraction': 0.09999999999999999, 'beta_1': 0.5, 'beta_2': 0.9, 'epsilon': 9.999999999999999e-10}
 /home/ryedida/bbo_challenge_starter_kit/example_submissions/hebo/optimizer_mace.py:237: FutureWarning:The frame.append method is deprecated and will be removed from pandas in a future version. Use pandas.concat instead.

observation time 0.121691, current best -0.393135 at iter 0
suggestion time taken 0.003396 iter 1 next_points [{'hidden_layer_sizes': 125, 'alpha': 0.00999999999999999, 'batch_size': 130, 'learning_rate_init': 0.000999999999999999, 'tol': 0.000999999999999999, 'validation_fraction': 0.29999999999999993, 'beta_1': 0.7035623639735143, 'beta_2': 0.9486828237087461, 'epsilon': 3.162277660168379e-08}]
function_evaluation time 1.744138 value -0.962440 suggestion {'hidden_layer_sizes': 125, 'alpha': 0.00999999999999999, 'batch_size': 130, 'learning_rate_init': 0.000999999999999999, 'tol': 0.000999999999999999, 'validation_fraction': 0.29999999999999993, 'beta_1': 0.7035623639735143, 'beta_2': 0.9486828237087461, 'epsilon': 3.162277660168379e-08}
 /home/ryedida/bbo_challenge_starter_kit/example_submissions/hebo/optimizer_mace.py:237: FutureWarning:The frame.append method is deprecated and will be removed from pandas in a future version. Use pandas.concat instead.

observation time 0.001845, current best -0.962440 at iter 1
suggestion time taken 0.003558 iter 2 next_points [{'hidden_layer_sizes': 162, 'alpha': 0.0003162277660168373, 'batch_size': 70, 'learning_rate_init': 9.999999999999979e-05, 'tol': 0.01, 'validation_fraction': 0.5196152422706632, 'beta_1': 0.5931114414566264, 'beta_2': 0.9740030159223957, 'epsilon': 1.778279410038923e-07}]
function_evaluation time 1.670988 value -0.882382 suggestion {'hidden_layer_sizes': 162, 'alpha': 0.0003162277660168373, 'batch_size': 70, 'learning_rate_init': 9.999999999999979e-05, 'tol': 0.01, 'validation_fraction': 0.5196152422706632, 'beta_1': 0.5931114414566264, 'beta_2': 0.9740030159223957, 'epsilon': 1.778279410038923e-07}
 /home/ryedida/bbo_challenge_starter_kit/example_submissions/hebo/optimizer_mace.py:237: FutureWarning:The frame.append method is deprecated and will be removed from pandas in a future version. Use pandas.concat instead.

observation time 0.001733, current best -0.962440 at iter 2
suggestion time taken 0.003312 iter 3 next_points [{'hidden_layer_sizes': 88, 'alpha': 0.31622776601683794, 'batch_size': 190, 'learning_rate_init': 0.01, 'tol': 9.999999999999979e-05, 'validation_fraction': 0.1732050807568877, 'beta_1': 0.8345817757019256, 'beta_2': 0.9240208554669486, 'epsilon': 5.623413251903491e-09}]
function_evaluation time 0.727309 value -0.970076 suggestion {'hidden_layer_sizes': 88, 'alpha': 0.31622776601683794, 'batch_size': 190, 'learning_rate_init': 0.01, 'tol': 9.999999999999979e-05, 'validation_fraction': 0.1732050807568877, 'beta_1': 0.8345817757019256, 'beta_2': 0.9240208554669486, 'epsilon': 5.623413251903491e-09}
 /home/ryedida/bbo_challenge_starter_kit/example_submissions/hebo/optimizer_mace.py:237: FutureWarning:The frame.append method is deprecated and will be removed from pandas in a future version. Use pandas.concat instead.

observation time 0.002123, current best -0.970076 at iter 3
 /home/ryedida/.local/lib/python3.9/site-packages/GPy/core/__init__.py:80: FutureWarning:In the future `np.bool` will be defined as the corresponding NumPy scalar.

 /home/ryedida/.local/lib/python3.9/site-packages/GPy/core/__init__.py:80: FutureWarning:In the future `np.bool` will be defined as the corresponding NumPy scalar.

Failure in optimizer suggest. Falling back to random search.
module 'numpy' has no attribute 'bool'.
`np.bool` was a deprecated alias for the builtin `bool`. To avoid this error in existing code, use `bool` by itself. Doing this will not modify any behavior and is safe. If you specifically wanted the numpy scalar type, use `np.bool_` here.
The aliases was originally deprecated in NumPy 1.20; for more details and guidance see the original release note at:
    https://numpy.org/devdocs/release/1.20.0-notes.html#deprecations
Traceback (most recent call last):
  File "/home/ryedida/bbo_challenge_starter_kit/example_submissions/hebo/optimizer_mace.py", line 145, in suggest
    model.fit(X, Xe, y)
  File "/home/ryedida/bbo_challenge_starter_kit/example_submissions/hebo/bo/models/gp/gpy_wgp.py", line 89, in fit
    self.gp.optimize_restarts(max_iters = self.num_epochs, messages = self.verbose, num_restarts = 10)
  File "/home/ryedida/.local/lib/python3.9/site-packages/paramz/model.py", line 182, in optimize_restarts
    raise e
  File "/home/ryedida/.local/lib/python3.9/site-packages/paramz/model.py", line 171, in optimize_restarts
    self.randomize()
  File "/home/ryedida/.local/lib/python3.9/site-packages/GPy/core/__init__.py", line 80, in randomize
    unfixlist = np.ones((self.size,),dtype=np.bool)
  File "/home/ryedida/.local/lib/python3.9/site-packages/numpy/__init__.py", line 305, in __getattr__
    raise AttributeError(__former_attrs__[attr])
AttributeError: module 'numpy' has no attribute 'bool'.
`np.bool` was a deprecated alias for the builtin `bool`. To avoid this error in existing code, use `bool` by itself. Doing this will not modify any behavior and is safe. If you specifically wanted the numpy scalar type, use `np.bool_` here.
The aliases was originally deprecated in NumPy 1.20; for more details and guidance see the original release note at:
    https://numpy.org/devdocs/release/1.20.0-notes.html#deprecations

During handling of the above exception, another exception occurred:

Traceback (most recent call last):
  File "/home/ryedida/.local/lib/python3.9/site-packages/bayesmark/experiment.py", line 126, in run_study
    next_points = optimizer.suggest(n_suggestions)
  File "/home/ryedida/bbo_challenge_starter_kit/example_submissions/hebo/optimizer_mace.py", line 155, in suggest
    model.fit(X, Xe, y)
  File "/home/ryedida/bbo_challenge_starter_kit/example_submissions/hebo/bo/models/gp/gpy_wgp.py", line 89, in fit
    self.gp.optimize_restarts(max_iters = self.num_epochs, messages = self.verbose, num_restarts = 10)
  File "/home/ryedida/.local/lib/python3.9/site-packages/paramz/model.py", line 182, in optimize_restarts
    raise e
  File "/home/ryedida/.local/lib/python3.9/site-packages/paramz/model.py", line 171, in optimize_restarts
    self.randomize()
  File "/home/ryedida/.local/lib/python3.9/site-packages/GPy/core/__init__.py", line 80, in randomize
    unfixlist = np.ones((self.size,),dtype=np.bool)
  File "/home/ryedida/.local/lib/python3.9/site-packages/numpy/__init__.py", line 305, in __getattr__
    raise AttributeError(__former_attrs__[attr])
AttributeError: module 'numpy' has no attribute 'bool'.
`np.bool` was a deprecated alias for the builtin `bool`. To avoid this error in existing code, use `bool` by itself. Doing this will not modify any behavior and is safe. If you specifically wanted the numpy scalar type, use `np.bool_` here.
The aliases was originally deprecated in NumPy 1.20; for more details and guidance see the original release note at:
    https://numpy.org/devdocs/release/1.20.0-notes.html#deprecations
suggestion time taken 0.494550 iter 4 next_points [{'alpha': 0.18703707328843747, 'batch_size': 56, 'beta_1': 0.9538797980581822, 'beta_2': 0.9999709178175414, 'epsilon': 8.671074087828815e-07, 'hidden_layer_sizes': 61, 'learning_rate_init': 0.0024495803391554835, 'tol': 9.193788131904714e-05, 'validation_fraction': 0.6968534949589136}]
function_evaluation time 1.254680 value -0.927637 suggestion {'alpha': 0.18703707328843747, 'batch_size': 56, 'beta_1': 0.9538797980581822, 'beta_2': 0.9999709178175414, 'epsilon': 8.671074087828815e-07, 'hidden_layer_sizes': 61, 'learning_rate_init': 0.0024495803391554835, 'tol': 9.193788131904714e-05, 'validation_fraction': 0.6968534949589136}
 /home/ryedida/bbo_challenge_starter_kit/example_submissions/hebo/optimizer_mace.py:237: FutureWarning:The frame.append method is deprecated and will be removed from pandas in a future version. Use pandas.concat instead.

observation time 0.002565, current best -0.970076 at iter 4
 /home/ryedida/.local/lib/python3.9/site-packages/GPy/core/__init__.py:80: FutureWarning:In the future `np.bool` will be defined as the corresponding NumPy scalar.

 /home/ryedida/.local/lib/python3.9/site-packages/GPy/core/__init__.py:80: FutureWarning:In the future `np.bool` will be defined as the corresponding NumPy scalar.

Failure in optimizer suggest. Falling back to random search.
module 'numpy' has no attribute 'bool'.
`np.bool` was a deprecated alias for the builtin `bool`. To avoid this error in existing code, use `bool` by itself. Doing this will not modify any behavior and is safe. If you specifically wanted the numpy scalar type, use `np.bool_` here.
The aliases was originally deprecated in NumPy 1.20; for more details and guidance see the original release note at:
    https://numpy.org/devdocs/release/1.20.0-notes.html#deprecations
Traceback (most recent call last):
  File "/home/ryedida/bbo_challenge_starter_kit/example_submissions/hebo/optimizer_mace.py", line 145, in suggest
    model.fit(X, Xe, y)
  File "/home/ryedida/bbo_challenge_starter_kit/example_submissions/hebo/bo/models/gp/gpy_wgp.py", line 89, in fit
    self.gp.optimize_restarts(max_iters = self.num_epochs, messages = self.verbose, num_restarts = 10)
  File "/home/ryedida/.local/lib/python3.9/site-packages/paramz/model.py", line 182, in optimize_restarts
    raise e
  File "/home/ryedida/.local/lib/python3.9/site-packages/paramz/model.py", line 171, in optimize_restarts
    self.randomize()
  File "/home/ryedida/.local/lib/python3.9/site-packages/GPy/core/__init__.py", line 80, in randomize
    unfixlist = np.ones((self.size,),dtype=np.bool)
  File "/home/ryedida/.local/lib/python3.9/site-packages/numpy/__init__.py", line 305, in __getattr__
    raise AttributeError(__former_attrs__[attr])
AttributeError: module 'numpy' has no attribute 'bool'.
`np.bool` was a deprecated alias for the builtin `bool`. To avoid this error in existing code, use `bool` by itself. Doing this will not modify any behavior and is safe. If you specifically wanted the numpy scalar type, use `np.bool_` here.
The aliases was originally deprecated in NumPy 1.20; for more details and guidance see the original release note at:
    https://numpy.org/devdocs/release/1.20.0-notes.html#deprecations

During handling of the above exception, another exception occurred:

Traceback (most recent call last):
  File "/home/ryedida/.local/lib/python3.9/site-packages/bayesmark/experiment.py", line 126, in run_study
    next_points = optimizer.suggest(n_suggestions)
  File "/home/ryedida/bbo_challenge_starter_kit/example_submissions/hebo/optimizer_mace.py", line 155, in suggest
    model.fit(X, Xe, y)
  File "/home/ryedida/bbo_challenge_starter_kit/example_submissions/hebo/bo/models/gp/gpy_wgp.py", line 89, in fit
    self.gp.optimize_restarts(max_iters = self.num_epochs, messages = self.verbose, num_restarts = 10)
  File "/home/ryedida/.local/lib/python3.9/site-packages/paramz/model.py", line 182, in optimize_restarts
    raise e
  File "/home/ryedida/.local/lib/python3.9/site-packages/paramz/model.py", line 171, in optimize_restarts
    self.randomize()
  File "/home/ryedida/.local/lib/python3.9/site-packages/GPy/core/__init__.py", line 80, in randomize
    unfixlist = np.ones((self.size,),dtype=np.bool)
  File "/home/ryedida/.local/lib/python3.9/site-packages/numpy/__init__.py", line 305, in __getattr__
    raise AttributeError(__former_attrs__[attr])
AttributeError: module 'numpy' has no attribute 'bool'.
`np.bool` was a deprecated alias for the builtin `bool`. To avoid this error in existing code, use `bool` by itself. Doing this will not modify any behavior and is safe. If you specifically wanted the numpy scalar type, use `np.bool_` here.
The aliases was originally deprecated in NumPy 1.20; for more details and guidance see the original release note at:
    https://numpy.org/devdocs/release/1.20.0-notes.html#deprecations
suggestion time taken 0.522960 iter 5 next_points [{'alpha': 0.09545846876065851, 'batch_size': 225, 'beta_1': 0.9387034901717476, 'beta_2': 0.9999947278869268, 'epsilon': 7.686138492845519e-08, 'hidden_layer_sizes': 161, 'learning_rate_init': 0.0008623502185237461, 'tol': 0.0028287506820743845, 'validation_fraction': 0.4510291962760374}]
function_evaluation time 1.012272 value -0.944336 suggestion {'alpha': 0.09545846876065851, 'batch_size': 225, 'beta_1': 0.9387034901717476, 'beta_2': 0.9999947278869268, 'epsilon': 7.686138492845519e-08, 'hidden_layer_sizes': 161, 'learning_rate_init': 0.0008623502185237461, 'tol': 0.0028287506820743845, 'validation_fraction': 0.4510291962760374}
 /home/ryedida/bbo_challenge_starter_kit/example_submissions/hebo/optimizer_mace.py:237: FutureWarning:The frame.append method is deprecated and will be removed from pandas in a future version. Use pandas.concat instead.

observation time 0.002297, current best -0.970076 at iter 5
 /home/ryedida/.local/lib/python3.9/site-packages/GPy/core/__init__.py:80: FutureWarning:In the future `np.bool` will be defined as the corresponding NumPy scalar.

 /home/ryedida/.local/lib/python3.9/site-packages/GPy/core/__init__.py:80: FutureWarning:In the future `np.bool` will be defined as the corresponding NumPy scalar.

Failure in optimizer suggest. Falling back to random search.
module 'numpy' has no attribute 'bool'.
`np.bool` was a deprecated alias for the builtin `bool`. To avoid this error in existing code, use `bool` by itself. Doing this will not modify any behavior and is safe. If you specifically wanted the numpy scalar type, use `np.bool_` here.
The aliases was originally deprecated in NumPy 1.20; for more details and guidance see the original release note at:
    https://numpy.org/devdocs/release/1.20.0-notes.html#deprecations
Traceback (most recent call last):
  File "/home/ryedida/bbo_challenge_starter_kit/example_submissions/hebo/optimizer_mace.py", line 145, in suggest
    model.fit(X, Xe, y)
  File "/home/ryedida/bbo_challenge_starter_kit/example_submissions/hebo/bo/models/gp/gpy_wgp.py", line 89, in fit
    self.gp.optimize_restarts(max_iters = self.num_epochs, messages = self.verbose, num_restarts = 10)
  File "/home/ryedida/.local/lib/python3.9/site-packages/paramz/model.py", line 182, in optimize_restarts
    raise e
  File "/home/ryedida/.local/lib/python3.9/site-packages/paramz/model.py", line 171, in optimize_restarts
    self.randomize()
  File "/home/ryedida/.local/lib/python3.9/site-packages/GPy/core/__init__.py", line 80, in randomize
    unfixlist = np.ones((self.size,),dtype=np.bool)
  File "/home/ryedida/.local/lib/python3.9/site-packages/numpy/__init__.py", line 305, in __getattr__
    raise AttributeError(__former_attrs__[attr])
AttributeError: module 'numpy' has no attribute 'bool'.
`np.bool` was a deprecated alias for the builtin `bool`. To avoid this error in existing code, use `bool` by itself. Doing this will not modify any behavior and is safe. If you specifically wanted the numpy scalar type, use `np.bool_` here.
The aliases was originally deprecated in NumPy 1.20; for more details and guidance see the original release note at:
    https://numpy.org/devdocs/release/1.20.0-notes.html#deprecations

During handling of the above exception, another exception occurred:

Traceback (most recent call last):
  File "/home/ryedida/.local/lib/python3.9/site-packages/bayesmark/experiment.py", line 126, in run_study
    next_points = optimizer.suggest(n_suggestions)
  File "/home/ryedida/bbo_challenge_starter_kit/example_submissions/hebo/optimizer_mace.py", line 155, in suggest
    model.fit(X, Xe, y)
  File "/home/ryedida/bbo_challenge_starter_kit/example_submissions/hebo/bo/models/gp/gpy_wgp.py", line 89, in fit
    self.gp.optimize_restarts(max_iters = self.num_epochs, messages = self.verbose, num_restarts = 10)
  File "/home/ryedida/.local/lib/python3.9/site-packages/paramz/model.py", line 182, in optimize_restarts
    raise e
  File "/home/ryedida/.local/lib/python3.9/site-packages/paramz/model.py", line 171, in optimize_restarts
    self.randomize()
  File "/home/ryedida/.local/lib/python3.9/site-packages/GPy/core/__init__.py", line 80, in randomize
    unfixlist = np.ones((self.size,),dtype=np.bool)
  File "/home/ryedida/.local/lib/python3.9/site-packages/numpy/__init__.py", line 305, in __getattr__
    raise AttributeError(__former_attrs__[attr])
AttributeError: module 'numpy' has no attribute 'bool'.
`np.bool` was a deprecated alias for the builtin `bool`. To avoid this error in existing code, use `bool` by itself. Doing this will not modify any behavior and is safe. If you specifically wanted the numpy scalar type, use `np.bool_` here.
The aliases was originally deprecated in NumPy 1.20; for more details and guidance see the original release note at:
    https://numpy.org/devdocs/release/1.20.0-notes.html#deprecations
suggestion time taken 0.425048 iter 6 next_points [{'alpha': 8.397587136188951, 'batch_size': 174, 'beta_1': 0.9868778650333362, 'beta_2': 0.9999983317966408, 'epsilon': 7.730681611817363e-09, 'hidden_layer_sizes': 148, 'learning_rate_init': 5.677121955448586e-05, 'tol': 0.002064505895531345, 'validation_fraction': 0.8202957456908668}]
function_evaluation time 1.218684 value -0.366013 suggestion {'alpha': 8.397587136188951, 'batch_size': 174, 'beta_1': 0.9868778650333362, 'beta_2': 0.9999983317966408, 'epsilon': 7.730681611817363e-09, 'hidden_layer_sizes': 148, 'learning_rate_init': 5.677121955448586e-05, 'tol': 0.002064505895531345, 'validation_fraction': 0.8202957456908668}
 /home/ryedida/bbo_challenge_starter_kit/example_submissions/hebo/optimizer_mace.py:237: FutureWarning:The frame.append method is deprecated and will be removed from pandas in a future version. Use pandas.concat instead.

observation time 0.002253, current best -0.970076 at iter 6
 /home/ryedida/.local/lib/python3.9/site-packages/GPy/core/__init__.py:80: FutureWarning:In the future `np.bool` will be defined as the corresponding NumPy scalar.

 /home/ryedida/.local/lib/python3.9/site-packages/GPy/core/__init__.py:80: FutureWarning:In the future `np.bool` will be defined as the corresponding NumPy scalar.

Failure in optimizer suggest. Falling back to random search.
module 'numpy' has no attribute 'bool'.
`np.bool` was a deprecated alias for the builtin `bool`. To avoid this error in existing code, use `bool` by itself. Doing this will not modify any behavior and is safe. If you specifically wanted the numpy scalar type, use `np.bool_` here.
The aliases was originally deprecated in NumPy 1.20; for more details and guidance see the original release note at:
    https://numpy.org/devdocs/release/1.20.0-notes.html#deprecations
Traceback (most recent call last):
  File "/home/ryedida/bbo_challenge_starter_kit/example_submissions/hebo/optimizer_mace.py", line 145, in suggest
    model.fit(X, Xe, y)
  File "/home/ryedida/bbo_challenge_starter_kit/example_submissions/hebo/bo/models/gp/gpy_wgp.py", line 89, in fit
    self.gp.optimize_restarts(max_iters = self.num_epochs, messages = self.verbose, num_restarts = 10)
  File "/home/ryedida/.local/lib/python3.9/site-packages/paramz/model.py", line 182, in optimize_restarts
    raise e
  File "/home/ryedida/.local/lib/python3.9/site-packages/paramz/model.py", line 171, in optimize_restarts
    self.randomize()
  File "/home/ryedida/.local/lib/python3.9/site-packages/GPy/core/__init__.py", line 80, in randomize
    unfixlist = np.ones((self.size,),dtype=np.bool)
  File "/home/ryedida/.local/lib/python3.9/site-packages/numpy/__init__.py", line 305, in __getattr__
    raise AttributeError(__former_attrs__[attr])
AttributeError: module 'numpy' has no attribute 'bool'.
`np.bool` was a deprecated alias for the builtin `bool`. To avoid this error in existing code, use `bool` by itself. Doing this will not modify any behavior and is safe. If you specifically wanted the numpy scalar type, use `np.bool_` here.
The aliases was originally deprecated in NumPy 1.20; for more details and guidance see the original release note at:
    https://numpy.org/devdocs/release/1.20.0-notes.html#deprecations

During handling of the above exception, another exception occurred:

Traceback (most recent call last):
  File "/home/ryedida/.local/lib/python3.9/site-packages/bayesmark/experiment.py", line 126, in run_study
    next_points = optimizer.suggest(n_suggestions)
  File "/home/ryedida/bbo_challenge_starter_kit/example_submissions/hebo/optimizer_mace.py", line 155, in suggest
    model.fit(X, Xe, y)
  File "/home/ryedida/bbo_challenge_starter_kit/example_submissions/hebo/bo/models/gp/gpy_wgp.py", line 89, in fit
    self.gp.optimize_restarts(max_iters = self.num_epochs, messages = self.verbose, num_restarts = 10)
  File "/home/ryedida/.local/lib/python3.9/site-packages/paramz/model.py", line 182, in optimize_restarts
    raise e
  File "/home/ryedida/.local/lib/python3.9/site-packages/paramz/model.py", line 171, in optimize_restarts
    self.randomize()
  File "/home/ryedida/.local/lib/python3.9/site-packages/GPy/core/__init__.py", line 80, in randomize
    unfixlist = np.ones((self.size,),dtype=np.bool)
  File "/home/ryedida/.local/lib/python3.9/site-packages/numpy/__init__.py", line 305, in __getattr__
    raise AttributeError(__former_attrs__[attr])
AttributeError: module 'numpy' has no attribute 'bool'.
`np.bool` was a deprecated alias for the builtin `bool`. To avoid this error in existing code, use `bool` by itself. Doing this will not modify any behavior and is safe. If you specifically wanted the numpy scalar type, use `np.bool_` here.
The aliases was originally deprecated in NumPy 1.20; for more details and guidance see the original release note at:
    https://numpy.org/devdocs/release/1.20.0-notes.html#deprecations
suggestion time taken 0.434789 iter 7 next_points [{'alpha': 1.2240670808860673e-05, 'batch_size': 162, 'beta_1': 0.9726553851103816, 'beta_2': 0.9963952279274908, 'epsilon': 5.274553529304997e-08, 'hidden_layer_sizes': 120, 'learning_rate_init': 0.018374871688413875, 'tol': 1.9204008868553045e-05, 'validation_fraction': 0.6209736903642576}]
function_evaluation time 0.987052 value -0.929711 suggestion {'alpha': 1.2240670808860673e-05, 'batch_size': 162, 'beta_1': 0.9726553851103816, 'beta_2': 0.9963952279274908, 'epsilon': 5.274553529304997e-08, 'hidden_layer_sizes': 120, 'learning_rate_init': 0.018374871688413875, 'tol': 1.9204008868553045e-05, 'validation_fraction': 0.6209736903642576}
 /home/ryedida/bbo_challenge_starter_kit/example_submissions/hebo/optimizer_mace.py:237: FutureWarning:The frame.append method is deprecated and will be removed from pandas in a future version. Use pandas.concat instead.

observation time 0.002225, current best -0.970076 at iter 7
 /home/ryedida/.local/lib/python3.9/site-packages/GPy/core/__init__.py:80: FutureWarning:In the future `np.bool` will be defined as the corresponding NumPy scalar.

 /home/ryedida/.local/lib/python3.9/site-packages/GPy/core/__init__.py:80: FutureWarning:In the future `np.bool` will be defined as the corresponding NumPy scalar.

Failure in optimizer suggest. Falling back to random search.
module 'numpy' has no attribute 'bool'.
`np.bool` was a deprecated alias for the builtin `bool`. To avoid this error in existing code, use `bool` by itself. Doing this will not modify any behavior and is safe. If you specifically wanted the numpy scalar type, use `np.bool_` here.
The aliases was originally deprecated in NumPy 1.20; for more details and guidance see the original release note at:
    https://numpy.org/devdocs/release/1.20.0-notes.html#deprecations
Traceback (most recent call last):
  File "/home/ryedida/bbo_challenge_starter_kit/example_submissions/hebo/optimizer_mace.py", line 145, in suggest
    model.fit(X, Xe, y)
  File "/home/ryedida/bbo_challenge_starter_kit/example_submissions/hebo/bo/models/gp/gpy_wgp.py", line 89, in fit
    self.gp.optimize_restarts(max_iters = self.num_epochs, messages = self.verbose, num_restarts = 10)
  File "/home/ryedida/.local/lib/python3.9/site-packages/paramz/model.py", line 182, in optimize_restarts
    raise e
  File "/home/ryedida/.local/lib/python3.9/site-packages/paramz/model.py", line 171, in optimize_restarts
    self.randomize()
  File "/home/ryedida/.local/lib/python3.9/site-packages/GPy/core/__init__.py", line 80, in randomize
    unfixlist = np.ones((self.size,),dtype=np.bool)
  File "/home/ryedida/.local/lib/python3.9/site-packages/numpy/__init__.py", line 305, in __getattr__
    raise AttributeError(__former_attrs__[attr])
AttributeError: module 'numpy' has no attribute 'bool'.
`np.bool` was a deprecated alias for the builtin `bool`. To avoid this error in existing code, use `bool` by itself. Doing this will not modify any behavior and is safe. If you specifically wanted the numpy scalar type, use `np.bool_` here.
The aliases was originally deprecated in NumPy 1.20; for more details and guidance see the original release note at:
    https://numpy.org/devdocs/release/1.20.0-notes.html#deprecations

During handling of the above exception, another exception occurred:

Traceback (most recent call last):
  File "/home/ryedida/.local/lib/python3.9/site-packages/bayesmark/experiment.py", line 126, in run_study
    next_points = optimizer.suggest(n_suggestions)
  File "/home/ryedida/bbo_challenge_starter_kit/example_submissions/hebo/optimizer_mace.py", line 155, in suggest
    model.fit(X, Xe, y)
  File "/home/ryedida/bbo_challenge_starter_kit/example_submissions/hebo/bo/models/gp/gpy_wgp.py", line 89, in fit
    self.gp.optimize_restarts(max_iters = self.num_epochs, messages = self.verbose, num_restarts = 10)
  File "/home/ryedida/.local/lib/python3.9/site-packages/paramz/model.py", line 182, in optimize_restarts
    raise e
  File "/home/ryedida/.local/lib/python3.9/site-packages/paramz/model.py", line 171, in optimize_restarts
    self.randomize()
  File "/home/ryedida/.local/lib/python3.9/site-packages/GPy/core/__init__.py", line 80, in randomize
    unfixlist = np.ones((self.size,),dtype=np.bool)
  File "/home/ryedida/.local/lib/python3.9/site-packages/numpy/__init__.py", line 305, in __getattr__
    raise AttributeError(__former_attrs__[attr])
AttributeError: module 'numpy' has no attribute 'bool'.
`np.bool` was a deprecated alias for the builtin `bool`. To avoid this error in existing code, use `bool` by itself. Doing this will not modify any behavior and is safe. If you specifically wanted the numpy scalar type, use `np.bool_` here.
The aliases was originally deprecated in NumPy 1.20; for more details and guidance see the original release note at:
    https://numpy.org/devdocs/release/1.20.0-notes.html#deprecations
suggestion time taken 0.438018 iter 8 next_points [{'alpha': 0.3242124887263575, 'batch_size': 149, 'beta_1': 0.9511219330053781, 'beta_2': 0.9000021701599982, 'epsilon': 1.425089543441166e-07, 'hidden_layer_sizes': 196, 'learning_rate_init': 0.005959389380359422, 'tol': 8.10351966778318e-05, 'validation_fraction': 0.2682274858345221}]
function_evaluation time 1.054051 value -0.960342 suggestion {'alpha': 0.3242124887263575, 'batch_size': 149, 'beta_1': 0.9511219330053781, 'beta_2': 0.9000021701599982, 'epsilon': 1.425089543441166e-07, 'hidden_layer_sizes': 196, 'learning_rate_init': 0.005959389380359422, 'tol': 8.10351966778318e-05, 'validation_fraction': 0.2682274858345221}
 /home/ryedida/bbo_challenge_starter_kit/example_submissions/hebo/optimizer_mace.py:237: FutureWarning:The frame.append method is deprecated and will be removed from pandas in a future version. Use pandas.concat instead.

observation time 0.002279, current best -0.970076 at iter 8
 /home/ryedida/.local/lib/python3.9/site-packages/GPy/core/__init__.py:80: FutureWarning:In the future `np.bool` will be defined as the corresponding NumPy scalar.

 /home/ryedida/.local/lib/python3.9/site-packages/GPy/core/__init__.py:80: FutureWarning:In the future `np.bool` will be defined as the corresponding NumPy scalar.

Failure in optimizer suggest. Falling back to random search.
module 'numpy' has no attribute 'bool'.
`np.bool` was a deprecated alias for the builtin `bool`. To avoid this error in existing code, use `bool` by itself. Doing this will not modify any behavior and is safe. If you specifically wanted the numpy scalar type, use `np.bool_` here.
The aliases was originally deprecated in NumPy 1.20; for more details and guidance see the original release note at:
    https://numpy.org/devdocs/release/1.20.0-notes.html#deprecations
Traceback (most recent call last):
  File "/home/ryedida/bbo_challenge_starter_kit/example_submissions/hebo/optimizer_mace.py", line 145, in suggest
    model.fit(X, Xe, y)
  File "/home/ryedida/bbo_challenge_starter_kit/example_submissions/hebo/bo/models/gp/gpy_wgp.py", line 89, in fit
    self.gp.optimize_restarts(max_iters = self.num_epochs, messages = self.verbose, num_restarts = 10)
  File "/home/ryedida/.local/lib/python3.9/site-packages/paramz/model.py", line 182, in optimize_restarts
    raise e
  File "/home/ryedida/.local/lib/python3.9/site-packages/paramz/model.py", line 171, in optimize_restarts
    self.randomize()
  File "/home/ryedida/.local/lib/python3.9/site-packages/GPy/core/__init__.py", line 80, in randomize
    unfixlist = np.ones((self.size,),dtype=np.bool)
  File "/home/ryedida/.local/lib/python3.9/site-packages/numpy/__init__.py", line 305, in __getattr__
    raise AttributeError(__former_attrs__[attr])
AttributeError: module 'numpy' has no attribute 'bool'.
`np.bool` was a deprecated alias for the builtin `bool`. To avoid this error in existing code, use `bool` by itself. Doing this will not modify any behavior and is safe. If you specifically wanted the numpy scalar type, use `np.bool_` here.
The aliases was originally deprecated in NumPy 1.20; for more details and guidance see the original release note at:
    https://numpy.org/devdocs/release/1.20.0-notes.html#deprecations

During handling of the above exception, another exception occurred:

Traceback (most recent call last):
  File "/home/ryedida/.local/lib/python3.9/site-packages/bayesmark/experiment.py", line 126, in run_study
    next_points = optimizer.suggest(n_suggestions)
  File "/home/ryedida/bbo_challenge_starter_kit/example_submissions/hebo/optimizer_mace.py", line 155, in suggest
    model.fit(X, Xe, y)
  File "/home/ryedida/bbo_challenge_starter_kit/example_submissions/hebo/bo/models/gp/gpy_wgp.py", line 89, in fit
    self.gp.optimize_restarts(max_iters = self.num_epochs, messages = self.verbose, num_restarts = 10)
  File "/home/ryedida/.local/lib/python3.9/site-packages/paramz/model.py", line 182, in optimize_restarts
    raise e
  File "/home/ryedida/.local/lib/python3.9/site-packages/paramz/model.py", line 171, in optimize_restarts
    self.randomize()
  File "/home/ryedida/.local/lib/python3.9/site-packages/GPy/core/__init__.py", line 80, in randomize
    unfixlist = np.ones((self.size,),dtype=np.bool)
  File "/home/ryedida/.local/lib/python3.9/site-packages/numpy/__init__.py", line 305, in __getattr__
    raise AttributeError(__former_attrs__[attr])
AttributeError: module 'numpy' has no attribute 'bool'.
`np.bool` was a deprecated alias for the builtin `bool`. To avoid this error in existing code, use `bool` by itself. Doing this will not modify any behavior and is safe. If you specifically wanted the numpy scalar type, use `np.bool_` here.
The aliases was originally deprecated in NumPy 1.20; for more details and guidance see the original release note at:
    https://numpy.org/devdocs/release/1.20.0-notes.html#deprecations
suggestion time taken 0.415047 iter 9 next_points [{'alpha': 0.13945326067131134, 'batch_size': 113, 'beta_1': 0.9407235913151333, 'beta_2': 0.9999983393426441, 'epsilon': 3.709348100716117e-09, 'hidden_layer_sizes': 103, 'learning_rate_init': 0.0010681582521102336, 'tol': 0.007313929324318487, 'validation_fraction': 0.6442713568843887}]
function_evaluation time 0.565125 value -0.913727 suggestion {'alpha': 0.13945326067131134, 'batch_size': 113, 'beta_1': 0.9407235913151333, 'beta_2': 0.9999983393426441, 'epsilon': 3.709348100716117e-09, 'hidden_layer_sizes': 103, 'learning_rate_init': 0.0010681582521102336, 'tol': 0.007313929324318487, 'validation_fraction': 0.6442713568843887}
 /home/ryedida/bbo_challenge_starter_kit/example_submissions/hebo/optimizer_mace.py:237: FutureWarning:The frame.append method is deprecated and will be removed from pandas in a future version. Use pandas.concat instead.

observation time 0.002228, current best -0.970076 at iter 9
 /home/ryedida/.local/lib/python3.9/site-packages/GPy/core/__init__.py:80: FutureWarning:In the future `np.bool` will be defined as the corresponding NumPy scalar.

 /home/ryedida/.local/lib/python3.9/site-packages/GPy/core/__init__.py:80: FutureWarning:In the future `np.bool` will be defined as the corresponding NumPy scalar.

Failure in optimizer suggest. Falling back to random search.
module 'numpy' has no attribute 'bool'.
`np.bool` was a deprecated alias for the builtin `bool`. To avoid this error in existing code, use `bool` by itself. Doing this will not modify any behavior and is safe. If you specifically wanted the numpy scalar type, use `np.bool_` here.
The aliases was originally deprecated in NumPy 1.20; for more details and guidance see the original release note at:
    https://numpy.org/devdocs/release/1.20.0-notes.html#deprecations
Traceback (most recent call last):
  File "/home/ryedida/bbo_challenge_starter_kit/example_submissions/hebo/optimizer_mace.py", line 145, in suggest
    model.fit(X, Xe, y)
  File "/home/ryedida/bbo_challenge_starter_kit/example_submissions/hebo/bo/models/gp/gpy_wgp.py", line 89, in fit
    self.gp.optimize_restarts(max_iters = self.num_epochs, messages = self.verbose, num_restarts = 10)
  File "/home/ryedida/.local/lib/python3.9/site-packages/paramz/model.py", line 182, in optimize_restarts
    raise e
  File "/home/ryedida/.local/lib/python3.9/site-packages/paramz/model.py", line 171, in optimize_restarts
    self.randomize()
  File "/home/ryedida/.local/lib/python3.9/site-packages/GPy/core/__init__.py", line 80, in randomize
    unfixlist = np.ones((self.size,),dtype=np.bool)
  File "/home/ryedida/.local/lib/python3.9/site-packages/numpy/__init__.py", line 305, in __getattr__
    raise AttributeError(__former_attrs__[attr])
AttributeError: module 'numpy' has no attribute 'bool'.
`np.bool` was a deprecated alias for the builtin `bool`. To avoid this error in existing code, use `bool` by itself. Doing this will not modify any behavior and is safe. If you specifically wanted the numpy scalar type, use `np.bool_` here.
The aliases was originally deprecated in NumPy 1.20; for more details and guidance see the original release note at:
    https://numpy.org/devdocs/release/1.20.0-notes.html#deprecations

During handling of the above exception, another exception occurred:

Traceback (most recent call last):
  File "/home/ryedida/.local/lib/python3.9/site-packages/bayesmark/experiment.py", line 126, in run_study
    next_points = optimizer.suggest(n_suggestions)
  File "/home/ryedida/bbo_challenge_starter_kit/example_submissions/hebo/optimizer_mace.py", line 155, in suggest
    model.fit(X, Xe, y)
  File "/home/ryedida/bbo_challenge_starter_kit/example_submissions/hebo/bo/models/gp/gpy_wgp.py", line 89, in fit
    self.gp.optimize_restarts(max_iters = self.num_epochs, messages = self.verbose, num_restarts = 10)
  File "/home/ryedida/.local/lib/python3.9/site-packages/paramz/model.py", line 182, in optimize_restarts
    raise e
  File "/home/ryedida/.local/lib/python3.9/site-packages/paramz/model.py", line 171, in optimize_restarts
    self.randomize()
  File "/home/ryedida/.local/lib/python3.9/site-packages/GPy/core/__init__.py", line 80, in randomize
    unfixlist = np.ones((self.size,),dtype=np.bool)
  File "/home/ryedida/.local/lib/python3.9/site-packages/numpy/__init__.py", line 305, in __getattr__
    raise AttributeError(__former_attrs__[attr])
AttributeError: module 'numpy' has no attribute 'bool'.
`np.bool` was a deprecated alias for the builtin `bool`. To avoid this error in existing code, use `bool` by itself. Doing this will not modify any behavior and is safe. If you specifically wanted the numpy scalar type, use `np.bool_` here.
The aliases was originally deprecated in NumPy 1.20; for more details and guidance see the original release note at:
    https://numpy.org/devdocs/release/1.20.0-notes.html#deprecations
suggestion time taken 0.423086 iter 10 next_points [{'alpha': 0.0007085544546366734, 'batch_size': 65, 'beta_1': 0.9645881870037398, 'beta_2': 0.9999980146431303, 'epsilon': 3.321999997811084e-08, 'hidden_layer_sizes': 62, 'learning_rate_init': 4.331934715138663e-05, 'tol': 0.00013098982162874432, 'validation_fraction': 0.8939828479720902}]
 /home/ryedida/.local/lib/python3.9/site-packages/sklearn/neural_network/_multilayer_perceptron.py:686: ConvergenceWarning:Stochastic Optimizer: Maximum iterations (200) reached and the optimization hasn't converged yet.

function_evaluation time 1.410389 value -0.197070 suggestion {'alpha': 0.0007085544546366734, 'batch_size': 65, 'beta_1': 0.9645881870037398, 'beta_2': 0.9999980146431303, 'epsilon': 3.321999997811084e-08, 'hidden_layer_sizes': 62, 'learning_rate_init': 4.331934715138663e-05, 'tol': 0.00013098982162874432, 'validation_fraction': 0.8939828479720902}
 /home/ryedida/bbo_challenge_starter_kit/example_submissions/hebo/optimizer_mace.py:237: FutureWarning:The frame.append method is deprecated and will be removed from pandas in a future version. Use pandas.concat instead.

observation time 0.002239, current best -0.970076 at iter 10
 /home/ryedida/.local/lib/python3.9/site-packages/GPy/core/__init__.py:80: FutureWarning:In the future `np.bool` will be defined as the corresponding NumPy scalar.

 /home/ryedida/.local/lib/python3.9/site-packages/GPy/core/__init__.py:80: FutureWarning:In the future `np.bool` will be defined as the corresponding NumPy scalar.

Failure in optimizer suggest. Falling back to random search.
module 'numpy' has no attribute 'bool'.
`np.bool` was a deprecated alias for the builtin `bool`. To avoid this error in existing code, use `bool` by itself. Doing this will not modify any behavior and is safe. If you specifically wanted the numpy scalar type, use `np.bool_` here.
The aliases was originally deprecated in NumPy 1.20; for more details and guidance see the original release note at:
    https://numpy.org/devdocs/release/1.20.0-notes.html#deprecations
Traceback (most recent call last):
  File "/home/ryedida/bbo_challenge_starter_kit/example_submissions/hebo/optimizer_mace.py", line 145, in suggest
    model.fit(X, Xe, y)
  File "/home/ryedida/bbo_challenge_starter_kit/example_submissions/hebo/bo/models/gp/gpy_wgp.py", line 89, in fit
    self.gp.optimize_restarts(max_iters = self.num_epochs, messages = self.verbose, num_restarts = 10)
  File "/home/ryedida/.local/lib/python3.9/site-packages/paramz/model.py", line 182, in optimize_restarts
    raise e
  File "/home/ryedida/.local/lib/python3.9/site-packages/paramz/model.py", line 171, in optimize_restarts
    self.randomize()
  File "/home/ryedida/.local/lib/python3.9/site-packages/GPy/core/__init__.py", line 80, in randomize
    unfixlist = np.ones((self.size,),dtype=np.bool)
  File "/home/ryedida/.local/lib/python3.9/site-packages/numpy/__init__.py", line 305, in __getattr__
    raise AttributeError(__former_attrs__[attr])
AttributeError: module 'numpy' has no attribute 'bool'.
`np.bool` was a deprecated alias for the builtin `bool`. To avoid this error in existing code, use `bool` by itself. Doing this will not modify any behavior and is safe. If you specifically wanted the numpy scalar type, use `np.bool_` here.
The aliases was originally deprecated in NumPy 1.20; for more details and guidance see the original release note at:
    https://numpy.org/devdocs/release/1.20.0-notes.html#deprecations

During handling of the above exception, another exception occurred:

Traceback (most recent call last):
  File "/home/ryedida/.local/lib/python3.9/site-packages/bayesmark/experiment.py", line 126, in run_study
    next_points = optimizer.suggest(n_suggestions)
  File "/home/ryedida/bbo_challenge_starter_kit/example_submissions/hebo/optimizer_mace.py", line 155, in suggest
    model.fit(X, Xe, y)
  File "/home/ryedida/bbo_challenge_starter_kit/example_submissions/hebo/bo/models/gp/gpy_wgp.py", line 89, in fit
    self.gp.optimize_restarts(max_iters = self.num_epochs, messages = self.verbose, num_restarts = 10)
  File "/home/ryedida/.local/lib/python3.9/site-packages/paramz/model.py", line 182, in optimize_restarts
    raise e
  File "/home/ryedida/.local/lib/python3.9/site-packages/paramz/model.py", line 171, in optimize_restarts
    self.randomize()
  File "/home/ryedida/.local/lib/python3.9/site-packages/GPy/core/__init__.py", line 80, in randomize
    unfixlist = np.ones((self.size,),dtype=np.bool)
  File "/home/ryedida/.local/lib/python3.9/site-packages/numpy/__init__.py", line 305, in __getattr__
    raise AttributeError(__former_attrs__[attr])
AttributeError: module 'numpy' has no attribute 'bool'.
`np.bool` was a deprecated alias for the builtin `bool`. To avoid this error in existing code, use `bool` by itself. Doing this will not modify any behavior and is safe. If you specifically wanted the numpy scalar type, use `np.bool_` here.
The aliases was originally deprecated in NumPy 1.20; for more details and guidance see the original release note at:
    https://numpy.org/devdocs/release/1.20.0-notes.html#deprecations
suggestion time taken 0.584186 iter 11 next_points [{'alpha': 0.0156718097836475, 'batch_size': 125, 'beta_1': 0.9089559240862949, 'beta_2': 0.9652371708195786, 'epsilon': 1.5528011856676367e-07, 'hidden_layer_sizes': 176, 'learning_rate_init': 5.479150196886358e-05, 'tol': 0.004347307235867291, 'validation_fraction': 0.5544411216970602}]
function_evaluation time 2.912724 value -0.874081 suggestion {'alpha': 0.0156718097836475, 'batch_size': 125, 'beta_1': 0.9089559240862949, 'beta_2': 0.9652371708195786, 'epsilon': 1.5528011856676367e-07, 'hidden_layer_sizes': 176, 'learning_rate_init': 5.479150196886358e-05, 'tol': 0.004347307235867291, 'validation_fraction': 0.5544411216970602}
 /home/ryedida/bbo_challenge_starter_kit/example_submissions/hebo/optimizer_mace.py:237: FutureWarning:The frame.append method is deprecated and will be removed from pandas in a future version. Use pandas.concat instead.

observation time 0.002255, current best -0.970076 at iter 11
 /home/ryedida/.local/lib/python3.9/site-packages/GPy/core/__init__.py:80: FutureWarning:In the future `np.bool` will be defined as the corresponding NumPy scalar.

 /home/ryedida/.local/lib/python3.9/site-packages/GPy/core/__init__.py:80: FutureWarning:In the future `np.bool` will be defined as the corresponding NumPy scalar.

Failure in optimizer suggest. Falling back to random search.
module 'numpy' has no attribute 'bool'.
`np.bool` was a deprecated alias for the builtin `bool`. To avoid this error in existing code, use `bool` by itself. Doing this will not modify any behavior and is safe. If you specifically wanted the numpy scalar type, use `np.bool_` here.
The aliases was originally deprecated in NumPy 1.20; for more details and guidance see the original release note at:
    https://numpy.org/devdocs/release/1.20.0-notes.html#deprecations
Traceback (most recent call last):
  File "/home/ryedida/bbo_challenge_starter_kit/example_submissions/hebo/optimizer_mace.py", line 145, in suggest
    model.fit(X, Xe, y)
  File "/home/ryedida/bbo_challenge_starter_kit/example_submissions/hebo/bo/models/gp/gpy_wgp.py", line 89, in fit
    self.gp.optimize_restarts(max_iters = self.num_epochs, messages = self.verbose, num_restarts = 10)
  File "/home/ryedida/.local/lib/python3.9/site-packages/paramz/model.py", line 182, in optimize_restarts
    raise e
  File "/home/ryedida/.local/lib/python3.9/site-packages/paramz/model.py", line 171, in optimize_restarts
    self.randomize()
  File "/home/ryedida/.local/lib/python3.9/site-packages/GPy/core/__init__.py", line 80, in randomize
    unfixlist = np.ones((self.size,),dtype=np.bool)
  File "/home/ryedida/.local/lib/python3.9/site-packages/numpy/__init__.py", line 305, in __getattr__
    raise AttributeError(__former_attrs__[attr])
AttributeError: module 'numpy' has no attribute 'bool'.
`np.bool` was a deprecated alias for the builtin `bool`. To avoid this error in existing code, use `bool` by itself. Doing this will not modify any behavior and is safe. If you specifically wanted the numpy scalar type, use `np.bool_` here.
The aliases was originally deprecated in NumPy 1.20; for more details and guidance see the original release note at:
    https://numpy.org/devdocs/release/1.20.0-notes.html#deprecations

During handling of the above exception, another exception occurred:

Traceback (most recent call last):
  File "/home/ryedida/.local/lib/python3.9/site-packages/bayesmark/experiment.py", line 126, in run_study
    next_points = optimizer.suggest(n_suggestions)
  File "/home/ryedida/bbo_challenge_starter_kit/example_submissions/hebo/optimizer_mace.py", line 155, in suggest
    model.fit(X, Xe, y)
  File "/home/ryedida/bbo_challenge_starter_kit/example_submissions/hebo/bo/models/gp/gpy_wgp.py", line 89, in fit
    self.gp.optimize_restarts(max_iters = self.num_epochs, messages = self.verbose, num_restarts = 10)
  File "/home/ryedida/.local/lib/python3.9/site-packages/paramz/model.py", line 182, in optimize_restarts
    raise e
  File "/home/ryedida/.local/lib/python3.9/site-packages/paramz/model.py", line 171, in optimize_restarts
    self.randomize()
  File "/home/ryedida/.local/lib/python3.9/site-packages/GPy/core/__init__.py", line 80, in randomize
    unfixlist = np.ones((self.size,),dtype=np.bool)
  File "/home/ryedida/.local/lib/python3.9/site-packages/numpy/__init__.py", line 305, in __getattr__
    raise AttributeError(__former_attrs__[attr])
AttributeError: module 'numpy' has no attribute 'bool'.
`np.bool` was a deprecated alias for the builtin `bool`. To avoid this error in existing code, use `bool` by itself. Doing this will not modify any behavior and is safe. If you specifically wanted the numpy scalar type, use `np.bool_` here.
The aliases was originally deprecated in NumPy 1.20; for more details and guidance see the original release note at:
    https://numpy.org/devdocs/release/1.20.0-notes.html#deprecations
suggestion time taken 0.400016 iter 12 next_points [{'alpha': 0.0004464348511305816, 'batch_size': 54, 'beta_1': 0.918592142537401, 'beta_2': 0.9999287717531752, 'epsilon': 1.3238519195344204e-09, 'hidden_layer_sizes': 192, 'learning_rate_init': 0.07472996235867704, 'tol': 9.4835908250048e-05, 'validation_fraction': 0.1659745969979195}]
function_evaluation time 1.506225 value -0.558590 suggestion {'alpha': 0.0004464348511305816, 'batch_size': 54, 'beta_1': 0.918592142537401, 'beta_2': 0.9999287717531752, 'epsilon': 1.3238519195344204e-09, 'hidden_layer_sizes': 192, 'learning_rate_init': 0.07472996235867704, 'tol': 9.4835908250048e-05, 'validation_fraction': 0.1659745969979195}
 /home/ryedida/bbo_challenge_starter_kit/example_submissions/hebo/optimizer_mace.py:237: FutureWarning:The frame.append method is deprecated and will be removed from pandas in a future version. Use pandas.concat instead.

observation time 0.002312, current best -0.970076 at iter 12
 /home/ryedida/.local/lib/python3.9/site-packages/GPy/core/__init__.py:80: FutureWarning:In the future `np.bool` will be defined as the corresponding NumPy scalar.

 /home/ryedida/.local/lib/python3.9/site-packages/GPy/core/__init__.py:80: FutureWarning:In the future `np.bool` will be defined as the corresponding NumPy scalar.

Failure in optimizer suggest. Falling back to random search.
module 'numpy' has no attribute 'bool'.
`np.bool` was a deprecated alias for the builtin `bool`. To avoid this error in existing code, use `bool` by itself. Doing this will not modify any behavior and is safe. If you specifically wanted the numpy scalar type, use `np.bool_` here.
The aliases was originally deprecated in NumPy 1.20; for more details and guidance see the original release note at:
    https://numpy.org/devdocs/release/1.20.0-notes.html#deprecations
Traceback (most recent call last):
  File "/home/ryedida/bbo_challenge_starter_kit/example_submissions/hebo/optimizer_mace.py", line 145, in suggest
    model.fit(X, Xe, y)
  File "/home/ryedida/bbo_challenge_starter_kit/example_submissions/hebo/bo/models/gp/gpy_wgp.py", line 89, in fit
    self.gp.optimize_restarts(max_iters = self.num_epochs, messages = self.verbose, num_restarts = 10)
  File "/home/ryedida/.local/lib/python3.9/site-packages/paramz/model.py", line 182, in optimize_restarts
    raise e
  File "/home/ryedida/.local/lib/python3.9/site-packages/paramz/model.py", line 171, in optimize_restarts
    self.randomize()
  File "/home/ryedida/.local/lib/python3.9/site-packages/GPy/core/__init__.py", line 80, in randomize
    unfixlist = np.ones((self.size,),dtype=np.bool)
  File "/home/ryedida/.local/lib/python3.9/site-packages/numpy/__init__.py", line 305, in __getattr__
    raise AttributeError(__former_attrs__[attr])
AttributeError: module 'numpy' has no attribute 'bool'.
`np.bool` was a deprecated alias for the builtin `bool`. To avoid this error in existing code, use `bool` by itself. Doing this will not modify any behavior and is safe. If you specifically wanted the numpy scalar type, use `np.bool_` here.
The aliases was originally deprecated in NumPy 1.20; for more details and guidance see the original release note at:
    https://numpy.org/devdocs/release/1.20.0-notes.html#deprecations

During handling of the above exception, another exception occurred:

Traceback (most recent call last):
  File "/home/ryedida/.local/lib/python3.9/site-packages/bayesmark/experiment.py", line 126, in run_study
    next_points = optimizer.suggest(n_suggestions)
  File "/home/ryedida/bbo_challenge_starter_kit/example_submissions/hebo/optimizer_mace.py", line 155, in suggest
    model.fit(X, Xe, y)
  File "/home/ryedida/bbo_challenge_starter_kit/example_submissions/hebo/bo/models/gp/gpy_wgp.py", line 89, in fit
    self.gp.optimize_restarts(max_iters = self.num_epochs, messages = self.verbose, num_restarts = 10)
  File "/home/ryedida/.local/lib/python3.9/site-packages/paramz/model.py", line 182, in optimize_restarts
    raise e
  File "/home/ryedida/.local/lib/python3.9/site-packages/paramz/model.py", line 171, in optimize_restarts
    self.randomize()
  File "/home/ryedida/.local/lib/python3.9/site-packages/GPy/core/__init__.py", line 80, in randomize
    unfixlist = np.ones((self.size,),dtype=np.bool)
  File "/home/ryedida/.local/lib/python3.9/site-packages/numpy/__init__.py", line 305, in __getattr__
    raise AttributeError(__former_attrs__[attr])
AttributeError: module 'numpy' has no attribute 'bool'.
`np.bool` was a deprecated alias for the builtin `bool`. To avoid this error in existing code, use `bool` by itself. Doing this will not modify any behavior and is safe. If you specifically wanted the numpy scalar type, use `np.bool_` here.
The aliases was originally deprecated in NumPy 1.20; for more details and guidance see the original release note at:
    https://numpy.org/devdocs/release/1.20.0-notes.html#deprecations
suggestion time taken 0.456500 iter 13 next_points [{'alpha': 1.6768446140233566, 'batch_size': 64, 'beta_1': 0.7943439739613988, 'beta_2': 0.9998135775811735, 'epsilon': 5.509632328286119e-07, 'hidden_layer_sizes': 103, 'learning_rate_init': 0.026015727342711247, 'tol': 0.02507212197819308, 'validation_fraction': 0.11238864451685707}]
function_evaluation time 0.611731 value -0.947106 suggestion {'alpha': 1.6768446140233566, 'batch_size': 64, 'beta_1': 0.7943439739613988, 'beta_2': 0.9998135775811735, 'epsilon': 5.509632328286119e-07, 'hidden_layer_sizes': 103, 'learning_rate_init': 0.026015727342711247, 'tol': 0.02507212197819308, 'validation_fraction': 0.11238864451685707}
 /home/ryedida/bbo_challenge_starter_kit/example_submissions/hebo/optimizer_mace.py:237: FutureWarning:The frame.append method is deprecated and will be removed from pandas in a future version. Use pandas.concat instead.

observation time 0.002238, current best -0.970076 at iter 13
 /home/ryedida/.local/lib/python3.9/site-packages/GPy/core/__init__.py:80: FutureWarning:In the future `np.bool` will be defined as the corresponding NumPy scalar.

 /home/ryedida/.local/lib/python3.9/site-packages/GPy/core/__init__.py:80: FutureWarning:In the future `np.bool` will be defined as the corresponding NumPy scalar.

Failure in optimizer suggest. Falling back to random search.
module 'numpy' has no attribute 'bool'.
`np.bool` was a deprecated alias for the builtin `bool`. To avoid this error in existing code, use `bool` by itself. Doing this will not modify any behavior and is safe. If you specifically wanted the numpy scalar type, use `np.bool_` here.
The aliases was originally deprecated in NumPy 1.20; for more details and guidance see the original release note at:
    https://numpy.org/devdocs/release/1.20.0-notes.html#deprecations
Traceback (most recent call last):
  File "/home/ryedida/bbo_challenge_starter_kit/example_submissions/hebo/optimizer_mace.py", line 145, in suggest
    model.fit(X, Xe, y)
  File "/home/ryedida/bbo_challenge_starter_kit/example_submissions/hebo/bo/models/gp/gpy_wgp.py", line 89, in fit
    self.gp.optimize_restarts(max_iters = self.num_epochs, messages = self.verbose, num_restarts = 10)
  File "/home/ryedida/.local/lib/python3.9/site-packages/paramz/model.py", line 182, in optimize_restarts
    raise e
  File "/home/ryedida/.local/lib/python3.9/site-packages/paramz/model.py", line 171, in optimize_restarts
    self.randomize()
  File "/home/ryedida/.local/lib/python3.9/site-packages/GPy/core/__init__.py", line 80, in randomize
    unfixlist = np.ones((self.size,),dtype=np.bool)
  File "/home/ryedida/.local/lib/python3.9/site-packages/numpy/__init__.py", line 305, in __getattr__
    raise AttributeError(__former_attrs__[attr])
AttributeError: module 'numpy' has no attribute 'bool'.
`np.bool` was a deprecated alias for the builtin `bool`. To avoid this error in existing code, use `bool` by itself. Doing this will not modify any behavior and is safe. If you specifically wanted the numpy scalar type, use `np.bool_` here.
The aliases was originally deprecated in NumPy 1.20; for more details and guidance see the original release note at:
    https://numpy.org/devdocs/release/1.20.0-notes.html#deprecations

During handling of the above exception, another exception occurred:

Traceback (most recent call last):
  File "/home/ryedida/.local/lib/python3.9/site-packages/bayesmark/experiment.py", line 126, in run_study
    next_points = optimizer.suggest(n_suggestions)
  File "/home/ryedida/bbo_challenge_starter_kit/example_submissions/hebo/optimizer_mace.py", line 155, in suggest
    model.fit(X, Xe, y)
  File "/home/ryedida/bbo_challenge_starter_kit/example_submissions/hebo/bo/models/gp/gpy_wgp.py", line 89, in fit
    self.gp.optimize_restarts(max_iters = self.num_epochs, messages = self.verbose, num_restarts = 10)
  File "/home/ryedida/.local/lib/python3.9/site-packages/paramz/model.py", line 182, in optimize_restarts
    raise e
  File "/home/ryedida/.local/lib/python3.9/site-packages/paramz/model.py", line 171, in optimize_restarts
    self.randomize()
  File "/home/ryedida/.local/lib/python3.9/site-packages/GPy/core/__init__.py", line 80, in randomize
    unfixlist = np.ones((self.size,),dtype=np.bool)
  File "/home/ryedida/.local/lib/python3.9/site-packages/numpy/__init__.py", line 305, in __getattr__
    raise AttributeError(__former_attrs__[attr])
AttributeError: module 'numpy' has no attribute 'bool'.
`np.bool` was a deprecated alias for the builtin `bool`. To avoid this error in existing code, use `bool` by itself. Doing this will not modify any behavior and is safe. If you specifically wanted the numpy scalar type, use `np.bool_` here.
The aliases was originally deprecated in NumPy 1.20; for more details and guidance see the original release note at:
    https://numpy.org/devdocs/release/1.20.0-notes.html#deprecations
suggestion time taken 0.409270 iter 14 next_points [{'alpha': 7.221466218534669e-05, 'batch_size': 247, 'beta_1': 0.9783912149995142, 'beta_2': 0.9996154756072951, 'epsilon': 4.828017644739633e-09, 'hidden_layer_sizes': 79, 'learning_rate_init': 0.001016007121280934, 'tol': 0.01967571880950516, 'validation_fraction': 0.15140689812798672}]
function_evaluation time 0.640311 value -0.906093 suggestion {'alpha': 7.221466218534669e-05, 'batch_size': 247, 'beta_1': 0.9783912149995142, 'beta_2': 0.9996154756072951, 'epsilon': 4.828017644739633e-09, 'hidden_layer_sizes': 79, 'learning_rate_init': 0.001016007121280934, 'tol': 0.01967571880950516, 'validation_fraction': 0.15140689812798672}
 /home/ryedida/bbo_challenge_starter_kit/example_submissions/hebo/optimizer_mace.py:237: FutureWarning:The frame.append method is deprecated and will be removed from pandas in a future version. Use pandas.concat instead.

observation time 0.002422, current best -0.970076 at iter 14
saving meta data: {'args': {'--uuid': '981e40b229eb5e33b9a7c1b59002e4c1', '-db-root': '/home/ryedida/bbo_challenge_starter_kit/output', '--opt-root': '/home/ryedida/bbo_challenge_starter_kit/example_submissions', '--data-root': None, '--db': 'run_20230430_001614', '--opt': 'hebo', '--data': 'digits', '--classifier': 'MLP-adam', '--metric': 'acc', '--calls': 15, '--suggestions': 1, '--jobs-file': None, '--verbose': False, 'dry_run': False, 'rev': 'a376313', 'opt_rev': '0.0.8'}, 'signature': ([{'alpha': 0.019628224813442792, 'batch_size': 182, 'beta_1': 0.9410202200271762, 'beta_2': 0.9998021557676793, 'epsilon': 1.8662266976518e-08, 'hidden_layer_sizes': 147, 'learning_rate_init': 0.0005627932047415167, 'tol': 0.03690557729213761, 'validation_fraction': 0.8846827852548593}, {'alpha': 0.0019982467392329444, 'batch_size': 200, 'beta_1': 0.919111482530466, 'beta_2': 0.9998488260436156, 'epsilon': 5.981221901152555e-07, 'hidden_layer_sizes': 61, 'learning_rate_init': 2.2310905607443014e-05, 'tol': 1.2046852412030316e-05, 'validation_fraction': 0.8117896445826539}, {'alpha': 0.46659545670218433, 'batch_size': 219, 'beta_1': 0.9889789783750891, 'beta_2': 0.9999896868093284, 'epsilon': 2.4234724484675948e-08, 'hidden_layer_sizes': 167, 'learning_rate_init': 2.972334644335654e-05, 'tol': 0.0036281404040243792, 'validation_fraction': 0.17260651658522078}, {'alpha': 4.656005689076002, 'batch_size': 135, 'beta_1': 0.870503881627747, 'beta_2': 0.9948873266941017, 'epsilon': 2.1023308743480125e-07, 'hidden_layer_sizes': 118, 'learning_rate_init': 0.0018781738757161913, 'tol': 1.1889379831773004e-05, 'validation_fraction': 0.6264327093752792}, {'alpha': 0.04705159350400542, 'batch_size': 158, 'beta_1': 0.9870884262730957, 'beta_2': 0.9999596874382349, 'epsilon': 1.1981845126013875e-08, 'hidden_layer_sizes': 116, 'learning_rate_init': 0.00617340520407431, 'tol': 1.741413418158619e-05, 'validation_fraction': 0.6754299026638921}], [-0.21081107239643826, -0.1295489740611692, -0.27999177313201706, -0.9422522260936896, -0.9332050909794812])}
saving results
saving timing
saving suggest log
done
