running: {'--uuid': 'bb3dc6d8fc9f5dfc8f79f53cf75bd366', '-db-root': '/Users/ryedida/Desktop/menzies/thesis/smoothness-hpo/smoothness-hpo/bbo_challenge_starter_kit/output', '--opt-root': '/Users/ryedida/Desktop/menzies/thesis/smoothness-hpo/smoothness-hpo/bbo_challenge_starter_kit/example_submissions', '--data-root': None, '--db': 'run_20230815_180041', '--opt': 'opentuner', '--data': 'diabetes', '--classifier': 'MLP-adam', '--metric': 'mse', '--calls': 45, '--suggestions': 1, '--jobs-file': None, '--verbose': False, 'dry_run': False, 'rev': 'a376313', 'opt_rev': '0.8.8'}
cmd: python opentuner/optimizer.py -c MLP-adam -d diabetes -o opentuner -u bb3dc6d8fc9f5dfc8f79f53cf75bd366 -m mse -n 45 -p 1 -dir /Users/ryedida/Desktop/menzies/thesis/smoothness-hpo/smoothness-hpo/bbo_challenge_starter_kit/output -b run_20230815_180041
/Users/ryedida/miniforge3/lib/python3.9/site-packages/sklearn/neural_network/_multilayer_perceptron.py:605: UserWarning: Got `batch_size` less than 1 or larger than sample size. It is going to be clipped
  warnings.warn(

/Users/ryedida/miniforge3/lib/python3.9/site-packages/sklearn/neural_network/_multilayer_perceptron.py:605: UserWarning: Got `batch_size` less than 1 or larger than sample size. It is going to be clipped
  warnings.warn(

/Users/ryedida/miniforge3/lib/python3.9/site-packages/sklearn/neural_network/_multilayer_perceptron.py:605: UserWarning: Got `batch_size` less than 1 or larger than sample size. It is going to be clipped
  warnings.warn(

/Users/ryedida/miniforge3/lib/python3.9/site-packages/sklearn/neural_network/_multilayer_perceptron.py:686: ConvergenceWarning: Stochastic Optimizer: Maximum iterations (200) reached and the optimization hasn't converged yet.
  warnings.warn(

/Users/ryedida/miniforge3/lib/python3.9/site-packages/sklearn/neural_network/_multilayer_perceptron.py:605: UserWarning: Got `batch_size` less than 1 or larger than sample size. It is going to be clipped
  warnings.warn(

/Users/ryedida/miniforge3/lib/python3.9/site-packages/sklearn/neural_network/_multilayer_perceptron.py:686: ConvergenceWarning: Stochastic Optimizer: Maximum iterations (200) reached and the optimization hasn't converged yet.
  warnings.warn(

computed signature: ([{'alpha': 0.019628224813442792, 'batch_size': 182, 'beta_1': 0.9410202200271762, 'beta_2': 0.9998021557676793, 'epsilon': 1.8662266976518e-08, 'hidden_layer_sizes': 147, 'learning_rate_init': 0.0005627932047415167, 'tol': 0.03690557729213761, 'validation_fraction': 0.8846827852548593}, {'alpha': 0.001998246739232944, 'batch_size': 200, 'beta_1': 0.919111482530466, 'beta_2': 0.9998488260436156, 'epsilon': 5.981221901152555e-07, 'hidden_layer_sizes': 61, 'learning_rate_init': 2.2310905607443014e-05, 'tol': 1.2046852412030316e-05, 'validation_fraction': 0.8117896445826539}, {'alpha': 0.46659545670218433, 'batch_size': 219, 'beta_1': 0.9889789783750891, 'beta_2': 0.9999896868093284, 'epsilon': 2.4234724484675948e-08, 'hidden_layer_sizes': 167, 'learning_rate_init': 2.972334644335654e-05, 'tol': 0.0036281404040243792, 'validation_fraction': 0.17260651658522078}, {'alpha': 4.656005689076002, 'batch_size': 135, 'beta_1': 0.870503881627747, 'beta_2': 0.9948873266941017, 'epsilon': 2.1023308743480125e-07, 'hidden_layer_sizes': 118, 'learning_rate_init': 0.001878173875716191, 'tol': 1.1889379831773006e-05, 'validation_fraction': 0.6264327093752792}, {'alpha': 0.04705159350400542, 'batch_size': 158, 'beta_1': 0.9870884262730957, 'beta_2': 0.9999596874382349, 'epsilon': 1.1981845126013875e-08, 'hidden_layer_sizes': 116, 'learning_rate_init': 0.006173405204074311, 'tol': 1.7414134181586194e-05, 'validation_fraction': 0.6754299026638921}], [29083.993548572587, 29062.423277324073, 29075.78987471409, 24626.32866834337, 9584.226858493173])
/Users/ryedida/miniforge3/lib/python3.9/site-packages/bayesmark/experiment.py:469: UserWarning: Baselines not found. Will not log intermediate scores.
  warnings.warn("Baselines not found. Will not log intermediate scores.")

starting sklearn study opentuner MLP-adam diabetes mse 45 1
with data root: None
suggestion time taken 0.010433 iter 0 next_points [{'hidden_layer_sizes': 76, 'alpha': 6.864271471318882, 'batch_size': 244, 'learning_rate_init': 0.04640838909819161, 'tol': 0.006581277900563332, 'validation_fraction': 0.15856446935430296, 'beta_1': 0.8836857457263553, 'beta_2': 0.9110191882870592, 'epsilon': 9.036259506494938e-07}]
function_evaluation time 0.213877 value 4195.730592 suggestion {'hidden_layer_sizes': 76, 'alpha': 6.864271471318882, 'batch_size': 244, 'learning_rate_init': 0.04640838909819161, 'tol': 0.006581277900563332, 'validation_fraction': 0.15856446935430296, 'beta_1': 0.8836857457263553, 'beta_2': 0.9110191882870592, 'epsilon': 9.036259506494938e-07}
observation time 0.002525, current best 4195.730592 at iter 0
suggestion time taken 0.041076 iter 1 next_points [{'epsilon': 5.525039323000792e-07, 'beta_2': 0.9949985549837126, 'alpha': 0.6366084481641431, 'batch_size': 237, 'beta_1': 0.6146020431877037, 'learning_rate_init': 0.03610233612054275, 'tol': 0.051774244347655145, 'hidden_layer_sizes': 84, 'validation_fraction': 0.49214421091853333}]
/Users/ryedida/miniforge3/lib/python3.9/site-packages/sklearn/neural_network/_multilayer_perceptron.py:605: UserWarning: Got `batch_size` less than 1 or larger than sample size. It is going to be clipped
  warnings.warn(

function_evaluation time 0.164373 value 3771.524798 suggestion {'epsilon': 5.525039323000792e-07, 'beta_2': 0.9949985549837126, 'alpha': 0.6366084481641431, 'batch_size': 237, 'beta_1': 0.6146020431877037, 'learning_rate_init': 0.03610233612054275, 'tol': 0.051774244347655145, 'hidden_layer_sizes': 84, 'validation_fraction': 0.49214421091853333}
observation time 0.001153, current best 3771.524798 at iter 1
suggestion time taken 0.022371 iter 2 next_points [{'epsilon': 5.155738783962628e-07, 'beta_2': 0.943435389706633, 'alpha': 6.243680559573704, 'batch_size': 84, 'beta_1': 0.8285860922814807, 'learning_rate_init': 0.07631500853062938, 'tol': 0.0971734258877998, 'hidden_layer_sizes': 71, 'validation_fraction': 0.6284457080229793}]
function_evaluation time 0.119202 value 3743.331942 suggestion {'epsilon': 5.155738783962628e-07, 'beta_2': 0.943435389706633, 'alpha': 6.243680559573704, 'batch_size': 84, 'beta_1': 0.8285860922814807, 'learning_rate_init': 0.07631500853062938, 'tol': 0.0971734258877998, 'hidden_layer_sizes': 71, 'validation_fraction': 0.6284457080229793}
observation time 0.002611, current best 3743.331942 at iter 2
suggestion time taken 0.004785 iter 3 next_points [{'epsilon': 5.155738783962628e-07, 'beta_2': 0.943435389706633, 'alpha': 6.243680559573704, 'batch_size': 84, 'beta_1': 0.8285860922814807, 'learning_rate_init': 0.07631500853062938, 'tol': 0.0971734258877998, 'hidden_layer_sizes': 56, 'validation_fraction': 0.6284457080229793}]
function_evaluation time 0.101579 value 3709.379418 suggestion {'epsilon': 5.155738783962628e-07, 'beta_2': 0.943435389706633, 'alpha': 6.243680559573704, 'batch_size': 84, 'beta_1': 0.8285860922814807, 'learning_rate_init': 0.07631500853062938, 'tol': 0.0971734258877998, 'hidden_layer_sizes': 56, 'validation_fraction': 0.6284457080229793}
observation time 0.001046, current best 3709.379418 at iter 3
suggestion time taken 0.003151 iter 4 next_points [{'epsilon': 4.1174309878793226e-08, 'beta_2': 0.9221763939442097, 'alpha': 0.6147888156689597, 'batch_size': 53, 'beta_1': 0.8397268834061355, 'learning_rate_init': 0.033812774648638015, 'tol': 0.027432704575068568, 'hidden_layer_sizes': 149, 'validation_fraction': 0.45786235911449935}]
function_evaluation time 0.163964 value 3322.842559 suggestion {'epsilon': 4.1174309878793226e-08, 'beta_2': 0.9221763939442097, 'alpha': 0.6147888156689597, 'batch_size': 53, 'beta_1': 0.8397268834061355, 'learning_rate_init': 0.033812774648638015, 'tol': 0.027432704575068568, 'hidden_layer_sizes': 149, 'validation_fraction': 0.45786235911449935}
observation time 0.002540, current best 3322.842559 at iter 4
suggestion time taken 0.006631 iter 5 next_points [{'epsilon': 4.1174309878793226e-08, 'beta_2': 0.9221763939442097, 'alpha': 4.292837633372847, 'batch_size': 53, 'beta_1': 0.8397268834061355, 'learning_rate_init': 0.07082177113161785, 'tol': 0.027432704575068568, 'hidden_layer_sizes': 149, 'validation_fraction': 0.45786235911449935}]
function_evaluation time 0.146480 value 3044.698536 suggestion {'epsilon': 4.1174309878793226e-08, 'beta_2': 0.9221763939442097, 'alpha': 4.292837633372847, 'batch_size': 53, 'beta_1': 0.8397268834061355, 'learning_rate_init': 0.07082177113161785, 'tol': 0.027432704575068568, 'hidden_layer_sizes': 149, 'validation_fraction': 0.45786235911449935}
observation time 0.002543, current best 3044.698536 at iter 5
suggestion time taken 0.007531 iter 6 next_points [{'epsilon': 1.1723327234033809e-07, 'beta_2': 0.9221763939442097, 'alpha': 4.292837633372847, 'batch_size': 53, 'beta_1': 0.7714616352618587, 'learning_rate_init': 0.07082177113161785, 'tol': 0.027432704575068568, 'hidden_layer_sizes': 143, 'validation_fraction': 0.45786235911449935}]
function_evaluation time 0.179746 value 2993.684753 suggestion {'epsilon': 1.1723327234033809e-07, 'beta_2': 0.9221763939442097, 'alpha': 4.292837633372847, 'batch_size': 53, 'beta_1': 0.7714616352618587, 'learning_rate_init': 0.07082177113161785, 'tol': 0.027432704575068568, 'hidden_layer_sizes': 143, 'validation_fraction': 0.45786235911449935}
observation time 0.001156, current best 2993.684753 at iter 6
suggestion time taken 0.006391 iter 7 next_points [{'epsilon': 6.893332128726493e-07, 'beta_2': 0.9791519457561375, 'alpha': 1.0826584840344697, 'batch_size': 144, 'beta_1': 0.8809574300735522, 'learning_rate_init': 0.007726166895497478, 'tol': 0.05313880935029885, 'hidden_layer_sizes': 122, 'validation_fraction': 0.7369353002350676}]
/Users/ryedida/miniforge3/lib/python3.9/site-packages/sklearn/neural_network/_multilayer_perceptron.py:605: UserWarning: Got `batch_size` less than 1 or larger than sample size. It is going to be clipped
  warnings.warn(

function_evaluation time 0.047303 value 28699.982402 suggestion {'epsilon': 6.893332128726493e-07, 'beta_2': 0.9791519457561375, 'alpha': 1.0826584840344697, 'batch_size': 144, 'beta_1': 0.8809574300735522, 'learning_rate_init': 0.007726166895497478, 'tol': 0.05313880935029885, 'hidden_layer_sizes': 122, 'validation_fraction': 0.7369353002350676}
observation time 0.001279, current best 2993.684753 at iter 7
suggestion time taken 0.004538 iter 8 next_points [{'epsilon': 1.1723327234033809e-07, 'beta_2': 0.9521036329550846, 'alpha': 4.292837633372847, 'batch_size': 53, 'beta_1': 0.7714616352618587, 'learning_rate_init': 0.07082177113161785, 'tol': 0.027432704575068568, 'hidden_layer_sizes': 143, 'validation_fraction': 0.45786235911449935}]
function_evaluation time 0.160014 value 3126.192598 suggestion {'epsilon': 1.1723327234033809e-07, 'beta_2': 0.9521036329550846, 'alpha': 4.292837633372847, 'batch_size': 53, 'beta_1': 0.7714616352618587, 'learning_rate_init': 0.07082177113161785, 'tol': 0.027432704575068568, 'hidden_layer_sizes': 143, 'validation_fraction': 0.45786235911449935}
observation time 0.002586, current best 2993.684753 at iter 8
suggestion time taken 0.005421 iter 9 next_points [{'epsilon': 1.1723327234033809e-07, 'beta_2': 0.9243060635809383, 'alpha': 4.292837633372847, 'batch_size': 53, 'beta_1': 0.7714616352618587, 'learning_rate_init': 0.07082177113161785, 'tol': 0.031515901050065125, 'hidden_layer_sizes': 143, 'validation_fraction': 0.45786235911449935}]
function_evaluation time 0.140202 value 3003.527103 suggestion {'epsilon': 1.1723327234033809e-07, 'beta_2': 0.9243060635809383, 'alpha': 4.292837633372847, 'batch_size': 53, 'beta_1': 0.7714616352618587, 'learning_rate_init': 0.07082177113161785, 'tol': 0.031515901050065125, 'hidden_layer_sizes': 143, 'validation_fraction': 0.45786235911449935}
observation time 0.001211, current best 2993.684753 at iter 9
suggestion time taken 0.003487 iter 10 next_points [{'epsilon': 4.849575136195151e-07, 'beta_2': 0.930699304169034, 'alpha': 2.786633460211127, 'batch_size': 32, 'beta_1': 0.6984271118051628, 'learning_rate_init': 0.06191507342195173, 'tol': 0.03821701751076872, 'hidden_layer_sizes': 187, 'validation_fraction': 0.5324699358091342}]
function_evaluation time 0.204798 value 2967.079771 suggestion {'epsilon': 4.849575136195151e-07, 'beta_2': 0.930699304169034, 'alpha': 2.786633460211127, 'batch_size': 32, 'beta_1': 0.6984271118051628, 'learning_rate_init': 0.06191507342195173, 'tol': 0.03821701751076872, 'hidden_layer_sizes': 187, 'validation_fraction': 0.5324699358091342}
observation time 0.001152, current best 2967.079771 at iter 10
suggestion time taken 0.004740 iter 11 next_points [{'epsilon': 2.4256971734079493e-07, 'beta_2': 0.9702794207029797, 'alpha': 2.494518997710201, 'batch_size': 183, 'beta_1': 0.5815027611565265, 'learning_rate_init': 0.05707837667097942, 'tol': 0.04085915674268142, 'hidden_layer_sizes': 126, 'validation_fraction': 0.6148189769029044}]
/Users/ryedida/miniforge3/lib/python3.9/site-packages/sklearn/neural_network/_multilayer_perceptron.py:605: UserWarning: Got `batch_size` less than 1 or larger than sample size. It is going to be clipped
  warnings.warn(

function_evaluation time 0.125742 value 3459.615073 suggestion {'epsilon': 2.4256971734079493e-07, 'beta_2': 0.9702794207029797, 'alpha': 2.494518997710201, 'batch_size': 183, 'beta_1': 0.5815027611565265, 'learning_rate_init': 0.05707837667097942, 'tol': 0.04085915674268142, 'hidden_layer_sizes': 126, 'validation_fraction': 0.6148189769029044}
observation time 0.002570, current best 2967.079771 at iter 11
suggestion time taken 0.004993 iter 12 next_points [{'epsilon': 5.418393282113621e-07, 'beta_2': 0.9405374393069484, 'alpha': 1.1617839170423885, 'batch_size': 31, 'beta_1': 0.8098395355669111, 'learning_rate_init': 0.09442203633283623, 'tol': 0.06708359273937396, 'hidden_layer_sizes': 165, 'validation_fraction': 0.3401778062063713}]
function_evaluation time 0.137990 value 2932.813344 suggestion {'epsilon': 5.418393282113621e-07, 'beta_2': 0.9405374393069484, 'alpha': 1.1617839170423885, 'batch_size': 31, 'beta_1': 0.8098395355669111, 'learning_rate_init': 0.09442203633283623, 'tol': 0.06708359273937396, 'hidden_layer_sizes': 165, 'validation_fraction': 0.3401778062063713}
observation time 0.002537, current best 2932.813344 at iter 12
suggestion time taken 0.005773 iter 13 next_points [{'epsilon': 5.598133580314291e-07, 'beta_2': 0.9832381227031712, 'alpha': 2.4929708538077557, 'batch_size': 33, 'beta_1': 0.9483132600942071, 'learning_rate_init': 0.07250141378380397, 'tol': 0.05987946079357192, 'hidden_layer_sizes': 112, 'validation_fraction': 0.4783632441169442}]
function_evaluation time 0.147397 value 3003.487517 suggestion {'epsilon': 5.598133580314291e-07, 'beta_2': 0.9832381227031712, 'alpha': 2.4929708538077557, 'batch_size': 33, 'beta_1': 0.9483132600942071, 'learning_rate_init': 0.07250141378380397, 'tol': 0.05987946079357192, 'hidden_layer_sizes': 112, 'validation_fraction': 0.4783632441169442}
observation time 0.001011, current best 2932.813344 at iter 13
suggestion time taken 0.003105 iter 14 next_points [{'epsilon': 5.237746788794007e-07, 'beta_2': 0.9107353080193068, 'alpha': 1.6093097027855854, 'batch_size': 101, 'beta_1': 0.8033853393179071, 'learning_rate_init': 0.06468818029711924, 'tol': 0.0731884577429928, 'hidden_layer_sizes': 104, 'validation_fraction': 0.3337920438198017}]
function_evaluation time 0.128353 value 3366.447197 suggestion {'epsilon': 5.237746788794007e-07, 'beta_2': 0.9107353080193068, 'alpha': 1.6093097027855854, 'batch_size': 101, 'beta_1': 0.8033853393179071, 'learning_rate_init': 0.06468818029711924, 'tol': 0.0731884577429928, 'hidden_layer_sizes': 104, 'validation_fraction': 0.3337920438198017}
observation time 0.001210, current best 2932.813344 at iter 14
suggestion time taken 0.004523 iter 15 next_points [{'epsilon': 5.418393282113621e-07, 'beta_2': 0.9405374393069484, 'alpha': 1.7660716446556073, 'batch_size': 31, 'beta_1': 0.8098395355669111, 'learning_rate_init': 0.09442203633283623, 'tol': 0.06708359273937396, 'hidden_layer_sizes': 174, 'validation_fraction': 0.3401778062063713}]
function_evaluation time 0.161198 value 2971.667637 suggestion {'epsilon': 5.418393282113621e-07, 'beta_2': 0.9405374393069484, 'alpha': 1.7660716446556073, 'batch_size': 31, 'beta_1': 0.8098395355669111, 'learning_rate_init': 0.09442203633283623, 'tol': 0.06708359273937396, 'hidden_layer_sizes': 174, 'validation_fraction': 0.3401778062063713}
observation time 0.002501, current best 2932.813344 at iter 15
suggestion time taken 0.005291 iter 16 next_points [{'epsilon': 5.418393282113621e-07, 'beta_2': 0.9145484048187148, 'alpha': 1.1617839170423885, 'batch_size': 31, 'beta_1': 0.7527613375497983, 'learning_rate_init': 0.09442203633283623, 'tol': 0.06708359273937396, 'hidden_layer_sizes': 165, 'validation_fraction': 0.3401778062063713}]
function_evaluation time 0.127171 value 2937.373851 suggestion {'epsilon': 5.418393282113621e-07, 'beta_2': 0.9145484048187148, 'alpha': 1.1617839170423885, 'batch_size': 31, 'beta_1': 0.7527613375497983, 'learning_rate_init': 0.09442203633283623, 'tol': 0.06708359273937396, 'hidden_layer_sizes': 165, 'validation_fraction': 0.3401778062063713}
observation time 0.001006, current best 2932.813344 at iter 16
suggestion time taken 0.004085 iter 17 next_points [{'epsilon': 2.7404156557939054e-07, 'beta_2': 0.9121629035368867, 'alpha': 1.1782008899632732, 'batch_size': 20, 'beta_1': 0.6444036331762022, 'learning_rate_init': 0.08321715182803462, 'tol': 0.09661388293174149, 'hidden_layer_sizes': 56, 'validation_fraction': 0.36472440299734}]
function_evaluation time 0.127708 value 2938.670936 suggestion {'epsilon': 2.7404156557939054e-07, 'beta_2': 0.9121629035368867, 'alpha': 1.1782008899632732, 'batch_size': 20, 'beta_1': 0.6444036331762022, 'learning_rate_init': 0.08321715182803462, 'tol': 0.09661388293174149, 'hidden_layer_sizes': 56, 'validation_fraction': 0.36472440299734}
observation time 0.001142, current best 2932.813344 at iter 17
suggestion time taken 0.003622 iter 18 next_points [{'epsilon': 8.238177643676559e-07, 'beta_2': 0.9640766151259605, 'alpha': 0.3616276163611653, 'batch_size': 164, 'beta_1': 0.9372799683655378, 'learning_rate_init': 0.08929178172139023, 'tol': 0.021024748266381166, 'hidden_layer_sizes': 189, 'validation_fraction': 0.4740948899223665}]
function_evaluation time 0.167919 value 4161.305128 suggestion {'epsilon': 8.238177643676559e-07, 'beta_2': 0.9640766151259605, 'alpha': 0.3616276163611653, 'batch_size': 164, 'beta_1': 0.9372799683655378, 'learning_rate_init': 0.08929178172139023, 'tol': 0.021024748266381166, 'hidden_layer_sizes': 189, 'validation_fraction': 0.4740948899223665}
observation time 0.001157, current best 2932.813344 at iter 18
suggestion time taken 0.004659 iter 19 next_points [{'epsilon': 4.062533391085689e-07, 'beta_2': 0.9292442896291543, 'alpha': 1.1330803688518616, 'batch_size': 31, 'beta_1': 0.8098395355669111, 'learning_rate_init': 0.09442203633283623, 'tol': 0.06708359273937396, 'hidden_layer_sizes': 165, 'validation_fraction': 0.3401778062063713}]
function_evaluation time 0.144295 value 2896.270974 suggestion {'epsilon': 4.062533391085689e-07, 'beta_2': 0.9292442896291543, 'alpha': 1.1330803688518616, 'batch_size': 31, 'beta_1': 0.8098395355669111, 'learning_rate_init': 0.09442203633283623, 'tol': 0.06708359273937396, 'hidden_layer_sizes': 165, 'validation_fraction': 0.3401778062063713}
observation time 0.002084, current best 2896.270974 at iter 19
suggestion time taken 0.011720 iter 20 next_points [{'epsilon': 5.326141504785321e-07, 'beta_2': 0.9292442896291543, 'alpha': 1.1330803688518616, 'batch_size': 31, 'beta_1': 0.8098395355669111, 'learning_rate_init': 0.09442203633283623, 'tol': 0.06708359273937396, 'hidden_layer_sizes': 165, 'validation_fraction': 0.3950129682940162}]
function_evaluation time 0.151868 value 2928.425965 suggestion {'epsilon': 5.326141504785321e-07, 'beta_2': 0.9292442896291543, 'alpha': 1.1330803688518616, 'batch_size': 31, 'beta_1': 0.8098395355669111, 'learning_rate_init': 0.09442203633283623, 'tol': 0.06708359273937396, 'hidden_layer_sizes': 165, 'validation_fraction': 0.3950129682940162}
observation time 0.001116, current best 2896.270974 at iter 20
suggestion time taken 0.004623 iter 21 next_points [{'epsilon': 4.092227480495249e-07, 'beta_2': 0.9292442896291543, 'alpha': 1.129731742316391, 'batch_size': 31, 'beta_1': 0.8098395355669111, 'learning_rate_init': 0.09442203633283623, 'tol': 0.06708359273937396, 'hidden_layer_sizes': 152, 'validation_fraction': 0.463996737149448}]
function_evaluation time 0.158205 value 2953.911367 suggestion {'epsilon': 4.092227480495249e-07, 'beta_2': 0.9292442896291543, 'alpha': 1.129731742316391, 'batch_size': 31, 'beta_1': 0.8098395355669111, 'learning_rate_init': 0.09442203633283623, 'tol': 0.06708359273937396, 'hidden_layer_sizes': 152, 'validation_fraction': 0.463996737149448}
observation time 0.002570, current best 2896.270974 at iter 21
suggestion time taken 0.004494 iter 22 next_points [{'epsilon': 4.062533391085689e-07, 'beta_2': 0.9292442896291543, 'alpha': 1.1330803688518616, 'batch_size': 31, 'beta_1': 0.6667775578742463, 'learning_rate_init': 0.09442203633283623, 'tol': 0.06708359273937396, 'hidden_layer_sizes': 69, 'validation_fraction': 0.3401778062063713}]
function_evaluation time 0.106212 value 2965.011597 suggestion {'epsilon': 4.062533391085689e-07, 'beta_2': 0.9292442896291543, 'alpha': 1.1330803688518616, 'batch_size': 31, 'beta_1': 0.6667775578742463, 'learning_rate_init': 0.09442203633283623, 'tol': 0.06708359273937396, 'hidden_layer_sizes': 69, 'validation_fraction': 0.3401778062063713}
observation time 0.001092, current best 2896.270974 at iter 22
suggestion time taken 0.007435 iter 23 next_points [{'epsilon': 7.482987397783015e-07, 'beta_2': 0.9032622324184383, 'alpha': 6.394101622441705, 'batch_size': 240, 'beta_1': 0.6071421443746877, 'learning_rate_init': 0.0801232518216292, 'tol': 0.04025013781086189, 'hidden_layer_sizes': 150, 'validation_fraction': 0.2547807603855693}]
function_evaluation time 0.244796 value 3396.218536 suggestion {'epsilon': 7.482987397783015e-07, 'beta_2': 0.9032622324184383, 'alpha': 6.394101622441705, 'batch_size': 240, 'beta_1': 0.6071421443746877, 'learning_rate_init': 0.0801232518216292, 'tol': 0.04025013781086189, 'hidden_layer_sizes': 150, 'validation_fraction': 0.2547807603855693}
observation time 0.002796, current best 2896.270974 at iter 23
suggestion time taken 0.006314 iter 24 next_points [{'epsilon': 3.9740013960173806e-07, 'beta_2': 0.9292442896291543, 'alpha': 1.1330803688518616, 'batch_size': 54, 'beta_1': 0.8098395355669111, 'learning_rate_init': 0.09087076871265924, 'tol': 0.06708359273937396, 'hidden_layer_sizes': 165, 'validation_fraction': 0.3401778062063713}]
function_evaluation time 0.131825 value 2977.350956 suggestion {'epsilon': 3.9740013960173806e-07, 'beta_2': 0.9292442896291543, 'alpha': 1.1330803688518616, 'batch_size': 54, 'beta_1': 0.8098395355669111, 'learning_rate_init': 0.09087076871265924, 'tol': 0.06708359273937396, 'hidden_layer_sizes': 165, 'validation_fraction': 0.3401778062063713}
observation time 0.001252, current best 2896.270974 at iter 24
suggestion time taken 0.008493 iter 25 next_points [{'epsilon': 7.471615088022455e-07, 'beta_2': 0.9056390477675083, 'alpha': 0.24041474387741796, 'batch_size': 72, 'beta_1': 0.9244033128868201, 'learning_rate_init': 0.03246814040413953, 'tol': 0.07966279185274387, 'hidden_layer_sizes': 198, 'validation_fraction': 0.4966645855098234}]
function_evaluation time 0.253893 value 3827.926160 suggestion {'epsilon': 7.471615088022455e-07, 'beta_2': 0.9056390477675083, 'alpha': 0.24041474387741796, 'batch_size': 72, 'beta_1': 0.9244033128868201, 'learning_rate_init': 0.03246814040413953, 'tol': 0.07966279185274387, 'hidden_layer_sizes': 198, 'validation_fraction': 0.4966645855098234}
observation time 0.001179, current best 2896.270974 at iter 25
suggestion time taken 0.010553 iter 26 next_points [{'epsilon': 3.2841007038872285e-07, 'beta_2': 0.9292442896291543, 'alpha': 1.1330803688518616, 'batch_size': 31, 'beta_1': 0.8098395355669111, 'learning_rate_init': 0.09442203633283623, 'tol': 0.05581613679382962, 'hidden_layer_sizes': 165, 'validation_fraction': 0.4093048161149445}]
function_evaluation time 0.210651 value 3043.401548 suggestion {'epsilon': 3.2841007038872285e-07, 'beta_2': 0.9292442896291543, 'alpha': 1.1330803688518616, 'batch_size': 31, 'beta_1': 0.8098395355669111, 'learning_rate_init': 0.09442203633283623, 'tol': 0.05581613679382962, 'hidden_layer_sizes': 165, 'validation_fraction': 0.4093048161149445}
observation time 0.002896, current best 2896.270974 at iter 26
suggestion time taken 0.008614 iter 27 next_points [{'epsilon': 4.062533391085689e-07, 'beta_2': 0.9292442896291543, 'alpha': 1.1330803688518616, 'batch_size': 31, 'beta_1': 0.9813274347617412, 'learning_rate_init': 0.09442203633283623, 'tol': 0.06708359273937396, 'hidden_layer_sizes': 165, 'validation_fraction': 0.3401778062063713}]
function_evaluation time 0.241128 value 3231.462950 suggestion {'epsilon': 4.062533391085689e-07, 'beta_2': 0.9292442896291543, 'alpha': 1.1330803688518616, 'batch_size': 31, 'beta_1': 0.9813274347617412, 'learning_rate_init': 0.09442203633283623, 'tol': 0.06708359273937396, 'hidden_layer_sizes': 165, 'validation_fraction': 0.3401778062063713}
observation time 0.001415, current best 2896.270974 at iter 27
suggestion time taken 0.004362 iter 28 next_points [{'epsilon': 5.37027706887765e-07, 'beta_2': 0.9758825167200068, 'alpha': 2.846955131291466, 'batch_size': 151, 'beta_1': 0.7232783519591974, 'learning_rate_init': 0.044925143625495094, 'tol': 0.009462826916599432, 'hidden_layer_sizes': 130, 'validation_fraction': 0.6881227820461255}]
/Users/ryedida/miniforge3/lib/python3.9/site-packages/sklearn/neural_network/_multilayer_perceptron.py:605: UserWarning: Got `batch_size` less than 1 or larger than sample size. It is going to be clipped
  warnings.warn(

function_evaluation time 0.173718 value 3610.652861 suggestion {'epsilon': 5.37027706887765e-07, 'beta_2': 0.9758825167200068, 'alpha': 2.846955131291466, 'batch_size': 151, 'beta_1': 0.7232783519591974, 'learning_rate_init': 0.044925143625495094, 'tol': 0.009462826916599432, 'hidden_layer_sizes': 130, 'validation_fraction': 0.6881227820461255}
observation time 0.001160, current best 2896.270974 at iter 28
suggestion time taken 0.003430 iter 29 next_points [{'epsilon': 5.312785073268978e-07, 'beta_2': 0.9480133011287198, 'alpha': 1.996735130056389, 'batch_size': 39, 'beta_1': 0.9447451860357168, 'learning_rate_init': 0.04934568519163001, 'tol': 0.03503321727920022, 'hidden_layer_sizes': 139, 'validation_fraction': 0.3649478692250455}]
function_evaluation time 0.207651 value 3045.328938 suggestion {'epsilon': 5.312785073268978e-07, 'beta_2': 0.9480133011287198, 'alpha': 1.996735130056389, 'batch_size': 39, 'beta_1': 0.9447451860357168, 'learning_rate_init': 0.04934568519163001, 'tol': 0.03503321727920022, 'hidden_layer_sizes': 139, 'validation_fraction': 0.3649478692250455}
observation time 0.001238, current best 2896.270974 at iter 29
suggestion time taken 0.004997 iter 30 next_points [{'epsilon': 3.585367752972625e-07, 'beta_2': 0.9292442896291543, 'alpha': 1.1330803688518616, 'batch_size': 31, 'beta_1': 0.8098395355669111, 'learning_rate_init': 0.09442203633283623, 'tol': 0.06708359273937396, 'hidden_layer_sizes': 165, 'validation_fraction': 0.3401778062063713}]
function_evaluation time 0.190968 value 2866.818984 suggestion {'epsilon': 3.585367752972625e-07, 'beta_2': 0.9292442896291543, 'alpha': 1.1330803688518616, 'batch_size': 31, 'beta_1': 0.8098395355669111, 'learning_rate_init': 0.09442203633283623, 'tol': 0.06708359273937396, 'hidden_layer_sizes': 165, 'validation_fraction': 0.3401778062063713}
observation time 0.001245, current best 2866.818984 at iter 30
suggestion time taken 0.008440 iter 31 next_points [{'epsilon': 5.105610999816813e-07, 'beta_2': 0.9450059455360488, 'alpha': 1.1596334554752477, 'batch_size': 31, 'beta_1': 0.8098395355669111, 'learning_rate_init': 0.09150857511855752, 'tol': 0.06708359273937396, 'hidden_layer_sizes': 165, 'validation_fraction': 0.29762585905580813}]
function_evaluation time 0.145719 value 2875.696657 suggestion {'epsilon': 5.105610999816813e-07, 'beta_2': 0.9450059455360488, 'alpha': 1.1596334554752477, 'batch_size': 31, 'beta_1': 0.8098395355669111, 'learning_rate_init': 0.09150857511855752, 'tol': 0.06708359273937396, 'hidden_layer_sizes': 165, 'validation_fraction': 0.29762585905580813}
observation time 0.001147, current best 2866.818984 at iter 31
suggestion time taken 0.012025 iter 32 next_points [{'epsilon': 3.585367752972625e-07, 'beta_2': 0.9349753393588275, 'alpha': 1.0134002459118046, 'batch_size': 31, 'beta_1': 0.8098395355669111, 'learning_rate_init': 0.09442203633283623, 'tol': 0.07047449211409489, 'hidden_layer_sizes': 177, 'validation_fraction': 0.3401778062063713}]
function_evaluation time 0.160950 value 2922.835363 suggestion {'epsilon': 3.585367752972625e-07, 'beta_2': 0.9349753393588275, 'alpha': 1.0134002459118046, 'batch_size': 31, 'beta_1': 0.8098395355669111, 'learning_rate_init': 0.09442203633283623, 'tol': 0.07047449211409489, 'hidden_layer_sizes': 177, 'validation_fraction': 0.3401778062063713}
observation time 0.001270, current best 2866.818984 at iter 32
suggestion time taken 0.005462 iter 33 next_points [{'epsilon': 3.585367752972625e-07, 'beta_2': 0.9292442896291543, 'alpha': 1.4783960630436574, 'batch_size': 31, 'beta_1': 0.8098395355669111, 'learning_rate_init': 0.09442203633283623, 'tol': 0.05943223045176509, 'hidden_layer_sizes': 168, 'validation_fraction': 0.27805575101590674}]
function_evaluation time 0.176532 value 2870.362942 suggestion {'epsilon': 3.585367752972625e-07, 'beta_2': 0.9292442896291543, 'alpha': 1.4783960630436574, 'batch_size': 31, 'beta_1': 0.8098395355669111, 'learning_rate_init': 0.09442203633283623, 'tol': 0.05943223045176509, 'hidden_layer_sizes': 168, 'validation_fraction': 0.27805575101590674}
observation time 0.001224, current best 2866.818984 at iter 33
suggestion time taken 0.004875 iter 34 next_points [{'epsilon': 3.585367752972625e-07, 'beta_2': 0.9152254072051704, 'alpha': 1.1330803688518616, 'batch_size': 31, 'beta_1': 0.8267501070128421, 'learning_rate_init': 0.09442203633283623, 'tol': 0.06708359273937396, 'hidden_layer_sizes': 154, 'validation_fraction': 0.439357239944423}]
function_evaluation time 0.151622 value 2940.086960 suggestion {'epsilon': 3.585367752972625e-07, 'beta_2': 0.9152254072051704, 'alpha': 1.1330803688518616, 'batch_size': 31, 'beta_1': 0.8267501070128421, 'learning_rate_init': 0.09442203633283623, 'tol': 0.06708359273937396, 'hidden_layer_sizes': 154, 'validation_fraction': 0.439357239944423}
observation time 0.002472, current best 2866.818984 at iter 34
suggestion time taken 0.006041 iter 35 next_points [{'epsilon': 5.281674723417163e-07, 'beta_2': 0.9951427088201606, 'alpha': 9.6245962479818, 'batch_size': 24, 'beta_1': 0.7259247010664532, 'learning_rate_init': 0.0936210952355027, 'tol': 0.04687825050000332, 'hidden_layer_sizes': 141, 'validation_fraction': 0.6016748636009206}]
function_evaluation time 0.115065 value 3168.671017 suggestion {'epsilon': 5.281674723417163e-07, 'beta_2': 0.9951427088201606, 'alpha': 9.6245962479818, 'batch_size': 24, 'beta_1': 0.7259247010664532, 'learning_rate_init': 0.0936210952355027, 'tol': 0.04687825050000332, 'hidden_layer_sizes': 141, 'validation_fraction': 0.6016748636009206}
observation time 0.002632, current best 2866.818984 at iter 35
suggestion time taken 0.006797 iter 36 next_points [{'epsilon': 3.50157831314173e-07, 'beta_2': 0.9292442896291543, 'alpha': 1.1271556609129454, 'batch_size': 58, 'beta_1': 0.8464983693497563, 'learning_rate_init': 0.09672692920614116, 'tol': 0.06708359273937396, 'hidden_layer_sizes': 171, 'validation_fraction': 0.36326772688235853}]
function_evaluation time 0.178879 value 3016.067548 suggestion {'epsilon': 3.50157831314173e-07, 'beta_2': 0.9292442896291543, 'alpha': 1.1271556609129454, 'batch_size': 58, 'beta_1': 0.8464983693497563, 'learning_rate_init': 0.09672692920614116, 'tol': 0.06708359273937396, 'hidden_layer_sizes': 171, 'validation_fraction': 0.36326772688235853}
observation time 0.001264, current best 2866.818984 at iter 36
suggestion time taken 0.009910 iter 37 next_points [{'epsilon': 8.723447054997658e-07, 'beta_2': 0.9292442896291543, 'alpha': 1.1330803688518616, 'batch_size': 31, 'beta_1': 0.8098395355669111, 'learning_rate_init': 0.047499258613113264, 'tol': 0.06708359273937396, 'hidden_layer_sizes': 165, 'validation_fraction': 0.3401778062063713}]
function_evaluation time 0.158390 value 2976.410233 suggestion {'epsilon': 8.723447054997658e-07, 'beta_2': 0.9292442896291543, 'alpha': 1.1330803688518616, 'batch_size': 31, 'beta_1': 0.8098395355669111, 'learning_rate_init': 0.047499258613113264, 'tol': 0.06708359273937396, 'hidden_layer_sizes': 165, 'validation_fraction': 0.3401778062063713}
observation time 0.001118, current best 2866.818984 at iter 37
suggestion time taken 0.004598 iter 38 next_points [{'epsilon': 4.397348111478673e-07, 'beta_2': 0.9292442896291543, 'alpha': 1.1330803688518616, 'batch_size': 35, 'beta_1': 0.8098395355669111, 'learning_rate_init': 0.09442203633283623, 'tol': 0.07506927226662567, 'hidden_layer_sizes': 190, 'validation_fraction': 0.3401778062063713}]
function_evaluation time 0.174432 value 2909.378890 suggestion {'epsilon': 4.397348111478673e-07, 'beta_2': 0.9292442896291543, 'alpha': 1.1330803688518616, 'batch_size': 35, 'beta_1': 0.8098395355669111, 'learning_rate_init': 0.09442203633283623, 'tol': 0.07506927226662567, 'hidden_layer_sizes': 190, 'validation_fraction': 0.3401778062063713}
observation time 0.002493, current best 2866.818984 at iter 38
suggestion time taken 0.006338 iter 39 next_points [{'epsilon': 6.04996550774255e-07, 'beta_2': 0.9612847201838807, 'alpha': 2.454300292918402, 'batch_size': 18, 'beta_1': 0.9644788288272825, 'learning_rate_init': 0.03899846448795124, 'tol': 0.09181916956380258, 'hidden_layer_sizes': 158, 'validation_fraction': 0.857635859281538}]
function_evaluation time 0.237207 value 4294.177769 suggestion {'epsilon': 6.04996550774255e-07, 'beta_2': 0.9612847201838807, 'alpha': 2.454300292918402, 'batch_size': 18, 'beta_1': 0.9644788288272825, 'learning_rate_init': 0.03899846448795124, 'tol': 0.09181916956380258, 'hidden_layer_sizes': 158, 'validation_fraction': 0.857635859281538}
observation time 0.001709, current best 2866.818984 at iter 39
suggestion time taken 0.004393 iter 40 next_points [{'epsilon': 2.0485693947274284e-08, 'beta_2': 0.9161507397471399, 'alpha': 2.269925140908665, 'batch_size': 104, 'beta_1': 0.9205179862056496, 'learning_rate_init': 0.07596452852536621, 'tol': 0.07885414700200337, 'hidden_layer_sizes': 181, 'validation_fraction': 0.26149937314092464}]
function_evaluation time 0.195481 value 3248.893757 suggestion {'epsilon': 2.0485693947274284e-08, 'beta_2': 0.9161507397471399, 'alpha': 2.269925140908665, 'batch_size': 104, 'beta_1': 0.9205179862056496, 'learning_rate_init': 0.07596452852536621, 'tol': 0.07885414700200337, 'hidden_layer_sizes': 181, 'validation_fraction': 0.26149937314092464}
observation time 0.001257, current best 2866.818984 at iter 40
suggestion time taken 0.008269 iter 41 next_points [{'epsilon': 4.1853163260160877e-07, 'beta_2': 0.9292442896291543, 'alpha': 1.2865976693767132, 'batch_size': 31, 'beta_1': 0.8098395355669111, 'learning_rate_init': 0.09442203633283623, 'tol': 0.07706654447858734, 'hidden_layer_sizes': 165, 'validation_fraction': 0.3401778062063713}]
function_evaluation time 0.161924 value 2948.790989 suggestion {'epsilon': 4.1853163260160877e-07, 'beta_2': 0.9292442896291543, 'alpha': 1.2865976693767132, 'batch_size': 31, 'beta_1': 0.8098395355669111, 'learning_rate_init': 0.09442203633283623, 'tol': 0.07706654447858734, 'hidden_layer_sizes': 165, 'validation_fraction': 0.3401778062063713}
observation time 0.001249, current best 2866.818984 at iter 41
suggestion time taken 0.010240 iter 42 next_points [{'epsilon': 3.585367752972625e-07, 'beta_2': 0.9292442896291543, 'alpha': 2.677197113628735, 'batch_size': 31, 'beta_1': 0.8098395355669111, 'learning_rate_init': 0.09442203633283623, 'tol': 0.06708359273937396, 'hidden_layer_sizes': 165, 'validation_fraction': 0.3401778062063713}]
function_evaluation time 0.216096 value 2908.978975 suggestion {'epsilon': 3.585367752972625e-07, 'beta_2': 0.9292442896291543, 'alpha': 2.677197113628735, 'batch_size': 31, 'beta_1': 0.8098395355669111, 'learning_rate_init': 0.09442203633283623, 'tol': 0.06708359273937396, 'hidden_layer_sizes': 165, 'validation_fraction': 0.3401778062063713}
observation time 0.004454, current best 2866.818984 at iter 42
suggestion time taken 0.007964 iter 43 next_points [{'epsilon': 7.985275408966808e-07, 'beta_2': 0.9168770501479199, 'alpha': 0.14902028185248367, 'batch_size': 118, 'beta_1': 0.8039669811891701, 'learning_rate_init': 0.004487668146676938, 'tol': 0.05229712042403117, 'hidden_layer_sizes': 77, 'validation_fraction': 0.4977868479922102}]
function_evaluation time 0.098659 value 28698.675783 suggestion {'epsilon': 7.985275408966808e-07, 'beta_2': 0.9168770501479199, 'alpha': 0.14902028185248367, 'batch_size': 118, 'beta_1': 0.8039669811891701, 'learning_rate_init': 0.004487668146676938, 'tol': 0.05229712042403117, 'hidden_layer_sizes': 77, 'validation_fraction': 0.4977868479922102}
observation time 0.002813, current best 2866.818984 at iter 43
suggestion time taken 0.006889 iter 44 next_points [{'epsilon': 3.7519011267303406e-07, 'beta_2': 0.9292442896291543, 'alpha': 0.5929410037231259, 'batch_size': 14, 'beta_1': 0.8682916488012119, 'learning_rate_init': 0.08517360933262778, 'tol': 0.06946579218894693, 'hidden_layer_sizes': 165, 'validation_fraction': 0.5109337178303037}]
function_evaluation time 0.240066 value 3030.782040 suggestion {'epsilon': 3.7519011267303406e-07, 'beta_2': 0.9292442896291543, 'alpha': 0.5929410037231259, 'batch_size': 14, 'beta_1': 0.8682916488012119, 'learning_rate_init': 0.08517360933262778, 'tol': 0.06946579218894693, 'hidden_layer_sizes': 165, 'validation_fraction': 0.5109337178303037}
observation time 0.001257, current best 2866.818984 at iter 44
saving meta data: {'args': {'--uuid': 'bb3dc6d8fc9f5dfc8f79f53cf75bd366', '-db-root': '/Users/ryedida/Desktop/menzies/thesis/smoothness-hpo/smoothness-hpo/bbo_challenge_starter_kit/output', '--opt-root': '/Users/ryedida/Desktop/menzies/thesis/smoothness-hpo/smoothness-hpo/bbo_challenge_starter_kit/example_submissions', '--data-root': None, '--db': 'run_20230815_180041', '--opt': 'opentuner', '--data': 'diabetes', '--classifier': 'MLP-adam', '--metric': 'mse', '--calls': 45, '--suggestions': 1, '--jobs-file': None, '--verbose': False, 'dry_run': False, 'rev': 'a376313', 'opt_rev': '0.8.8'}, 'signature': ([{'alpha': 0.019628224813442792, 'batch_size': 182, 'beta_1': 0.9410202200271762, 'beta_2': 0.9998021557676793, 'epsilon': 1.8662266976518e-08, 'hidden_layer_sizes': 147, 'learning_rate_init': 0.0005627932047415167, 'tol': 0.03690557729213761, 'validation_fraction': 0.8846827852548593}, {'alpha': 0.001998246739232944, 'batch_size': 200, 'beta_1': 0.919111482530466, 'beta_2': 0.9998488260436156, 'epsilon': 5.981221901152555e-07, 'hidden_layer_sizes': 61, 'learning_rate_init': 2.2310905607443014e-05, 'tol': 1.2046852412030316e-05, 'validation_fraction': 0.8117896445826539}, {'alpha': 0.46659545670218433, 'batch_size': 219, 'beta_1': 0.9889789783750891, 'beta_2': 0.9999896868093284, 'epsilon': 2.4234724484675948e-08, 'hidden_layer_sizes': 167, 'learning_rate_init': 2.972334644335654e-05, 'tol': 0.0036281404040243792, 'validation_fraction': 0.17260651658522078}, {'alpha': 4.656005689076002, 'batch_size': 135, 'beta_1': 0.870503881627747, 'beta_2': 0.9948873266941017, 'epsilon': 2.1023308743480125e-07, 'hidden_layer_sizes': 118, 'learning_rate_init': 0.001878173875716191, 'tol': 1.1889379831773006e-05, 'validation_fraction': 0.6264327093752792}, {'alpha': 0.04705159350400542, 'batch_size': 158, 'beta_1': 0.9870884262730957, 'beta_2': 0.9999596874382349, 'epsilon': 1.1981845126013875e-08, 'hidden_layer_sizes': 116, 'learning_rate_init': 0.006173405204074311, 'tol': 1.7414134181586194e-05, 'validation_fraction': 0.6754299026638921}], [29083.993548572587, 29062.423277324073, 29075.78987471409, 24626.32866834337, 9584.226858493173])}
saving results
saving timing
saving suggest log
done
