running: {'--uuid': 'd29140ffb9b454668ef3989fb1da918e', '-db-root': '/Users/ryedida/Desktop/menzies/thesis/smoothness-hpo/smoothness-hpo/bbo_challenge_starter_kit/output', '--opt-root': '/Users/ryedida/Desktop/menzies/thesis/smoothness-hpo/smoothness-hpo/bbo_challenge_starter_kit/example_submissions', '--data-root': None, '--db': 'run_20230815_180041', '--opt': 'random-search', '--data': 'diabetes', '--classifier': 'MLP-adam', '--metric': 'mse', '--calls': 45, '--suggestions': 1, '--jobs-file': None, '--verbose': False, 'dry_run': False, 'rev': 'a376313', 'opt_rev': '0.0.8'}
cmd: python random-search/optimizer.py -c MLP-adam -d diabetes -o random-search -u d29140ffb9b454668ef3989fb1da918e -m mse -n 45 -p 1 -dir /Users/ryedida/Desktop/menzies/thesis/smoothness-hpo/smoothness-hpo/bbo_challenge_starter_kit/output -b run_20230815_180041
/Users/ryedida/miniforge3/lib/python3.9/site-packages/sklearn/neural_network/_multilayer_perceptron.py:605: UserWarning: Got `batch_size` less than 1 or larger than sample size. It is going to be clipped
  warnings.warn(

/Users/ryedida/miniforge3/lib/python3.9/site-packages/sklearn/neural_network/_multilayer_perceptron.py:605: UserWarning: Got `batch_size` less than 1 or larger than sample size. It is going to be clipped
  warnings.warn(

/Users/ryedida/miniforge3/lib/python3.9/site-packages/sklearn/neural_network/_multilayer_perceptron.py:605: UserWarning: Got `batch_size` less than 1 or larger than sample size. It is going to be clipped
  warnings.warn(

/Users/ryedida/miniforge3/lib/python3.9/site-packages/sklearn/neural_network/_multilayer_perceptron.py:686: ConvergenceWarning: Stochastic Optimizer: Maximum iterations (200) reached and the optimization hasn't converged yet.
  warnings.warn(

/Users/ryedida/miniforge3/lib/python3.9/site-packages/sklearn/neural_network/_multilayer_perceptron.py:605: UserWarning: Got `batch_size` less than 1 or larger than sample size. It is going to be clipped
  warnings.warn(

/Users/ryedida/miniforge3/lib/python3.9/site-packages/sklearn/neural_network/_multilayer_perceptron.py:686: ConvergenceWarning: Stochastic Optimizer: Maximum iterations (200) reached and the optimization hasn't converged yet.
  warnings.warn(

computed signature: ([{'alpha': 0.019628224813442792, 'batch_size': 182, 'beta_1': 0.9410202200271762, 'beta_2': 0.9998021557676793, 'epsilon': 1.8662266976518e-08, 'hidden_layer_sizes': 147, 'learning_rate_init': 0.0005627932047415167, 'tol': 0.03690557729213761, 'validation_fraction': 0.8846827852548593}, {'alpha': 0.001998246739232944, 'batch_size': 200, 'beta_1': 0.919111482530466, 'beta_2': 0.9998488260436156, 'epsilon': 5.981221901152555e-07, 'hidden_layer_sizes': 61, 'learning_rate_init': 2.2310905607443014e-05, 'tol': 1.2046852412030316e-05, 'validation_fraction': 0.8117896445826539}, {'alpha': 0.46659545670218433, 'batch_size': 219, 'beta_1': 0.9889789783750891, 'beta_2': 0.9999896868093284, 'epsilon': 2.4234724484675948e-08, 'hidden_layer_sizes': 167, 'learning_rate_init': 2.972334644335654e-05, 'tol': 0.0036281404040243792, 'validation_fraction': 0.17260651658522078}, {'alpha': 4.656005689076002, 'batch_size': 135, 'beta_1': 0.870503881627747, 'beta_2': 0.9948873266941017, 'epsilon': 2.1023308743480125e-07, 'hidden_layer_sizes': 118, 'learning_rate_init': 0.001878173875716191, 'tol': 1.1889379831773006e-05, 'validation_fraction': 0.6264327093752792}, {'alpha': 0.04705159350400542, 'batch_size': 158, 'beta_1': 0.9870884262730957, 'beta_2': 0.9999596874382349, 'epsilon': 1.1981845126013875e-08, 'hidden_layer_sizes': 116, 'learning_rate_init': 0.006173405204074311, 'tol': 1.7414134181586194e-05, 'validation_fraction': 0.6754299026638921}], [29083.993548572587, 29062.423277324073, 29075.78987471409, 24626.32866834337, 9584.226858493173])
/Users/ryedida/miniforge3/lib/python3.9/site-packages/bayesmark/experiment.py:469: UserWarning: Baselines not found. Will not log intermediate scores.
  warnings.warn("Baselines not found. Will not log intermediate scores.")

starting sklearn study random-search MLP-adam diabetes mse 45 1
with data root: None
suggestion time taken 0.004556 iter 0 next_points [{'alpha': 0.02605889941157993, 'batch_size': 89, 'beta_1': 0.8084616275742228, 'beta_2': 0.9993936618502866, 'epsilon': 2.5222682876434407e-07, 'hidden_layer_sizes': 62, 'learning_rate_init': 0.022301193215266652, 'tol': 0.0006605830496632822, 'validation_fraction': 0.3559943079878725}]
function_evaluation time 0.660693 value 3128.520764 suggestion {'alpha': 0.02605889941157993, 'batch_size': 89, 'beta_1': 0.8084616275742228, 'beta_2': 0.9993936618502866, 'epsilon': 2.5222682876434407e-07, 'hidden_layer_sizes': 62, 'learning_rate_init': 0.022301193215266652, 'tol': 0.0006605830496632822, 'validation_fraction': 0.3559943079878725}
observation time 0.000002, current best 3128.520764 at iter 0
suggestion time taken 0.004158 iter 1 next_points [{'alpha': 0.901001096063826, 'batch_size': 67, 'beta_1': 0.5044255487888967, 'beta_2': 0.9999976093892446, 'epsilon': 4.038042310979618e-07, 'hidden_layer_sizes': 170, 'learning_rate_init': 0.019919602349637928, 'tol': 5.1585704821885305e-05, 'validation_fraction': 0.4130764124758684}]
function_evaluation time 5.622549 value 2960.474320 suggestion {'alpha': 0.901001096063826, 'batch_size': 67, 'beta_1': 0.5044255487888967, 'beta_2': 0.9999976093892446, 'epsilon': 4.038042310979618e-07, 'hidden_layer_sizes': 170, 'learning_rate_init': 0.019919602349637928, 'tol': 5.1585704821885305e-05, 'validation_fraction': 0.4130764124758684}
observation time 0.000001, current best 2960.474320 at iter 1
suggestion time taken 0.001701 iter 2 next_points [{'alpha': 4.68413383082227, 'batch_size': 21, 'beta_1': 0.9697429618490208, 'beta_2': 0.9747119490470768, 'epsilon': 1.903258263343255e-09, 'hidden_layer_sizes': 134, 'learning_rate_init': 0.03030404107580468, 'tol': 0.0334446307517594, 'validation_fraction': 0.7580898527226196}]
function_evaluation time 0.804344 value 3936.860053 suggestion {'alpha': 4.68413383082227, 'batch_size': 21, 'beta_1': 0.9697429618490208, 'beta_2': 0.9747119490470768, 'epsilon': 1.903258263343255e-09, 'hidden_layer_sizes': 134, 'learning_rate_init': 0.03030404107580468, 'tol': 0.0334446307517594, 'validation_fraction': 0.7580898527226196}
observation time 0.000001, current best 2960.474320 at iter 2
suggestion time taken 0.001695 iter 3 next_points [{'alpha': 0.0008298342269166371, 'batch_size': 102, 'beta_1': 0.9894430232915903, 'beta_2': 0.9999839662122659, 'epsilon': 4.380212038214559e-09, 'hidden_layer_sizes': 62, 'learning_rate_init': 0.0007093063627755572, 'tol': 0.007558034755075989, 'validation_fraction': 0.4435813568720768}]
function_evaluation time 0.066820 value 29109.887878 suggestion {'alpha': 0.0008298342269166371, 'batch_size': 102, 'beta_1': 0.9894430232915903, 'beta_2': 0.9999839662122659, 'epsilon': 4.380212038214559e-09, 'hidden_layer_sizes': 62, 'learning_rate_init': 0.0007093063627755572, 'tol': 0.007558034755075989, 'validation_fraction': 0.4435813568720768}
observation time 0.000002, current best 2960.474320 at iter 3
suggestion time taken 0.007089 iter 4 next_points [{'alpha': 0.0023251240146572793, 'batch_size': 36, 'beta_1': 0.5601666291275106, 'beta_2': 0.9845572167740223, 'epsilon': 4.587214083869135e-07, 'hidden_layer_sizes': 147, 'learning_rate_init': 0.006225060284674747, 'tol': 0.01025091518533666, 'validation_fraction': 0.5821874806032391}]
function_evaluation time 1.900432 value 3867.317819 suggestion {'alpha': 0.0023251240146572793, 'batch_size': 36, 'beta_1': 0.5601666291275106, 'beta_2': 0.9845572167740223, 'epsilon': 4.587214083869135e-07, 'hidden_layer_sizes': 147, 'learning_rate_init': 0.006225060284674747, 'tol': 0.01025091518533666, 'validation_fraction': 0.5821874806032391}
observation time 0.000001, current best 2960.474320 at iter 4
suggestion time taken 0.001850 iter 5 next_points [{'alpha': 6.043491045902791e-05, 'batch_size': 167, 'beta_1': 0.8248181331764098, 'beta_2': 0.9999913280018756, 'epsilon': 5.10858534829046e-07, 'hidden_layer_sizes': 127, 'learning_rate_init': 0.006713249791262366, 'tol': 0.02748782161340593, 'validation_fraction': 0.8619912185553021}]
/Users/ryedida/miniforge3/lib/python3.9/site-packages/sklearn/neural_network/_multilayer_perceptron.py:605: UserWarning: Got `batch_size` less than 1 or larger than sample size. It is going to be clipped
  warnings.warn(

function_evaluation time 0.309741 value 28668.895195 suggestion {'alpha': 6.043491045902791e-05, 'batch_size': 167, 'beta_1': 0.8248181331764098, 'beta_2': 0.9999913280018756, 'epsilon': 5.10858534829046e-07, 'hidden_layer_sizes': 127, 'learning_rate_init': 0.006713249791262366, 'tol': 0.02748782161340593, 'validation_fraction': 0.8619912185553021}
observation time 0.000001, current best 2960.474320 at iter 5
suggestion time taken 0.001692 iter 6 next_points [{'alpha': 0.0012356755459152259, 'batch_size': 77, 'beta_1': 0.5800818821245649, 'beta_2': 0.9999912358966342, 'epsilon': 1.3714526427663774e-08, 'hidden_layer_sizes': 138, 'learning_rate_init': 0.07846869863484875, 'tol': 0.0001963280552710816, 'validation_fraction': 0.10939406146609933}]
function_evaluation time 1.748555 value 2877.372508 suggestion {'alpha': 0.0012356755459152259, 'batch_size': 77, 'beta_1': 0.5800818821245649, 'beta_2': 0.9999912358966342, 'epsilon': 1.3714526427663774e-08, 'hidden_layer_sizes': 138, 'learning_rate_init': 0.07846869863484875, 'tol': 0.0001963280552710816, 'validation_fraction': 0.10939406146609933}
observation time 0.000001, current best 2877.372508 at iter 6
suggestion time taken 0.003529 iter 7 next_points [{'alpha': 0.0001682572232160456, 'batch_size': 79, 'beta_1': 0.8185447932752653, 'beta_2': 0.9617617841774003, 'epsilon': 1.1723969701627003e-08, 'hidden_layer_sizes': 72, 'learning_rate_init': 0.0007651029808155936, 'tol': 0.00025144425133684573, 'validation_fraction': 0.24038749317499586}]
/Users/ryedida/miniforge3/lib/python3.9/site-packages/sklearn/neural_network/_multilayer_perceptron.py:686: ConvergenceWarning: Stochastic Optimizer: Maximum iterations (200) reached and the optimization hasn't converged yet.
  warnings.warn(

function_evaluation time 0.778874 value 25822.455460 suggestion {'alpha': 0.0001682572232160456, 'batch_size': 79, 'beta_1': 0.8185447932752653, 'beta_2': 0.9617617841774003, 'epsilon': 1.1723969701627003e-08, 'hidden_layer_sizes': 72, 'learning_rate_init': 0.0007651029808155936, 'tol': 0.00025144425133684573, 'validation_fraction': 0.24038749317499586}
observation time 0.000001, current best 2877.372508 at iter 7
suggestion time taken 0.001693 iter 8 next_points [{'alpha': 4.025283029193433, 'batch_size': 167, 'beta_1': 0.625146037798721, 'beta_2': 0.9999941210999048, 'epsilon': 3.9936692951948884e-07, 'hidden_layer_sizes': 159, 'learning_rate_init': 4.597930481462944e-05, 'tol': 0.01021758742088331, 'validation_fraction': 0.14902441089194543}]
function_evaluation time 0.133479 value 29082.628445 suggestion {'alpha': 4.025283029193433, 'batch_size': 167, 'beta_1': 0.625146037798721, 'beta_2': 0.9999941210999048, 'epsilon': 3.9936692951948884e-07, 'hidden_layer_sizes': 159, 'learning_rate_init': 4.597930481462944e-05, 'tol': 0.01021758742088331, 'validation_fraction': 0.14902441089194543}
observation time 0.000002, current best 2877.372508 at iter 8
suggestion time taken 0.005259 iter 9 next_points [{'alpha': 0.013324100574428847, 'batch_size': 24, 'beta_1': 0.9154384947378843, 'beta_2': 0.9999833321084731, 'epsilon': 5.2270650699583344e-08, 'hidden_layer_sizes': 93, 'learning_rate_init': 0.00014632425467215013, 'tol': 0.00012612960655206424, 'validation_fraction': 0.6775110036286538}]
/Users/ryedida/miniforge3/lib/python3.9/site-packages/sklearn/neural_network/_multilayer_perceptron.py:686: ConvergenceWarning: Stochastic Optimizer: Maximum iterations (200) reached and the optimization hasn't converged yet.
  warnings.warn(

function_evaluation time 3.440253 value 28463.615898 suggestion {'alpha': 0.013324100574428847, 'batch_size': 24, 'beta_1': 0.9154384947378843, 'beta_2': 0.9999833321084731, 'epsilon': 5.2270650699583344e-08, 'hidden_layer_sizes': 93, 'learning_rate_init': 0.00014632425467215013, 'tol': 0.00012612960655206424, 'validation_fraction': 0.6775110036286538}
observation time 0.000001, current best 2877.372508 at iter 9
suggestion time taken 0.002051 iter 10 next_points [{'alpha': 1.6172527526083744, 'batch_size': 127, 'beta_1': 0.834080034718196, 'beta_2': 0.9999961227689905, 'epsilon': 6.45758997037343e-08, 'hidden_layer_sizes': 154, 'learning_rate_init': 5.852555650426472e-05, 'tol': 7.425981015302855e-05, 'validation_fraction': 0.13324497578740116}]
/Users/ryedida/miniforge3/lib/python3.9/site-packages/sklearn/neural_network/_multilayer_perceptron.py:686: ConvergenceWarning: Stochastic Optimizer: Maximum iterations (200) reached and the optimization hasn't converged yet.
  warnings.warn(

function_evaluation time 7.625109 value 29013.196851 suggestion {'alpha': 1.6172527526083744, 'batch_size': 127, 'beta_1': 0.834080034718196, 'beta_2': 0.9999961227689905, 'epsilon': 6.45758997037343e-08, 'hidden_layer_sizes': 154, 'learning_rate_init': 5.852555650426472e-05, 'tol': 7.425981015302855e-05, 'validation_fraction': 0.13324497578740116}
observation time 0.000001, current best 2877.372508 at iter 10
suggestion time taken 0.002758 iter 11 next_points [{'alpha': 0.0014719589925828263, 'batch_size': 51, 'beta_1': 0.7368294034535171, 'beta_2': 0.9999751139264935, 'epsilon': 4.838632698056714e-09, 'hidden_layer_sizes': 70, 'learning_rate_init': 0.03519432530466445, 'tol': 0.007091662359691836, 'validation_fraction': 0.7182702106416764}]
function_evaluation time 0.480344 value 3527.877709 suggestion {'alpha': 0.0014719589925828263, 'batch_size': 51, 'beta_1': 0.7368294034535171, 'beta_2': 0.9999751139264935, 'epsilon': 4.838632698056714e-09, 'hidden_layer_sizes': 70, 'learning_rate_init': 0.03519432530466445, 'tol': 0.007091662359691836, 'validation_fraction': 0.7182702106416764}
observation time 0.000001, current best 2877.372508 at iter 11
suggestion time taken 0.001853 iter 12 next_points [{'alpha': 0.07835269215134127, 'batch_size': 56, 'beta_1': 0.9774885910165263, 'beta_2': 0.9932080410051777, 'epsilon': 5.1967708380366946e-08, 'hidden_layer_sizes': 156, 'learning_rate_init': 0.09891035938688612, 'tol': 0.028088186657625795, 'validation_fraction': 0.37477001326146786}]
function_evaluation time 0.293833 value 3046.482248 suggestion {'alpha': 0.07835269215134127, 'batch_size': 56, 'beta_1': 0.9774885910165263, 'beta_2': 0.9932080410051777, 'epsilon': 5.1967708380366946e-08, 'hidden_layer_sizes': 156, 'learning_rate_init': 0.09891035938688612, 'tol': 0.028088186657625795, 'validation_fraction': 0.37477001326146786}
observation time 0.000001, current best 2877.372508 at iter 12
suggestion time taken 0.001844 iter 13 next_points [{'alpha': 0.09496569367929748, 'batch_size': 33, 'beta_1': 0.988324732088538, 'beta_2': 0.9999659437462668, 'epsilon': 2.6231062798636583e-09, 'hidden_layer_sizes': 129, 'learning_rate_init': 0.00019907886362027585, 'tol': 0.000295343280631539, 'validation_fraction': 0.5154659058879425}]
/Users/ryedida/miniforge3/lib/python3.9/site-packages/sklearn/neural_network/_multilayer_perceptron.py:686: ConvergenceWarning: Stochastic Optimizer: Maximum iterations (200) reached and the optimization hasn't converged yet.
  warnings.warn(

function_evaluation time 2.916979 value 27586.185796 suggestion {'alpha': 0.09496569367929748, 'batch_size': 33, 'beta_1': 0.988324732088538, 'beta_2': 0.9999659437462668, 'epsilon': 2.6231062798636583e-09, 'hidden_layer_sizes': 129, 'learning_rate_init': 0.00019907886362027585, 'tol': 0.000295343280631539, 'validation_fraction': 0.5154659058879425}
observation time 0.000002, current best 2877.372508 at iter 13
suggestion time taken 0.012683 iter 14 next_points [{'alpha': 0.0021819296321881998, 'batch_size': 150, 'beta_1': 0.9780735573655218, 'beta_2': 0.9999967348027287, 'epsilon': 2.209454424605205e-08, 'hidden_layer_sizes': 105, 'learning_rate_init': 1.414131911070696e-05, 'tol': 3.865742493551211e-05, 'validation_fraction': 0.10930363271661936}]
function_evaluation time 0.332819 value 29125.090566 suggestion {'alpha': 0.0021819296321881998, 'batch_size': 150, 'beta_1': 0.9780735573655218, 'beta_2': 0.9999967348027287, 'epsilon': 2.209454424605205e-08, 'hidden_layer_sizes': 105, 'learning_rate_init': 1.414131911070696e-05, 'tol': 3.865742493551211e-05, 'validation_fraction': 0.10930363271661936}
observation time 0.000001, current best 2877.372508 at iter 14
suggestion time taken 0.001678 iter 15 next_points [{'alpha': 0.007803092576827077, 'batch_size': 154, 'beta_1': 0.7990274003117668, 'beta_2': 0.9999740920371232, 'epsilon': 2.1468683783573878e-07, 'hidden_layer_sizes': 69, 'learning_rate_init': 0.014353796752670626, 'tol': 0.0002761573104559068, 'validation_fraction': 0.8934291136350395}]
/Users/ryedida/miniforge3/lib/python3.9/site-packages/sklearn/neural_network/_multilayer_perceptron.py:605: UserWarning: Got `batch_size` less than 1 or larger than sample size. It is going to be clipped
  warnings.warn(

/Users/ryedida/miniforge3/lib/python3.9/site-packages/sklearn/neural_network/_multilayer_perceptron.py:686: ConvergenceWarning: Stochastic Optimizer: Maximum iterations (200) reached and the optimization hasn't converged yet.
  warnings.warn(

function_evaluation time 0.836023 value 3894.098709 suggestion {'alpha': 0.007803092576827077, 'batch_size': 154, 'beta_1': 0.7990274003117668, 'beta_2': 0.9999740920371232, 'epsilon': 2.1468683783573878e-07, 'hidden_layer_sizes': 69, 'learning_rate_init': 0.014353796752670626, 'tol': 0.0002761573104559068, 'validation_fraction': 0.8934291136350395}
observation time 0.000001, current best 2877.372508 at iter 15
suggestion time taken 0.001670 iter 16 next_points [{'alpha': 3.855979967539085e-05, 'batch_size': 243, 'beta_1': 0.5040347376681358, 'beta_2': 0.9999885001296595, 'epsilon': 7.844312564890098e-08, 'hidden_layer_sizes': 159, 'learning_rate_init': 0.0008037942241875971, 'tol': 0.013375924341607094, 'validation_fraction': 0.5312982650244735}]
/Users/ryedida/miniforge3/lib/python3.9/site-packages/sklearn/neural_network/_multilayer_perceptron.py:605: UserWarning: Got `batch_size` less than 1 or larger than sample size. It is going to be clipped
  warnings.warn(

function_evaluation time 0.093487 value 28991.042066 suggestion {'alpha': 3.855979967539085e-05, 'batch_size': 243, 'beta_1': 0.5040347376681358, 'beta_2': 0.9999885001296595, 'epsilon': 7.844312564890098e-08, 'hidden_layer_sizes': 159, 'learning_rate_init': 0.0008037942241875971, 'tol': 0.013375924341607094, 'validation_fraction': 0.5312982650244735}
observation time 0.000001, current best 2877.372508 at iter 16
suggestion time taken 0.001674 iter 17 next_points [{'alpha': 5.600670240866398, 'batch_size': 219, 'beta_1': 0.9237784689827513, 'beta_2': 0.9997692551685639, 'epsilon': 5.985566842722646e-09, 'hidden_layer_sizes': 117, 'learning_rate_init': 8.312829111999269e-05, 'tol': 1.3425249323322793e-05, 'validation_fraction': 0.6168500731039569}]
/Users/ryedida/miniforge3/lib/python3.9/site-packages/sklearn/neural_network/_multilayer_perceptron.py:605: UserWarning: Got `batch_size` less than 1 or larger than sample size. It is going to be clipped
  warnings.warn(

/Users/ryedida/miniforge3/lib/python3.9/site-packages/sklearn/neural_network/_multilayer_perceptron.py:686: ConvergenceWarning: Stochastic Optimizer: Maximum iterations (200) reached and the optimization hasn't converged yet.
  warnings.warn(

function_evaluation time 1.472036 value 29018.861401 suggestion {'alpha': 5.600670240866398, 'batch_size': 219, 'beta_1': 0.9237784689827513, 'beta_2': 0.9997692551685639, 'epsilon': 5.985566842722646e-09, 'hidden_layer_sizes': 117, 'learning_rate_init': 8.312829111999269e-05, 'tol': 1.3425249323322793e-05, 'validation_fraction': 0.6168500731039569}
observation time 0.000001, current best 2877.372508 at iter 17
suggestion time taken 0.001673 iter 18 next_points [{'alpha': 0.5828640060385023, 'batch_size': 185, 'beta_1': 0.9883352539022121, 'beta_2': 0.9998277760451485, 'epsilon': 3.0635453268393478e-09, 'hidden_layer_sizes': 114, 'learning_rate_init': 0.005998816279749208, 'tol': 0.027932675014938985, 'validation_fraction': 0.4113996646899988}]
function_evaluation time 0.211306 value 28756.798658 suggestion {'alpha': 0.5828640060385023, 'batch_size': 185, 'beta_1': 0.9883352539022121, 'beta_2': 0.9998277760451485, 'epsilon': 3.0635453268393478e-09, 'hidden_layer_sizes': 114, 'learning_rate_init': 0.005998816279749208, 'tol': 0.027932675014938985, 'validation_fraction': 0.4113996646899988}
observation time 0.000001, current best 2877.372508 at iter 18
suggestion time taken 0.001823 iter 19 next_points [{'alpha': 0.008520329261002354, 'batch_size': 142, 'beta_1': 0.5033851535360581, 'beta_2': 0.9971962012702321, 'epsilon': 4.6733474723010434e-07, 'hidden_layer_sizes': 120, 'learning_rate_init': 0.03384610632959321, 'tol': 0.000517039402366666, 'validation_fraction': 0.6712598446276331}]
/Users/ryedida/miniforge3/lib/python3.9/site-packages/sklearn/neural_network/_multilayer_perceptron.py:605: UserWarning: Got `batch_size` less than 1 or larger than sample size. It is going to be clipped
  warnings.warn(

function_evaluation time 1.479254 value 3075.795854 suggestion {'alpha': 0.008520329261002354, 'batch_size': 142, 'beta_1': 0.5033851535360581, 'beta_2': 0.9971962012702321, 'epsilon': 4.6733474723010434e-07, 'hidden_layer_sizes': 120, 'learning_rate_init': 0.03384610632959321, 'tol': 0.000517039402366666, 'validation_fraction': 0.6712598446276331}
observation time 0.000001, current best 2877.372508 at iter 19
suggestion time taken 0.001679 iter 20 next_points [{'alpha': 0.1297388404468865, 'batch_size': 192, 'beta_1': 0.9833235497100394, 'beta_2': 0.999955471835077, 'epsilon': 3.910622536604176e-09, 'hidden_layer_sizes': 75, 'learning_rate_init': 0.0019620261235548642, 'tol': 0.007395879277627923, 'validation_fraction': 0.8544276845319646}]
/Users/ryedida/miniforge3/lib/python3.9/site-packages/sklearn/neural_network/_multilayer_perceptron.py:605: UserWarning: Got `batch_size` less than 1 or larger than sample size. It is going to be clipped
  warnings.warn(

function_evaluation time 0.191300 value 29066.034486 suggestion {'alpha': 0.1297388404468865, 'batch_size': 192, 'beta_1': 0.9833235497100394, 'beta_2': 0.999955471835077, 'epsilon': 3.910622536604176e-09, 'hidden_layer_sizes': 75, 'learning_rate_init': 0.0019620261235548642, 'tol': 0.007395879277627923, 'validation_fraction': 0.8544276845319646}
observation time 0.000002, current best 2877.372508 at iter 20
suggestion time taken 0.006702 iter 21 next_points [{'alpha': 0.0035881018676591687, 'batch_size': 144, 'beta_1': 0.9857693766324089, 'beta_2': 0.9999988128264984, 'epsilon': 3.816512898605799e-07, 'hidden_layer_sizes': 147, 'learning_rate_init': 0.001560038908617466, 'tol': 0.0009306877518761319, 'validation_fraction': 0.1902115858724062}]
/Users/ryedida/miniforge3/lib/python3.9/site-packages/sklearn/neural_network/_multilayer_perceptron.py:686: ConvergenceWarning: Stochastic Optimizer: Maximum iterations (200) reached and the optimization hasn't converged yet.
  warnings.warn(

function_evaluation time 3.463809 value 18408.819299 suggestion {'alpha': 0.0035881018676591687, 'batch_size': 144, 'beta_1': 0.9857693766324089, 'beta_2': 0.9999988128264984, 'epsilon': 3.816512898605799e-07, 'hidden_layer_sizes': 147, 'learning_rate_init': 0.001560038908617466, 'tol': 0.0009306877518761319, 'validation_fraction': 0.1902115858724062}
observation time 0.000000, current best 2877.372508 at iter 21
suggestion time taken 0.001677 iter 22 next_points [{'alpha': 2.0870019250074825, 'batch_size': 156, 'beta_1': 0.9841120031892404, 'beta_2': 0.9711874116812003, 'epsilon': 3.9955394159763506e-07, 'hidden_layer_sizes': 128, 'learning_rate_init': 0.0003041814917758526, 'tol': 0.0017360752550254145, 'validation_fraction': 0.6019609937666954}]
/Users/ryedida/miniforge3/lib/python3.9/site-packages/sklearn/neural_network/_multilayer_perceptron.py:605: UserWarning: Got `batch_size` less than 1 or larger than sample size. It is going to be clipped
  warnings.warn(

function_evaluation time 0.091291 value 29083.187149 suggestion {'alpha': 2.0870019250074825, 'batch_size': 156, 'beta_1': 0.9841120031892404, 'beta_2': 0.9711874116812003, 'epsilon': 3.9955394159763506e-07, 'hidden_layer_sizes': 128, 'learning_rate_init': 0.0003041814917758526, 'tol': 0.0017360752550254145, 'validation_fraction': 0.6019609937666954}
observation time 0.000001, current best 2877.372508 at iter 22
suggestion time taken 0.001654 iter 23 next_points [{'alpha': 0.005329098964706526, 'batch_size': 19, 'beta_1': 0.8720190964602735, 'beta_2': 0.9897587561105623, 'epsilon': 3.153188019656019e-07, 'hidden_layer_sizes': 161, 'learning_rate_init': 6.139236167076068e-05, 'tol': 0.006748160978155839, 'validation_fraction': 0.521625951849036}]
function_evaluation time 0.278704 value 29064.948421 suggestion {'alpha': 0.005329098964706526, 'batch_size': 19, 'beta_1': 0.8720190964602735, 'beta_2': 0.9897587561105623, 'epsilon': 3.153188019656019e-07, 'hidden_layer_sizes': 161, 'learning_rate_init': 6.139236167076068e-05, 'tol': 0.006748160978155839, 'validation_fraction': 0.521625951849036}
observation time 0.000002, current best 2877.372508 at iter 23
suggestion time taken 0.002199 iter 24 next_points [{'alpha': 8.752666774572441e-05, 'batch_size': 41, 'beta_1': 0.5035305964760863, 'beta_2': 0.9923808234770152, 'epsilon': 4.6920677781703984e-09, 'hidden_layer_sizes': 111, 'learning_rate_init': 0.0757676162763147, 'tol': 0.0020839286120327405, 'validation_fraction': 0.895952895450393}]
/Users/ryedida/miniforge3/lib/python3.9/site-packages/sklearn/neural_network/_multilayer_perceptron.py:605: UserWarning: Got `batch_size` less than 1 or larger than sample size. It is going to be clipped
  warnings.warn(

function_evaluation time 0.568557 value 3383.772274 suggestion {'alpha': 8.752666774572441e-05, 'batch_size': 41, 'beta_1': 0.5035305964760863, 'beta_2': 0.9923808234770152, 'epsilon': 4.6920677781703984e-09, 'hidden_layer_sizes': 111, 'learning_rate_init': 0.0757676162763147, 'tol': 0.0020839286120327405, 'validation_fraction': 0.895952895450393}
observation time 0.000001, current best 2877.372508 at iter 24
suggestion time taken 0.001680 iter 25 next_points [{'alpha': 0.0034925689891005724, 'batch_size': 163, 'beta_1': 0.9698468915296838, 'beta_2': 0.9999487572645599, 'epsilon': 2.4027557365522216e-09, 'hidden_layer_sizes': 96, 'learning_rate_init': 0.00011185647887962399, 'tol': 9.317545806324795e-05, 'validation_fraction': 0.16750469075655727}]
/Users/ryedida/miniforge3/lib/python3.9/site-packages/sklearn/neural_network/_multilayer_perceptron.py:686: ConvergenceWarning: Stochastic Optimizer: Maximum iterations (200) reached and the optimization hasn't converged yet.
  warnings.warn(

function_evaluation time 2.533468 value 28912.207924 suggestion {'alpha': 0.0034925689891005724, 'batch_size': 163, 'beta_1': 0.9698468915296838, 'beta_2': 0.9999487572645599, 'epsilon': 2.4027557365522216e-09, 'hidden_layer_sizes': 96, 'learning_rate_init': 0.00011185647887962399, 'tol': 9.317545806324795e-05, 'validation_fraction': 0.16750469075655727}
observation time 0.000001, current best 2877.372508 at iter 25
suggestion time taken 0.001836 iter 26 next_points [{'alpha': 1.0764026779257405, 'batch_size': 48, 'beta_1': 0.8232061979714164, 'beta_2': 0.9655467612700884, 'epsilon': 2.4501554981826958e-08, 'hidden_layer_sizes': 90, 'learning_rate_init': 1.04707854168996e-05, 'tol': 0.0002170871693158555, 'validation_fraction': 0.5887315946763414}]
function_evaluation time 0.195866 value 29076.436278 suggestion {'alpha': 1.0764026779257405, 'batch_size': 48, 'beta_1': 0.8232061979714164, 'beta_2': 0.9655467612700884, 'epsilon': 2.4501554981826958e-08, 'hidden_layer_sizes': 90, 'learning_rate_init': 1.04707854168996e-05, 'tol': 0.0002170871693158555, 'validation_fraction': 0.5887315946763414}
observation time 0.000002, current best 2877.372508 at iter 26
suggestion time taken 0.001828 iter 27 next_points [{'alpha': 0.03246550593176025, 'batch_size': 202, 'beta_1': 0.984596398894775, 'beta_2': 0.9999722661101192, 'epsilon': 5.2397501680441426e-09, 'hidden_layer_sizes': 185, 'learning_rate_init': 0.0006989360323956468, 'tol': 0.00020117140226385728, 'validation_fraction': 0.4431465171126865}]
/Users/ryedida/miniforge3/lib/python3.9/site-packages/sklearn/neural_network/_multilayer_perceptron.py:605: UserWarning: Got `batch_size` less than 1 or larger than sample size. It is going to be clipped
  warnings.warn(

/Users/ryedida/miniforge3/lib/python3.9/site-packages/sklearn/neural_network/_multilayer_perceptron.py:686: ConvergenceWarning: Stochastic Optimizer: Maximum iterations (200) reached and the optimization hasn't converged yet.
  warnings.warn(

function_evaluation time 5.046867 value 28039.243535 suggestion {'alpha': 0.03246550593176025, 'batch_size': 202, 'beta_1': 0.984596398894775, 'beta_2': 0.9999722661101192, 'epsilon': 5.2397501680441426e-09, 'hidden_layer_sizes': 185, 'learning_rate_init': 0.0006989360323956468, 'tol': 0.00020117140226385728, 'validation_fraction': 0.4431465171126865}
observation time 0.000001, current best 2877.372508 at iter 27
suggestion time taken 0.001826 iter 28 next_points [{'alpha': 0.6568554944189234, 'batch_size': 153, 'beta_1': 0.7034520704291432, 'beta_2': 0.9997799617224404, 'epsilon': 2.8076966532676652e-09, 'hidden_layer_sizes': 157, 'learning_rate_init': 0.03794079999457671, 'tol': 0.011562446080033416, 'validation_fraction': 0.8552311955296373}]
/Users/ryedida/miniforge3/lib/python3.9/site-packages/sklearn/neural_network/_multilayer_perceptron.py:605: UserWarning: Got `batch_size` less than 1 or larger than sample size. It is going to be clipped
  warnings.warn(

function_evaluation time 0.252708 value 3613.835298 suggestion {'alpha': 0.6568554944189234, 'batch_size': 153, 'beta_1': 0.7034520704291432, 'beta_2': 0.9997799617224404, 'epsilon': 2.8076966532676652e-09, 'hidden_layer_sizes': 157, 'learning_rate_init': 0.03794079999457671, 'tol': 0.011562446080033416, 'validation_fraction': 0.8552311955296373}
observation time 0.000001, current best 2877.372508 at iter 28
suggestion time taken 0.005464 iter 29 next_points [{'alpha': 0.04690531726857397, 'batch_size': 171, 'beta_1': 0.6876400692397827, 'beta_2': 0.9992012175943975, 'epsilon': 1.4116041139265423e-07, 'hidden_layer_sizes': 169, 'learning_rate_init': 0.0002385888376998704, 'tol': 9.133058116297607e-05, 'validation_fraction': 0.5785540337129922}]
/Users/ryedida/miniforge3/lib/python3.9/site-packages/sklearn/neural_network/_multilayer_perceptron.py:605: UserWarning: Got `batch_size` less than 1 or larger than sample size. It is going to be clipped
  warnings.warn(

/Users/ryedida/miniforge3/lib/python3.9/site-packages/sklearn/neural_network/_multilayer_perceptron.py:686: ConvergenceWarning: Stochastic Optimizer: Maximum iterations (200) reached and the optimization hasn't converged yet.
  warnings.warn(

function_evaluation time 2.789282 value 28821.524364 suggestion {'alpha': 0.04690531726857397, 'batch_size': 171, 'beta_1': 0.6876400692397827, 'beta_2': 0.9992012175943975, 'epsilon': 1.4116041139265423e-07, 'hidden_layer_sizes': 169, 'learning_rate_init': 0.0002385888376998704, 'tol': 9.133058116297607e-05, 'validation_fraction': 0.5785540337129922}
observation time 0.000002, current best 2877.372508 at iter 29
suggestion time taken 0.003634 iter 30 next_points [{'alpha': 0.0005920769560759963, 'batch_size': 72, 'beta_1': 0.9876837328220889, 'beta_2': 0.9999302553838773, 'epsilon': 3.042665367218243e-08, 'hidden_layer_sizes': 114, 'learning_rate_init': 6.21488777266995e-05, 'tol': 3.359638725914649e-05, 'validation_fraction': 0.7017974624944189}]
/Users/ryedida/miniforge3/lib/python3.9/site-packages/sklearn/neural_network/_multilayer_perceptron.py:686: ConvergenceWarning: Stochastic Optimizer: Maximum iterations (200) reached and the optimization hasn't converged yet.
  warnings.warn(

function_evaluation time 4.015111 value 29015.105180 suggestion {'alpha': 0.0005920769560759963, 'batch_size': 72, 'beta_1': 0.9876837328220889, 'beta_2': 0.9999302553838773, 'epsilon': 3.042665367218243e-08, 'hidden_layer_sizes': 114, 'learning_rate_init': 6.21488777266995e-05, 'tol': 3.359638725914649e-05, 'validation_fraction': 0.7017974624944189}
observation time 0.000002, current best 2877.372508 at iter 30
suggestion time taken 0.001725 iter 31 next_points [{'alpha': 2.0340741022652092e-05, 'batch_size': 136, 'beta_1': 0.9838312417081357, 'beta_2': 0.9989862513702753, 'epsilon': 6.17620835418729e-07, 'hidden_layer_sizes': 145, 'learning_rate_init': 0.02554840023722978, 'tol': 9.779373425971525e-05, 'validation_fraction': 0.7438769053354934}]
/Users/ryedida/miniforge3/lib/python3.9/site-packages/sklearn/neural_network/_multilayer_perceptron.py:605: UserWarning: Got `batch_size` less than 1 or larger than sample size. It is going to be clipped
  warnings.warn(

function_evaluation time 0.896137 value 4090.998393 suggestion {'alpha': 2.0340741022652092e-05, 'batch_size': 136, 'beta_1': 0.9838312417081357, 'beta_2': 0.9989862513702753, 'epsilon': 6.17620835418729e-07, 'hidden_layer_sizes': 145, 'learning_rate_init': 0.02554840023722978, 'tol': 9.779373425971525e-05, 'validation_fraction': 0.7438769053354934}
observation time 0.000001, current best 2877.372508 at iter 31
suggestion time taken 0.001855 iter 32 next_points [{'alpha': 3.462592324384869, 'batch_size': 15, 'beta_1': 0.5966238923351198, 'beta_2': 0.9988399708822291, 'epsilon': 3.238381898728867e-07, 'hidden_layer_sizes': 99, 'learning_rate_init': 3.8105075141282216e-05, 'tol': 0.06675842000391542, 'validation_fraction': 0.5285783852250674}]
function_evaluation time 0.279343 value 29103.962753 suggestion {'alpha': 3.462592324384869, 'batch_size': 15, 'beta_1': 0.5966238923351198, 'beta_2': 0.9988399708822291, 'epsilon': 3.238381898728867e-07, 'hidden_layer_sizes': 99, 'learning_rate_init': 3.8105075141282216e-05, 'tol': 0.06675842000391542, 'validation_fraction': 0.5285783852250674}
observation time 0.000001, current best 2877.372508 at iter 32
suggestion time taken 0.006536 iter 33 next_points [{'alpha': 0.4123320007833629, 'batch_size': 160, 'beta_1': 0.9334585730884408, 'beta_2': 0.9776996097876509, 'epsilon': 1.3077840599494546e-09, 'hidden_layer_sizes': 100, 'learning_rate_init': 0.0014366895384769554, 'tol': 0.0887990340957309, 'validation_fraction': 0.8204648096090007}]
/Users/ryedida/miniforge3/lib/python3.9/site-packages/sklearn/neural_network/_multilayer_perceptron.py:605: UserWarning: Got `batch_size` less than 1 or larger than sample size. It is going to be clipped
  warnings.warn(

function_evaluation time 0.088960 value 29045.756842 suggestion {'alpha': 0.4123320007833629, 'batch_size': 160, 'beta_1': 0.9334585730884408, 'beta_2': 0.9776996097876509, 'epsilon': 1.3077840599494546e-09, 'hidden_layer_sizes': 100, 'learning_rate_init': 0.0014366895384769554, 'tol': 0.0887990340957309, 'validation_fraction': 0.8204648096090007}
observation time 0.000001, current best 2877.372508 at iter 33
suggestion time taken 0.001819 iter 34 next_points [{'alpha': 0.11915448686536488, 'batch_size': 117, 'beta_1': 0.8718263476338989, 'beta_2': 0.9977696483220804, 'epsilon': 1.8261602415922367e-09, 'hidden_layer_sizes': 77, 'learning_rate_init': 0.05255018820359713, 'tol': 0.000240480260459412, 'validation_fraction': 0.23089118182573773}]
function_evaluation time 0.437190 value 2913.886712 suggestion {'alpha': 0.11915448686536488, 'batch_size': 117, 'beta_1': 0.8718263476338989, 'beta_2': 0.9977696483220804, 'epsilon': 1.8261602415922367e-09, 'hidden_layer_sizes': 77, 'learning_rate_init': 0.05255018820359713, 'tol': 0.000240480260459412, 'validation_fraction': 0.23089118182573773}
observation time 0.000001, current best 2877.372508 at iter 34
suggestion time taken 0.001676 iter 35 next_points [{'alpha': 0.5992347863389362, 'batch_size': 45, 'beta_1': 0.911864205193868, 'beta_2': 0.9801400430165437, 'epsilon': 1.4556628495853628e-07, 'hidden_layer_sizes': 192, 'learning_rate_init': 0.006600482048079104, 'tol': 0.00549296368590169, 'validation_fraction': 0.8619443799475447}]
function_evaluation time 2.262603 value 4344.656828 suggestion {'alpha': 0.5992347863389362, 'batch_size': 45, 'beta_1': 0.911864205193868, 'beta_2': 0.9801400430165437, 'epsilon': 1.4556628495853628e-07, 'hidden_layer_sizes': 192, 'learning_rate_init': 0.006600482048079104, 'tol': 0.00549296368590169, 'validation_fraction': 0.8619443799475447}
observation time 0.000001, current best 2877.372508 at iter 35
suggestion time taken 0.001658 iter 36 next_points [{'alpha': 0.22413064306497363, 'batch_size': 108, 'beta_1': 0.7412432441866584, 'beta_2': 0.9991509492898667, 'epsilon': 4.84023455847766e-07, 'hidden_layer_sizes': 184, 'learning_rate_init': 0.05370373909742613, 'tol': 0.006610721118160806, 'validation_fraction': 0.16209920060424596}]
function_evaluation time 1.567272 value 2957.251333 suggestion {'alpha': 0.22413064306497363, 'batch_size': 108, 'beta_1': 0.7412432441866584, 'beta_2': 0.9991509492898667, 'epsilon': 4.84023455847766e-07, 'hidden_layer_sizes': 184, 'learning_rate_init': 0.05370373909742613, 'tol': 0.006610721118160806, 'validation_fraction': 0.16209920060424596}
observation time 0.000002, current best 2877.372508 at iter 36
suggestion time taken 0.009960 iter 37 next_points [{'alpha': 9.299976024216688, 'batch_size': 204, 'beta_1': 0.9579856691003388, 'beta_2': 0.9997372040422385, 'epsilon': 6.799982639672979e-08, 'hidden_layer_sizes': 175, 'learning_rate_init': 0.00038782349292025374, 'tol': 1.7818092643876655e-05, 'validation_fraction': 0.14917986267104902}]
/Users/ryedida/miniforge3/lib/python3.9/site-packages/sklearn/neural_network/_multilayer_perceptron.py:686: ConvergenceWarning: Stochastic Optimizer: Maximum iterations (200) reached and the optimization hasn't converged yet.
  warnings.warn(

function_evaluation time 3.959204 value 27592.399119 suggestion {'alpha': 9.299976024216688, 'batch_size': 204, 'beta_1': 0.9579856691003388, 'beta_2': 0.9997372040422385, 'epsilon': 6.799982639672979e-08, 'hidden_layer_sizes': 175, 'learning_rate_init': 0.00038782349292025374, 'tol': 1.7818092643876655e-05, 'validation_fraction': 0.14917986267104902}
observation time 0.000000, current best 2877.372508 at iter 37
suggestion time taken 0.003090 iter 38 next_points [{'alpha': 2.2884018247406014e-05, 'batch_size': 208, 'beta_1': 0.8134651117616047, 'beta_2': 0.9200945560834743, 'epsilon': 6.263224946371261e-09, 'hidden_layer_sizes': 119, 'learning_rate_init': 0.0017881477227490881, 'tol': 0.005042892174605564, 'validation_fraction': 0.1263489554151115}]
function_evaluation time 0.148344 value 28932.590171 suggestion {'alpha': 2.2884018247406014e-05, 'batch_size': 208, 'beta_1': 0.8134651117616047, 'beta_2': 0.9200945560834743, 'epsilon': 6.263224946371261e-09, 'hidden_layer_sizes': 119, 'learning_rate_init': 0.0017881477227490881, 'tol': 0.005042892174605564, 'validation_fraction': 0.1263489554151115}
observation time 0.000001, current best 2877.372508 at iter 38
suggestion time taken 0.001803 iter 39 next_points [{'alpha': 0.009723088787129837, 'batch_size': 109, 'beta_1': 0.5454903756684922, 'beta_2': 0.9340373686254472, 'epsilon': 5.660550388498519e-08, 'hidden_layer_sizes': 109, 'learning_rate_init': 0.014548058060327638, 'tol': 0.006532041236709, 'validation_fraction': 0.17971063579006702}]
function_evaluation time 1.129900 value 3667.357963 suggestion {'alpha': 0.009723088787129837, 'batch_size': 109, 'beta_1': 0.5454903756684922, 'beta_2': 0.9340373686254472, 'epsilon': 5.660550388498519e-08, 'hidden_layer_sizes': 109, 'learning_rate_init': 0.014548058060327638, 'tol': 0.006532041236709, 'validation_fraction': 0.17971063579006702}
observation time 0.000002, current best 2877.372508 at iter 39
suggestion time taken 0.004930 iter 40 next_points [{'alpha': 0.028769082255352407, 'batch_size': 191, 'beta_1': 0.9864183285185731, 'beta_2': 0.999970386421148, 'epsilon': 1.15511991069353e-07, 'hidden_layer_sizes': 145, 'learning_rate_init': 1.697370104893358e-05, 'tol': 0.08710522229431518, 'validation_fraction': 0.7536206165200584}]
/Users/ryedida/miniforge3/lib/python3.9/site-packages/sklearn/neural_network/_multilayer_perceptron.py:605: UserWarning: Got `batch_size` less than 1 or larger than sample size. It is going to be clipped
  warnings.warn(

function_evaluation time 0.139690 value 29145.324838 suggestion {'alpha': 0.028769082255352407, 'batch_size': 191, 'beta_1': 0.9864183285185731, 'beta_2': 0.999970386421148, 'epsilon': 1.15511991069353e-07, 'hidden_layer_sizes': 145, 'learning_rate_init': 1.697370104893358e-05, 'tol': 0.08710522229431518, 'validation_fraction': 0.7536206165200584}
observation time 0.000001, current best 2877.372508 at iter 40
suggestion time taken 0.001796 iter 41 next_points [{'alpha': 9.19865678666381e-05, 'batch_size': 47, 'beta_1': 0.9233970674514838, 'beta_2': 0.9613864132701512, 'epsilon': 2.481165436768828e-09, 'hidden_layer_sizes': 116, 'learning_rate_init': 0.008569639051868973, 'tol': 0.006641637428013693, 'validation_fraction': 0.20770536688880545}]
function_evaluation time 0.380551 value 3649.274792 suggestion {'alpha': 9.19865678666381e-05, 'batch_size': 47, 'beta_1': 0.9233970674514838, 'beta_2': 0.9613864132701512, 'epsilon': 2.481165436768828e-09, 'hidden_layer_sizes': 116, 'learning_rate_init': 0.008569639051868973, 'tol': 0.006641637428013693, 'validation_fraction': 0.20770536688880545}
observation time 0.000002, current best 2877.372508 at iter 41
suggestion time taken 0.004902 iter 42 next_points [{'alpha': 1.3142006006047826e-05, 'batch_size': 60, 'beta_1': 0.9704273622622271, 'beta_2': 0.9262209747041321, 'epsilon': 4.9919505142162586e-08, 'hidden_layer_sizes': 197, 'learning_rate_init': 0.016626699579440855, 'tol': 0.0004880867543976161, 'validation_fraction': 0.7808587054904773}]
function_evaluation time 0.921039 value 5083.196687 suggestion {'alpha': 1.3142006006047826e-05, 'batch_size': 60, 'beta_1': 0.9704273622622271, 'beta_2': 0.9262209747041321, 'epsilon': 4.9919505142162586e-08, 'hidden_layer_sizes': 197, 'learning_rate_init': 0.016626699579440855, 'tol': 0.0004880867543976161, 'validation_fraction': 0.7808587054904773}
observation time 0.000002, current best 2877.372508 at iter 42
suggestion time taken 0.005079 iter 43 next_points [{'alpha': 2.0264207616735945e-05, 'batch_size': 108, 'beta_1': 0.9324901172325301, 'beta_2': 0.9972494325506698, 'epsilon': 5.914313661395679e-07, 'hidden_layer_sizes': 105, 'learning_rate_init': 0.003714748310484531, 'tol': 0.0024385385574545167, 'validation_fraction': 0.7855254370201252}]
/Users/ryedida/miniforge3/lib/python3.9/site-packages/sklearn/neural_network/_multilayer_perceptron.py:605: UserWarning: Got `batch_size` less than 1 or larger than sample size. It is going to be clipped
  warnings.warn(

/Users/ryedida/miniforge3/lib/python3.9/site-packages/sklearn/neural_network/_multilayer_perceptron.py:686: ConvergenceWarning: Stochastic Optimizer: Maximum iterations (200) reached and the optimization hasn't converged yet.
  warnings.warn(

function_evaluation time 1.528130 value 15607.935605 suggestion {'alpha': 2.0264207616735945e-05, 'batch_size': 108, 'beta_1': 0.9324901172325301, 'beta_2': 0.9972494325506698, 'epsilon': 5.914313661395679e-07, 'hidden_layer_sizes': 105, 'learning_rate_init': 0.003714748310484531, 'tol': 0.0024385385574545167, 'validation_fraction': 0.7855254370201252}
observation time 0.000002, current best 2877.372508 at iter 43
suggestion time taken 0.004891 iter 44 next_points [{'alpha': 0.00015000638653535586, 'batch_size': 111, 'beta_1': 0.9449011717532125, 'beta_2': 0.9996514221385968, 'epsilon': 3.8775299927475985e-07, 'hidden_layer_sizes': 157, 'learning_rate_init': 0.00034155982595015583, 'tol': 0.08961899971595305, 'validation_fraction': 0.17152452627602868}]
function_evaluation time 0.119956 value 29070.980753 suggestion {'alpha': 0.00015000638653535586, 'batch_size': 111, 'beta_1': 0.9449011717532125, 'beta_2': 0.9996514221385968, 'epsilon': 3.8775299927475985e-07, 'hidden_layer_sizes': 157, 'learning_rate_init': 0.00034155982595015583, 'tol': 0.08961899971595305, 'validation_fraction': 0.17152452627602868}
observation time 0.000001, current best 2877.372508 at iter 44
saving meta data: {'args': {'--uuid': 'd29140ffb9b454668ef3989fb1da918e', '-db-root': '/Users/ryedida/Desktop/menzies/thesis/smoothness-hpo/smoothness-hpo/bbo_challenge_starter_kit/output', '--opt-root': '/Users/ryedida/Desktop/menzies/thesis/smoothness-hpo/smoothness-hpo/bbo_challenge_starter_kit/example_submissions', '--data-root': None, '--db': 'run_20230815_180041', '--opt': 'random-search', '--data': 'diabetes', '--classifier': 'MLP-adam', '--metric': 'mse', '--calls': 45, '--suggestions': 1, '--jobs-file': None, '--verbose': False, 'dry_run': False, 'rev': 'a376313', 'opt_rev': '0.0.8'}, 'signature': ([{'alpha': 0.019628224813442792, 'batch_size': 182, 'beta_1': 0.9410202200271762, 'beta_2': 0.9998021557676793, 'epsilon': 1.8662266976518e-08, 'hidden_layer_sizes': 147, 'learning_rate_init': 0.0005627932047415167, 'tol': 0.03690557729213761, 'validation_fraction': 0.8846827852548593}, {'alpha': 0.001998246739232944, 'batch_size': 200, 'beta_1': 0.919111482530466, 'beta_2': 0.9998488260436156, 'epsilon': 5.981221901152555e-07, 'hidden_layer_sizes': 61, 'learning_rate_init': 2.2310905607443014e-05, 'tol': 1.2046852412030316e-05, 'validation_fraction': 0.8117896445826539}, {'alpha': 0.46659545670218433, 'batch_size': 219, 'beta_1': 0.9889789783750891, 'beta_2': 0.9999896868093284, 'epsilon': 2.4234724484675948e-08, 'hidden_layer_sizes': 167, 'learning_rate_init': 2.972334644335654e-05, 'tol': 0.0036281404040243792, 'validation_fraction': 0.17260651658522078}, {'alpha': 4.656005689076002, 'batch_size': 135, 'beta_1': 0.870503881627747, 'beta_2': 0.9948873266941017, 'epsilon': 2.1023308743480125e-07, 'hidden_layer_sizes': 118, 'learning_rate_init': 0.001878173875716191, 'tol': 1.1889379831773006e-05, 'validation_fraction': 0.6264327093752792}, {'alpha': 0.04705159350400542, 'batch_size': 158, 'beta_1': 0.9870884262730957, 'beta_2': 0.9999596874382349, 'epsilon': 1.1981845126013875e-08, 'hidden_layer_sizes': 116, 'learning_rate_init': 0.006173405204074311, 'tol': 1.7414134181586194e-05, 'validation_fraction': 0.6754299026638921}], [29083.993548572587, 29062.423277324073, 29075.78987471409, 24626.32866834337, 9584.226858493173])}
saving results
saving timing
saving suggest log
done
