running: {'--uuid': '1617b3bcfc145e47a9de0e358cc74a62', '-db-root': '/home/ryedida/bbo_challenge_starter_kit/output', '--opt-root': '/home/ryedida/bbo_challenge_starter_kit/example_submissions', '--data-root': None, '--db': 'run_20230408_005556', '--opt': 'hyperopt', '--data': 'wine', '--classifier': 'MLP-adam', '--metric': 'acc', '--calls': 15, '--suggestions': 1, '--jobs-file': None, '--verbose': False, 'dry_run': False, 'rev': 'a376313', 'opt_rev': '0.2.7'}
cmd: python hyperopt/optimizer.py -c MLP-adam -d wine -o hyperopt -u 1617b3bcfc145e47a9de0e358cc74a62 -m acc -n 15 -p 1 -dir /home/ryedida/bbo_challenge_starter_kit/output -b run_20230408_005556
/home/ryedida/.local/lib/python3.9/site-packages/sklearn/neural_network/_multilayer_perceptron.py:605: UserWarning: Got `batch_size` less than 1 or larger than sample size. It is going to be clipped
  warnings.warn(

/home/ryedida/.local/lib/python3.9/site-packages/sklearn/neural_network/_multilayer_perceptron.py:605: UserWarning: Got `batch_size` less than 1 or larger than sample size. It is going to be clipped
  warnings.warn(

/home/ryedida/.local/lib/python3.9/site-packages/sklearn/neural_network/_multilayer_perceptron.py:605: UserWarning: Got `batch_size` less than 1 or larger than sample size. It is going to be clipped
  warnings.warn(

/home/ryedida/.local/lib/python3.9/site-packages/sklearn/neural_network/_multilayer_perceptron.py:605: UserWarning: Got `batch_size` less than 1 or larger than sample size. It is going to be clipped
  warnings.warn(

/home/ryedida/.local/lib/python3.9/site-packages/sklearn/neural_network/_multilayer_perceptron.py:605: UserWarning: Got `batch_size` less than 1 or larger than sample size. It is going to be clipped
  warnings.warn(

computed signature: ([{'alpha': 0.019628224813442792, 'batch_size': 182, 'beta_1': 0.9410202200271762, 'beta_2': 0.9998021557676793, 'epsilon': 1.8662266976518e-08, 'hidden_layer_sizes': 147, 'learning_rate_init': 0.0005627932047415167, 'tol': 0.03690557729213761, 'validation_fraction': 0.8846827852548593}, {'alpha': 0.0019982467392329444, 'batch_size': 200, 'beta_1': 0.919111482530466, 'beta_2': 0.9998488260436156, 'epsilon': 5.981221901152555e-07, 'hidden_layer_sizes': 61, 'learning_rate_init': 2.2310905607443014e-05, 'tol': 1.2046852412030316e-05, 'validation_fraction': 0.8117896445826539}, {'alpha': 0.46659545670218433, 'batch_size': 219, 'beta_1': 0.9889789783750891, 'beta_2': 0.9999896868093284, 'epsilon': 2.4234724484675948e-08, 'hidden_layer_sizes': 167, 'learning_rate_init': 2.972334644335654e-05, 'tol': 0.0036281404040243792, 'validation_fraction': 0.17260651658522078}, {'alpha': 4.656005689076002, 'batch_size': 135, 'beta_1': 0.870503881627747, 'beta_2': 0.9948873266941017, 'epsilon': 2.1023308743480125e-07, 'hidden_layer_sizes': 118, 'learning_rate_init': 0.0018781738757161913, 'tol': 1.1889379831773004e-05, 'validation_fraction': 0.6264327093752792}, {'alpha': 0.04705159350400542, 'batch_size': 158, 'beta_1': 0.9870884262730957, 'beta_2': 0.9999596874382349, 'epsilon': 1.1981845126013875e-08, 'hidden_layer_sizes': 116, 'learning_rate_init': 0.00617340520407431, 'tol': 1.741413418158619e-05, 'validation_fraction': 0.6754299026638921}], [-0.4359605911330049, -0.3169950738916256, -0.3312807881773399, -0.6620689655172413, -0.5017241379310344])
Signature errors:
                     0    1    2    3    4  max
MLP-adam_wine_acc  0.0  0.0  0.0  0.0  0.0  0.0
max                0.0  0.0  0.0  0.0  0.0  0.0
starting sklearn study hyperopt MLP-adam wine acc 15 1
with data root: None
suggestion time taken 0.002295 iter 0 next_points [{'alpha': 0.0009281692990372232, 'batch_size': 205, 'beta_1': 0.794903404657527, 'beta_2': 0.926281388986265, 'epsilon': 1.0738457723588344e-07, 'hidden_layer_sizes': 71, 'learning_rate_init': 0.006897176368819445, 'tol': 3.2482977004208274e-05, 'validation_fraction': 0.4287184961968325}]
/home/ryedida/.local/lib/python3.9/site-packages/sklearn/neural_network/_multilayer_perceptron.py:605: UserWarning: Got `batch_size` less than 1 or larger than sample size. It is going to be clipped
  warnings.warn(

function_evaluation time 0.086569 value -0.647044 suggestion {'alpha': 0.0009281692990372232, 'batch_size': 205, 'beta_1': 0.794903404657527, 'beta_2': 0.926281388986265, 'epsilon': 1.0738457723588344e-07, 'hidden_layer_sizes': 71, 'learning_rate_init': 0.006897176368819445, 'tol': 3.2482977004208274e-05, 'validation_fraction': 0.4287184961968325}
observation time 0.000073, current best -0.647044 at iter 0
suggestion time taken 0.002162 iter 1 next_points [{'alpha': 0.00030081865839337926, 'batch_size': 202, 'beta_1': 0.5074852644097909, 'beta_2': 0.9815275678999325, 'epsilon': 4.177849049589708e-08, 'hidden_layer_sizes': 149, 'learning_rate_init': 1.9699578312357094e-05, 'tol': 0.003784989698118657, 'validation_fraction': 0.14315326673162554}]
/home/ryedida/.local/lib/python3.9/site-packages/sklearn/neural_network/_multilayer_perceptron.py:605: UserWarning: Got `batch_size` less than 1 or larger than sample size. It is going to be clipped
  warnings.warn(

function_evaluation time 0.050565 value -0.337931 suggestion {'alpha': 0.00030081865839337926, 'batch_size': 202, 'beta_1': 0.5074852644097909, 'beta_2': 0.9815275678999325, 'epsilon': 4.177849049589708e-08, 'hidden_layer_sizes': 149, 'learning_rate_init': 1.9699578312357094e-05, 'tol': 0.003784989698118657, 'validation_fraction': 0.14315326673162554}
observation time 0.000069, current best -0.647044 at iter 1
suggestion time taken 0.002322 iter 2 next_points [{'alpha': 8.963427395193268, 'batch_size': 143, 'beta_1': 0.7064817428085972, 'beta_2': 0.9593071116784966, 'epsilon': 7.924891882605225e-08, 'hidden_layer_sizes': 94, 'learning_rate_init': 2.3741714581978315e-05, 'tol': 0.024953534429611464, 'validation_fraction': 0.1380145545762682}]
/home/ryedida/.local/lib/python3.9/site-packages/sklearn/neural_network/_multilayer_perceptron.py:605: UserWarning: Got `batch_size` less than 1 or larger than sample size. It is going to be clipped
  warnings.warn(

function_evaluation time 0.046565 value -0.266502 suggestion {'alpha': 8.963427395193268, 'batch_size': 143, 'beta_1': 0.7064817428085972, 'beta_2': 0.9593071116784966, 'epsilon': 7.924891882605225e-08, 'hidden_layer_sizes': 94, 'learning_rate_init': 2.3741714581978315e-05, 'tol': 0.024953534429611464, 'validation_fraction': 0.1380145545762682}
observation time 0.000072, current best -0.647044 at iter 2
suggestion time taken 0.002124 iter 3 next_points [{'alpha': 0.03314829647934259, 'batch_size': 79, 'beta_1': 0.52769071350648, 'beta_2': 0.9118057123571465, 'epsilon': 3.2297619604492637e-08, 'hidden_layer_sizes': 198, 'learning_rate_init': 0.01633283807448355, 'tol': 0.00025520030810335015, 'validation_fraction': 0.39914344369299043}]
function_evaluation time 0.100976 value -0.625862 suggestion {'alpha': 0.03314829647934259, 'batch_size': 79, 'beta_1': 0.52769071350648, 'beta_2': 0.9118057123571465, 'epsilon': 3.2297619604492637e-08, 'hidden_layer_sizes': 198, 'learning_rate_init': 0.01633283807448355, 'tol': 0.00025520030810335015, 'validation_fraction': 0.39914344369299043}
observation time 0.000075, current best -0.647044 at iter 3
suggestion time taken 0.002171 iter 4 next_points [{'alpha': 0.00033847186841149204, 'batch_size': 134, 'beta_1': 0.5463780530983448, 'beta_2': 0.9758246864609107, 'epsilon': 1.7330595632347037e-07, 'hidden_layer_sizes': 176, 'learning_rate_init': 0.001651405124304333, 'tol': 0.0003227236619329674, 'validation_fraction': 0.10425633407377644}]
/home/ryedida/.local/lib/python3.9/site-packages/sklearn/neural_network/_multilayer_perceptron.py:605: UserWarning: Got `batch_size` less than 1 or larger than sample size. It is going to be clipped
  warnings.warn(

function_evaluation time 0.084702 value -0.599015 suggestion {'alpha': 0.00033847186841149204, 'batch_size': 134, 'beta_1': 0.5463780530983448, 'beta_2': 0.9758246864609107, 'epsilon': 1.7330595632347037e-07, 'hidden_layer_sizes': 176, 'learning_rate_init': 0.001651405124304333, 'tol': 0.0003227236619329674, 'validation_fraction': 0.10425633407377644}
observation time 0.000071, current best -0.647044 at iter 4
suggestion time taken 0.002153 iter 5 next_points [{'alpha': 0.26473036981016407, 'batch_size': 200, 'beta_1': 0.8173515758674944, 'beta_2': 0.9100827335840491, 'epsilon': 1.0661727911186367e-09, 'hidden_layer_sizes': 97, 'learning_rate_init': 0.027278672145472607, 'tol': 0.00041113762923345896, 'validation_fraction': 0.8103617661499125}]
/home/ryedida/.local/lib/python3.9/site-packages/sklearn/neural_network/_multilayer_perceptron.py:605: UserWarning: Got `batch_size` less than 1 or larger than sample size. It is going to be clipped
  warnings.warn(

function_evaluation time 0.137431 value -0.761330 suggestion {'alpha': 0.26473036981016407, 'batch_size': 200, 'beta_1': 0.8173515758674944, 'beta_2': 0.9100827335840491, 'epsilon': 1.0661727911186367e-09, 'hidden_layer_sizes': 97, 'learning_rate_init': 0.027278672145472607, 'tol': 0.00041113762923345896, 'validation_fraction': 0.8103617661499125}
observation time 0.000084, current best -0.761330 at iter 5
suggestion time taken 0.002151 iter 6 next_points [{'alpha': 1.1872205438296624, 'batch_size': 170, 'beta_1': 0.5478770327945633, 'beta_2': 0.9927693351166673, 'epsilon': 9.75469762940887e-07, 'hidden_layer_sizes': 136, 'learning_rate_init': 1.7509213153710514e-05, 'tol': 0.0013592982039466774, 'validation_fraction': 0.14463407514978235}]
/home/ryedida/.local/lib/python3.9/site-packages/sklearn/neural_network/_multilayer_perceptron.py:605: UserWarning: Got `batch_size` less than 1 or larger than sample size. It is going to be clipped
  warnings.warn(

function_evaluation time 0.051176 value -0.365764 suggestion {'alpha': 1.1872205438296624, 'batch_size': 170, 'beta_1': 0.5478770327945633, 'beta_2': 0.9927693351166673, 'epsilon': 9.75469762940887e-07, 'hidden_layer_sizes': 136, 'learning_rate_init': 1.7509213153710514e-05, 'tol': 0.0013592982039466774, 'validation_fraction': 0.14463407514978235}
observation time 0.000074, current best -0.761330 at iter 6
suggestion time taken 0.002410 iter 7 next_points [{'alpha': 0.25178640786018147, 'batch_size': 102, 'beta_1': 0.8478500832882477, 'beta_2': 0.9352945381896735, 'epsilon': 1.05555001731746e-09, 'hidden_layer_sizes': 53, 'learning_rate_init': 2.8145384049505945e-05, 'tol': 0.00012999606521977273, 'validation_fraction': 0.10285741913580282}]
function_evaluation time 0.043781 value -0.324138 suggestion {'alpha': 0.25178640786018147, 'batch_size': 102, 'beta_1': 0.8478500832882477, 'beta_2': 0.9352945381896735, 'epsilon': 1.05555001731746e-09, 'hidden_layer_sizes': 53, 'learning_rate_init': 2.8145384049505945e-05, 'tol': 0.00012999606521977273, 'validation_fraction': 0.10285741913580282}
observation time 0.000073, current best -0.761330 at iter 7
suggestion time taken 0.002154 iter 8 next_points [{'alpha': 8.13803159577235e-05, 'batch_size': 210, 'beta_1': 0.7915724731556981, 'beta_2': 0.9455155745943874, 'epsilon': 8.31964481088351e-09, 'hidden_layer_sizes': 102, 'learning_rate_init': 1.541768876885076e-05, 'tol': 0.0005132207354083764, 'validation_fraction': 0.17604674470145834}]
/home/ryedida/.local/lib/python3.9/site-packages/sklearn/neural_network/_multilayer_perceptron.py:605: UserWarning: Got `batch_size` less than 1 or larger than sample size. It is going to be clipped
  warnings.warn(

function_evaluation time 0.046236 value -0.240394 suggestion {'alpha': 8.13803159577235e-05, 'batch_size': 210, 'beta_1': 0.7915724731556981, 'beta_2': 0.9455155745943874, 'epsilon': 8.31964481088351e-09, 'hidden_layer_sizes': 102, 'learning_rate_init': 1.541768876885076e-05, 'tol': 0.0005132207354083764, 'validation_fraction': 0.17604674470145834}
observation time 0.000076, current best -0.761330 at iter 8
suggestion time taken 0.002136 iter 9 next_points [{'alpha': 0.011348064037756699, 'batch_size': 210, 'beta_1': 0.6154251805518265, 'beta_2': 0.947860755515321, 'epsilon': 3.043821443900856e-09, 'hidden_layer_sizes': 200, 'learning_rate_init': 3.732964292784761e-05, 'tol': 0.002975194624820888, 'validation_fraction': 0.12241525584573189}]
/home/ryedida/.local/lib/python3.9/site-packages/sklearn/neural_network/_multilayer_perceptron.py:605: UserWarning: Got `batch_size` less than 1 or larger than sample size. It is going to be clipped
  warnings.warn(

function_evaluation time 0.054967 value -0.254187 suggestion {'alpha': 0.011348064037756699, 'batch_size': 210, 'beta_1': 0.6154251805518265, 'beta_2': 0.947860755515321, 'epsilon': 3.043821443900856e-09, 'hidden_layer_sizes': 200, 'learning_rate_init': 3.732964292784761e-05, 'tol': 0.002975194624820888, 'validation_fraction': 0.12241525584573189}
observation time 0.000074, current best -0.761330 at iter 9
suggestion time taken 0.002341 iter 10 next_points [{'alpha': 3.504042918573559e-05, 'batch_size': 230, 'beta_1': 0.6029363126062505, 'beta_2': 0.9047846716421413, 'epsilon': 5.644715011119658e-09, 'hidden_layer_sizes': 68, 'learning_rate_init': 0.057590859937291614, 'tol': 1.2131291718077523e-05, 'validation_fraction': 0.1191404607218975}]
/home/ryedida/.local/lib/python3.9/site-packages/sklearn/neural_network/_multilayer_perceptron.py:605: UserWarning: Got `batch_size` less than 1 or larger than sample size. It is going to be clipped
  warnings.warn(

function_evaluation time 0.071145 value -0.535468 suggestion {'alpha': 3.504042918573559e-05, 'batch_size': 230, 'beta_1': 0.6029363126062505, 'beta_2': 0.9047846716421413, 'epsilon': 5.644715011119658e-09, 'hidden_layer_sizes': 68, 'learning_rate_init': 0.057590859937291614, 'tol': 1.2131291718077523e-05, 'validation_fraction': 0.1191404607218975}
observation time 0.000074, current best -0.761330 at iter 10
suggestion time taken 0.002360 iter 11 next_points [{'alpha': 1.7271418200256234, 'batch_size': 187, 'beta_1': 0.7291950398194027, 'beta_2': 0.9258723993581448, 'epsilon': 4.237525985389138e-07, 'hidden_layer_sizes': 142, 'learning_rate_init': 7.8027757701929e-05, 'tol': 0.00036310795066080625, 'validation_fraction': 0.10722724815456951}]
/home/ryedida/.local/lib/python3.9/site-packages/sklearn/neural_network/_multilayer_perceptron.py:605: UserWarning: Got `batch_size` less than 1 or larger than sample size. It is going to be clipped
  warnings.warn(

function_evaluation time 0.065708 value -0.380542 suggestion {'alpha': 1.7271418200256234, 'batch_size': 187, 'beta_1': 0.7291950398194027, 'beta_2': 0.9258723993581448, 'epsilon': 4.237525985389138e-07, 'hidden_layer_sizes': 142, 'learning_rate_init': 7.8027757701929e-05, 'tol': 0.00036310795066080625, 'validation_fraction': 0.10722724815456951}
observation time 0.000078, current best -0.761330 at iter 11
suggestion time taken 0.002447 iter 12 next_points [{'alpha': 2.377982969603526, 'batch_size': 210, 'beta_1': 0.6098356901682368, 'beta_2': 0.9109884717880494, 'epsilon': 1.196067798867595e-09, 'hidden_layer_sizes': 109, 'learning_rate_init': 5.86949020507344e-05, 'tol': 0.0009619960381813992, 'validation_fraction': 0.1348886759478928}]
/home/ryedida/.local/lib/python3.9/site-packages/sklearn/neural_network/_multilayer_perceptron.py:605: UserWarning: Got `batch_size` less than 1 or larger than sample size. It is going to be clipped
  warnings.warn(

function_evaluation time 0.048320 value -0.330788 suggestion {'alpha': 2.377982969603526, 'batch_size': 210, 'beta_1': 0.6098356901682368, 'beta_2': 0.9109884717880494, 'epsilon': 1.196067798867595e-09, 'hidden_layer_sizes': 109, 'learning_rate_init': 5.86949020507344e-05, 'tol': 0.0009619960381813992, 'validation_fraction': 0.1348886759478928}
observation time 0.000083, current best -0.761330 at iter 12
suggestion time taken 0.002207 iter 13 next_points [{'alpha': 2.441130772237584, 'batch_size': 61, 'beta_1': 0.7270457100365779, 'beta_2': 0.9455469935362752, 'epsilon': 7.19877229581875e-07, 'hidden_layer_sizes': 61, 'learning_rate_init': 2.099927922866502e-05, 'tol': 0.02547857406815685, 'validation_fraction': 0.2538066081041717}]
function_evaluation time 0.055637 value -0.302463 suggestion {'alpha': 2.441130772237584, 'batch_size': 61, 'beta_1': 0.7270457100365779, 'beta_2': 0.9455469935362752, 'epsilon': 7.19877229581875e-07, 'hidden_layer_sizes': 61, 'learning_rate_init': 2.099927922866502e-05, 'tol': 0.02547857406815685, 'validation_fraction': 0.2538066081041717}
observation time 0.000076, current best -0.761330 at iter 13
suggestion time taken 0.002167 iter 14 next_points [{'alpha': 0.0010603422430436858, 'batch_size': 133, 'beta_1': 0.5999962345108325, 'beta_2': 0.9518976103615324, 'epsilon': 5.613401776108232e-07, 'hidden_layer_sizes': 71, 'learning_rate_init': 1.5227454889713967e-05, 'tol': 0.009498941138400614, 'validation_fraction': 0.7767373531029093}]
/home/ryedida/.local/lib/python3.9/site-packages/sklearn/neural_network/_multilayer_perceptron.py:605: UserWarning: Got `batch_size` less than 1 or larger than sample size. It is going to be clipped
  warnings.warn(

function_evaluation time 0.041617 value -0.288424 suggestion {'alpha': 0.0010603422430436858, 'batch_size': 133, 'beta_1': 0.5999962345108325, 'beta_2': 0.9518976103615324, 'epsilon': 5.613401776108232e-07, 'hidden_layer_sizes': 71, 'learning_rate_init': 1.5227454889713967e-05, 'tol': 0.009498941138400614, 'validation_fraction': 0.7767373531029093}
observation time 0.000080, current best -0.761330 at iter 14
saving meta data: {'args': {'--uuid': '1617b3bcfc145e47a9de0e358cc74a62', '-db-root': '/home/ryedida/bbo_challenge_starter_kit/output', '--opt-root': '/home/ryedida/bbo_challenge_starter_kit/example_submissions', '--data-root': None, '--db': 'run_20230408_005556', '--opt': 'hyperopt', '--data': 'wine', '--classifier': 'MLP-adam', '--metric': 'acc', '--calls': 15, '--suggestions': 1, '--jobs-file': None, '--verbose': False, 'dry_run': False, 'rev': 'a376313', 'opt_rev': '0.2.7'}, 'signature': ([{'alpha': 0.019628224813442792, 'batch_size': 182, 'beta_1': 0.9410202200271762, 'beta_2': 0.9998021557676793, 'epsilon': 1.8662266976518e-08, 'hidden_layer_sizes': 147, 'learning_rate_init': 0.0005627932047415167, 'tol': 0.03690557729213761, 'validation_fraction': 0.8846827852548593}, {'alpha': 0.0019982467392329444, 'batch_size': 200, 'beta_1': 0.919111482530466, 'beta_2': 0.9998488260436156, 'epsilon': 5.981221901152555e-07, 'hidden_layer_sizes': 61, 'learning_rate_init': 2.2310905607443014e-05, 'tol': 1.2046852412030316e-05, 'validation_fraction': 0.8117896445826539}, {'alpha': 0.46659545670218433, 'batch_size': 219, 'beta_1': 0.9889789783750891, 'beta_2': 0.9999896868093284, 'epsilon': 2.4234724484675948e-08, 'hidden_layer_sizes': 167, 'learning_rate_init': 2.972334644335654e-05, 'tol': 0.0036281404040243792, 'validation_fraction': 0.17260651658522078}, {'alpha': 4.656005689076002, 'batch_size': 135, 'beta_1': 0.870503881627747, 'beta_2': 0.9948873266941017, 'epsilon': 2.1023308743480125e-07, 'hidden_layer_sizes': 118, 'learning_rate_init': 0.0018781738757161913, 'tol': 1.1889379831773004e-05, 'validation_fraction': 0.6264327093752792}, {'alpha': 0.04705159350400542, 'batch_size': 158, 'beta_1': 0.9870884262730957, 'beta_2': 0.9999596874382349, 'epsilon': 1.1981845126013875e-08, 'hidden_layer_sizes': 116, 'learning_rate_init': 0.00617340520407431, 'tol': 1.741413418158619e-05, 'validation_fraction': 0.6754299026638921}], [-0.4359605911330049, -0.3169950738916256, -0.3312807881773399, -0.6620689655172413, -0.5017241379310344])}
saving results
saving timing
saving suggest log
done
