running: {'--uuid': '6224aed9846e5a7486e090c3ba439e15', '-db-root': '/home/ryedida/bbo_challenge_starter_kit/output', '--opt-root': '/home/ryedida/bbo_challenge_starter_kit/example_submissions', '--data-root': None, '--db': 'run_20230408_005556', '--opt': 'hyperopt', '--data': 'wine', '--classifier': 'MLP-adam', '--metric': 'acc', '--calls': 15, '--suggestions': 1, '--jobs-file': None, '--verbose': False, 'dry_run': False, 'rev': 'a376313', 'opt_rev': '0.2.7'}
cmd: python hyperopt/optimizer.py -c MLP-adam -d wine -o hyperopt -u 6224aed9846e5a7486e090c3ba439e15 -m acc -n 15 -p 1 -dir /home/ryedida/bbo_challenge_starter_kit/output -b run_20230408_005556
/home/ryedida/.local/lib/python3.9/site-packages/sklearn/neural_network/_multilayer_perceptron.py:605: UserWarning: Got `batch_size` less than 1 or larger than sample size. It is going to be clipped
  warnings.warn(

/home/ryedida/.local/lib/python3.9/site-packages/sklearn/neural_network/_multilayer_perceptron.py:605: UserWarning: Got `batch_size` less than 1 or larger than sample size. It is going to be clipped
  warnings.warn(

/home/ryedida/.local/lib/python3.9/site-packages/sklearn/neural_network/_multilayer_perceptron.py:605: UserWarning: Got `batch_size` less than 1 or larger than sample size. It is going to be clipped
  warnings.warn(

/home/ryedida/.local/lib/python3.9/site-packages/sklearn/neural_network/_multilayer_perceptron.py:605: UserWarning: Got `batch_size` less than 1 or larger than sample size. It is going to be clipped
  warnings.warn(

/home/ryedida/.local/lib/python3.9/site-packages/sklearn/neural_network/_multilayer_perceptron.py:605: UserWarning: Got `batch_size` less than 1 or larger than sample size. It is going to be clipped
  warnings.warn(

computed signature: ([{'alpha': 0.019628224813442792, 'batch_size': 182, 'beta_1': 0.9410202200271762, 'beta_2': 0.9998021557676793, 'epsilon': 1.8662266976518e-08, 'hidden_layer_sizes': 147, 'learning_rate_init': 0.0005627932047415167, 'tol': 0.03690557729213761, 'validation_fraction': 0.8846827852548593}, {'alpha': 0.0019982467392329444, 'batch_size': 200, 'beta_1': 0.919111482530466, 'beta_2': 0.9998488260436156, 'epsilon': 5.981221901152555e-07, 'hidden_layer_sizes': 61, 'learning_rate_init': 2.2310905607443014e-05, 'tol': 1.2046852412030316e-05, 'validation_fraction': 0.8117896445826539}, {'alpha': 0.46659545670218433, 'batch_size': 219, 'beta_1': 0.9889789783750891, 'beta_2': 0.9999896868093284, 'epsilon': 2.4234724484675948e-08, 'hidden_layer_sizes': 167, 'learning_rate_init': 2.972334644335654e-05, 'tol': 0.0036281404040243792, 'validation_fraction': 0.17260651658522078}, {'alpha': 4.656005689076002, 'batch_size': 135, 'beta_1': 0.870503881627747, 'beta_2': 0.9948873266941017, 'epsilon': 2.1023308743480125e-07, 'hidden_layer_sizes': 118, 'learning_rate_init': 0.0018781738757161913, 'tol': 1.1889379831773004e-05, 'validation_fraction': 0.6264327093752792}, {'alpha': 0.04705159350400542, 'batch_size': 158, 'beta_1': 0.9870884262730957, 'beta_2': 0.9999596874382349, 'epsilon': 1.1981845126013875e-08, 'hidden_layer_sizes': 116, 'learning_rate_init': 0.00617340520407431, 'tol': 1.741413418158619e-05, 'validation_fraction': 0.6754299026638921}], [-0.4359605911330049, -0.3169950738916256, -0.3312807881773399, -0.6620689655172413, -0.5017241379310344])
Signature errors:
                     0    1    2    3    4  max
MLP-adam_wine_acc  0.0  0.0  0.0  0.0  0.0  0.0
max                0.0  0.0  0.0  0.0  0.0  0.0
starting sklearn study hyperopt MLP-adam wine acc 15 1
with data root: None
suggestion time taken 0.002220 iter 0 next_points [{'alpha': 6.822098411488531e-05, 'batch_size': 172, 'beta_1': 0.5262170694461485, 'beta_2': 0.9573721418280497, 'epsilon': 2.9184093124518717e-07, 'hidden_layer_sizes': 144, 'learning_rate_init': 0.0002937491154294571, 'tol': 0.00023109552576940624, 'validation_fraction': 0.149068979420656}]
/home/ryedida/.local/lib/python3.9/site-packages/sklearn/neural_network/_multilayer_perceptron.py:605: UserWarning: Got `batch_size` less than 1 or larger than sample size. It is going to be clipped
  warnings.warn(

function_evaluation time 0.066680 value -0.472414 suggestion {'alpha': 6.822098411488531e-05, 'batch_size': 172, 'beta_1': 0.5262170694461485, 'beta_2': 0.9573721418280497, 'epsilon': 2.9184093124518717e-07, 'hidden_layer_sizes': 144, 'learning_rate_init': 0.0002937491154294571, 'tol': 0.00023109552576940624, 'validation_fraction': 0.149068979420656}
observation time 0.000087, current best -0.472414 at iter 0
suggestion time taken 0.002125 iter 1 next_points [{'alpha': 0.2105891114269975, 'batch_size': 248, 'beta_1': 0.6037359231419173, 'beta_2': 0.9093164985422788, 'epsilon': 1.5610995272695733e-09, 'hidden_layer_sizes': 132, 'learning_rate_init': 9.923339944983179e-05, 'tol': 0.0002979044710422686, 'validation_fraction': 0.7657903710615503}]
/home/ryedida/.local/lib/python3.9/site-packages/sklearn/neural_network/_multilayer_perceptron.py:605: UserWarning: Got `batch_size` less than 1 or larger than sample size. It is going to be clipped
  warnings.warn(

function_evaluation time 0.049231 value -0.358128 suggestion {'alpha': 0.2105891114269975, 'batch_size': 248, 'beta_1': 0.6037359231419173, 'beta_2': 0.9093164985422788, 'epsilon': 1.5610995272695733e-09, 'hidden_layer_sizes': 132, 'learning_rate_init': 9.923339944983179e-05, 'tol': 0.0002979044710422686, 'validation_fraction': 0.7657903710615503}
observation time 0.000066, current best -0.472414 at iter 1
suggestion time taken 0.002330 iter 2 next_points [{'alpha': 0.01798312551296596, 'batch_size': 179, 'beta_1': 0.6491090634392647, 'beta_2': 0.951407085654272, 'epsilon': 3.269980868899586e-08, 'hidden_layer_sizes': 86, 'learning_rate_init': 0.0001316199306896969, 'tol': 0.0006250241672236673, 'validation_fraction': 0.20296031792740227}]
/home/ryedida/.local/lib/python3.9/site-packages/sklearn/neural_network/_multilayer_perceptron.py:605: UserWarning: Got `batch_size` less than 1 or larger than sample size. It is going to be clipped
  warnings.warn(

function_evaluation time 0.052174 value -0.329803 suggestion {'alpha': 0.01798312551296596, 'batch_size': 179, 'beta_1': 0.6491090634392647, 'beta_2': 0.951407085654272, 'epsilon': 3.269980868899586e-08, 'hidden_layer_sizes': 86, 'learning_rate_init': 0.0001316199306896969, 'tol': 0.0006250241672236673, 'validation_fraction': 0.20296031792740227}
observation time 0.000074, current best -0.472414 at iter 2
suggestion time taken 0.002085 iter 3 next_points [{'alpha': 1.1714735712084396, 'batch_size': 42, 'beta_1': 0.7406389130069416, 'beta_2': 0.9083521178250783, 'epsilon': 5.1536185043504335e-08, 'hidden_layer_sizes': 197, 'learning_rate_init': 0.003379912319320361, 'tol': 0.0037147602431286033, 'validation_fraction': 0.5988884700472721}]
function_evaluation time 0.110712 value -0.676847 suggestion {'alpha': 1.1714735712084396, 'batch_size': 42, 'beta_1': 0.7406389130069416, 'beta_2': 0.9083521178250783, 'epsilon': 5.1536185043504335e-08, 'hidden_layer_sizes': 197, 'learning_rate_init': 0.003379912319320361, 'tol': 0.0037147602431286033, 'validation_fraction': 0.5988884700472721}
observation time 0.000070, current best -0.676847 at iter 3
suggestion time taken 0.002118 iter 4 next_points [{'alpha': 0.00014333913122382375, 'batch_size': 175, 'beta_1': 0.5675715006852127, 'beta_2': 0.9969402627382649, 'epsilon': 5.4698535355438814e-08, 'hidden_layer_sizes': 151, 'learning_rate_init': 5.3786014871975284e-05, 'tol': 0.000572969744987854, 'validation_fraction': 0.5559845554026716}]
/home/ryedida/.local/lib/python3.9/site-packages/sklearn/neural_network/_multilayer_perceptron.py:605: UserWarning: Got `batch_size` less than 1 or larger than sample size. It is going to be clipped
  warnings.warn(

function_evaluation time 0.051871 value -0.351478 suggestion {'alpha': 0.00014333913122382375, 'batch_size': 175, 'beta_1': 0.5675715006852127, 'beta_2': 0.9969402627382649, 'epsilon': 5.4698535355438814e-08, 'hidden_layer_sizes': 151, 'learning_rate_init': 5.3786014871975284e-05, 'tol': 0.000572969744987854, 'validation_fraction': 0.5559845554026716}
observation time 0.000070, current best -0.676847 at iter 4
suggestion time taken 0.002398 iter 5 next_points [{'alpha': 1.8464221081754254e-05, 'batch_size': 230, 'beta_1': 0.6559007192880789, 'beta_2': 0.9363367610039477, 'epsilon': 9.180946428854997e-07, 'hidden_layer_sizes': 78, 'learning_rate_init': 0.0013062600471651594, 'tol': 0.00034031960149016145, 'validation_fraction': 0.20865952945651897}]
/home/ryedida/.local/lib/python3.9/site-packages/sklearn/neural_network/_multilayer_perceptron.py:605: UserWarning: Got `batch_size` less than 1 or larger than sample size. It is going to be clipped
  warnings.warn(

function_evaluation time 0.053506 value -0.379557 suggestion {'alpha': 1.8464221081754254e-05, 'batch_size': 230, 'beta_1': 0.6559007192880789, 'beta_2': 0.9363367610039477, 'epsilon': 9.180946428854997e-07, 'hidden_layer_sizes': 78, 'learning_rate_init': 0.0013062600471651594, 'tol': 0.00034031960149016145, 'validation_fraction': 0.20865952945651897}
observation time 0.000071, current best -0.676847 at iter 5
suggestion time taken 0.002120 iter 6 next_points [{'alpha': 4.343831101772824e-05, 'batch_size': 158, 'beta_1': 0.8220275146797074, 'beta_2': 0.9587485275672453, 'epsilon': 3.191516078421418e-08, 'hidden_layer_sizes': 127, 'learning_rate_init': 0.00345758083179435, 'tol': 0.0014608325400618967, 'validation_fraction': 0.6807900803751713}]
/home/ryedida/.local/lib/python3.9/site-packages/sklearn/neural_network/_multilayer_perceptron.py:605: UserWarning: Got `batch_size` less than 1 or larger than sample size. It is going to be clipped
  warnings.warn(

function_evaluation time 0.116777 value -0.663054 suggestion {'alpha': 4.343831101772824e-05, 'batch_size': 158, 'beta_1': 0.8220275146797074, 'beta_2': 0.9587485275672453, 'epsilon': 3.191516078421418e-08, 'hidden_layer_sizes': 127, 'learning_rate_init': 0.00345758083179435, 'tol': 0.0014608325400618967, 'validation_fraction': 0.6807900803751713}
observation time 0.000071, current best -0.676847 at iter 6
suggestion time taken 0.002134 iter 7 next_points [{'alpha': 2.179850448044222e-05, 'batch_size': 232, 'beta_1': 0.7628980818829025, 'beta_2': 0.9559962781014342, 'epsilon': 2.753639640395192e-07, 'hidden_layer_sizes': 166, 'learning_rate_init': 0.009398933888976516, 'tol': 0.018409801120884403, 'validation_fraction': 0.15047999286654945}]
/home/ryedida/.local/lib/python3.9/site-packages/sklearn/neural_network/_multilayer_perceptron.py:605: UserWarning: Got `batch_size` less than 1 or larger than sample size. It is going to be clipped
  warnings.warn(

function_evaluation time 0.100247 value -0.684236 suggestion {'alpha': 2.179850448044222e-05, 'batch_size': 232, 'beta_1': 0.7628980818829025, 'beta_2': 0.9559962781014342, 'epsilon': 2.753639640395192e-07, 'hidden_layer_sizes': 166, 'learning_rate_init': 0.009398933888976516, 'tol': 0.018409801120884403, 'validation_fraction': 0.15047999286654945}
observation time 0.000071, current best -0.684236 at iter 7
suggestion time taken 0.002128 iter 8 next_points [{'alpha': 3.812638077746502, 'batch_size': 144, 'beta_1': 0.6948763341259326, 'beta_2': 0.9595208817377341, 'epsilon': 1.301382763715301e-09, 'hidden_layer_sizes': 188, 'learning_rate_init': 0.006586798724921588, 'tol': 0.010095901306136919, 'validation_fraction': 0.19001901789032788}]
/home/ryedida/.local/lib/python3.9/site-packages/sklearn/neural_network/_multilayer_perceptron.py:605: UserWarning: Got `batch_size` less than 1 or larger than sample size. It is going to be clipped
  warnings.warn(

function_evaluation time 0.097667 value -0.690887 suggestion {'alpha': 3.812638077746502, 'batch_size': 144, 'beta_1': 0.6948763341259326, 'beta_2': 0.9595208817377341, 'epsilon': 1.301382763715301e-09, 'hidden_layer_sizes': 188, 'learning_rate_init': 0.006586798724921588, 'tol': 0.010095901306136919, 'validation_fraction': 0.19001901789032788}
observation time 0.000074, current best -0.690887 at iter 8
suggestion time taken 0.002372 iter 9 next_points [{'alpha': 0.00021251038014261385, 'batch_size': 240, 'beta_1': 0.7407588802761867, 'beta_2': 0.9062109289529481, 'epsilon': 3.493990437002906e-08, 'hidden_layer_sizes': 73, 'learning_rate_init': 0.003318457117178009, 'tol': 8.345420837719755e-05, 'validation_fraction': 0.28099722935113064}]
/home/ryedida/.local/lib/python3.9/site-packages/sklearn/neural_network/_multilayer_perceptron.py:605: UserWarning: Got `batch_size` less than 1 or larger than sample size. It is going to be clipped
  warnings.warn(

function_evaluation time 0.085703 value -0.648276 suggestion {'alpha': 0.00021251038014261385, 'batch_size': 240, 'beta_1': 0.7407588802761867, 'beta_2': 0.9062109289529481, 'epsilon': 3.493990437002906e-08, 'hidden_layer_sizes': 73, 'learning_rate_init': 0.003318457117178009, 'tol': 8.345420837719755e-05, 'validation_fraction': 0.28099722935113064}
observation time 0.000077, current best -0.690887 at iter 9
suggestion time taken 0.002111 iter 10 next_points [{'alpha': 1.1817804266590866, 'batch_size': 169, 'beta_1': 0.6332568318817937, 'beta_2': 0.9674803561905169, 'epsilon': 5.872911491277045e-07, 'hidden_layer_sizes': 59, 'learning_rate_init': 0.004590586236595605, 'tol': 0.08406681100272927, 'validation_fraction': 0.5631389962802084}]
/home/ryedida/.local/lib/python3.9/site-packages/sklearn/neural_network/_multilayer_perceptron.py:605: UserWarning: Got `batch_size` less than 1 or larger than sample size. It is going to be clipped
  warnings.warn(

function_evaluation time 0.061966 value -0.565271 suggestion {'alpha': 1.1817804266590866, 'batch_size': 169, 'beta_1': 0.6332568318817937, 'beta_2': 0.9674803561905169, 'epsilon': 5.872911491277045e-07, 'hidden_layer_sizes': 59, 'learning_rate_init': 0.004590586236595605, 'tol': 0.08406681100272927, 'validation_fraction': 0.5631389962802084}
observation time 0.000075, current best -0.690887 at iter 10
suggestion time taken 0.002132 iter 11 next_points [{'alpha': 0.0019534811360077363, 'batch_size': 245, 'beta_1': 0.5497579423165597, 'beta_2': 0.952178965162959, 'epsilon': 9.154882606744165e-09, 'hidden_layer_sizes': 123, 'learning_rate_init': 0.0001651865932171612, 'tol': 0.0029333260199115633, 'validation_fraction': 0.22253470923648958}]
/home/ryedida/.local/lib/python3.9/site-packages/sklearn/neural_network/_multilayer_perceptron.py:605: UserWarning: Got `batch_size` less than 1 or larger than sample size. It is going to be clipped
  warnings.warn(

function_evaluation time 0.047284 value -0.295567 suggestion {'alpha': 0.0019534811360077363, 'batch_size': 245, 'beta_1': 0.5497579423165597, 'beta_2': 0.952178965162959, 'epsilon': 9.154882606744165e-09, 'hidden_layer_sizes': 123, 'learning_rate_init': 0.0001651865932171612, 'tol': 0.0029333260199115633, 'validation_fraction': 0.22253470923648958}
observation time 0.000077, current best -0.690887 at iter 11
suggestion time taken 0.002418 iter 12 next_points [{'alpha': 1.7271735129991914, 'batch_size': 192, 'beta_1': 0.5721711589771767, 'beta_2': 0.9165954936354739, 'epsilon': 1.1399084229716328e-08, 'hidden_layer_sizes': 121, 'learning_rate_init': 0.0004328111663884106, 'tol': 0.00012124862011215882, 'validation_fraction': 0.11649138329698717}]
/home/ryedida/.local/lib/python3.9/site-packages/sklearn/neural_network/_multilayer_perceptron.py:605: UserWarning: Got `batch_size` less than 1 or larger than sample size. It is going to be clipped
  warnings.warn(

function_evaluation time 0.071680 value -0.423645 suggestion {'alpha': 1.7271735129991914, 'batch_size': 192, 'beta_1': 0.5721711589771767, 'beta_2': 0.9165954936354739, 'epsilon': 1.1399084229716328e-08, 'hidden_layer_sizes': 121, 'learning_rate_init': 0.0004328111663884106, 'tol': 0.00012124862011215882, 'validation_fraction': 0.11649138329698717}
observation time 0.000081, current best -0.690887 at iter 12
suggestion time taken 0.002181 iter 13 next_points [{'alpha': 0.019470285764738266, 'batch_size': 20, 'beta_1': 0.90860136406638, 'beta_2': 0.9851877252793089, 'epsilon': 3.7196081524573166e-09, 'hidden_layer_sizes': 100, 'learning_rate_init': 1.941640298810526e-05, 'tol': 1.9951323047328226e-05, 'validation_fraction': 0.19068990794211912}]
function_evaluation time 0.085167 value -0.394581 suggestion {'alpha': 0.019470285764738266, 'batch_size': 20, 'beta_1': 0.90860136406638, 'beta_2': 0.9851877252793089, 'epsilon': 3.7196081524573166e-09, 'hidden_layer_sizes': 100, 'learning_rate_init': 1.941640298810526e-05, 'tol': 1.9951323047328226e-05, 'validation_fraction': 0.19068990794211912}
observation time 0.000075, current best -0.690887 at iter 13
suggestion time taken 0.002122 iter 14 next_points [{'alpha': 3.74947917379597e-05, 'batch_size': 156, 'beta_1': 0.5148716232807823, 'beta_2': 0.9811400865887877, 'epsilon': 1.260784004164281e-09, 'hidden_layer_sizes': 53, 'learning_rate_init': 0.0007286618391591693, 'tol': 0.000533948411036157, 'validation_fraction': 0.17167179435953925}]
/home/ryedida/.local/lib/python3.9/site-packages/sklearn/neural_network/_multilayer_perceptron.py:605: UserWarning: Got `batch_size` less than 1 or larger than sample size. It is going to be clipped
  warnings.warn(

function_evaluation time 0.048360 value -0.371675 suggestion {'alpha': 3.74947917379597e-05, 'batch_size': 156, 'beta_1': 0.5148716232807823, 'beta_2': 0.9811400865887877, 'epsilon': 1.260784004164281e-09, 'hidden_layer_sizes': 53, 'learning_rate_init': 0.0007286618391591693, 'tol': 0.000533948411036157, 'validation_fraction': 0.17167179435953925}
observation time 0.000074, current best -0.690887 at iter 14
saving meta data: {'args': {'--uuid': '6224aed9846e5a7486e090c3ba439e15', '-db-root': '/home/ryedida/bbo_challenge_starter_kit/output', '--opt-root': '/home/ryedida/bbo_challenge_starter_kit/example_submissions', '--data-root': None, '--db': 'run_20230408_005556', '--opt': 'hyperopt', '--data': 'wine', '--classifier': 'MLP-adam', '--metric': 'acc', '--calls': 15, '--suggestions': 1, '--jobs-file': None, '--verbose': False, 'dry_run': False, 'rev': 'a376313', 'opt_rev': '0.2.7'}, 'signature': ([{'alpha': 0.019628224813442792, 'batch_size': 182, 'beta_1': 0.9410202200271762, 'beta_2': 0.9998021557676793, 'epsilon': 1.8662266976518e-08, 'hidden_layer_sizes': 147, 'learning_rate_init': 0.0005627932047415167, 'tol': 0.03690557729213761, 'validation_fraction': 0.8846827852548593}, {'alpha': 0.0019982467392329444, 'batch_size': 200, 'beta_1': 0.919111482530466, 'beta_2': 0.9998488260436156, 'epsilon': 5.981221901152555e-07, 'hidden_layer_sizes': 61, 'learning_rate_init': 2.2310905607443014e-05, 'tol': 1.2046852412030316e-05, 'validation_fraction': 0.8117896445826539}, {'alpha': 0.46659545670218433, 'batch_size': 219, 'beta_1': 0.9889789783750891, 'beta_2': 0.9999896868093284, 'epsilon': 2.4234724484675948e-08, 'hidden_layer_sizes': 167, 'learning_rate_init': 2.972334644335654e-05, 'tol': 0.0036281404040243792, 'validation_fraction': 0.17260651658522078}, {'alpha': 4.656005689076002, 'batch_size': 135, 'beta_1': 0.870503881627747, 'beta_2': 0.9948873266941017, 'epsilon': 2.1023308743480125e-07, 'hidden_layer_sizes': 118, 'learning_rate_init': 0.0018781738757161913, 'tol': 1.1889379831773004e-05, 'validation_fraction': 0.6264327093752792}, {'alpha': 0.04705159350400542, 'batch_size': 158, 'beta_1': 0.9870884262730957, 'beta_2': 0.9999596874382349, 'epsilon': 1.1981845126013875e-08, 'hidden_layer_sizes': 116, 'learning_rate_init': 0.00617340520407431, 'tol': 1.741413418158619e-05, 'validation_fraction': 0.6754299026638921}], [-0.4359605911330049, -0.3169950738916256, -0.3312807881773399, -0.6620689655172413, -0.5017241379310344])}
saving results
saving timing
saving suggest log
done
