running: {'--uuid': '824e089eab5957c0b91fdf59942d1a6d', '-db-root': '/home/ryedida/bbo_challenge_starter_kit/output', '--opt-root': '/home/ryedida/bbo_challenge_starter_kit/example_submissions', '--data-root': None, '--db': 'run_20230408_005556', '--opt': 'turbo', '--data': 'wine', '--classifier': 'MLP-adam', '--metric': 'nll', '--calls': 15, '--suggestions': 1, '--jobs-file': None, '--verbose': False, 'dry_run': False, 'rev': 'a376313', 'opt_rev': '0.0.1'}
cmd: python turbo/optimizer.py -c MLP-adam -d wine -o turbo -u 824e089eab5957c0b91fdf59942d1a6d -m nll -n 15 -p 1 -dir /home/ryedida/bbo_challenge_starter_kit/output -b run_20230408_005556
/home/ryedida/.local/lib/python3.9/site-packages/sklearn/neural_network/_multilayer_perceptron.py:605: UserWarning: Got `batch_size` less than 1 or larger than sample size. It is going to be clipped
  warnings.warn(

/home/ryedida/.local/lib/python3.9/site-packages/sklearn/neural_network/_multilayer_perceptron.py:605: UserWarning: Got `batch_size` less than 1 or larger than sample size. It is going to be clipped
  warnings.warn(

/home/ryedida/.local/lib/python3.9/site-packages/sklearn/neural_network/_multilayer_perceptron.py:605: UserWarning: Got `batch_size` less than 1 or larger than sample size. It is going to be clipped
  warnings.warn(

/home/ryedida/.local/lib/python3.9/site-packages/sklearn/neural_network/_multilayer_perceptron.py:605: UserWarning: Got `batch_size` less than 1 or larger than sample size. It is going to be clipped
  warnings.warn(

/home/ryedida/.local/lib/python3.9/site-packages/sklearn/neural_network/_multilayer_perceptron.py:605: UserWarning: Got `batch_size` less than 1 or larger than sample size. It is going to be clipped
  warnings.warn(

computed signature: ([{'alpha': 0.019628224813442792, 'batch_size': 182, 'beta_1': 0.9410202200271762, 'beta_2': 0.9998021557676793, 'epsilon': 1.8662266976518e-08, 'hidden_layer_sizes': 147, 'learning_rate_init': 0.0005627932047415167, 'tol': 0.03690557729213761, 'validation_fraction': 0.8846827852548593}, {'alpha': 0.0019982467392329444, 'batch_size': 200, 'beta_1': 0.919111482530466, 'beta_2': 0.9998488260436156, 'epsilon': 5.981221901152555e-07, 'hidden_layer_sizes': 61, 'learning_rate_init': 2.2310905607443014e-05, 'tol': 1.2046852412030316e-05, 'validation_fraction': 0.8117896445826539}, {'alpha': 0.46659545670218433, 'batch_size': 219, 'beta_1': 0.9889789783750891, 'beta_2': 0.9999896868093284, 'epsilon': 2.4234724484675948e-08, 'hidden_layer_sizes': 167, 'learning_rate_init': 2.972334644335654e-05, 'tol': 0.0036281404040243792, 'validation_fraction': 0.17260651658522078}, {'alpha': 4.656005689076002, 'batch_size': 135, 'beta_1': 0.870503881627747, 'beta_2': 0.9948873266941017, 'epsilon': 2.1023308743480125e-07, 'hidden_layer_sizes': 118, 'learning_rate_init': 0.0018781738757161913, 'tol': 1.1889379831773004e-05, 'validation_fraction': 0.6264327093752792}, {'alpha': 0.04705159350400542, 'batch_size': 158, 'beta_1': 0.9870884262730957, 'beta_2': 0.9999596874382349, 'epsilon': 1.1981845126013875e-08, 'hidden_layer_sizes': 116, 'learning_rate_init': 0.00617340520407431, 'tol': 1.741413418158619e-05, 'validation_fraction': 0.6754299026638921}], [16.063962273407764, 23.274250254613083, 19.80193088400322, 3.463918210725012, 15.210579700922176])
/home/ryedida/.local/lib/python3.9/site-packages/bayesmark/signatures.py:85: RuntimeWarning: Signature diverged on MLP-adam_wine_nll betwen [15.51998549 22.35390307 19.16402613  3.37792524 14.64310022] and [16.06396227 23.27425025 19.80193088  3.46391821 15.2105797 ]
  warnings.warn(

Signature errors:
                          0         1         2         3         4       max
MLP-adam_wine_nll  0.543977  0.920347  0.637905  0.085993  0.567479  0.920347
max                0.543977  0.920347  0.637905  0.085993  0.567479  0.920347
starting sklearn study turbo MLP-adam wine nll 15 1
with data root: None
suggestion time taken 0.002452 iter 0 next_points [{'alpha': 0.17862309961549067, 'batch_size': 106, 'beta_1': 0.9328105123521028, 'beta_2': 0.999994192447824, 'epsilon': 2.1382458914728086e-07, 'hidden_layer_sizes': 172, 'learning_rate_init': 0.0017544507371869782, 'tol': 0.00027701192718992864, 'validation_fraction': 0.5304145994307207}]
/home/ryedida/.local/lib/python3.9/site-packages/sklearn/neural_network/_multilayer_perceptron.py:605: UserWarning: Got `batch_size` less than 1 or larger than sample size. It is going to be clipped
  warnings.warn(

function_evaluation time 0.092894 value 6.234619 suggestion {'alpha': 0.17862309961549067, 'batch_size': 106, 'beta_1': 0.9328105123521028, 'beta_2': 0.999994192447824, 'epsilon': 2.1382458914728086e-07, 'hidden_layer_sizes': 172, 'learning_rate_init': 0.0017544507371869782, 'tol': 0.00027701192718992864, 'validation_fraction': 0.5304145994307207}
observation time 0.001439, current best 6.234619 at iter 0
suggestion time taken 0.001790 iter 1 next_points [{'alpha': 0.0007702502563686585, 'batch_size': 42, 'beta_1': 0.775597342567989, 'beta_2': 0.9999830444776453, 'epsilon': 9.023112390851427e-09, 'hidden_layer_sizes': 144, 'learning_rate_init': 3.245797926364829e-05, 'tol': 0.0022672856132248506, 'validation_fraction': 0.7948051327504048}]
/home/ryedida/.local/lib/python3.9/site-packages/sklearn/neural_network/_multilayer_perceptron.py:605: UserWarning: Got `batch_size` less than 1 or larger than sample size. It is going to be clipped
  warnings.warn(

function_evaluation time 0.050082 value 25.132902 suggestion {'alpha': 0.0007702502563686585, 'batch_size': 42, 'beta_1': 0.775597342567989, 'beta_2': 0.9999830444776453, 'epsilon': 9.023112390851427e-09, 'hidden_layer_sizes': 144, 'learning_rate_init': 3.245797926364829e-05, 'tol': 0.0022672856132248506, 'validation_fraction': 0.7948051327504048}
observation time 0.001438, current best 6.234619 at iter 1
suggestion time taken 0.001847 iter 2 next_points [{'alpha': 0.00727186613301141, 'batch_size': 167, 'beta_1': 0.8939279033475916, 'beta_2': 0.9998397856262288, 'epsilon': 1.9563301167031113e-08, 'hidden_layer_sizes': 134, 'learning_rate_init': 0.0005414275290570035, 'tol': 0.0004779832342594166, 'validation_fraction': 0.126702104698363}]
/home/ryedida/.local/lib/python3.9/site-packages/sklearn/neural_network/_multilayer_perceptron.py:605: UserWarning: Got `batch_size` less than 1 or larger than sample size. It is going to be clipped
  warnings.warn(

function_evaluation time 0.061762 value 19.519355 suggestion {'alpha': 0.00727186613301141, 'batch_size': 167, 'beta_1': 0.8939279033475916, 'beta_2': 0.9998397856262288, 'epsilon': 1.9563301167031113e-08, 'hidden_layer_sizes': 134, 'learning_rate_init': 0.0005414275290570035, 'tol': 0.0004779832342594166, 'validation_fraction': 0.126702104698363}
observation time 0.001654, current best 6.234619 at iter 2
suggestion time taken 0.001824 iter 3 next_points [{'alpha': 3.018306731732949, 'batch_size': 58, 'beta_1': 0.8296351214310549, 'beta_2': 0.9964848015631338, 'epsilon': 1.2437059851723465e-07, 'hidden_layer_sizes': 186, 'learning_rate_init': 0.061299466646411, 'tol': 0.09822465603640569, 'validation_fraction': 0.8332993557931376}]
/home/ryedida/.local/lib/python3.9/site-packages/sklearn/neural_network/_multilayer_perceptron.py:605: UserWarning: Got `batch_size` less than 1 or larger than sample size. It is going to be clipped
  warnings.warn(

function_evaluation time 0.074542 value 10.003567 suggestion {'alpha': 3.018306731732949, 'batch_size': 58, 'beta_1': 0.8296351214310549, 'beta_2': 0.9964848015631338, 'epsilon': 1.2437059851723465e-07, 'hidden_layer_sizes': 186, 'learning_rate_init': 0.061299466646411, 'tol': 0.09822465603640569, 'validation_fraction': 0.8332993557931376}
observation time 0.001441, current best 6.234619 at iter 3
suggestion time taken 0.001776 iter 4 next_points [{'alpha': 0.0009587307528566894, 'batch_size': 123, 'beta_1': 0.9826638680093263, 'beta_2': 0.9702564624354009, 'epsilon': 5.178440272239173e-09, 'hidden_layer_sizes': 164, 'learning_rate_init': 1.8476830747947343e-05, 'tol': 2.000975563245313e-05, 'validation_fraction': 0.17854228617841358}]
/home/ryedida/.local/lib/python3.9/site-packages/sklearn/neural_network/_multilayer_perceptron.py:605: UserWarning: Got `batch_size` less than 1 or larger than sample size. It is going to be clipped
  warnings.warn(

function_evaluation time 0.055020 value 20.078534 suggestion {'alpha': 0.0009587307528566894, 'batch_size': 123, 'beta_1': 0.9826638680093263, 'beta_2': 0.9702564624354009, 'epsilon': 5.178440272239173e-09, 'hidden_layer_sizes': 164, 'learning_rate_init': 1.8476830747947343e-05, 'tol': 2.000975563245313e-05, 'validation_fraction': 0.17854228617841358}
observation time 0.001422, current best 6.234619 at iter 4
suggestion time taken 0.001780 iter 5 next_points [{'alpha': 0.0001845588693864968, 'batch_size': 90, 'beta_1': 0.9542487158421085, 'beta_2': 0.9510978401430201, 'epsilon': 2.4515420712537174e-09, 'hidden_layer_sizes': 199, 'learning_rate_init': 0.00017586117930417326, 'tol': 0.005021317359258101, 'validation_fraction': 0.11865978674006945}]
function_evaluation time 0.073456 value 18.445375 suggestion {'alpha': 0.0001845588693864968, 'batch_size': 90, 'beta_1': 0.9542487158421085, 'beta_2': 0.9510978401430201, 'epsilon': 2.4515420712537174e-09, 'hidden_layer_sizes': 199, 'learning_rate_init': 0.00017586117930417326, 'tol': 0.005021317359258101, 'validation_fraction': 0.11865978674006945}
observation time 0.001415, current best 6.234619 at iter 5
suggestion time taken 0.001789 iter 6 next_points [{'alpha': 7.2050103638314456, 'batch_size': 132, 'beta_1': 0.9869847563295074, 'beta_2': 0.9999381776464368, 'epsilon': 1.6093783887294824e-08, 'hidden_layer_sizes': 99, 'learning_rate_init': 0.0003246515694239353, 'tol': 0.00012818314442933262, 'validation_fraction': 0.6658985997626841}]
/home/ryedida/.local/lib/python3.9/site-packages/sklearn/neural_network/_multilayer_perceptron.py:605: UserWarning: Got `batch_size` less than 1 or larger than sample size. It is going to be clipped
  warnings.warn(

function_evaluation time 0.059300 value 17.539109 suggestion {'alpha': 7.2050103638314456, 'batch_size': 132, 'beta_1': 0.9869847563295074, 'beta_2': 0.9999381776464368, 'epsilon': 1.6093783887294824e-08, 'hidden_layer_sizes': 99, 'learning_rate_init': 0.0003246515694239353, 'tol': 0.00012818314442933262, 'validation_fraction': 0.6658985997626841}
observation time 0.001463, current best 6.234619 at iter 6
suggestion time taken 0.002100 iter 7 next_points [{'alpha': 9.731059384547117e-05, 'batch_size': 66, 'beta_1': 0.9667536038683959, 'beta_2': 0.9986537900994151, 'epsilon': 9.65044369478676e-07, 'hidden_layer_sizes': 55, 'learning_rate_init': 0.021410708162686733, 'tol': 0.016396833126034984, 'validation_fraction': 0.28627139440993177}]
function_evaluation time 0.125040 value 3.460832 suggestion {'alpha': 9.731059384547117e-05, 'batch_size': 66, 'beta_1': 0.9667536038683959, 'beta_2': 0.9986537900994151, 'epsilon': 9.65044369478676e-07, 'hidden_layer_sizes': 55, 'learning_rate_init': 0.021410708162686733, 'tol': 0.016396833126034984, 'validation_fraction': 0.28627139440993177}
observation time 0.001383, current best 3.460832 at iter 7
suggestion time taken 0.002036 iter 8 next_points [{'alpha': 0.11285863040510176, 'batch_size': 219, 'beta_1': 0.9883314487490384, 'beta_2': 0.999998329040681, 'epsilon': 7.297144150218696e-09, 'hidden_layer_sizes': 159, 'learning_rate_init': 0.09513474625601448, 'tol': 0.0008533202726652233, 'validation_fraction': 0.3291784733829313}]
/home/ryedida/.local/lib/python3.9/site-packages/sklearn/neural_network/_multilayer_perceptron.py:605: UserWarning: Got `batch_size` less than 1 or larger than sample size. It is going to be clipped
  warnings.warn(

function_evaluation time 0.085453 value 6.230890 suggestion {'alpha': 0.11285863040510176, 'batch_size': 219, 'beta_1': 0.9883314487490384, 'beta_2': 0.999998329040681, 'epsilon': 7.297144150218696e-09, 'hidden_layer_sizes': 159, 'learning_rate_init': 0.09513474625601448, 'tol': 0.0008533202726652233, 'validation_fraction': 0.3291784733829313}
observation time 0.001401, current best 3.460832 at iter 8
suggestion time taken 0.001802 iter 9 next_points [{'alpha': 0.05428509761112287, 'batch_size': 20, 'beta_1': 0.9679572293469582, 'beta_2': 0.9981334933579913, 'epsilon': 6.769914424120566e-07, 'hidden_layer_sizes': 182, 'learning_rate_init': 1.4428570506827535e-05, 'tol': 0.0017014245097261005, 'validation_fraction': 0.7772538626508498}]
function_evaluation time 0.071532 value 21.229072 suggestion {'alpha': 0.05428509761112287, 'batch_size': 20, 'beta_1': 0.9679572293469582, 'beta_2': 0.9981334933579913, 'epsilon': 6.769914424120566e-07, 'hidden_layer_sizes': 182, 'learning_rate_init': 1.4428570506827535e-05, 'tol': 0.0017014245097261005, 'validation_fraction': 0.7772538626508498}
observation time 0.001445, current best 3.460832 at iter 9
suggestion time taken 0.001730 iter 10 next_points [{'alpha': 1.8572801191387562, 'batch_size': 235, 'beta_1': 0.6714130120146452, 'beta_2': 0.9999974452741475, 'epsilon': 7.765041174444765e-08, 'hidden_layer_sizes': 85, 'learning_rate_init': 0.007976159895492834, 'tol': 0.0005149807919829303, 'validation_fraction': 0.3954527477774602}]
/home/ryedida/.local/lib/python3.9/site-packages/sklearn/neural_network/_multilayer_perceptron.py:605: UserWarning: Got `batch_size` less than 1 or larger than sample size. It is going to be clipped
  warnings.warn(

function_evaluation time 0.090588 value 6.564460 suggestion {'alpha': 1.8572801191387562, 'batch_size': 235, 'beta_1': 0.6714130120146452, 'beta_2': 0.9999974452741475, 'epsilon': 7.765041174444765e-08, 'hidden_layer_sizes': 85, 'learning_rate_init': 0.007976159895492834, 'tol': 0.0005149807919829303, 'validation_fraction': 0.3954527477774602}
observation time 0.001440, current best 3.460832 at iter 10
suggestion time taken 0.001752 iter 11 next_points [{'alpha': 1.0790808247204549, 'batch_size': 244, 'beta_1': 0.9405127029633514, 'beta_2': 0.999962707010713, 'epsilon': 9.409444597713037e-08, 'hidden_layer_sizes': 79, 'learning_rate_init': 5.8434871399823836e-05, 'tol': 0.005748139545792534, 'validation_fraction': 0.6007187764941921}]
/home/ryedida/.local/lib/python3.9/site-packages/sklearn/neural_network/_multilayer_perceptron.py:605: UserWarning: Got `batch_size` less than 1 or larger than sample size. It is going to be clipped
  warnings.warn(

function_evaluation time 0.045558 value 22.399480 suggestion {'alpha': 1.0790808247204549, 'batch_size': 244, 'beta_1': 0.9405127029633514, 'beta_2': 0.999962707010713, 'epsilon': 9.409444597713037e-08, 'hidden_layer_sizes': 79, 'learning_rate_init': 5.8434871399823836e-05, 'tol': 0.005748139545792534, 'validation_fraction': 0.6007187764941921}
observation time 0.001409, current best 3.460832 at iter 11
suggestion time taken 0.001744 iter 12 next_points [{'alpha': 0.38715097769859, 'batch_size': 31, 'beta_1': 0.9767857083575703, 'beta_2': 0.9941185790528307, 'epsilon': 4.169497579360446e-07, 'hidden_layer_sizes': 110, 'learning_rate_init': 0.001250377583617498, 'tol': 0.03262966721383997, 'validation_fraction': 0.2556999797740695}]
function_evaluation time 0.116453 value 12.562461 suggestion {'alpha': 0.38715097769859, 'batch_size': 31, 'beta_1': 0.9767857083575703, 'beta_2': 0.9941185790528307, 'epsilon': 4.169497579360446e-07, 'hidden_layer_sizes': 110, 'learning_rate_init': 0.001250377583617498, 'tol': 0.03262966721383997, 'validation_fraction': 0.2556999797740695}
observation time 0.001379, current best 3.460832 at iter 12
suggestion time taken 0.001988 iter 13 next_points [{'alpha': 5.36322083669009e-05, 'batch_size': 77, 'beta_1': 0.5071316769877425, 'beta_2': 0.9993288332530662, 'epsilon': 1.6958306921843905e-09, 'hidden_layer_sizes': 127, 'learning_rate_init': 0.02581851492913684, 'tol': 0.052957982428816476, 'validation_fraction': 0.8716161991514064}]
/home/ryedida/.local/lib/python3.9/site-packages/sklearn/neural_network/_multilayer_perceptron.py:605: UserWarning: Got `batch_size` less than 1 or larger than sample size. It is going to be clipped
  warnings.warn(

function_evaluation time 0.070671 value 10.283010 suggestion {'alpha': 5.36322083669009e-05, 'batch_size': 77, 'beta_1': 0.5071316769877425, 'beta_2': 0.9993288332530662, 'epsilon': 1.6958306921843905e-09, 'hidden_layer_sizes': 127, 'learning_rate_init': 0.02581851492913684, 'tol': 0.052957982428816476, 'validation_fraction': 0.8716161991514064}
observation time 0.001388, current best 3.460832 at iter 13
suggestion time taken 0.001816 iter 14 next_points [{'alpha': 2.256637091752428e-05, 'batch_size': 161, 'beta_1': 0.6912613588418126, 'beta_2': 0.9999894094506536, 'epsilon': 5.387835216719686e-08, 'hidden_layer_sizes': 60, 'learning_rate_init': 0.009588790375237034, 'tol': 7.111013962456759e-05, 'validation_fraction': 0.4506302068762979}]
/home/ryedida/.local/lib/python3.9/site-packages/sklearn/neural_network/_multilayer_perceptron.py:605: UserWarning: Got `batch_size` less than 1 or larger than sample size. It is going to be clipped
  warnings.warn(

function_evaluation time 0.084583 value 5.387099 suggestion {'alpha': 2.256637091752428e-05, 'batch_size': 161, 'beta_1': 0.6912613588418126, 'beta_2': 0.9999894094506536, 'epsilon': 5.387835216719686e-08, 'hidden_layer_sizes': 60, 'learning_rate_init': 0.009588790375237034, 'tol': 7.111013962456759e-05, 'validation_fraction': 0.4506302068762979}
observation time 0.001421, current best 3.460832 at iter 14
saving meta data: {'args': {'--uuid': '824e089eab5957c0b91fdf59942d1a6d', '-db-root': '/home/ryedida/bbo_challenge_starter_kit/output', '--opt-root': '/home/ryedida/bbo_challenge_starter_kit/example_submissions', '--data-root': None, '--db': 'run_20230408_005556', '--opt': 'turbo', '--data': 'wine', '--classifier': 'MLP-adam', '--metric': 'nll', '--calls': 15, '--suggestions': 1, '--jobs-file': None, '--verbose': False, 'dry_run': False, 'rev': 'a376313', 'opt_rev': '0.0.1'}, 'signature': ([{'alpha': 0.019628224813442792, 'batch_size': 182, 'beta_1': 0.9410202200271762, 'beta_2': 0.9998021557676793, 'epsilon': 1.8662266976518e-08, 'hidden_layer_sizes': 147, 'learning_rate_init': 0.0005627932047415167, 'tol': 0.03690557729213761, 'validation_fraction': 0.8846827852548593}, {'alpha': 0.0019982467392329444, 'batch_size': 200, 'beta_1': 0.919111482530466, 'beta_2': 0.9998488260436156, 'epsilon': 5.981221901152555e-07, 'hidden_layer_sizes': 61, 'learning_rate_init': 2.2310905607443014e-05, 'tol': 1.2046852412030316e-05, 'validation_fraction': 0.8117896445826539}, {'alpha': 0.46659545670218433, 'batch_size': 219, 'beta_1': 0.9889789783750891, 'beta_2': 0.9999896868093284, 'epsilon': 2.4234724484675948e-08, 'hidden_layer_sizes': 167, 'learning_rate_init': 2.972334644335654e-05, 'tol': 0.0036281404040243792, 'validation_fraction': 0.17260651658522078}, {'alpha': 4.656005689076002, 'batch_size': 135, 'beta_1': 0.870503881627747, 'beta_2': 0.9948873266941017, 'epsilon': 2.1023308743480125e-07, 'hidden_layer_sizes': 118, 'learning_rate_init': 0.0018781738757161913, 'tol': 1.1889379831773004e-05, 'validation_fraction': 0.6264327093752792}, {'alpha': 0.04705159350400542, 'batch_size': 158, 'beta_1': 0.9870884262730957, 'beta_2': 0.9999596874382349, 'epsilon': 1.1981845126013875e-08, 'hidden_layer_sizes': 116, 'learning_rate_init': 0.00617340520407431, 'tol': 1.741413418158619e-05, 'validation_fraction': 0.6754299026638921}], [16.063962273407764, 23.274250254613083, 19.80193088400322, 3.463918210725012, 15.210579700922176])}
saving results
saving timing
saving suggest log
done
