running: {'--uuid': 'e3d8ca086bb45d728bd5e6a1b4970917', '-db-root': '/home/ryedida/bbo_challenge_starter_kit/output', '--opt-root': '/home/ryedida/bbo_challenge_starter_kit/example_submissions', '--data-root': None, '--db': 'run_20230408_005556', '--opt': 'random-search', '--data': 'wine', '--classifier': 'MLP-adam', '--metric': 'acc', '--calls': 15, '--suggestions': 1, '--jobs-file': None, '--verbose': False, 'dry_run': False, 'rev': 'a376313', 'opt_rev': '0.0.8'}
cmd: python random-search/optimizer.py -c MLP-adam -d wine -o random-search -u e3d8ca086bb45d728bd5e6a1b4970917 -m acc -n 15 -p 1 -dir /home/ryedida/bbo_challenge_starter_kit/output -b run_20230408_005556
/home/ryedida/.local/lib/python3.9/site-packages/sklearn/neural_network/_multilayer_perceptron.py:605: UserWarning: Got `batch_size` less than 1 or larger than sample size. It is going to be clipped
  warnings.warn(

/home/ryedida/.local/lib/python3.9/site-packages/sklearn/neural_network/_multilayer_perceptron.py:605: UserWarning: Got `batch_size` less than 1 or larger than sample size. It is going to be clipped
  warnings.warn(

/home/ryedida/.local/lib/python3.9/site-packages/sklearn/neural_network/_multilayer_perceptron.py:605: UserWarning: Got `batch_size` less than 1 or larger than sample size. It is going to be clipped
  warnings.warn(

/home/ryedida/.local/lib/python3.9/site-packages/sklearn/neural_network/_multilayer_perceptron.py:605: UserWarning: Got `batch_size` less than 1 or larger than sample size. It is going to be clipped
  warnings.warn(

/home/ryedida/.local/lib/python3.9/site-packages/sklearn/neural_network/_multilayer_perceptron.py:605: UserWarning: Got `batch_size` less than 1 or larger than sample size. It is going to be clipped
  warnings.warn(

computed signature: ([{'alpha': 0.019628224813442792, 'batch_size': 182, 'beta_1': 0.9410202200271762, 'beta_2': 0.9998021557676793, 'epsilon': 1.8662266976518e-08, 'hidden_layer_sizes': 147, 'learning_rate_init': 0.0005627932047415167, 'tol': 0.03690557729213761, 'validation_fraction': 0.8846827852548593}, {'alpha': 0.0019982467392329444, 'batch_size': 200, 'beta_1': 0.919111482530466, 'beta_2': 0.9998488260436156, 'epsilon': 5.981221901152555e-07, 'hidden_layer_sizes': 61, 'learning_rate_init': 2.2310905607443014e-05, 'tol': 1.2046852412030316e-05, 'validation_fraction': 0.8117896445826539}, {'alpha': 0.46659545670218433, 'batch_size': 219, 'beta_1': 0.9889789783750891, 'beta_2': 0.9999896868093284, 'epsilon': 2.4234724484675948e-08, 'hidden_layer_sizes': 167, 'learning_rate_init': 2.972334644335654e-05, 'tol': 0.0036281404040243792, 'validation_fraction': 0.17260651658522078}, {'alpha': 4.656005689076002, 'batch_size': 135, 'beta_1': 0.870503881627747, 'beta_2': 0.9948873266941017, 'epsilon': 2.1023308743480125e-07, 'hidden_layer_sizes': 118, 'learning_rate_init': 0.0018781738757161913, 'tol': 1.1889379831773004e-05, 'validation_fraction': 0.6264327093752792}, {'alpha': 0.04705159350400542, 'batch_size': 158, 'beta_1': 0.9870884262730957, 'beta_2': 0.9999596874382349, 'epsilon': 1.1981845126013875e-08, 'hidden_layer_sizes': 116, 'learning_rate_init': 0.00617340520407431, 'tol': 1.741413418158619e-05, 'validation_fraction': 0.6754299026638921}], [-0.4359605911330049, -0.3169950738916256, -0.3312807881773399, -0.6620689655172413, -0.5017241379310344])
Signature errors:
                     0    1    2    3    4  max
MLP-adam_wine_acc  0.0  0.0  0.0  0.0  0.0  0.0
max                0.0  0.0  0.0  0.0  0.0  0.0
starting sklearn study random-search MLP-adam wine acc 15 1
with data root: None
suggestion time taken 0.002697 iter 0 next_points [{'alpha': 0.0008834322669948319, 'batch_size': 212, 'beta_1': 0.9313559811263925, 'beta_2': 0.9341465783585104, 'epsilon': 1.1667863160428749e-09, 'hidden_layer_sizes': 67, 'learning_rate_init': 0.014855050060052916, 'tol': 0.0001374260681698059, 'validation_fraction': 0.12556555987293885}]
/home/ryedida/.local/lib/python3.9/site-packages/sklearn/neural_network/_multilayer_perceptron.py:605: UserWarning: Got `batch_size` less than 1 or larger than sample size. It is going to be clipped
  warnings.warn(

function_evaluation time 0.089597 value -0.626601 suggestion {'alpha': 0.0008834322669948319, 'batch_size': 212, 'beta_1': 0.9313559811263925, 'beta_2': 0.9341465783585104, 'epsilon': 1.1667863160428749e-09, 'hidden_layer_sizes': 67, 'learning_rate_init': 0.014855050060052916, 'tol': 0.0001374260681698059, 'validation_fraction': 0.12556555987293885}
observation time 0.000007, current best -0.626601 at iter 0
suggestion time taken 0.002653 iter 1 next_points [{'alpha': 0.006709743580844057, 'batch_size': 134, 'beta_1': 0.989750544808736, 'beta_2': 0.989173522681228, 'epsilon': 2.474596337227761e-07, 'hidden_layer_sizes': 181, 'learning_rate_init': 0.00016832053915976622, 'tol': 1.5701911831480226e-05, 'validation_fraction': 0.23754081145660602}]
/home/ryedida/.local/lib/python3.9/site-packages/sklearn/neural_network/_multilayer_perceptron.py:605: UserWarning: Got `batch_size` less than 1 or larger than sample size. It is going to be clipped
  warnings.warn(

function_evaluation time 0.052060 value -0.330788 suggestion {'alpha': 0.006709743580844057, 'batch_size': 134, 'beta_1': 0.989750544808736, 'beta_2': 0.989173522681228, 'epsilon': 2.474596337227761e-07, 'hidden_layer_sizes': 181, 'learning_rate_init': 0.00016832053915976622, 'tol': 1.5701911831480226e-05, 'validation_fraction': 0.23754081145660602}
observation time 0.000013, current best -0.626601 at iter 1
suggestion time taken 0.002817 iter 2 next_points [{'alpha': 0.001996884797188204, 'batch_size': 201, 'beta_1': 0.8833553053483675, 'beta_2': 0.9979169685038233, 'epsilon': 1.1067743497018492e-08, 'hidden_layer_sizes': 117, 'learning_rate_init': 0.00488196118396042, 'tol': 0.0006247437190292364, 'validation_fraction': 0.27814313887868913}]
/home/ryedida/.local/lib/python3.9/site-packages/sklearn/neural_network/_multilayer_perceptron.py:605: UserWarning: Got `batch_size` less than 1 or larger than sample size. It is going to be clipped
  warnings.warn(

function_evaluation time 0.086885 value -0.626847 suggestion {'alpha': 0.001996884797188204, 'batch_size': 201, 'beta_1': 0.8833553053483675, 'beta_2': 0.9979169685038233, 'epsilon': 1.1067743497018492e-08, 'hidden_layer_sizes': 117, 'learning_rate_init': 0.00488196118396042, 'tol': 0.0006247437190292364, 'validation_fraction': 0.27814313887868913}
observation time 0.000003, current best -0.626847 at iter 2
suggestion time taken 0.002625 iter 3 next_points [{'alpha': 3.2361115532580973, 'batch_size': 23, 'beta_1': 0.767418853306749, 'beta_2': 0.9230719803006954, 'epsilon': 2.3066984628464366e-07, 'hidden_layer_sizes': 90, 'learning_rate_init': 0.03847888914324519, 'tol': 0.00048437072897003237, 'validation_fraction': 0.5313650111132378}]
function_evaluation time 0.121726 value -0.683744 suggestion {'alpha': 3.2361115532580973, 'batch_size': 23, 'beta_1': 0.767418853306749, 'beta_2': 0.9230719803006954, 'epsilon': 2.3066984628464366e-07, 'hidden_layer_sizes': 90, 'learning_rate_init': 0.03847888914324519, 'tol': 0.00048437072897003237, 'validation_fraction': 0.5313650111132378}
observation time 0.000005, current best -0.683744 at iter 3
suggestion time taken 0.002621 iter 4 next_points [{'alpha': 0.03719214697040476, 'batch_size': 72, 'beta_1': 0.9895617892611831, 'beta_2': 0.999950327437777, 'epsilon': 4.2004044285313555e-09, 'hidden_layer_sizes': 196, 'learning_rate_init': 1.610656753578523e-05, 'tol': 0.0050309742747613245, 'validation_fraction': 0.4806539055916273}]
function_evaluation time 0.055191 value -0.324138 suggestion {'alpha': 0.03719214697040476, 'batch_size': 72, 'beta_1': 0.9895617892611831, 'beta_2': 0.999950327437777, 'epsilon': 4.2004044285313555e-09, 'hidden_layer_sizes': 196, 'learning_rate_init': 1.610656753578523e-05, 'tol': 0.0050309742747613245, 'validation_fraction': 0.4806539055916273}
observation time 0.000005, current best -0.683744 at iter 4
suggestion time taken 0.002609 iter 5 next_points [{'alpha': 0.024136275783906026, 'batch_size': 58, 'beta_1': 0.8168098216519262, 'beta_2': 0.9999781157028245, 'epsilon': 9.824788180965105e-07, 'hidden_layer_sizes': 96, 'learning_rate_init': 4.6589397479249625e-05, 'tol': 0.01680309722423619, 'validation_fraction': 0.10561465866523491}]
function_evaluation time 0.058799 value -0.295567 suggestion {'alpha': 0.024136275783906026, 'batch_size': 58, 'beta_1': 0.8168098216519262, 'beta_2': 0.9999781157028245, 'epsilon': 9.824788180965105e-07, 'hidden_layer_sizes': 96, 'learning_rate_init': 4.6589397479249625e-05, 'tol': 0.01680309722423619, 'validation_fraction': 0.10561465866523491}
observation time 0.000005, current best -0.683744 at iter 5
suggestion time taken 0.002672 iter 6 next_points [{'alpha': 1.0869949612488465, 'batch_size': 168, 'beta_1': 0.9192392203603036, 'beta_2': 0.9999806847269047, 'epsilon': 3.345352186935111e-08, 'hidden_layer_sizes': 124, 'learning_rate_init': 0.00016294852834256764, 'tol': 1.923137870686038e-05, 'validation_fraction': 0.6936592462661121}]
/home/ryedida/.local/lib/python3.9/site-packages/sklearn/neural_network/_multilayer_perceptron.py:605: UserWarning: Got `batch_size` less than 1 or larger than sample size. It is going to be clipped
  warnings.warn(

function_evaluation time 0.064248 value -0.365517 suggestion {'alpha': 1.0869949612488465, 'batch_size': 168, 'beta_1': 0.9192392203603036, 'beta_2': 0.9999806847269047, 'epsilon': 3.345352186935111e-08, 'hidden_layer_sizes': 124, 'learning_rate_init': 0.00016294852834256764, 'tol': 1.923137870686038e-05, 'validation_fraction': 0.6936592462661121}
observation time 0.000004, current best -0.683744 at iter 6
suggestion time taken 0.002576 iter 7 next_points [{'alpha': 2.4803852586461056e-05, 'batch_size': 67, 'beta_1': 0.6524429125904236, 'beta_2': 0.9983958400868062, 'epsilon': 3.155677931198548e-07, 'hidden_layer_sizes': 101, 'learning_rate_init': 0.003903999441831394, 'tol': 0.000145870190202727, 'validation_fraction': 0.24251794861635656}]
function_evaluation time 0.109726 value -0.669212 suggestion {'alpha': 2.4803852586461056e-05, 'batch_size': 67, 'beta_1': 0.6524429125904236, 'beta_2': 0.9983958400868062, 'epsilon': 3.155677931198548e-07, 'hidden_layer_sizes': 101, 'learning_rate_init': 0.003903999441831394, 'tol': 0.000145870190202727, 'validation_fraction': 0.24251794861635656}
observation time 0.000005, current best -0.683744 at iter 7
suggestion time taken 0.002597 iter 8 next_points [{'alpha': 0.00010023075168808445, 'batch_size': 249, 'beta_1': 0.977498791256263, 'beta_2': 0.9777676303696106, 'epsilon': 1.2208216922111064e-07, 'hidden_layer_sizes': 56, 'learning_rate_init': 8.27963039115087e-05, 'tol': 0.0058704204995253546, 'validation_fraction': 0.7159813374289363}]
/home/ryedida/.local/lib/python3.9/site-packages/sklearn/neural_network/_multilayer_perceptron.py:605: UserWarning: Got `batch_size` less than 1 or larger than sample size. It is going to be clipped
  warnings.warn(

function_evaluation time 0.040660 value -0.331281 suggestion {'alpha': 0.00010023075168808445, 'batch_size': 249, 'beta_1': 0.977498791256263, 'beta_2': 0.9777676303696106, 'epsilon': 1.2208216922111064e-07, 'hidden_layer_sizes': 56, 'learning_rate_init': 8.27963039115087e-05, 'tol': 0.0058704204995253546, 'validation_fraction': 0.7159813374289363}
observation time 0.000004, current best -0.683744 at iter 8
suggestion time taken 0.002595 iter 9 next_points [{'alpha': 0.409950822022686, 'batch_size': 121, 'beta_1': 0.8511069884028037, 'beta_2': 0.9999639558574079, 'epsilon': 1.1149872229466406e-07, 'hidden_layer_sizes': 138, 'learning_rate_init': 2.7733060526618616e-05, 'tol': 0.0008504975823986516, 'validation_fraction': 0.18877651878055443}]
/home/ryedida/.local/lib/python3.9/site-packages/sklearn/neural_network/_multilayer_perceptron.py:605: UserWarning: Got `batch_size` less than 1 or larger than sample size. It is going to be clipped
  warnings.warn(

function_evaluation time 0.049442 value -0.351724 suggestion {'alpha': 0.409950822022686, 'batch_size': 121, 'beta_1': 0.8511069884028037, 'beta_2': 0.9999639558574079, 'epsilon': 1.1149872229466406e-07, 'hidden_layer_sizes': 138, 'learning_rate_init': 2.7733060526618616e-05, 'tol': 0.0008504975823986516, 'validation_fraction': 0.18877651878055443}
observation time 0.000004, current best -0.683744 at iter 9
suggestion time taken 0.002527 iter 10 next_points [{'alpha': 0.0033190826242860566, 'batch_size': 82, 'beta_1': 0.9107544634784395, 'beta_2': 0.9956469473303751, 'epsilon': 1.303868007158354e-07, 'hidden_layer_sizes': 151, 'learning_rate_init': 1.63178041558929e-05, 'tol': 0.00013021889322599597, 'validation_fraction': 0.3332824266484504}]
function_evaluation time 0.051262 value -0.324138 suggestion {'alpha': 0.0033190826242860566, 'batch_size': 82, 'beta_1': 0.9107544634784395, 'beta_2': 0.9956469473303751, 'epsilon': 1.303868007158354e-07, 'hidden_layer_sizes': 151, 'learning_rate_init': 1.63178041558929e-05, 'tol': 0.00013021889322599597, 'validation_fraction': 0.3332824266484504}
observation time 0.000005, current best -0.683744 at iter 10
suggestion time taken 0.002558 iter 11 next_points [{'alpha': 0.0009577485296838079, 'batch_size': 48, 'beta_1': 0.8649379854154085, 'beta_2': 0.9999945024059528, 'epsilon': 4.1056286948895964e-08, 'hidden_layer_sizes': 193, 'learning_rate_init': 0.0017659486148148159, 'tol': 0.00019834562011985862, 'validation_fraction': 0.8179298798821353}]
/home/ryedida/.local/lib/python3.9/site-packages/sklearn/neural_network/_multilayer_perceptron.py:605: UserWarning: Got `batch_size` less than 1 or larger than sample size. It is going to be clipped
  warnings.warn(

function_evaluation time 0.083542 value -0.597783 suggestion {'alpha': 0.0009577485296838079, 'batch_size': 48, 'beta_1': 0.8649379854154085, 'beta_2': 0.9999945024059528, 'epsilon': 4.1056286948895964e-08, 'hidden_layer_sizes': 193, 'learning_rate_init': 0.0017659486148148159, 'tol': 0.00019834562011985862, 'validation_fraction': 0.8179298798821353}
observation time 0.000005, current best -0.683744 at iter 11
suggestion time taken 0.002591 iter 12 next_points [{'alpha': 0.013030765701518298, 'batch_size': 244, 'beta_1': 0.7928029227693159, 'beta_2': 0.9966171008937769, 'epsilon': 7.357136288806878e-09, 'hidden_layer_sizes': 79, 'learning_rate_init': 0.0003093797873178608, 'tol': 0.00962827991843508, 'validation_fraction': 0.1406126334863598}]
/home/ryedida/.local/lib/python3.9/site-packages/sklearn/neural_network/_multilayer_perceptron.py:605: UserWarning: Got `batch_size` less than 1 or larger than sample size. It is going to be clipped
  warnings.warn(

function_evaluation time 0.053135 value -0.324384 suggestion {'alpha': 0.013030765701518298, 'batch_size': 244, 'beta_1': 0.7928029227693159, 'beta_2': 0.9966171008937769, 'epsilon': 7.357136288806878e-09, 'hidden_layer_sizes': 79, 'learning_rate_init': 0.0003093797873178608, 'tol': 0.00962827991843508, 'validation_fraction': 0.1406126334863598}
observation time 0.000005, current best -0.683744 at iter 12
suggestion time taken 0.002578 iter 13 next_points [{'alpha': 1.1807102783378511, 'batch_size': 247, 'beta_1': 0.9723560693782983, 'beta_2': 0.9998495660570176, 'epsilon': 5.636070256357204e-09, 'hidden_layer_sizes': 131, 'learning_rate_init': 0.027067366888946315, 'tol': 0.01714671247407841, 'validation_fraction': 0.8113490958094124}]
/home/ryedida/.local/lib/python3.9/site-packages/sklearn/neural_network/_multilayer_perceptron.py:605: UserWarning: Got `batch_size` less than 1 or larger than sample size. It is going to be clipped
  warnings.warn(

function_evaluation time 0.091218 value -0.598522 suggestion {'alpha': 1.1807102783378511, 'batch_size': 247, 'beta_1': 0.9723560693782983, 'beta_2': 0.9998495660570176, 'epsilon': 5.636070256357204e-09, 'hidden_layer_sizes': 131, 'learning_rate_init': 0.027067366888946315, 'tol': 0.01714671247407841, 'validation_fraction': 0.8113490958094124}
observation time 0.000005, current best -0.683744 at iter 13
suggestion time taken 0.002567 iter 14 next_points [{'alpha': 0.24303201779507425, 'batch_size': 54, 'beta_1': 0.9829763888462668, 'beta_2': 0.9627155096232777, 'epsilon': 1.8109664043698665e-08, 'hidden_layer_sizes': 77, 'learning_rate_init': 2.7254672437672446e-05, 'tol': 0.05708742962094491, 'validation_fraction': 0.28184136763836026}]
function_evaluation time 0.054528 value -0.337931 suggestion {'alpha': 0.24303201779507425, 'batch_size': 54, 'beta_1': 0.9829763888462668, 'beta_2': 0.9627155096232777, 'epsilon': 1.8109664043698665e-08, 'hidden_layer_sizes': 77, 'learning_rate_init': 2.7254672437672446e-05, 'tol': 0.05708742962094491, 'validation_fraction': 0.28184136763836026}
observation time 0.000005, current best -0.683744 at iter 14
saving meta data: {'args': {'--uuid': 'e3d8ca086bb45d728bd5e6a1b4970917', '-db-root': '/home/ryedida/bbo_challenge_starter_kit/output', '--opt-root': '/home/ryedida/bbo_challenge_starter_kit/example_submissions', '--data-root': None, '--db': 'run_20230408_005556', '--opt': 'random-search', '--data': 'wine', '--classifier': 'MLP-adam', '--metric': 'acc', '--calls': 15, '--suggestions': 1, '--jobs-file': None, '--verbose': False, 'dry_run': False, 'rev': 'a376313', 'opt_rev': '0.0.8'}, 'signature': ([{'alpha': 0.019628224813442792, 'batch_size': 182, 'beta_1': 0.9410202200271762, 'beta_2': 0.9998021557676793, 'epsilon': 1.8662266976518e-08, 'hidden_layer_sizes': 147, 'learning_rate_init': 0.0005627932047415167, 'tol': 0.03690557729213761, 'validation_fraction': 0.8846827852548593}, {'alpha': 0.0019982467392329444, 'batch_size': 200, 'beta_1': 0.919111482530466, 'beta_2': 0.9998488260436156, 'epsilon': 5.981221901152555e-07, 'hidden_layer_sizes': 61, 'learning_rate_init': 2.2310905607443014e-05, 'tol': 1.2046852412030316e-05, 'validation_fraction': 0.8117896445826539}, {'alpha': 0.46659545670218433, 'batch_size': 219, 'beta_1': 0.9889789783750891, 'beta_2': 0.9999896868093284, 'epsilon': 2.4234724484675948e-08, 'hidden_layer_sizes': 167, 'learning_rate_init': 2.972334644335654e-05, 'tol': 0.0036281404040243792, 'validation_fraction': 0.17260651658522078}, {'alpha': 4.656005689076002, 'batch_size': 135, 'beta_1': 0.870503881627747, 'beta_2': 0.9948873266941017, 'epsilon': 2.1023308743480125e-07, 'hidden_layer_sizes': 118, 'learning_rate_init': 0.0018781738757161913, 'tol': 1.1889379831773004e-05, 'validation_fraction': 0.6264327093752792}, {'alpha': 0.04705159350400542, 'batch_size': 158, 'beta_1': 0.9870884262730957, 'beta_2': 0.9999596874382349, 'epsilon': 1.1981845126013875e-08, 'hidden_layer_sizes': 116, 'learning_rate_init': 0.00617340520407431, 'tol': 1.741413418158619e-05, 'validation_fraction': 0.6754299026638921}], [-0.4359605911330049, -0.3169950738916256, -0.3312807881773399, -0.6620689655172413, -0.5017241379310344])}
saving results
saving timing
saving suggest log
done
