running: {'--uuid': 'eacb932d42a156d4a82954faeb08adba', '-db-root': '/home/ryedida/bbo_challenge_starter_kit/output', '--opt-root': '/home/ryedida/bbo_challenge_starter_kit/example_submissions', '--data-root': None, '--db': 'run_20230408_005556', '--opt': 'random-search', '--data': 'wine', '--classifier': 'MLP-adam', '--metric': 'nll', '--calls': 15, '--suggestions': 1, '--jobs-file': None, '--verbose': False, 'dry_run': False, 'rev': 'a376313', 'opt_rev': '0.0.8'}
cmd: python random-search/optimizer.py -c MLP-adam -d wine -o random-search -u eacb932d42a156d4a82954faeb08adba -m nll -n 15 -p 1 -dir /home/ryedida/bbo_challenge_starter_kit/output -b run_20230408_005556
/home/ryedida/.local/lib/python3.9/site-packages/sklearn/neural_network/_multilayer_perceptron.py:605: UserWarning: Got `batch_size` less than 1 or larger than sample size. It is going to be clipped
  warnings.warn(

/home/ryedida/.local/lib/python3.9/site-packages/sklearn/neural_network/_multilayer_perceptron.py:605: UserWarning: Got `batch_size` less than 1 or larger than sample size. It is going to be clipped
  warnings.warn(

/home/ryedida/.local/lib/python3.9/site-packages/sklearn/neural_network/_multilayer_perceptron.py:605: UserWarning: Got `batch_size` less than 1 or larger than sample size. It is going to be clipped
  warnings.warn(

/home/ryedida/.local/lib/python3.9/site-packages/sklearn/neural_network/_multilayer_perceptron.py:605: UserWarning: Got `batch_size` less than 1 or larger than sample size. It is going to be clipped
  warnings.warn(

/home/ryedida/.local/lib/python3.9/site-packages/sklearn/neural_network/_multilayer_perceptron.py:605: UserWarning: Got `batch_size` less than 1 or larger than sample size. It is going to be clipped
  warnings.warn(

computed signature: ([{'alpha': 0.019628224813442792, 'batch_size': 182, 'beta_1': 0.9410202200271762, 'beta_2': 0.9998021557676793, 'epsilon': 1.8662266976518e-08, 'hidden_layer_sizes': 147, 'learning_rate_init': 0.0005627932047415167, 'tol': 0.03690557729213761, 'validation_fraction': 0.8846827852548593}, {'alpha': 0.0019982467392329444, 'batch_size': 200, 'beta_1': 0.919111482530466, 'beta_2': 0.9998488260436156, 'epsilon': 5.981221901152555e-07, 'hidden_layer_sizes': 61, 'learning_rate_init': 2.2310905607443014e-05, 'tol': 1.2046852412030316e-05, 'validation_fraction': 0.8117896445826539}, {'alpha': 0.46659545670218433, 'batch_size': 219, 'beta_1': 0.9889789783750891, 'beta_2': 0.9999896868093284, 'epsilon': 2.4234724484675948e-08, 'hidden_layer_sizes': 167, 'learning_rate_init': 2.972334644335654e-05, 'tol': 0.0036281404040243792, 'validation_fraction': 0.17260651658522078}, {'alpha': 4.656005689076002, 'batch_size': 135, 'beta_1': 0.870503881627747, 'beta_2': 0.9948873266941017, 'epsilon': 2.1023308743480125e-07, 'hidden_layer_sizes': 118, 'learning_rate_init': 0.0018781738757161913, 'tol': 1.1889379831773004e-05, 'validation_fraction': 0.6264327093752792}, {'alpha': 0.04705159350400542, 'batch_size': 158, 'beta_1': 0.9870884262730957, 'beta_2': 0.9999596874382349, 'epsilon': 1.1981845126013875e-08, 'hidden_layer_sizes': 116, 'learning_rate_init': 0.00617340520407431, 'tol': 1.741413418158619e-05, 'validation_fraction': 0.6754299026638921}], [16.063962273407764, 23.274250254613083, 19.80193088400322, 3.463918210725012, 15.210579700922176])
/home/ryedida/.local/lib/python3.9/site-packages/bayesmark/signatures.py:85: RuntimeWarning: Signature diverged on MLP-adam_wine_nll betwen [15.51998549 22.35390307 19.16402613  3.37792524 14.64310022] and [16.06396227 23.27425025 19.80193088  3.46391821 15.2105797 ]
  warnings.warn(

Signature errors:
                          0         1         2         3         4       max
MLP-adam_wine_nll  0.543977  0.920347  0.637905  0.085993  0.567479  0.920347
max                0.543977  0.920347  0.637905  0.085993  0.567479  0.920347
starting sklearn study random-search MLP-adam wine nll 15 1
with data root: None
suggestion time taken 0.002607 iter 0 next_points [{'alpha': 0.0016209492335563951, 'batch_size': 33, 'beta_1': 0.9521993926313868, 'beta_2': 0.9999706833188987, 'epsilon': 6.288613290264498e-08, 'hidden_layer_sizes': 192, 'learning_rate_init': 0.00021319433071740354, 'tol': 0.003113891280699449, 'validation_fraction': 0.7427554885399927}]
function_evaluation time 0.063419 value 22.214995 suggestion {'alpha': 0.0016209492335563951, 'batch_size': 33, 'beta_1': 0.9521993926313868, 'beta_2': 0.9999706833188987, 'epsilon': 6.288613290264498e-08, 'hidden_layer_sizes': 192, 'learning_rate_init': 0.00021319433071740354, 'tol': 0.003113891280699449, 'validation_fraction': 0.7427554885399927}
observation time 0.000014, current best 22.214995 at iter 0
suggestion time taken 0.002504 iter 1 next_points [{'alpha': 0.1382912808586038, 'batch_size': 215, 'beta_1': 0.8753626179751183, 'beta_2': 0.9081895740135453, 'epsilon': 7.376167375509136e-08, 'hidden_layer_sizes': 137, 'learning_rate_init': 2.4799226078412763e-05, 'tol': 0.0032516008219375184, 'validation_fraction': 0.11646619053932548}]
/home/ryedida/.local/lib/python3.9/site-packages/sklearn/neural_network/_multilayer_perceptron.py:605: UserWarning: Got `batch_size` less than 1 or larger than sample size. It is going to be clipped
  warnings.warn(

function_evaluation time 0.051517 value 22.286404 suggestion {'alpha': 0.1382912808586038, 'batch_size': 215, 'beta_1': 0.8753626179751183, 'beta_2': 0.9081895740135453, 'epsilon': 7.376167375509136e-08, 'hidden_layer_sizes': 137, 'learning_rate_init': 2.4799226078412763e-05, 'tol': 0.0032516008219375184, 'validation_fraction': 0.11646619053932548}
observation time 0.000005, current best 22.214995 at iter 1
suggestion time taken 0.002517 iter 2 next_points [{'alpha': 6.041769149532756e-05, 'batch_size': 216, 'beta_1': 0.9888668788861072, 'beta_2': 0.9999912431621762, 'epsilon': 1.4010100989309695e-09, 'hidden_layer_sizes': 137, 'learning_rate_init': 0.009742181087066159, 'tol': 0.0017961580382733695, 'validation_fraction': 0.7829321020046298}]
/home/ryedida/.local/lib/python3.9/site-packages/sklearn/neural_network/_multilayer_perceptron.py:605: UserWarning: Got `batch_size` less than 1 or larger than sample size. It is going to be clipped
  warnings.warn(

function_evaluation time 0.115069 value 6.195867 suggestion {'alpha': 6.041769149532756e-05, 'batch_size': 216, 'beta_1': 0.9888668788861072, 'beta_2': 0.9999912431621762, 'epsilon': 1.4010100989309695e-09, 'hidden_layer_sizes': 137, 'learning_rate_init': 0.009742181087066159, 'tol': 0.0017961580382733695, 'validation_fraction': 0.7829321020046298}
observation time 0.000005, current best 6.195867 at iter 2
suggestion time taken 0.002514 iter 3 next_points [{'alpha': 0.23554599723949624, 'batch_size': 247, 'beta_1': 0.9403496523628572, 'beta_2': 0.9991522853013259, 'epsilon': 1.0980669223404232e-09, 'hidden_layer_sizes': 155, 'learning_rate_init': 1.1449945288124388e-05, 'tol': 0.0013340576634359098, 'validation_fraction': 0.21810082299691613}]
/home/ryedida/.local/lib/python3.9/site-packages/sklearn/neural_network/_multilayer_perceptron.py:605: UserWarning: Got `batch_size` less than 1 or larger than sample size. It is going to be clipped
  warnings.warn(

function_evaluation time 0.051962 value 23.043728 suggestion {'alpha': 0.23554599723949624, 'batch_size': 247, 'beta_1': 0.9403496523628572, 'beta_2': 0.9991522853013259, 'epsilon': 1.0980669223404232e-09, 'hidden_layer_sizes': 155, 'learning_rate_init': 1.1449945288124388e-05, 'tol': 0.0013340576634359098, 'validation_fraction': 0.21810082299691613}
observation time 0.000005, current best 6.195867 at iter 3
suggestion time taken 0.002397 iter 4 next_points [{'alpha': 0.019390593034886026, 'batch_size': 79, 'beta_1': 0.9646157478096621, 'beta_2': 0.9999981728569303, 'epsilon': 2.6405251912679546e-09, 'hidden_layer_sizes': 133, 'learning_rate_init': 0.00022820189319160592, 'tol': 0.0359371089473306, 'validation_fraction': 0.34002650339584084}]
function_evaluation time 0.063127 value 18.317229 suggestion {'alpha': 0.019390593034886026, 'batch_size': 79, 'beta_1': 0.9646157478096621, 'beta_2': 0.9999981728569303, 'epsilon': 2.6405251912679546e-09, 'hidden_layer_sizes': 133, 'learning_rate_init': 0.00022820189319160592, 'tol': 0.0359371089473306, 'validation_fraction': 0.34002650339584084}
observation time 0.000005, current best 6.195867 at iter 4
suggestion time taken 0.002463 iter 5 next_points [{'alpha': 0.00029955470912536785, 'batch_size': 216, 'beta_1': 0.9631745099860123, 'beta_2': 0.9567924349629715, 'epsilon': 5.5901334993271914e-09, 'hidden_layer_sizes': 187, 'learning_rate_init': 3.757643611224088e-05, 'tol': 0.00042720293493479875, 'validation_fraction': 0.775147994638603}]
/home/ryedida/.local/lib/python3.9/site-packages/sklearn/neural_network/_multilayer_perceptron.py:605: UserWarning: Got `batch_size` less than 1 or larger than sample size. It is going to be clipped
  warnings.warn(

function_evaluation time 0.050964 value 22.073969 suggestion {'alpha': 0.00029955470912536785, 'batch_size': 216, 'beta_1': 0.9631745099860123, 'beta_2': 0.9567924349629715, 'epsilon': 5.5901334993271914e-09, 'hidden_layer_sizes': 187, 'learning_rate_init': 3.757643611224088e-05, 'tol': 0.00042720293493479875, 'validation_fraction': 0.775147994638603}
observation time 0.000005, current best 6.195867 at iter 5
suggestion time taken 0.002425 iter 6 next_points [{'alpha': 3.068855734425805, 'batch_size': 211, 'beta_1': 0.5025600047201328, 'beta_2': 0.9999934475720731, 'epsilon': 9.768826340298577e-09, 'hidden_layer_sizes': 190, 'learning_rate_init': 0.008077073331595913, 'tol': 0.0004140536549523081, 'validation_fraction': 0.6112452994682521}]
/home/ryedida/.local/lib/python3.9/site-packages/sklearn/neural_network/_multilayer_perceptron.py:605: UserWarning: Got `batch_size` less than 1 or larger than sample size. It is going to be clipped
  warnings.warn(

function_evaluation time 0.098188 value 4.110186 suggestion {'alpha': 3.068855734425805, 'batch_size': 211, 'beta_1': 0.5025600047201328, 'beta_2': 0.9999934475720731, 'epsilon': 9.768826340298577e-09, 'hidden_layer_sizes': 190, 'learning_rate_init': 0.008077073331595913, 'tol': 0.0004140536549523081, 'validation_fraction': 0.6112452994682521}
observation time 0.000007, current best 4.110186 at iter 6
suggestion time taken 0.002462 iter 7 next_points [{'alpha': 1.6679722671451331, 'batch_size': 106, 'beta_1': 0.7493514496306171, 'beta_2': 0.9095984003258442, 'epsilon': 3.7953195057131946e-09, 'hidden_layer_sizes': 108, 'learning_rate_init': 0.0013458824285493443, 'tol': 0.00045795140225388955, 'validation_fraction': 0.8215846571550397}]
/home/ryedida/.local/lib/python3.9/site-packages/sklearn/neural_network/_multilayer_perceptron.py:605: UserWarning: Got `batch_size` less than 1 or larger than sample size. It is going to be clipped
  warnings.warn(

function_evaluation time 0.131799 value 7.038959 suggestion {'alpha': 1.6679722671451331, 'batch_size': 106, 'beta_1': 0.7493514496306171, 'beta_2': 0.9095984003258442, 'epsilon': 3.7953195057131946e-09, 'hidden_layer_sizes': 108, 'learning_rate_init': 0.0013458824285493443, 'tol': 0.00045795140225388955, 'validation_fraction': 0.8215846571550397}
observation time 0.000005, current best 4.110186 at iter 7
suggestion time taken 0.002489 iter 8 next_points [{'alpha': 4.479234649665323e-05, 'batch_size': 24, 'beta_1': 0.9694101389443585, 'beta_2': 0.9849476993643234, 'epsilon': 2.896666358258852e-08, 'hidden_layer_sizes': 146, 'learning_rate_init': 3.503618847798498e-05, 'tol': 9.307288671943413e-05, 'validation_fraction': 0.1149802042365948}]
function_evaluation time 0.099630 value 22.341652 suggestion {'alpha': 4.479234649665323e-05, 'batch_size': 24, 'beta_1': 0.9694101389443585, 'beta_2': 0.9849476993643234, 'epsilon': 2.896666358258852e-08, 'hidden_layer_sizes': 146, 'learning_rate_init': 3.503618847798498e-05, 'tol': 9.307288671943413e-05, 'validation_fraction': 0.1149802042365948}
observation time 0.000005, current best 4.110186 at iter 8
suggestion time taken 0.002479 iter 9 next_points [{'alpha': 9.727824462717174e-05, 'batch_size': 13, 'beta_1': 0.9349240721112292, 'beta_2': 0.9997826092261153, 'epsilon': 3.798998729227854e-08, 'hidden_layer_sizes': 166, 'learning_rate_init': 0.013094289552235166, 'tol': 5.313768934971054e-05, 'validation_fraction': 0.8869593660178399}]
function_evaluation time 0.088600 value 10.746535 suggestion {'alpha': 9.727824462717174e-05, 'batch_size': 13, 'beta_1': 0.9349240721112292, 'beta_2': 0.9997826092261153, 'epsilon': 3.798998729227854e-08, 'hidden_layer_sizes': 166, 'learning_rate_init': 0.013094289552235166, 'tol': 5.313768934971054e-05, 'validation_fraction': 0.8869593660178399}
observation time 0.000005, current best 4.110186 at iter 9
suggestion time taken 0.002473 iter 10 next_points [{'alpha': 5.2134236329428845, 'batch_size': 175, 'beta_1': 0.96692249927698, 'beta_2': 0.9999851481979731, 'epsilon': 8.292737910405424e-07, 'hidden_layer_sizes': 90, 'learning_rate_init': 0.0035034563142491673, 'tol': 0.04894505864163127, 'validation_fraction': 0.8153297344898021}]
/home/ryedida/.local/lib/python3.9/site-packages/sklearn/neural_network/_multilayer_perceptron.py:605: UserWarning: Got `batch_size` less than 1 or larger than sample size. It is going to be clipped
  warnings.warn(

function_evaluation time 0.062696 value 13.111622 suggestion {'alpha': 5.2134236329428845, 'batch_size': 175, 'beta_1': 0.96692249927698, 'beta_2': 0.9999851481979731, 'epsilon': 8.292737910405424e-07, 'hidden_layer_sizes': 90, 'learning_rate_init': 0.0035034563142491673, 'tol': 0.04894505864163127, 'validation_fraction': 0.8153297344898021}
observation time 0.000005, current best 4.110186 at iter 10
suggestion time taken 0.002935 iter 11 next_points [{'alpha': 1.529620128047254, 'batch_size': 132, 'beta_1': 0.9296832392373399, 'beta_2': 0.9999955385847665, 'epsilon': 9.8644864886494e-07, 'hidden_layer_sizes': 79, 'learning_rate_init': 3.3802192980409565e-05, 'tol': 0.0007175942696948558, 'validation_fraction': 0.862523351381003}]
/home/ryedida/.local/lib/python3.9/site-packages/sklearn/neural_network/_multilayer_perceptron.py:605: UserWarning: Got `batch_size` less than 1 or larger than sample size. It is going to be clipped
  warnings.warn(

function_evaluation time 0.045637 value 20.401686 suggestion {'alpha': 1.529620128047254, 'batch_size': 132, 'beta_1': 0.9296832392373399, 'beta_2': 0.9999955385847665, 'epsilon': 9.8644864886494e-07, 'hidden_layer_sizes': 79, 'learning_rate_init': 3.3802192980409565e-05, 'tol': 0.0007175942696948558, 'validation_fraction': 0.862523351381003}
observation time 0.000005, current best 4.110186 at iter 11
suggestion time taken 0.002484 iter 12 next_points [{'alpha': 2.1947684822125937, 'batch_size': 135, 'beta_1': 0.986344010949274, 'beta_2': 0.9999945404574172, 'epsilon': 3.255277626140362e-07, 'hidden_layer_sizes': 165, 'learning_rate_init': 0.00042939931980246116, 'tol': 0.00015889570569804318, 'validation_fraction': 0.8964275307122528}]
/home/ryedida/.local/lib/python3.9/site-packages/sklearn/neural_network/_multilayer_perceptron.py:605: UserWarning: Got `batch_size` less than 1 or larger than sample size. It is going to be clipped
  warnings.warn(

function_evaluation time 0.069817 value 16.500638 suggestion {'alpha': 2.1947684822125937, 'batch_size': 135, 'beta_1': 0.986344010949274, 'beta_2': 0.9999945404574172, 'epsilon': 3.255277626140362e-07, 'hidden_layer_sizes': 165, 'learning_rate_init': 0.00042939931980246116, 'tol': 0.00015889570569804318, 'validation_fraction': 0.8964275307122528}
observation time 0.000005, current best 4.110186 at iter 12
suggestion time taken 0.002465 iter 13 next_points [{'alpha': 1.3745093100535271e-05, 'batch_size': 110, 'beta_1': 0.9814575581957214, 'beta_2': 0.9998361202455412, 'epsilon': 2.3139663661192326e-08, 'hidden_layer_sizes': 189, 'learning_rate_init': 0.00031706207926435155, 'tol': 0.003332872555278854, 'validation_fraction': 0.5485692304178501}]
/home/ryedida/.local/lib/python3.9/site-packages/sklearn/neural_network/_multilayer_perceptron.py:605: UserWarning: Got `batch_size` less than 1 or larger than sample size. It is going to be clipped
  warnings.warn(

function_evaluation time 0.073890 value 11.670971 suggestion {'alpha': 1.3745093100535271e-05, 'batch_size': 110, 'beta_1': 0.9814575581957214, 'beta_2': 0.9998361202455412, 'epsilon': 2.3139663661192326e-08, 'hidden_layer_sizes': 189, 'learning_rate_init': 0.00031706207926435155, 'tol': 0.003332872555278854, 'validation_fraction': 0.5485692304178501}
observation time 0.000005, current best 4.110186 at iter 13
suggestion time taken 0.002459 iter 14 next_points [{'alpha': 1.6821713193555532, 'batch_size': 104, 'beta_1': 0.527925166393983, 'beta_2': 0.9998871189625032, 'epsilon': 1.0341384807182694e-09, 'hidden_layer_sizes': 132, 'learning_rate_init': 1.590993724100857e-05, 'tol': 0.0027766318519719057, 'validation_fraction': 0.15810246983895462}]
function_evaluation time 0.051949 value 23.514094 suggestion {'alpha': 1.6821713193555532, 'batch_size': 104, 'beta_1': 0.527925166393983, 'beta_2': 0.9998871189625032, 'epsilon': 1.0341384807182694e-09, 'hidden_layer_sizes': 132, 'learning_rate_init': 1.590993724100857e-05, 'tol': 0.0027766318519719057, 'validation_fraction': 0.15810246983895462}
observation time 0.000005, current best 4.110186 at iter 14
saving meta data: {'args': {'--uuid': 'eacb932d42a156d4a82954faeb08adba', '-db-root': '/home/ryedida/bbo_challenge_starter_kit/output', '--opt-root': '/home/ryedida/bbo_challenge_starter_kit/example_submissions', '--data-root': None, '--db': 'run_20230408_005556', '--opt': 'random-search', '--data': 'wine', '--classifier': 'MLP-adam', '--metric': 'nll', '--calls': 15, '--suggestions': 1, '--jobs-file': None, '--verbose': False, 'dry_run': False, 'rev': 'a376313', 'opt_rev': '0.0.8'}, 'signature': ([{'alpha': 0.019628224813442792, 'batch_size': 182, 'beta_1': 0.9410202200271762, 'beta_2': 0.9998021557676793, 'epsilon': 1.8662266976518e-08, 'hidden_layer_sizes': 147, 'learning_rate_init': 0.0005627932047415167, 'tol': 0.03690557729213761, 'validation_fraction': 0.8846827852548593}, {'alpha': 0.0019982467392329444, 'batch_size': 200, 'beta_1': 0.919111482530466, 'beta_2': 0.9998488260436156, 'epsilon': 5.981221901152555e-07, 'hidden_layer_sizes': 61, 'learning_rate_init': 2.2310905607443014e-05, 'tol': 1.2046852412030316e-05, 'validation_fraction': 0.8117896445826539}, {'alpha': 0.46659545670218433, 'batch_size': 219, 'beta_1': 0.9889789783750891, 'beta_2': 0.9999896868093284, 'epsilon': 2.4234724484675948e-08, 'hidden_layer_sizes': 167, 'learning_rate_init': 2.972334644335654e-05, 'tol': 0.0036281404040243792, 'validation_fraction': 0.17260651658522078}, {'alpha': 4.656005689076002, 'batch_size': 135, 'beta_1': 0.870503881627747, 'beta_2': 0.9948873266941017, 'epsilon': 2.1023308743480125e-07, 'hidden_layer_sizes': 118, 'learning_rate_init': 0.0018781738757161913, 'tol': 1.1889379831773004e-05, 'validation_fraction': 0.6264327093752792}, {'alpha': 0.04705159350400542, 'batch_size': 158, 'beta_1': 0.9870884262730957, 'beta_2': 0.9999596874382349, 'epsilon': 1.1981845126013875e-08, 'hidden_layer_sizes': 116, 'learning_rate_init': 0.00617340520407431, 'tol': 1.741413418158619e-05, 'validation_fraction': 0.6754299026638921}], [16.063962273407764, 23.274250254613083, 19.80193088400322, 3.463918210725012, 15.210579700922176])}
saving results
saving timing
saving suggest log
done
