running: {'--uuid': '03a2be3d611f594a830b2ff7654d059c', '-db-root': '/home/ryedida/bbo_challenge_starter_kit/output', '--opt-root': '/home/ryedida/bbo_challenge_starter_kit/example_submissions', '--data-root': None, '--db': 'run_20230501_004050', '--opt': 'hyperopt', '--data': 'iris', '--classifier': 'MLP-adam', '--metric': 'acc', '--calls': 15, '--suggestions': 1, '--jobs-file': None, '--verbose': False, 'dry_run': False, 'rev': 'a376313', 'opt_rev': '0.2.7'}
cmd: python hyperopt/optimizer.py -c MLP-adam -d iris -o hyperopt -u 03a2be3d611f594a830b2ff7654d059c -m acc -n 15 -p 1 -dir /home/ryedida/bbo_challenge_starter_kit/output -b run_20230501_004050
/home/ryedida/.local/lib/python3.9/site-packages/sklearn/neural_network/_multilayer_perceptron.py:605: UserWarning: Got `batch_size` less than 1 or larger than sample size. It is going to be clipped
  warnings.warn(

/home/ryedida/.local/lib/python3.9/site-packages/sklearn/neural_network/_multilayer_perceptron.py:605: UserWarning: Got `batch_size` less than 1 or larger than sample size. It is going to be clipped
  warnings.warn(

/home/ryedida/.local/lib/python3.9/site-packages/sklearn/neural_network/_multilayer_perceptron.py:605: UserWarning: Got `batch_size` less than 1 or larger than sample size. It is going to be clipped
  warnings.warn(

/home/ryedida/.local/lib/python3.9/site-packages/sklearn/neural_network/_multilayer_perceptron.py:605: UserWarning: Got `batch_size` less than 1 or larger than sample size. It is going to be clipped
  warnings.warn(

/home/ryedida/.local/lib/python3.9/site-packages/sklearn/neural_network/_multilayer_perceptron.py:605: UserWarning: Got `batch_size` less than 1 or larger than sample size. It is going to be clipped
  warnings.warn(

computed signature: ([{'alpha': 0.019628224813442792, 'batch_size': 182, 'beta_1': 0.9410202200271762, 'beta_2': 0.9998021557676793, 'epsilon': 1.8662266976518e-08, 'hidden_layer_sizes': 147, 'learning_rate_init': 0.0005627932047415167, 'tol': 0.03690557729213761, 'validation_fraction': 0.8846827852548593}, {'alpha': 0.0019982467392329444, 'batch_size': 200, 'beta_1': 0.919111482530466, 'beta_2': 0.9998488260436156, 'epsilon': 5.981221901152555e-07, 'hidden_layer_sizes': 61, 'learning_rate_init': 2.2310905607443014e-05, 'tol': 1.2046852412030316e-05, 'validation_fraction': 0.8117896445826539}, {'alpha': 0.46659545670218433, 'batch_size': 219, 'beta_1': 0.9889789783750891, 'beta_2': 0.9999896868093284, 'epsilon': 2.4234724484675948e-08, 'hidden_layer_sizes': 167, 'learning_rate_init': 2.972334644335654e-05, 'tol': 0.0036281404040243792, 'validation_fraction': 0.17260651658522078}, {'alpha': 4.656005689076002, 'batch_size': 135, 'beta_1': 0.870503881627747, 'beta_2': 0.9948873266941017, 'epsilon': 2.1023308743480125e-07, 'hidden_layer_sizes': 118, 'learning_rate_init': 0.0018781738757161913, 'tol': 1.1889379831773004e-05, 'validation_fraction': 0.6264327093752792}, {'alpha': 0.04705159350400542, 'batch_size': 158, 'beta_1': 0.9870884262730957, 'beta_2': 0.9999596874382349, 'epsilon': 1.1981845126013875e-08, 'hidden_layer_sizes': 116, 'learning_rate_init': 0.00617340520407431, 'tol': 1.741413418158619e-05, 'validation_fraction': 0.6754299026638921}], [-0.41666666666666663, -0.275, -0.3416666666666667, -0.725, -0.875])
/home/ryedida/.local/lib/python3.9/site-packages/bayesmark/signatures.py:85: RuntimeWarning: Signature diverged on MLP-adam_iris_acc betwen [-0.52290909 -0.27918182 -0.34166667 -0.725      -0.91715152] and [-0.41666667 -0.275      -0.26133333 -0.68915152 -0.875     ]
  warnings.warn(

Signature errors:
                          0         1         2         3         4       max
MLP-adam_iris_acc  0.106242  0.004182  0.080333  0.035848  0.042152  0.106242
max                0.106242  0.004182  0.080333  0.035848  0.042152  0.106242
starting sklearn study hyperopt MLP-adam iris acc 15 1
with data root: None
suggestion time taken 0.002361 iter 0 next_points [{'alpha': 0.16411910712332844, 'batch_size': 224, 'beta_1': 0.6024953310527781, 'beta_2': 0.946315932596, 'epsilon': 5.779934764689729e-07, 'hidden_layer_sizes': 158, 'learning_rate_init': 0.0010112431682066324, 'tol': 1.89372788030563e-05, 'validation_fraction': 0.10854808109702181}]
/home/ryedida/.local/lib/python3.9/site-packages/sklearn/neural_network/_multilayer_perceptron.py:605: UserWarning: Got `batch_size` less than 1 or larger than sample size. It is going to be clipped
  warnings.warn(

function_evaluation time 0.061083 value -0.558333 suggestion {'alpha': 0.16411910712332844, 'batch_size': 224, 'beta_1': 0.6024953310527781, 'beta_2': 0.946315932596, 'epsilon': 5.779934764689729e-07, 'hidden_layer_sizes': 158, 'learning_rate_init': 0.0010112431682066324, 'tol': 1.89372788030563e-05, 'validation_fraction': 0.10854808109702181}
observation time 0.000069, current best -0.558333 at iter 0
suggestion time taken 0.002641 iter 1 next_points [{'alpha': 0.0001953978761591979, 'batch_size': 133, 'beta_1': 0.9457470174714988, 'beta_2': 0.9851753595879686, 'epsilon': 2.4295126397021058e-09, 'hidden_layer_sizes': 92, 'learning_rate_init': 3.142502114200568e-05, 'tol': 1.6178473627714905e-05, 'validation_fraction': 0.49774659567790713}]
/home/ryedida/.local/lib/python3.9/site-packages/sklearn/neural_network/_multilayer_perceptron.py:605: UserWarning: Got `batch_size` less than 1 or larger than sample size. It is going to be clipped
  warnings.warn(

function_evaluation time 0.046148 value -0.350000 suggestion {'alpha': 0.0001953978761591979, 'batch_size': 133, 'beta_1': 0.9457470174714988, 'beta_2': 0.9851753595879686, 'epsilon': 2.4295126397021058e-09, 'hidden_layer_sizes': 92, 'learning_rate_init': 3.142502114200568e-05, 'tol': 1.6178473627714905e-05, 'validation_fraction': 0.49774659567790713}
observation time 0.000068, current best -0.558333 at iter 1
suggestion time taken 0.002182 iter 2 next_points [{'alpha': 0.10011183575657646, 'batch_size': 48, 'beta_1': 0.5024573914446926, 'beta_2': 0.9216786705244434, 'epsilon': 1.625217806154158e-09, 'hidden_layer_sizes': 83, 'learning_rate_init': 0.0011244395611768564, 'tol': 0.015371634256976739, 'validation_fraction': 0.6074290693367463}]
/home/ryedida/.local/lib/python3.9/site-packages/sklearn/neural_network/_multilayer_perceptron.py:605: UserWarning: Got `batch_size` less than 1 or larger than sample size. It is going to be clipped
  warnings.warn(

function_evaluation time 0.052889 value -0.408333 suggestion {'alpha': 0.10011183575657646, 'batch_size': 48, 'beta_1': 0.5024573914446926, 'beta_2': 0.9216786705244434, 'epsilon': 1.625217806154158e-09, 'hidden_layer_sizes': 83, 'learning_rate_init': 0.0011244395611768564, 'tol': 0.015371634256976739, 'validation_fraction': 0.6074290693367463}
observation time 0.000075, current best -0.558333 at iter 2
suggestion time taken 0.002285 iter 3 next_points [{'alpha': 1.3806788899562695e-05, 'batch_size': 133, 'beta_1': 0.5229544597674305, 'beta_2': 0.9560411766367397, 'epsilon': 3.790690338028325e-08, 'hidden_layer_sizes': 194, 'learning_rate_init': 0.0010291816484785425, 'tol': 8.303018383529437e-05, 'validation_fraction': 0.6147593177276797}]
/home/ryedida/.local/lib/python3.9/site-packages/sklearn/neural_network/_multilayer_perceptron.py:605: UserWarning: Got `batch_size` less than 1 or larger than sample size. It is going to be clipped
  warnings.warn(

function_evaluation time 0.087158 value -0.716667 suggestion {'alpha': 1.3806788899562695e-05, 'batch_size': 133, 'beta_1': 0.5229544597674305, 'beta_2': 0.9560411766367397, 'epsilon': 3.790690338028325e-08, 'hidden_layer_sizes': 194, 'learning_rate_init': 0.0010291816484785425, 'tol': 8.303018383529437e-05, 'validation_fraction': 0.6147593177276797}
observation time 0.000087, current best -0.716667 at iter 3
suggestion time taken 0.002196 iter 4 next_points [{'alpha': 1.5927911640316576e-05, 'batch_size': 119, 'beta_1': 0.5464454729458664, 'beta_2': 0.9550151558564404, 'epsilon': 2.9733555400103577e-08, 'hidden_layer_sizes': 163, 'learning_rate_init': 2.7746214128315392e-05, 'tol': 0.001230407827382537, 'validation_fraction': 0.19453377647366946}]
/home/ryedida/.local/lib/python3.9/site-packages/sklearn/neural_network/_multilayer_perceptron.py:605: UserWarning: Got `batch_size` less than 1 or larger than sample size. It is going to be clipped
  warnings.warn(

function_evaluation time 0.045512 value -0.333333 suggestion {'alpha': 1.5927911640316576e-05, 'batch_size': 119, 'beta_1': 0.5464454729458664, 'beta_2': 0.9550151558564404, 'epsilon': 2.9733555400103577e-08, 'hidden_layer_sizes': 163, 'learning_rate_init': 2.7746214128315392e-05, 'tol': 0.001230407827382537, 'validation_fraction': 0.19453377647366946}
observation time 0.000075, current best -0.716667 at iter 4
suggestion time taken 0.002183 iter 5 next_points [{'alpha': 6.32979521530186e-05, 'batch_size': 28, 'beta_1': 0.8940086473670756, 'beta_2': 0.9932865325260698, 'epsilon': 3.5832689437167326e-07, 'hidden_layer_sizes': 94, 'learning_rate_init': 0.0005197336862165291, 'tol': 0.0018151068149930836, 'validation_fraction': 0.5784355623439441}]
function_evaluation time 0.077006 value -0.700000 suggestion {'alpha': 6.32979521530186e-05, 'batch_size': 28, 'beta_1': 0.8940086473670756, 'beta_2': 0.9932865325260698, 'epsilon': 3.5832689437167326e-07, 'hidden_layer_sizes': 94, 'learning_rate_init': 0.0005197336862165291, 'tol': 0.0018151068149930836, 'validation_fraction': 0.5784355623439441}
observation time 0.000074, current best -0.716667 at iter 5
suggestion time taken 0.002161 iter 6 next_points [{'alpha': 2.3127354570838155e-05, 'batch_size': 152, 'beta_1': 0.982856857754743, 'beta_2': 0.9968822622835882, 'epsilon': 4.024452099701474e-08, 'hidden_layer_sizes': 92, 'learning_rate_init': 0.0781924186981207, 'tol': 0.0021217502972678453, 'validation_fraction': 0.11128016504387649}]
/home/ryedida/.local/lib/python3.9/site-packages/sklearn/neural_network/_multilayer_perceptron.py:605: UserWarning: Got `batch_size` less than 1 or larger than sample size. It is going to be clipped
  warnings.warn(

function_evaluation time 0.074857 value -0.891667 suggestion {'alpha': 2.3127354570838155e-05, 'batch_size': 152, 'beta_1': 0.982856857754743, 'beta_2': 0.9968822622835882, 'epsilon': 4.024452099701474e-08, 'hidden_layer_sizes': 92, 'learning_rate_init': 0.0781924186981207, 'tol': 0.0021217502972678453, 'validation_fraction': 0.11128016504387649}
observation time 0.000087, current best -0.891667 at iter 6
suggestion time taken 0.002235 iter 7 next_points [{'alpha': 0.34054434323593774, 'batch_size': 61, 'beta_1': 0.7407959701124649, 'beta_2': 0.9061489187369554, 'epsilon': 2.6398667623134574e-08, 'hidden_layer_sizes': 89, 'learning_rate_init': 0.000288504869142412, 'tol': 0.03892739062867098, 'validation_fraction': 0.22508694625440573}]
function_evaluation time 0.059585 value -0.375000 suggestion {'alpha': 0.34054434323593774, 'batch_size': 61, 'beta_1': 0.7407959701124649, 'beta_2': 0.9061489187369554, 'epsilon': 2.6398667623134574e-08, 'hidden_layer_sizes': 89, 'learning_rate_init': 0.000288504869142412, 'tol': 0.03892739062867098, 'validation_fraction': 0.22508694625440573}
observation time 0.000074, current best -0.891667 at iter 7
suggestion time taken 0.002204 iter 8 next_points [{'alpha': 5.9776528694977555, 'batch_size': 97, 'beta_1': 0.5170566918882562, 'beta_2': 0.9761512019587256, 'epsilon': 2.0753593315036902e-08, 'hidden_layer_sizes': 198, 'learning_rate_init': 2.1520786532674366e-05, 'tol': 0.04666942177637064, 'validation_fraction': 0.16311238740738354}]
function_evaluation time 0.059394 value -0.366667 suggestion {'alpha': 5.9776528694977555, 'batch_size': 97, 'beta_1': 0.5170566918882562, 'beta_2': 0.9761512019587256, 'epsilon': 2.0753593315036902e-08, 'hidden_layer_sizes': 198, 'learning_rate_init': 2.1520786532674366e-05, 'tol': 0.04666942177637064, 'validation_fraction': 0.16311238740738354}
observation time 0.000074, current best -0.891667 at iter 8
suggestion time taken 0.002181 iter 9 next_points [{'alpha': 4.154036681548015, 'batch_size': 67, 'beta_1': 0.5666645101113539, 'beta_2': 0.9604708508983939, 'epsilon': 1.1340132039100463e-07, 'hidden_layer_sizes': 118, 'learning_rate_init': 0.001655173740423401, 'tol': 0.0001479671785031053, 'validation_fraction': 0.17756209604731293}]
function_evaluation time 0.116272 value -0.933333 suggestion {'alpha': 4.154036681548015, 'batch_size': 67, 'beta_1': 0.5666645101113539, 'beta_2': 0.9604708508983939, 'epsilon': 1.1340132039100463e-07, 'hidden_layer_sizes': 118, 'learning_rate_init': 0.001655173740423401, 'tol': 0.0001479671785031053, 'validation_fraction': 0.17756209604731293}
observation time 0.000073, current best -0.933333 at iter 9
suggestion time taken 0.002270 iter 10 next_points [{'alpha': 0.00030054013830137395, 'batch_size': 65, 'beta_1': 0.5437235440461228, 'beta_2': 0.9094654077159032, 'epsilon': 5.202797549382878e-09, 'hidden_layer_sizes': 55, 'learning_rate_init': 0.0003632790451338943, 'tol': 0.0010836325317985936, 'validation_fraction': 0.1492616719823461}]
function_evaluation time 0.080508 value -0.500000 suggestion {'alpha': 0.00030054013830137395, 'batch_size': 65, 'beta_1': 0.5437235440461228, 'beta_2': 0.9094654077159032, 'epsilon': 5.202797549382878e-09, 'hidden_layer_sizes': 55, 'learning_rate_init': 0.0003632790451338943, 'tol': 0.0010836325317985936, 'validation_fraction': 0.1492616719823461}
observation time 0.000074, current best -0.933333 at iter 10
suggestion time taken 0.002137 iter 11 next_points [{'alpha': 8.647164772492558e-05, 'batch_size': 51, 'beta_1': 0.5667942853945589, 'beta_2': 0.9273638148893499, 'epsilon': 7.30685097903341e-09, 'hidden_layer_sizes': 182, 'learning_rate_init': 0.0001216934311576966, 'tol': 0.0015245222239357653, 'validation_fraction': 0.29522050490191293}]
function_evaluation time 0.070297 value -0.458333 suggestion {'alpha': 8.647164772492558e-05, 'batch_size': 51, 'beta_1': 0.5667942853945589, 'beta_2': 0.9273638148893499, 'epsilon': 7.30685097903341e-09, 'hidden_layer_sizes': 182, 'learning_rate_init': 0.0001216934311576966, 'tol': 0.0015245222239357653, 'validation_fraction': 0.29522050490191293}
observation time 0.000076, current best -0.933333 at iter 11
suggestion time taken 0.002171 iter 12 next_points [{'alpha': 3.116153255636422, 'batch_size': 212, 'beta_1': 0.5256893847131806, 'beta_2': 0.9016143879107048, 'epsilon': 8.552499897076154e-07, 'hidden_layer_sizes': 182, 'learning_rate_init': 0.0007891430651022529, 'tol': 0.0037984526975783713, 'validation_fraction': 0.1519259978734546}]
/home/ryedida/.local/lib/python3.9/site-packages/sklearn/neural_network/_multilayer_perceptron.py:605: UserWarning: Got `batch_size` less than 1 or larger than sample size. It is going to be clipped
  warnings.warn(

function_evaluation time 0.068309 value -0.675000 suggestion {'alpha': 3.116153255636422, 'batch_size': 212, 'beta_1': 0.5256893847131806, 'beta_2': 0.9016143879107048, 'epsilon': 8.552499897076154e-07, 'hidden_layer_sizes': 182, 'learning_rate_init': 0.0007891430651022529, 'tol': 0.0037984526975783713, 'validation_fraction': 0.1519259978734546}
observation time 0.000077, current best -0.933333 at iter 12
suggestion time taken 0.002259 iter 13 next_points [{'alpha': 0.00021613545860765113, 'batch_size': 213, 'beta_1': 0.5922856869627411, 'beta_2': 0.9635748495890771, 'epsilon': 5.0422552560469476e-09, 'hidden_layer_sizes': 128, 'learning_rate_init': 0.011335352585293558, 'tol': 0.0003322653238869004, 'validation_fraction': 0.29920868498018044}]
/home/ryedida/.local/lib/python3.9/site-packages/sklearn/neural_network/_multilayer_perceptron.py:605: UserWarning: Got `batch_size` less than 1 or larger than sample size. It is going to be clipped
  warnings.warn(

function_evaluation time 0.081244 value -0.916667 suggestion {'alpha': 0.00021613545860765113, 'batch_size': 213, 'beta_1': 0.5922856869627411, 'beta_2': 0.9635748495890771, 'epsilon': 5.0422552560469476e-09, 'hidden_layer_sizes': 128, 'learning_rate_init': 0.011335352585293558, 'tol': 0.0003322653238869004, 'validation_fraction': 0.29920868498018044}
observation time 0.000076, current best -0.933333 at iter 13
suggestion time taken 0.002152 iter 14 next_points [{'alpha': 0.0009408645858486372, 'batch_size': 124, 'beta_1': 0.9368154250845925, 'beta_2': 0.9943391142743044, 'epsilon': 3.142999016302519e-08, 'hidden_layer_sizes': 198, 'learning_rate_init': 1.2584259368433701e-05, 'tol': 0.0018492914470305195, 'validation_fraction': 0.18740094402079355}]
/home/ryedida/.local/lib/python3.9/site-packages/sklearn/neural_network/_multilayer_perceptron.py:605: UserWarning: Got `batch_size` less than 1 or larger than sample size. It is going to be clipped
  warnings.warn(

function_evaluation time 0.068579 value -0.425000 suggestion {'alpha': 0.0009408645858486372, 'batch_size': 124, 'beta_1': 0.9368154250845925, 'beta_2': 0.9943391142743044, 'epsilon': 3.142999016302519e-08, 'hidden_layer_sizes': 198, 'learning_rate_init': 1.2584259368433701e-05, 'tol': 0.0018492914470305195, 'validation_fraction': 0.18740094402079355}
observation time 0.000074, current best -0.933333 at iter 14
saving meta data: {'args': {'--uuid': '03a2be3d611f594a830b2ff7654d059c', '-db-root': '/home/ryedida/bbo_challenge_starter_kit/output', '--opt-root': '/home/ryedida/bbo_challenge_starter_kit/example_submissions', '--data-root': None, '--db': 'run_20230501_004050', '--opt': 'hyperopt', '--data': 'iris', '--classifier': 'MLP-adam', '--metric': 'acc', '--calls': 15, '--suggestions': 1, '--jobs-file': None, '--verbose': False, 'dry_run': False, 'rev': 'a376313', 'opt_rev': '0.2.7'}, 'signature': ([{'alpha': 0.019628224813442792, 'batch_size': 182, 'beta_1': 0.9410202200271762, 'beta_2': 0.9998021557676793, 'epsilon': 1.8662266976518e-08, 'hidden_layer_sizes': 147, 'learning_rate_init': 0.0005627932047415167, 'tol': 0.03690557729213761, 'validation_fraction': 0.8846827852548593}, {'alpha': 0.0019982467392329444, 'batch_size': 200, 'beta_1': 0.919111482530466, 'beta_2': 0.9998488260436156, 'epsilon': 5.981221901152555e-07, 'hidden_layer_sizes': 61, 'learning_rate_init': 2.2310905607443014e-05, 'tol': 1.2046852412030316e-05, 'validation_fraction': 0.8117896445826539}, {'alpha': 0.46659545670218433, 'batch_size': 219, 'beta_1': 0.9889789783750891, 'beta_2': 0.9999896868093284, 'epsilon': 2.4234724484675948e-08, 'hidden_layer_sizes': 167, 'learning_rate_init': 2.972334644335654e-05, 'tol': 0.0036281404040243792, 'validation_fraction': 0.17260651658522078}, {'alpha': 4.656005689076002, 'batch_size': 135, 'beta_1': 0.870503881627747, 'beta_2': 0.9948873266941017, 'epsilon': 2.1023308743480125e-07, 'hidden_layer_sizes': 118, 'learning_rate_init': 0.0018781738757161913, 'tol': 1.1889379831773004e-05, 'validation_fraction': 0.6264327093752792}, {'alpha': 0.04705159350400542, 'batch_size': 158, 'beta_1': 0.9870884262730957, 'beta_2': 0.9999596874382349, 'epsilon': 1.1981845126013875e-08, 'hidden_layer_sizes': 116, 'learning_rate_init': 0.00617340520407431, 'tol': 1.741413418158619e-05, 'validation_fraction': 0.6754299026638921}], [-0.41666666666666663, -0.275, -0.3416666666666667, -0.725, -0.875])}
saving results
saving timing
saving suggest log
done
