running: {'--uuid': '1dd3da41c32c5accabb5135b14b07b5e', '-db-root': '/home/ryedida/bbo_challenge_starter_kit/output', '--opt-root': '/home/ryedida/bbo_challenge_starter_kit/example_submissions', '--data-root': None, '--db': 'run_20230501_004050', '--opt': 'smoothness', '--data': 'iris', '--classifier': 'MLP-adam', '--metric': 'acc', '--calls': 15, '--suggestions': 1, '--jobs-file': None, '--verbose': False, 'dry_run': False, 'rev': 'a376313', 'opt_rev': 'x.x.x'}
cmd: python smoothness/optimizer.py -c MLP-adam -d iris -o smoothness -u 1dd3da41c32c5accabb5135b14b07b5e -m acc -n 15 -p 1 -dir /home/ryedida/bbo_challenge_starter_kit/output -b run_20230501_004050
/home/ryedida/.local/lib/python3.9/site-packages/sklearn/neural_network/_multilayer_perceptron.py:605: UserWarning: Got `batch_size` less than 1 or larger than sample size. It is going to be clipped
  warnings.warn(

/home/ryedida/.local/lib/python3.9/site-packages/sklearn/neural_network/_multilayer_perceptron.py:605: UserWarning: Got `batch_size` less than 1 or larger than sample size. It is going to be clipped
  warnings.warn(

/home/ryedida/.local/lib/python3.9/site-packages/sklearn/neural_network/_multilayer_perceptron.py:605: UserWarning: Got `batch_size` less than 1 or larger than sample size. It is going to be clipped
  warnings.warn(

/home/ryedida/.local/lib/python3.9/site-packages/sklearn/neural_network/_multilayer_perceptron.py:605: UserWarning: Got `batch_size` less than 1 or larger than sample size. It is going to be clipped
  warnings.warn(

/home/ryedida/.local/lib/python3.9/site-packages/sklearn/neural_network/_multilayer_perceptron.py:605: UserWarning: Got `batch_size` less than 1 or larger than sample size. It is going to be clipped
  warnings.warn(

computed signature: ([{'alpha': 0.019628224813442792, 'batch_size': 182, 'beta_1': 0.9410202200271762, 'beta_2': 0.9998021557676793, 'epsilon': 1.8662266976518e-08, 'hidden_layer_sizes': 147, 'learning_rate_init': 0.0005627932047415167, 'tol': 0.03690557729213761, 'validation_fraction': 0.8846827852548593}, {'alpha': 0.0019982467392329444, 'batch_size': 200, 'beta_1': 0.919111482530466, 'beta_2': 0.9998488260436156, 'epsilon': 5.981221901152555e-07, 'hidden_layer_sizes': 61, 'learning_rate_init': 2.2310905607443014e-05, 'tol': 1.2046852412030316e-05, 'validation_fraction': 0.8117896445826539}, {'alpha': 0.46659545670218433, 'batch_size': 219, 'beta_1': 0.9889789783750891, 'beta_2': 0.9999896868093284, 'epsilon': 2.4234724484675948e-08, 'hidden_layer_sizes': 167, 'learning_rate_init': 2.972334644335654e-05, 'tol': 0.0036281404040243792, 'validation_fraction': 0.17260651658522078}, {'alpha': 4.656005689076002, 'batch_size': 135, 'beta_1': 0.870503881627747, 'beta_2': 0.9948873266941017, 'epsilon': 2.1023308743480125e-07, 'hidden_layer_sizes': 118, 'learning_rate_init': 0.0018781738757161913, 'tol': 1.1889379831773004e-05, 'validation_fraction': 0.6264327093752792}, {'alpha': 0.04705159350400542, 'batch_size': 158, 'beta_1': 0.9870884262730957, 'beta_2': 0.9999596874382349, 'epsilon': 1.1981845126013875e-08, 'hidden_layer_sizes': 116, 'learning_rate_init': 0.00617340520407431, 'tol': 1.741413418158619e-05, 'validation_fraction': 0.6754299026638921}], [-0.41666666666666663, -0.275, -0.3416666666666667, -0.725, -0.875])
/home/ryedida/.local/lib/python3.9/site-packages/bayesmark/signatures.py:85: RuntimeWarning: Signature diverged on MLP-adam_iris_acc betwen [-0.52290909 -0.27918182 -0.34166667 -0.725      -0.91715152] and [-0.41666667 -0.275      -0.26133333 -0.68915152 -0.875     ]
  warnings.warn(

Signature errors:
                          0         1         2         3         4       max
MLP-adam_iris_acc  0.106242  0.004182  0.080333  0.035848  0.042152  0.106242
max                0.106242  0.004182  0.080333  0.035848  0.042152  0.106242
starting sklearn study smoothness MLP-adam iris acc 15 1
with data root: None
suggestion time taken 9.413980 iter 0 next_points [{'alpha': 0.027410766521079113, 'batch_size': 22, 'beta_1': 0.7403149238612828, 'beta_2': 0.9652707993831097, 'epsilon': 1.0384697149671343e-07, 'hidden_layer_sizes': 68, 'learning_rate_init': 0.01619929828226335, 'tol': 0.0700558031668519, 'validation_fraction': 0.6164083315266118}]
function_evaluation time 0.068086 value -0.966667 suggestion {'alpha': 0.027410766521079113, 'batch_size': 22, 'beta_1': 0.7403149238612828, 'beta_2': 0.9652707993831097, 'epsilon': 1.0384697149671343e-07, 'hidden_layer_sizes': 68, 'learning_rate_init': 0.01619929828226335, 'tol': 0.0700558031668519, 'validation_fraction': 0.6164083315266118}
observation time 0.000006, current best -0.966667 at iter 0
suggestion time taken 9.344316 iter 1 next_points [{'alpha': 1.199042734076338, 'batch_size': 42, 'beta_1': 0.7021031739824599, 'beta_2': 0.9987570271913534, 'epsilon': 1.1785781190198298e-09, 'hidden_layer_sizes': 57, 'learning_rate_init': 0.004410204367425294, 'tol': 0.0014327900056928028, 'validation_fraction': 0.6373007468352709}]
function_evaluation time 0.095054 value -0.816667 suggestion {'alpha': 1.199042734076338, 'batch_size': 42, 'beta_1': 0.7021031739824599, 'beta_2': 0.9987570271913534, 'epsilon': 1.1785781190198298e-09, 'hidden_layer_sizes': 57, 'learning_rate_init': 0.004410204367425294, 'tol': 0.0014327900056928028, 'validation_fraction': 0.6373007468352709}
observation time 0.000006, current best -0.966667 at iter 1
suggestion time taken 9.340698 iter 2 next_points [{'alpha': 0.00019069685026646652, 'batch_size': 40, 'beta_1': 0.7365510175107137, 'beta_2': 0.9999057274358656, 'epsilon': 5.106791219428579e-07, 'hidden_layer_sizes': 69, 'learning_rate_init': 0.001148338270994521, 'tol': 0.0017247332552702095, 'validation_fraction': 0.6224936500066517}]
function_evaluation time 0.064915 value -0.583333 suggestion {'alpha': 0.00019069685026646652, 'batch_size': 40, 'beta_1': 0.7365510175107137, 'beta_2': 0.9999057274358656, 'epsilon': 5.106791219428579e-07, 'hidden_layer_sizes': 69, 'learning_rate_init': 0.001148338270994521, 'tol': 0.0017247332552702095, 'validation_fraction': 0.6224936500066517}
observation time 0.000006, current best -0.966667 at iter 2
suggestion time taken 9.497717 iter 3 next_points [{'alpha': 0.003279043845835025, 'batch_size': 19, 'beta_1': 0.981441387080215, 'beta_2': 0.9676438869056957, 'epsilon': 2.7963564444927497e-07, 'hidden_layer_sizes': 89, 'learning_rate_init': 1.629320909096095e-05, 'tol': 0.00020793900334936275, 'validation_fraction': 0.2848107799570595}]
function_evaluation time 0.075741 value -0.408333 suggestion {'alpha': 0.003279043845835025, 'batch_size': 19, 'beta_1': 0.981441387080215, 'beta_2': 0.9676438869056957, 'epsilon': 2.7963564444927497e-07, 'hidden_layer_sizes': 89, 'learning_rate_init': 1.629320909096095e-05, 'tol': 0.00020793900334936275, 'validation_fraction': 0.2848107799570595}
observation time 0.000006, current best -0.966667 at iter 3
suggestion time taken 9.352832 iter 4 next_points [{'alpha': 0.7438388358980486, 'batch_size': 11, 'beta_1': 0.8535768476515819, 'beta_2': 0.9997546210488323, 'epsilon': 1.1176733971077384e-08, 'hidden_layer_sizes': 109, 'learning_rate_init': 0.0037560616454003744, 'tol': 0.0006356365486580837, 'validation_fraction': 0.838539233183266}]
function_evaluation time 0.091575 value -0.800000 suggestion {'alpha': 0.7438388358980486, 'batch_size': 11, 'beta_1': 0.8535768476515819, 'beta_2': 0.9997546210488323, 'epsilon': 1.1176733971077384e-08, 'hidden_layer_sizes': 109, 'learning_rate_init': 0.0037560616454003744, 'tol': 0.0006356365486580837, 'validation_fraction': 0.838539233183266}
observation time 0.000005, current best -0.966667 at iter 4
suggestion time taken 9.329142 iter 5 next_points [{'alpha': 0.01874458169035271, 'batch_size': 10, 'beta_1': 0.9801616395663706, 'beta_2': 0.9908848081994461, 'epsilon': 1.599241991555757e-07, 'hidden_layer_sizes': 129, 'learning_rate_init': 0.0006362961379864876, 'tol': 0.06649917895274632, 'validation_fraction': 0.2160883073003496}]
function_evaluation time 0.147406 value -0.833333 suggestion {'alpha': 0.01874458169035271, 'batch_size': 10, 'beta_1': 0.9801616395663706, 'beta_2': 0.9908848081994461, 'epsilon': 1.599241991555757e-07, 'hidden_layer_sizes': 129, 'learning_rate_init': 0.0006362961379864876, 'tol': 0.06649917895274632, 'validation_fraction': 0.2160883073003496}
observation time 0.000006, current best -0.966667 at iter 5
suggestion time taken 9.317061 iter 6 next_points [{'alpha': 0.0009815163754470736, 'batch_size': 20, 'beta_1': 0.7725120667163158, 'beta_2': 0.9993397989119672, 'epsilon': 4.805088148564975e-07, 'hidden_layer_sizes': 123, 'learning_rate_init': 0.00021557880152530437, 'tol': 0.0021652766581352735, 'validation_fraction': 0.7006920709463038}]
function_evaluation time 0.095223 value -0.416667 suggestion {'alpha': 0.0009815163754470736, 'batch_size': 20, 'beta_1': 0.7725120667163158, 'beta_2': 0.9993397989119672, 'epsilon': 4.805088148564975e-07, 'hidden_layer_sizes': 123, 'learning_rate_init': 0.00021557880152530437, 'tol': 0.0021652766581352735, 'validation_fraction': 0.7006920709463038}
observation time 0.000006, current best -0.966667 at iter 6
suggestion time taken 9.265502 iter 7 next_points [{'alpha': 1.1036269040440858e-05, 'batch_size': 27, 'beta_1': 0.8924777851135319, 'beta_2': 0.9999973452416585, 'epsilon': 2.272192545849849e-07, 'hidden_layer_sizes': 53, 'learning_rate_init': 8.55468938322507e-05, 'tol': 1.4311480174863266e-05, 'validation_fraction': 0.2578157488299709}]
function_evaluation time 0.063343 value -0.308333 suggestion {'alpha': 1.1036269040440858e-05, 'batch_size': 27, 'beta_1': 0.8924777851135319, 'beta_2': 0.9999973452416585, 'epsilon': 2.272192545849849e-07, 'hidden_layer_sizes': 53, 'learning_rate_init': 8.55468938322507e-05, 'tol': 1.4311480174863266e-05, 'validation_fraction': 0.2578157488299709}
observation time 0.000006, current best -0.966667 at iter 7
suggestion time taken 9.318342 iter 8 next_points [{'alpha': 0.0014447763796100784, 'batch_size': 33, 'beta_1': 0.7676481709500155, 'beta_2': 0.9999957953409047, 'epsilon': 7.379836286419404e-09, 'hidden_layer_sizes': 93, 'learning_rate_init': 9.798810671508569e-05, 'tol': 0.0003596052877345379, 'validation_fraction': 0.2987157812027147}]
function_evaluation time 0.087003 value -0.516667 suggestion {'alpha': 0.0014447763796100784, 'batch_size': 33, 'beta_1': 0.7676481709500155, 'beta_2': 0.9999957953409047, 'epsilon': 7.379836286419404e-09, 'hidden_layer_sizes': 93, 'learning_rate_init': 9.798810671508569e-05, 'tol': 0.0003596052877345379, 'validation_fraction': 0.2987157812027147}
observation time 0.000006, current best -0.966667 at iter 8
suggestion time taken 9.270729 iter 9 next_points [{'alpha': 0.0022890249959038014, 'batch_size': 24, 'beta_1': 0.7881986524363503, 'beta_2': 0.9999061515629315, 'epsilon': 1.2801522999137182e-08, 'hidden_layer_sizes': 128, 'learning_rate_init': 0.03047983874853406, 'tol': 0.021621389129056097, 'validation_fraction': 0.17906215875275666}]
function_evaluation time 0.121221 value -0.966667 suggestion {'alpha': 0.0022890249959038014, 'batch_size': 24, 'beta_1': 0.7881986524363503, 'beta_2': 0.9999061515629315, 'epsilon': 1.2801522999137182e-08, 'hidden_layer_sizes': 128, 'learning_rate_init': 0.03047983874853406, 'tol': 0.021621389129056097, 'validation_fraction': 0.17906215875275666}
observation time 0.000005, current best -0.966667 at iter 9
suggestion time taken 9.289568 iter 10 next_points [{'alpha': 0.1443797059256168, 'batch_size': 38, 'beta_1': 0.9608955189003628, 'beta_2': 0.9385884333906954, 'epsilon': 2.5111150984577903e-08, 'hidden_layer_sizes': 98, 'learning_rate_init': 6.127498007831004e-05, 'tol': 0.002409951075713583, 'validation_fraction': 0.5730083611108054}]
function_evaluation time 0.052470 value -0.350000 suggestion {'alpha': 0.1443797059256168, 'batch_size': 38, 'beta_1': 0.9608955189003628, 'beta_2': 0.9385884333906954, 'epsilon': 2.5111150984577903e-08, 'hidden_layer_sizes': 98, 'learning_rate_init': 6.127498007831004e-05, 'tol': 0.002409951075713583, 'validation_fraction': 0.5730083611108054}
observation time 0.000005, current best -0.966667 at iter 10
suggestion time taken 9.368560 iter 11 next_points [{'alpha': 1.959680166910671, 'batch_size': 23, 'beta_1': 0.882799528936675, 'beta_2': 0.9904460512127516, 'epsilon': 6.583823373908382e-07, 'hidden_layer_sizes': 105, 'learning_rate_init': 0.00022990034145607148, 'tol': 0.03771740826553616, 'validation_fraction': 0.2726886526083879}]
function_evaluation time 0.079446 value -0.525000 suggestion {'alpha': 1.959680166910671, 'batch_size': 23, 'beta_1': 0.882799528936675, 'beta_2': 0.9904460512127516, 'epsilon': 6.583823373908382e-07, 'hidden_layer_sizes': 105, 'learning_rate_init': 0.00022990034145607148, 'tol': 0.03771740826553616, 'validation_fraction': 0.2726886526083879}
observation time 0.000006, current best -0.966667 at iter 11
suggestion time taken 9.370774 iter 12 next_points [{'alpha': 0.3344284009630377, 'batch_size': 31, 'beta_1': 0.936707937973878, 'beta_2': 0.9996007497213717, 'epsilon': 2.5374240268043126e-08, 'hidden_layer_sizes': 53, 'learning_rate_init': 2.840381290289303e-05, 'tol': 0.00032106481080135095, 'validation_fraction': 0.776230216734874}]
/home/ryedida/.local/lib/python3.9/site-packages/sklearn/neural_network/_multilayer_perceptron.py:605: UserWarning: Got `batch_size` less than 1 or larger than sample size. It is going to be clipped
  warnings.warn(

function_evaluation time 0.044066 value -0.333333 suggestion {'alpha': 0.3344284009630377, 'batch_size': 31, 'beta_1': 0.936707937973878, 'beta_2': 0.9996007497213717, 'epsilon': 2.5374240268043126e-08, 'hidden_layer_sizes': 53, 'learning_rate_init': 2.840381290289303e-05, 'tol': 0.00032106481080135095, 'validation_fraction': 0.776230216734874}
observation time 0.000006, current best -0.966667 at iter 12
suggestion time taken 9.375369 iter 13 next_points [{'alpha': 0.3969965193888666, 'batch_size': 14, 'beta_1': 0.9732234090434531, 'beta_2': 0.9828836096656633, 'epsilon': 1.5830553767866116e-09, 'hidden_layer_sizes': 85, 'learning_rate_init': 0.000749145299229526, 'tol': 1.2617404779358626e-05, 'validation_fraction': 0.6111374416162295}]
function_evaluation time 0.118884 value -0.683333 suggestion {'alpha': 0.3969965193888666, 'batch_size': 14, 'beta_1': 0.9732234090434531, 'beta_2': 0.9828836096656633, 'epsilon': 1.5830553767866116e-09, 'hidden_layer_sizes': 85, 'learning_rate_init': 0.000749145299229526, 'tol': 1.2617404779358626e-05, 'validation_fraction': 0.6111374416162295}
observation time 0.000006, current best -0.966667 at iter 13
suggestion time taken 9.329580 iter 14 next_points [{'alpha': 0.5731478148128657, 'batch_size': 30, 'beta_1': 0.7474915905358953, 'beta_2': 0.9967037584805465, 'epsilon': 1.2632842523521316e-09, 'hidden_layer_sizes': 91, 'learning_rate_init': 0.0013704120413292028, 'tol': 0.0014351706919091371, 'validation_fraction': 0.36587885954230903}]
function_evaluation time 0.084535 value -0.741667 suggestion {'alpha': 0.5731478148128657, 'batch_size': 30, 'beta_1': 0.7474915905358953, 'beta_2': 0.9967037584805465, 'epsilon': 1.2632842523521316e-09, 'hidden_layer_sizes': 91, 'learning_rate_init': 0.0013704120413292028, 'tol': 0.0014351706919091371, 'validation_fraction': 0.36587885954230903}
observation time 0.000006, current best -0.966667 at iter 14
saving meta data: {'args': {'--uuid': '1dd3da41c32c5accabb5135b14b07b5e', '-db-root': '/home/ryedida/bbo_challenge_starter_kit/output', '--opt-root': '/home/ryedida/bbo_challenge_starter_kit/example_submissions', '--data-root': None, '--db': 'run_20230501_004050', '--opt': 'smoothness', '--data': 'iris', '--classifier': 'MLP-adam', '--metric': 'acc', '--calls': 15, '--suggestions': 1, '--jobs-file': None, '--verbose': False, 'dry_run': False, 'rev': 'a376313', 'opt_rev': 'x.x.x'}, 'signature': ([{'alpha': 0.019628224813442792, 'batch_size': 182, 'beta_1': 0.9410202200271762, 'beta_2': 0.9998021557676793, 'epsilon': 1.8662266976518e-08, 'hidden_layer_sizes': 147, 'learning_rate_init': 0.0005627932047415167, 'tol': 0.03690557729213761, 'validation_fraction': 0.8846827852548593}, {'alpha': 0.0019982467392329444, 'batch_size': 200, 'beta_1': 0.919111482530466, 'beta_2': 0.9998488260436156, 'epsilon': 5.981221901152555e-07, 'hidden_layer_sizes': 61, 'learning_rate_init': 2.2310905607443014e-05, 'tol': 1.2046852412030316e-05, 'validation_fraction': 0.8117896445826539}, {'alpha': 0.46659545670218433, 'batch_size': 219, 'beta_1': 0.9889789783750891, 'beta_2': 0.9999896868093284, 'epsilon': 2.4234724484675948e-08, 'hidden_layer_sizes': 167, 'learning_rate_init': 2.972334644335654e-05, 'tol': 0.0036281404040243792, 'validation_fraction': 0.17260651658522078}, {'alpha': 4.656005689076002, 'batch_size': 135, 'beta_1': 0.870503881627747, 'beta_2': 0.9948873266941017, 'epsilon': 2.1023308743480125e-07, 'hidden_layer_sizes': 118, 'learning_rate_init': 0.0018781738757161913, 'tol': 1.1889379831773004e-05, 'validation_fraction': 0.6264327093752792}, {'alpha': 0.04705159350400542, 'batch_size': 158, 'beta_1': 0.9870884262730957, 'beta_2': 0.9999596874382349, 'epsilon': 1.1981845126013875e-08, 'hidden_layer_sizes': 116, 'learning_rate_init': 0.00617340520407431, 'tol': 1.741413418158619e-05, 'validation_fraction': 0.6754299026638921}], [-0.41666666666666663, -0.275, -0.3416666666666667, -0.725, -0.875])}
saving results
saving timing
saving suggest log
done
