running: {'--uuid': '2cccd2e2463a5365b99b44750235c8bb', '-db-root': '/home/ryedida/bbo_challenge_starter_kit/output', '--opt-root': '/home/ryedida/bbo_challenge_starter_kit/example_submissions', '--data-root': None, '--db': 'run_20230501_004050', '--opt': 'opentuner', '--data': 'iris', '--classifier': 'MLP-adam', '--metric': 'acc', '--calls': 15, '--suggestions': 1, '--jobs-file': None, '--verbose': False, 'dry_run': False, 'rev': 'a376313', 'opt_rev': '0.8.8'}
cmd: python opentuner/optimizer.py -c MLP-adam -d iris -o opentuner -u 2cccd2e2463a5365b99b44750235c8bb -m acc -n 15 -p 1 -dir /home/ryedida/bbo_challenge_starter_kit/output -b run_20230501_004050
/home/ryedida/.local/lib/python3.9/site-packages/sklearn/neural_network/_multilayer_perceptron.py:605: UserWarning: Got `batch_size` less than 1 or larger than sample size. It is going to be clipped
  warnings.warn(

/home/ryedida/.local/lib/python3.9/site-packages/sklearn/neural_network/_multilayer_perceptron.py:605: UserWarning: Got `batch_size` less than 1 or larger than sample size. It is going to be clipped
  warnings.warn(

/home/ryedida/.local/lib/python3.9/site-packages/sklearn/neural_network/_multilayer_perceptron.py:605: UserWarning: Got `batch_size` less than 1 or larger than sample size. It is going to be clipped
  warnings.warn(

/home/ryedida/.local/lib/python3.9/site-packages/sklearn/neural_network/_multilayer_perceptron.py:605: UserWarning: Got `batch_size` less than 1 or larger than sample size. It is going to be clipped
  warnings.warn(

/home/ryedida/.local/lib/python3.9/site-packages/sklearn/neural_network/_multilayer_perceptron.py:605: UserWarning: Got `batch_size` less than 1 or larger than sample size. It is going to be clipped
  warnings.warn(

computed signature: ([{'alpha': 0.019628224813442792, 'batch_size': 182, 'beta_1': 0.9410202200271762, 'beta_2': 0.9998021557676793, 'epsilon': 1.8662266976518e-08, 'hidden_layer_sizes': 147, 'learning_rate_init': 0.0005627932047415167, 'tol': 0.03690557729213761, 'validation_fraction': 0.8846827852548593}, {'alpha': 0.0019982467392329444, 'batch_size': 200, 'beta_1': 0.919111482530466, 'beta_2': 0.9998488260436156, 'epsilon': 5.981221901152555e-07, 'hidden_layer_sizes': 61, 'learning_rate_init': 2.2310905607443014e-05, 'tol': 1.2046852412030316e-05, 'validation_fraction': 0.8117896445826539}, {'alpha': 0.46659545670218433, 'batch_size': 219, 'beta_1': 0.9889789783750891, 'beta_2': 0.9999896868093284, 'epsilon': 2.4234724484675948e-08, 'hidden_layer_sizes': 167, 'learning_rate_init': 2.972334644335654e-05, 'tol': 0.0036281404040243792, 'validation_fraction': 0.17260651658522078}, {'alpha': 4.656005689076002, 'batch_size': 135, 'beta_1': 0.870503881627747, 'beta_2': 0.9948873266941017, 'epsilon': 2.1023308743480125e-07, 'hidden_layer_sizes': 118, 'learning_rate_init': 0.0018781738757161913, 'tol': 1.1889379831773004e-05, 'validation_fraction': 0.6264327093752792}, {'alpha': 0.04705159350400542, 'batch_size': 158, 'beta_1': 0.9870884262730957, 'beta_2': 0.9999596874382349, 'epsilon': 1.1981845126013875e-08, 'hidden_layer_sizes': 116, 'learning_rate_init': 0.00617340520407431, 'tol': 1.741413418158619e-05, 'validation_fraction': 0.6754299026638921}], [-0.41666666666666663, -0.275, -0.3416666666666667, -0.725, -0.875])
/home/ryedida/.local/lib/python3.9/site-packages/bayesmark/signatures.py:85: RuntimeWarning: Signature diverged on MLP-adam_iris_acc betwen [-0.52290909 -0.27918182 -0.34166667 -0.725      -0.91715152] and [-0.41666667 -0.275      -0.26133333 -0.68915152 -0.875     ]
  warnings.warn(

Signature errors:
                          0         1         2         3         4       max
MLP-adam_iris_acc  0.106242  0.004182  0.080333  0.035848  0.042152  0.106242
max                0.106242  0.004182  0.080333  0.035848  0.042152  0.106242
starting sklearn study opentuner MLP-adam iris acc 15 1
with data root: None
suggestion time taken 0.031292 iter 0 next_points [{'hidden_layer_sizes': 93, 'alpha': 6.305381304411943, 'batch_size': 61, 'learning_rate_init': 0.002511856156061688, 'tol': 0.09270519244507473, 'validation_fraction': 0.8564766927814159, 'beta_1': 0.8800831296051363, 'beta_2': 0.9632551241209835, 'epsilon': 3.8587706754963826e-07}]
/home/ryedida/.local/lib/python3.9/site-packages/sklearn/neural_network/_multilayer_perceptron.py:605: UserWarning: Got `batch_size` less than 1 or larger than sample size. It is going to be clipped
  warnings.warn(

function_evaluation time 0.055028 value -0.675000 suggestion {'hidden_layer_sizes': 93, 'alpha': 6.305381304411943, 'batch_size': 61, 'learning_rate_init': 0.002511856156061688, 'tol': 0.09270519244507473, 'validation_fraction': 0.8564766927814159, 'beta_1': 0.8800831296051363, 'beta_2': 0.9632551241209835, 'epsilon': 3.8587706754963826e-07}
observation time 0.004263, current best -0.675000 at iter 0
suggestion time taken 0.046715 iter 1 next_points [{'hidden_layer_sizes': 149, 'alpha': 2.3594891944515806, 'batch_size': 122, 'learning_rate_init': 0.03331851493525078, 'tol': 0.07871415440693379, 'validation_fraction': 0.8855832017364631, 'beta_1': 0.5267607335631352, 'beta_2': 0.9087389125918, 'epsilon': 1.6635331348599413e-07}]
/home/ryedida/.local/lib/python3.9/site-packages/sklearn/neural_network/_multilayer_perceptron.py:605: UserWarning: Got `batch_size` less than 1 or larger than sample size. It is going to be clipped
  warnings.warn(

function_evaluation time 0.054973 value -0.750000 suggestion {'hidden_layer_sizes': 149, 'alpha': 2.3594891944515806, 'batch_size': 122, 'learning_rate_init': 0.03331851493525078, 'tol': 0.07871415440693379, 'validation_fraction': 0.8855832017364631, 'beta_1': 0.5267607335631352, 'beta_2': 0.9087389125918, 'epsilon': 1.6635331348599413e-07}
observation time 0.002155, current best -0.750000 at iter 1
suggestion time taken 0.007856 iter 2 next_points [{'hidden_layer_sizes': 149, 'alpha': 1.9465032299842098, 'batch_size': 185, 'learning_rate_init': 0.03331851493525078, 'tol': 0.07871415440693379, 'validation_fraction': 0.8855832017364631, 'beta_1': 0.962239743017029, 'beta_2': 0.9087389125918, 'epsilon': 1.6635331348599413e-07}]
/home/ryedida/.local/lib/python3.9/site-packages/sklearn/neural_network/_multilayer_perceptron.py:605: UserWarning: Got `batch_size` less than 1 or larger than sample size. It is going to be clipped
  warnings.warn(

function_evaluation time 0.063262 value -0.875000 suggestion {'hidden_layer_sizes': 149, 'alpha': 1.9465032299842098, 'batch_size': 185, 'learning_rate_init': 0.03331851493525078, 'tol': 0.07871415440693379, 'validation_fraction': 0.8855832017364631, 'beta_1': 0.962239743017029, 'beta_2': 0.9087389125918, 'epsilon': 1.6635331348599413e-07}
observation time 0.001915, current best -0.875000 at iter 2
suggestion time taken 0.007335 iter 3 next_points [{'hidden_layer_sizes': 149, 'alpha': 1.9465032299842098, 'batch_size': 185, 'learning_rate_init': 0.03042163523232182, 'tol': 0.07871415440693379, 'validation_fraction': 0.8503073825162016, 'beta_1': 0.962239743017029, 'beta_2': 0.9087389125918, 'epsilon': 2.3097532100887951e-07}]
/home/ryedida/.local/lib/python3.9/site-packages/sklearn/neural_network/_multilayer_perceptron.py:605: UserWarning: Got `batch_size` less than 1 or larger than sample size. It is going to be clipped
  warnings.warn(

function_evaluation time 0.054579 value -0.858333 suggestion {'hidden_layer_sizes': 149, 'alpha': 1.9465032299842098, 'batch_size': 185, 'learning_rate_init': 0.03042163523232182, 'tol': 0.07871415440693379, 'validation_fraction': 0.8503073825162016, 'beta_1': 0.962239743017029, 'beta_2': 0.9087389125918, 'epsilon': 2.3097532100887951e-07}
observation time 0.001883, current best -0.875000 at iter 3
suggestion time taken 0.005911 iter 4 next_points [{'hidden_layer_sizes': 154, 'alpha': 3.9484025641546316, 'batch_size': 71, 'learning_rate_init': 0.04511242052122027, 'tol': 0.08981062968285262, 'validation_fraction': 0.8048543062409128, 'beta_1': 0.7011479952595416, 'beta_2': 0.9032599298685335, 'epsilon': 3.853878790821265e-07}]
/home/ryedida/.local/lib/python3.9/site-packages/sklearn/neural_network/_multilayer_perceptron.py:605: UserWarning: Got `batch_size` less than 1 or larger than sample size. It is going to be clipped
  warnings.warn(

function_evaluation time 0.061349 value -0.858333 suggestion {'hidden_layer_sizes': 154, 'alpha': 3.9484025641546316, 'batch_size': 71, 'learning_rate_init': 0.04511242052122027, 'tol': 0.08981062968285262, 'validation_fraction': 0.8048543062409128, 'beta_1': 0.7011479952595416, 'beta_2': 0.9032599298685335, 'epsilon': 3.853878790821265e-07}
observation time 0.001895, current best -0.875000 at iter 4
suggestion time taken 0.006874 iter 5 next_points [{'hidden_layer_sizes': 149, 'alpha': 1.9465032299842098, 'batch_size': 185, 'learning_rate_init': 0.03331851493525078, 'tol': 0.05706998392594025, 'validation_fraction': 0.8855832017364631, 'beta_1': 0.962239743017029, 'beta_2': 0.9087389125918, 'epsilon': 1.6635331348599413e-07}]
/home/ryedida/.local/lib/python3.9/site-packages/sklearn/neural_network/_multilayer_perceptron.py:605: UserWarning: Got `batch_size` less than 1 or larger than sample size. It is going to be clipped
  warnings.warn(

function_evaluation time 0.067101 value -0.900000 suggestion {'hidden_layer_sizes': 149, 'alpha': 1.9465032299842098, 'batch_size': 185, 'learning_rate_init': 0.03331851493525078, 'tol': 0.05706998392594025, 'validation_fraction': 0.8855832017364631, 'beta_1': 0.962239743017029, 'beta_2': 0.9087389125918, 'epsilon': 1.6635331348599413e-07}
observation time 0.002273, current best -0.900000 at iter 5
suggestion time taken 0.005388 iter 6 next_points [{'hidden_layer_sizes': 191, 'alpha': 0.010368023725018261, 'batch_size': 21, 'learning_rate_init': 0.012128310045406977, 'tol': 0.05495009124577071, 'validation_fraction': 0.5109243282487232, 'beta_1': 0.6386526636621762, 'beta_2': 0.9680361420001229, 'epsilon': 8.685587868101075e-07}]
function_evaluation time 0.096134 value -0.950000 suggestion {'hidden_layer_sizes': 191, 'alpha': 0.010368023725018261, 'batch_size': 21, 'learning_rate_init': 0.012128310045406977, 'tol': 0.05495009124577071, 'validation_fraction': 0.5109243282487232, 'beta_1': 0.6386526636621762, 'beta_2': 0.9680361420001229, 'epsilon': 8.685587868101075e-07}
observation time 0.001810, current best -0.950000 at iter 6
suggestion time taken 0.006999 iter 7 next_points [{'hidden_layer_sizes': 191, 'alpha': 0.010368023725018261, 'batch_size': 27, 'learning_rate_init': 0.012128310045406977, 'tol': 0.025048479019992898, 'validation_fraction': 0.5109243282487232, 'beta_1': 0.6386526636621762, 'beta_2': 0.9680361420001229, 'epsilon': 7.426506486723761e-07}]
function_evaluation time 0.070427 value -0.958333 suggestion {'hidden_layer_sizes': 191, 'alpha': 0.010368023725018261, 'batch_size': 27, 'learning_rate_init': 0.012128310045406977, 'tol': 0.025048479019992898, 'validation_fraction': 0.5109243282487232, 'beta_1': 0.6386526636621762, 'beta_2': 0.9680361420001229, 'epsilon': 7.426506486723761e-07}
observation time 0.001881, current best -0.958333 at iter 7
suggestion time taken 0.005275 iter 8 next_points [{'hidden_layer_sizes': 143, 'alpha': 0.17908266977082848, 'batch_size': 57, 'learning_rate_init': 0.008920386517790414, 'tol': 0.006726699685280103, 'validation_fraction': 0.8819928925617012, 'beta_1': 0.7777887781909072, 'beta_2': 0.9034446352275735, 'epsilon': 8.727905575217344e-07}]
/home/ryedida/.local/lib/python3.9/site-packages/sklearn/neural_network/_multilayer_perceptron.py:605: UserWarning: Got `batch_size` less than 1 or larger than sample size. It is going to be clipped
  warnings.warn(

function_evaluation time 0.075511 value -0.900000 suggestion {'hidden_layer_sizes': 143, 'alpha': 0.17908266977082848, 'batch_size': 57, 'learning_rate_init': 0.008920386517790414, 'tol': 0.006726699685280103, 'validation_fraction': 0.8819928925617012, 'beta_1': 0.7777887781909072, 'beta_2': 0.9034446352275735, 'epsilon': 8.727905575217344e-07}
observation time 0.001811, current best -0.958333 at iter 8
suggestion time taken 0.006650 iter 9 next_points [{'hidden_layer_sizes': 191, 'alpha': 0.010368023725018261, 'batch_size': 38, 'learning_rate_init': 0.012128310045406977, 'tol': 0.025048479019992898, 'validation_fraction': 0.5109243282487232, 'beta_1': 0.6386526636621762, 'beta_2': 0.9420559192249156, 'epsilon': 7.426506486723761e-07}]
function_evaluation time 0.084899 value -0.950000 suggestion {'hidden_layer_sizes': 191, 'alpha': 0.010368023725018261, 'batch_size': 38, 'learning_rate_init': 0.012128310045406977, 'tol': 0.025048479019992898, 'validation_fraction': 0.5109243282487232, 'beta_1': 0.6386526636621762, 'beta_2': 0.9420559192249156, 'epsilon': 7.426506486723761e-07}
observation time 0.002136, current best -0.958333 at iter 9
suggestion time taken 0.007205 iter 10 next_points [{'hidden_layer_sizes': 191, 'alpha': 0.010368023725018261, 'batch_size': 27, 'learning_rate_init': 0.09220558333415833, 'tol': 0.025048479019992898, 'validation_fraction': 0.5109243282487232, 'beta_1': 0.6493032937659946, 'beta_2': 0.9680361420001229, 'epsilon': 7.426506486723761e-07}]
function_evaluation time 0.099193 value -0.950000 suggestion {'hidden_layer_sizes': 191, 'alpha': 0.010368023725018261, 'batch_size': 27, 'learning_rate_init': 0.09220558333415833, 'tol': 0.025048479019992898, 'validation_fraction': 0.5109243282487232, 'beta_1': 0.6493032937659946, 'beta_2': 0.9680361420001229, 'epsilon': 7.426506486723761e-07}
observation time 0.001829, current best -0.958333 at iter 10
suggestion time taken 0.005164 iter 11 next_points [{'hidden_layer_sizes': 138, 'alpha': 0.15945921789213519, 'batch_size': 150, 'learning_rate_init': 0.048670720925850945, 'tol': 0.06677994988060713, 'validation_fraction': 0.3816826079678809, 'beta_1': 0.9672500955762386, 'beta_2': 0.9439445229154984, 'epsilon': 1.7740998639656402e-07}]
/home/ryedida/.local/lib/python3.9/site-packages/sklearn/neural_network/_multilayer_perceptron.py:605: UserWarning: Got `batch_size` less than 1 or larger than sample size. It is going to be clipped
  warnings.warn(

function_evaluation time 0.067842 value -0.950000 suggestion {'hidden_layer_sizes': 138, 'alpha': 0.15945921789213519, 'batch_size': 150, 'learning_rate_init': 0.048670720925850945, 'tol': 0.06677994988060713, 'validation_fraction': 0.3816826079678809, 'beta_1': 0.9672500955762386, 'beta_2': 0.9439445229154984, 'epsilon': 1.7740998639656402e-07}
observation time 0.001842, current best -0.958333 at iter 11
suggestion time taken 0.006678 iter 12 next_points [{'hidden_layer_sizes': 134, 'alpha': 0.010368023725018261, 'batch_size': 27, 'learning_rate_init': 0.012128310045406977, 'tol': 0.025048479019992898, 'validation_fraction': 0.5109243282487232, 'beta_1': 0.9836569294727511, 'beta_2': 0.9680361420001229, 'epsilon': 7.426506486723761e-07}]
function_evaluation time 0.086419 value -0.958333 suggestion {'hidden_layer_sizes': 134, 'alpha': 0.010368023725018261, 'batch_size': 27, 'learning_rate_init': 0.012128310045406977, 'tol': 0.025048479019992898, 'validation_fraction': 0.5109243282487232, 'beta_1': 0.9836569294727511, 'beta_2': 0.9680361420001229, 'epsilon': 7.426506486723761e-07}
observation time 0.001958, current best -0.958333 at iter 12
suggestion time taken 0.005929 iter 13 next_points [{'hidden_layer_sizes': 192, 'alpha': 0.5952083640473839, 'batch_size': 112, 'learning_rate_init': 0.07787393869453589, 'tol': 0.0398241311830369, 'validation_fraction': 0.7984625920959563, 'beta_1': 0.5376130601275304, 'beta_2': 0.9262371687158412, 'epsilon': 6.087857845898648e-07}]
/home/ryedida/.local/lib/python3.9/site-packages/sklearn/neural_network/_multilayer_perceptron.py:605: UserWarning: Got `batch_size` less than 1 or larger than sample size. It is going to be clipped
  warnings.warn(

function_evaluation time 0.062870 value -0.908333 suggestion {'hidden_layer_sizes': 192, 'alpha': 0.5952083640473839, 'batch_size': 112, 'learning_rate_init': 0.07787393869453589, 'tol': 0.0398241311830369, 'validation_fraction': 0.7984625920959563, 'beta_1': 0.5376130601275304, 'beta_2': 0.9262371687158412, 'epsilon': 6.087857845898648e-07}
observation time 0.001858, current best -0.958333 at iter 13
suggestion time taken 0.005032 iter 14 next_points [{'hidden_layer_sizes': 168, 'alpha': 0.18331959589443086, 'batch_size': 10, 'learning_rate_init': 0.08414191497762051, 'tol': 0.023265921864703266, 'validation_fraction': 0.5533562384315126, 'beta_1': 0.8993037845305059, 'beta_2': 0.9658621020734421, 'epsilon': 9.802849831047335e-07}]
function_evaluation time 0.114902 value -0.950000 suggestion {'hidden_layer_sizes': 168, 'alpha': 0.18331959589443086, 'batch_size': 10, 'learning_rate_init': 0.08414191497762051, 'tol': 0.023265921864703266, 'validation_fraction': 0.5533562384315126, 'beta_1': 0.8993037845305059, 'beta_2': 0.9658621020734421, 'epsilon': 9.802849831047335e-07}
observation time 0.001857, current best -0.958333 at iter 14
saving meta data: {'args': {'--uuid': '2cccd2e2463a5365b99b44750235c8bb', '-db-root': '/home/ryedida/bbo_challenge_starter_kit/output', '--opt-root': '/home/ryedida/bbo_challenge_starter_kit/example_submissions', '--data-root': None, '--db': 'run_20230501_004050', '--opt': 'opentuner', '--data': 'iris', '--classifier': 'MLP-adam', '--metric': 'acc', '--calls': 15, '--suggestions': 1, '--jobs-file': None, '--verbose': False, 'dry_run': False, 'rev': 'a376313', 'opt_rev': '0.8.8'}, 'signature': ([{'alpha': 0.019628224813442792, 'batch_size': 182, 'beta_1': 0.9410202200271762, 'beta_2': 0.9998021557676793, 'epsilon': 1.8662266976518e-08, 'hidden_layer_sizes': 147, 'learning_rate_init': 0.0005627932047415167, 'tol': 0.03690557729213761, 'validation_fraction': 0.8846827852548593}, {'alpha': 0.0019982467392329444, 'batch_size': 200, 'beta_1': 0.919111482530466, 'beta_2': 0.9998488260436156, 'epsilon': 5.981221901152555e-07, 'hidden_layer_sizes': 61, 'learning_rate_init': 2.2310905607443014e-05, 'tol': 1.2046852412030316e-05, 'validation_fraction': 0.8117896445826539}, {'alpha': 0.46659545670218433, 'batch_size': 219, 'beta_1': 0.9889789783750891, 'beta_2': 0.9999896868093284, 'epsilon': 2.4234724484675948e-08, 'hidden_layer_sizes': 167, 'learning_rate_init': 2.972334644335654e-05, 'tol': 0.0036281404040243792, 'validation_fraction': 0.17260651658522078}, {'alpha': 4.656005689076002, 'batch_size': 135, 'beta_1': 0.870503881627747, 'beta_2': 0.9948873266941017, 'epsilon': 2.1023308743480125e-07, 'hidden_layer_sizes': 118, 'learning_rate_init': 0.0018781738757161913, 'tol': 1.1889379831773004e-05, 'validation_fraction': 0.6264327093752792}, {'alpha': 0.04705159350400542, 'batch_size': 158, 'beta_1': 0.9870884262730957, 'beta_2': 0.9999596874382349, 'epsilon': 1.1981845126013875e-08, 'hidden_layer_sizes': 116, 'learning_rate_init': 0.00617340520407431, 'tol': 1.741413418158619e-05, 'validation_fraction': 0.6754299026638921}], [-0.41666666666666663, -0.275, -0.3416666666666667, -0.725, -0.875])}
saving results
saving timing
saving suggest log
done
