running: {'--uuid': '790256d7939c57888da7358f9c07d541', '-db-root': '/home/ryedida/bbo_challenge_starter_kit/output', '--opt-root': '/home/ryedida/bbo_challenge_starter_kit/example_submissions', '--data-root': None, '--db': 'run_20230501_004050', '--opt': 'hyperopt', '--data': 'iris', '--classifier': 'MLP-adam', '--metric': 'nll', '--calls': 15, '--suggestions': 1, '--jobs-file': None, '--verbose': False, 'dry_run': False, 'rev': 'a376313', 'opt_rev': '0.2.7'}
cmd: python hyperopt/optimizer.py -c MLP-adam -d iris -o hyperopt -u 790256d7939c57888da7358f9c07d541 -m nll -n 15 -p 1 -dir /home/ryedida/bbo_challenge_starter_kit/output -b run_20230501_004050
/home/ryedida/.local/lib/python3.9/site-packages/sklearn/neural_network/_multilayer_perceptron.py:605: UserWarning: Got `batch_size` less than 1 or larger than sample size. It is going to be clipped
  warnings.warn(

/home/ryedida/.local/lib/python3.9/site-packages/sklearn/neural_network/_multilayer_perceptron.py:605: UserWarning: Got `batch_size` less than 1 or larger than sample size. It is going to be clipped
  warnings.warn(

/home/ryedida/.local/lib/python3.9/site-packages/sklearn/neural_network/_multilayer_perceptron.py:605: UserWarning: Got `batch_size` less than 1 or larger than sample size. It is going to be clipped
  warnings.warn(

/home/ryedida/.local/lib/python3.9/site-packages/sklearn/neural_network/_multilayer_perceptron.py:605: UserWarning: Got `batch_size` less than 1 or larger than sample size. It is going to be clipped
  warnings.warn(

/home/ryedida/.local/lib/python3.9/site-packages/sklearn/neural_network/_multilayer_perceptron.py:605: UserWarning: Got `batch_size` less than 1 or larger than sample size. It is going to be clipped
  warnings.warn(

computed signature: ([{'alpha': 0.019628224813442792, 'batch_size': 182, 'beta_1': 0.9410202200271762, 'beta_2': 0.9998021557676793, 'epsilon': 1.8662266976518e-08, 'hidden_layer_sizes': 147, 'learning_rate_init': 0.0005627932047415167, 'tol': 0.03690557729213761, 'validation_fraction': 0.8846827852548593}, {'alpha': 0.0019982467392329444, 'batch_size': 200, 'beta_1': 0.919111482530466, 'beta_2': 0.9998488260436156, 'epsilon': 5.981221901152555e-07, 'hidden_layer_sizes': 61, 'learning_rate_init': 2.2310905607443014e-05, 'tol': 1.2046852412030316e-05, 'validation_fraction': 0.8117896445826539}, {'alpha': 0.46659545670218433, 'batch_size': 219, 'beta_1': 0.9889789783750891, 'beta_2': 0.9999896868093284, 'epsilon': 2.4234724484675948e-08, 'hidden_layer_sizes': 167, 'learning_rate_init': 2.972334644335654e-05, 'tol': 0.0036281404040243792, 'validation_fraction': 0.17260651658522078}, {'alpha': 4.656005689076002, 'batch_size': 135, 'beta_1': 0.870503881627747, 'beta_2': 0.9948873266941017, 'epsilon': 2.1023308743480125e-07, 'hidden_layer_sizes': 118, 'learning_rate_init': 0.0018781738757161913, 'tol': 1.1889379831773004e-05, 'validation_fraction': 0.6264327093752792}, {'alpha': 0.04705159350400542, 'batch_size': 158, 'beta_1': 0.9870884262730957, 'beta_2': 0.9999596874382349, 'epsilon': 1.1981845126013875e-08, 'hidden_layer_sizes': 116, 'learning_rate_init': 0.00617340520407431, 'tol': 1.741413418158619e-05, 'validation_fraction': 0.6754299026638921}], [1.3105719841770722, 1.7760947732249062, 1.4322107566090756, 0.9097804858215804, 0.5745987066718419])
/home/ryedida/.local/lib/python3.9/site-packages/bayesmark/signatures.py:85: RuntimeWarning: Signature diverged on MLP-adam_iris_nll betwen [1.31057198 1.56976556 1.25224472 0.90978049 0.39813052] and [1.32439241 1.77609477 1.43221076 0.9966468  0.57459871]
  warnings.warn(

Signature errors:
                         0         1         2         3         4       max
MLP-adam_iris_nll  0.01382  0.206329  0.179966  0.086866  0.176468  0.206329
max                0.01382  0.206329  0.179966  0.086866  0.176468  0.206329
starting sklearn study hyperopt MLP-adam iris nll 15 1
with data root: None
suggestion time taken 0.002592 iter 0 next_points [{'alpha': 9.925083510472398e-05, 'batch_size': 221, 'beta_1': 0.5288332722569855, 'beta_2': 0.934089125359763, 'epsilon': 1.7744852325522453e-07, 'hidden_layer_sizes': 53, 'learning_rate_init': 5.620690517524848e-05, 'tol': 0.0009095523198299016, 'validation_fraction': 0.19357032067845678}]
/home/ryedida/.local/lib/python3.9/site-packages/sklearn/neural_network/_multilayer_perceptron.py:605: UserWarning: Got `batch_size` less than 1 or larger than sample size. It is going to be clipped
  warnings.warn(

function_evaluation time 0.043444 value 1.355881 suggestion {'alpha': 9.925083510472398e-05, 'batch_size': 221, 'beta_1': 0.5288332722569855, 'beta_2': 0.934089125359763, 'epsilon': 1.7744852325522453e-07, 'hidden_layer_sizes': 53, 'learning_rate_init': 5.620690517524848e-05, 'tol': 0.0009095523198299016, 'validation_fraction': 0.19357032067845678}
observation time 0.000070, current best 1.355881 at iter 0
suggestion time taken 0.002352 iter 1 next_points [{'alpha': 0.00022562103343854153, 'batch_size': 110, 'beta_1': 0.609374265760705, 'beta_2': 0.9610515700540124, 'epsilon': 5.757517154013698e-09, 'hidden_layer_sizes': 110, 'learning_rate_init': 0.03634293261511758, 'tol': 0.005850643434633068, 'validation_fraction': 0.1911886528253689}]
/home/ryedida/.local/lib/python3.9/site-packages/sklearn/neural_network/_multilayer_perceptron.py:605: UserWarning: Got `batch_size` less than 1 or larger than sample size. It is going to be clipped
  warnings.warn(

function_evaluation time 0.067947 value 0.416657 suggestion {'alpha': 0.00022562103343854153, 'batch_size': 110, 'beta_1': 0.609374265760705, 'beta_2': 0.9610515700540124, 'epsilon': 5.757517154013698e-09, 'hidden_layer_sizes': 110, 'learning_rate_init': 0.03634293261511758, 'tol': 0.005850643434633068, 'validation_fraction': 0.1911886528253689}
observation time 0.000070, current best 0.416657 at iter 1
suggestion time taken 0.002330 iter 2 next_points [{'alpha': 0.00013835651667906226, 'batch_size': 195, 'beta_1': 0.7138933740225462, 'beta_2': 0.9436213090863427, 'epsilon': 1.979067868786565e-09, 'hidden_layer_sizes': 193, 'learning_rate_init': 1.1856182561707313e-05, 'tol': 6.181117950795381e-05, 'validation_fraction': 0.22656718694179884}]
/home/ryedida/.local/lib/python3.9/site-packages/sklearn/neural_network/_multilayer_perceptron.py:605: UserWarning: Got `batch_size` less than 1 or larger than sample size. It is going to be clipped
  warnings.warn(

function_evaluation time 0.049341 value 1.255162 suggestion {'alpha': 0.00013835651667906226, 'batch_size': 195, 'beta_1': 0.7138933740225462, 'beta_2': 0.9436213090863427, 'epsilon': 1.979067868786565e-09, 'hidden_layer_sizes': 193, 'learning_rate_init': 1.1856182561707313e-05, 'tol': 6.181117950795381e-05, 'validation_fraction': 0.22656718694179884}
observation time 0.000072, current best 0.416657 at iter 2
suggestion time taken 0.002173 iter 3 next_points [{'alpha': 0.00010240881212176311, 'batch_size': 53, 'beta_1': 0.823173734383724, 'beta_2': 0.9657079010573196, 'epsilon': 5.259079769539456e-09, 'hidden_layer_sizes': 107, 'learning_rate_init': 0.00012798079209841844, 'tol': 0.0012977018085579997, 'validation_fraction': 0.4927136748007258}]
function_evaluation time 0.047311 value 1.314174 suggestion {'alpha': 0.00010240881212176311, 'batch_size': 53, 'beta_1': 0.823173734383724, 'beta_2': 0.9657079010573196, 'epsilon': 5.259079769539456e-09, 'hidden_layer_sizes': 107, 'learning_rate_init': 0.00012798079209841844, 'tol': 0.0012977018085579997, 'validation_fraction': 0.4927136748007258}
observation time 0.000070, current best 0.416657 at iter 3
suggestion time taken 0.002238 iter 4 next_points [{'alpha': 0.1332820571700471, 'batch_size': 87, 'beta_1': 0.8295468789439356, 'beta_2': 0.9373825833485755, 'epsilon': 1.0098064356805293e-07, 'hidden_layer_sizes': 136, 'learning_rate_init': 0.0008162231282873862, 'tol': 0.0004159495603441044, 'validation_fraction': 0.4653578368261158}]
/home/ryedida/.local/lib/python3.9/site-packages/sklearn/neural_network/_multilayer_perceptron.py:605: UserWarning: Got `batch_size` less than 1 or larger than sample size. It is going to be clipped
  warnings.warn(

function_evaluation time 0.071154 value 0.970649 suggestion {'alpha': 0.1332820571700471, 'batch_size': 87, 'beta_1': 0.8295468789439356, 'beta_2': 0.9373825833485755, 'epsilon': 1.0098064356805293e-07, 'hidden_layer_sizes': 136, 'learning_rate_init': 0.0008162231282873862, 'tol': 0.0004159495603441044, 'validation_fraction': 0.4653578368261158}
observation time 0.000066, current best 0.416657 at iter 4
suggestion time taken 0.002393 iter 5 next_points [{'alpha': 1.691612011868447e-05, 'batch_size': 178, 'beta_1': 0.6793398750187838, 'beta_2': 0.9138355770798483, 'epsilon': 6.224766350290186e-08, 'hidden_layer_sizes': 79, 'learning_rate_init': 1.959558528111412e-05, 'tol': 0.005021305826400878, 'validation_fraction': 0.3199900724453538}]
/home/ryedida/.local/lib/python3.9/site-packages/sklearn/neural_network/_multilayer_perceptron.py:605: UserWarning: Got `batch_size` less than 1 or larger than sample size. It is going to be clipped
  warnings.warn(

function_evaluation time 0.042704 value 1.809079 suggestion {'alpha': 1.691612011868447e-05, 'batch_size': 178, 'beta_1': 0.6793398750187838, 'beta_2': 0.9138355770798483, 'epsilon': 6.224766350290186e-08, 'hidden_layer_sizes': 79, 'learning_rate_init': 1.959558528111412e-05, 'tol': 0.005021305826400878, 'validation_fraction': 0.3199900724453538}
observation time 0.000074, current best 0.416657 at iter 5
suggestion time taken 0.002174 iter 6 next_points [{'alpha': 0.017170550780915818, 'batch_size': 130, 'beta_1': 0.8460891638937693, 'beta_2': 0.9105679857631144, 'epsilon': 4.556151370433947e-08, 'hidden_layer_sizes': 170, 'learning_rate_init': 0.08940322112185897, 'tol': 0.00017212989820475423, 'validation_fraction': 0.8937929684009912}]
/home/ryedida/.local/lib/python3.9/site-packages/sklearn/neural_network/_multilayer_perceptron.py:605: UserWarning: Got `batch_size` less than 1 or larger than sample size. It is going to be clipped
  warnings.warn(

function_evaluation time 0.094990 value 0.284996 suggestion {'alpha': 0.017170550780915818, 'batch_size': 130, 'beta_1': 0.8460891638937693, 'beta_2': 0.9105679857631144, 'epsilon': 4.556151370433947e-08, 'hidden_layer_sizes': 170, 'learning_rate_init': 0.08940322112185897, 'tol': 0.00017212989820475423, 'validation_fraction': 0.8937929684009912}
observation time 0.000072, current best 0.284996 at iter 6
suggestion time taken 0.002458 iter 7 next_points [{'alpha': 0.07734703788636632, 'batch_size': 172, 'beta_1': 0.5148743054674406, 'beta_2': 0.966140372259208, 'epsilon': 9.376012889249008e-08, 'hidden_layer_sizes': 139, 'learning_rate_init': 9.525314020068558e-05, 'tol': 0.0004630725523355705, 'validation_fraction': 0.12118670487271985}]
/home/ryedida/.local/lib/python3.9/site-packages/sklearn/neural_network/_multilayer_perceptron.py:605: UserWarning: Got `batch_size` less than 1 or larger than sample size. It is going to be clipped
  warnings.warn(

function_evaluation time 0.047044 value 1.252300 suggestion {'alpha': 0.07734703788636632, 'batch_size': 172, 'beta_1': 0.5148743054674406, 'beta_2': 0.966140372259208, 'epsilon': 9.376012889249008e-08, 'hidden_layer_sizes': 139, 'learning_rate_init': 9.525314020068558e-05, 'tol': 0.0004630725523355705, 'validation_fraction': 0.12118670487271985}
observation time 0.000070, current best 0.284996 at iter 7
suggestion time taken 0.002076 iter 8 next_points [{'alpha': 0.0020156817021729214, 'batch_size': 108, 'beta_1': 0.890627675178276, 'beta_2': 0.9465844550011271, 'epsilon': 6.47621098225115e-07, 'hidden_layer_sizes': 69, 'learning_rate_init': 0.06551429731478256, 'tol': 1.3782675084582245e-05, 'validation_fraction': 0.2927588833197792}]
/home/ryedida/.local/lib/python3.9/site-packages/sklearn/neural_network/_multilayer_perceptron.py:605: UserWarning: Got `batch_size` less than 1 or larger than sample size. It is going to be clipped
  warnings.warn(

function_evaluation time 0.074845 value 0.380556 suggestion {'alpha': 0.0020156817021729214, 'batch_size': 108, 'beta_1': 0.890627675178276, 'beta_2': 0.9465844550011271, 'epsilon': 6.47621098225115e-07, 'hidden_layer_sizes': 69, 'learning_rate_init': 0.06551429731478256, 'tol': 1.3782675084582245e-05, 'validation_fraction': 0.2927588833197792}
observation time 0.000071, current best 0.284996 at iter 8
suggestion time taken 0.002087 iter 9 next_points [{'alpha': 2.316360775461383e-05, 'batch_size': 103, 'beta_1': 0.6160260649594799, 'beta_2': 0.9667606208805365, 'epsilon': 9.913748920517755e-09, 'hidden_layer_sizes': 130, 'learning_rate_init': 0.030962412537476756, 'tol': 0.0015441798294132446, 'validation_fraction': 0.7470684804075965}]
/home/ryedida/.local/lib/python3.9/site-packages/sklearn/neural_network/_multilayer_perceptron.py:605: UserWarning: Got `batch_size` less than 1 or larger than sample size. It is going to be clipped
  warnings.warn(

function_evaluation time 0.074426 value 0.349120 suggestion {'alpha': 2.316360775461383e-05, 'batch_size': 103, 'beta_1': 0.6160260649594799, 'beta_2': 0.9667606208805365, 'epsilon': 9.913748920517755e-09, 'hidden_layer_sizes': 130, 'learning_rate_init': 0.030962412537476756, 'tol': 0.0015441798294132446, 'validation_fraction': 0.7470684804075965}
observation time 0.000081, current best 0.284996 at iter 9
suggestion time taken 0.002355 iter 10 next_points [{'alpha': 4.352493925004255, 'batch_size': 186, 'beta_1': 0.5743222031850242, 'beta_2': 0.9361987057618014, 'epsilon': 1.779561196982635e-07, 'hidden_layer_sizes': 84, 'learning_rate_init': 0.009021629883775528, 'tol': 0.0001196268711942939, 'validation_fraction': 0.11719204301205378}]
/home/ryedida/.local/lib/python3.9/site-packages/sklearn/neural_network/_multilayer_perceptron.py:605: UserWarning: Got `batch_size` less than 1 or larger than sample size. It is going to be clipped
  warnings.warn(

function_evaluation time 0.070849 value 0.535848 suggestion {'alpha': 4.352493925004255, 'batch_size': 186, 'beta_1': 0.5743222031850242, 'beta_2': 0.9361987057618014, 'epsilon': 1.779561196982635e-07, 'hidden_layer_sizes': 84, 'learning_rate_init': 0.009021629883775528, 'tol': 0.0001196268711942939, 'validation_fraction': 0.11719204301205378}
observation time 0.000086, current best 0.284996 at iter 10
suggestion time taken 0.002125 iter 11 next_points [{'alpha': 0.08873003072662052, 'batch_size': 128, 'beta_1': 0.5690047773753798, 'beta_2': 0.970079264817399, 'epsilon': 3.429935127581349e-09, 'hidden_layer_sizes': 82, 'learning_rate_init': 0.03811510717715187, 'tol': 4.871927533473335e-05, 'validation_fraction': 0.5972625182948114}]
/home/ryedida/.local/lib/python3.9/site-packages/sklearn/neural_network/_multilayer_perceptron.py:605: UserWarning: Got `batch_size` less than 1 or larger than sample size. It is going to be clipped
  warnings.warn(

function_evaluation time 0.080402 value 0.276193 suggestion {'alpha': 0.08873003072662052, 'batch_size': 128, 'beta_1': 0.5690047773753798, 'beta_2': 0.970079264817399, 'epsilon': 3.429935127581349e-09, 'hidden_layer_sizes': 82, 'learning_rate_init': 0.03811510717715187, 'tol': 4.871927533473335e-05, 'validation_fraction': 0.5972625182948114}
observation time 0.000074, current best 0.276193 at iter 11
suggestion time taken 0.002120 iter 12 next_points [{'alpha': 0.0032563601185213106, 'batch_size': 70, 'beta_1': 0.656344531616201, 'beta_2': 0.9951843180776553, 'epsilon': 2.109965390559479e-09, 'hidden_layer_sizes': 56, 'learning_rate_init': 0.027284997062394734, 'tol': 0.0003327030064956481, 'validation_fraction': 0.14233327194108666}]
function_evaluation time 0.077294 value 0.380985 suggestion {'alpha': 0.0032563601185213106, 'batch_size': 70, 'beta_1': 0.656344531616201, 'beta_2': 0.9951843180776553, 'epsilon': 2.109965390559479e-09, 'hidden_layer_sizes': 56, 'learning_rate_init': 0.027284997062394734, 'tol': 0.0003327030064956481, 'validation_fraction': 0.14233327194108666}
observation time 0.000077, current best 0.276193 at iter 12
suggestion time taken 0.002181 iter 13 next_points [{'alpha': 0.04866273209031803, 'batch_size': 111, 'beta_1': 0.8552743959726887, 'beta_2': 0.9716971089561461, 'epsilon': 4.968427075389748e-09, 'hidden_layer_sizes': 68, 'learning_rate_init': 0.00011903757027577595, 'tol': 9.372981820196374e-05, 'validation_fraction': 0.12682516279415054}]
/home/ryedida/.local/lib/python3.9/site-packages/sklearn/neural_network/_multilayer_perceptron.py:605: UserWarning: Got `batch_size` less than 1 or larger than sample size. It is going to be clipped
  warnings.warn(

function_evaluation time 0.042177 value 1.541196 suggestion {'alpha': 0.04866273209031803, 'batch_size': 111, 'beta_1': 0.8552743959726887, 'beta_2': 0.9716971089561461, 'epsilon': 4.968427075389748e-09, 'hidden_layer_sizes': 68, 'learning_rate_init': 0.00011903757027577595, 'tol': 9.372981820196374e-05, 'validation_fraction': 0.12682516279415054}
observation time 0.000073, current best 0.276193 at iter 13
suggestion time taken 0.002123 iter 14 next_points [{'alpha': 0.005307472755710737, 'batch_size': 102, 'beta_1': 0.9545231129079271, 'beta_2': 0.9264396504442688, 'epsilon': 7.308490732520548e-07, 'hidden_layer_sizes': 160, 'learning_rate_init': 7.509252510991606e-05, 'tol': 1.1417786013483107e-05, 'validation_fraction': 0.7247158200309567}]
/home/ryedida/.local/lib/python3.9/site-packages/sklearn/neural_network/_multilayer_perceptron.py:605: UserWarning: Got `batch_size` less than 1 or larger than sample size. It is going to be clipped
  warnings.warn(

function_evaluation time 0.043586 value 1.418610 suggestion {'alpha': 0.005307472755710737, 'batch_size': 102, 'beta_1': 0.9545231129079271, 'beta_2': 0.9264396504442688, 'epsilon': 7.308490732520548e-07, 'hidden_layer_sizes': 160, 'learning_rate_init': 7.509252510991606e-05, 'tol': 1.1417786013483107e-05, 'validation_fraction': 0.7247158200309567}
observation time 0.000074, current best 0.276193 at iter 14
saving meta data: {'args': {'--uuid': '790256d7939c57888da7358f9c07d541', '-db-root': '/home/ryedida/bbo_challenge_starter_kit/output', '--opt-root': '/home/ryedida/bbo_challenge_starter_kit/example_submissions', '--data-root': None, '--db': 'run_20230501_004050', '--opt': 'hyperopt', '--data': 'iris', '--classifier': 'MLP-adam', '--metric': 'nll', '--calls': 15, '--suggestions': 1, '--jobs-file': None, '--verbose': False, 'dry_run': False, 'rev': 'a376313', 'opt_rev': '0.2.7'}, 'signature': ([{'alpha': 0.019628224813442792, 'batch_size': 182, 'beta_1': 0.9410202200271762, 'beta_2': 0.9998021557676793, 'epsilon': 1.8662266976518e-08, 'hidden_layer_sizes': 147, 'learning_rate_init': 0.0005627932047415167, 'tol': 0.03690557729213761, 'validation_fraction': 0.8846827852548593}, {'alpha': 0.0019982467392329444, 'batch_size': 200, 'beta_1': 0.919111482530466, 'beta_2': 0.9998488260436156, 'epsilon': 5.981221901152555e-07, 'hidden_layer_sizes': 61, 'learning_rate_init': 2.2310905607443014e-05, 'tol': 1.2046852412030316e-05, 'validation_fraction': 0.8117896445826539}, {'alpha': 0.46659545670218433, 'batch_size': 219, 'beta_1': 0.9889789783750891, 'beta_2': 0.9999896868093284, 'epsilon': 2.4234724484675948e-08, 'hidden_layer_sizes': 167, 'learning_rate_init': 2.972334644335654e-05, 'tol': 0.0036281404040243792, 'validation_fraction': 0.17260651658522078}, {'alpha': 4.656005689076002, 'batch_size': 135, 'beta_1': 0.870503881627747, 'beta_2': 0.9948873266941017, 'epsilon': 2.1023308743480125e-07, 'hidden_layer_sizes': 118, 'learning_rate_init': 0.0018781738757161913, 'tol': 1.1889379831773004e-05, 'validation_fraction': 0.6264327093752792}, {'alpha': 0.04705159350400542, 'batch_size': 158, 'beta_1': 0.9870884262730957, 'beta_2': 0.9999596874382349, 'epsilon': 1.1981845126013875e-08, 'hidden_layer_sizes': 116, 'learning_rate_init': 0.00617340520407431, 'tol': 1.741413418158619e-05, 'validation_fraction': 0.6754299026638921}], [1.3105719841770722, 1.7760947732249062, 1.4322107566090756, 0.9097804858215804, 0.5745987066718419])}
saving results
saving timing
saving suggest log
done
