running: {'--uuid': 'ec186e252ba352ef85290ccd7fbe3b4e', '-db-root': '/home/ryedida/bbo_challenge_starter_kit/output', '--opt-root': '/home/ryedida/bbo_challenge_starter_kit/example_submissions', '--data-root': None, '--db': 'run_20230501_004050', '--opt': 'random-search', '--data': 'iris', '--classifier': 'MLP-adam', '--metric': 'acc', '--calls': 15, '--suggestions': 1, '--jobs-file': None, '--verbose': False, 'dry_run': False, 'rev': 'a376313', 'opt_rev': '0.0.8'}
cmd: python random-search/optimizer.py -c MLP-adam -d iris -o random-search -u ec186e252ba352ef85290ccd7fbe3b4e -m acc -n 15 -p 1 -dir /home/ryedida/bbo_challenge_starter_kit/output -b run_20230501_004050
/home/ryedida/.local/lib/python3.9/site-packages/sklearn/neural_network/_multilayer_perceptron.py:605: UserWarning: Got `batch_size` less than 1 or larger than sample size. It is going to be clipped
  warnings.warn(

/home/ryedida/.local/lib/python3.9/site-packages/sklearn/neural_network/_multilayer_perceptron.py:605: UserWarning: Got `batch_size` less than 1 or larger than sample size. It is going to be clipped
  warnings.warn(

/home/ryedida/.local/lib/python3.9/site-packages/sklearn/neural_network/_multilayer_perceptron.py:605: UserWarning: Got `batch_size` less than 1 or larger than sample size. It is going to be clipped
  warnings.warn(

/home/ryedida/.local/lib/python3.9/site-packages/sklearn/neural_network/_multilayer_perceptron.py:605: UserWarning: Got `batch_size` less than 1 or larger than sample size. It is going to be clipped
  warnings.warn(

/home/ryedida/.local/lib/python3.9/site-packages/sklearn/neural_network/_multilayer_perceptron.py:605: UserWarning: Got `batch_size` less than 1 or larger than sample size. It is going to be clipped
  warnings.warn(

computed signature: ([{'alpha': 0.019628224813442792, 'batch_size': 182, 'beta_1': 0.9410202200271762, 'beta_2': 0.9998021557676793, 'epsilon': 1.8662266976518e-08, 'hidden_layer_sizes': 147, 'learning_rate_init': 0.0005627932047415167, 'tol': 0.03690557729213761, 'validation_fraction': 0.8846827852548593}, {'alpha': 0.0019982467392329444, 'batch_size': 200, 'beta_1': 0.919111482530466, 'beta_2': 0.9998488260436156, 'epsilon': 5.981221901152555e-07, 'hidden_layer_sizes': 61, 'learning_rate_init': 2.2310905607443014e-05, 'tol': 1.2046852412030316e-05, 'validation_fraction': 0.8117896445826539}, {'alpha': 0.46659545670218433, 'batch_size': 219, 'beta_1': 0.9889789783750891, 'beta_2': 0.9999896868093284, 'epsilon': 2.4234724484675948e-08, 'hidden_layer_sizes': 167, 'learning_rate_init': 2.972334644335654e-05, 'tol': 0.0036281404040243792, 'validation_fraction': 0.17260651658522078}, {'alpha': 4.656005689076002, 'batch_size': 135, 'beta_1': 0.870503881627747, 'beta_2': 0.9948873266941017, 'epsilon': 2.1023308743480125e-07, 'hidden_layer_sizes': 118, 'learning_rate_init': 0.0018781738757161913, 'tol': 1.1889379831773004e-05, 'validation_fraction': 0.6264327093752792}, {'alpha': 0.04705159350400542, 'batch_size': 158, 'beta_1': 0.9870884262730957, 'beta_2': 0.9999596874382349, 'epsilon': 1.1981845126013875e-08, 'hidden_layer_sizes': 116, 'learning_rate_init': 0.00617340520407431, 'tol': 1.741413418158619e-05, 'validation_fraction': 0.6754299026638921}], [-0.41666666666666663, -0.275, -0.3416666666666667, -0.725, -0.875])
/home/ryedida/.local/lib/python3.9/site-packages/bayesmark/signatures.py:85: RuntimeWarning: Signature diverged on MLP-adam_iris_acc betwen [-0.52290909 -0.27918182 -0.34166667 -0.725      -0.91715152] and [-0.41666667 -0.275      -0.26133333 -0.68915152 -0.875     ]
  warnings.warn(

Signature errors:
                          0         1         2         3         4       max
MLP-adam_iris_acc  0.106242  0.004182  0.080333  0.035848  0.042152  0.106242
max                0.106242  0.004182  0.080333  0.035848  0.042152  0.106242
starting sklearn study random-search MLP-adam iris acc 15 1
with data root: None
suggestion time taken 0.002593 iter 0 next_points [{'alpha': 0.000969461192035543, 'batch_size': 68, 'beta_1': 0.6893451198221089, 'beta_2': 0.9998816456403214, 'epsilon': 1.5169398767358146e-08, 'hidden_layer_sizes': 176, 'learning_rate_init': 0.00034070670787581664, 'tol': 0.008205256776875322, 'validation_fraction': 0.8883902821928558}]
/home/ryedida/.local/lib/python3.9/site-packages/sklearn/neural_network/_multilayer_perceptron.py:605: UserWarning: Got `batch_size` less than 1 or larger than sample size. It is going to be clipped
  warnings.warn(

function_evaluation time 0.058482 value -0.466667 suggestion {'alpha': 0.000969461192035543, 'batch_size': 68, 'beta_1': 0.6893451198221089, 'beta_2': 0.9998816456403214, 'epsilon': 1.5169398767358146e-08, 'hidden_layer_sizes': 176, 'learning_rate_init': 0.00034070670787581664, 'tol': 0.008205256776875322, 'validation_fraction': 0.8883902821928558}
observation time 0.000014, current best -0.466667 at iter 0
suggestion time taken 0.002499 iter 1 next_points [{'alpha': 1.5024299847428624e-05, 'batch_size': 166, 'beta_1': 0.976468532203882, 'beta_2': 0.9927957137644056, 'epsilon': 1.4112914463726331e-08, 'hidden_layer_sizes': 153, 'learning_rate_init': 0.0016923015779876148, 'tol': 7.50004109151778e-05, 'validation_fraction': 0.6100763936226774}]
/home/ryedida/.local/lib/python3.9/site-packages/sklearn/neural_network/_multilayer_perceptron.py:605: UserWarning: Got `batch_size` less than 1 or larger than sample size. It is going to be clipped
  warnings.warn(

function_evaluation time 0.092142 value -0.791667 suggestion {'alpha': 1.5024299847428624e-05, 'batch_size': 166, 'beta_1': 0.976468532203882, 'beta_2': 0.9927957137644056, 'epsilon': 1.4112914463726331e-08, 'hidden_layer_sizes': 153, 'learning_rate_init': 0.0016923015779876148, 'tol': 7.50004109151778e-05, 'validation_fraction': 0.6100763936226774}
observation time 0.000005, current best -0.791667 at iter 1
suggestion time taken 0.002483 iter 2 next_points [{'alpha': 0.006671672127136892, 'batch_size': 134, 'beta_1': 0.7731536094289472, 'beta_2': 0.999986108106454, 'epsilon': 3.70656372151453e-09, 'hidden_layer_sizes': 156, 'learning_rate_init': 0.00019830228270115572, 'tol': 3.0337037944607066e-05, 'validation_fraction': 0.46213449968392095}]
/home/ryedida/.local/lib/python3.9/site-packages/sklearn/neural_network/_multilayer_perceptron.py:605: UserWarning: Got `batch_size` less than 1 or larger than sample size. It is going to be clipped
  warnings.warn(

function_evaluation time 0.082185 value -0.308333 suggestion {'alpha': 0.006671672127136892, 'batch_size': 134, 'beta_1': 0.7731536094289472, 'beta_2': 0.999986108106454, 'epsilon': 3.70656372151453e-09, 'hidden_layer_sizes': 156, 'learning_rate_init': 0.00019830228270115572, 'tol': 3.0337037944607066e-05, 'validation_fraction': 0.46213449968392095}
observation time 0.000005, current best -0.791667 at iter 2
suggestion time taken 0.002731 iter 3 next_points [{'alpha': 2.139861532620969e-05, 'batch_size': 11, 'beta_1': 0.8104365023376465, 'beta_2': 0.9265268743537848, 'epsilon': 2.7475129647501698e-08, 'hidden_layer_sizes': 138, 'learning_rate_init': 0.01552945987072352, 'tol': 7.448909834599805e-05, 'validation_fraction': 0.42189423638494605}]
function_evaluation time 0.139536 value -0.950000 suggestion {'alpha': 2.139861532620969e-05, 'batch_size': 11, 'beta_1': 0.8104365023376465, 'beta_2': 0.9265268743537848, 'epsilon': 2.7475129647501698e-08, 'hidden_layer_sizes': 138, 'learning_rate_init': 0.01552945987072352, 'tol': 7.448909834599805e-05, 'validation_fraction': 0.42189423638494605}
observation time 0.000005, current best -0.950000 at iter 3
suggestion time taken 0.002497 iter 4 next_points [{'alpha': 0.06504325836502518, 'batch_size': 47, 'beta_1': 0.8900959559067693, 'beta_2': 0.9999926883754998, 'epsilon': 9.896624770407922e-08, 'hidden_layer_sizes': 186, 'learning_rate_init': 1.1101850363435635e-05, 'tol': 0.003807447370344406, 'validation_fraction': 0.6283731410847169}]
/home/ryedida/.local/lib/python3.9/site-packages/sklearn/neural_network/_multilayer_perceptron.py:605: UserWarning: Got `batch_size` less than 1 or larger than sample size. It is going to be clipped
  warnings.warn(

function_evaluation time 0.044241 value -0.333333 suggestion {'alpha': 0.06504325836502518, 'batch_size': 47, 'beta_1': 0.8900959559067693, 'beta_2': 0.9999926883754998, 'epsilon': 9.896624770407922e-08, 'hidden_layer_sizes': 186, 'learning_rate_init': 1.1101850363435635e-05, 'tol': 0.003807447370344406, 'validation_fraction': 0.6283731410847169}
observation time 0.000005, current best -0.950000 at iter 4
suggestion time taken 0.002483 iter 5 next_points [{'alpha': 0.0021426761626070195, 'batch_size': 177, 'beta_1': 0.9817484414141769, 'beta_2': 0.9999840845412462, 'epsilon': 4.1520808680516113e-08, 'hidden_layer_sizes': 82, 'learning_rate_init': 0.03395801183012892, 'tol': 0.00042714681939489183, 'validation_fraction': 0.2251188469952349}]
/home/ryedida/.local/lib/python3.9/site-packages/sklearn/neural_network/_multilayer_perceptron.py:605: UserWarning: Got `batch_size` less than 1 or larger than sample size. It is going to be clipped
  warnings.warn(

function_evaluation time 0.077585 value -0.933333 suggestion {'alpha': 0.0021426761626070195, 'batch_size': 177, 'beta_1': 0.9817484414141769, 'beta_2': 0.9999840845412462, 'epsilon': 4.1520808680516113e-08, 'hidden_layer_sizes': 82, 'learning_rate_init': 0.03395801183012892, 'tol': 0.00042714681939489183, 'validation_fraction': 0.2251188469952349}
observation time 0.000005, current best -0.950000 at iter 5
suggestion time taken 0.002491 iter 6 next_points [{'alpha': 0.0955926003463612, 'batch_size': 238, 'beta_1': 0.9276290868690434, 'beta_2': 0.9999730625224384, 'epsilon': 2.665236067645966e-07, 'hidden_layer_sizes': 157, 'learning_rate_init': 1.0439626425717233e-05, 'tol': 0.0462942698536178, 'validation_fraction': 0.8394017873483477}]
/home/ryedida/.local/lib/python3.9/site-packages/sklearn/neural_network/_multilayer_perceptron.py:605: UserWarning: Got `batch_size` less than 1 or larger than sample size. It is going to be clipped
  warnings.warn(

function_evaluation time 0.041720 value -0.333333 suggestion {'alpha': 0.0955926003463612, 'batch_size': 238, 'beta_1': 0.9276290868690434, 'beta_2': 0.9999730625224384, 'epsilon': 2.665236067645966e-07, 'hidden_layer_sizes': 157, 'learning_rate_init': 1.0439626425717233e-05, 'tol': 0.0462942698536178, 'validation_fraction': 0.8394017873483477}
observation time 0.000005, current best -0.950000 at iter 6
suggestion time taken 0.002449 iter 7 next_points [{'alpha': 0.04188769045922842, 'batch_size': 211, 'beta_1': 0.8710744252370919, 'beta_2': 0.9781246576584729, 'epsilon': 8.923679944413165e-09, 'hidden_layer_sizes': 175, 'learning_rate_init': 2.056465695561661e-05, 'tol': 0.0017856092528327422, 'validation_fraction': 0.8399394469971158}]
/home/ryedida/.local/lib/python3.9/site-packages/sklearn/neural_network/_multilayer_perceptron.py:605: UserWarning: Got `batch_size` less than 1 or larger than sample size. It is going to be clipped
  warnings.warn(

function_evaluation time 0.041880 value -0.275000 suggestion {'alpha': 0.04188769045922842, 'batch_size': 211, 'beta_1': 0.8710744252370919, 'beta_2': 0.9781246576584729, 'epsilon': 8.923679944413165e-09, 'hidden_layer_sizes': 175, 'learning_rate_init': 2.056465695561661e-05, 'tol': 0.0017856092528327422, 'validation_fraction': 0.8399394469971158}
observation time 0.000005, current best -0.950000 at iter 7
suggestion time taken 0.002460 iter 8 next_points [{'alpha': 1.5047005606231554, 'batch_size': 222, 'beta_1': 0.6732761627230203, 'beta_2': 0.99950782593249, 'epsilon': 1.5120336174590544e-07, 'hidden_layer_sizes': 93, 'learning_rate_init': 0.0003220247409660976, 'tol': 0.0003468481911151057, 'validation_fraction': 0.5560667261950046}]
/home/ryedida/.local/lib/python3.9/site-packages/sklearn/neural_network/_multilayer_perceptron.py:605: UserWarning: Got `batch_size` less than 1 or larger than sample size. It is going to be clipped
  warnings.warn(

function_evaluation time 0.041380 value -0.375000 suggestion {'alpha': 1.5047005606231554, 'batch_size': 222, 'beta_1': 0.6732761627230203, 'beta_2': 0.99950782593249, 'epsilon': 1.5120336174590544e-07, 'hidden_layer_sizes': 93, 'learning_rate_init': 0.0003220247409660976, 'tol': 0.0003468481911151057, 'validation_fraction': 0.5560667261950046}
observation time 0.000005, current best -0.950000 at iter 8
suggestion time taken 0.002564 iter 9 next_points [{'alpha': 1.0620780667653769, 'batch_size': 106, 'beta_1': 0.5507038752563013, 'beta_2': 0.9990618827439901, 'epsilon': 7.688441876043439e-07, 'hidden_layer_sizes': 97, 'learning_rate_init': 2.5029806731969795e-05, 'tol': 0.0005092243882457114, 'validation_fraction': 0.1650151737974162}]
/home/ryedida/.local/lib/python3.9/site-packages/sklearn/neural_network/_multilayer_perceptron.py:605: UserWarning: Got `batch_size` less than 1 or larger than sample size. It is going to be clipped
  warnings.warn(

function_evaluation time 0.041855 value -0.350000 suggestion {'alpha': 1.0620780667653769, 'batch_size': 106, 'beta_1': 0.5507038752563013, 'beta_2': 0.9990618827439901, 'epsilon': 7.688441876043439e-07, 'hidden_layer_sizes': 97, 'learning_rate_init': 2.5029806731969795e-05, 'tol': 0.0005092243882457114, 'validation_fraction': 0.1650151737974162}
observation time 0.000005, current best -0.950000 at iter 9
suggestion time taken 0.002564 iter 10 next_points [{'alpha': 4.162060325798335, 'batch_size': 170, 'beta_1': 0.9599237083012889, 'beta_2': 0.9994096649486733, 'epsilon': 4.378771388837566e-07, 'hidden_layer_sizes': 151, 'learning_rate_init': 2.9232746020279624e-05, 'tol': 0.0018410956965563112, 'validation_fraction': 0.5196970950546733}]
/home/ryedida/.local/lib/python3.9/site-packages/sklearn/neural_network/_multilayer_perceptron.py:605: UserWarning: Got `batch_size` less than 1 or larger than sample size. It is going to be clipped
  warnings.warn(

function_evaluation time 0.047516 value -0.333333 suggestion {'alpha': 4.162060325798335, 'batch_size': 170, 'beta_1': 0.9599237083012889, 'beta_2': 0.9994096649486733, 'epsilon': 4.378771388837566e-07, 'hidden_layer_sizes': 151, 'learning_rate_init': 2.9232746020279624e-05, 'tol': 0.0018410956965563112, 'validation_fraction': 0.5196970950546733}
observation time 0.000005, current best -0.950000 at iter 10
suggestion time taken 0.002506 iter 11 next_points [{'alpha': 0.08732395073912413, 'batch_size': 18, 'beta_1': 0.9321249373928963, 'beta_2': 0.9999839723968796, 'epsilon': 9.679544461646192e-08, 'hidden_layer_sizes': 72, 'learning_rate_init': 7.166472431331607e-05, 'tol': 0.055854338105868845, 'validation_fraction': 0.23589537759261772}]
function_evaluation time 0.079998 value -0.325000 suggestion {'alpha': 0.08732395073912413, 'batch_size': 18, 'beta_1': 0.9321249373928963, 'beta_2': 0.9999839723968796, 'epsilon': 9.679544461646192e-08, 'hidden_layer_sizes': 72, 'learning_rate_init': 7.166472431331607e-05, 'tol': 0.055854338105868845, 'validation_fraction': 0.23589537759261772}
observation time 0.000005, current best -0.950000 at iter 11
suggestion time taken 0.002479 iter 12 next_points [{'alpha': 0.00019478149084897295, 'batch_size': 38, 'beta_1': 0.7602940953690936, 'beta_2': 0.9999456327740996, 'epsilon': 2.792254189084254e-07, 'hidden_layer_sizes': 183, 'learning_rate_init': 0.02660959777178252, 'tol': 0.024927912511511247, 'validation_fraction': 0.7119707102616339}]
/home/ryedida/.local/lib/python3.9/site-packages/sklearn/neural_network/_multilayer_perceptron.py:605: UserWarning: Got `batch_size` less than 1 or larger than sample size. It is going to be clipped
  warnings.warn(

function_evaluation time 0.067874 value -0.950000 suggestion {'alpha': 0.00019478149084897295, 'batch_size': 38, 'beta_1': 0.7602940953690936, 'beta_2': 0.9999456327740996, 'epsilon': 2.792254189084254e-07, 'hidden_layer_sizes': 183, 'learning_rate_init': 0.02660959777178252, 'tol': 0.024927912511511247, 'validation_fraction': 0.7119707102616339}
observation time 0.000005, current best -0.950000 at iter 12
suggestion time taken 0.002526 iter 13 next_points [{'alpha': 0.000520281177834885, 'batch_size': 176, 'beta_1': 0.8513716368588942, 'beta_2': 0.9974609405973002, 'epsilon': 1.977436900155102e-08, 'hidden_layer_sizes': 159, 'learning_rate_init': 7.326233508862767e-05, 'tol': 0.003101687766287153, 'validation_fraction': 0.6465650243045564}]
/home/ryedida/.local/lib/python3.9/site-packages/sklearn/neural_network/_multilayer_perceptron.py:605: UserWarning: Got `batch_size` less than 1 or larger than sample size. It is going to be clipped
  warnings.warn(

function_evaluation time 0.043356 value -0.325000 suggestion {'alpha': 0.000520281177834885, 'batch_size': 176, 'beta_1': 0.8513716368588942, 'beta_2': 0.9974609405973002, 'epsilon': 1.977436900155102e-08, 'hidden_layer_sizes': 159, 'learning_rate_init': 7.326233508862767e-05, 'tol': 0.003101687766287153, 'validation_fraction': 0.6465650243045564}
observation time 0.000005, current best -0.950000 at iter 13
suggestion time taken 0.002500 iter 14 next_points [{'alpha': 0.05827869354753536, 'batch_size': 54, 'beta_1': 0.5115391235292478, 'beta_2': 0.997029006605468, 'epsilon': 5.466845398416852e-08, 'hidden_layer_sizes': 151, 'learning_rate_init': 0.015602374170300193, 'tol': 0.018212326092971257, 'validation_fraction': 0.4086155685649324}]
function_evaluation time 0.090038 value -0.916667 suggestion {'alpha': 0.05827869354753536, 'batch_size': 54, 'beta_1': 0.5115391235292478, 'beta_2': 0.997029006605468, 'epsilon': 5.466845398416852e-08, 'hidden_layer_sizes': 151, 'learning_rate_init': 0.015602374170300193, 'tol': 0.018212326092971257, 'validation_fraction': 0.4086155685649324}
observation time 0.000005, current best -0.950000 at iter 14
saving meta data: {'args': {'--uuid': 'ec186e252ba352ef85290ccd7fbe3b4e', '-db-root': '/home/ryedida/bbo_challenge_starter_kit/output', '--opt-root': '/home/ryedida/bbo_challenge_starter_kit/example_submissions', '--data-root': None, '--db': 'run_20230501_004050', '--opt': 'random-search', '--data': 'iris', '--classifier': 'MLP-adam', '--metric': 'acc', '--calls': 15, '--suggestions': 1, '--jobs-file': None, '--verbose': False, 'dry_run': False, 'rev': 'a376313', 'opt_rev': '0.0.8'}, 'signature': ([{'alpha': 0.019628224813442792, 'batch_size': 182, 'beta_1': 0.9410202200271762, 'beta_2': 0.9998021557676793, 'epsilon': 1.8662266976518e-08, 'hidden_layer_sizes': 147, 'learning_rate_init': 0.0005627932047415167, 'tol': 0.03690557729213761, 'validation_fraction': 0.8846827852548593}, {'alpha': 0.0019982467392329444, 'batch_size': 200, 'beta_1': 0.919111482530466, 'beta_2': 0.9998488260436156, 'epsilon': 5.981221901152555e-07, 'hidden_layer_sizes': 61, 'learning_rate_init': 2.2310905607443014e-05, 'tol': 1.2046852412030316e-05, 'validation_fraction': 0.8117896445826539}, {'alpha': 0.46659545670218433, 'batch_size': 219, 'beta_1': 0.9889789783750891, 'beta_2': 0.9999896868093284, 'epsilon': 2.4234724484675948e-08, 'hidden_layer_sizes': 167, 'learning_rate_init': 2.972334644335654e-05, 'tol': 0.0036281404040243792, 'validation_fraction': 0.17260651658522078}, {'alpha': 4.656005689076002, 'batch_size': 135, 'beta_1': 0.870503881627747, 'beta_2': 0.9948873266941017, 'epsilon': 2.1023308743480125e-07, 'hidden_layer_sizes': 118, 'learning_rate_init': 0.0018781738757161913, 'tol': 1.1889379831773004e-05, 'validation_fraction': 0.6264327093752792}, {'alpha': 0.04705159350400542, 'batch_size': 158, 'beta_1': 0.9870884262730957, 'beta_2': 0.9999596874382349, 'epsilon': 1.1981845126013875e-08, 'hidden_layer_sizes': 116, 'learning_rate_init': 0.00617340520407431, 'tol': 1.741413418158619e-05, 'validation_fraction': 0.6754299026638921}], [-0.41666666666666663, -0.275, -0.3416666666666667, -0.725, -0.875])}
saving results
saving timing
saving suggest log
done
