running: {'--uuid': '2b1af0fd49a1593e940a2b4e9b1c013c', '-db-root': '/home/ryedida/bbo_challenge_starter_kit/output', '--opt-root': '/home/ryedida/bbo_challenge_starter_kit/example_submissions', '--data-root': None, '--db': 'run_20230426_000722', '--opt': 'random-search', '--data': 'diabetes', '--classifier': 'MLP-adam', '--metric': 'mae', '--calls': 15, '--suggestions': 1, '--jobs-file': None, '--verbose': False, 'dry_run': False, 'rev': 'a376313', 'opt_rev': '0.0.8'}
cmd: python random-search/optimizer.py -c MLP-adam -d diabetes -o random-search -u 2b1af0fd49a1593e940a2b4e9b1c013c -m mae -n 15 -p 1 -dir /home/ryedida/bbo_challenge_starter_kit/output -b run_20230426_000722
/home/ryedida/.local/lib/python3.9/site-packages/sklearn/neural_network/_multilayer_perceptron.py:605: UserWarning: Got `batch_size` less than 1 or larger than sample size. It is going to be clipped
  warnings.warn(

/home/ryedida/.local/lib/python3.9/site-packages/sklearn/neural_network/_multilayer_perceptron.py:605: UserWarning: Got `batch_size` less than 1 or larger than sample size. It is going to be clipped
  warnings.warn(

/home/ryedida/.local/lib/python3.9/site-packages/sklearn/neural_network/_multilayer_perceptron.py:605: UserWarning: Got `batch_size` less than 1 or larger than sample size. It is going to be clipped
  warnings.warn(

/home/ryedida/.local/lib/python3.9/site-packages/sklearn/neural_network/_multilayer_perceptron.py:686: ConvergenceWarning: Stochastic Optimizer: Maximum iterations (200) reached and the optimization hasn't converged yet.
  warnings.warn(

/home/ryedida/.local/lib/python3.9/site-packages/sklearn/neural_network/_multilayer_perceptron.py:605: UserWarning: Got `batch_size` less than 1 or larger than sample size. It is going to be clipped
  warnings.warn(

/home/ryedida/.local/lib/python3.9/site-packages/sklearn/neural_network/_multilayer_perceptron.py:686: ConvergenceWarning: Stochastic Optimizer: Maximum iterations (200) reached and the optimization hasn't converged yet.
  warnings.warn(

computed signature: ([{'alpha': 0.019628224813442792, 'batch_size': 182, 'beta_1': 0.9410202200271762, 'beta_2': 0.9998021557676793, 'epsilon': 1.8662266976518e-08, 'hidden_layer_sizes': 147, 'learning_rate_init': 0.0005627932047415167, 'tol': 0.03690557729213761, 'validation_fraction': 0.8846827852548593}, {'alpha': 0.0019982467392329444, 'batch_size': 200, 'beta_1': 0.919111482530466, 'beta_2': 0.9998488260436156, 'epsilon': 5.981221901152555e-07, 'hidden_layer_sizes': 61, 'learning_rate_init': 2.2310905607443014e-05, 'tol': 1.2046852412030316e-05, 'validation_fraction': 0.8117896445826539}, {'alpha': 0.46659545670218433, 'batch_size': 219, 'beta_1': 0.9889789783750891, 'beta_2': 0.9999896868093284, 'epsilon': 2.4234724484675948e-08, 'hidden_layer_sizes': 167, 'learning_rate_init': 2.972334644335654e-05, 'tol': 0.0036281404040243792, 'validation_fraction': 0.17260651658522078}, {'alpha': 4.656005689076002, 'batch_size': 135, 'beta_1': 0.870503881627747, 'beta_2': 0.9948873266941017, 'epsilon': 2.1023308743480125e-07, 'hidden_layer_sizes': 118, 'learning_rate_init': 0.0018781738757161913, 'tol': 1.1889379831773004e-05, 'validation_fraction': 0.6264327093752792}, {'alpha': 0.04705159350400542, 'batch_size': 158, 'beta_1': 0.9870884262730957, 'beta_2': 0.9999596874382349, 'epsilon': 1.1981845126013875e-08, 'hidden_layer_sizes': 116, 'learning_rate_init': 0.00617340520407431, 'tol': 1.741413418158619e-05, 'validation_fraction': 0.6754299026638921}], [151.4971925380264, 151.42763539278994, 151.47026299046811, 136.86202504264318, 75.2055865763391])
Signature errors:
                                  0             1             2         3         4       max
MLP-adam_diabetes_mae  1.919244e-08  6.198704e-08  7.624578e-09  0.000007  0.000034  0.000034
max                    1.919244e-08  6.198704e-08  7.624578e-09  0.000007  0.000034  0.000034
starting sklearn study random-search MLP-adam diabetes mae 15 1
with data root: None
suggestion time taken 0.002523 iter 0 next_points [{'alpha': 0.00011238774461644453, 'batch_size': 159, 'beta_1': 0.9192885876624992, 'beta_2': 0.9997674340189193, 'epsilon': 2.0146857550969617e-09, 'hidden_layer_sizes': 90, 'learning_rate_init': 5.6544278411948856e-05, 'tol': 0.06757952262842326, 'validation_fraction': 0.10151504405917859}]
function_evaluation time 0.070356 value 151.599926 suggestion {'alpha': 0.00011238774461644453, 'batch_size': 159, 'beta_1': 0.9192885876624992, 'beta_2': 0.9997674340189193, 'epsilon': 2.0146857550969617e-09, 'hidden_layer_sizes': 90, 'learning_rate_init': 5.6544278411948856e-05, 'tol': 0.06757952262842326, 'validation_fraction': 0.10151504405917859}
observation time 0.000006, current best 151.599926 at iter 0
suggestion time taken 0.002902 iter 1 next_points [{'alpha': 0.4347205578628144, 'batch_size': 233, 'beta_1': 0.9752492853136964, 'beta_2': 0.9035584986689176, 'epsilon': 9.61438676366532e-08, 'hidden_layer_sizes': 92, 'learning_rate_init': 0.04499147684626691, 'tol': 7.480448750143937e-05, 'validation_fraction': 0.11561294735650812}]
function_evaluation time 0.202564 value 59.349144 suggestion {'alpha': 0.4347205578628144, 'batch_size': 233, 'beta_1': 0.9752492853136964, 'beta_2': 0.9035584986689176, 'epsilon': 9.61438676366532e-08, 'hidden_layer_sizes': 92, 'learning_rate_init': 0.04499147684626691, 'tol': 7.480448750143937e-05, 'validation_fraction': 0.11561294735650812}
observation time 0.000005, current best 59.349144 at iter 1
suggestion time taken 0.002537 iter 2 next_points [{'alpha': 0.23353625414370952, 'batch_size': 238, 'beta_1': 0.9231502101078334, 'beta_2': 0.9996435587100312, 'epsilon': 5.480807961128681e-07, 'hidden_layer_sizes': 156, 'learning_rate_init': 0.017720358843072007, 'tol': 0.00010869008439494725, 'validation_fraction': 0.8611533986356382}]
/home/ryedida/.local/lib/python3.9/site-packages/sklearn/neural_network/_multilayer_perceptron.py:605: UserWarning: Got `batch_size` less than 1 or larger than sample size. It is going to be clipped
  warnings.warn(

function_evaluation time 0.508111 value 50.666480 suggestion {'alpha': 0.23353625414370952, 'batch_size': 238, 'beta_1': 0.9231502101078334, 'beta_2': 0.9996435587100312, 'epsilon': 5.480807961128681e-07, 'hidden_layer_sizes': 156, 'learning_rate_init': 0.017720358843072007, 'tol': 0.00010869008439494725, 'validation_fraction': 0.8611533986356382}
observation time 0.000004, current best 50.666480 at iter 2
suggestion time taken 0.002885 iter 3 next_points [{'alpha': 5.844338195281099e-05, 'batch_size': 185, 'beta_1': 0.7660002974862474, 'beta_2': 0.9996961151623446, 'epsilon': 2.456274521538492e-09, 'hidden_layer_sizes': 77, 'learning_rate_init': 0.0052743364908894325, 'tol': 0.0193995754340606, 'validation_fraction': 0.8910785927893061}]
/home/ryedida/.local/lib/python3.9/site-packages/sklearn/neural_network/_multilayer_perceptron.py:605: UserWarning: Got `batch_size` less than 1 or larger than sample size. It is going to be clipped
  warnings.warn(

function_evaluation time 0.045314 value 150.895285 suggestion {'alpha': 5.844338195281099e-05, 'batch_size': 185, 'beta_1': 0.7660002974862474, 'beta_2': 0.9996961151623446, 'epsilon': 2.456274521538492e-09, 'hidden_layer_sizes': 77, 'learning_rate_init': 0.0052743364908894325, 'tol': 0.0193995754340606, 'validation_fraction': 0.8910785927893061}
observation time 0.000004, current best 50.666480 at iter 3
suggestion time taken 0.002438 iter 4 next_points [{'alpha': 1.19216100850117e-05, 'batch_size': 84, 'beta_1': 0.9831417078460178, 'beta_2': 0.9999986225447097, 'epsilon': 6.210258964525185e-09, 'hidden_layer_sizes': 116, 'learning_rate_init': 2.020317425400238e-05, 'tol': 0.0005313268369232216, 'validation_fraction': 0.69101737954438}]
function_evaluation time 0.065555 value 151.600254 suggestion {'alpha': 1.19216100850117e-05, 'batch_size': 84, 'beta_1': 0.9831417078460178, 'beta_2': 0.9999986225447097, 'epsilon': 6.210258964525185e-09, 'hidden_layer_sizes': 116, 'learning_rate_init': 2.020317425400238e-05, 'tol': 0.0005313268369232216, 'validation_fraction': 0.69101737954438}
observation time 0.000004, current best 50.666480 at iter 4
suggestion time taken 0.002500 iter 5 next_points [{'alpha': 2.9170003255073765e-05, 'batch_size': 228, 'beta_1': 0.8740473569142791, 'beta_2': 0.9992416721208927, 'epsilon': 5.5238273230643505e-09, 'hidden_layer_sizes': 82, 'learning_rate_init': 0.005818809734503149, 'tol': 0.0013804790881653717, 'validation_fraction': 0.21854749820229896}]
function_evaluation time 0.807143 value 69.360100 suggestion {'alpha': 2.9170003255073765e-05, 'batch_size': 228, 'beta_1': 0.8740473569142791, 'beta_2': 0.9992416721208927, 'epsilon': 5.5238273230643505e-09, 'hidden_layer_sizes': 82, 'learning_rate_init': 0.005818809734503149, 'tol': 0.0013804790881653717, 'validation_fraction': 0.21854749820229896}
observation time 0.000004, current best 50.666480 at iter 5
suggestion time taken 0.002472 iter 6 next_points [{'alpha': 3.682860613871939e-05, 'batch_size': 79, 'beta_1': 0.7361734641811694, 'beta_2': 0.9999307892824374, 'epsilon': 2.419684953789831e-07, 'hidden_layer_sizes': 79, 'learning_rate_init': 0.016707294314125976, 'tol': 0.0005384927592750772, 'validation_fraction': 0.11832594110014776}]
function_evaluation time 0.496457 value 46.870525 suggestion {'alpha': 3.682860613871939e-05, 'batch_size': 79, 'beta_1': 0.7361734641811694, 'beta_2': 0.9999307892824374, 'epsilon': 2.419684953789831e-07, 'hidden_layer_sizes': 79, 'learning_rate_init': 0.016707294314125976, 'tol': 0.0005384927592750772, 'validation_fraction': 0.11832594110014776}
observation time 0.000005, current best 46.870525 at iter 6
suggestion time taken 0.002508 iter 7 next_points [{'alpha': 0.0037822341217069308, 'batch_size': 133, 'beta_1': 0.9713990763681578, 'beta_2': 0.9999363797708481, 'epsilon': 2.162532299668832e-07, 'hidden_layer_sizes': 196, 'learning_rate_init': 0.019892554740139595, 'tol': 0.002230371040129233, 'validation_fraction': 0.8120846919955615}]
/home/ryedida/.local/lib/python3.9/site-packages/sklearn/neural_network/_multilayer_perceptron.py:605: UserWarning: Got `batch_size` less than 1 or larger than sample size. It is going to be clipped
  warnings.warn(

function_evaluation time 0.338134 value 57.671591 suggestion {'alpha': 0.0037822341217069308, 'batch_size': 133, 'beta_1': 0.9713990763681578, 'beta_2': 0.9999363797708481, 'epsilon': 2.162532299668832e-07, 'hidden_layer_sizes': 196, 'learning_rate_init': 0.019892554740139595, 'tol': 0.002230371040129233, 'validation_fraction': 0.8120846919955615}
observation time 0.000005, current best 46.870525 at iter 7
suggestion time taken 0.002474 iter 8 next_points [{'alpha': 2.433897915680394e-05, 'batch_size': 44, 'beta_1': 0.6626847670668659, 'beta_2': 0.9999548705271162, 'epsilon': 5.714834050858769e-08, 'hidden_layer_sizes': 158, 'learning_rate_init': 0.04402863208981697, 'tol': 0.0006028487897060976, 'validation_fraction': 0.8523678040214627}]
function_evaluation time 0.342695 value 50.145567 suggestion {'alpha': 2.433897915680394e-05, 'batch_size': 44, 'beta_1': 0.6626847670668659, 'beta_2': 0.9999548705271162, 'epsilon': 5.714834050858769e-08, 'hidden_layer_sizes': 158, 'learning_rate_init': 0.04402863208981697, 'tol': 0.0006028487897060976, 'validation_fraction': 0.8523678040214627}
observation time 0.000004, current best 46.870525 at iter 8
suggestion time taken 0.002494 iter 9 next_points [{'alpha': 0.0001159919250798496, 'batch_size': 130, 'beta_1': 0.9594769998934048, 'beta_2': 0.996171184762298, 'epsilon': 4.2655699268532115e-07, 'hidden_layer_sizes': 122, 'learning_rate_init': 1.7352156334993578e-05, 'tol': 0.0012012634093708425, 'validation_fraction': 0.8238439325876497}]
/home/ryedida/.local/lib/python3.9/site-packages/sklearn/neural_network/_multilayer_perceptron.py:605: UserWarning: Got `batch_size` less than 1 or larger than sample size. It is going to be clipped
  warnings.warn(

function_evaluation time 0.051155 value 151.763160 suggestion {'alpha': 0.0001159919250798496, 'batch_size': 130, 'beta_1': 0.9594769998934048, 'beta_2': 0.996171184762298, 'epsilon': 4.2655699268532115e-07, 'hidden_layer_sizes': 122, 'learning_rate_init': 1.7352156334993578e-05, 'tol': 0.0012012634093708425, 'validation_fraction': 0.8238439325876497}
observation time 0.000004, current best 46.870525 at iter 9
suggestion time taken 0.002489 iter 10 next_points [{'alpha': 4.985991709024722, 'batch_size': 59, 'beta_1': 0.81633903631478, 'beta_2': 0.9994516901456397, 'epsilon': 1.9201824982233708e-08, 'hidden_layer_sizes': 123, 'learning_rate_init': 0.003937673478191852, 'tol': 0.022775948160186993, 'validation_fraction': 0.12077814622479392}]
function_evaluation time 0.399446 value 54.744273 suggestion {'alpha': 4.985991709024722, 'batch_size': 59, 'beta_1': 0.81633903631478, 'beta_2': 0.9994516901456397, 'epsilon': 1.9201824982233708e-08, 'hidden_layer_sizes': 123, 'learning_rate_init': 0.003937673478191852, 'tol': 0.022775948160186993, 'validation_fraction': 0.12077814622479392}
observation time 0.000004, current best 46.870525 at iter 10
suggestion time taken 0.002701 iter 11 next_points [{'alpha': 0.00014274983796767882, 'batch_size': 50, 'beta_1': 0.6692538608362246, 'beta_2': 0.9845560249839758, 'epsilon': 1.6547633293601273e-07, 'hidden_layer_sizes': 141, 'learning_rate_init': 4.8359691947843196e-05, 'tol': 0.00017745230545937376, 'validation_fraction': 0.8066232945488676}]
function_evaluation time 0.067510 value 151.469465 suggestion {'alpha': 0.00014274983796767882, 'batch_size': 50, 'beta_1': 0.6692538608362246, 'beta_2': 0.9845560249839758, 'epsilon': 1.6547633293601273e-07, 'hidden_layer_sizes': 141, 'learning_rate_init': 4.8359691947843196e-05, 'tol': 0.00017745230545937376, 'validation_fraction': 0.8066232945488676}
observation time 0.000003, current best 46.870525 at iter 11
suggestion time taken 0.002448 iter 12 next_points [{'alpha': 1.53554530354477e-05, 'batch_size': 216, 'beta_1': 0.5982418753766972, 'beta_2': 0.9891542116874146, 'epsilon': 6.975358061365334e-07, 'hidden_layer_sizes': 120, 'learning_rate_init': 4.590235455391317e-05, 'tol': 0.0013718247486175525, 'validation_fraction': 0.43236815291956004}]
/home/ryedida/.local/lib/python3.9/site-packages/sklearn/neural_network/_multilayer_perceptron.py:605: UserWarning: Got `batch_size` less than 1 or larger than sample size. It is going to be clipped
  warnings.warn(

function_evaluation time 0.058620 value 151.532262 suggestion {'alpha': 1.53554530354477e-05, 'batch_size': 216, 'beta_1': 0.5982418753766972, 'beta_2': 0.9891542116874146, 'epsilon': 6.975358061365334e-07, 'hidden_layer_sizes': 120, 'learning_rate_init': 4.590235455391317e-05, 'tol': 0.0013718247486175525, 'validation_fraction': 0.43236815291956004}
observation time 0.000005, current best 46.870525 at iter 12
suggestion time taken 0.002530 iter 13 next_points [{'alpha': 0.19529547265505917, 'batch_size': 25, 'beta_1': 0.9589996333782504, 'beta_2': 0.9999839649095229, 'epsilon': 1.1566978432094813e-07, 'hidden_layer_sizes': 175, 'learning_rate_init': 0.04887005727314548, 'tol': 0.08147926213575336, 'validation_fraction': 0.8745854650693738}]
function_evaluation time 0.132285 value 57.135144 suggestion {'alpha': 0.19529547265505917, 'batch_size': 25, 'beta_1': 0.9589996333782504, 'beta_2': 0.9999839649095229, 'epsilon': 1.1566978432094813e-07, 'hidden_layer_sizes': 175, 'learning_rate_init': 0.04887005727314548, 'tol': 0.08147926213575336, 'validation_fraction': 0.8745854650693738}
observation time 0.000004, current best 46.870525 at iter 13
suggestion time taken 0.002469 iter 14 next_points [{'alpha': 1.3652072738383692e-05, 'batch_size': 48, 'beta_1': 0.9793094046552844, 'beta_2': 0.999998156118465, 'epsilon': 4.8935588090888015e-08, 'hidden_layer_sizes': 114, 'learning_rate_init': 0.023552676047042954, 'tol': 0.00015423449149907142, 'validation_fraction': 0.5341594627298979}]
function_evaluation time 0.221151 value 55.756016 suggestion {'alpha': 1.3652072738383692e-05, 'batch_size': 48, 'beta_1': 0.9793094046552844, 'beta_2': 0.999998156118465, 'epsilon': 4.8935588090888015e-08, 'hidden_layer_sizes': 114, 'learning_rate_init': 0.023552676047042954, 'tol': 0.00015423449149907142, 'validation_fraction': 0.5341594627298979}
observation time 0.000005, current best 46.870525 at iter 14
saving meta data: {'args': {'--uuid': '2b1af0fd49a1593e940a2b4e9b1c013c', '-db-root': '/home/ryedida/bbo_challenge_starter_kit/output', '--opt-root': '/home/ryedida/bbo_challenge_starter_kit/example_submissions', '--data-root': None, '--db': 'run_20230426_000722', '--opt': 'random-search', '--data': 'diabetes', '--classifier': 'MLP-adam', '--metric': 'mae', '--calls': 15, '--suggestions': 1, '--jobs-file': None, '--verbose': False, 'dry_run': False, 'rev': 'a376313', 'opt_rev': '0.0.8'}, 'signature': ([{'alpha': 0.019628224813442792, 'batch_size': 182, 'beta_1': 0.9410202200271762, 'beta_2': 0.9998021557676793, 'epsilon': 1.8662266976518e-08, 'hidden_layer_sizes': 147, 'learning_rate_init': 0.0005627932047415167, 'tol': 0.03690557729213761, 'validation_fraction': 0.8846827852548593}, {'alpha': 0.0019982467392329444, 'batch_size': 200, 'beta_1': 0.919111482530466, 'beta_2': 0.9998488260436156, 'epsilon': 5.981221901152555e-07, 'hidden_layer_sizes': 61, 'learning_rate_init': 2.2310905607443014e-05, 'tol': 1.2046852412030316e-05, 'validation_fraction': 0.8117896445826539}, {'alpha': 0.46659545670218433, 'batch_size': 219, 'beta_1': 0.9889789783750891, 'beta_2': 0.9999896868093284, 'epsilon': 2.4234724484675948e-08, 'hidden_layer_sizes': 167, 'learning_rate_init': 2.972334644335654e-05, 'tol': 0.0036281404040243792, 'validation_fraction': 0.17260651658522078}, {'alpha': 4.656005689076002, 'batch_size': 135, 'beta_1': 0.870503881627747, 'beta_2': 0.9948873266941017, 'epsilon': 2.1023308743480125e-07, 'hidden_layer_sizes': 118, 'learning_rate_init': 0.0018781738757161913, 'tol': 1.1889379831773004e-05, 'validation_fraction': 0.6264327093752792}, {'alpha': 0.04705159350400542, 'batch_size': 158, 'beta_1': 0.9870884262730957, 'beta_2': 0.9999596874382349, 'epsilon': 1.1981845126013875e-08, 'hidden_layer_sizes': 116, 'learning_rate_init': 0.00617340520407431, 'tol': 1.741413418158619e-05, 'validation_fraction': 0.6754299026638921}], [151.4971925380264, 151.42763539278994, 151.47026299046811, 136.86202504264318, 75.2055865763391])}
saving results
saving timing
saving suggest log
done
