running: {'--uuid': '39207972d0b352bbb913535250f69ac3', '-db-root': '/home/ryedida/bbo_challenge_starter_kit/output', '--opt-root': '/home/ryedida/bbo_challenge_starter_kit/example_submissions', '--data-root': None, '--db': 'run_20230426_000722', '--opt': 'smoothness', '--data': 'diabetes', '--classifier': 'MLP-adam', '--metric': 'mse', '--calls': 15, '--suggestions': 1, '--jobs-file': None, '--verbose': False, 'dry_run': False, 'rev': 'a376313', 'opt_rev': 'x.x.x'}
cmd: python smoothness/optimizer.py -c MLP-adam -d diabetes -o smoothness -u 39207972d0b352bbb913535250f69ac3 -m mse -n 15 -p 1 -dir /home/ryedida/bbo_challenge_starter_kit/output -b run_20230426_000722
/home/ryedida/.local/lib/python3.9/site-packages/sklearn/neural_network/_multilayer_perceptron.py:605: UserWarning: Got `batch_size` less than 1 or larger than sample size. It is going to be clipped
  warnings.warn(

/home/ryedida/.local/lib/python3.9/site-packages/sklearn/neural_network/_multilayer_perceptron.py:605: UserWarning: Got `batch_size` less than 1 or larger than sample size. It is going to be clipped
  warnings.warn(

/home/ryedida/.local/lib/python3.9/site-packages/sklearn/neural_network/_multilayer_perceptron.py:605: UserWarning: Got `batch_size` less than 1 or larger than sample size. It is going to be clipped
  warnings.warn(

/home/ryedida/.local/lib/python3.9/site-packages/sklearn/neural_network/_multilayer_perceptron.py:686: ConvergenceWarning: Stochastic Optimizer: Maximum iterations (200) reached and the optimization hasn't converged yet.
  warnings.warn(

/home/ryedida/.local/lib/python3.9/site-packages/sklearn/neural_network/_multilayer_perceptron.py:605: UserWarning: Got `batch_size` less than 1 or larger than sample size. It is going to be clipped
  warnings.warn(

/home/ryedida/.local/lib/python3.9/site-packages/sklearn/neural_network/_multilayer_perceptron.py:686: ConvergenceWarning: Stochastic Optimizer: Maximum iterations (200) reached and the optimization hasn't converged yet.
  warnings.warn(

computed signature: ([{'alpha': 0.019628224813442792, 'batch_size': 182, 'beta_1': 0.9410202200271762, 'beta_2': 0.9998021557676793, 'epsilon': 1.8662266976518e-08, 'hidden_layer_sizes': 147, 'learning_rate_init': 0.0005627932047415167, 'tol': 0.03690557729213761, 'validation_fraction': 0.8846827852548593}, {'alpha': 0.0019982467392329444, 'batch_size': 200, 'beta_1': 0.919111482530466, 'beta_2': 0.9998488260436156, 'epsilon': 5.981221901152555e-07, 'hidden_layer_sizes': 61, 'learning_rate_init': 2.2310905607443014e-05, 'tol': 1.2046852412030316e-05, 'validation_fraction': 0.8117896445826539}, {'alpha': 0.46659545670218433, 'batch_size': 219, 'beta_1': 0.9889789783750891, 'beta_2': 0.9999896868093284, 'epsilon': 2.4234724484675948e-08, 'hidden_layer_sizes': 167, 'learning_rate_init': 2.972334644335654e-05, 'tol': 0.0036281404040243792, 'validation_fraction': 0.17260651658522078}, {'alpha': 4.656005689076002, 'batch_size': 135, 'beta_1': 0.870503881627747, 'beta_2': 0.9948873266941017, 'epsilon': 2.1023308743480125e-07, 'hidden_layer_sizes': 118, 'learning_rate_init': 0.0018781738757161913, 'tol': 1.1889379831773004e-05, 'validation_fraction': 0.6264327093752792}, {'alpha': 0.04705159350400542, 'batch_size': 158, 'beta_1': 0.9870884262730957, 'beta_2': 0.9999596874382349, 'epsilon': 1.1981845126013875e-08, 'hidden_layer_sizes': 116, 'learning_rate_init': 0.00617340520407431, 'tol': 1.741413418158619e-05, 'validation_fraction': 0.6754299026638921}], [29083.993548572587, 29062.423277324073, 29075.78987471409, 24626.32866834337, 9584.226858493177])
Signature errors:
                              0         1         2         3         4       max
MLP-adam_diabetes_mse  0.000007  0.000008  0.000003  0.003558  0.004952  0.004952
max                    0.000007  0.000008  0.000003  0.003558  0.004952  0.004952
starting sklearn study smoothness MLP-adam diabetes mse 15 1
with data root: None
suggestion time taken 11.742546 iter 0 next_points [{'alpha': 2.2576894779044654, 'batch_size': 37, 'beta_1': 0.8842490213392217, 'beta_2': 0.9951365318860579, 'epsilon': 3.8950266806007605e-07, 'hidden_layer_sizes': 52, 'learning_rate_init': 0.005663856150116714, 'tol': 0.00013711338479889526, 'validation_fraction': 0.8758759431669597}]
/home/ryedida/.local/lib/python3.9/site-packages/sklearn/neural_network/_multilayer_perceptron.py:686: ConvergenceWarning: Stochastic Optimizer: Maximum iterations (200) reached and the optimization hasn't converged yet.
  warnings.warn(

function_evaluation time 0.599333 value 13901.958100 suggestion {'alpha': 2.2576894779044654, 'batch_size': 37, 'beta_1': 0.8842490213392217, 'beta_2': 0.9951365318860579, 'epsilon': 3.8950266806007605e-07, 'hidden_layer_sizes': 52, 'learning_rate_init': 0.005663856150116714, 'tol': 0.00013711338479889526, 'validation_fraction': 0.8758759431669597}
observation time 0.000007, current best 13901.958100 at iter 0
suggestion time taken 11.494477 iter 1 next_points [{'alpha': 3.935634965268718e-05, 'batch_size': 29, 'beta_1': 0.950824819927691, 'beta_2': 0.9999961823604494, 'epsilon': 1.4273748362336018e-08, 'hidden_layer_sizes': 73, 'learning_rate_init': 4.241963205469382e-05, 'tol': 0.07862538874447944, 'validation_fraction': 0.4910168861629981}]
function_evaluation time 0.099991 value 29022.799329 suggestion {'alpha': 3.935634965268718e-05, 'batch_size': 29, 'beta_1': 0.950824819927691, 'beta_2': 0.9999961823604494, 'epsilon': 1.4273748362336018e-08, 'hidden_layer_sizes': 73, 'learning_rate_init': 4.241963205469382e-05, 'tol': 0.07862538874447944, 'validation_fraction': 0.4910168861629981}
observation time 0.000005, current best 13901.958100 at iter 1
suggestion time taken 11.361654 iter 2 next_points [{'alpha': 7.37312299362851e-05, 'batch_size': 15, 'beta_1': 0.937670033001141, 'beta_2': 0.9651563256111175, 'epsilon': 1.8686434236963673e-08, 'hidden_layer_sizes': 119, 'learning_rate_init': 1.2783313829222517e-05, 'tol': 0.0015629926516017338, 'validation_fraction': 0.8500516133160229}]
function_evaluation time 0.076629 value 29117.159908 suggestion {'alpha': 7.37312299362851e-05, 'batch_size': 15, 'beta_1': 0.937670033001141, 'beta_2': 0.9651563256111175, 'epsilon': 1.8686434236963673e-08, 'hidden_layer_sizes': 119, 'learning_rate_init': 1.2783313829222517e-05, 'tol': 0.0015629926516017338, 'validation_fraction': 0.8500516133160229}
observation time 0.000005, current best 13901.958100 at iter 2
suggestion time taken 11.715978 iter 3 next_points [{'alpha': 0.4021163310919277, 'batch_size': 249, 'beta_1': 0.9854736855448466, 'beta_2': 0.9999672290530396, 'epsilon': 2.2662563593621282e-07, 'hidden_layer_sizes': 144, 'learning_rate_init': 0.00023303433026483137, 'tol': 0.007345066039572767, 'validation_fraction': 0.8029117113871755}]
/home/ryedida/.local/lib/python3.9/site-packages/sklearn/neural_network/_multilayer_perceptron.py:605: UserWarning: Got `batch_size` less than 1 or larger than sample size. It is going to be clipped
  warnings.warn(

function_evaluation time 0.053696 value 29113.660859 suggestion {'alpha': 0.4021163310919277, 'batch_size': 249, 'beta_1': 0.9854736855448466, 'beta_2': 0.9999672290530396, 'epsilon': 2.2662563593621282e-07, 'hidden_layer_sizes': 144, 'learning_rate_init': 0.00023303433026483137, 'tol': 0.007345066039572767, 'validation_fraction': 0.8029117113871755}
observation time 0.000005, current best 13901.958100 at iter 3
suggestion time taken 11.387021 iter 4 next_points [{'alpha': 0.07345420002408966, 'batch_size': 154, 'beta_1': 0.9508881365541892, 'beta_2': 0.999987620631705, 'epsilon': 1.271993814117759e-09, 'hidden_layer_sizes': 114, 'learning_rate_init': 0.016296563606138736, 'tol': 0.002192405195426017, 'validation_fraction': 0.7793306418767281}]
/home/ryedida/.local/lib/python3.9/site-packages/sklearn/neural_network/_multilayer_perceptron.py:605: UserWarning: Got `batch_size` less than 1 or larger than sample size. It is going to be clipped
  warnings.warn(

function_evaluation time 0.432570 value 4025.313878 suggestion {'alpha': 0.07345420002408966, 'batch_size': 154, 'beta_1': 0.9508881365541892, 'beta_2': 0.999987620631705, 'epsilon': 1.271993814117759e-09, 'hidden_layer_sizes': 114, 'learning_rate_init': 0.016296563606138736, 'tol': 0.002192405195426017, 'validation_fraction': 0.7793306418767281}
observation time 0.000005, current best 4025.313878 at iter 4
suggestion time taken 11.736181 iter 5 next_points [{'alpha': 0.09815978234311017, 'batch_size': 210, 'beta_1': 0.9152745188287116, 'beta_2': 0.9920804549085588, 'epsilon': 1.4769586032361252e-08, 'hidden_layer_sizes': 105, 'learning_rate_init': 0.0003614205461886036, 'tol': 0.000262807378173061, 'validation_fraction': 0.7424329361255747}]
/home/ryedida/.local/lib/python3.9/site-packages/sklearn/neural_network/_multilayer_perceptron.py:605: UserWarning: Got `batch_size` less than 1 or larger than sample size. It is going to be clipped
  warnings.warn(

function_evaluation time 0.268895 value 28967.081485 suggestion {'alpha': 0.09815978234311017, 'batch_size': 210, 'beta_1': 0.9152745188287116, 'beta_2': 0.9920804549085588, 'epsilon': 1.4769586032361252e-08, 'hidden_layer_sizes': 105, 'learning_rate_init': 0.0003614205461886036, 'tol': 0.000262807378173061, 'validation_fraction': 0.7424329361255747}
observation time 0.000006, current best 4025.313878 at iter 5
suggestion time taken 11.454590 iter 6 next_points [{'alpha': 0.00013089517009735015, 'batch_size': 160, 'beta_1': 0.9029020166939923, 'beta_2': 0.9999957356233804, 'epsilon': 7.917933603678026e-09, 'hidden_layer_sizes': 196, 'learning_rate_init': 0.0003877738195352631, 'tol': 0.004656107514816491, 'validation_fraction': 0.12956194719938924}]
function_evaluation time 0.103587 value 29045.656576 suggestion {'alpha': 0.00013089517009735015, 'batch_size': 160, 'beta_1': 0.9029020166939923, 'beta_2': 0.9999957356233804, 'epsilon': 7.917933603678026e-09, 'hidden_layer_sizes': 196, 'learning_rate_init': 0.0003877738195352631, 'tol': 0.004656107514816491, 'validation_fraction': 0.12956194719938924}
observation time 0.000006, current best 4025.313878 at iter 6
suggestion time taken 11.757968 iter 7 next_points [{'alpha': 0.0028841660933267245, 'batch_size': 249, 'beta_1': 0.939369002363242, 'beta_2': 0.959708525297487, 'epsilon': 2.3475589996988707e-07, 'hidden_layer_sizes': 153, 'learning_rate_init': 0.009325309776180127, 'tol': 0.002339551867240958, 'validation_fraction': 0.3535796138433333}]
/home/ryedida/.local/lib/python3.9/site-packages/sklearn/neural_network/_multilayer_perceptron.py:605: UserWarning: Got `batch_size` less than 1 or larger than sample size. It is going to be clipped
  warnings.warn(

function_evaluation time 0.836369 value 4065.527159 suggestion {'alpha': 0.0028841660933267245, 'batch_size': 249, 'beta_1': 0.939369002363242, 'beta_2': 0.959708525297487, 'epsilon': 2.3475589996988707e-07, 'hidden_layer_sizes': 153, 'learning_rate_init': 0.009325309776180127, 'tol': 0.002339551867240958, 'validation_fraction': 0.3535796138433333}
observation time 0.000006, current best 4025.313878 at iter 7
suggestion time taken 11.511507 iter 8 next_points [{'alpha': 3.5043065192088396, 'batch_size': 133, 'beta_1': 0.9426503908917394, 'beta_2': 0.9995295337115013, 'epsilon': 2.3659662793073895e-09, 'hidden_layer_sizes': 168, 'learning_rate_init': 0.0025429633371982824, 'tol': 0.00012784444975463496, 'validation_fraction': 0.4974729688523693}]
/home/ryedida/.local/lib/python3.9/site-packages/sklearn/neural_network/_multilayer_perceptron.py:686: ConvergenceWarning: Stochastic Optimizer: Maximum iterations (200) reached and the optimization hasn't converged yet.
  warnings.warn(

function_evaluation time 1.193065 value 5637.434583 suggestion {'alpha': 3.5043065192088396, 'batch_size': 133, 'beta_1': 0.9426503908917394, 'beta_2': 0.9995295337115013, 'epsilon': 2.3659662793073895e-09, 'hidden_layer_sizes': 168, 'learning_rate_init': 0.0025429633371982824, 'tol': 0.00012784444975463496, 'validation_fraction': 0.4974729688523693}
observation time 0.000006, current best 4025.313878 at iter 8
suggestion time taken 11.529652 iter 9 next_points [{'alpha': 0.00011818829010031524, 'batch_size': 83, 'beta_1': 0.9552165750146214, 'beta_2': 0.9997366358835101, 'epsilon': 4.2581499044608454e-08, 'hidden_layer_sizes': 134, 'learning_rate_init': 3.512911035856858e-05, 'tol': 4.801778096295924e-05, 'validation_fraction': 0.1425935626306333}]
/home/ryedida/.local/lib/python3.9/site-packages/sklearn/neural_network/_multilayer_perceptron.py:686: ConvergenceWarning: Stochastic Optimizer: Maximum iterations (200) reached and the optimization hasn't converged yet.
  warnings.warn(

function_evaluation time 1.453917 value 29017.798432 suggestion {'alpha': 0.00011818829010031524, 'batch_size': 83, 'beta_1': 0.9552165750146214, 'beta_2': 0.9997366358835101, 'epsilon': 4.2581499044608454e-08, 'hidden_layer_sizes': 134, 'learning_rate_init': 3.512911035856858e-05, 'tol': 4.801778096295924e-05, 'validation_fraction': 0.1425935626306333}
observation time 0.000005, current best 4025.313878 at iter 9
suggestion time taken 11.826029 iter 10 next_points [{'alpha': 0.102645299242686, 'batch_size': 180, 'beta_1': 0.9463049719222977, 'beta_2': 0.9980061896893587, 'epsilon': 2.2071298187738654e-08, 'hidden_layer_sizes': 156, 'learning_rate_init': 0.004498954323652294, 'tol': 8.081833365676817e-05, 'validation_fraction': 0.5033872315440917}]
/home/ryedida/.local/lib/python3.9/site-packages/sklearn/neural_network/_multilayer_perceptron.py:605: UserWarning: Got `batch_size` less than 1 or larger than sample size. It is going to be clipped
  warnings.warn(

/home/ryedida/.local/lib/python3.9/site-packages/sklearn/neural_network/_multilayer_perceptron.py:686: ConvergenceWarning: Stochastic Optimizer: Maximum iterations (200) reached and the optimization hasn't converged yet.
  warnings.warn(

function_evaluation time 0.892243 value 8234.426898 suggestion {'alpha': 0.102645299242686, 'batch_size': 180, 'beta_1': 0.9463049719222977, 'beta_2': 0.9980061896893587, 'epsilon': 2.2071298187738654e-08, 'hidden_layer_sizes': 156, 'learning_rate_init': 0.004498954323652294, 'tol': 8.081833365676817e-05, 'validation_fraction': 0.5033872315440917}
observation time 0.000006, current best 4025.313878 at iter 10
suggestion time taken 11.560669 iter 11 next_points [{'alpha': 0.002031279901949947, 'batch_size': 109, 'beta_1': 0.6142939734116744, 'beta_2': 0.9999914187861633, 'epsilon': 2.9528594671860805e-08, 'hidden_layer_sizes': 109, 'learning_rate_init': 0.004472870591786751, 'tol': 5.649505617533241e-05, 'validation_fraction': 0.7795260214645661}]
/home/ryedida/.local/lib/python3.9/site-packages/sklearn/neural_network/_multilayer_perceptron.py:605: UserWarning: Got `batch_size` less than 1 or larger than sample size. It is going to be clipped
  warnings.warn(

/home/ryedida/.local/lib/python3.9/site-packages/sklearn/neural_network/_multilayer_perceptron.py:686: ConvergenceWarning: Stochastic Optimizer: Maximum iterations (200) reached and the optimization hasn't converged yet.
  warnings.warn(

function_evaluation time 0.662958 value 9856.982573 suggestion {'alpha': 0.002031279901949947, 'batch_size': 109, 'beta_1': 0.6142939734116744, 'beta_2': 0.9999914187861633, 'epsilon': 2.9528594671860805e-08, 'hidden_layer_sizes': 109, 'learning_rate_init': 0.004472870591786751, 'tol': 5.649505617533241e-05, 'validation_fraction': 0.7795260214645661}
observation time 0.000005, current best 4025.313878 at iter 11
suggestion time taken 11.510165 iter 12 next_points [{'alpha': 1.0067960856727998e-05, 'batch_size': 115, 'beta_1': 0.7289202473251294, 'beta_2': 0.9999972845734258, 'epsilon': 1.1203362661824565e-08, 'hidden_layer_sizes': 154, 'learning_rate_init': 1.910571143509643e-05, 'tol': 0.011427903640666062, 'validation_fraction': 0.8329982665861271}]
/home/ryedida/.local/lib/python3.9/site-packages/sklearn/neural_network/_multilayer_perceptron.py:605: UserWarning: Got `batch_size` less than 1 or larger than sample size. It is going to be clipped
  warnings.warn(

function_evaluation time 0.054574 value 29084.034897 suggestion {'alpha': 1.0067960856727998e-05, 'batch_size': 115, 'beta_1': 0.7289202473251294, 'beta_2': 0.9999972845734258, 'epsilon': 1.1203362661824565e-08, 'hidden_layer_sizes': 154, 'learning_rate_init': 1.910571143509643e-05, 'tol': 0.011427903640666062, 'validation_fraction': 0.8329982665861271}
observation time 0.000006, current best 4025.313878 at iter 12
suggestion time taken 11.805865 iter 13 next_points [{'alpha': 1.7178683465544062, 'batch_size': 131, 'beta_1': 0.8682641678120205, 'beta_2': 0.9999932484055319, 'epsilon': 3.5388710078052114e-09, 'hidden_layer_sizes': 108, 'learning_rate_init': 2.978502399143465e-05, 'tol': 0.00437830211009144, 'validation_fraction': 0.24778660061713856}]
function_evaluation time 0.075023 value 29055.934742 suggestion {'alpha': 1.7178683465544062, 'batch_size': 131, 'beta_1': 0.8682641678120205, 'beta_2': 0.9999932484055319, 'epsilon': 3.5388710078052114e-09, 'hidden_layer_sizes': 108, 'learning_rate_init': 2.978502399143465e-05, 'tol': 0.00437830211009144, 'validation_fraction': 0.24778660061713856}
observation time 0.000005, current best 4025.313878 at iter 13
suggestion time taken 11.599786 iter 14 next_points [{'alpha': 0.15210596934114917, 'batch_size': 159, 'beta_1': 0.8750258172651193, 'beta_2': 0.9274806578227665, 'epsilon': 2.639661221667488e-08, 'hidden_layer_sizes': 166, 'learning_rate_init': 0.0028634064507245876, 'tol': 0.0008793912646906307, 'validation_fraction': 0.10224060618465543}]
/home/ryedida/.local/lib/python3.9/site-packages/sklearn/neural_network/_multilayer_perceptron.py:686: ConvergenceWarning: Stochastic Optimizer: Maximum iterations (200) reached and the optimization hasn't converged yet.
  warnings.warn(

function_evaluation time 1.356557 value 6203.328015 suggestion {'alpha': 0.15210596934114917, 'batch_size': 159, 'beta_1': 0.8750258172651193, 'beta_2': 0.9274806578227665, 'epsilon': 2.639661221667488e-08, 'hidden_layer_sizes': 166, 'learning_rate_init': 0.0028634064507245876, 'tol': 0.0008793912646906307, 'validation_fraction': 0.10224060618465543}
observation time 0.000006, current best 4025.313878 at iter 14
saving meta data: {'args': {'--uuid': '39207972d0b352bbb913535250f69ac3', '-db-root': '/home/ryedida/bbo_challenge_starter_kit/output', '--opt-root': '/home/ryedida/bbo_challenge_starter_kit/example_submissions', '--data-root': None, '--db': 'run_20230426_000722', '--opt': 'smoothness', '--data': 'diabetes', '--classifier': 'MLP-adam', '--metric': 'mse', '--calls': 15, '--suggestions': 1, '--jobs-file': None, '--verbose': False, 'dry_run': False, 'rev': 'a376313', 'opt_rev': 'x.x.x'}, 'signature': ([{'alpha': 0.019628224813442792, 'batch_size': 182, 'beta_1': 0.9410202200271762, 'beta_2': 0.9998021557676793, 'epsilon': 1.8662266976518e-08, 'hidden_layer_sizes': 147, 'learning_rate_init': 0.0005627932047415167, 'tol': 0.03690557729213761, 'validation_fraction': 0.8846827852548593}, {'alpha': 0.0019982467392329444, 'batch_size': 200, 'beta_1': 0.919111482530466, 'beta_2': 0.9998488260436156, 'epsilon': 5.981221901152555e-07, 'hidden_layer_sizes': 61, 'learning_rate_init': 2.2310905607443014e-05, 'tol': 1.2046852412030316e-05, 'validation_fraction': 0.8117896445826539}, {'alpha': 0.46659545670218433, 'batch_size': 219, 'beta_1': 0.9889789783750891, 'beta_2': 0.9999896868093284, 'epsilon': 2.4234724484675948e-08, 'hidden_layer_sizes': 167, 'learning_rate_init': 2.972334644335654e-05, 'tol': 0.0036281404040243792, 'validation_fraction': 0.17260651658522078}, {'alpha': 4.656005689076002, 'batch_size': 135, 'beta_1': 0.870503881627747, 'beta_2': 0.9948873266941017, 'epsilon': 2.1023308743480125e-07, 'hidden_layer_sizes': 118, 'learning_rate_init': 0.0018781738757161913, 'tol': 1.1889379831773004e-05, 'validation_fraction': 0.6264327093752792}, {'alpha': 0.04705159350400542, 'batch_size': 158, 'beta_1': 0.9870884262730957, 'beta_2': 0.9999596874382349, 'epsilon': 1.1981845126013875e-08, 'hidden_layer_sizes': 116, 'learning_rate_init': 0.00617340520407431, 'tol': 1.741413418158619e-05, 'validation_fraction': 0.6754299026638921}], [29083.993548572587, 29062.423277324073, 29075.78987471409, 24626.32866834337, 9584.226858493177])}
saving results
saving timing
saving suggest log
done
