running: {'--uuid': '40a4bd6a76b1519c956fda87915f3f96', '-db-root': '/home/ryedida/bbo_challenge_starter_kit/output', '--opt-root': '/home/ryedida/bbo_challenge_starter_kit/example_submissions', '--data-root': None, '--db': 'run_20230426_000722', '--opt': 'hyperopt', '--data': 'diabetes', '--classifier': 'MLP-adam', '--metric': 'mae', '--calls': 15, '--suggestions': 1, '--jobs-file': None, '--verbose': False, 'dry_run': False, 'rev': 'a376313', 'opt_rev': '0.2.7'}
cmd: python hyperopt/optimizer.py -c MLP-adam -d diabetes -o hyperopt -u 40a4bd6a76b1519c956fda87915f3f96 -m mae -n 15 -p 1 -dir /home/ryedida/bbo_challenge_starter_kit/output -b run_20230426_000722
/home/ryedida/.local/lib/python3.9/site-packages/sklearn/neural_network/_multilayer_perceptron.py:605: UserWarning: Got `batch_size` less than 1 or larger than sample size. It is going to be clipped
  warnings.warn(

/home/ryedida/.local/lib/python3.9/site-packages/sklearn/neural_network/_multilayer_perceptron.py:605: UserWarning: Got `batch_size` less than 1 or larger than sample size. It is going to be clipped
  warnings.warn(

/home/ryedida/.local/lib/python3.9/site-packages/sklearn/neural_network/_multilayer_perceptron.py:605: UserWarning: Got `batch_size` less than 1 or larger than sample size. It is going to be clipped
  warnings.warn(

/home/ryedida/.local/lib/python3.9/site-packages/sklearn/neural_network/_multilayer_perceptron.py:686: ConvergenceWarning: Stochastic Optimizer: Maximum iterations (200) reached and the optimization hasn't converged yet.
  warnings.warn(

/home/ryedida/.local/lib/python3.9/site-packages/sklearn/neural_network/_multilayer_perceptron.py:605: UserWarning: Got `batch_size` less than 1 or larger than sample size. It is going to be clipped
  warnings.warn(

/home/ryedida/.local/lib/python3.9/site-packages/sklearn/neural_network/_multilayer_perceptron.py:686: ConvergenceWarning: Stochastic Optimizer: Maximum iterations (200) reached and the optimization hasn't converged yet.
  warnings.warn(

computed signature: ([{'alpha': 0.019628224813442792, 'batch_size': 182, 'beta_1': 0.9410202200271762, 'beta_2': 0.9998021557676793, 'epsilon': 1.8662266976518e-08, 'hidden_layer_sizes': 147, 'learning_rate_init': 0.0005627932047415167, 'tol': 0.03690557729213761, 'validation_fraction': 0.8846827852548593}, {'alpha': 0.0019982467392329444, 'batch_size': 200, 'beta_1': 0.919111482530466, 'beta_2': 0.9998488260436156, 'epsilon': 5.981221901152555e-07, 'hidden_layer_sizes': 61, 'learning_rate_init': 2.2310905607443014e-05, 'tol': 1.2046852412030316e-05, 'validation_fraction': 0.8117896445826539}, {'alpha': 0.46659545670218433, 'batch_size': 219, 'beta_1': 0.9889789783750891, 'beta_2': 0.9999896868093284, 'epsilon': 2.4234724484675948e-08, 'hidden_layer_sizes': 167, 'learning_rate_init': 2.972334644335654e-05, 'tol': 0.0036281404040243792, 'validation_fraction': 0.17260651658522078}, {'alpha': 4.656005689076002, 'batch_size': 135, 'beta_1': 0.870503881627747, 'beta_2': 0.9948873266941017, 'epsilon': 2.1023308743480125e-07, 'hidden_layer_sizes': 118, 'learning_rate_init': 0.0018781738757161913, 'tol': 1.1889379831773004e-05, 'validation_fraction': 0.6264327093752792}, {'alpha': 0.04705159350400542, 'batch_size': 158, 'beta_1': 0.9870884262730957, 'beta_2': 0.9999596874382349, 'epsilon': 1.1981845126013875e-08, 'hidden_layer_sizes': 116, 'learning_rate_init': 0.00617340520407431, 'tol': 1.741413418158619e-05, 'validation_fraction': 0.6754299026638921}], [151.4971925380264, 151.42763539278994, 151.47026299046811, 136.86202504264318, 75.2055865763391])
Signature errors:
                                  0             1             2         3         4       max
MLP-adam_diabetes_mae  1.919244e-08  6.198704e-08  7.624578e-09  0.000007  0.000034  0.000034
max                    1.919244e-08  6.198704e-08  7.624578e-09  0.000007  0.000034  0.000034
starting sklearn study hyperopt MLP-adam diabetes mae 15 1
with data root: None
suggestion time taken 0.002376 iter 0 next_points [{'alpha': 9.612496515740638e-05, 'batch_size': 126, 'beta_1': 0.6976966160591949, 'beta_2': 0.9195848260436456, 'epsilon': 6.824789531328709e-09, 'hidden_layer_sizes': 105, 'learning_rate_init': 0.021659118447886525, 'tol': 0.0056300390142197095, 'validation_fraction': 0.895950531574887}]
/home/ryedida/.local/lib/python3.9/site-packages/sklearn/neural_network/_multilayer_perceptron.py:605: UserWarning: Got `batch_size` less than 1 or larger than sample size. It is going to be clipped
  warnings.warn(

function_evaluation time 0.305444 value 53.301828 suggestion {'alpha': 9.612496515740638e-05, 'batch_size': 126, 'beta_1': 0.6976966160591949, 'beta_2': 0.9195848260436456, 'epsilon': 6.824789531328709e-09, 'hidden_layer_sizes': 105, 'learning_rate_init': 0.021659118447886525, 'tol': 0.0056300390142197095, 'validation_fraction': 0.895950531574887}
observation time 0.000070, current best 53.301828 at iter 0
suggestion time taken 0.002409 iter 1 next_points [{'alpha': 7.064013162126323e-05, 'batch_size': 136, 'beta_1': 0.6654485081698296, 'beta_2': 0.9427186138220726, 'epsilon': 3.115510151526452e-07, 'hidden_layer_sizes': 163, 'learning_rate_init': 0.0070431735003086355, 'tol': 0.0010796069092748326, 'validation_fraction': 0.11383669892536917}]
function_evaluation time 1.117786 value 47.532051 suggestion {'alpha': 7.064013162126323e-05, 'batch_size': 136, 'beta_1': 0.6654485081698296, 'beta_2': 0.9427186138220726, 'epsilon': 3.115510151526452e-07, 'hidden_layer_sizes': 163, 'learning_rate_init': 0.0070431735003086355, 'tol': 0.0010796069092748326, 'validation_fraction': 0.11383669892536917}
observation time 0.000069, current best 47.532051 at iter 1
suggestion time taken 0.002154 iter 2 next_points [{'alpha': 0.008608675958321717, 'batch_size': 186, 'beta_1': 0.8308463703992186, 'beta_2': 0.9387240559145965, 'epsilon': 3.280901801295117e-07, 'hidden_layer_sizes': 130, 'learning_rate_init': 0.009335440065245655, 'tol': 0.0020716976415014027, 'validation_fraction': 0.18221113779345421}]
function_evaluation time 0.713928 value 52.309000 suggestion {'alpha': 0.008608675958321717, 'batch_size': 186, 'beta_1': 0.8308463703992186, 'beta_2': 0.9387240559145965, 'epsilon': 3.280901801295117e-07, 'hidden_layer_sizes': 130, 'learning_rate_init': 0.009335440065245655, 'tol': 0.0020716976415014027, 'validation_fraction': 0.18221113779345421}
observation time 0.000064, current best 47.532051 at iter 2
suggestion time taken 0.002155 iter 3 next_points [{'alpha': 0.010089243922567236, 'batch_size': 140, 'beta_1': 0.5686683441667348, 'beta_2': 0.9224429761609573, 'epsilon': 3.278871165829398e-08, 'hidden_layer_sizes': 136, 'learning_rate_init': 0.0005325601862015009, 'tol': 0.002377136492350152, 'validation_fraction': 0.30495180474255507}]
function_evaluation time 0.079782 value 151.381749 suggestion {'alpha': 0.010089243922567236, 'batch_size': 140, 'beta_1': 0.5686683441667348, 'beta_2': 0.9224429761609573, 'epsilon': 3.278871165829398e-08, 'hidden_layer_sizes': 136, 'learning_rate_init': 0.0005325601862015009, 'tol': 0.002377136492350152, 'validation_fraction': 0.30495180474255507}
observation time 0.000067, current best 47.532051 at iter 3
suggestion time taken 0.002396 iter 4 next_points [{'alpha': 0.19163261943087717, 'batch_size': 199, 'beta_1': 0.6603711868140459, 'beta_2': 0.9124866747286161, 'epsilon': 2.435247580094216e-08, 'hidden_layer_sizes': 94, 'learning_rate_init': 3.451000370467448e-05, 'tol': 0.00023308955881301267, 'validation_fraction': 0.8282912852299199}]
/home/ryedida/.local/lib/python3.9/site-packages/sklearn/neural_network/_multilayer_perceptron.py:605: UserWarning: Got `batch_size` less than 1 or larger than sample size. It is going to be clipped
  warnings.warn(

function_evaluation time 0.047742 value 151.604577 suggestion {'alpha': 0.19163261943087717, 'batch_size': 199, 'beta_1': 0.6603711868140459, 'beta_2': 0.9124866747286161, 'epsilon': 2.435247580094216e-08, 'hidden_layer_sizes': 94, 'learning_rate_init': 3.451000370467448e-05, 'tol': 0.00023308955881301267, 'validation_fraction': 0.8282912852299199}
observation time 0.000069, current best 47.532051 at iter 4
suggestion time taken 0.002137 iter 5 next_points [{'alpha': 0.01929561321775815, 'batch_size': 186, 'beta_1': 0.6470999245452943, 'beta_2': 0.9273356389623624, 'epsilon': 4.114899256752706e-09, 'hidden_layer_sizes': 158, 'learning_rate_init': 0.027610996987632294, 'tol': 0.0005713367146417764, 'validation_fraction': 0.12805809310457916}]
function_evaluation time 0.529734 value 45.422444 suggestion {'alpha': 0.01929561321775815, 'batch_size': 186, 'beta_1': 0.6470999245452943, 'beta_2': 0.9273356389623624, 'epsilon': 4.114899256752706e-09, 'hidden_layer_sizes': 158, 'learning_rate_init': 0.027610996987632294, 'tol': 0.0005713367146417764, 'validation_fraction': 0.12805809310457916}
observation time 0.000074, current best 45.422444 at iter 5
suggestion time taken 0.002367 iter 6 next_points [{'alpha': 1.0065249806160818e-05, 'batch_size': 224, 'beta_1': 0.8797349986128781, 'beta_2': 0.9094806068493504, 'epsilon': 1.1784357650133981e-07, 'hidden_layer_sizes': 86, 'learning_rate_init': 0.0001691002095386534, 'tol': 0.02772921133125715, 'validation_fraction': 0.3338262427307329}]
function_evaluation time 0.057764 value 151.558871 suggestion {'alpha': 1.0065249806160818e-05, 'batch_size': 224, 'beta_1': 0.8797349986128781, 'beta_2': 0.9094806068493504, 'epsilon': 1.1784357650133981e-07, 'hidden_layer_sizes': 86, 'learning_rate_init': 0.0001691002095386534, 'tol': 0.02772921133125715, 'validation_fraction': 0.3338262427307329}
observation time 0.000071, current best 45.422444 at iter 6
suggestion time taken 0.002225 iter 7 next_points [{'alpha': 0.006774220180396518, 'batch_size': 25, 'beta_1': 0.8992592035934484, 'beta_2': 0.989281414759384, 'epsilon': 1.8037789204297258e-09, 'hidden_layer_sizes': 194, 'learning_rate_init': 8.660834107154086e-05, 'tol': 0.000354651799260043, 'validation_fraction': 0.3711010039662785}]
/home/ryedida/.local/lib/python3.9/site-packages/sklearn/neural_network/_multilayer_perceptron.py:686: ConvergenceWarning: Stochastic Optimizer: Maximum iterations (200) reached and the optimization hasn't converged yet.
  warnings.warn(

function_evaluation time 2.687416 value 148.426824 suggestion {'alpha': 0.006774220180396518, 'batch_size': 25, 'beta_1': 0.8992592035934484, 'beta_2': 0.989281414759384, 'epsilon': 1.8037789204297258e-09, 'hidden_layer_sizes': 194, 'learning_rate_init': 8.660834107154086e-05, 'tol': 0.000354651799260043, 'validation_fraction': 0.3711010039662785}
observation time 0.000068, current best 45.422444 at iter 7
suggestion time taken 0.002146 iter 8 next_points [{'alpha': 1.2025020968431999, 'batch_size': 39, 'beta_1': 0.7791732474543434, 'beta_2': 0.9583352073283162, 'epsilon': 1.0912239921747404e-07, 'hidden_layer_sizes': 85, 'learning_rate_init': 8.846728999061818e-05, 'tol': 5.788954526504511e-05, 'validation_fraction': 0.18552831527515481}]
/home/ryedida/.local/lib/python3.9/site-packages/sklearn/neural_network/_multilayer_perceptron.py:686: ConvergenceWarning: Stochastic Optimizer: Maximum iterations (200) reached and the optimization hasn't converged yet.
  warnings.warn(

function_evaluation time 1.217254 value 150.096856 suggestion {'alpha': 1.2025020968431999, 'batch_size': 39, 'beta_1': 0.7791732474543434, 'beta_2': 0.9583352073283162, 'epsilon': 1.0912239921747404e-07, 'hidden_layer_sizes': 85, 'learning_rate_init': 8.846728999061818e-05, 'tol': 5.788954526504511e-05, 'validation_fraction': 0.18552831527515481}
observation time 0.000071, current best 45.422444 at iter 8
suggestion time taken 0.002445 iter 9 next_points [{'alpha': 0.0005527537876956187, 'batch_size': 250, 'beta_1': 0.7646444524488699, 'beta_2': 0.9919150840794032, 'epsilon': 1.5995329721340945e-08, 'hidden_layer_sizes': 177, 'learning_rate_init': 0.00017262829793019023, 'tol': 0.000125700852237177, 'validation_fraction': 0.2493007415610982}]
/home/ryedida/.local/lib/python3.9/site-packages/sklearn/neural_network/_multilayer_perceptron.py:686: ConvergenceWarning: Stochastic Optimizer: Maximum iterations (200) reached and the optimization hasn't converged yet.
  warnings.warn(

function_evaluation time 1.112263 value 150.993561 suggestion {'alpha': 0.0005527537876956187, 'batch_size': 250, 'beta_1': 0.7646444524488699, 'beta_2': 0.9919150840794032, 'epsilon': 1.5995329721340945e-08, 'hidden_layer_sizes': 177, 'learning_rate_init': 0.00017262829793019023, 'tol': 0.000125700852237177, 'validation_fraction': 0.2493007415610982}
observation time 0.000074, current best 45.422444 at iter 9
suggestion time taken 0.002406 iter 10 next_points [{'alpha': 0.0009883879510401072, 'batch_size': 221, 'beta_1': 0.5096903638565312, 'beta_2': 0.9181673932245097, 'epsilon': 1.9314857590012465e-09, 'hidden_layer_sizes': 128, 'learning_rate_init': 5.1735679338014375e-05, 'tol': 0.0004799241101868719, 'validation_fraction': 0.20083549870314313}]
function_evaluation time 0.078818 value 151.597311 suggestion {'alpha': 0.0009883879510401072, 'batch_size': 221, 'beta_1': 0.5096903638565312, 'beta_2': 0.9181673932245097, 'epsilon': 1.9314857590012465e-09, 'hidden_layer_sizes': 128, 'learning_rate_init': 5.1735679338014375e-05, 'tol': 0.0004799241101868719, 'validation_fraction': 0.20083549870314313}
observation time 0.000072, current best 45.422444 at iter 10
suggestion time taken 0.002174 iter 11 next_points [{'alpha': 5.526864844107884e-05, 'batch_size': 50, 'beta_1': 0.5552249818064776, 'beta_2': 0.9698734654757918, 'epsilon': 3.657665532515646e-08, 'hidden_layer_sizes': 190, 'learning_rate_init': 3.299176789736677e-05, 'tol': 0.00015101232837355416, 'validation_fraction': 0.569031803154154}]
function_evaluation time 0.097105 value 151.458665 suggestion {'alpha': 5.526864844107884e-05, 'batch_size': 50, 'beta_1': 0.5552249818064776, 'beta_2': 0.9698734654757918, 'epsilon': 3.657665532515646e-08, 'hidden_layer_sizes': 190, 'learning_rate_init': 3.299176789736677e-05, 'tol': 0.00015101232837355416, 'validation_fraction': 0.569031803154154}
observation time 0.000067, current best 45.422444 at iter 11
suggestion time taken 0.002280 iter 12 next_points [{'alpha': 0.00019015524406545292, 'batch_size': 119, 'beta_1': 0.7146252196987088, 'beta_2': 0.9535631464997272, 'epsilon': 7.901330579882882e-09, 'hidden_layer_sizes': 59, 'learning_rate_init': 0.09199778018649796, 'tol': 0.05353831686711065, 'validation_fraction': 0.39487130444305074}]
function_evaluation time 0.074122 value 48.481022 suggestion {'alpha': 0.00019015524406545292, 'batch_size': 119, 'beta_1': 0.7146252196987088, 'beta_2': 0.9535631464997272, 'epsilon': 7.901330579882882e-09, 'hidden_layer_sizes': 59, 'learning_rate_init': 0.09199778018649796, 'tol': 0.05353831686711065, 'validation_fraction': 0.39487130444305074}
observation time 0.000073, current best 45.422444 at iter 12
suggestion time taken 0.002214 iter 13 next_points [{'alpha': 0.6244398673353149, 'batch_size': 126, 'beta_1': 0.6936462628981569, 'beta_2': 0.9754699426709406, 'epsilon': 9.171851869336165e-09, 'hidden_layer_sizes': 171, 'learning_rate_init': 0.057851942623818674, 'tol': 0.005238608881505392, 'validation_fraction': 0.20493463283414404}]
function_evaluation time 0.278527 value 44.733914 suggestion {'alpha': 0.6244398673353149, 'batch_size': 126, 'beta_1': 0.6936462628981569, 'beta_2': 0.9754699426709406, 'epsilon': 9.171851869336165e-09, 'hidden_layer_sizes': 171, 'learning_rate_init': 0.057851942623818674, 'tol': 0.005238608881505392, 'validation_fraction': 0.20493463283414404}
observation time 0.000079, current best 44.733914 at iter 13
suggestion time taken 0.002162 iter 14 next_points [{'alpha': 8.173836913820305e-05, 'batch_size': 229, 'beta_1': 0.7357963944155804, 'beta_2': 0.9648897277718038, 'epsilon': 1.2443718416854629e-08, 'hidden_layer_sizes': 122, 'learning_rate_init': 0.02080174164408859, 'tol': 0.00016559278931308952, 'validation_fraction': 0.7202486500619689}]
/home/ryedida/.local/lib/python3.9/site-packages/sklearn/neural_network/_multilayer_perceptron.py:605: UserWarning: Got `batch_size` less than 1 or larger than sample size. It is going to be clipped
  warnings.warn(

function_evaluation time 0.666419 value 47.111010 suggestion {'alpha': 8.173836913820305e-05, 'batch_size': 229, 'beta_1': 0.7357963944155804, 'beta_2': 0.9648897277718038, 'epsilon': 1.2443718416854629e-08, 'hidden_layer_sizes': 122, 'learning_rate_init': 0.02080174164408859, 'tol': 0.00016559278931308952, 'validation_fraction': 0.7202486500619689}
observation time 0.000072, current best 44.733914 at iter 14
saving meta data: {'args': {'--uuid': '40a4bd6a76b1519c956fda87915f3f96', '-db-root': '/home/ryedida/bbo_challenge_starter_kit/output', '--opt-root': '/home/ryedida/bbo_challenge_starter_kit/example_submissions', '--data-root': None, '--db': 'run_20230426_000722', '--opt': 'hyperopt', '--data': 'diabetes', '--classifier': 'MLP-adam', '--metric': 'mae', '--calls': 15, '--suggestions': 1, '--jobs-file': None, '--verbose': False, 'dry_run': False, 'rev': 'a376313', 'opt_rev': '0.2.7'}, 'signature': ([{'alpha': 0.019628224813442792, 'batch_size': 182, 'beta_1': 0.9410202200271762, 'beta_2': 0.9998021557676793, 'epsilon': 1.8662266976518e-08, 'hidden_layer_sizes': 147, 'learning_rate_init': 0.0005627932047415167, 'tol': 0.03690557729213761, 'validation_fraction': 0.8846827852548593}, {'alpha': 0.0019982467392329444, 'batch_size': 200, 'beta_1': 0.919111482530466, 'beta_2': 0.9998488260436156, 'epsilon': 5.981221901152555e-07, 'hidden_layer_sizes': 61, 'learning_rate_init': 2.2310905607443014e-05, 'tol': 1.2046852412030316e-05, 'validation_fraction': 0.8117896445826539}, {'alpha': 0.46659545670218433, 'batch_size': 219, 'beta_1': 0.9889789783750891, 'beta_2': 0.9999896868093284, 'epsilon': 2.4234724484675948e-08, 'hidden_layer_sizes': 167, 'learning_rate_init': 2.972334644335654e-05, 'tol': 0.0036281404040243792, 'validation_fraction': 0.17260651658522078}, {'alpha': 4.656005689076002, 'batch_size': 135, 'beta_1': 0.870503881627747, 'beta_2': 0.9948873266941017, 'epsilon': 2.1023308743480125e-07, 'hidden_layer_sizes': 118, 'learning_rate_init': 0.0018781738757161913, 'tol': 1.1889379831773004e-05, 'validation_fraction': 0.6264327093752792}, {'alpha': 0.04705159350400542, 'batch_size': 158, 'beta_1': 0.9870884262730957, 'beta_2': 0.9999596874382349, 'epsilon': 1.1981845126013875e-08, 'hidden_layer_sizes': 116, 'learning_rate_init': 0.00617340520407431, 'tol': 1.741413418158619e-05, 'validation_fraction': 0.6754299026638921}], [151.4971925380264, 151.42763539278994, 151.47026299046811, 136.86202504264318, 75.2055865763391])}
saving results
saving timing
saving suggest log
done
