running: {'--uuid': '6ac3405cb43a527eb16fd13a0d5297c6', '-db-root': '/home/ryedida/bbo_challenge_starter_kit/output', '--opt-root': '/home/ryedida/bbo_challenge_starter_kit/example_submissions', '--data-root': None, '--db': 'run_20230425_055340', '--opt': 'opentuner', '--data': 'diabetes', '--classifier': 'MLP-adam', '--metric': 'mse', '--calls': 15, '--suggestions': 1, '--jobs-file': None, '--verbose': False, 'dry_run': False, 'rev': 'a376313', 'opt_rev': '0.8.8'}
cmd: python opentuner/optimizer.py -c MLP-adam -d diabetes -o opentuner -u 6ac3405cb43a527eb16fd13a0d5297c6 -m mse -n 15 -p 1 -dir /home/ryedida/bbo_challenge_starter_kit/output -b run_20230425_055340
/home/ryedida/.local/lib/python3.9/site-packages/sklearn/neural_network/_multilayer_perceptron.py:605: UserWarning: Got `batch_size` less than 1 or larger than sample size. It is going to be clipped
  warnings.warn(

/home/ryedida/.local/lib/python3.9/site-packages/sklearn/neural_network/_multilayer_perceptron.py:605: UserWarning: Got `batch_size` less than 1 or larger than sample size. It is going to be clipped
  warnings.warn(

/home/ryedida/.local/lib/python3.9/site-packages/sklearn/neural_network/_multilayer_perceptron.py:605: UserWarning: Got `batch_size` less than 1 or larger than sample size. It is going to be clipped
  warnings.warn(

/home/ryedida/.local/lib/python3.9/site-packages/sklearn/neural_network/_multilayer_perceptron.py:686: ConvergenceWarning: Stochastic Optimizer: Maximum iterations (200) reached and the optimization hasn't converged yet.
  warnings.warn(

/home/ryedida/.local/lib/python3.9/site-packages/sklearn/neural_network/_multilayer_perceptron.py:605: UserWarning: Got `batch_size` less than 1 or larger than sample size. It is going to be clipped
  warnings.warn(

/home/ryedida/.local/lib/python3.9/site-packages/sklearn/neural_network/_multilayer_perceptron.py:686: ConvergenceWarning: Stochastic Optimizer: Maximum iterations (200) reached and the optimization hasn't converged yet.
  warnings.warn(

computed signature: ([{'alpha': 0.019628224813442792, 'batch_size': 182, 'beta_1': 0.9410202200271762, 'beta_2': 0.9998021557676793, 'epsilon': 1.8662266976518e-08, 'hidden_layer_sizes': 147, 'learning_rate_init': 0.0005627932047415167, 'tol': 0.03690557729213761, 'validation_fraction': 0.8846827852548593}, {'alpha': 0.0019982467392329444, 'batch_size': 200, 'beta_1': 0.919111482530466, 'beta_2': 0.9998488260436156, 'epsilon': 5.981221901152555e-07, 'hidden_layer_sizes': 61, 'learning_rate_init': 2.2310905607443014e-05, 'tol': 1.2046852412030316e-05, 'validation_fraction': 0.8117896445826539}, {'alpha': 0.46659545670218433, 'batch_size': 219, 'beta_1': 0.9889789783750891, 'beta_2': 0.9999896868093284, 'epsilon': 2.4234724484675948e-08, 'hidden_layer_sizes': 167, 'learning_rate_init': 2.972334644335654e-05, 'tol': 0.0036281404040243792, 'validation_fraction': 0.17260651658522078}, {'alpha': 4.656005689076002, 'batch_size': 135, 'beta_1': 0.870503881627747, 'beta_2': 0.9948873266941017, 'epsilon': 2.1023308743480125e-07, 'hidden_layer_sizes': 118, 'learning_rate_init': 0.0018781738757161913, 'tol': 1.1889379831773004e-05, 'validation_fraction': 0.6264327093752792}, {'alpha': 0.04705159350400542, 'batch_size': 158, 'beta_1': 0.9870884262730957, 'beta_2': 0.9999596874382349, 'epsilon': 1.1981845126013875e-08, 'hidden_layer_sizes': 116, 'learning_rate_init': 0.00617340520407431, 'tol': 1.741413418158619e-05, 'validation_fraction': 0.6754299026638921}], [29083.993548572587, 29062.423277324073, 29075.78987471409, 24626.32866834337, 9584.226858493177])
Signature errors:
                              0         1         2         3         4       max
MLP-adam_diabetes_mse  0.000007  0.000008  0.000003  0.003558  0.004952  0.004952
max                    0.000007  0.000008  0.000003  0.003558  0.004952  0.004952
starting sklearn study opentuner MLP-adam diabetes mse 15 1
with data root: None
suggestion time taken 0.017881 iter 0 next_points [{'hidden_layer_sizes': 174, 'alpha': 0.1121786012870744, 'batch_size': 198, 'learning_rate_init': 0.005789593780377734, 'tol': 0.0361034869938705, 'validation_fraction': 0.5447671848223345, 'beta_1': 0.7050198557336507, 'beta_2': 0.9506227063326279, 'epsilon': 2.3975793364602773e-07}]
/home/ryedida/.local/lib/python3.9/site-packages/sklearn/neural_network/_multilayer_perceptron.py:605: UserWarning: Got `batch_size` less than 1 or larger than sample size. It is going to be clipped
  warnings.warn(

function_evaluation time 0.066109 value 28683.790789 suggestion {'hidden_layer_sizes': 174, 'alpha': 0.1121786012870744, 'batch_size': 198, 'learning_rate_init': 0.005789593780377734, 'tol': 0.0361034869938705, 'validation_fraction': 0.5447671848223345, 'beta_1': 0.7050198557336507, 'beta_2': 0.9506227063326279, 'epsilon': 2.3975793364602773e-07}
observation time 0.004337, current best 28683.790789 at iter 0
suggestion time taken 0.021746 iter 1 next_points [{'epsilon': 8.62352436043461e-07, 'beta_1': 0.5831916872122618, 'learning_rate_init': 0.03706382378436073, 'alpha': 0.6523019910664597, 'beta_2': 0.9379119881421812, 'hidden_layer_sizes': 151, 'batch_size': 137, 'validation_fraction': 0.399523656469954, 'tol': 0.07101993486258566}]
function_evaluation time 0.169767 value 3501.994153 suggestion {'epsilon': 8.62352436043461e-07, 'beta_1': 0.5831916872122618, 'learning_rate_init': 0.03706382378436073, 'alpha': 0.6523019910664597, 'beta_2': 0.9379119881421812, 'hidden_layer_sizes': 151, 'batch_size': 137, 'validation_fraction': 0.399523656469954, 'tol': 0.07101993486258566}
observation time 0.001848, current best 3501.994153 at iter 1
suggestion time taken 0.006754 iter 2 next_points [{'epsilon': 8.62352436043461e-07, 'beta_1': 0.5831916872122618, 'learning_rate_init': 0.03706382378436073, 'alpha': 0.6523019910664597, 'beta_2': 0.9379119881421812, 'hidden_layer_sizes': 158, 'batch_size': 137, 'validation_fraction': 0.399523656469954, 'tol': 0.07101993486258566}]
function_evaluation time 0.174176 value 3561.903250 suggestion {'epsilon': 8.62352436043461e-07, 'beta_1': 0.5831916872122618, 'learning_rate_init': 0.03706382378436073, 'alpha': 0.6523019910664597, 'beta_2': 0.9379119881421812, 'hidden_layer_sizes': 158, 'batch_size': 137, 'validation_fraction': 0.399523656469954, 'tol': 0.07101993486258566}
observation time 0.002156, current best 3501.994153 at iter 2
suggestion time taken 0.046512 iter 3 next_points [{'hidden_layer_sizes': 57, 'tol': 0.0918950231632653, 'epsilon': 9.613779205225039e-07, 'batch_size': 242, 'beta_1': 0.8080713891107667, 'learning_rate_init': 0.08620392889900878, 'alpha': 2.159517066224233, 'beta_2': 0.956412634663999, 'validation_fraction': 0.24403076181747194}]
function_evaluation time 0.128314 value 3880.690280 suggestion {'hidden_layer_sizes': 57, 'tol': 0.0918950231632653, 'epsilon': 9.613779205225039e-07, 'batch_size': 242, 'beta_1': 0.8080713891107667, 'learning_rate_init': 0.08620392889900878, 'alpha': 2.159517066224233, 'beta_2': 0.956412634663999, 'validation_fraction': 0.24403076181747194}
observation time 0.001867, current best 3501.994153 at iter 3
suggestion time taken 0.005951 iter 4 next_points [{'epsilon': 7.860598677805465e-07, 'beta_1': 0.5273397090209958, 'learning_rate_init': 0.05889407585135047, 'alpha': 8.826876893965704, 'beta_2': 0.9890620314375751, 'hidden_layer_sizes': 79, 'batch_size': 161, 'validation_fraction': 0.7268222970697444, 'tol': 0.09853230007441242}]
/home/ryedida/.local/lib/python3.9/site-packages/sklearn/neural_network/_multilayer_perceptron.py:605: UserWarning: Got `batch_size` less than 1 or larger than sample size. It is going to be clipped
  warnings.warn(

function_evaluation time 0.118230 value 3755.502846 suggestion {'epsilon': 7.860598677805465e-07, 'beta_1': 0.5273397090209958, 'learning_rate_init': 0.05889407585135047, 'alpha': 8.826876893965704, 'beta_2': 0.9890620314375751, 'hidden_layer_sizes': 79, 'batch_size': 161, 'validation_fraction': 0.7268222970697444, 'tol': 0.09853230007441242}
observation time 0.001935, current best 3501.994153 at iter 4
suggestion time taken 0.006624 iter 5 next_points [{'epsilon': 8.62352436043461e-07, 'beta_1': 0.5831916872122618, 'learning_rate_init': 0.03706382378436073, 'alpha': 0.6523019910664597, 'beta_2': 0.9379119881421812, 'hidden_layer_sizes': 151, 'batch_size': 106, 'validation_fraction': 0.399523656469954, 'tol': 0.07101993486258566}]
function_evaluation time 0.170020 value 3411.538232 suggestion {'epsilon': 8.62352436043461e-07, 'beta_1': 0.5831916872122618, 'learning_rate_init': 0.03706382378436073, 'alpha': 0.6523019910664597, 'beta_2': 0.9379119881421812, 'hidden_layer_sizes': 151, 'batch_size': 106, 'validation_fraction': 0.399523656469954, 'tol': 0.07101993486258566}
observation time 0.001803, current best 3411.538232 at iter 5
suggestion time taken 0.007086 iter 6 next_points [{'epsilon': 8.62352436043461e-07, 'beta_1': 0.5831916872122618, 'learning_rate_init': 0.05240362886365373, 'alpha': 0.2824483419043217, 'beta_2': 0.9379119881421812, 'hidden_layer_sizes': 151, 'batch_size': 106, 'validation_fraction': 0.399523656469954, 'tol': 0.0731888255739827}]
function_evaluation time 0.143024 value 3319.740197 suggestion {'epsilon': 8.62352436043461e-07, 'beta_1': 0.5831916872122618, 'learning_rate_init': 0.05240362886365373, 'alpha': 0.2824483419043217, 'beta_2': 0.9379119881421812, 'hidden_layer_sizes': 151, 'batch_size': 106, 'validation_fraction': 0.399523656469954, 'tol': 0.0731888255739827}
observation time 0.001977, current best 3319.740197 at iter 6
suggestion time taken 0.007463 iter 7 next_points [{'epsilon': 8.62352436043461e-07, 'beta_1': 0.5872614246993411, 'learning_rate_init': 0.025860182272139532, 'alpha': 0.2824483419043217, 'beta_2': 0.9379119881421812, 'hidden_layer_sizes': 180, 'batch_size': 138, 'validation_fraction': 0.399523656469954, 'tol': 0.06905525812943629}]
function_evaluation time 0.211323 value 3762.654306 suggestion {'epsilon': 8.62352436043461e-07, 'beta_1': 0.5872614246993411, 'learning_rate_init': 0.025860182272139532, 'alpha': 0.2824483419043217, 'beta_2': 0.9379119881421812, 'hidden_layer_sizes': 180, 'batch_size': 138, 'validation_fraction': 0.399523656469954, 'tol': 0.06905525812943629}
observation time 0.001779, current best 3319.740197 at iter 7
suggestion time taken 0.007025 iter 8 next_points [{'epsilon': 9.144363110341326e-07, 'beta_1': 0.5831916872122618, 'learning_rate_init': 0.05240362886365373, 'alpha': 0.2824483419043217, 'beta_2': 0.9379119881421812, 'hidden_layer_sizes': 151, 'batch_size': 106, 'validation_fraction': 0.6374037571602355, 'tol': 0.08269269361559266}]
function_evaluation time 0.145998 value 3755.853062 suggestion {'epsilon': 9.144363110341326e-07, 'beta_1': 0.5831916872122618, 'learning_rate_init': 0.05240362886365373, 'alpha': 0.2824483419043217, 'beta_2': 0.9379119881421812, 'hidden_layer_sizes': 151, 'batch_size': 106, 'validation_fraction': 0.6374037571602355, 'tol': 0.08269269361559266}
observation time 0.001841, current best 3319.740197 at iter 8
suggestion time taken 0.007155 iter 9 next_points [{'epsilon': 8.682421447641909e-07, 'beta_1': 0.5831916872122618, 'learning_rate_init': 0.03391567492112329, 'alpha': 0.2824483419043217, 'beta_2': 0.9379119881421812, 'hidden_layer_sizes': 124, 'batch_size': 106, 'validation_fraction': 0.399523656469954, 'tol': 0.07237565218217205}]
function_evaluation time 0.170752 value 3581.423169 suggestion {'epsilon': 8.682421447641909e-07, 'beta_1': 0.5831916872122618, 'learning_rate_init': 0.03391567492112329, 'alpha': 0.2824483419043217, 'beta_2': 0.9379119881421812, 'hidden_layer_sizes': 124, 'batch_size': 106, 'validation_fraction': 0.399523656469954, 'tol': 0.07237565218217205}
observation time 0.002663, current best 3319.740197 at iter 9
suggestion time taken 0.006791 iter 10 next_points [{'epsilon': 3.183603838938132e-08, 'beta_1': 0.6720564202896775, 'learning_rate_init': 0.03860045558109764, 'alpha': 7.214151842041648, 'beta_2': 0.9339745813364654, 'hidden_layer_sizes': 120, 'batch_size': 116, 'validation_fraction': 0.43901407303037787, 'tol': 0.008787963379777764}]
function_evaluation time 0.190933 value 3499.542253 suggestion {'epsilon': 3.183603838938132e-08, 'beta_1': 0.6720564202896775, 'learning_rate_init': 0.03860045558109764, 'alpha': 7.214151842041648, 'beta_2': 0.9339745813364654, 'hidden_layer_sizes': 120, 'batch_size': 116, 'validation_fraction': 0.43901407303037787, 'tol': 0.008787963379777764}
observation time 0.001805, current best 3319.740197 at iter 10
suggestion time taken 0.006941 iter 11 next_points [{'epsilon': 8.62352436043461e-07, 'beta_1': 0.5831916872122618, 'learning_rate_init': 0.05240362886365373, 'alpha': 0.020425974732973518, 'beta_2': 0.9364372406858444, 'hidden_layer_sizes': 151, 'batch_size': 106, 'validation_fraction': 0.399523656469954, 'tol': 0.0731888255739827}]
function_evaluation time 0.149302 value 3254.187811 suggestion {'epsilon': 8.62352436043461e-07, 'beta_1': 0.5831916872122618, 'learning_rate_init': 0.05240362886365373, 'alpha': 0.020425974732973518, 'beta_2': 0.9364372406858444, 'hidden_layer_sizes': 151, 'batch_size': 106, 'validation_fraction': 0.399523656469954, 'tol': 0.0731888255739827}
observation time 0.001806, current best 3254.187811 at iter 11
suggestion time taken 0.007260 iter 12 next_points [{'epsilon': 8.62352436043461e-07, 'beta_1': 0.5831916872122618, 'learning_rate_init': 0.05513979267426133, 'alpha': 0.06411005589396594, 'beta_2': 0.9364372406858444, 'hidden_layer_sizes': 146, 'batch_size': 106, 'validation_fraction': 0.399523656469954, 'tol': 0.0731888255739827}]
function_evaluation time 0.141575 value 3340.001553 suggestion {'epsilon': 8.62352436043461e-07, 'beta_1': 0.5831916872122618, 'learning_rate_init': 0.05513979267426133, 'alpha': 0.06411005589396594, 'beta_2': 0.9364372406858444, 'hidden_layer_sizes': 146, 'batch_size': 106, 'validation_fraction': 0.399523656469954, 'tol': 0.0731888255739827}
observation time 0.001799, current best 3254.187811 at iter 12
suggestion time taken 0.006985 iter 13 next_points [{'epsilon': 8.62352436043461e-07, 'beta_1': 0.5831916872122618, 'learning_rate_init': 0.0527296518510229, 'alpha': 0.020425974732973518, 'beta_2': 0.9364372406858444, 'hidden_layer_sizes': 167, 'batch_size': 106, 'validation_fraction': 0.33427234258893523, 'tol': 0.0731888255739827}]
function_evaluation time 0.151259 value 3287.847548 suggestion {'epsilon': 8.62352436043461e-07, 'beta_1': 0.5831916872122618, 'learning_rate_init': 0.0527296518510229, 'alpha': 0.020425974732973518, 'beta_2': 0.9364372406858444, 'hidden_layer_sizes': 167, 'batch_size': 106, 'validation_fraction': 0.33427234258893523, 'tol': 0.0731888255739827}
observation time 0.002096, current best 3254.187811 at iter 13
suggestion time taken 0.007069 iter 14 next_points [{'epsilon': 9.25975552374363e-07, 'beta_1': 0.5831916872122618, 'learning_rate_init': 0.05240362886365373, 'alpha': 0.020425974732973518, 'beta_2': 0.9364372406858444, 'hidden_layer_sizes': 132, 'batch_size': 106, 'validation_fraction': 0.399523656469954, 'tol': 0.0731888255739827}]
function_evaluation time 0.141796 value 3383.695557 suggestion {'epsilon': 9.25975552374363e-07, 'beta_1': 0.5831916872122618, 'learning_rate_init': 0.05240362886365373, 'alpha': 0.020425974732973518, 'beta_2': 0.9364372406858444, 'hidden_layer_sizes': 132, 'batch_size': 106, 'validation_fraction': 0.399523656469954, 'tol': 0.0731888255739827}
observation time 0.001876, current best 3254.187811 at iter 14
saving meta data: {'args': {'--uuid': '6ac3405cb43a527eb16fd13a0d5297c6', '-db-root': '/home/ryedida/bbo_challenge_starter_kit/output', '--opt-root': '/home/ryedida/bbo_challenge_starter_kit/example_submissions', '--data-root': None, '--db': 'run_20230425_055340', '--opt': 'opentuner', '--data': 'diabetes', '--classifier': 'MLP-adam', '--metric': 'mse', '--calls': 15, '--suggestions': 1, '--jobs-file': None, '--verbose': False, 'dry_run': False, 'rev': 'a376313', 'opt_rev': '0.8.8'}, 'signature': ([{'alpha': 0.019628224813442792, 'batch_size': 182, 'beta_1': 0.9410202200271762, 'beta_2': 0.9998021557676793, 'epsilon': 1.8662266976518e-08, 'hidden_layer_sizes': 147, 'learning_rate_init': 0.0005627932047415167, 'tol': 0.03690557729213761, 'validation_fraction': 0.8846827852548593}, {'alpha': 0.0019982467392329444, 'batch_size': 200, 'beta_1': 0.919111482530466, 'beta_2': 0.9998488260436156, 'epsilon': 5.981221901152555e-07, 'hidden_layer_sizes': 61, 'learning_rate_init': 2.2310905607443014e-05, 'tol': 1.2046852412030316e-05, 'validation_fraction': 0.8117896445826539}, {'alpha': 0.46659545670218433, 'batch_size': 219, 'beta_1': 0.9889789783750891, 'beta_2': 0.9999896868093284, 'epsilon': 2.4234724484675948e-08, 'hidden_layer_sizes': 167, 'learning_rate_init': 2.972334644335654e-05, 'tol': 0.0036281404040243792, 'validation_fraction': 0.17260651658522078}, {'alpha': 4.656005689076002, 'batch_size': 135, 'beta_1': 0.870503881627747, 'beta_2': 0.9948873266941017, 'epsilon': 2.1023308743480125e-07, 'hidden_layer_sizes': 118, 'learning_rate_init': 0.0018781738757161913, 'tol': 1.1889379831773004e-05, 'validation_fraction': 0.6264327093752792}, {'alpha': 0.04705159350400542, 'batch_size': 158, 'beta_1': 0.9870884262730957, 'beta_2': 0.9999596874382349, 'epsilon': 1.1981845126013875e-08, 'hidden_layer_sizes': 116, 'learning_rate_init': 0.00617340520407431, 'tol': 1.741413418158619e-05, 'validation_fraction': 0.6754299026638921}], [29083.993548572587, 29062.423277324073, 29075.78987471409, 24626.32866834337, 9584.226858493177])}
saving results
saving timing
saving suggest log
done
