running: {'--uuid': '58818b2b2ff35d21a8f6c27e458359d2', '-db-root': '/home/ryedida/bbo_challenge_starter_kit/output', '--opt-root': '/home/ryedida/bbo_challenge_starter_kit/example_submissions', '--data-root': None, '--db': 'run_20230427_004608', '--opt': 'random-search', '--data': 'diabetes', '--classifier': 'MLP-adam', '--metric': 'mae', '--calls': 15, '--suggestions': 1, '--jobs-file': None, '--verbose': False, 'dry_run': False, 'rev': 'a376313', 'opt_rev': '0.0.8'}
cmd: python random-search/optimizer.py -c MLP-adam -d diabetes -o random-search -u 58818b2b2ff35d21a8f6c27e458359d2 -m mae -n 15 -p 1 -dir /home/ryedida/bbo_challenge_starter_kit/output -b run_20230427_004608
/home/ryedida/.local/lib/python3.9/site-packages/sklearn/neural_network/_multilayer_perceptron.py:605: UserWarning: Got `batch_size` less than 1 or larger than sample size. It is going to be clipped
  warnings.warn(

/home/ryedida/.local/lib/python3.9/site-packages/sklearn/neural_network/_multilayer_perceptron.py:605: UserWarning: Got `batch_size` less than 1 or larger than sample size. It is going to be clipped
  warnings.warn(

/home/ryedida/.local/lib/python3.9/site-packages/sklearn/neural_network/_multilayer_perceptron.py:605: UserWarning: Got `batch_size` less than 1 or larger than sample size. It is going to be clipped
  warnings.warn(

/home/ryedida/.local/lib/python3.9/site-packages/sklearn/neural_network/_multilayer_perceptron.py:686: ConvergenceWarning: Stochastic Optimizer: Maximum iterations (200) reached and the optimization hasn't converged yet.
  warnings.warn(

/home/ryedida/.local/lib/python3.9/site-packages/sklearn/neural_network/_multilayer_perceptron.py:605: UserWarning: Got `batch_size` less than 1 or larger than sample size. It is going to be clipped
  warnings.warn(

/home/ryedida/.local/lib/python3.9/site-packages/sklearn/neural_network/_multilayer_perceptron.py:686: ConvergenceWarning: Stochastic Optimizer: Maximum iterations (200) reached and the optimization hasn't converged yet.
  warnings.warn(

computed signature: ([{'alpha': 0.019628224813442792, 'batch_size': 182, 'beta_1': 0.9410202200271762, 'beta_2': 0.9998021557676793, 'epsilon': 1.8662266976518e-08, 'hidden_layer_sizes': 147, 'learning_rate_init': 0.0005627932047415167, 'tol': 0.03690557729213761, 'validation_fraction': 0.8846827852548593}, {'alpha': 0.0019982467392329444, 'batch_size': 200, 'beta_1': 0.919111482530466, 'beta_2': 0.9998488260436156, 'epsilon': 5.981221901152555e-07, 'hidden_layer_sizes': 61, 'learning_rate_init': 2.2310905607443014e-05, 'tol': 1.2046852412030316e-05, 'validation_fraction': 0.8117896445826539}, {'alpha': 0.46659545670218433, 'batch_size': 219, 'beta_1': 0.9889789783750891, 'beta_2': 0.9999896868093284, 'epsilon': 2.4234724484675948e-08, 'hidden_layer_sizes': 167, 'learning_rate_init': 2.972334644335654e-05, 'tol': 0.0036281404040243792, 'validation_fraction': 0.17260651658522078}, {'alpha': 4.656005689076002, 'batch_size': 135, 'beta_1': 0.870503881627747, 'beta_2': 0.9948873266941017, 'epsilon': 2.1023308743480125e-07, 'hidden_layer_sizes': 118, 'learning_rate_init': 0.0018781738757161913, 'tol': 1.1889379831773004e-05, 'validation_fraction': 0.6264327093752792}, {'alpha': 0.04705159350400542, 'batch_size': 158, 'beta_1': 0.9870884262730957, 'beta_2': 0.9999596874382349, 'epsilon': 1.1981845126013875e-08, 'hidden_layer_sizes': 116, 'learning_rate_init': 0.00617340520407431, 'tol': 1.741413418158619e-05, 'validation_fraction': 0.6754299026638921}], [151.4971925380264, 151.42763539278994, 151.47026299046811, 136.86202504264318, 75.2055865763391])
Signature errors:
                                  0             1             2         3         4       max
MLP-adam_diabetes_mae  1.919244e-08  6.198704e-08  7.624578e-09  0.000007  0.000034  0.000034
max                    1.919244e-08  6.198704e-08  7.624578e-09  0.000007  0.000034  0.000034
starting sklearn study random-search MLP-adam diabetes mae 15 1
with data root: None
suggestion time taken 0.002459 iter 0 next_points [{'alpha': 7.198921507545772e-05, 'batch_size': 246, 'beta_1': 0.9695618984614769, 'beta_2': 0.9999795010248801, 'epsilon': 2.1168789935475552e-09, 'hidden_layer_sizes': 87, 'learning_rate_init': 0.005606673698923786, 'tol': 0.019911317668618048, 'validation_fraction': 0.8966393841280871}]
/home/ryedida/.local/lib/python3.9/site-packages/sklearn/neural_network/_multilayer_perceptron.py:605: UserWarning: Got `batch_size` less than 1 or larger than sample size. It is going to be clipped
  warnings.warn(

function_evaluation time 0.045858 value 150.701088 suggestion {'alpha': 7.198921507545772e-05, 'batch_size': 246, 'beta_1': 0.9695618984614769, 'beta_2': 0.9999795010248801, 'epsilon': 2.1168789935475552e-09, 'hidden_layer_sizes': 87, 'learning_rate_init': 0.005606673698923786, 'tol': 0.019911317668618048, 'validation_fraction': 0.8966393841280871}
observation time 0.000006, current best 150.701088 at iter 0
suggestion time taken 0.002831 iter 1 next_points [{'alpha': 9.002101571611863e-05, 'batch_size': 188, 'beta_1': 0.9889085909207236, 'beta_2': 0.9999729148958598, 'epsilon': 1.3036838843426458e-09, 'hidden_layer_sizes': 90, 'learning_rate_init': 0.002101111268029127, 'tol': 0.00018421954037471604, 'validation_fraction': 0.20973543100238237}]
/home/ryedida/.local/lib/python3.9/site-packages/sklearn/neural_network/_multilayer_perceptron.py:686: ConvergenceWarning: Stochastic Optimizer: Maximum iterations (200) reached and the optimization hasn't converged yet.
  warnings.warn(

function_evaluation time 1.017403 value 112.839109 suggestion {'alpha': 9.002101571611863e-05, 'batch_size': 188, 'beta_1': 0.9889085909207236, 'beta_2': 0.9999729148958598, 'epsilon': 1.3036838843426458e-09, 'hidden_layer_sizes': 90, 'learning_rate_init': 0.002101111268029127, 'tol': 0.00018421954037471604, 'validation_fraction': 0.20973543100238237}
observation time 0.000004, current best 112.839109 at iter 1
suggestion time taken 0.002465 iter 2 next_points [{'alpha': 0.10212429015525876, 'batch_size': 21, 'beta_1': 0.9795033456243017, 'beta_2': 0.999939057989627, 'epsilon': 4.0896589730386707e-07, 'hidden_layer_sizes': 105, 'learning_rate_init': 0.00027498037532398036, 'tol': 0.045554975927817834, 'validation_fraction': 0.5485358973287686}]
function_evaluation time 0.132235 value 151.265588 suggestion {'alpha': 0.10212429015525876, 'batch_size': 21, 'beta_1': 0.9795033456243017, 'beta_2': 0.999939057989627, 'epsilon': 4.0896589730386707e-07, 'hidden_layer_sizes': 105, 'learning_rate_init': 0.00027498037532398036, 'tol': 0.045554975927817834, 'validation_fraction': 0.5485358973287686}
observation time 0.000005, current best 112.839109 at iter 2
suggestion time taken 0.002542 iter 3 next_points [{'alpha': 0.44541470076882217, 'batch_size': 100, 'beta_1': 0.9651914428791415, 'beta_2': 0.9999706775424788, 'epsilon': 5.992955451345132e-07, 'hidden_layer_sizes': 73, 'learning_rate_init': 0.00026423047172824025, 'tol': 0.007876618191631038, 'validation_fraction': 0.8957058910149447}]
/home/ryedida/.local/lib/python3.9/site-packages/sklearn/neural_network/_multilayer_perceptron.py:605: UserWarning: Got `batch_size` less than 1 or larger than sample size. It is going to be clipped
  warnings.warn(

function_evaluation time 0.046243 value 151.413855 suggestion {'alpha': 0.44541470076882217, 'batch_size': 100, 'beta_1': 0.9651914428791415, 'beta_2': 0.9999706775424788, 'epsilon': 5.992955451345132e-07, 'hidden_layer_sizes': 73, 'learning_rate_init': 0.00026423047172824025, 'tol': 0.007876618191631038, 'validation_fraction': 0.8957058910149447}
observation time 0.000005, current best 112.839109 at iter 3
suggestion time taken 0.002401 iter 4 next_points [{'alpha': 0.3193276212554153, 'batch_size': 197, 'beta_1': 0.9697707925171903, 'beta_2': 0.9999902576095366, 'epsilon': 1.3849792166264627e-07, 'hidden_layer_sizes': 135, 'learning_rate_init': 0.00048508501471652526, 'tol': 0.023262107393345402, 'validation_fraction': 0.8549925785191311}]
/home/ryedida/.local/lib/python3.9/site-packages/sklearn/neural_network/_multilayer_perceptron.py:605: UserWarning: Got `batch_size` less than 1 or larger than sample size. It is going to be clipped
  warnings.warn(

function_evaluation time 0.051487 value 151.607973 suggestion {'alpha': 0.3193276212554153, 'batch_size': 197, 'beta_1': 0.9697707925171903, 'beta_2': 0.9999902576095366, 'epsilon': 1.3849792166264627e-07, 'hidden_layer_sizes': 135, 'learning_rate_init': 0.00048508501471652526, 'tol': 0.023262107393345402, 'validation_fraction': 0.8549925785191311}
observation time 0.000004, current best 112.839109 at iter 4
suggestion time taken 0.002754 iter 5 next_points [{'alpha': 0.00021513831371716778, 'batch_size': 19, 'beta_1': 0.9674793136669814, 'beta_2': 0.9963471133148566, 'epsilon': 3.189548361033662e-09, 'hidden_layer_sizes': 87, 'learning_rate_init': 0.07862552272075814, 'tol': 0.0004814177597752467, 'validation_fraction': 0.4157754421726863}]
function_evaluation time 0.310777 value 44.083387 suggestion {'alpha': 0.00021513831371716778, 'batch_size': 19, 'beta_1': 0.9674793136669814, 'beta_2': 0.9963471133148566, 'epsilon': 3.189548361033662e-09, 'hidden_layer_sizes': 87, 'learning_rate_init': 0.07862552272075814, 'tol': 0.0004814177597752467, 'validation_fraction': 0.4157754421726863}
observation time 0.000004, current best 44.083387 at iter 5
suggestion time taken 0.002774 iter 6 next_points [{'alpha': 3.780575847567254, 'batch_size': 212, 'beta_1': 0.796830642806345, 'beta_2': 0.9997723508814635, 'epsilon': 1.3855611102520547e-07, 'hidden_layer_sizes': 61, 'learning_rate_init': 0.006172874061339198, 'tol': 0.021182588918830608, 'validation_fraction': 0.7637768174416053}]
/home/ryedida/.local/lib/python3.9/site-packages/sklearn/neural_network/_multilayer_perceptron.py:605: UserWarning: Got `batch_size` less than 1 or larger than sample size. It is going to be clipped
  warnings.warn(

function_evaluation time 0.043932 value 150.765882 suggestion {'alpha': 3.780575847567254, 'batch_size': 212, 'beta_1': 0.796830642806345, 'beta_2': 0.9997723508814635, 'epsilon': 1.3855611102520547e-07, 'hidden_layer_sizes': 61, 'learning_rate_init': 0.006172874061339198, 'tol': 0.021182588918830608, 'validation_fraction': 0.7637768174416053}
observation time 0.000005, current best 44.083387 at iter 6
suggestion time taken 0.002453 iter 7 next_points [{'alpha': 4.055971570381437, 'batch_size': 116, 'beta_1': 0.9749527538334225, 'beta_2': 0.998370378810777, 'epsilon': 1.313137335641936e-08, 'hidden_layer_sizes': 157, 'learning_rate_init': 0.032540332978860644, 'tol': 0.002182601693121175, 'validation_fraction': 0.10649073602790435}]
function_evaluation time 0.263734 value 53.235320 suggestion {'alpha': 4.055971570381437, 'batch_size': 116, 'beta_1': 0.9749527538334225, 'beta_2': 0.998370378810777, 'epsilon': 1.313137335641936e-08, 'hidden_layer_sizes': 157, 'learning_rate_init': 0.032540332978860644, 'tol': 0.002182601693121175, 'validation_fraction': 0.10649073602790435}
observation time 0.000004, current best 44.083387 at iter 7
suggestion time taken 0.002468 iter 8 next_points [{'alpha': 0.00022311230227909737, 'batch_size': 198, 'beta_1': 0.8862005917794216, 'beta_2': 0.9998257564718115, 'epsilon': 5.7167456901536754e-09, 'hidden_layer_sizes': 73, 'learning_rate_init': 1.933830212587677e-05, 'tol': 7.109929496445769e-05, 'validation_fraction': 0.1415184122279035}]
function_evaluation time 0.066658 value 151.767449 suggestion {'alpha': 0.00022311230227909737, 'batch_size': 198, 'beta_1': 0.8862005917794216, 'beta_2': 0.9998257564718115, 'epsilon': 5.7167456901536754e-09, 'hidden_layer_sizes': 73, 'learning_rate_init': 1.933830212587677e-05, 'tol': 7.109929496445769e-05, 'validation_fraction': 0.1415184122279035}
observation time 0.000005, current best 44.083387 at iter 8
suggestion time taken 0.002462 iter 9 next_points [{'alpha': 0.3372217459543682, 'batch_size': 140, 'beta_1': 0.9768434920454432, 'beta_2': 0.9798440472440874, 'epsilon': 2.0586292406111548e-07, 'hidden_layer_sizes': 148, 'learning_rate_init': 0.004471165541227308, 'tol': 0.028605450692633358, 'validation_fraction': 0.21255528669774182}]
function_evaluation time 0.084609 value 149.602296 suggestion {'alpha': 0.3372217459543682, 'batch_size': 140, 'beta_1': 0.9768434920454432, 'beta_2': 0.9798440472440874, 'epsilon': 2.0586292406111548e-07, 'hidden_layer_sizes': 148, 'learning_rate_init': 0.004471165541227308, 'tol': 0.028605450692633358, 'validation_fraction': 0.21255528669774182}
observation time 0.000004, current best 44.083387 at iter 9
suggestion time taken 0.002520 iter 10 next_points [{'alpha': 0.0006029396346616388, 'batch_size': 175, 'beta_1': 0.5846714291360908, 'beta_2': 0.9300291051571319, 'epsilon': 2.8146666443468622e-08, 'hidden_layer_sizes': 58, 'learning_rate_init': 3.0318943430192e-05, 'tol': 0.012351346585205784, 'validation_fraction': 0.7601695791565333}]
/home/ryedida/.local/lib/python3.9/site-packages/sklearn/neural_network/_multilayer_perceptron.py:605: UserWarning: Got `batch_size` less than 1 or larger than sample size. It is going to be clipped
  warnings.warn(

function_evaluation time 0.044758 value 151.677402 suggestion {'alpha': 0.0006029396346616388, 'batch_size': 175, 'beta_1': 0.5846714291360908, 'beta_2': 0.9300291051571319, 'epsilon': 2.8146666443468622e-08, 'hidden_layer_sizes': 58, 'learning_rate_init': 3.0318943430192e-05, 'tol': 0.012351346585205784, 'validation_fraction': 0.7601695791565333}
observation time 0.000005, current best 44.083387 at iter 10
suggestion time taken 0.002836 iter 11 next_points [{'alpha': 6.23805517252051e-05, 'batch_size': 220, 'beta_1': 0.9574970723617102, 'beta_2': 0.937680193865399, 'epsilon': 4.153226709891443e-07, 'hidden_layer_sizes': 58, 'learning_rate_init': 0.0006883750289898066, 'tol': 0.0001007736390439204, 'validation_fraction': 0.2638606153870735}]
/home/ryedida/.local/lib/python3.9/site-packages/sklearn/neural_network/_multilayer_perceptron.py:686: ConvergenceWarning: Stochastic Optimizer: Maximum iterations (200) reached and the optimization hasn't converged yet.
  warnings.warn(

function_evaluation time 0.716141 value 150.223680 suggestion {'alpha': 6.23805517252051e-05, 'batch_size': 220, 'beta_1': 0.9574970723617102, 'beta_2': 0.937680193865399, 'epsilon': 4.153226709891443e-07, 'hidden_layer_sizes': 58, 'learning_rate_init': 0.0006883750289898066, 'tol': 0.0001007736390439204, 'validation_fraction': 0.2638606153870735}
observation time 0.000004, current best 44.083387 at iter 11
suggestion time taken 0.002455 iter 12 next_points [{'alpha': 1.1937417397544605, 'batch_size': 103, 'beta_1': 0.7484130029788433, 'beta_2': 0.9334685435285535, 'epsilon': 1.2794774466206184e-07, 'hidden_layer_sizes': 74, 'learning_rate_init': 4.5054033478432563e-05, 'tol': 2.7362258154438297e-05, 'validation_fraction': 0.254041675622308}]
/home/ryedida/.local/lib/python3.9/site-packages/sklearn/neural_network/_multilayer_perceptron.py:686: ConvergenceWarning: Stochastic Optimizer: Maximum iterations (200) reached and the optimization hasn't converged yet.
  warnings.warn(

function_evaluation time 0.759168 value 151.200662 suggestion {'alpha': 1.1937417397544605, 'batch_size': 103, 'beta_1': 0.7484130029788433, 'beta_2': 0.9334685435285535, 'epsilon': 1.2794774466206184e-07, 'hidden_layer_sizes': 74, 'learning_rate_init': 4.5054033478432563e-05, 'tol': 2.7362258154438297e-05, 'validation_fraction': 0.254041675622308}
observation time 0.000005, current best 44.083387 at iter 12
suggestion time taken 0.002472 iter 13 next_points [{'alpha': 1.2328682741450432, 'batch_size': 117, 'beta_1': 0.9718301459604326, 'beta_2': 0.9999298980426532, 'epsilon': 2.2026992764915042e-08, 'hidden_layer_sizes': 172, 'learning_rate_init': 0.0032209481896279305, 'tol': 4.793562247662915e-05, 'validation_fraction': 0.7364754131379191}]
/home/ryedida/.local/lib/python3.9/site-packages/sklearn/neural_network/_multilayer_perceptron.py:605: UserWarning: Got `batch_size` less than 1 or larger than sample size. It is going to be clipped
  warnings.warn(

/home/ryedida/.local/lib/python3.9/site-packages/sklearn/neural_network/_multilayer_perceptron.py:686: ConvergenceWarning: Stochastic Optimizer: Maximum iterations (200) reached and the optimization hasn't converged yet.
  warnings.warn(

function_evaluation time 0.800817 value 108.034796 suggestion {'alpha': 1.2328682741450432, 'batch_size': 117, 'beta_1': 0.9718301459604326, 'beta_2': 0.9999298980426532, 'epsilon': 2.2026992764915042e-08, 'hidden_layer_sizes': 172, 'learning_rate_init': 0.0032209481896279305, 'tol': 4.793562247662915e-05, 'validation_fraction': 0.7364754131379191}
observation time 0.000004, current best 44.083387 at iter 13
suggestion time taken 0.002455 iter 14 next_points [{'alpha': 0.015436536773487441, 'batch_size': 134, 'beta_1': 0.9838308371381951, 'beta_2': 0.9999965350276655, 'epsilon': 7.805383390424437e-09, 'hidden_layer_sizes': 80, 'learning_rate_init': 0.060909056403578486, 'tol': 0.0035938249530866216, 'validation_fraction': 0.1607940233872979}]
function_evaluation time 0.162012 value 55.969201 suggestion {'alpha': 0.015436536773487441, 'batch_size': 134, 'beta_1': 0.9838308371381951, 'beta_2': 0.9999965350276655, 'epsilon': 7.805383390424437e-09, 'hidden_layer_sizes': 80, 'learning_rate_init': 0.060909056403578486, 'tol': 0.0035938249530866216, 'validation_fraction': 0.1607940233872979}
observation time 0.000004, current best 44.083387 at iter 14
saving meta data: {'args': {'--uuid': '58818b2b2ff35d21a8f6c27e458359d2', '-db-root': '/home/ryedida/bbo_challenge_starter_kit/output', '--opt-root': '/home/ryedida/bbo_challenge_starter_kit/example_submissions', '--data-root': None, '--db': 'run_20230427_004608', '--opt': 'random-search', '--data': 'diabetes', '--classifier': 'MLP-adam', '--metric': 'mae', '--calls': 15, '--suggestions': 1, '--jobs-file': None, '--verbose': False, 'dry_run': False, 'rev': 'a376313', 'opt_rev': '0.0.8'}, 'signature': ([{'alpha': 0.019628224813442792, 'batch_size': 182, 'beta_1': 0.9410202200271762, 'beta_2': 0.9998021557676793, 'epsilon': 1.8662266976518e-08, 'hidden_layer_sizes': 147, 'learning_rate_init': 0.0005627932047415167, 'tol': 0.03690557729213761, 'validation_fraction': 0.8846827852548593}, {'alpha': 0.0019982467392329444, 'batch_size': 200, 'beta_1': 0.919111482530466, 'beta_2': 0.9998488260436156, 'epsilon': 5.981221901152555e-07, 'hidden_layer_sizes': 61, 'learning_rate_init': 2.2310905607443014e-05, 'tol': 1.2046852412030316e-05, 'validation_fraction': 0.8117896445826539}, {'alpha': 0.46659545670218433, 'batch_size': 219, 'beta_1': 0.9889789783750891, 'beta_2': 0.9999896868093284, 'epsilon': 2.4234724484675948e-08, 'hidden_layer_sizes': 167, 'learning_rate_init': 2.972334644335654e-05, 'tol': 0.0036281404040243792, 'validation_fraction': 0.17260651658522078}, {'alpha': 4.656005689076002, 'batch_size': 135, 'beta_1': 0.870503881627747, 'beta_2': 0.9948873266941017, 'epsilon': 2.1023308743480125e-07, 'hidden_layer_sizes': 118, 'learning_rate_init': 0.0018781738757161913, 'tol': 1.1889379831773004e-05, 'validation_fraction': 0.6264327093752792}, {'alpha': 0.04705159350400542, 'batch_size': 158, 'beta_1': 0.9870884262730957, 'beta_2': 0.9999596874382349, 'epsilon': 1.1981845126013875e-08, 'hidden_layer_sizes': 116, 'learning_rate_init': 0.00617340520407431, 'tol': 1.741413418158619e-05, 'validation_fraction': 0.6754299026638921}], [151.4971925380264, 151.42763539278994, 151.47026299046811, 136.86202504264318, 75.2055865763391])}
saving results
saving timing
saving suggest log
done
